trn -- size:4000,  avg_surf_len: 9.84, avg_feat_len: 10.20, avg_root_len: 4.21 
Pos tag Verb: 0.92, count: 3669
Pos tag Noun: 0.05, count: 208
Pos tag Adj: 0.02, count: 97
Pos tag Pron: 0.00, count: 09
Pos tag Ques: 0.00, count: 08
Pos tag Postp: 0.00, count: 07
Pos tag Num: 0.00, count: 02
Polarity tag Pos: 0.77, count: 3064 
Polarity tag Neg: 0.19, count: 746 
Polarity tag <unk>: 0.05, count: 190 
Tense tag Aor: 0.25, count: 1000 
Tense tag Narr: 0.25, count: 1000 
Tense tag Past: 0.25, count: 1000 
Tense tag Prog1: 0.25, count: 1000 
Surfpos tag Verb: 1.00, count: 3992 
Surfpos tag Ques: 0.00, count: 08 
val -- size:361,  avg_surf_len: 10.47, avg_feat_len: 10.62, avg_root_len: 4.33 
Pos tag Verb: 0.93, count: 334
Pos tag Noun: 0.04, count: 14
Pos tag Adj: 0.04, count: 13
Polarity tag Pos: 0.74, count: 267 
Polarity tag Neg: 0.22, count: 81 
Polarity tag <unk>: 0.04, count: 13 
Tense tag Aor: 0.28, count: 100 
Tense tag Past: 0.28, count: 100 
Tense tag Prog1: 0.28, count: 100 
Tense tag Narr: 0.17, count: 61 
Surfpos tag Verb: 1.00, count: 361 

number of params: 5120 
Namespace(axs=array([<matplotlib.axes._subplots.AxesSubplot object at 0x7fc8eb308c10>,
       <matplotlib.axes._subplots.AxesSubplot object at 0x7fc8e1382910>],
      dtype=object), basemodel='models/ae/trmor_agg0_kls0.00_warm10_0_1.pt', batchsize=128, bidirectional=False, bmodel='ae_original_nosuffix', clip_grad=5.0, dec_dropout_in=0.0, dec_dropout_out=0.0, dec_nh=1024, device='cuda', enc_dropout_in=0.0, enc_nh=1024, epochs=50, fig=<Figure size 640x480 with 2 Axes>, fig_path='logs/surf2tense/ae_original_nosuffix/4000_instances/50epochs.png', freeze_decoder=True, freeze_encoder=True, is_clip_grad=False, log_path='logs/surf2tense/ae_original_nosuffix/4000_instances/50epochs.log', logger=<utils.Logger object at 0x7fc8e1238350>, lr=0.01, maxtrnsize=57769, maxtstsize=8517, maxvalsize=8329, model=VAE(
  (encoder): LSTMEncoder(
    (embed): Embedding(35, 512)
    (lstm): LSTM(512, 1024, batch_first=True)
    (dropout_in): Dropout(p=0.0, inplace=False)
    (linear): None
  )
  (decoder): None
  (probe_linear): Linear(in_features=1024, out_features=5, bias=False)
  (closs): CrossEntropyLoss()
), modelname='logs/surf2tense/ae_original_nosuffix/4000_instances', ni=512, nz=32, opt='Adam', plt_style='-', reset_decoder=False, reset_encoder=False, save_path='logs/surf2tense/ae_original_nosuffix/4000_instances/50epochs.pt', seq_to_no_pad='surface', surface_vocab_file='trmor_data/trmor2018.nosuffixwords.trn.txt', task='surf2tense', trndata='trmor_data/tense/tense.uniquesurfs.trn.txt', trnsize=4000, tstsize=0, valdata='trmor_data/tense/tense.uniquesurfs.val.txt', valsize=361)

encoder.embed.weight, torch.Size([35, 512]): False
encoder.lstm.weight_ih_l0, torch.Size([4096, 512]): False
encoder.lstm.weight_hh_l0, torch.Size([4096, 1024]): False
encoder.lstm.bias_ih_l0, torch.Size([4096]): False
encoder.lstm.bias_hh_l0, torch.Size([4096]): False
probe_linear.weight, torch.Size([5, 1024]): True
epoch: 0 avg_loss: 86.8144, ppl: 2.7138, acc: 0.7037 
epoch correct: 2815 epoch wrong: 1185 epoch_num_tokens: 4000 
val --- avg_loss: 14.7163, ppl: 1.9997, acc: 0.8310  
epoch correct: 300 epoch wrong: 61 epoch_num_tokens: 361 
update best loss 

epoch: 1 avg_loss: 45.8595, ppl: 1.6945, acc: 0.8650 
epoch correct: 3460 epoch wrong: 540 epoch_num_tokens: 4000 
val --- avg_loss: 11.4439, ppl: 1.7141, acc: 0.8781  
epoch correct: 317 epoch wrong: 44 epoch_num_tokens: 361 
update best loss 

epoch: 2 avg_loss: 35.3721, ppl: 1.5020, acc: 0.8988 
epoch correct: 3595 epoch wrong: 405 epoch_num_tokens: 4000 
val --- avg_loss: 9.8019, ppl: 1.5866, acc: 0.9003  
epoch correct: 325 epoch wrong: 36 epoch_num_tokens: 361 
update best loss 

epoch: 3 avg_loss: 29.8970, ppl: 1.4103, acc: 0.9125 
epoch correct: 3650 epoch wrong: 350 epoch_num_tokens: 4000 
val --- avg_loss: 8.9606, ppl: 1.5250, acc: 0.9058  
epoch correct: 327 epoch wrong: 34 epoch_num_tokens: 361 
update best loss 

epoch: 4 avg_loss: 26.1077, ppl: 1.3502, acc: 0.9230 
epoch correct: 3692 epoch wrong: 308 epoch_num_tokens: 4000 
val --- avg_loss: 8.1737, ppl: 1.4695, acc: 0.9169  
epoch correct: 331 epoch wrong: 30 epoch_num_tokens: 361 
update best loss 

epoch: 5 avg_loss: 23.4416, ppl: 1.3094, acc: 0.9287 
epoch correct: 3715 epoch wrong: 285 epoch_num_tokens: 4000 
val --- avg_loss: 7.8985, ppl: 1.4506, acc: 0.9197  
epoch correct: 332 epoch wrong: 29 epoch_num_tokens: 361 
update best loss 

epoch: 6 avg_loss: 21.9648, ppl: 1.2874, acc: 0.9273 
epoch correct: 3709 epoch wrong: 291 epoch_num_tokens: 4000 
val --- avg_loss: 7.4430, ppl: 1.4198, acc: 0.9252  
epoch correct: 334 epoch wrong: 27 epoch_num_tokens: 361 
update best loss 

epoch: 7 avg_loss: 20.2180, ppl: 1.2618, acc: 0.9375 
epoch correct: 3750 epoch wrong: 250 epoch_num_tokens: 4000 
val --- avg_loss: 7.1486, ppl: 1.4002, acc: 0.9307  
epoch correct: 336 epoch wrong: 25 epoch_num_tokens: 361 
update best loss 

epoch: 8 avg_loss: 18.9873, ppl: 1.2440, acc: 0.9377 
epoch correct: 3751 epoch wrong: 249 epoch_num_tokens: 4000 
val --- avg_loss: 6.9001, ppl: 1.3839, acc: 0.9307  
epoch correct: 336 epoch wrong: 25 epoch_num_tokens: 361 
update best loss 

epoch: 9 avg_loss: 18.3197, ppl: 1.2345, acc: 0.9427 
epoch correct: 3771 epoch wrong: 229 epoch_num_tokens: 4000 
val --- avg_loss: 6.7511, ppl: 1.3743, acc: 0.9280  
epoch correct: 335 epoch wrong: 26 epoch_num_tokens: 361 
update best loss 

epoch: 10 avg_loss: 17.1613, ppl: 1.2182, acc: 0.9470 
epoch correct: 3788 epoch wrong: 212 epoch_num_tokens: 4000 
val --- avg_loss: 6.4349, ppl: 1.3540, acc: 0.9307  
epoch correct: 336 epoch wrong: 25 epoch_num_tokens: 361 
update best loss 

epoch: 11 avg_loss: 16.2748, ppl: 1.2058, acc: 0.9487 
epoch correct: 3795 epoch wrong: 205 epoch_num_tokens: 4000 
val --- avg_loss: 6.2578, ppl: 1.3427, acc: 0.9280  
epoch correct: 335 epoch wrong: 26 epoch_num_tokens: 361 
update best loss 

epoch: 12 avg_loss: 15.7769, ppl: 1.1989, acc: 0.9507 
epoch correct: 3803 epoch wrong: 197 epoch_num_tokens: 4000 
val --- avg_loss: 6.0198, ppl: 1.3277, acc: 0.9391  
epoch correct: 339 epoch wrong: 22 epoch_num_tokens: 361 
update best loss 

epoch: 13 avg_loss: 15.2079, ppl: 1.1911, acc: 0.9527 
epoch correct: 3811 epoch wrong: 189 epoch_num_tokens: 4000 
val --- avg_loss: 5.9261, ppl: 1.3219, acc: 0.9391  
epoch correct: 339 epoch wrong: 22 epoch_num_tokens: 361 
update best loss 

epoch: 14 avg_loss: 14.6666, ppl: 1.1837, acc: 0.9525 
epoch correct: 3810 epoch wrong: 190 epoch_num_tokens: 4000 
val --- avg_loss: 5.6984, ppl: 1.3078, acc: 0.9363  
epoch correct: 338 epoch wrong: 23 epoch_num_tokens: 361 
update best loss 

epoch: 15 avg_loss: 14.1374, ppl: 1.1765, acc: 0.9560 
epoch correct: 3824 epoch wrong: 176 epoch_num_tokens: 4000 
val --- avg_loss: 5.5398, ppl: 1.2981, acc: 0.9474  
epoch correct: 342 epoch wrong: 19 epoch_num_tokens: 361 
update best loss 

epoch: 16 avg_loss: 13.7391, ppl: 1.1712, acc: 0.9560 
epoch correct: 3824 epoch wrong: 176 epoch_num_tokens: 4000 
val --- avg_loss: 5.3437, ppl: 1.2861, acc: 0.9474  
epoch correct: 342 epoch wrong: 19 epoch_num_tokens: 361 
update best loss 

epoch: 17 avg_loss: 13.2416, ppl: 1.1645, acc: 0.9573 
epoch correct: 3829 epoch wrong: 171 epoch_num_tokens: 4000 
val --- avg_loss: 5.3550, ppl: 1.2868, acc: 0.9501  
epoch correct: 343 epoch wrong: 18 epoch_num_tokens: 361 

epoch: 18 avg_loss: 12.9280, ppl: 1.1603, acc: 0.9567 
epoch correct: 3827 epoch wrong: 173 epoch_num_tokens: 4000 
val --- avg_loss: 5.1714, ppl: 1.2757, acc: 0.9501  
epoch correct: 343 epoch wrong: 18 epoch_num_tokens: 361 
update best loss 

epoch: 19 avg_loss: 12.4493, ppl: 1.1539, acc: 0.9615 
epoch correct: 3846 epoch wrong: 154 epoch_num_tokens: 4000 
val --- avg_loss: 5.0185, ppl: 1.2666, acc: 0.9529  
epoch correct: 344 epoch wrong: 17 epoch_num_tokens: 361 
update best loss 

epoch: 20 avg_loss: 12.2692, ppl: 1.1515, acc: 0.9597 
epoch correct: 3839 epoch wrong: 161 epoch_num_tokens: 4000 
val --- avg_loss: 4.8829, ppl: 1.2585, acc: 0.9529  
epoch correct: 344 epoch wrong: 17 epoch_num_tokens: 361 
update best loss 

epoch: 21 avg_loss: 11.8657, ppl: 1.1462, acc: 0.9625 
epoch correct: 3850 epoch wrong: 150 epoch_num_tokens: 4000 
val --- avg_loss: 4.8844, ppl: 1.2586, acc: 0.9529  
epoch correct: 344 epoch wrong: 17 epoch_num_tokens: 361 

epoch: 22 avg_loss: 11.5596, ppl: 1.1422, acc: 0.9645 
epoch correct: 3858 epoch wrong: 142 epoch_num_tokens: 4000 
val --- avg_loss: 4.7156, ppl: 1.2487, acc: 0.9501  
epoch correct: 343 epoch wrong: 18 epoch_num_tokens: 361 
update best loss 

epoch: 23 avg_loss: 11.3457, ppl: 1.1394, acc: 0.9647 
epoch correct: 3859 epoch wrong: 141 epoch_num_tokens: 4000 
val --- avg_loss: 4.5591, ppl: 1.2395, acc: 0.9501  
epoch correct: 343 epoch wrong: 18 epoch_num_tokens: 361 
update best loss 

epoch: 24 avg_loss: 10.9910, ppl: 1.1347, acc: 0.9650 
epoch correct: 3860 epoch wrong: 140 epoch_num_tokens: 4000 
val --- avg_loss: 4.5626, ppl: 1.2397, acc: 0.9501  
epoch correct: 343 epoch wrong: 18 epoch_num_tokens: 361 

epoch: 25 avg_loss: 10.7702, ppl: 1.1319, acc: 0.9675 
epoch correct: 3870 epoch wrong: 130 epoch_num_tokens: 4000 
val --- avg_loss: 4.4728, ppl: 1.2345, acc: 0.9501  
epoch correct: 343 epoch wrong: 18 epoch_num_tokens: 361 
update best loss 

epoch: 26 avg_loss: 10.5910, ppl: 1.1295, acc: 0.9667 
epoch correct: 3867 epoch wrong: 133 epoch_num_tokens: 4000 
val --- avg_loss: 4.3390, ppl: 1.2267, acc: 0.9501  
epoch correct: 343 epoch wrong: 18 epoch_num_tokens: 361 
update best loss 

epoch: 27 avg_loss: 10.3541, ppl: 1.1265, acc: 0.9673 
epoch correct: 3869 epoch wrong: 131 epoch_num_tokens: 4000 
val --- avg_loss: 4.2573, ppl: 1.2220, acc: 0.9501  
epoch correct: 343 epoch wrong: 18 epoch_num_tokens: 361 
update best loss 

epoch: 28 avg_loss: 10.1214, ppl: 1.1234, acc: 0.9680 
epoch correct: 3872 epoch wrong: 128 epoch_num_tokens: 4000 
val --- avg_loss: 4.2008, ppl: 1.2187, acc: 0.9501  
epoch correct: 343 epoch wrong: 18 epoch_num_tokens: 361 
update best loss 

epoch: 29 avg_loss: 9.8715, ppl: 1.1202, acc: 0.9698 
epoch correct: 3879 epoch wrong: 121 epoch_num_tokens: 4000 
val --- avg_loss: 4.2111, ppl: 1.2193, acc: 0.9474  
epoch correct: 342 epoch wrong: 19 epoch_num_tokens: 361 

epoch: 30 avg_loss: 9.7390, ppl: 1.1185, acc: 0.9688 
epoch correct: 3875 epoch wrong: 125 epoch_num_tokens: 4000 
val --- avg_loss: 4.0454, ppl: 1.2099, acc: 0.9474  
epoch correct: 342 epoch wrong: 19 epoch_num_tokens: 361 
update best loss 

epoch: 31 avg_loss: 9.5276, ppl: 1.1158, acc: 0.9718 
epoch correct: 3887 epoch wrong: 113 epoch_num_tokens: 4000 
val --- avg_loss: 3.9783, ppl: 1.2060, acc: 0.9474  
epoch correct: 342 epoch wrong: 19 epoch_num_tokens: 361 
update best loss 

epoch: 32 avg_loss: 9.2823, ppl: 1.1127, acc: 0.9702 
epoch correct: 3881 epoch wrong: 119 epoch_num_tokens: 4000 
val --- avg_loss: 4.0399, ppl: 1.2095, acc: 0.9474  
epoch correct: 342 epoch wrong: 19 epoch_num_tokens: 361 

epoch: 33 avg_loss: 9.1297, ppl: 1.1107, acc: 0.9732 
epoch correct: 3893 epoch wrong: 107 epoch_num_tokens: 4000 
val --- avg_loss: 3.8557, ppl: 1.1991, acc: 0.9474  
epoch correct: 342 epoch wrong: 19 epoch_num_tokens: 361 
update best loss 

epoch: 34 avg_loss: 8.9082, ppl: 1.1079, acc: 0.9712 
epoch correct: 3885 epoch wrong: 115 epoch_num_tokens: 4000 
val --- avg_loss: 3.8371, ppl: 1.1981, acc: 0.9501  
epoch correct: 343 epoch wrong: 18 epoch_num_tokens: 361 
update best loss 

epoch: 35 avg_loss: 8.8199, ppl: 1.1068, acc: 0.9742 
epoch correct: 3897 epoch wrong: 103 epoch_num_tokens: 4000 
val --- avg_loss: 3.8495, ppl: 1.1987, acc: 0.9474  
epoch correct: 342 epoch wrong: 19 epoch_num_tokens: 361 

epoch: 36 avg_loss: 8.7568, ppl: 1.1059, acc: 0.9740 
epoch correct: 3896 epoch wrong: 104 epoch_num_tokens: 4000 
val --- avg_loss: 3.6737, ppl: 1.1889, acc: 0.9474  
epoch correct: 342 epoch wrong: 19 epoch_num_tokens: 361 
update best loss 

epoch: 37 avg_loss: 8.4859, ppl: 1.1025, acc: 0.9750 
epoch correct: 3900 epoch wrong: 100 epoch_num_tokens: 4000 
val --- avg_loss: 3.7796, ppl: 1.1948, acc: 0.9474  
epoch correct: 342 epoch wrong: 19 epoch_num_tokens: 361 

epoch: 38 avg_loss: 8.4253, ppl: 1.1017, acc: 0.9752 
epoch correct: 3901 epoch wrong: 99 epoch_num_tokens: 4000 
val --- avg_loss: 3.6314, ppl: 1.1865, acc: 0.9501  
epoch correct: 343 epoch wrong: 18 epoch_num_tokens: 361 
update best loss 

epoch: 39 avg_loss: 8.1879, ppl: 1.0987, acc: 0.9752 
epoch correct: 3901 epoch wrong: 99 epoch_num_tokens: 4000 
val --- avg_loss: 3.6899, ppl: 1.1898, acc: 0.9501  
epoch correct: 343 epoch wrong: 18 epoch_num_tokens: 361 

epoch: 40 avg_loss: 8.0061, ppl: 1.0964, acc: 0.9788 
epoch correct: 3915 epoch wrong: 85 epoch_num_tokens: 4000 
val --- avg_loss: 3.4393, ppl: 1.1758, acc: 0.9474  
epoch correct: 342 epoch wrong: 19 epoch_num_tokens: 361 
update best loss 

epoch: 41 avg_loss: 7.8972, ppl: 1.0951, acc: 0.9770 
epoch correct: 3908 epoch wrong: 92 epoch_num_tokens: 4000 
val --- avg_loss: 3.5123, ppl: 1.1799, acc: 0.9474  
epoch correct: 342 epoch wrong: 19 epoch_num_tokens: 361 

epoch: 42 avg_loss: 7.7670, ppl: 1.0934, acc: 0.9785 
epoch correct: 3914 epoch wrong: 86 epoch_num_tokens: 4000 
val --- avg_loss: 3.4425, ppl: 1.1760, acc: 0.9474  
epoch correct: 342 epoch wrong: 19 epoch_num_tokens: 361 

epoch: 43 avg_loss: 7.6926, ppl: 1.0925, acc: 0.9782 
epoch correct: 3913 epoch wrong: 87 epoch_num_tokens: 4000 
val --- avg_loss: 3.3654, ppl: 1.1717, acc: 0.9501  
epoch correct: 343 epoch wrong: 18 epoch_num_tokens: 361 
update best loss 

epoch: 44 avg_loss: 7.5658, ppl: 1.0909, acc: 0.9775 
epoch correct: 3910 epoch wrong: 90 epoch_num_tokens: 4000 
val --- avg_loss: 3.4423, ppl: 1.1760, acc: 0.9529  
epoch correct: 344 epoch wrong: 17 epoch_num_tokens: 361 

epoch: 45 avg_loss: 7.4301, ppl: 1.0892, acc: 0.9798 
epoch correct: 3919 epoch wrong: 81 epoch_num_tokens: 4000 
val --- avg_loss: 3.3943, ppl: 1.1733, acc: 0.9529  
epoch correct: 344 epoch wrong: 17 epoch_num_tokens: 361 

epoch: 46 avg_loss: 7.2655, ppl: 1.0871, acc: 0.9792 
epoch correct: 3917 epoch wrong: 83 epoch_num_tokens: 4000 
val --- avg_loss: 3.3562, ppl: 1.1712, acc: 0.9529  
epoch correct: 344 epoch wrong: 17 epoch_num_tokens: 361 
update best loss 

epoch: 47 avg_loss: 7.1859, ppl: 1.0861, acc: 0.9800 
epoch correct: 3920 epoch wrong: 80 epoch_num_tokens: 4000 
val --- avg_loss: 3.2971, ppl: 1.1680, acc: 0.9501  
epoch correct: 343 epoch wrong: 18 epoch_num_tokens: 361 
update best loss 

epoch: 48 avg_loss: 7.0409, ppl: 1.0843, acc: 0.9820 
epoch correct: 3928 epoch wrong: 72 epoch_num_tokens: 4000 
val --- avg_loss: 3.2652, ppl: 1.1662, acc: 0.9501  
epoch correct: 343 epoch wrong: 18 epoch_num_tokens: 361 
update best loss 

epoch: 49 avg_loss: 6.9470, ppl: 1.0832, acc: 0.9810 
epoch correct: 3924 epoch wrong: 76 epoch_num_tokens: 4000 
val --- avg_loss: 3.2320, ppl: 1.1644, acc: 0.9529  
epoch correct: 344 epoch wrong: 17 epoch_num_tokens: 361 
update best loss 
