
number of params: 2195968 
Namespace(batchsize=128, beta=0.5, dec_dropout_in=0.5, dec_dropout_out=0.5, dec_nh=128, dec_nh_tmp=128, device='cuda', embedding_dim=512, enc_dropout_in=0.0, enc_dropout_out=0.0, enc_nh=512, epochs=200, fig_path='model/vqvae/results/training/12229_instances/kl0.2_4x10_dec128_suffixd512/200epochs.png', incat=512, incat_tmp=512, log_path='model/vqvae/results/training/12229_instances/kl0.2_4x10_dec128_suffixd512/200epochs.log', logger=<common.utils.Logger object at 0x7f29f24e87d0>, lr=0.001, maxtrnsize=10000000, maxtstsize=10000, maxvalsize=10000, mname='vqvae', model=VQVAE(
  (encoder): VQVAE_Encoder(
    (embed): Embedding(36, 256)
    (lstm): LSTM(256, 512, batch_first=True)
    (dropout_in): Dropout(p=0.0, inplace=False)
    (linear): Linear(in_features=512, out_features=256, bias=False)
  )
  (ord_vq_layers): ModuleList(
    (0): VectorQuantizer(
      (embedding): Embedding(10, 128)
    )
    (1): VectorQuantizer(
      (embedding): Embedding(10, 128)
    )
    (2): VectorQuantizer(
      (embedding): Embedding(10, 128)
    )
    (3): VectorQuantizer(
      (embedding): Embedding(10, 128)
    )
  )
  (decoder): VQVAE_Decoder(
    (embed): Embedding(36, 256, padding_idx=0)
    (dropout_in): Dropout(p=0.5, inplace=False)
    (dropout_out): Dropout(p=0.5, inplace=False)
    (lstm): LSTM(768, 128, batch_first=True)
    (pred_linear): Linear(in_features=128, out_features=36, bias=False)
    (loss): CrossEntropyLoss()
  )
), model_prefix='kl0.2_4x10_dec128_suffixd512/', modelname='model/vqvae/results/training/12229_instances/kl0.2_4x10_dec128_suffixd512/', ni=256, num_dicts=4, num_dicts_tmp=4, nz=128, opt='Adam', orddict_emb_num=10, outcat=0, outcat_tmp=0, pretrained_model=VQVAE_AE(
  (encoder): VQVAE_Encoder(
    (embed): Embedding(36, 256)
    (lstm): LSTM(256, 512, batch_first=True)
    (dropout_in): Dropout(p=0.0, inplace=False)
  )
  (decoder): VQVAE_Decoder(
    (embed): Embedding(36, 256, padding_idx=0)
    (dropout_in): Dropout(p=0.5, inplace=False)
    (dropout_out): Dropout(p=0.5, inplace=False)
    (lstm): LSTM(256, 512, batch_first=True)
    (pred_linear): Linear(in_features=512, out_features=36, bias=False)
    (loss): CrossEntropyLoss()
  )
), root_linear_h=128, save_path='model/vqvae/results/training/12229_instances/kl0.2_4x10_dec128_suffixd512/200epochs.pt', seq_to_no_pad='surface', surf_vocab=<common.vocab.VocabEntry object at 0x7f29f24f70d0>, surface_vocab_file='data/sigmorphon2016/turkish-task3-train', task='vqvae', trndata='data/sigmorphon2016/turkish-task3-train', trnsize=12229, tstdata='data/sigmorphon2016/turkish-task3-dev', tstsize=12229, valdata='data/sigmorphon2016/turkish-task3-dev', valsize=1589)

encoder.embed.weight, torch.Size([36, 256]): True
encoder.lstm.weight_ih_l0, torch.Size([2048, 256]): True
encoder.lstm.weight_hh_l0, torch.Size([2048, 512]): True
encoder.lstm.bias_ih_l0, torch.Size([2048]): True
encoder.lstm.bias_hh_l0, torch.Size([2048]): True
encoder.linear.weight, torch.Size([256, 512]): True
ord_vq_layers.0.embedding.weight, torch.Size([10, 128]): True
ord_vq_layers.1.embedding.weight, torch.Size([10, 128]): True
ord_vq_layers.2.embedding.weight, torch.Size([10, 128]): True
ord_vq_layers.3.embedding.weight, torch.Size([10, 128]): True
decoder.embed.weight, torch.Size([36, 256]): True
decoder.lstm.weight_ih_l0, torch.Size([512, 768]): True
decoder.lstm.weight_hh_l0, torch.Size([512, 128]): True
decoder.lstm.bias_ih_l0, torch.Size([512]): True
decoder.lstm.bias_hh_l0, torch.Size([512]): True
decoder.pred_linear.weight, torch.Size([36, 128]): True
epoch: 0,  avg_loss: 36.2650, avg_recon_loss: 35.7146, avg_kl_loss: 0.3123, avg_vq_loss: 0.4880, ppl: 18.1196, acc: 0.1571, vq_inds: [10, 10, 10, 10], unique_vq_codes: 724, unique_suffix_codes: 724, logdet: 0.0000 
val ---  avg_loss: 33.7227, avg_recon_loss: 33.3756, avg_kl_loss: 0.2307, avg_vq_loss: 0.3010, ppl: 14.8270, acc: 0.1894, vq_inds: [6, 8, 8, 6], unique_vq_codes: 66, unique_suffix_codes: 66, val_unique_suffix_codes: 2 
update best loss 

epoch: 1,  avg_loss: 31.7390, avg_recon_loss: 31.0098, avg_kl_loss: 0.6169, avg_vq_loss: 0.6059, ppl: 12.3711, acc: 0.2447, vq_inds: [7, 8, 9, 8], unique_vq_codes: 203, unique_suffix_codes: 203, logdet: 0.0000 
val ---  avg_loss: 28.3607, avg_recon_loss: 27.5575, avg_kl_loss: 0.5473, avg_vq_loss: 0.6938, ppl: 9.2665, acc: 0.3273, vq_inds: [7, 4, 7, 6], unique_vq_codes: 105, unique_suffix_codes: 105, val_unique_suffix_codes: 21 
update best loss 

epoch: 2,  avg_loss: 26.4644, avg_recon_loss: 25.5406, avg_kl_loss: 0.6578, avg_vq_loss: 0.7923, ppl: 7.9385, acc: 0.3660, vq_inds: [7, 7, 8, 8], unique_vq_codes: 200, unique_suffix_codes: 200, logdet: 0.0000 
val ---  avg_loss: 25.0918, avg_recon_loss: 24.0394, avg_kl_loss: 0.6831, avg_vq_loss: 0.9157, ppl: 6.9739, acc: 0.4037, vq_inds: [7, 7, 7, 7], unique_vq_codes: 127, unique_suffix_codes: 127, val_unique_suffix_codes: 16 
update best loss 

epoch: 3,  avg_loss: 24.3908, avg_recon_loss: 23.2742, avg_kl_loss: 0.9851, avg_vq_loss: 0.9196, ppl: 6.6054, acc: 0.4088, vq_inds: [7, 9, 9, 8], unique_vq_codes: 251, unique_suffix_codes: 251, logdet: 0.0000 
val ---  avg_loss: 23.3912, avg_recon_loss: 22.4011, avg_kl_loss: 0.7268, avg_vq_loss: 0.8447, ppl: 6.1093, acc: 0.4262, vq_inds: [7, 8, 8, 6], unique_vq_codes: 149, unique_suffix_codes: 149, val_unique_suffix_codes: 12 
update best loss 

epoch: 4,  avg_loss: 23.0011, avg_recon_loss: 21.8603, avg_kl_loss: 0.7496, avg_vq_loss: 0.9909, ppl: 5.8897, acc: 0.4424, vq_inds: [7, 9, 8, 8], unique_vq_codes: 355, unique_suffix_codes: 355, logdet: 0.0000 
val ---  avg_loss: 22.5577, avg_recon_loss: 21.4920, avg_kl_loss: 0.8119, avg_vq_loss: 0.9034, ppl: 5.6766, acc: 0.4531, vq_inds: [7, 9, 8, 6], unique_vq_codes: 197, unique_suffix_codes: 197, val_unique_suffix_codes: 13 
update best loss 

epoch: 5,  avg_loss: 21.9785, avg_recon_loss: 20.7032, avg_kl_loss: 0.8992, avg_vq_loss: 1.0954, ppl: 5.3620, acc: 0.4722, vq_inds: [8, 9, 8, 9], unique_vq_codes: 528, unique_suffix_codes: 528, logdet: 0.0000 
val ---  avg_loss: 21.4158, avg_recon_loss: 20.0667, avg_kl_loss: 0.7700, avg_vq_loss: 1.1952, ppl: 5.0592, acc: 0.4907, vq_inds: [8, 9, 8, 6], unique_vq_codes: 356, unique_suffix_codes: 356, val_unique_suffix_codes: 47 
update best loss 

epoch: 6,  avg_loss: 21.3202, avg_recon_loss: 19.7799, avg_kl_loss: 0.9924, avg_vq_loss: 1.3418, ppl: 4.9751, acc: 0.4932, vq_inds: [8, 9, 8, 9], unique_vq_codes: 725, unique_suffix_codes: 725, logdet: 0.0000 
val ---  avg_loss: 21.0525, avg_recon_loss: 19.3661, avg_kl_loss: 1.4891, avg_vq_loss: 1.3887, ppl: 4.7808, acc: 0.5033, vq_inds: [8, 9, 8, 8], unique_vq_codes: 387, unique_suffix_codes: 387, val_unique_suffix_codes: 26 
update best loss 

epoch: 7,  avg_loss: 20.9417, avg_recon_loss: 19.0815, avg_kl_loss: 1.5228, avg_vq_loss: 1.5556, ppl: 4.7011, acc: 0.5056, vq_inds: [9, 9, 8, 8], unique_vq_codes: 910, unique_suffix_codes: 910, logdet: 0.0000 
val ---  avg_loss: 20.6233, avg_recon_loss: 18.7229, avg_kl_loss: 1.4889, avg_vq_loss: 1.6026, ppl: 4.5387, acc: 0.5123, vq_inds: [9, 9, 8, 8], unique_vq_codes: 457, unique_suffix_codes: 457, val_unique_suffix_codes: 53 
update best loss 

epoch: 8,  avg_loss: 20.4936, avg_recon_loss: 18.4503, avg_kl_loss: 1.5989, avg_vq_loss: 1.7235, ppl: 4.4665, acc: 0.5237, vq_inds: [10, 9, 8, 9], unique_vq_codes: 1164, unique_suffix_codes: 1164, logdet: 0.0000 
val ---  avg_loss: 20.3956, avg_recon_loss: 18.1929, avg_kl_loss: 1.9618, avg_vq_loss: 1.8103, ppl: 4.3485, acc: 0.5261, vq_inds: [9, 9, 8, 8], unique_vq_codes: 563, unique_suffix_codes: 563, val_unique_suffix_codes: 82 
update best loss 

epoch: 9,  avg_loss: 20.1714, avg_recon_loss: 17.8430, avg_kl_loss: 2.0214, avg_vq_loss: 1.9241, ppl: 4.2518, acc: 0.5386, vq_inds: [10, 9, 8, 9], unique_vq_codes: 1449, unique_suffix_codes: 1449, logdet: 0.0000 
val ---  avg_loss: 20.0243, avg_recon_loss: 17.5110, avg_kl_loss: 2.4552, avg_vq_loss: 2.0223, ppl: 4.1154, acc: 0.5504, vq_inds: [9, 9, 8, 8], unique_vq_codes: 632, unique_suffix_codes: 632, val_unique_suffix_codes: 58 
update best loss 

epoch: 10,  avg_loss: 19.8504, avg_recon_loss: 17.3842, avg_kl_loss: 2.1340, avg_vq_loss: 2.0394, ppl: 4.0965, acc: 0.5524, vq_inds: [10, 10, 8, 10], unique_vq_codes: 1596, unique_suffix_codes: 1596, logdet: 0.0000 
val ---  avg_loss: 19.3750, avg_recon_loss: 16.8929, avg_kl_loss: 2.0433, avg_vq_loss: 2.0735, ppl: 3.9149, acc: 0.5632, vq_inds: [10, 9, 9, 9], unique_vq_codes: 703, unique_suffix_codes: 703, val_unique_suffix_codes: 97 
update best loss 

epoch: 11,  avg_loss: 19.5273, avg_recon_loss: 16.9221, avg_kl_loss: 2.3329, avg_vq_loss: 2.1387, ppl: 3.9457, acc: 0.5641, vq_inds: [10, 10, 8, 10], unique_vq_codes: 1844, unique_suffix_codes: 1844, logdet: 0.0000 
val ---  avg_loss: 19.5985, avg_recon_loss: 16.7605, avg_kl_loss: 3.0000, avg_vq_loss: 2.2381, ppl: 3.8733, acc: 0.5701, vq_inds: [10, 9, 8, 9], unique_vq_codes: 762, unique_suffix_codes: 762, val_unique_suffix_codes: 93 

epoch: 12,  avg_loss: 19.2926, avg_recon_loss: 16.4948, avg_kl_loss: 2.5563, avg_vq_loss: 2.2865, ppl: 3.8113, acc: 0.5742, vq_inds: [10, 10, 8, 10], unique_vq_codes: 2060, unique_suffix_codes: 2060, logdet: 0.0000 
val ---  avg_loss: 19.2099, avg_recon_loss: 16.3152, avg_kl_loss: 2.8423, avg_vq_loss: 2.3262, ppl: 3.7364, acc: 0.5783, vq_inds: [10, 10, 8, 10], unique_vq_codes: 865, unique_suffix_codes: 865, val_unique_suffix_codes: 157 
update best loss 

epoch: 13,  avg_loss: 18.9384, avg_recon_loss: 16.0832, avg_kl_loss: 2.5791, avg_vq_loss: 2.3393, ppl: 3.6862, acc: 0.5864, vq_inds: [10, 10, 9, 10], unique_vq_codes: 2415, unique_suffix_codes: 2415, logdet: 0.0000 
val ---  avg_loss: 18.6027, avg_recon_loss: 15.7294, avg_kl_loss: 2.4026, avg_vq_loss: 2.3928, ppl: 3.5637, acc: 0.5946, vq_inds: [10, 10, 8, 10], unique_vq_codes: 856, unique_suffix_codes: 856, val_unique_suffix_codes: 98 
update best loss 

epoch: 14,  avg_loss: 18.6969, avg_recon_loss: 15.6973, avg_kl_loss: 2.9052, avg_vq_loss: 2.4186, ppl: 3.5726, acc: 0.5949, vq_inds: [10, 10, 10, 10], unique_vq_codes: 2587, unique_suffix_codes: 2587, logdet: 0.0000 
val ---  avg_loss: 18.4431, avg_recon_loss: 15.4834, avg_kl_loss: 2.6406, avg_vq_loss: 2.4316, ppl: 3.4936, acc: 0.6014, vq_inds: [10, 10, 8, 10], unique_vq_codes: 958, unique_suffix_codes: 958, val_unique_suffix_codes: 132 
update best loss 

epoch: 15,  avg_loss: 18.4071, avg_recon_loss: 15.3329, avg_kl_loss: 2.9465, avg_vq_loss: 2.4849, ppl: 3.4685, acc: 0.6030, vq_inds: [10, 10, 10, 10], unique_vq_codes: 2816, unique_suffix_codes: 2816, logdet: 0.0000 
val ---  avg_loss: 18.3760, avg_recon_loss: 15.3099, avg_kl_loss: 3.1419, avg_vq_loss: 2.4377, ppl: 3.4449, acc: 0.6056, vq_inds: [10, 10, 9, 10], unique_vq_codes: 975, unique_suffix_codes: 975, val_unique_suffix_codes: 132 
update best loss 

epoch: 16,  avg_loss: 18.1751, avg_recon_loss: 14.9956, avg_kl_loss: 3.2940, avg_vq_loss: 2.5207, ppl: 3.3749, acc: 0.6106, vq_inds: [10, 10, 10, 10], unique_vq_codes: 3003, unique_suffix_codes: 3003, logdet: 0.0000 
val ---  avg_loss: 18.0095, avg_recon_loss: 14.8464, avg_kl_loss: 3.1233, avg_vq_loss: 2.5384, ppl: 3.3183, acc: 0.6202, vq_inds: [10, 10, 10, 10], unique_vq_codes: 1029, unique_suffix_codes: 1029, val_unique_suffix_codes: 200 
update best loss 

epoch: 17,  avg_loss: 17.8503, avg_recon_loss: 14.6116, avg_kl_loss: 3.3790, avg_vq_loss: 2.5629, ppl: 3.2714, acc: 0.6209, vq_inds: [10, 10, 10, 10], unique_vq_codes: 3328, unique_suffix_codes: 3328, logdet: 0.0000 
val ---  avg_loss: 17.7337, avg_recon_loss: 14.4779, avg_kl_loss: 3.3657, avg_vq_loss: 2.5826, ppl: 3.2210, acc: 0.6287, vq_inds: [10, 10, 9, 10], unique_vq_codes: 1069, unique_suffix_codes: 1069, val_unique_suffix_codes: 194 
update best loss 

epoch: 18,  avg_loss: 17.6687, avg_recon_loss: 14.2935, avg_kl_loss: 3.9193, avg_vq_loss: 2.5914, ppl: 3.1881, acc: 0.6276, vq_inds: [10, 10, 10, 10], unique_vq_codes: 3540, unique_suffix_codes: 3540, logdet: 0.0000 
val ---  avg_loss: 17.3706, avg_recon_loss: 14.0375, avg_kl_loss: 3.7156, avg_vq_loss: 2.5901, ppl: 3.1084, acc: 0.6380, vq_inds: [10, 10, 10, 10], unique_vq_codes: 1060, unique_suffix_codes: 1060, val_unique_suffix_codes: 194 
update best loss 

epoch: 19,  avg_loss: 17.4335, avg_recon_loss: 13.9928, avg_kl_loss: 4.0327, avg_vq_loss: 2.6341, ppl: 3.1113, acc: 0.6353, vq_inds: [10, 10, 10, 10], unique_vq_codes: 3721, unique_suffix_codes: 3721, logdet: 0.0000 
val ---  avg_loss: 17.8428, avg_recon_loss: 14.0107, avg_kl_loss: 6.0510, avg_vq_loss: 2.6219, ppl: 3.1017, acc: 0.6393, vq_inds: [10, 10, 10, 10], unique_vq_codes: 1149, unique_suffix_codes: 1149, val_unique_suffix_codes: 208 

epoch: 20,  avg_loss: 17.3430, avg_recon_loss: 13.7168, avg_kl_loss: 4.9100, avg_vq_loss: 2.6442, ppl: 3.0424, acc: 0.6416, vq_inds: [10, 10, 10, 10], unique_vq_codes: 3812, unique_suffix_codes: 3812, logdet: 0.0000 
val ---  avg_loss: 17.3058, avg_recon_loss: 13.6821, avg_kl_loss: 4.7960, avg_vq_loss: 2.6645, ppl: 3.0204, acc: 0.6445, vq_inds: [10, 10, 10, 10], unique_vq_codes: 1121, unique_suffix_codes: 1121, val_unique_suffix_codes: 199 
update best loss 

epoch: 21,  avg_loss: 16.9329, avg_recon_loss: 13.3441, avg_kl_loss: 4.5679, avg_vq_loss: 2.6752, ppl: 2.9518, acc: 0.6523, vq_inds: [10, 10, 10, 10], unique_vq_codes: 3985, unique_suffix_codes: 3985, logdet: 0.0000 
val ---  avg_loss: 17.1121, avg_recon_loss: 13.5189, avg_kl_loss: 4.7731, avg_vq_loss: 2.6385, ppl: 2.9809, acc: 0.6470, vq_inds: [10, 10, 10, 10], unique_vq_codes: 1171, unique_suffix_codes: 1171, val_unique_suffix_codes: 218 
update best loss 

epoch: 22,  avg_loss: 16.7685, avg_recon_loss: 13.1381, avg_kl_loss: 4.6630, avg_vq_loss: 2.6978, ppl: 2.9029, acc: 0.6565, vq_inds: [10, 10, 10, 10], unique_vq_codes: 4116, unique_suffix_codes: 4116, logdet: 0.0000 
val ---  avg_loss: 16.9019, avg_recon_loss: 13.2406, avg_kl_loss: 4.8778, avg_vq_loss: 2.6857, ppl: 2.9146, acc: 0.6584, vq_inds: [10, 10, 10, 10], unique_vq_codes: 1184, unique_suffix_codes: 1184, val_unique_suffix_codes: 223 
update best loss 

epoch: 23,  avg_loss: 16.6420, avg_recon_loss: 12.9130, avg_kl_loss: 4.9898, avg_vq_loss: 2.7311, ppl: 2.8503, acc: 0.6628, vq_inds: [10, 10, 10, 10], unique_vq_codes: 4164, unique_suffix_codes: 4164, logdet: 0.0000 
val ---  avg_loss: 16.6046, avg_recon_loss: 12.8992, avg_kl_loss: 4.9063, avg_vq_loss: 2.7241, ppl: 2.8353, acc: 0.6654, vq_inds: [10, 10, 10, 10], unique_vq_codes: 1248, unique_suffix_codes: 1248, val_unique_suffix_codes: 254 
update best loss 

epoch: 24,  avg_loss: 16.3088, avg_recon_loss: 12.5488, avg_kl_loss: 5.0392, avg_vq_loss: 2.7522, ppl: 2.7674, acc: 0.6712, vq_inds: [10, 10, 10, 10], unique_vq_codes: 4410, unique_suffix_codes: 4410, logdet: 0.0000 
val ---  avg_loss: 16.5530, avg_recon_loss: 12.6879, avg_kl_loss: 5.5069, avg_vq_loss: 2.7637, ppl: 2.7873, acc: 0.6664, vq_inds: [10, 10, 10, 10], unique_vq_codes: 1256, unique_suffix_codes: 1256, val_unique_suffix_codes: 257 
update best loss 

epoch: 25,  avg_loss: 16.2283, avg_recon_loss: 12.3617, avg_kl_loss: 5.4734, avg_vq_loss: 2.7719, ppl: 2.7257, acc: 0.6754, vq_inds: [10, 10, 10, 10], unique_vq_codes: 4510, unique_suffix_codes: 4510, logdet: 0.0000 
val ---  avg_loss: 16.1735, avg_recon_loss: 12.3226, avg_kl_loss: 5.4146, avg_vq_loss: 2.7680, ppl: 2.7062, acc: 0.6801, vq_inds: [10, 10, 10, 10], unique_vq_codes: 1240, unique_suffix_codes: 1240, val_unique_suffix_codes: 223 
update best loss 

epoch: 26,  avg_loss: 15.9318, avg_recon_loss: 12.0021, avg_kl_loss: 5.6256, avg_vq_loss: 2.8045, ppl: 2.6473, acc: 0.6842, vq_inds: [10, 10, 10, 10], unique_vq_codes: 4557, unique_suffix_codes: 4557, logdet: 0.0000 
val ---  avg_loss: 16.4471, avg_recon_loss: 12.2643, avg_kl_loss: 6.9837, avg_vq_loss: 2.7861, ppl: 2.6935, acc: 0.6802, vq_inds: [10, 10, 10, 10], unique_vq_codes: 1264, unique_suffix_codes: 1264, val_unique_suffix_codes: 268 

epoch: 27,  avg_loss: 15.9426, avg_recon_loss: 11.8326, avg_kl_loss: 6.5236, avg_vq_loss: 2.8052, ppl: 2.6112, acc: 0.6891, vq_inds: [10, 10, 10, 10], unique_vq_codes: 4691, unique_suffix_codes: 4691, logdet: 0.0000 
val ---  avg_loss: 15.7031, avg_recon_loss: 11.7795, avg_kl_loss: 5.8055, avg_vq_loss: 2.7625, ppl: 2.5901, acc: 0.6919, vq_inds: [10, 10, 10, 10], unique_vq_codes: 1252, unique_suffix_codes: 1252, val_unique_suffix_codes: 240 
update best loss 

epoch: 28,  avg_loss: 15.7586, avg_recon_loss: 11.6215, avg_kl_loss: 6.4848, avg_vq_loss: 2.8401, ppl: 2.5669, acc: 0.6938, vq_inds: [10, 10, 10, 10], unique_vq_codes: 4752, unique_suffix_codes: 4752, logdet: 0.0000 
val ---  avg_loss: 15.5521, avg_recon_loss: 11.5472, avg_kl_loss: 6.0567, avg_vq_loss: 2.7936, ppl: 2.5419, acc: 0.6990, vq_inds: [10, 10, 10, 10], unique_vq_codes: 1260, unique_suffix_codes: 1260, val_unique_suffix_codes: 248 
update best loss 

epoch: 29,  avg_loss: 15.5058, avg_recon_loss: 11.3261, avg_kl_loss: 6.5880, avg_vq_loss: 2.8621, ppl: 2.5061, acc: 0.7006, vq_inds: [10, 10, 10, 10], unique_vq_codes: 4857, unique_suffix_codes: 4857, logdet: 0.0000 
val ---  avg_loss: 15.6929, avg_recon_loss: 11.5472, avg_kl_loss: 6.5150, avg_vq_loss: 2.8426, ppl: 2.5419, acc: 0.6966, vq_inds: [10, 10, 10, 10], unique_vq_codes: 1277, unique_suffix_codes: 1277, val_unique_suffix_codes: 264 

epoch: 30,  avg_loss: 15.2783, avg_recon_loss: 11.0732, avg_kl_loss: 6.6071, avg_vq_loss: 2.8837, ppl: 2.4552, acc: 0.7067, vq_inds: [10, 10, 10, 10], unique_vq_codes: 4849, unique_suffix_codes: 4849, logdet: 0.0000 
val ---  avg_loss: 15.4824, avg_recon_loss: 11.2073, avg_kl_loss: 7.0894, avg_vq_loss: 2.8572, ppl: 2.4730, acc: 0.7073, vq_inds: [10, 10, 10, 10], unique_vq_codes: 1265, unique_suffix_codes: 1265, val_unique_suffix_codes: 261 
update best loss 

epoch: 31,  avg_loss: 15.3370, avg_recon_loss: 10.9782, avg_kl_loss: 7.2820, avg_vq_loss: 2.9024, ppl: 2.4363, acc: 0.7095, vq_inds: [10, 10, 10, 10], unique_vq_codes: 4890, unique_suffix_codes: 4890, logdet: 0.0000 
val ---  avg_loss: 15.0838, avg_recon_loss: 10.8694, avg_kl_loss: 6.7602, avg_vq_loss: 2.8624, ppl: 2.4064, acc: 0.7143, vq_inds: [10, 10, 10, 10], unique_vq_codes: 1273, unique_suffix_codes: 1273, val_unique_suffix_codes: 245 
update best loss 

epoch: 32,  avg_loss: 15.0701, avg_recon_loss: 10.7131, avg_kl_loss: 7.1953, avg_vq_loss: 2.9180, ppl: 2.3845, acc: 0.7166, vq_inds: [10, 10, 10, 10], unique_vq_codes: 4967, unique_suffix_codes: 4967, logdet: 0.0000 
val ---  avg_loss: 15.0180, avg_recon_loss: 10.6803, avg_kl_loss: 7.2757, avg_vq_loss: 2.8826, ppl: 2.3700, acc: 0.7143, vq_inds: [10, 10, 10, 10], unique_vq_codes: 1287, unique_suffix_codes: 1287, val_unique_suffix_codes: 273 
update best loss 

epoch: 33,  avg_loss: 14.9278, avg_recon_loss: 10.4773, avg_kl_loss: 7.6152, avg_vq_loss: 2.9275, ppl: 2.3393, acc: 0.7219, vq_inds: [10, 10, 10, 10], unique_vq_codes: 4978, unique_suffix_codes: 4978, logdet: 0.0000 
val ---  avg_loss: 14.8479, avg_recon_loss: 10.4497, avg_kl_loss: 7.4377, avg_vq_loss: 2.9107, ppl: 2.3262, acc: 0.7276, vq_inds: [10, 10, 10, 10], unique_vq_codes: 1294, unique_suffix_codes: 1294, val_unique_suffix_codes: 286 
update best loss 

epoch: 34,  avg_loss: 14.7565, avg_recon_loss: 10.2787, avg_kl_loss: 7.6387, avg_vq_loss: 2.9501, ppl: 2.3019, acc: 0.7266, vq_inds: [10, 10, 10, 10], unique_vq_codes: 5064, unique_suffix_codes: 5064, logdet: 0.0000 
val ---  avg_loss: 14.8971, avg_recon_loss: 10.4092, avg_kl_loss: 7.8039, avg_vq_loss: 2.9271, ppl: 2.3186, acc: 0.7259, vq_inds: [10, 10, 10, 10], unique_vq_codes: 1324, unique_suffix_codes: 1324, val_unique_suffix_codes: 280 

epoch: 35,  avg_loss: 14.7241, avg_recon_loss: 10.1338, avg_kl_loss: 8.1599, avg_vq_loss: 2.9583, ppl: 2.2751, acc: 0.7299, vq_inds: [10, 10, 10, 10], unique_vq_codes: 5099, unique_suffix_codes: 5099, logdet: 0.0000 
val ---  avg_loss: 14.6923, avg_recon_loss: 10.1403, avg_kl_loss: 8.0582, avg_vq_loss: 2.9404, ppl: 2.2688, acc: 0.7324, vq_inds: [10, 10, 10, 10], unique_vq_codes: 1304, unique_suffix_codes: 1304, val_unique_suffix_codes: 258 
update best loss 

epoch: 36,  avg_loss: 14.4953, avg_recon_loss: 9.8421, avg_kl_loss: 8.4202, avg_vq_loss: 2.9691, ppl: 2.2219, acc: 0.7384, vq_inds: [10, 10, 10, 10], unique_vq_codes: 5164, unique_suffix_codes: 5164, logdet: 0.0000 
val ---  avg_loss: 14.6520, avg_recon_loss: 10.0619, avg_kl_loss: 8.2964, avg_vq_loss: 2.9308, ppl: 2.2545, acc: 0.7335, vq_inds: [10, 10, 10, 10], unique_vq_codes: 1320, unique_suffix_codes: 1320, val_unique_suffix_codes: 275 
update best loss 

epoch: 37,  avg_loss: 14.4991, avg_recon_loss: 9.8382, avg_kl_loss: 8.4104, avg_vq_loss: 2.9788, ppl: 2.2212, acc: 0.7377, vq_inds: [10, 10, 10, 10], unique_vq_codes: 5205, unique_suffix_codes: 5205, logdet: 0.0000 
val ---  avg_loss: 14.5249, avg_recon_loss: 9.8857, avg_kl_loss: 8.3570, avg_vq_loss: 2.9678, ppl: 2.2226, acc: 0.7397, vq_inds: [10, 10, 10, 10], unique_vq_codes: 1313, unique_suffix_codes: 1313, val_unique_suffix_codes: 263 
update best loss 

epoch: 38,  avg_loss: 14.2682, avg_recon_loss: 9.5390, avg_kl_loss: 8.6765, avg_vq_loss: 2.9938, ppl: 2.1679, acc: 0.7447, vq_inds: [10, 10, 10, 10], unique_vq_codes: 5272, unique_suffix_codes: 5272, logdet: 0.0000 
val ---  avg_loss: 14.5591, avg_recon_loss: 9.8850, avg_kl_loss: 8.5206, avg_vq_loss: 2.9700, ppl: 2.2225, acc: 0.7378, vq_inds: [10, 10, 10, 10], unique_vq_codes: 1318, unique_suffix_codes: 1318, val_unique_suffix_codes: 298 

epoch: 39,  avg_loss: 14.0694, avg_recon_loss: 9.3402, avg_kl_loss: 8.6140, avg_vq_loss: 3.0065, ppl: 2.1332, acc: 0.7514, vq_inds: [10, 10, 10, 10], unique_vq_codes: 5240, unique_suffix_codes: 5240, logdet: 0.0000 
val ---  avg_loss: 14.2038, avg_recon_loss: 9.5206, avg_kl_loss: 8.6365, avg_vq_loss: 2.9559, ppl: 2.1580, acc: 0.7444, vq_inds: [10, 10, 10, 10], unique_vq_codes: 1334, unique_suffix_codes: 1334, val_unique_suffix_codes: 281 
update best loss 

epoch: 40,  avg_loss: 13.9564, avg_recon_loss: 9.1723, avg_kl_loss: 8.8926, avg_vq_loss: 3.0056, ppl: 2.1044, acc: 0.7555, vq_inds: [10, 10, 10, 10], unique_vq_codes: 5335, unique_suffix_codes: 5335, logdet: 0.0000 
val ---  avg_loss: 14.4667, avg_recon_loss: 9.6410, avg_kl_loss: 9.2747, avg_vq_loss: 2.9708, ppl: 2.1791, acc: 0.7454, vq_inds: [10, 10, 10, 10], unique_vq_codes: 1296, unique_suffix_codes: 1296, val_unique_suffix_codes: 274 

epoch: 41,  avg_loss: 14.0062, avg_recon_loss: 9.1019, avg_kl_loss: 9.4356, avg_vq_loss: 3.0171, ppl: 2.0924, acc: 0.7567, vq_inds: [10, 10, 10, 10], unique_vq_codes: 5313, unique_suffix_codes: 5313, logdet: 0.0000 
val ---  avg_loss: 14.2217, avg_recon_loss: 9.3538, avg_kl_loss: 9.5496, avg_vq_loss: 2.9580, ppl: 2.1291, acc: 0.7517, vq_inds: [10, 10, 10, 10], unique_vq_codes: 1308, unique_suffix_codes: 1308, val_unique_suffix_codes: 302 

epoch: 42,  avg_loss: 13.9576, avg_recon_loss: 8.9949, avg_kl_loss: 9.6938, avg_vq_loss: 3.0239, ppl: 2.0743, acc: 0.7588, vq_inds: [10, 10, 10, 10], unique_vq_codes: 5403, unique_suffix_codes: 5403, logdet: 0.0000 
val ---  avg_loss: 13.8899, avg_recon_loss: 9.0792, avg_kl_loss: 9.2136, avg_vq_loss: 2.9680, ppl: 2.0824, acc: 0.7588, vq_inds: [10, 10, 10, 10], unique_vq_codes: 1311, unique_suffix_codes: 1311, val_unique_suffix_codes: 271 
update best loss 

epoch: 43,  avg_loss: 13.6694, avg_recon_loss: 8.7388, avg_kl_loss: 9.5155, avg_vq_loss: 3.0275, ppl: 2.0317, acc: 0.7661, vq_inds: [10, 10, 10, 10], unique_vq_codes: 5308, unique_suffix_codes: 5308, logdet: 0.0000 
val ---  avg_loss: 13.8873, avg_recon_loss: 9.0714, avg_kl_loss: 9.2344, avg_vq_loss: 2.9690, ppl: 2.0811, acc: 0.7573, vq_inds: [10, 10, 10, 10], unique_vq_codes: 1346, unique_suffix_codes: 1346, val_unique_suffix_codes: 294 
update best loss 

epoch: 44,  avg_loss: 13.5666, avg_recon_loss: 8.6373, avg_kl_loss: 9.5058, avg_vq_loss: 3.0281, ppl: 2.0150, acc: 0.7685, vq_inds: [10, 10, 10, 10], unique_vq_codes: 5419, unique_suffix_codes: 5419, logdet: 0.0000 
val ---  avg_loss: 13.7575, avg_recon_loss: 8.8817, avg_kl_loss: 9.4333, avg_vq_loss: 2.9891, ppl: 2.0494, acc: 0.7638, vq_inds: [10, 10, 10, 10], unique_vq_codes: 1329, unique_suffix_codes: 1329, val_unique_suffix_codes: 303 
update best loss 

epoch: 45,  avg_loss: 13.4728, avg_recon_loss: 8.4745, avg_kl_loss: 9.7650, avg_vq_loss: 3.0453, ppl: 1.9886, acc: 0.7714, vq_inds: [10, 10, 10, 10], unique_vq_codes: 5385, unique_suffix_codes: 5385, logdet: 0.0000 
val ---  avg_loss: 13.9259, avg_recon_loss: 8.8059, avg_kl_loss: 10.6006, avg_vq_loss: 2.9998, ppl: 2.0369, acc: 0.7644, vq_inds: [10, 10, 10, 10], unique_vq_codes: 1324, unique_suffix_codes: 1324, val_unique_suffix_codes: 301 

epoch: 46,  avg_loss: 13.5158, avg_recon_loss: 8.3907, avg_kl_loss: 10.3582, avg_vq_loss: 3.0535, ppl: 1.9751, acc: 0.7739, vq_inds: [10, 10, 10, 10], unique_vq_codes: 5453, unique_suffix_codes: 5453, logdet: 0.0000 
val ---  avg_loss: 14.2641, avg_recon_loss: 8.9854, avg_kl_loss: 11.3205, avg_vq_loss: 3.0147, ppl: 2.0667, acc: 0.7605, vq_inds: [10, 10, 10, 10], unique_vq_codes: 1337, unique_suffix_codes: 1337, val_unique_suffix_codes: 315 

epoch: 47,  avg_loss: 13.4238, avg_recon_loss: 8.3146, avg_kl_loss: 10.2603, avg_vq_loss: 3.0571, ppl: 1.9629, acc: 0.7754, vq_inds: [10, 10, 10, 10], unique_vq_codes: 5419, unique_suffix_codes: 5419, logdet: 0.0000 
val ---  avg_loss: 13.5393, avg_recon_loss: 8.4902, avg_kl_loss: 10.2782, avg_vq_loss: 2.9935, ppl: 1.9856, acc: 0.7707, vq_inds: [10, 10, 10, 10], unique_vq_codes: 1352, unique_suffix_codes: 1352, val_unique_suffix_codes: 279 
update best loss 

epoch: 48,  avg_loss: 13.1524, avg_recon_loss: 8.0267, avg_kl_loss: 10.2966, avg_vq_loss: 3.0663, ppl: 1.9176, acc: 0.7832, vq_inds: [10, 10, 10, 10], unique_vq_codes: 5473, unique_suffix_codes: 5473, logdet: 0.0000 
val ---  avg_loss: 13.7303, avg_recon_loss: 8.6111, avg_kl_loss: 10.5574, avg_vq_loss: 3.0077, ppl: 2.0051, acc: 0.7648, vq_inds: [10, 10, 10, 10], unique_vq_codes: 1328, unique_suffix_codes: 1328, val_unique_suffix_codes: 295 

epoch: 49,  avg_loss: 13.1190, avg_recon_loss: 7.9669, avg_kl_loss: 10.4513, avg_vq_loss: 3.0619, ppl: 1.9083, acc: 0.7854, vq_inds: [10, 10, 10, 10], unique_vq_codes: 5451, unique_suffix_codes: 5451, logdet: 0.0000 
val ---  avg_loss: 13.7580, avg_recon_loss: 8.5620, avg_kl_loss: 10.8348, avg_vq_loss: 3.0291, ppl: 1.9972, acc: 0.7702, vq_inds: [10, 10, 10, 10], unique_vq_codes: 1338, unique_suffix_codes: 1338, val_unique_suffix_codes: 321 

epoch: 50,  avg_loss: 13.0358, avg_recon_loss: 7.8910, avg_kl_loss: 10.3551, avg_vq_loss: 3.0738, ppl: 1.8966, acc: 0.7870, vq_inds: [10, 10, 10, 10], unique_vq_codes: 5420, unique_suffix_codes: 5420, logdet: 0.0000 
val ---  avg_loss: 13.1497, avg_recon_loss: 8.0308, avg_kl_loss: 10.4559, avg_vq_loss: 3.0277, ppl: 1.9133, acc: 0.7834, vq_inds: [10, 10, 10, 10], unique_vq_codes: 1360, unique_suffix_codes: 1360, val_unique_suffix_codes: 327 
update best loss 

epoch: 51,  avg_loss: 12.8114, avg_recon_loss: 7.6303, avg_kl_loss: 10.5261, avg_vq_loss: 3.0759, ppl: 1.8569, acc: 0.7941, vq_inds: [10, 10, 10, 10], unique_vq_codes: 5468, unique_suffix_codes: 5468, logdet: 0.0000 
val ---  avg_loss: 13.1630, avg_recon_loss: 7.9600, avg_kl_loss: 10.9041, avg_vq_loss: 3.0222, ppl: 1.9024, acc: 0.7857, vq_inds: [10, 10, 10, 10], unique_vq_codes: 1333, unique_suffix_codes: 1333, val_unique_suffix_codes: 322 

epoch: 52,  avg_loss: 12.8171, avg_recon_loss: 7.5560, avg_kl_loss: 10.8332, avg_vq_loss: 3.0944, ppl: 1.8458, acc: 0.7940, vq_inds: [10, 10, 10, 10], unique_vq_codes: 5500, unique_suffix_codes: 5500, logdet: 0.0000 
val ---  avg_loss: 12.9831, avg_recon_loss: 7.8342, avg_kl_loss: 10.6548, avg_vq_loss: 3.0180, ppl: 1.8831, acc: 0.7872, vq_inds: [10, 10, 10, 10], unique_vq_codes: 1340, unique_suffix_codes: 1340, val_unique_suffix_codes: 328 
update best loss 

epoch: 53,  avg_loss: 12.6627, avg_recon_loss: 7.4302, avg_kl_loss: 10.7366, avg_vq_loss: 3.0851, ppl: 1.8271, acc: 0.7987, vq_inds: [10, 10, 10, 10], unique_vq_codes: 5484, unique_suffix_codes: 5484, logdet: 0.0000 
val ---  avg_loss: 12.9896, avg_recon_loss: 7.7544, avg_kl_loss: 11.0035, avg_vq_loss: 3.0345, ppl: 1.8710, acc: 0.7902, vq_inds: [10, 10, 10, 10], unique_vq_codes: 1323, unique_suffix_codes: 1323, val_unique_suffix_codes: 310 

epoch: 54,  avg_loss: 12.8063, avg_recon_loss: 7.4714, avg_kl_loss: 11.1852, avg_vq_loss: 3.0979, ppl: 1.8332, acc: 0.7965, vq_inds: [10, 10, 10, 10], unique_vq_codes: 5493, unique_suffix_codes: 5493, logdet: 0.0000 
val ---  avg_loss: 12.9830, avg_recon_loss: 7.7407, avg_kl_loss: 11.0021, avg_vq_loss: 3.0419, ppl: 1.8690, acc: 0.7889, vq_inds: [10, 10, 10, 10], unique_vq_codes: 1356, unique_suffix_codes: 1356, val_unique_suffix_codes: 333 
update best loss 

epoch: 55,  avg_loss: 12.8065, avg_recon_loss: 7.4269, avg_kl_loss: 11.3776, avg_vq_loss: 3.1040, ppl: 1.8266, acc: 0.7984, vq_inds: [10, 10, 10, 10], unique_vq_codes: 5525, unique_suffix_codes: 5525, logdet: 0.0000 
val ---  avg_loss: 12.9405, avg_recon_loss: 7.7367, avg_kl_loss: 10.7930, avg_vq_loss: 3.0452, ppl: 1.8683, acc: 0.7910, vq_inds: [10, 10, 10, 10], unique_vq_codes: 1357, unique_suffix_codes: 1357, val_unique_suffix_codes: 328 
update best loss 

epoch: 56,  avg_loss: 12.5021, avg_recon_loss: 7.1870, avg_kl_loss: 11.0861, avg_vq_loss: 3.0979, ppl: 1.7914, acc: 0.8047, vq_inds: [10, 10, 10, 10], unique_vq_codes: 5552, unique_suffix_codes: 5552, logdet: 0.0000 
val ---  avg_loss: 12.7538, avg_recon_loss: 7.4676, avg_kl_loss: 11.1627, avg_vq_loss: 3.0537, ppl: 1.8282, acc: 0.7963, vq_inds: [10, 10, 10, 10], unique_vq_codes: 1336, unique_suffix_codes: 1336, val_unique_suffix_codes: 348 
update best loss 

epoch: 57,  avg_loss: 12.4678, avg_recon_loss: 7.1130, avg_kl_loss: 11.2310, avg_vq_loss: 3.1087, ppl: 1.7806, acc: 0.8068, vq_inds: [10, 10, 10, 10], unique_vq_codes: 5531, unique_suffix_codes: 5531, logdet: 0.0000 
val ---  avg_loss: 12.6768, avg_recon_loss: 7.4235, avg_kl_loss: 11.0305, avg_vq_loss: 3.0472, ppl: 1.8217, acc: 0.7967, vq_inds: [10, 10, 10, 10], unique_vq_codes: 1357, unique_suffix_codes: 1357, val_unique_suffix_codes: 349 
update best loss 

epoch: 58,  avg_loss: 12.3220, avg_recon_loss: 6.9610, avg_kl_loss: 11.2067, avg_vq_loss: 3.1197, ppl: 1.7588, acc: 0.8105, vq_inds: [10, 10, 10, 10], unique_vq_codes: 5581, unique_suffix_codes: 5581, logdet: 0.0000 
val ---  avg_loss: 12.5337, avg_recon_loss: 7.2051, avg_kl_loss: 11.4371, avg_vq_loss: 3.0412, ppl: 1.7898, acc: 0.8029, vq_inds: [10, 10, 10, 10], unique_vq_codes: 1355, unique_suffix_codes: 1355, val_unique_suffix_codes: 308 
update best loss 

epoch: 59,  avg_loss: 12.1887, avg_recon_loss: 6.8050, avg_kl_loss: 11.3509, avg_vq_loss: 3.1136, ppl: 1.7367, acc: 0.8160, vq_inds: [10, 10, 10, 10], unique_vq_codes: 5574, unique_suffix_codes: 5574, logdet: 0.0000 
val ---  avg_loss: 12.7623, avg_recon_loss: 7.3630, avg_kl_loss: 11.7292, avg_vq_loss: 3.0535, ppl: 1.8128, acc: 0.8015, vq_inds: [10, 10, 10, 10], unique_vq_codes: 1350, unique_suffix_codes: 1350, val_unique_suffix_codes: 277 

epoch: 60,  avg_loss: 12.3049, avg_recon_loss: 6.8525, avg_kl_loss: 11.6334, avg_vq_loss: 3.1257, ppl: 1.7434, acc: 0.8136, vq_inds: [10, 10, 10, 10], unique_vq_codes: 5547, unique_suffix_codes: 5547, logdet: 0.0000 
val ---  avg_loss: 12.6255, avg_recon_loss: 7.3175, avg_kl_loss: 11.2175, avg_vq_loss: 3.0645, ppl: 1.8061, acc: 0.7984, vq_inds: [10, 10, 10, 10], unique_vq_codes: 1345, unique_suffix_codes: 1345, val_unique_suffix_codes: 308 

epoch: 61,  avg_loss: 12.1464, avg_recon_loss: 6.6927, avg_kl_loss: 11.6237, avg_vq_loss: 3.1290, ppl: 1.7210, acc: 0.8172, vq_inds: [10, 10, 10, 10], unique_vq_codes: 5623, unique_suffix_codes: 5623, logdet: 0.0000 
val ---  avg_loss: 12.4409, avg_recon_loss: 7.0373, avg_kl_loss: 11.6647, avg_vq_loss: 3.0707, ppl: 1.7657, acc: 0.8095, vq_inds: [10, 10, 10, 10], unique_vq_codes: 1353, unique_suffix_codes: 1353, val_unique_suffix_codes: 327 
update best loss 

epoch: 62,  avg_loss: 12.0320, avg_recon_loss: 6.6030, avg_kl_loss: 11.4716, avg_vq_loss: 3.1347, ppl: 1.7085, acc: 0.8195, vq_inds: [10, 10, 10, 10], unique_vq_codes: 5566, unique_suffix_codes: 5566, logdet: 0.0000 
val ---  avg_loss: 12.4335, avg_recon_loss: 6.9818, avg_kl_loss: 11.8411, avg_vq_loss: 3.0835, ppl: 1.7578, acc: 0.8111, vq_inds: [10, 10, 10, 10], unique_vq_codes: 1354, unique_suffix_codes: 1354, val_unique_suffix_codes: 310 
update best loss 

epoch: 63,  avg_loss: 11.9490, avg_recon_loss: 6.4767, avg_kl_loss: 11.6510, avg_vq_loss: 3.1421, ppl: 1.6911, acc: 0.8229, vq_inds: [10, 10, 10, 10], unique_vq_codes: 5549, unique_suffix_codes: 5549, logdet: 0.0000 
val ---  avg_loss: 12.4653, avg_recon_loss: 7.0532, avg_kl_loss: 11.6448, avg_vq_loss: 3.0832, ppl: 1.7680, acc: 0.8076, vq_inds: [10, 10, 10, 10], unique_vq_codes: 1344, unique_suffix_codes: 1344, val_unique_suffix_codes: 323 

epoch: 64,  avg_loss: 11.9336, avg_recon_loss: 6.4564, avg_kl_loss: 11.6711, avg_vq_loss: 3.1430, ppl: 1.6883, acc: 0.8240, vq_inds: [10, 10, 10, 10], unique_vq_codes: 5516, unique_suffix_codes: 5516, logdet: 0.0000 
val ---  avg_loss: 12.7961, avg_recon_loss: 7.1145, avg_kl_loss: 12.9869, avg_vq_loss: 3.0842, ppl: 1.7768, acc: 0.8060, vq_inds: [10, 10, 10, 10], unique_vq_codes: 1332, unique_suffix_codes: 1332, val_unique_suffix_codes: 294 

epoch: 65,  avg_loss: 12.3910, avg_recon_loss: 6.6555, avg_kl_loss: 12.9561, avg_vq_loss: 3.1443, ppl: 1.7158, acc: 0.8167, vq_inds: [10, 10, 10, 10], unique_vq_codes: 5534, unique_suffix_codes: 5534, logdet: 0.0000 
val ---  avg_loss: 12.3618, avg_recon_loss: 6.9041, avg_kl_loss: 11.9134, avg_vq_loss: 3.0751, ppl: 1.7468, acc: 0.8120, vq_inds: [10, 10, 10, 10], unique_vq_codes: 1338, unique_suffix_codes: 1338, val_unique_suffix_codes: 304 
update best loss 

epoch: 66,  avg_loss: 11.8437, avg_recon_loss: 6.3303, avg_kl_loss: 11.8659, avg_vq_loss: 3.1402, ppl: 1.6711, acc: 0.8276, vq_inds: [10, 10, 10, 10], unique_vq_codes: 5511, unique_suffix_codes: 5511, logdet: 0.0000 
val ---  avg_loss: 12.3273, avg_recon_loss: 6.9082, avg_kl_loss: 11.6914, avg_vq_loss: 3.0808, ppl: 1.7474, acc: 0.8106, vq_inds: [10, 10, 10, 10], unique_vq_codes: 1338, unique_suffix_codes: 1338, val_unique_suffix_codes: 328 
update best loss 

epoch: 67,  avg_loss: 11.8222, avg_recon_loss: 6.2874, avg_kl_loss: 11.9075, avg_vq_loss: 3.1533, ppl: 1.6653, acc: 0.8277, vq_inds: [10, 10, 10, 10], unique_vq_codes: 5494, unique_suffix_codes: 5494, logdet: 0.0000 
val ---  avg_loss: 12.2180, avg_recon_loss: 6.7216, avg_kl_loss: 12.0503, avg_vq_loss: 3.0863, ppl: 1.7212, acc: 0.8197, vq_inds: [10, 10, 10, 10], unique_vq_codes: 1318, unique_suffix_codes: 1318, val_unique_suffix_codes: 315 
update best loss 

epoch: 68,  avg_loss: 11.6749, avg_recon_loss: 6.1596, avg_kl_loss: 11.8046, avg_vq_loss: 3.1545, ppl: 1.6481, acc: 0.8319, vq_inds: [10, 10, 10, 10], unique_vq_codes: 5491, unique_suffix_codes: 5491, logdet: 0.0000 
val ---  avg_loss: 12.3552, avg_recon_loss: 6.8037, avg_kl_loss: 12.2844, avg_vq_loss: 3.0947, ppl: 1.7327, acc: 0.8152, vq_inds: [10, 10, 10, 10], unique_vq_codes: 1327, unique_suffix_codes: 1327, val_unique_suffix_codes: 304 

epoch: 69,  avg_loss: 11.7058, avg_recon_loss: 6.1153, avg_kl_loss: 12.1815, avg_vq_loss: 3.1542, ppl: 1.6422, acc: 0.8324, vq_inds: [10, 10, 10, 10], unique_vq_codes: 5521, unique_suffix_codes: 5521, logdet: 0.0000 
val ---  avg_loss: 12.0523, avg_recon_loss: 6.5690, avg_kl_loss: 11.9449, avg_vq_loss: 3.0943, ppl: 1.7001, acc: 0.8200, vq_inds: [10, 10, 10, 10], unique_vq_codes: 1318, unique_suffix_codes: 1318, val_unique_suffix_codes: 356 
update best loss 

epoch: 70,  avg_loss: 11.5930, avg_recon_loss: 6.0047, avg_kl_loss: 12.1541, avg_vq_loss: 3.1574, ppl: 1.6275, acc: 0.8358, vq_inds: [10, 10, 10, 10], unique_vq_codes: 5480, unique_suffix_codes: 5480, logdet: 0.0000 
val ---  avg_loss: 12.4141, avg_recon_loss: 6.8261, avg_kl_loss: 12.4426, avg_vq_loss: 3.0995, ppl: 1.7358, acc: 0.8147, vq_inds: [10, 10, 10, 10], unique_vq_codes: 1330, unique_suffix_codes: 1330, val_unique_suffix_codes: 295 

epoch: 71,  avg_loss: 11.6125, avg_recon_loss: 5.9713, avg_kl_loss: 12.3802, avg_vq_loss: 3.1651, ppl: 1.6231, acc: 0.8359, vq_inds: [10, 10, 10, 10], unique_vq_codes: 5546, unique_suffix_codes: 5546, logdet: 0.0000 
val ---  avg_loss: 12.2298, avg_recon_loss: 6.5767, avg_kl_loss: 12.8005, avg_vq_loss: 3.0930, ppl: 1.7012, acc: 0.8196, vq_inds: [10, 10, 10, 10], unique_vq_codes: 1336, unique_suffix_codes: 1336, val_unique_suffix_codes: 290 

epoch: 72,  avg_loss: 11.6142, avg_recon_loss: 5.9414, avg_kl_loss: 12.5088, avg_vq_loss: 3.1710, ppl: 1.6192, acc: 0.8365, vq_inds: [10, 10, 10, 10], unique_vq_codes: 5522, unique_suffix_codes: 5522, logdet: 0.0000 
val ---  avg_loss: 12.1239, avg_recon_loss: 6.6181, avg_kl_loss: 12.0717, avg_vq_loss: 3.0914, ppl: 1.7069, acc: 0.8181, vq_inds: [10, 10, 10, 10], unique_vq_codes: 1330, unique_suffix_codes: 1330, val_unique_suffix_codes: 303 

epoch: 73,  avg_loss: 11.4656, avg_recon_loss: 5.8691, avg_kl_loss: 12.0916, avg_vq_loss: 3.1782, ppl: 1.6097, acc: 0.8387, vq_inds: [10, 10, 10, 10], unique_vq_codes: 5455, unique_suffix_codes: 5455, logdet: 0.0000 
val ---  avg_loss: 12.0038, avg_recon_loss: 6.4265, avg_kl_loss: 12.3054, avg_vq_loss: 3.1162, ppl: 1.6807, acc: 0.8261, vq_inds: [10, 10, 10, 10], unique_vq_codes: 1349, unique_suffix_codes: 1349, val_unique_suffix_codes: 304 
update best loss 

epoch: 74,  avg_loss: 11.4649, avg_recon_loss: 5.8177, avg_kl_loss: 12.3151, avg_vq_loss: 3.1842, ppl: 1.6030, acc: 0.8405, vq_inds: [10, 10, 10, 10], unique_vq_codes: 5503, unique_suffix_codes: 5503, logdet: 0.0000 
val ---  avg_loss: 11.9177, avg_recon_loss: 6.3343, avg_kl_loss: 12.3670, avg_vq_loss: 3.1100, ppl: 1.6682, acc: 0.8273, vq_inds: [10, 10, 10, 10], unique_vq_codes: 1322, unique_suffix_codes: 1322, val_unique_suffix_codes: 308 
update best loss 

epoch: 75,  avg_loss: 11.3994, avg_recon_loss: 5.7402, avg_kl_loss: 12.3792, avg_vq_loss: 3.1834, ppl: 1.5930, acc: 0.8422, vq_inds: [10, 10, 10, 10], unique_vq_codes: 5510, unique_suffix_codes: 5510, logdet: 0.0000 
val ---  avg_loss: 11.9151, avg_recon_loss: 6.2707, avg_kl_loss: 12.6078, avg_vq_loss: 3.1229, ppl: 1.6597, acc: 0.8321, vq_inds: [10, 10, 10, 10], unique_vq_codes: 1313, unique_suffix_codes: 1313, val_unique_suffix_codes: 329 
update best loss 

epoch: 76,  avg_loss: 11.4637, avg_recon_loss: 5.7551, avg_kl_loss: 12.6298, avg_vq_loss: 3.1827, ppl: 1.5949, acc: 0.8413, vq_inds: [10, 10, 10, 10], unique_vq_codes: 5446, unique_suffix_codes: 5446, logdet: 0.0000 
val ---  avg_loss: 12.0394, avg_recon_loss: 6.4380, avg_kl_loss: 12.4388, avg_vq_loss: 3.1136, ppl: 1.6823, acc: 0.8262, vq_inds: [10, 10, 10, 10], unique_vq_codes: 1331, unique_suffix_codes: 1331, val_unique_suffix_codes: 323 

epoch: 77,  avg_loss: 11.3492, avg_recon_loss: 5.6639, avg_kl_loss: 12.4773, avg_vq_loss: 3.1897, ppl: 1.5832, acc: 0.8439, vq_inds: [10, 10, 10, 10], unique_vq_codes: 5446, unique_suffix_codes: 5446, logdet: 0.0000 
val ---  avg_loss: 11.8878, avg_recon_loss: 6.3643, avg_kl_loss: 12.2199, avg_vq_loss: 3.0795, ppl: 1.6723, acc: 0.8244, vq_inds: [10, 10, 10, 10], unique_vq_codes: 1325, unique_suffix_codes: 1325, val_unique_suffix_codes: 309 
update best loss 

epoch: 78,  avg_loss: 11.4768, avg_recon_loss: 5.6938, avg_kl_loss: 12.9760, avg_vq_loss: 3.1878, ppl: 1.5870, acc: 0.8439, vq_inds: [10, 10, 10, 10], unique_vq_codes: 5478, unique_suffix_codes: 5478, logdet: 0.0000 
val ---  avg_loss: 11.8187, avg_recon_loss: 6.1571, avg_kl_loss: 12.7374, avg_vq_loss: 3.1141, ppl: 1.6445, acc: 0.8316, vq_inds: [10, 10, 10, 10], unique_vq_codes: 1328, unique_suffix_codes: 1328, val_unique_suffix_codes: 283 
update best loss 

epoch: 79,  avg_loss: 11.3021, avg_recon_loss: 5.5783, avg_kl_loss: 12.7079, avg_vq_loss: 3.1822, ppl: 1.5722, acc: 0.8468, vq_inds: [10, 10, 10, 10], unique_vq_codes: 5502, unique_suffix_codes: 5502, logdet: 0.0000 
val ---  avg_loss: 11.9758, avg_recon_loss: 6.2667, avg_kl_loss: 13.0456, avg_vq_loss: 3.0999, ppl: 1.6591, acc: 0.8316, vq_inds: [10, 10, 10, 10], unique_vq_codes: 1326, unique_suffix_codes: 1326, val_unique_suffix_codes: 311 

epoch: 80,  avg_loss: 11.2044, avg_recon_loss: 5.5061, avg_kl_loss: 12.5404, avg_vq_loss: 3.1902, ppl: 1.5630, acc: 0.8488, vq_inds: [10, 10, 10, 10], unique_vq_codes: 5452, unique_suffix_codes: 5452, logdet: 0.0000 
val ---  avg_loss: 11.8170, avg_recon_loss: 6.1937, avg_kl_loss: 12.5109, avg_vq_loss: 3.1211, ppl: 1.6494, acc: 0.8320, vq_inds: [10, 10, 10, 10], unique_vq_codes: 1350, unique_suffix_codes: 1350, val_unique_suffix_codes: 322 
update best loss 

epoch: 81,  avg_loss: 11.1246, avg_recon_loss: 5.4584, avg_kl_loss: 12.4065, avg_vq_loss: 3.1850, ppl: 1.5570, acc: 0.8501, vq_inds: [10, 10, 10, 10], unique_vq_codes: 5446, unique_suffix_codes: 5446, logdet: 0.0000 
val ---  avg_loss: 11.8469, avg_recon_loss: 6.1313, avg_kl_loss: 12.9022, avg_vq_loss: 3.1352, ppl: 1.6411, acc: 0.8317, vq_inds: [10, 10, 10, 10], unique_vq_codes: 1326, unique_suffix_codes: 1326, val_unique_suffix_codes: 319 

epoch: 82,  avg_loss: 11.1103, avg_recon_loss: 5.4366, avg_kl_loss: 12.3859, avg_vq_loss: 3.1965, ppl: 1.5542, acc: 0.8500, vq_inds: [10, 10, 10, 10], unique_vq_codes: 5457, unique_suffix_codes: 5457, logdet: 0.0000 
val ---  avg_loss: 11.5937, avg_recon_loss: 6.0475, avg_kl_loss: 12.1655, avg_vq_loss: 3.1131, ppl: 1.6300, acc: 0.8384, vq_inds: [10, 10, 10, 10], unique_vq_codes: 1339, unique_suffix_codes: 1339, val_unique_suffix_codes: 293 
update best loss 

epoch: 83,  avg_loss: 11.1356, avg_recon_loss: 5.4292, avg_kl_loss: 12.5515, avg_vq_loss: 3.1961, ppl: 1.5533, acc: 0.8497, vq_inds: [10, 10, 10, 10], unique_vq_codes: 5453, unique_suffix_codes: 5453, logdet: 0.0000 
val ---  avg_loss: 11.7650, avg_recon_loss: 6.0214, avg_kl_loss: 13.0564, avg_vq_loss: 3.1323, ppl: 1.6266, acc: 0.8349, vq_inds: [10, 10, 10, 10], unique_vq_codes: 1315, unique_suffix_codes: 1315, val_unique_suffix_codes: 293 

epoch: 84,  avg_loss: 11.0826, avg_recon_loss: 5.3589, avg_kl_loss: 12.6487, avg_vq_loss: 3.1939, ppl: 1.5445, acc: 0.8522, vq_inds: [10, 10, 10, 10], unique_vq_codes: 5466, unique_suffix_codes: 5466, logdet: 0.0000 
val ---  avg_loss: 11.5537, avg_recon_loss: 5.9595, avg_kl_loss: 12.3926, avg_vq_loss: 3.1157, ppl: 1.6185, acc: 0.8378, vq_inds: [10, 10, 10, 10], unique_vq_codes: 1328, unique_suffix_codes: 1328, val_unique_suffix_codes: 297 
update best loss 

epoch: 85,  avg_loss: 11.2176, avg_recon_loss: 5.3808, avg_kl_loss: 13.2018, avg_vq_loss: 3.1964, ppl: 1.5472, acc: 0.8521, vq_inds: [10, 10, 10, 10], unique_vq_codes: 5422, unique_suffix_codes: 5422, logdet: 0.0000 
val ---  avg_loss: 11.5969, avg_recon_loss: 5.8464, avg_kl_loss: 13.0858, avg_vq_loss: 3.1333, ppl: 1.6037, acc: 0.8407, vq_inds: [10, 10, 10, 10], unique_vq_codes: 1341, unique_suffix_codes: 1341, val_unique_suffix_codes: 318 

epoch: 86,  avg_loss: 11.0185, avg_recon_loss: 5.2522, avg_kl_loss: 12.8274, avg_vq_loss: 3.2008, ppl: 1.5312, acc: 0.8543, vq_inds: [10, 10, 10, 10], unique_vq_codes: 5482, unique_suffix_codes: 5482, logdet: 0.0000 
val ---  avg_loss: 11.5377, avg_recon_loss: 5.8823, avg_kl_loss: 12.6552, avg_vq_loss: 3.1243, ppl: 1.6084, acc: 0.8405, vq_inds: [10, 10, 10, 10], unique_vq_codes: 1334, unique_suffix_codes: 1334, val_unique_suffix_codes: 301 
update best loss 

epoch: 87,  avg_loss: 10.9547, avg_recon_loss: 5.2140, avg_kl_loss: 12.7459, avg_vq_loss: 3.1916, ppl: 1.5264, acc: 0.8560, vq_inds: [10, 10, 10, 10], unique_vq_codes: 5460, unique_suffix_codes: 5460, logdet: 0.0000 
val ---  avg_loss: 11.6656, avg_recon_loss: 5.9978, avg_kl_loss: 12.7552, avg_vq_loss: 3.1167, ppl: 1.6235, acc: 0.8397, vq_inds: [10, 10, 10, 10], unique_vq_codes: 1306, unique_suffix_codes: 1306, val_unique_suffix_codes: 300 

epoch: 88,  avg_loss: 10.8796, avg_recon_loss: 5.1492, avg_kl_loss: 12.6573, avg_vq_loss: 3.1990, ppl: 1.5184, acc: 0.8579, vq_inds: [10, 10, 10, 10], unique_vq_codes: 5422, unique_suffix_codes: 5422, logdet: 0.0000 
val ---  avg_loss: 11.5185, avg_recon_loss: 5.8321, avg_kl_loss: 12.7774, avg_vq_loss: 3.1309, ppl: 1.6019, acc: 0.8390, vq_inds: [10, 10, 10, 10], unique_vq_codes: 1326, unique_suffix_codes: 1326, val_unique_suffix_codes: 309 
update best loss 

epoch: 89,  avg_loss: 10.9536, avg_recon_loss: 5.2140, avg_kl_loss: 12.6946, avg_vq_loss: 3.2007, ppl: 1.5264, acc: 0.8552, vq_inds: [10, 10, 10, 10], unique_vq_codes: 5415, unique_suffix_codes: 5415, logdet: 0.0000 
val ---  avg_loss: 11.6006, avg_recon_loss: 5.8626, avg_kl_loss: 13.0661, avg_vq_loss: 3.1248, ppl: 1.6058, acc: 0.8417, vq_inds: [10, 10, 10, 10], unique_vq_codes: 1313, unique_suffix_codes: 1313, val_unique_suffix_codes: 288 

epoch: 90,  avg_loss: 10.8983, avg_recon_loss: 5.1373, avg_kl_loss: 12.8093, avg_vq_loss: 3.1991, ppl: 1.5170, acc: 0.8583, vq_inds: [10, 10, 10, 10], unique_vq_codes: 5520, unique_suffix_codes: 5520, logdet: 0.0000 
val ---  avg_loss: 11.6099, avg_recon_loss: 5.8325, avg_kl_loss: 13.2192, avg_vq_loss: 3.1335, ppl: 1.6019, acc: 0.8411, vq_inds: [10, 10, 10, 10], unique_vq_codes: 1329, unique_suffix_codes: 1329, val_unique_suffix_codes: 299 

epoch: 91,  avg_loss: 10.8576, avg_recon_loss: 5.1023, avg_kl_loss: 12.7614, avg_vq_loss: 3.2030, ppl: 1.5127, acc: 0.8588, vq_inds: [10, 10, 10, 10], unique_vq_codes: 5434, unique_suffix_codes: 5434, logdet: 0.0000 
val ---  avg_loss: 11.4052, avg_recon_loss: 5.6813, avg_kl_loss: 12.8753, avg_vq_loss: 3.1488, ppl: 1.5825, acc: 0.8472, vq_inds: [10, 10, 10, 10], unique_vq_codes: 1338, unique_suffix_codes: 1338, val_unique_suffix_codes: 300 
update best loss 

epoch: 92,  avg_loss: 10.7120, avg_recon_loss: 4.9559, avg_kl_loss: 12.7479, avg_vq_loss: 3.2065, ppl: 1.4948, acc: 0.8629, vq_inds: [10, 10, 10, 10], unique_vq_codes: 5423, unique_suffix_codes: 5423, logdet: 0.0000 
val ---  avg_loss: 11.2834, avg_recon_loss: 5.6140, avg_kl_loss: 12.6880, avg_vq_loss: 3.1318, ppl: 1.5739, acc: 0.8461, vq_inds: [10, 10, 10, 10], unique_vq_codes: 1333, unique_suffix_codes: 1333, val_unique_suffix_codes: 302 
update best loss 

epoch: 93,  avg_loss: 10.7944, avg_recon_loss: 5.0032, avg_kl_loss: 12.9028, avg_vq_loss: 3.2106, ppl: 1.5006, acc: 0.8615, vq_inds: [10, 10, 10, 10], unique_vq_codes: 5404, unique_suffix_codes: 5404, logdet: 0.0000 
val ---  avg_loss: 11.4403, avg_recon_loss: 5.6142, avg_kl_loss: 13.3804, avg_vq_loss: 3.1501, ppl: 1.5739, acc: 0.8447, vq_inds: [10, 10, 10, 10], unique_vq_codes: 1368, unique_suffix_codes: 1368, val_unique_suffix_codes: 308 

epoch: 94,  avg_loss: 10.7232, avg_recon_loss: 4.8981, avg_kl_loss: 13.0649, avg_vq_loss: 3.2121, ppl: 1.4878, acc: 0.8649, vq_inds: [10, 10, 10, 10], unique_vq_codes: 5496, unique_suffix_codes: 5496, logdet: 0.0000 
val ---  avg_loss: 11.6003, avg_recon_loss: 5.8764, avg_kl_loss: 12.9353, avg_vq_loss: 3.1368, ppl: 1.6076, acc: 0.8394, vq_inds: [10, 10, 10, 10], unique_vq_codes: 1324, unique_suffix_codes: 1324, val_unique_suffix_codes: 299 

epoch: 95,  avg_loss: 10.8544, avg_recon_loss: 5.0128, avg_kl_loss: 13.1125, avg_vq_loss: 3.2191, ppl: 1.5017, acc: 0.8615, vq_inds: [10, 10, 10, 10], unique_vq_codes: 5434, unique_suffix_codes: 5434, logdet: 0.0000 
val ---  avg_loss: 11.3917, avg_recon_loss: 5.6792, avg_kl_loss: 12.7733, avg_vq_loss: 3.1579, ppl: 1.5822, acc: 0.8435, vq_inds: [10, 10, 10, 10], unique_vq_codes: 1343, unique_suffix_codes: 1343, val_unique_suffix_codes: 326 

epoch: 96,  avg_loss: 10.6533, avg_recon_loss: 4.8872, avg_kl_loss: 12.7784, avg_vq_loss: 3.2104, ppl: 1.4865, acc: 0.8645, vq_inds: [10, 10, 10, 10], unique_vq_codes: 5490, unique_suffix_codes: 5490, logdet: 0.0000 
val ---  avg_loss: 11.5450, avg_recon_loss: 5.6567, avg_kl_loss: 13.7097, avg_vq_loss: 3.1463, ppl: 1.5793, acc: 0.8450, vq_inds: [10, 10, 10, 10], unique_vq_codes: 1336, unique_suffix_codes: 1336, val_unique_suffix_codes: 288 

epoch: 97,  avg_loss: 11.2151, avg_recon_loss: 5.1888, avg_kl_loss: 14.0381, avg_vq_loss: 3.2187, ppl: 1.5233, acc: 0.8569, vq_inds: [10, 10, 10, 10], unique_vq_codes: 5437, unique_suffix_codes: 5437, logdet: 0.0000 
val ---  avg_loss: 11.5667, avg_recon_loss: 5.7403, avg_kl_loss: 13.2911, avg_vq_loss: 3.1681, ppl: 1.5901, acc: 0.8438, vq_inds: [10, 10, 10, 10], unique_vq_codes: 1343, unique_suffix_codes: 1343, val_unique_suffix_codes: 298 

epoch: 98,  avg_loss: 10.7713, avg_recon_loss: 4.9419, avg_kl_loss: 13.0381, avg_vq_loss: 3.2218, ppl: 1.4931, acc: 0.8636, vq_inds: [10, 10, 10, 10], unique_vq_codes: 5465, unique_suffix_codes: 5465, logdet: 0.0000 
val ---  avg_loss: 11.3777, avg_recon_loss: 5.6228, avg_kl_loss: 12.9785, avg_vq_loss: 3.1591, ppl: 1.5750, acc: 0.8467, vq_inds: [10, 10, 10, 10], unique_vq_codes: 1337, unique_suffix_codes: 1337, val_unique_suffix_codes: 294 

epoch: 99,  avg_loss: 10.5827, avg_recon_loss: 4.7704, avg_kl_loss: 12.9352, avg_vq_loss: 3.2252, ppl: 1.4725, acc: 0.8683, vq_inds: [10, 10, 10, 10], unique_vq_codes: 5437, unique_suffix_codes: 5437, logdet: 0.0000 
val ---  avg_loss: 11.2747, avg_recon_loss: 5.5728, avg_kl_loss: 12.7331, avg_vq_loss: 3.1553, ppl: 1.5687, acc: 0.8515, vq_inds: [10, 10, 10, 10], unique_vq_codes: 1329, unique_suffix_codes: 1329, val_unique_suffix_codes: 315 
update best loss 

epoch: 100,  avg_loss: 10.5579, avg_recon_loss: 4.7582, avg_kl_loss: 12.8413, avg_vq_loss: 3.2315, ppl: 1.4710, acc: 0.8678, vq_inds: [10, 10, 10, 10], unique_vq_codes: 5450, unique_suffix_codes: 5450, logdet: 0.0000 
val ---  avg_loss: 11.1605, avg_recon_loss: 5.4260, avg_kl_loss: 12.8426, avg_vq_loss: 3.1660, ppl: 1.5502, acc: 0.8536, vq_inds: [10, 10, 10, 10], unique_vq_codes: 1347, unique_suffix_codes: 1347, val_unique_suffix_codes: 328 
update best loss 

epoch: 101,  avg_loss: 10.5325, avg_recon_loss: 4.7086, avg_kl_loss: 12.9366, avg_vq_loss: 3.2366, ppl: 1.4651, acc: 0.8700, vq_inds: [10, 10, 10, 10], unique_vq_codes: 5443, unique_suffix_codes: 5443, logdet: 0.0000 
val ---  avg_loss: 11.5118, avg_recon_loss: 5.6743, avg_kl_loss: 13.3213, avg_vq_loss: 3.1733, ppl: 1.5816, acc: 0.8476, vq_inds: [10, 10, 10, 10], unique_vq_codes: 1337, unique_suffix_codes: 1337, val_unique_suffix_codes: 302 

epoch: 102,  avg_loss: 10.8301, avg_recon_loss: 4.8654, avg_kl_loss: 13.5869, avg_vq_loss: 3.2473, ppl: 1.4839, acc: 0.8651, vq_inds: [10, 10, 10, 10], unique_vq_codes: 5418, unique_suffix_codes: 5418, logdet: 0.0000 
val ---  avg_loss: 11.2834, avg_recon_loss: 5.5374, avg_kl_loss: 12.8485, avg_vq_loss: 3.1762, ppl: 1.5642, acc: 0.8496, vq_inds: [10, 10, 10, 10], unique_vq_codes: 1352, unique_suffix_codes: 1352, val_unique_suffix_codes: 303 

epoch: 103,  avg_loss: 10.5053, avg_recon_loss: 4.6576, avg_kl_loss: 13.0301, avg_vq_loss: 3.2417, ppl: 1.4591, acc: 0.8719, vq_inds: [10, 10, 10, 10], unique_vq_codes: 5463, unique_suffix_codes: 5463, logdet: 0.0000 
val ---  avg_loss: 11.3531, avg_recon_loss: 5.5406, avg_kl_loss: 13.1764, avg_vq_loss: 3.1772, ppl: 1.5646, acc: 0.8509, vq_inds: [10, 10, 10, 10], unique_vq_codes: 1356, unique_suffix_codes: 1356, val_unique_suffix_codes: 314 

epoch: 104,  avg_loss: 10.4238, avg_recon_loss: 4.5863, avg_kl_loss: 12.9880, avg_vq_loss: 3.2399, ppl: 1.4507, acc: 0.8738, vq_inds: [10, 10, 10, 10], unique_vq_codes: 5443, unique_suffix_codes: 5443, logdet: 0.0000 
val ---  avg_loss: 11.0467, avg_recon_loss: 5.3237, avg_kl_loss: 12.7482, avg_vq_loss: 3.1734, ppl: 1.5374, acc: 0.8555, vq_inds: [10, 10, 10, 10], unique_vq_codes: 1352, unique_suffix_codes: 1352, val_unique_suffix_codes: 330 
update best loss 

epoch: 105,  avg_loss: 10.4071, avg_recon_loss: 4.5580, avg_kl_loss: 12.9810, avg_vq_loss: 3.2528, ppl: 1.4473, acc: 0.8739, vq_inds: [10, 10, 10, 10], unique_vq_codes: 5497, unique_suffix_codes: 5497, logdet: 0.0000 
val ---  avg_loss: 11.2128, avg_recon_loss: 5.4448, avg_kl_loss: 12.8851, avg_vq_loss: 3.1910, ppl: 1.5525, acc: 0.8512, vq_inds: [10, 10, 10, 10], unique_vq_codes: 1350, unique_suffix_codes: 1350, val_unique_suffix_codes: 326 

epoch: 106,  avg_loss: 10.4793, avg_recon_loss: 4.6304, avg_kl_loss: 13.0080, avg_vq_loss: 3.2473, ppl: 1.4559, acc: 0.8726, vq_inds: [10, 10, 10, 10], unique_vq_codes: 5427, unique_suffix_codes: 5427, logdet: 0.0000 
val ---  avg_loss: 11.1290, avg_recon_loss: 5.3726, avg_kl_loss: 12.8723, avg_vq_loss: 3.1820, ppl: 1.5435, acc: 0.8564, vq_inds: [10, 10, 10, 10], unique_vq_codes: 1346, unique_suffix_codes: 1346, val_unique_suffix_codes: 317 

epoch: 107,  avg_loss: 10.4797, avg_recon_loss: 4.5778, avg_kl_loss: 13.2974, avg_vq_loss: 3.2424, ppl: 1.4497, acc: 0.8742, vq_inds: [10, 10, 10, 10], unique_vq_codes: 5433, unique_suffix_codes: 5433, logdet: 0.0000 
val ---  avg_loss: 13.0471, avg_recon_loss: 6.1890, avg_kl_loss: 18.2189, avg_vq_loss: 3.2143, ppl: 1.6487, acc: 0.8291, vq_inds: [10, 10, 10, 10], unique_vq_codes: 1333, unique_suffix_codes: 1333, val_unique_suffix_codes: 324 

epoch: 108,  avg_loss: 11.0006, avg_recon_loss: 4.8402, avg_kl_loss: 14.5649, avg_vq_loss: 3.2475, ppl: 1.4808, acc: 0.8655, vq_inds: [10, 10, 10, 10], unique_vq_codes: 5400, unique_suffix_codes: 5400, logdet: 0.0000 
val ---  avg_loss: 11.4116, avg_recon_loss: 5.4711, avg_kl_loss: 13.8362, avg_vq_loss: 3.1733, ppl: 1.5558, acc: 0.8505, vq_inds: [10, 10, 10, 10], unique_vq_codes: 1338, unique_suffix_codes: 1338, val_unique_suffix_codes: 313 

epoch: 109,  avg_loss: 10.4094, avg_recon_loss: 4.5260, avg_kl_loss: 13.2235, avg_vq_loss: 3.2387, ppl: 1.4436, acc: 0.8751, vq_inds: [10, 10, 10, 10], unique_vq_codes: 5354, unique_suffix_codes: 5354, logdet: 0.0000 
val ---  avg_loss: 11.1813, avg_recon_loss: 5.3499, avg_kl_loss: 13.2286, avg_vq_loss: 3.1856, ppl: 1.5407, acc: 0.8541, vq_inds: [10, 10, 10, 10], unique_vq_codes: 1337, unique_suffix_codes: 1337, val_unique_suffix_codes: 315 

epoch: 110,  avg_loss: 10.3659, avg_recon_loss: 4.4917, avg_kl_loss: 13.1482, avg_vq_loss: 3.2445, ppl: 1.4396, acc: 0.8759, vq_inds: [10, 10, 10, 10], unique_vq_codes: 5399, unique_suffix_codes: 5399, logdet: 0.0000 
val ---  avg_loss: 10.8894, avg_recon_loss: 5.0923, avg_kl_loss: 13.0865, avg_vq_loss: 3.1799, ppl: 1.5089, acc: 0.8616, vq_inds: [10, 10, 10, 10], unique_vq_codes: 1343, unique_suffix_codes: 1343, val_unique_suffix_codes: 337 
update best loss 

epoch: 111,  avg_loss: 10.3857, avg_recon_loss: 4.4856, avg_kl_loss: 13.2930, avg_vq_loss: 3.2415, ppl: 1.4389, acc: 0.8760, vq_inds: [10, 10, 10, 10], unique_vq_codes: 5396, unique_suffix_codes: 5396, logdet: 0.0000 
val ---  avg_loss: 10.9350, avg_recon_loss: 5.1661, avg_kl_loss: 13.0507, avg_vq_loss: 3.1588, ppl: 1.5180, acc: 0.8599, vq_inds: [10, 10, 10, 10], unique_vq_codes: 1331, unique_suffix_codes: 1331, val_unique_suffix_codes: 322 

epoch: 112,  avg_loss: 10.3285, avg_recon_loss: 4.4580, avg_kl_loss: 13.1540, avg_vq_loss: 3.2397, ppl: 1.4356, acc: 0.8765, vq_inds: [10, 10, 10, 10], unique_vq_codes: 5400, unique_suffix_codes: 5400, logdet: 0.0000 
val ---  avg_loss: 11.0415, avg_recon_loss: 5.1727, avg_kl_loss: 13.4908, avg_vq_loss: 3.1706, ppl: 1.5188, acc: 0.8591, vq_inds: [10, 10, 10, 10], unique_vq_codes: 1347, unique_suffix_codes: 1347, val_unique_suffix_codes: 334 

epoch: 113,  avg_loss: 10.3199, avg_recon_loss: 4.4472, avg_kl_loss: 13.1160, avg_vq_loss: 3.2495, ppl: 1.4344, acc: 0.8768, vq_inds: [10, 10, 10, 10], unique_vq_codes: 5414, unique_suffix_codes: 5414, logdet: 0.0000 
val ---  avg_loss: 10.9062, avg_recon_loss: 5.1398, avg_kl_loss: 12.9863, avg_vq_loss: 3.1691, ppl: 1.5147, acc: 0.8597, vq_inds: [10, 10, 10, 10], unique_vq_codes: 1332, unique_suffix_codes: 1332, val_unique_suffix_codes: 320 

epoch: 114,  avg_loss: 10.3816, avg_recon_loss: 4.4564, avg_kl_loss: 13.3996, avg_vq_loss: 3.2453, ppl: 1.4354, acc: 0.8764, vq_inds: [10, 10, 10, 10], unique_vq_codes: 5423, unique_suffix_codes: 5423, logdet: 0.0000 
val ---  avg_loss: 11.1244, avg_recon_loss: 5.1841, avg_kl_loss: 13.7569, avg_vq_loss: 3.1890, ppl: 1.5202, acc: 0.8575, vq_inds: [10, 10, 10, 10], unique_vq_codes: 1351, unique_suffix_codes: 1351, val_unique_suffix_codes: 307 

epoch: 115,  avg_loss: 10.2985, avg_recon_loss: 4.3768, avg_kl_loss: 13.3804, avg_vq_loss: 3.2457, ppl: 1.4262, acc: 0.8792, vq_inds: [10, 10, 10, 10], unique_vq_codes: 5402, unique_suffix_codes: 5402, logdet: 0.0000 
val ---  avg_loss: 10.9469, avg_recon_loss: 5.0344, avg_kl_loss: 13.6063, avg_vq_loss: 3.1912, ppl: 1.5019, acc: 0.8605, vq_inds: [10, 10, 10, 10], unique_vq_codes: 1349, unique_suffix_codes: 1349, val_unique_suffix_codes: 321 

epoch: 116,  avg_loss: 10.1356, avg_recon_loss: 4.2755, avg_kl_loss: 13.0700, avg_vq_loss: 3.2460, ppl: 1.4145, acc: 0.8812, vq_inds: [10, 10, 10, 10], unique_vq_codes: 5417, unique_suffix_codes: 5417, logdet: 0.0000 
val ---  avg_loss: 10.9496, avg_recon_loss: 5.1707, avg_kl_loss: 12.9688, avg_vq_loss: 3.1852, ppl: 1.5185, acc: 0.8584, vq_inds: [10, 10, 10, 10], unique_vq_codes: 1333, unique_suffix_codes: 1333, val_unique_suffix_codes: 297 

epoch: 117,  avg_loss: 10.2735, avg_recon_loss: 4.3528, avg_kl_loss: 13.3459, avg_vq_loss: 3.2515, ppl: 1.4234, acc: 0.8794, vq_inds: [10, 10, 10, 10], unique_vq_codes: 5447, unique_suffix_codes: 5447, logdet: 0.0000 
val ---  avg_loss: 10.8941, avg_recon_loss: 5.0567, avg_kl_loss: 13.3192, avg_vq_loss: 3.1736, ppl: 1.5046, acc: 0.8608, vq_inds: [10, 10, 10, 10], unique_vq_codes: 1342, unique_suffix_codes: 1342, val_unique_suffix_codes: 316 

epoch: 118,  avg_loss: 10.1495, avg_recon_loss: 4.2643, avg_kl_loss: 13.2217, avg_vq_loss: 3.2408, ppl: 1.4133, acc: 0.8824, vq_inds: [10, 10, 10, 10], unique_vq_codes: 5423, unique_suffix_codes: 5423, logdet: 0.0000 
val ---  avg_loss: 11.4565, avg_recon_loss: 5.3252, avg_kl_loss: 14.8001, avg_vq_loss: 3.1713, ppl: 1.5376, acc: 0.8547, vq_inds: [10, 10, 10, 10], unique_vq_codes: 1351, unique_suffix_codes: 1351, val_unique_suffix_codes: 339 

epoch: 119,  avg_loss: 10.7166, avg_recon_loss: 4.5123, avg_kl_loss: 14.7683, avg_vq_loss: 3.2506, ppl: 1.4420, acc: 0.8755, vq_inds: [10, 10, 10, 10], unique_vq_codes: 5425, unique_suffix_codes: 5425, logdet: 0.0000 
val ---  avg_loss: 10.7694, avg_recon_loss: 4.8602, avg_kl_loss: 13.5599, avg_vq_loss: 3.1973, ppl: 1.4809, acc: 0.8697, vq_inds: [10, 10, 10, 10], unique_vq_codes: 1344, unique_suffix_codes: 1344, val_unique_suffix_codes: 289 
update best loss 

epoch: 120,  avg_loss: 10.1907, avg_recon_loss: 4.2731, avg_kl_loss: 13.3112, avg_vq_loss: 3.2553, ppl: 1.4143, acc: 0.8819, vq_inds: [10, 10, 10, 10], unique_vq_codes: 5414, unique_suffix_codes: 5414, logdet: 0.0000 
val ---  avg_loss: 10.8517, avg_recon_loss: 4.9964, avg_kl_loss: 13.4267, avg_vq_loss: 3.1699, ppl: 1.4973, acc: 0.8642, vq_inds: [10, 10, 10, 10], unique_vq_codes: 1325, unique_suffix_codes: 1325, val_unique_suffix_codes: 307 

epoch: 121,  avg_loss: 10.1833, avg_recon_loss: 4.2795, avg_kl_loss: 13.2594, avg_vq_loss: 3.2519, ppl: 1.4150, acc: 0.8817, vq_inds: [10, 10, 10, 10], unique_vq_codes: 5361, unique_suffix_codes: 5361, logdet: 0.0000 
val ---  avg_loss: 10.7383, avg_recon_loss: 4.8789, avg_kl_loss: 13.3763, avg_vq_loss: 3.1841, ppl: 1.4832, acc: 0.8690, vq_inds: [10, 10, 10, 10], unique_vq_codes: 1328, unique_suffix_codes: 1328, val_unique_suffix_codes: 272 
update best loss 

epoch: 122,  avg_loss: 10.0167, avg_recon_loss: 4.1285, avg_kl_loss: 13.1986, avg_vq_loss: 3.2485, ppl: 1.3978, acc: 0.8856, vq_inds: [10, 10, 10, 10], unique_vq_codes: 5443, unique_suffix_codes: 5443, logdet: 0.0000 
val ---  avg_loss: 10.7722, avg_recon_loss: 4.8663, avg_kl_loss: 13.6340, avg_vq_loss: 3.1791, ppl: 1.4816, acc: 0.8694, vq_inds: [10, 10, 10, 10], unique_vq_codes: 1341, unique_suffix_codes: 1341, val_unique_suffix_codes: 293 

epoch: 123,  avg_loss: 10.0516, avg_recon_loss: 4.1458, avg_kl_loss: 13.2828, avg_vq_loss: 3.2493, ppl: 1.3997, acc: 0.8860, vq_inds: [10, 10, 10, 10], unique_vq_codes: 5334, unique_suffix_codes: 5334, logdet: 0.0000 
val ---  avg_loss: 11.1885, avg_recon_loss: 5.1822, avg_kl_loss: 14.1117, avg_vq_loss: 3.1839, ppl: 1.5200, acc: 0.8599, vq_inds: [10, 10, 10, 10], unique_vq_codes: 1338, unique_suffix_codes: 1338, val_unique_suffix_codes: 315 

epoch: 124,  avg_loss: 10.1097, avg_recon_loss: 4.1717, avg_kl_loss: 13.4382, avg_vq_loss: 3.2504, ppl: 1.4027, acc: 0.8845, vq_inds: [10, 10, 10, 10], unique_vq_codes: 5391, unique_suffix_codes: 5391, logdet: 0.0000 
val ---  avg_loss: 10.6552, avg_recon_loss: 4.9037, avg_kl_loss: 12.8917, avg_vq_loss: 3.1731, ppl: 1.4861, acc: 0.8659, vq_inds: [10, 10, 10, 10], unique_vq_codes: 1331, unique_suffix_codes: 1331, val_unique_suffix_codes: 291 
update best loss 

epoch: 125,  avg_loss: 10.1650, avg_recon_loss: 4.1865, avg_kl_loss: 13.5806, avg_vq_loss: 3.2623, ppl: 1.4044, acc: 0.8836, vq_inds: [10, 10, 10, 10], unique_vq_codes: 5368, unique_suffix_codes: 5368, logdet: 0.0000 
val ---  avg_loss: 10.7326, avg_recon_loss: 4.8852, avg_kl_loss: 13.3009, avg_vq_loss: 3.1872, ppl: 1.4839, acc: 0.8701, vq_inds: [10, 10, 10, 10], unique_vq_codes: 1346, unique_suffix_codes: 1346, val_unique_suffix_codes: 316 

epoch: 126,  avg_loss: 10.0078, avg_recon_loss: 4.0942, avg_kl_loss: 13.3153, avg_vq_loss: 3.2505, ppl: 1.3939, acc: 0.8863, vq_inds: [10, 10, 10, 10], unique_vq_codes: 5430, unique_suffix_codes: 5430, logdet: 0.0000 
val ---  avg_loss: 10.6559, avg_recon_loss: 4.8043, avg_kl_loss: 13.3784, avg_vq_loss: 3.1759, ppl: 1.4742, acc: 0.8709, vq_inds: [10, 10, 10, 10], unique_vq_codes: 1333, unique_suffix_codes: 1333, val_unique_suffix_codes: 299 

epoch: 127,  avg_loss: 9.9742, avg_recon_loss: 4.0658, avg_kl_loss: 13.2516, avg_vq_loss: 3.2580, ppl: 1.3907, acc: 0.8863, vq_inds: [10, 10, 10, 10], unique_vq_codes: 5367, unique_suffix_codes: 5367, logdet: 0.0000 
val ---  avg_loss: 10.9520, avg_recon_loss: 5.0747, avg_kl_loss: 13.3884, avg_vq_loss: 3.1996, ppl: 1.5068, acc: 0.8625, vq_inds: [10, 10, 10, 10], unique_vq_codes: 1338, unique_suffix_codes: 1338, val_unique_suffix_codes: 302 

epoch: 128,  avg_loss: 10.0000, avg_recon_loss: 4.0803, avg_kl_loss: 13.3106, avg_vq_loss: 3.2576, ppl: 1.3923, acc: 0.8869, vq_inds: [10, 10, 10, 10], unique_vq_codes: 5340, unique_suffix_codes: 5340, logdet: 0.0000 
val ---  avg_loss: 10.7828, avg_recon_loss: 4.9248, avg_kl_loss: 13.3720, avg_vq_loss: 3.1836, ppl: 1.4887, acc: 0.8680, vq_inds: [10, 10, 10, 10], unique_vq_codes: 1334, unique_suffix_codes: 1334, val_unique_suffix_codes: 317 

epoch: 129,  avg_loss: 10.0263, avg_recon_loss: 4.0739, avg_kl_loss: 13.4540, avg_vq_loss: 3.2615, ppl: 1.3916, acc: 0.8869, vq_inds: [10, 10, 10, 10], unique_vq_codes: 5411, unique_suffix_codes: 5411, logdet: 0.0000 
val ---  avg_loss: 10.6308, avg_recon_loss: 4.7270, avg_kl_loss: 13.5904, avg_vq_loss: 3.1857, ppl: 1.4651, acc: 0.8706, vq_inds: [10, 10, 10, 10], unique_vq_codes: 1328, unique_suffix_codes: 1328, val_unique_suffix_codes: 297 
update best loss 

epoch: 130,  avg_loss: 9.9366, avg_recon_loss: 3.9930, avg_kl_loss: 13.3972, avg_vq_loss: 3.2642, ppl: 1.3825, acc: 0.8891, vq_inds: [10, 10, 10, 10], unique_vq_codes: 5362, unique_suffix_codes: 5362, logdet: 0.0000 
val ---  avg_loss: 10.5646, avg_recon_loss: 4.7977, avg_kl_loss: 12.8824, avg_vq_loss: 3.1904, ppl: 1.4735, acc: 0.8722, vq_inds: [10, 10, 10, 10], unique_vq_codes: 1332, unique_suffix_codes: 1332, val_unique_suffix_codes: 290 
update best loss 

epoch: 131,  avg_loss: 9.8345, avg_recon_loss: 3.9484, avg_kl_loss: 13.1464, avg_vq_loss: 3.2569, ppl: 1.3775, acc: 0.8906, vq_inds: [10, 10, 10, 10], unique_vq_codes: 5364, unique_suffix_codes: 5364, logdet: 0.0000 
val ---  avg_loss: 10.5705, avg_recon_loss: 4.7313, avg_kl_loss: 13.2938, avg_vq_loss: 3.1804, ppl: 1.4656, acc: 0.8721, vq_inds: [10, 10, 10, 10], unique_vq_codes: 1316, unique_suffix_codes: 1316, val_unique_suffix_codes: 305 

epoch: 132,  avg_loss: 10.0195, avg_recon_loss: 4.0003, avg_kl_loss: 13.7881, avg_vq_loss: 3.2616, ppl: 1.3833, acc: 0.8900, vq_inds: [10, 10, 10, 10], unique_vq_codes: 5358, unique_suffix_codes: 5358, logdet: 0.0000 
val ---  avg_loss: 11.3526, avg_recon_loss: 5.0475, avg_kl_loss: 15.5385, avg_vq_loss: 3.1973, ppl: 1.5035, acc: 0.8645, vq_inds: [10, 10, 10, 10], unique_vq_codes: 1323, unique_suffix_codes: 1323, val_unique_suffix_codes: 296 

epoch: 133,  avg_loss: 10.1449, avg_recon_loss: 4.0669, avg_kl_loss: 14.1352, avg_vq_loss: 3.2509, ppl: 1.3908, acc: 0.8881, vq_inds: [10, 10, 10, 10], unique_vq_codes: 5360, unique_suffix_codes: 5360, logdet: 0.0000 
val ---  avg_loss: 10.5408, avg_recon_loss: 4.7154, avg_kl_loss: 13.2634, avg_vq_loss: 3.1727, ppl: 1.4637, acc: 0.8742, vq_inds: [10, 10, 10, 10], unique_vq_codes: 1344, unique_suffix_codes: 1344, val_unique_suffix_codes: 299 
update best loss 

epoch: 134,  avg_loss: 9.7869, avg_recon_loss: 3.8710, avg_kl_loss: 13.3149, avg_vq_loss: 3.2529, ppl: 1.3689, acc: 0.8929, vq_inds: [10, 10, 10, 10], unique_vq_codes: 5367, unique_suffix_codes: 5367, logdet: 0.0000 
val ---  avg_loss: 10.4054, avg_recon_loss: 4.6221, avg_kl_loss: 13.0981, avg_vq_loss: 3.1637, ppl: 1.4527, acc: 0.8756, vq_inds: [10, 10, 10, 10], unique_vq_codes: 1321, unique_suffix_codes: 1321, val_unique_suffix_codes: 276 
update best loss 

epoch: 135,  avg_loss: 9.8144, avg_recon_loss: 3.9064, avg_kl_loss: 13.2529, avg_vq_loss: 3.2575, ppl: 1.3728, acc: 0.8930, vq_inds: [10, 10, 10, 10], unique_vq_codes: 5394, unique_suffix_codes: 5394, logdet: 0.0000 
val ---  avg_loss: 10.6283, avg_recon_loss: 4.7936, avg_kl_loss: 13.1929, avg_vq_loss: 3.1960, ppl: 1.4730, acc: 0.8733, vq_inds: [10, 10, 10, 10], unique_vq_codes: 1337, unique_suffix_codes: 1337, val_unique_suffix_codes: 285 

epoch: 136,  avg_loss: 9.7661, avg_recon_loss: 3.8706, avg_kl_loss: 13.1888, avg_vq_loss: 3.2577, ppl: 1.3688, acc: 0.8929, vq_inds: [10, 10, 10, 10], unique_vq_codes: 5378, unique_suffix_codes: 5378, logdet: 0.0000 
val ---  avg_loss: 10.6170, avg_recon_loss: 4.7418, avg_kl_loss: 13.3701, avg_vq_loss: 3.2012, ppl: 1.4668, acc: 0.8735, vq_inds: [10, 10, 10, 10], unique_vq_codes: 1331, unique_suffix_codes: 1331, val_unique_suffix_codes: 296 

epoch: 137,  avg_loss: 9.8846, avg_recon_loss: 3.9333, avg_kl_loss: 13.4646, avg_vq_loss: 3.2584, ppl: 1.3758, acc: 0.8918, vq_inds: [10, 10, 10, 10], unique_vq_codes: 5386, unique_suffix_codes: 5386, logdet: 0.0000 
val ---  avg_loss: 12.6639, avg_recon_loss: 5.7233, avg_kl_loss: 18.6210, avg_vq_loss: 3.2164, ppl: 1.5879, acc: 0.8490, vq_inds: [10, 10, 10, 10], unique_vq_codes: 1322, unique_suffix_codes: 1322, val_unique_suffix_codes: 323 

epoch: 138,  avg_loss: 10.5477, avg_recon_loss: 4.1922, avg_kl_loss: 15.5176, avg_vq_loss: 3.2520, ppl: 1.4050, acc: 0.8840, vq_inds: [10, 10, 10, 10], unique_vq_codes: 5307, unique_suffix_codes: 5307, logdet: 0.0000 
val ---  avg_loss: 10.6777, avg_recon_loss: 4.7374, avg_kl_loss: 13.7935, avg_vq_loss: 3.1816, ppl: 1.4663, acc: 0.8713, vq_inds: [10, 10, 10, 10], unique_vq_codes: 1333, unique_suffix_codes: 1333, val_unique_suffix_codes: 297 

epoch: 139,  avg_loss: 9.7924, avg_recon_loss: 3.8407, avg_kl_loss: 13.5221, avg_vq_loss: 3.2473, ppl: 1.3655, acc: 0.8947, vq_inds: [10, 10, 10, 10], unique_vq_codes: 5296, unique_suffix_codes: 5296, logdet: 0.0000 
val ---  avg_loss: 10.4494, avg_recon_loss: 4.6443, avg_kl_loss: 13.1557, avg_vq_loss: 3.1740, ppl: 1.4553, acc: 0.8752, vq_inds: [10, 10, 10, 10], unique_vq_codes: 1314, unique_suffix_codes: 1314, val_unique_suffix_codes: 289 

epoch: 140,  avg_loss: 9.6826, avg_recon_loss: 3.7709, avg_kl_loss: 13.3041, avg_vq_loss: 3.2509, ppl: 1.3578, acc: 0.8966, vq_inds: [10, 10, 10, 10], unique_vq_codes: 5350, unique_suffix_codes: 5350, logdet: 0.0000 
val ---  avg_loss: 10.3828, avg_recon_loss: 4.4896, avg_kl_loss: 13.5296, avg_vq_loss: 3.1873, ppl: 1.4372, acc: 0.8784, vq_inds: [10, 10, 10, 10], unique_vq_codes: 1329, unique_suffix_codes: 1329, val_unique_suffix_codes: 320 
update best loss 

epoch: 141,  avg_loss: 9.7298, avg_recon_loss: 3.7997, avg_kl_loss: 13.4089, avg_vq_loss: 3.2483, ppl: 1.3610, acc: 0.8956, vq_inds: [10, 10, 10, 10], unique_vq_codes: 5336, unique_suffix_codes: 5336, logdet: 0.0000 
val ---  avg_loss: 10.5688, avg_recon_loss: 4.7383, avg_kl_loss: 13.1754, avg_vq_loss: 3.1954, ppl: 1.4664, acc: 0.8733, vq_inds: [10, 10, 10, 10], unique_vq_codes: 1331, unique_suffix_codes: 1331, val_unique_suffix_codes: 307 

epoch: 142,  avg_loss: 9.7185, avg_recon_loss: 3.8019, avg_kl_loss: 13.3639, avg_vq_loss: 3.2439, ppl: 1.3612, acc: 0.8954, vq_inds: [10, 10, 10, 10], unique_vq_codes: 5296, unique_suffix_codes: 5296, logdet: 0.0000 
val ---  avg_loss: 10.5873, avg_recon_loss: 4.6054, avg_kl_loss: 14.0798, avg_vq_loss: 3.1659, ppl: 1.4507, acc: 0.8770, vq_inds: [10, 10, 10, 10], unique_vq_codes: 1327, unique_suffix_codes: 1327, val_unique_suffix_codes: 340 

epoch: 143,  avg_loss: 9.6327, avg_recon_loss: 3.7200, avg_kl_loss: 13.3440, avg_vq_loss: 3.2439, ppl: 1.3522, acc: 0.8972, vq_inds: [10, 10, 10, 10], unique_vq_codes: 5299, unique_suffix_codes: 5299, logdet: 0.0000 
val ---  avg_loss: 10.3494, avg_recon_loss: 4.6423, avg_kl_loss: 12.6540, avg_vq_loss: 3.1763, ppl: 1.4551, acc: 0.8757, vq_inds: [10, 10, 10, 10], unique_vq_codes: 1332, unique_suffix_codes: 1332, val_unique_suffix_codes: 298 
update best loss 

epoch: 144,  avg_loss: 9.6827, avg_recon_loss: 3.7297, avg_kl_loss: 13.5624, avg_vq_loss: 3.2405, ppl: 1.3533, acc: 0.8976, vq_inds: [10, 10, 10, 10], unique_vq_codes: 5335, unique_suffix_codes: 5335, logdet: 0.0000 
val ---  avg_loss: 12.1525, avg_recon_loss: 5.4561, avg_kl_loss: 17.5296, avg_vq_loss: 3.1905, ppl: 1.5540, acc: 0.8535, vq_inds: [10, 10, 10, 10], unique_vq_codes: 1340, unique_suffix_codes: 1340, val_unique_suffix_codes: 328 

epoch: 145,  avg_loss: 10.0937, avg_recon_loss: 3.9423, avg_kl_loss: 14.5142, avg_vq_loss: 3.2486, ppl: 1.3768, acc: 0.8918, vq_inds: [10, 10, 10, 10], unique_vq_codes: 5337, unique_suffix_codes: 5337, logdet: 0.0000 
val ---  avg_loss: 10.5915, avg_recon_loss: 4.6101, avg_kl_loss: 13.9599, avg_vq_loss: 3.1894, ppl: 1.4513, acc: 0.8760, vq_inds: [10, 10, 10, 10], unique_vq_codes: 1335, unique_suffix_codes: 1335, val_unique_suffix_codes: 330 

epoch: 146,  avg_loss: 9.6150, avg_recon_loss: 3.6922, avg_kl_loss: 13.3808, avg_vq_loss: 3.2466, ppl: 1.3492, acc: 0.8984, vq_inds: [10, 10, 10, 10], unique_vq_codes: 5350, unique_suffix_codes: 5350, logdet: 0.0000 
val ---  avg_loss: 10.2521, avg_recon_loss: 4.4821, avg_kl_loss: 13.0012, avg_vq_loss: 3.1697, ppl: 1.4364, acc: 0.8796, vq_inds: [10, 10, 10, 10], unique_vq_codes: 1348, unique_suffix_codes: 1348, val_unique_suffix_codes: 321 
update best loss 

epoch: 147,  avg_loss: 9.4580, avg_recon_loss: 3.5957, avg_kl_loss: 13.0848, avg_vq_loss: 3.2453, ppl: 1.3387, acc: 0.9010, vq_inds: [10, 10, 10, 10], unique_vq_codes: 5352, unique_suffix_codes: 5352, logdet: 0.0000 
val ---  avg_loss: 10.4179, avg_recon_loss: 4.5356, avg_kl_loss: 13.4409, avg_vq_loss: 3.1941, ppl: 1.4426, acc: 0.8767, vq_inds: [10, 10, 10, 10], unique_vq_codes: 1330, unique_suffix_codes: 1330, val_unique_suffix_codes: 272 

epoch: 148,  avg_loss: 9.5455, avg_recon_loss: 3.6350, avg_kl_loss: 13.3079, avg_vq_loss: 3.2489, ppl: 1.3429, acc: 0.9005, vq_inds: [10, 10, 10, 10], unique_vq_codes: 5345, unique_suffix_codes: 5345, logdet: 0.0000 
val ---  avg_loss: 10.2707, avg_recon_loss: 4.4777, avg_kl_loss: 13.0518, avg_vq_loss: 3.1826, ppl: 1.4359, acc: 0.8810, vq_inds: [10, 10, 10, 10], unique_vq_codes: 1324, unique_suffix_codes: 1324, val_unique_suffix_codes: 289 

epoch: 149,  avg_loss: 9.4738, avg_recon_loss: 3.5837, avg_kl_loss: 13.2203, avg_vq_loss: 3.2461, ppl: 1.3374, acc: 0.9021, vq_inds: [10, 10, 10, 10], unique_vq_codes: 5368, unique_suffix_codes: 5368, logdet: 0.0000 
val ---  avg_loss: 10.3522, avg_recon_loss: 4.5203, avg_kl_loss: 13.2526, avg_vq_loss: 3.1813, ppl: 1.4408, acc: 0.8794, vq_inds: [10, 10, 10, 10], unique_vq_codes: 1327, unique_suffix_codes: 1327, val_unique_suffix_codes: 263 

epoch: 150,  avg_loss: 9.5716, avg_recon_loss: 3.6323, avg_kl_loss: 13.4332, avg_vq_loss: 3.2527, ppl: 1.3426, acc: 0.9005, vq_inds: [10, 10, 10, 10], unique_vq_codes: 5387, unique_suffix_codes: 5387, logdet: 0.0000 
val ---  avg_loss: 10.3718, avg_recon_loss: 4.4570, avg_kl_loss: 13.6133, avg_vq_loss: 3.1922, ppl: 1.4334, acc: 0.8788, vq_inds: [10, 10, 10, 10], unique_vq_codes: 1358, unique_suffix_codes: 1358, val_unique_suffix_codes: 291 

epoch: 151,  avg_loss: 9.5070, avg_recon_loss: 3.6100, avg_kl_loss: 13.2402, avg_vq_loss: 3.2490, ppl: 1.3402, acc: 0.9008, vq_inds: [10, 10, 10, 10], unique_vq_codes: 5386, unique_suffix_codes: 5386, logdet: 0.0000 
val ---  avg_loss: 10.3034, avg_recon_loss: 4.4237, avg_kl_loss: 13.4844, avg_vq_loss: 3.1829, ppl: 1.4296, acc: 0.8832, vq_inds: [10, 10, 10, 10], unique_vq_codes: 1330, unique_suffix_codes: 1330, val_unique_suffix_codes: 260 

epoch: 152,  avg_loss: 9.4484, avg_recon_loss: 3.5603, avg_kl_loss: 13.2164, avg_vq_loss: 3.2448, ppl: 1.3348, acc: 0.9021, vq_inds: [10, 10, 10, 10], unique_vq_codes: 5336, unique_suffix_codes: 5336, logdet: 0.0000 
val ---  avg_loss: 10.3448, avg_recon_loss: 4.4281, avg_kl_loss: 13.5979, avg_vq_loss: 3.1972, ppl: 1.4301, acc: 0.8820, vq_inds: [10, 10, 10, 10], unique_vq_codes: 1334, unique_suffix_codes: 1334, val_unique_suffix_codes: 298 

epoch: 153,  avg_loss: 10.0460, avg_recon_loss: 3.8820, avg_kl_loss: 14.5205, avg_vq_loss: 3.2598, ppl: 1.3701, acc: 0.8934, vq_inds: [10, 10, 10, 10], unique_vq_codes: 5327, unique_suffix_codes: 5327, logdet: 0.0000 
val ---  avg_loss: 10.5890, avg_recon_loss: 4.5958, avg_kl_loss: 13.9268, avg_vq_loss: 3.2079, ppl: 1.4496, acc: 0.8767, vq_inds: [10, 10, 10, 10], unique_vq_codes: 1329, unique_suffix_codes: 1329, val_unique_suffix_codes: 294 

epoch: 154,  avg_loss: 9.5726, avg_recon_loss: 3.6268, avg_kl_loss: 13.4660, avg_vq_loss: 3.2526, ppl: 1.3420, acc: 0.9011, vq_inds: [10, 10, 10, 10], unique_vq_codes: 5368, unique_suffix_codes: 5368, logdet: 0.0000 
val ---  avg_loss: 10.2607, avg_recon_loss: 4.3976, avg_kl_loss: 13.3759, avg_vq_loss: 3.1879, ppl: 1.4266, acc: 0.8798, vq_inds: [10, 10, 10, 10], unique_vq_codes: 1329, unique_suffix_codes: 1329, val_unique_suffix_codes: 306 

epoch: 155,  avg_loss: 9.3931, avg_recon_loss: 3.4555, avg_kl_loss: 13.4233, avg_vq_loss: 3.2529, ppl: 1.3235, acc: 0.9045, vq_inds: [10, 10, 10, 10], unique_vq_codes: 5304, unique_suffix_codes: 5304, logdet: 0.0000 
val ---  avg_loss: 10.2902, avg_recon_loss: 4.4993, avg_kl_loss: 13.0173, avg_vq_loss: 3.1875, ppl: 1.4384, acc: 0.8791, vq_inds: [10, 10, 10, 10], unique_vq_codes: 1340, unique_suffix_codes: 1340, val_unique_suffix_codes: 322 

epoch: 156,  avg_loss: 9.3685, avg_recon_loss: 3.4932, avg_kl_loss: 13.0605, avg_vq_loss: 3.2631, ppl: 1.3276, acc: 0.9035, vq_inds: [10, 10, 10, 10], unique_vq_codes: 5353, unique_suffix_codes: 5353, logdet: 0.0000 
val ---  avg_loss: 10.2456, avg_recon_loss: 4.3670, avg_kl_loss: 13.3365, avg_vq_loss: 3.2113, ppl: 1.4231, acc: 0.8815, vq_inds: [10, 10, 10, 10], unique_vq_codes: 1338, unique_suffix_codes: 1338, val_unique_suffix_codes: 296 
update best loss 

epoch: 157,  avg_loss: 9.3116, avg_recon_loss: 3.4277, avg_kl_loss: 13.1116, avg_vq_loss: 3.2616, ppl: 1.3205, acc: 0.9060, vq_inds: [10, 10, 10, 10], unique_vq_codes: 5369, unique_suffix_codes: 5369, logdet: 0.0000 
val ---  avg_loss: 10.1288, avg_recon_loss: 4.2988, avg_kl_loss: 13.1241, avg_vq_loss: 3.2052, ppl: 1.4152, acc: 0.8852, vq_inds: [10, 10, 10, 10], unique_vq_codes: 1342, unique_suffix_codes: 1342, val_unique_suffix_codes: 285 
update best loss 

epoch: 158,  avg_loss: 9.5876, avg_recon_loss: 3.5395, avg_kl_loss: 13.9279, avg_vq_loss: 3.2625, ppl: 1.3326, acc: 0.9027, vq_inds: [10, 10, 10, 10], unique_vq_codes: 5292, unique_suffix_codes: 5292, logdet: 0.0000 
val ---  avg_loss: 10.5267, avg_recon_loss: 4.5203, avg_kl_loss: 14.0122, avg_vq_loss: 3.2040, ppl: 1.4408, acc: 0.8783, vq_inds: [10, 10, 10, 10], unique_vq_codes: 1327, unique_suffix_codes: 1327, val_unique_suffix_codes: 288 

epoch: 159,  avg_loss: 9.4925, avg_recon_loss: 3.5472, avg_kl_loss: 13.4131, avg_vq_loss: 3.2626, ppl: 1.3334, acc: 0.9032, vq_inds: [10, 10, 10, 10], unique_vq_codes: 5260, unique_suffix_codes: 5260, logdet: 0.0000 
val ---  avg_loss: 10.0633, avg_recon_loss: 4.1858, avg_kl_loss: 13.4261, avg_vq_loss: 3.1924, ppl: 1.4024, acc: 0.8852, vq_inds: [10, 10, 10, 10], unique_vq_codes: 1329, unique_suffix_codes: 1329, val_unique_suffix_codes: 307 
update best loss 

epoch: 160,  avg_loss: 9.4235, avg_recon_loss: 3.4993, avg_kl_loss: 13.3261, avg_vq_loss: 3.2590, ppl: 1.3282, acc: 0.9042, vq_inds: [10, 10, 10, 10], unique_vq_codes: 5244, unique_suffix_codes: 5244, logdet: 0.0000 
val ---  avg_loss: 10.1012, avg_recon_loss: 4.2977, avg_kl_loss: 13.0553, avg_vq_loss: 3.1924, ppl: 1.4151, acc: 0.8859, vq_inds: [10, 10, 10, 10], unique_vq_codes: 1350, unique_suffix_codes: 1350, val_unique_suffix_codes: 294 

epoch: 161,  avg_loss: 9.4013, avg_recon_loss: 3.4795, avg_kl_loss: 13.2704, avg_vq_loss: 3.2677, ppl: 1.3261, acc: 0.9048, vq_inds: [10, 10, 10, 10], unique_vq_codes: 5294, unique_suffix_codes: 5294, logdet: 0.0000 
val ---  avg_loss: 10.3376, avg_recon_loss: 4.4309, avg_kl_loss: 13.5693, avg_vq_loss: 3.1928, ppl: 1.4304, acc: 0.8807, vq_inds: [10, 10, 10, 10], unique_vq_codes: 1309, unique_suffix_codes: 1309, val_unique_suffix_codes: 306 

epoch: 162,  avg_loss: 9.4218, avg_recon_loss: 3.4775, avg_kl_loss: 13.3896, avg_vq_loss: 3.2665, ppl: 1.3259, acc: 0.9043, vq_inds: [10, 10, 10, 10], unique_vq_codes: 5256, unique_suffix_codes: 5256, logdet: 0.0000 
val ---  avg_loss: 10.9957, avg_recon_loss: 4.8531, avg_kl_loss: 14.6419, avg_vq_loss: 3.2142, ppl: 1.4801, acc: 0.8683, vq_inds: [10, 10, 10, 10], unique_vq_codes: 1319, unique_suffix_codes: 1319, val_unique_suffix_codes: 279 

epoch: 163,  avg_loss: 9.5062, avg_recon_loss: 3.4714, avg_kl_loss: 13.8486, avg_vq_loss: 3.2651, ppl: 1.3252, acc: 0.9051, vq_inds: [10, 10, 10, 10], unique_vq_codes: 5239, unique_suffix_codes: 5239, logdet: 0.0000 
val ---  avg_loss: 10.0407, avg_recon_loss: 4.2245, avg_kl_loss: 13.0726, avg_vq_loss: 3.2017, ppl: 1.4068, acc: 0.8901, vq_inds: [10, 10, 10, 10], unique_vq_codes: 1333, unique_suffix_codes: 1333, val_unique_suffix_codes: 307 
update best loss 

epoch: 164,  avg_loss: 9.4191, avg_recon_loss: 3.4160, avg_kl_loss: 13.6889, avg_vq_loss: 3.2653, ppl: 1.3193, acc: 0.9061, vq_inds: [10, 10, 10, 10], unique_vq_codes: 5259, unique_suffix_codes: 5259, logdet: 0.0000 
val ---  avg_loss: 10.2290, avg_recon_loss: 4.3613, avg_kl_loss: 13.3611, avg_vq_loss: 3.1955, ppl: 1.4224, acc: 0.8879, vq_inds: [10, 10, 10, 10], unique_vq_codes: 1330, unique_suffix_codes: 1330, val_unique_suffix_codes: 306 

epoch: 165,  avg_loss: 9.4690, avg_recon_loss: 3.4355, avg_kl_loss: 13.8216, avg_vq_loss: 3.2692, ppl: 1.3214, acc: 0.9062, vq_inds: [10, 10, 10, 10], unique_vq_codes: 5288, unique_suffix_codes: 5288, logdet: 0.0000 
val ---  avg_loss: 10.2424, avg_recon_loss: 4.2505, avg_kl_loss: 13.8395, avg_vq_loss: 3.2240, ppl: 1.4097, acc: 0.8871, vq_inds: [10, 10, 10, 10], unique_vq_codes: 1327, unique_suffix_codes: 1327, val_unique_suffix_codes: 290 

epoch: 166,  avg_loss: 9.3741, avg_recon_loss: 3.4191, avg_kl_loss: 13.4080, avg_vq_loss: 3.2734, ppl: 1.3196, acc: 0.9059, vq_inds: [10, 10, 10, 10], unique_vq_codes: 5250, unique_suffix_codes: 5250, logdet: 0.0000 
val ---  avg_loss: 10.1415, avg_recon_loss: 4.2759, avg_kl_loss: 13.4428, avg_vq_loss: 3.1770, ppl: 1.4126, acc: 0.8878, vq_inds: [10, 10, 10, 10], unique_vq_codes: 1318, unique_suffix_codes: 1318, val_unique_suffix_codes: 271 

epoch: 167,  avg_loss: 9.2929, avg_recon_loss: 3.3739, avg_kl_loss: 13.2298, avg_vq_loss: 3.2730, ppl: 1.3148, acc: 0.9076, vq_inds: [10, 10, 10, 10], unique_vq_codes: 5268, unique_suffix_codes: 5268, logdet: 0.0000 
val ---  avg_loss: 10.1229, avg_recon_loss: 4.2754, avg_kl_loss: 13.1794, avg_vq_loss: 3.2116, ppl: 1.4126, acc: 0.8875, vq_inds: [10, 10, 10, 10], unique_vq_codes: 1309, unique_suffix_codes: 1309, val_unique_suffix_codes: 269 

epoch: 168,  avg_loss: 9.3589, avg_recon_loss: 3.3993, avg_kl_loss: 13.4556, avg_vq_loss: 3.2684, ppl: 1.3175, acc: 0.9069, vq_inds: [10, 10, 10, 10], unique_vq_codes: 5202, unique_suffix_codes: 5202, logdet: 0.0000 
val ---  avg_loss: 10.0634, avg_recon_loss: 4.2885, avg_kl_loss: 12.9118, avg_vq_loss: 3.1926, ppl: 1.4141, acc: 0.8869, vq_inds: [10, 10, 10, 10], unique_vq_codes: 1337, unique_suffix_codes: 1337, val_unique_suffix_codes: 285 

epoch: 169,  avg_loss: 9.1942, avg_recon_loss: 3.3247, avg_kl_loss: 12.9711, avg_vq_loss: 3.2754, ppl: 1.3095, acc: 0.9088, vq_inds: [10, 10, 10, 10], unique_vq_codes: 5278, unique_suffix_codes: 5278, logdet: 0.0000 
val ---  avg_loss: 9.9523, avg_recon_loss: 4.1061, avg_kl_loss: 13.2014, avg_vq_loss: 3.2059, ppl: 1.3934, acc: 0.8922, vq_inds: [10, 10, 10, 10], unique_vq_codes: 1332, unique_suffix_codes: 1332, val_unique_suffix_codes: 285 
update best loss 

epoch: 170,  avg_loss: 9.5666, avg_recon_loss: 3.5622, avg_kl_loss: 13.6494, avg_vq_loss: 3.2745, ppl: 1.3350, acc: 0.9027, vq_inds: [10, 10, 10, 10], unique_vq_codes: 5265, unique_suffix_codes: 5265, logdet: 0.0000 
val ---  avg_loss: 10.0797, avg_recon_loss: 4.2058, avg_kl_loss: 13.3943, avg_vq_loss: 3.1950, ppl: 1.4047, acc: 0.8887, vq_inds: [10, 10, 10, 10], unique_vq_codes: 1306, unique_suffix_codes: 1306, val_unique_suffix_codes: 273 

epoch: 171,  avg_loss: 9.3253, avg_recon_loss: 3.3960, avg_kl_loss: 13.2902, avg_vq_loss: 3.2713, ppl: 1.3171, acc: 0.9066, vq_inds: [10, 10, 10, 10], unique_vq_codes: 5267, unique_suffix_codes: 5267, logdet: 0.0000 
val ---  avg_loss: 10.3100, avg_recon_loss: 4.3097, avg_kl_loss: 14.0321, avg_vq_loss: 3.1939, ppl: 1.4165, acc: 0.8880, vq_inds: [10, 10, 10, 10], unique_vq_codes: 1308, unique_suffix_codes: 1308, val_unique_suffix_codes: 294 

epoch: 172,  avg_loss: 9.2874, avg_recon_loss: 3.3325, avg_kl_loss: 13.4079, avg_vq_loss: 3.2733, ppl: 1.3104, acc: 0.9085, vq_inds: [10, 10, 10, 10], unique_vq_codes: 5237, unique_suffix_codes: 5237, logdet: 0.0000 
val ---  avg_loss: 10.0526, avg_recon_loss: 4.2056, avg_kl_loss: 13.2063, avg_vq_loss: 3.2058, ppl: 1.4046, acc: 0.8881, vq_inds: [10, 10, 10, 10], unique_vq_codes: 1316, unique_suffix_codes: 1316, val_unique_suffix_codes: 300 

epoch: 173,  avg_loss: 9.3371, avg_recon_loss: 3.3734, avg_kl_loss: 13.4491, avg_vq_loss: 3.2739, ppl: 1.3147, acc: 0.9062, vq_inds: [10, 10, 10, 10], unique_vq_codes: 5281, unique_suffix_codes: 5281, logdet: 0.0000 
val ---  avg_loss: 10.1207, avg_recon_loss: 4.1866, avg_kl_loss: 13.6150, avg_vq_loss: 3.2111, ppl: 1.4025, acc: 0.8892, vq_inds: [10, 10, 10, 10], unique_vq_codes: 1315, unique_suffix_codes: 1315, val_unique_suffix_codes: 291 

epoch: 174,  avg_loss: 9.4830, avg_recon_loss: 3.3872, avg_kl_loss: 14.0343, avg_vq_loss: 3.2889, ppl: 1.3162, acc: 0.9070, vq_inds: [10, 10, 10, 10], unique_vq_codes: 5274, unique_suffix_codes: 5274, logdet: 0.0000 
val ---  avg_loss: 10.3022, avg_recon_loss: 4.3450, avg_kl_loss: 13.8179, avg_vq_loss: 3.1937, ppl: 1.4205, acc: 0.8827, vq_inds: [10, 10, 10, 10], unique_vq_codes: 1300, unique_suffix_codes: 1300, val_unique_suffix_codes: 279 

epoch: 175,  avg_loss: 9.5361, avg_recon_loss: 3.4447, avg_kl_loss: 14.0485, avg_vq_loss: 3.2817, ppl: 1.3224, acc: 0.9053, vq_inds: [10, 10, 10, 10], unique_vq_codes: 5221, unique_suffix_codes: 5221, logdet: 0.0000 
val ---  avg_loss: 10.0970, avg_recon_loss: 4.2651, avg_kl_loss: 13.2480, avg_vq_loss: 3.1823, ppl: 1.4114, acc: 0.8860, vq_inds: [10, 10, 10, 10], unique_vq_codes: 1318, unique_suffix_codes: 1318, val_unique_suffix_codes: 289 

epoch: 176,  avg_loss: 9.3006, avg_recon_loss: 3.3591, avg_kl_loss: 13.3150, avg_vq_loss: 3.2785, ppl: 1.3132, acc: 0.9070, vq_inds: [10, 10, 10, 10], unique_vq_codes: 5168, unique_suffix_codes: 5168, logdet: 0.0000 
val ---  avg_loss: 10.0681, avg_recon_loss: 4.1718, avg_kl_loss: 13.3567, avg_vq_loss: 3.2249, ppl: 1.4008, acc: 0.8903, vq_inds: [10, 10, 10, 10], unique_vq_codes: 1314, unique_suffix_codes: 1314, val_unique_suffix_codes: 323 

epoch: 177,  avg_loss: 9.1711, avg_recon_loss: 3.2493, avg_kl_loss: 13.2025, avg_vq_loss: 3.2813, ppl: 1.3016, acc: 0.9104, vq_inds: [10, 10, 10, 10], unique_vq_codes: 5249, unique_suffix_codes: 5249, logdet: 0.0000 
val ---  avg_loss: 10.0037, avg_recon_loss: 4.0974, avg_kl_loss: 13.5058, avg_vq_loss: 3.2052, ppl: 1.3924, acc: 0.8933, vq_inds: [10, 10, 10, 10], unique_vq_codes: 1317, unique_suffix_codes: 1317, val_unique_suffix_codes: 291 

epoch: 178,  avg_loss: 9.1808, avg_recon_loss: 3.2603, avg_kl_loss: 13.1925, avg_vq_loss: 3.2820, ppl: 1.3027, acc: 0.9101, vq_inds: [10, 10, 10, 10], unique_vq_codes: 5147, unique_suffix_codes: 5147, logdet: 0.0000 
val ---  avg_loss: 10.2168, avg_recon_loss: 4.2630, avg_kl_loss: 13.6731, avg_vq_loss: 3.2192, ppl: 1.4112, acc: 0.8890, vq_inds: [10, 10, 10, 10], unique_vq_codes: 1320, unique_suffix_codes: 1320, val_unique_suffix_codes: 298 

epoch: 179,  avg_loss: 9.2026, avg_recon_loss: 3.2601, avg_kl_loss: 13.3129, avg_vq_loss: 3.2798, ppl: 1.3027, acc: 0.9109, vq_inds: [10, 10, 10, 10], unique_vq_codes: 5164, unique_suffix_codes: 5164, logdet: 0.0000 
val ---  avg_loss: 10.2032, avg_recon_loss: 4.3032, avg_kl_loss: 13.4837, avg_vq_loss: 3.2033, ppl: 1.4158, acc: 0.8881, vq_inds: [10, 10, 10, 10], unique_vq_codes: 1320, unique_suffix_codes: 1320, val_unique_suffix_codes: 276 

epoch: 180,  avg_loss: 9.4245, avg_recon_loss: 3.4232, avg_kl_loss: 13.5955, avg_vq_loss: 3.2822, ppl: 1.3201, acc: 0.9064, vq_inds: [10, 10, 10, 10], unique_vq_codes: 5143, unique_suffix_codes: 5143, logdet: 0.0000 
val ---  avg_loss: 10.7413, avg_recon_loss: 4.4945, avg_kl_loss: 15.0708, avg_vq_loss: 3.2326, ppl: 1.4378, acc: 0.8800, vq_inds: [10, 10, 10, 10], unique_vq_codes: 1291, unique_suffix_codes: 1291, val_unique_suffix_codes: 319 

epoch: 181,  avg_loss: 9.4721, avg_recon_loss: 3.4029, avg_kl_loss: 13.9008, avg_vq_loss: 3.2890, ppl: 1.3179, acc: 0.9060, vq_inds: [10, 10, 10, 10], unique_vq_codes: 5197, unique_suffix_codes: 5197, logdet: 0.0000 
val ---  avg_loss: 10.0154, avg_recon_loss: 4.0110, avg_kl_loss: 13.9750, avg_vq_loss: 3.2094, ppl: 1.3827, acc: 0.8912, vq_inds: [10, 10, 10, 10], unique_vq_codes: 1319, unique_suffix_codes: 1319, val_unique_suffix_codes: 286 

epoch: 182,  avg_loss: 9.2331, avg_recon_loss: 3.2673, avg_kl_loss: 13.4113, avg_vq_loss: 3.2835, ppl: 1.3035, acc: 0.9102, vq_inds: [10, 10, 10, 10], unique_vq_codes: 5112, unique_suffix_codes: 5112, logdet: 0.0000 
val ---  avg_loss: 10.3921, avg_recon_loss: 4.4345, avg_kl_loss: 13.6608, avg_vq_loss: 3.2254, ppl: 1.4309, acc: 0.8821, vq_inds: [10, 10, 10, 10], unique_vq_codes: 1324, unique_suffix_codes: 1324, val_unique_suffix_codes: 303 

epoch: 183,  avg_loss: 9.2848, avg_recon_loss: 3.2850, avg_kl_loss: 13.5338, avg_vq_loss: 3.2930, ppl: 1.3053, acc: 0.9099, vq_inds: [10, 10, 10, 10], unique_vq_codes: 5128, unique_suffix_codes: 5128, logdet: 0.0000 
val ---  avg_loss: 9.9431, avg_recon_loss: 4.0386, avg_kl_loss: 13.4561, avg_vq_loss: 3.2134, ppl: 1.3858, acc: 0.8961, vq_inds: [10, 10, 10, 10], unique_vq_codes: 1324, unique_suffix_codes: 1324, val_unique_suffix_codes: 312 
update best loss 

epoch: 184,  avg_loss: 9.1623, avg_recon_loss: 3.1979, avg_kl_loss: 13.4159, avg_vq_loss: 3.2813, ppl: 1.2961, acc: 0.9121, vq_inds: [10, 10, 10, 10], unique_vq_codes: 5103, unique_suffix_codes: 5103, logdet: 0.0000 
val ---  avg_loss: 10.0449, avg_recon_loss: 4.1170, avg_kl_loss: 13.5713, avg_vq_loss: 3.2136, ppl: 1.3946, acc: 0.8913, vq_inds: [10, 10, 10, 10], unique_vq_codes: 1294, unique_suffix_codes: 1294, val_unique_suffix_codes: 289 

epoch: 185,  avg_loss: 9.1982, avg_recon_loss: 3.2368, avg_kl_loss: 13.3875, avg_vq_loss: 3.2839, ppl: 1.3002, acc: 0.9115, vq_inds: [10, 10, 10, 10], unique_vq_codes: 5045, unique_suffix_codes: 5045, logdet: 0.0000 
val ---  avg_loss: 9.9801, avg_recon_loss: 4.1324, avg_kl_loss: 13.2465, avg_vq_loss: 3.1984, ppl: 1.3964, acc: 0.8920, vq_inds: [10, 10, 10, 10], unique_vq_codes: 1322, unique_suffix_codes: 1322, val_unique_suffix_codes: 298 

epoch: 186,  avg_loss: 9.1419, avg_recon_loss: 3.1944, avg_kl_loss: 13.2808, avg_vq_loss: 3.2913, ppl: 1.2958, acc: 0.9119, vq_inds: [10, 10, 10, 10], unique_vq_codes: 5186, unique_suffix_codes: 5186, logdet: 0.0000 
val ---  avg_loss: 10.1949, avg_recon_loss: 4.2987, avg_kl_loss: 13.4636, avg_vq_loss: 3.2035, ppl: 1.4152, acc: 0.8875, vq_inds: [10, 10, 10, 10], unique_vq_codes: 1311, unique_suffix_codes: 1311, val_unique_suffix_codes: 298 

epoch: 187,  avg_loss: 9.1335, avg_recon_loss: 3.1738, avg_kl_loss: 13.3516, avg_vq_loss: 3.2894, ppl: 1.2936, acc: 0.9135, vq_inds: [10, 10, 10, 10], unique_vq_codes: 5156, unique_suffix_codes: 5156, logdet: 0.0000 
val ---  avg_loss: 9.9883, avg_recon_loss: 4.1024, avg_kl_loss: 13.3790, avg_vq_loss: 3.2101, ppl: 1.3930, acc: 0.8936, vq_inds: [10, 10, 10, 10], unique_vq_codes: 1324, unique_suffix_codes: 1324, val_unique_suffix_codes: 289 

epoch: 188,  avg_loss: 9.1861, avg_recon_loss: 3.1906, avg_kl_loss: 13.5027, avg_vq_loss: 3.2949, ppl: 1.2954, acc: 0.9127, vq_inds: [10, 10, 10, 10], unique_vq_codes: 5154, unique_suffix_codes: 5154, logdet: 0.0000 
val ---  avg_loss: 9.9965, avg_recon_loss: 4.0329, avg_kl_loss: 13.6822, avg_vq_loss: 3.2271, ppl: 1.3852, acc: 0.8954, vq_inds: [10, 10, 10, 10], unique_vq_codes: 1335, unique_suffix_codes: 1335, val_unique_suffix_codes: 287 

epoch: 189,  avg_loss: 9.1309, avg_recon_loss: 3.1733, avg_kl_loss: 13.3066, avg_vq_loss: 3.2963, ppl: 1.2936, acc: 0.9128, vq_inds: [10, 10, 10, 10], unique_vq_codes: 5104, unique_suffix_codes: 5104, logdet: 0.0000 
val ---  avg_loss: 10.0092, avg_recon_loss: 4.1219, avg_kl_loss: 13.3479, avg_vq_loss: 3.2177, ppl: 1.3952, acc: 0.8930, vq_inds: [10, 10, 10, 10], unique_vq_codes: 1328, unique_suffix_codes: 1328, val_unique_suffix_codes: 309 

epoch: 190,  avg_loss: 9.3501, avg_recon_loss: 3.3180, avg_kl_loss: 13.6749, avg_vq_loss: 3.2971, ppl: 1.3088, acc: 0.9083, vq_inds: [10, 10, 10, 10], unique_vq_codes: 5126, unique_suffix_codes: 5126, logdet: 0.0000 
val ---  avg_loss: 11.2427, avg_recon_loss: 4.6922, avg_kl_loss: 16.5204, avg_vq_loss: 3.2464, ppl: 1.4610, acc: 0.8795, vq_inds: [10, 10, 10, 10], unique_vq_codes: 1305, unique_suffix_codes: 1305, val_unique_suffix_codes: 297 

epoch: 191,  avg_loss: 9.5250, avg_recon_loss: 3.3238, avg_kl_loss: 14.5348, avg_vq_loss: 3.2942, ppl: 1.3095, acc: 0.9087, vq_inds: [10, 10, 10, 10], unique_vq_codes: 5159, unique_suffix_codes: 5159, logdet: 0.0000 
val ---  avg_loss: 10.1318, avg_recon_loss: 4.1780, avg_kl_loss: 13.5555, avg_vq_loss: 3.2427, ppl: 1.4015, acc: 0.8918, vq_inds: [10, 10, 10, 10], unique_vq_codes: 1333, unique_suffix_codes: 1333, val_unique_suffix_codes: 300 

epoch: 192,  avg_loss: 9.2177, avg_recon_loss: 3.1714, avg_kl_loss: 13.7460, avg_vq_loss: 3.2971, ppl: 1.2934, acc: 0.9136, vq_inds: [10, 10, 10, 10], unique_vq_codes: 5157, unique_suffix_codes: 5157, logdet: 0.0000 
val ---  avg_loss: 9.9392, avg_recon_loss: 4.0638, avg_kl_loss: 13.2487, avg_vq_loss: 3.2257, ppl: 1.3886, acc: 0.8958, vq_inds: [10, 10, 10, 10], unique_vq_codes: 1336, unique_suffix_codes: 1336, val_unique_suffix_codes: 293 
update best loss 

epoch: 193,  avg_loss: 9.0384, avg_recon_loss: 3.0951, avg_kl_loss: 13.2591, avg_vq_loss: 3.2915, ppl: 1.2854, acc: 0.9153, vq_inds: [10, 10, 10, 10], unique_vq_codes: 5213, unique_suffix_codes: 5213, logdet: 0.0000 
val ---  avg_loss: 9.9499, avg_recon_loss: 4.0394, avg_kl_loss: 13.4282, avg_vq_loss: 3.2248, ppl: 1.3859, acc: 0.8936, vq_inds: [10, 10, 10, 10], unique_vq_codes: 1334, unique_suffix_codes: 1334, val_unique_suffix_codes: 310 

epoch: 194,  avg_loss: 9.0553, avg_recon_loss: 3.0614, avg_kl_loss: 13.4826, avg_vq_loss: 3.2973, ppl: 1.2819, acc: 0.9157, vq_inds: [10, 10, 10, 10], unique_vq_codes: 5145, unique_suffix_codes: 5145, logdet: 0.0000 
val ---  avg_loss: 10.6502, avg_recon_loss: 4.3422, avg_kl_loss: 15.3450, avg_vq_loss: 3.2389, ppl: 1.4202, acc: 0.8879, vq_inds: [10, 10, 10, 10], unique_vq_codes: 1324, unique_suffix_codes: 1324, val_unique_suffix_codes: 304 

epoch: 195,  avg_loss: 9.2523, avg_recon_loss: 3.1662, avg_kl_loss: 13.9374, avg_vq_loss: 3.2986, ppl: 1.2928, acc: 0.9137, vq_inds: [10, 10, 10, 10], unique_vq_codes: 5171, unique_suffix_codes: 5171, logdet: 0.0000 
val ---  avg_loss: 10.2028, avg_recon_loss: 4.0884, avg_kl_loss: 14.4190, avg_vq_loss: 3.2306, ppl: 1.3914, acc: 0.8944, vq_inds: [10, 10, 10, 10], unique_vq_codes: 1345, unique_suffix_codes: 1345, val_unique_suffix_codes: 282 

epoch: 196,  avg_loss: 9.7254, avg_recon_loss: 3.3858, avg_kl_loss: 15.2145, avg_vq_loss: 3.2967, ppl: 1.3161, acc: 0.9064, vq_inds: [10, 10, 10, 10], unique_vq_codes: 5164, unique_suffix_codes: 5164, logdet: 0.0000 
val ---  avg_loss: 10.0644, avg_recon_loss: 4.1019, avg_kl_loss: 13.6180, avg_vq_loss: 3.2389, ppl: 1.3929, acc: 0.8936, vq_inds: [10, 10, 10, 10], unique_vq_codes: 1337, unique_suffix_codes: 1337, val_unique_suffix_codes: 302 

epoch: 197,  avg_loss: 9.1354, avg_recon_loss: 3.1251, avg_kl_loss: 13.6059, avg_vq_loss: 3.2891, ppl: 1.2885, acc: 0.9144, vq_inds: [10, 10, 10, 10], unique_vq_codes: 5145, unique_suffix_codes: 5145, logdet: 0.0000 
val ---  avg_loss: 10.2295, avg_recon_loss: 4.2741, avg_kl_loss: 13.6102, avg_vq_loss: 3.2334, ppl: 1.4124, acc: 0.8896, vq_inds: [10, 10, 10, 10], unique_vq_codes: 1311, unique_suffix_codes: 1311, val_unique_suffix_codes: 282 

epoch: 198,  avg_loss: 9.1594, avg_recon_loss: 3.1896, avg_kl_loss: 13.3094, avg_vq_loss: 3.3080, ppl: 1.2953, acc: 0.9125, vq_inds: [10, 10, 10, 10], unique_vq_codes: 5137, unique_suffix_codes: 5137, logdet: 0.0000 
val ---  avg_loss: 9.9604, avg_recon_loss: 4.0337, avg_kl_loss: 13.4241, avg_vq_loss: 3.2419, ppl: 1.3853, acc: 0.8965, vq_inds: [10, 10, 10, 10], unique_vq_codes: 1319, unique_suffix_codes: 1319, val_unique_suffix_codes: 305 

epoch: 199,  avg_loss: 8.9392, avg_recon_loss: 3.0182, avg_kl_loss: 13.1301, avg_vq_loss: 3.2949, ppl: 1.2774, acc: 0.9182, vq_inds: [10, 10, 10, 10], unique_vq_codes: 5156, unique_suffix_codes: 5156, logdet: 0.0000 
val ---  avg_loss: 9.9471, avg_recon_loss: 4.0530, avg_kl_loss: 13.3178, avg_vq_loss: 3.2305, ppl: 1.3874, acc: 0.8950, vq_inds: [10, 10, 10, 10], unique_vq_codes: 1309, unique_suffix_codes: 1309, val_unique_suffix_codes: 277 
