trn -- size:14000,  avg_surf_len: 8.60, avg_feat_len: 10.25, avg_root_len: 4.53 
Pos tag Verb: 0.50, count: 7017
Pos tag Noun: 0.39, count: 5460
Pos tag Adj: 0.10, count: 1433
Pos tag Num: 0.00, count: 36
Pos tag Pron: 0.00, count: 27
Pos tag Postp: 0.00, count: 26
Pos tag Dup: 0.00, count: 01
Polarity tag <unk>: 0.48, count: 6756 
Polarity tag Pos: 0.44, count: 6115 
Polarity tag Neg: 0.08, count: 1129 
Tense tag <unk>: 0.69, count: 9638 
Tense tag Past: 0.18, count: 2535 
Tense tag Aor: 0.05, count: 637 
Tense tag Prog1: 0.03, count: 475 
Tense tag Narr: 0.03, count: 435 
Tense tag Fut: 0.02, count: 276 
Tense tag Prog2: 0.00, count: 04 
Surfpos tag Verb: 0.36, count: 5000 
Surfpos tag Noun: 0.36, count: 5000 
Surfpos tag Adj: 0.29, count: 4000 
val -- size:3000,  avg_surf_len: 9.72, avg_feat_len: 11.38, avg_root_len: 4.97 
Pos tag Verb: 0.49, count: 1464
Pos tag Noun: 0.42, count: 1262
Pos tag Adj: 0.09, count: 261
Pos tag Pron: 0.00, count: 05
Pos tag Num: 0.00, count: 05
Pos tag Postp: 0.00, count: 03
Polarity tag <unk>: 0.48, count: 1452 
Polarity tag Pos: 0.43, count: 1281 
Polarity tag Neg: 0.09, count: 267 
Tense tag <unk>: 0.74, count: 2207 
Tense tag Aor: 0.13, count: 397 
Tense tag Past: 0.06, count: 172 
Tense tag Narr: 0.03, count: 93 
Tense tag Prog1: 0.03, count: 86 
Tense tag Fut: 0.01, count: 40 
Tense tag Prog2: 0.00, count: 05 
Surfpos tag Verb: 0.33, count: 1000 
Surfpos tag Noun: 0.33, count: 1000 
Surfpos tag Adj: 0.33, count: 1000 

number of params: 4096 
Namespace(axs=array([<matplotlib.axes._subplots.AxesSubplot object at 0x7fb5476ef390>,
       <matplotlib.axes._subplots.AxesSubplot object at 0x7fb539720a50>],
      dtype=object), batchsize=128, bidirectional=False, bmodel='random', clip_grad=5.0, dec_dropout_in=0.0, dec_dropout_out=0.0, dec_nh=1024, device='cuda', enc_dropout_in=0.0, enc_nh=1024, epochs=100, fig=<Figure size 640x480 with 2 Axes>, fig_path='logs/surf2surfpos/random/14000_instances/100epochs.png', freeze_decoder=True, freeze_encoder=True, is_clip_grad=False, log_path='logs/surf2surfpos/random/14000_instances/100epochs.log', logger=<utils.Logger object at 0x7fb5396948d0>, lr=0.01, maxtrnsize=57769, maxtstsize=8517, maxvalsize=8329, model=VAE(
  (encoder): LSTMEncoder(
    (embed): Embedding(39, 512)
    (lstm): LSTM(512, 1024, batch_first=True)
    (dropout_in): Dropout(p=0.0, inplace=False)
    (linear): None
  )
  (decoder): None
  (probe_linear): Linear(in_features=1024, out_features=4, bias=False)
  (closs): CrossEntropyLoss()
), modelname='logs/surf2surfpos/random/14000_instances', ni=512, nz=32, opt='Adam', plt_style='-', reset_decoder=True, reset_encoder=True, save_path='logs/surf2surfpos/random/14000_instances/100epochs.pt', seq_to_no_pad='surface', surface_vocab_file='trmor_data/surf/surf.uniquesurfs.trn.txt', task='surf2surfpos', trndata='trmor_data/pos(surf)/surfpos.uniquesurfs.trn.txt', trnsize=14000, tstsize=0, valdata='trmor_data/pos(surf)/surfpos.uniquesurfs.val.txt', valsize=3000)

encoder.embed.weight, torch.Size([39, 512]): False
encoder.lstm.weight_ih_l0, torch.Size([4096, 512]): False
encoder.lstm.weight_hh_l0, torch.Size([4096, 1024]): False
encoder.lstm.bias_ih_l0, torch.Size([4096]): False
encoder.lstm.bias_hh_l0, torch.Size([4096]): False
probe_linear.weight, torch.Size([4, 1024]): True
epoch: 0 avg_loss: 130.5003, ppl: 3.2365, acc: 0.3721 
epoch correct: 5209 epoch wrong: 8791 epoch_num_tokens: 14000 
val --- avg_loss: 83.3873, ppl: 3.1256, acc: 0.3333  
epoch correct: 1000 epoch wrong: 2000 epoch_num_tokens: 3000 
update best loss 

epoch: 1 avg_loss: 122.4058, ppl: 3.0091, acc: 0.3860 
epoch correct: 5404 epoch wrong: 8596 epoch_num_tokens: 14000 
val --- avg_loss: 80.3234, ppl: 2.9974, acc: 0.3363  
epoch correct: 1009 epoch wrong: 1991 epoch_num_tokens: 3000 
update best loss 

epoch: 2 avg_loss: 119.6200, ppl: 2.9346, acc: 0.4165 
epoch correct: 5831 epoch wrong: 8169 epoch_num_tokens: 14000 
val --- avg_loss: 79.4756, ppl: 2.9629, acc: 0.4493  
epoch correct: 1348 epoch wrong: 1652 epoch_num_tokens: 3000 
update best loss 

epoch: 3 avg_loss: 117.1920, ppl: 2.8712, acc: 0.4991 
epoch correct: 6988 epoch wrong: 7012 epoch_num_tokens: 14000 
val --- avg_loss: 77.5185, ppl: 2.8847, acc: 0.4543  
epoch correct: 1363 epoch wrong: 1637 epoch_num_tokens: 3000 
update best loss 

epoch: 4 avg_loss: 114.9066, ppl: 2.8127, acc: 0.5096 
epoch correct: 7134 epoch wrong: 6866 epoch_num_tokens: 14000 
val --- avg_loss: 76.5900, ppl: 2.8483, acc: 0.4703  
epoch correct: 1411 epoch wrong: 1589 epoch_num_tokens: 3000 
update best loss 

epoch: 5 avg_loss: 113.5518, ppl: 2.7787, acc: 0.5083 
epoch correct: 7116 epoch wrong: 6884 epoch_num_tokens: 14000 
val --- avg_loss: 74.6021, ppl: 2.7720, acc: 0.5240  
epoch correct: 1572 epoch wrong: 1428 epoch_num_tokens: 3000 
update best loss 

epoch: 6 avg_loss: 112.8519, ppl: 2.7612, acc: 0.5197 
epoch correct: 7276 epoch wrong: 6724 epoch_num_tokens: 14000 
val --- avg_loss: 74.2861, ppl: 2.7600, acc: 0.5520  
epoch correct: 1656 epoch wrong: 1344 epoch_num_tokens: 3000 
update best loss 

epoch: 7 avg_loss: 111.9610, ppl: 2.7392, acc: 0.5516 
epoch correct: 7722 epoch wrong: 6278 epoch_num_tokens: 14000 
val --- avg_loss: 73.1444, ppl: 2.7173, acc: 0.5490  
epoch correct: 1647 epoch wrong: 1353 epoch_num_tokens: 3000 
update best loss 

epoch: 8 avg_loss: 108.7885, ppl: 2.6621, acc: 0.5851 
epoch correct: 8192 epoch wrong: 5808 epoch_num_tokens: 14000 
val --- avg_loss: 72.9747, ppl: 2.7110, acc: 0.5650  
epoch correct: 1695 epoch wrong: 1305 epoch_num_tokens: 3000 
update best loss 

epoch: 9 avg_loss: 108.2612, ppl: 2.6494, acc: 0.5623 
epoch correct: 7872 epoch wrong: 6128 epoch_num_tokens: 14000 
val --- avg_loss: 71.8634, ppl: 2.6701, acc: 0.5467  
epoch correct: 1640 epoch wrong: 1360 epoch_num_tokens: 3000 
update best loss 

epoch: 10 avg_loss: 108.0701, ppl: 2.6449, acc: 0.5764 
epoch correct: 8070 epoch wrong: 5930 epoch_num_tokens: 14000 
val --- avg_loss: 72.9425, ppl: 2.7098, acc: 0.5707  
epoch correct: 1712 epoch wrong: 1288 epoch_num_tokens: 3000 

epoch: 11 avg_loss: 107.2136, ppl: 2.6246, acc: 0.5851 
epoch correct: 8192 epoch wrong: 5808 epoch_num_tokens: 14000 
val --- avg_loss: 70.9866, ppl: 2.6383, acc: 0.5483  
epoch correct: 1645 epoch wrong: 1355 epoch_num_tokens: 3000 
update best loss 

epoch: 12 avg_loss: 105.9675, ppl: 2.5953, acc: 0.5795 
epoch correct: 8113 epoch wrong: 5887 epoch_num_tokens: 14000 
val --- avg_loss: 70.8250, ppl: 2.6325, acc: 0.5543  
epoch correct: 1663 epoch wrong: 1337 epoch_num_tokens: 3000 
update best loss 

epoch: 13 avg_loss: 105.5232, ppl: 2.5850, acc: 0.5821 
epoch correct: 8149 epoch wrong: 5851 epoch_num_tokens: 14000 
val --- avg_loss: 70.5443, ppl: 2.6224, acc: 0.5640  
epoch correct: 1692 epoch wrong: 1308 epoch_num_tokens: 3000 
update best loss 

epoch: 14 avg_loss: 105.1151, ppl: 2.5755, acc: 0.5946 
epoch correct: 8324 epoch wrong: 5676 epoch_num_tokens: 14000 
val --- avg_loss: 69.8149, ppl: 2.5964, acc: 0.5637  
epoch correct: 1691 epoch wrong: 1309 epoch_num_tokens: 3000 
update best loss 

epoch: 15 avg_loss: 104.0749, ppl: 2.5515, acc: 0.5900 
epoch correct: 8260 epoch wrong: 5740 epoch_num_tokens: 14000 
val --- avg_loss: 69.8161, ppl: 2.5965, acc: 0.5773  
epoch correct: 1732 epoch wrong: 1268 epoch_num_tokens: 3000 

epoch: 16 avg_loss: 104.2140, ppl: 2.5547, acc: 0.5841 
epoch correct: 8178 epoch wrong: 5822 epoch_num_tokens: 14000 
val --- avg_loss: 69.8851, ppl: 2.5989, acc: 0.5763  
epoch correct: 1729 epoch wrong: 1271 epoch_num_tokens: 3000 

epoch: 17 avg_loss: 103.0611, ppl: 2.5283, acc: 0.5931 
epoch correct: 8303 epoch wrong: 5697 epoch_num_tokens: 14000 
val --- avg_loss: 68.9762, ppl: 2.5668, acc: 0.5683  
epoch correct: 1705 epoch wrong: 1295 epoch_num_tokens: 3000 
update best loss 

epoch: 18 avg_loss: 102.8920, ppl: 2.5245, acc: 0.5949 
epoch correct: 8329 epoch wrong: 5671 epoch_num_tokens: 14000 
val --- avg_loss: 68.9114, ppl: 2.5646, acc: 0.5603  
epoch correct: 1681 epoch wrong: 1319 epoch_num_tokens: 3000 
update best loss 

epoch: 19 avg_loss: 102.3651, ppl: 2.5125, acc: 0.6001 
epoch correct: 8402 epoch wrong: 5598 epoch_num_tokens: 14000 
val --- avg_loss: 68.7735, ppl: 2.5597, acc: 0.5443  
epoch correct: 1633 epoch wrong: 1367 epoch_num_tokens: 3000 
update best loss 

epoch: 20 avg_loss: 101.4764, ppl: 2.4925, acc: 0.5937 
epoch correct: 8312 epoch wrong: 5688 epoch_num_tokens: 14000 
val --- avg_loss: 68.8092, ppl: 2.5610, acc: 0.5833  
epoch correct: 1750 epoch wrong: 1250 epoch_num_tokens: 3000 

epoch: 21 avg_loss: 101.2473, ppl: 2.4874, acc: 0.6007 
epoch correct: 8410 epoch wrong: 5590 epoch_num_tokens: 14000 
val --- avg_loss: 67.6201, ppl: 2.5197, acc: 0.5753  
epoch correct: 1726 epoch wrong: 1274 epoch_num_tokens: 3000 
update best loss 

epoch: 22 avg_loss: 100.5303, ppl: 2.4714, acc: 0.6093 
epoch correct: 8530 epoch wrong: 5470 epoch_num_tokens: 14000 
val --- avg_loss: 67.4640, ppl: 2.5143, acc: 0.5700  
epoch correct: 1710 epoch wrong: 1290 epoch_num_tokens: 3000 
update best loss 

epoch: 23 avg_loss: 100.4364, ppl: 2.4693, acc: 0.5983 
epoch correct: 8376 epoch wrong: 5624 epoch_num_tokens: 14000 
val --- avg_loss: 67.8074, ppl: 2.5262, acc: 0.5807  
epoch correct: 1742 epoch wrong: 1258 epoch_num_tokens: 3000 

epoch: 24 avg_loss: 99.2107, ppl: 2.4422, acc: 0.6165 
epoch correct: 8631 epoch wrong: 5369 epoch_num_tokens: 14000 
val --- avg_loss: 66.8700, ppl: 2.4940, acc: 0.5503  
epoch correct: 1651 epoch wrong: 1349 epoch_num_tokens: 3000 
update best loss 

epoch: 25 avg_loss: 99.7494, ppl: 2.4541, acc: 0.6020 
epoch correct: 8428 epoch wrong: 5572 epoch_num_tokens: 14000 
val --- avg_loss: 67.1019, ppl: 2.5019, acc: 0.5750  
epoch correct: 1725 epoch wrong: 1275 epoch_num_tokens: 3000 

epoch: 26 avg_loss: 98.2414, ppl: 2.4210, acc: 0.6134 
epoch correct: 8588 epoch wrong: 5412 epoch_num_tokens: 14000 
val --- avg_loss: 66.9010, ppl: 2.4951, acc: 0.5700  
epoch correct: 1710 epoch wrong: 1290 epoch_num_tokens: 3000 

epoch: 27 avg_loss: 99.2841, ppl: 2.4438, acc: 0.6031 
epoch correct: 8444 epoch wrong: 5556 epoch_num_tokens: 14000 
val --- avg_loss: 66.5731, ppl: 2.4839, acc: 0.5703  
epoch correct: 1711 epoch wrong: 1289 epoch_num_tokens: 3000 
update best loss 

epoch: 28 avg_loss: 98.5005, ppl: 2.4266, acc: 0.6100 
epoch correct: 8540 epoch wrong: 5460 epoch_num_tokens: 14000 
val --- avg_loss: 66.1395, ppl: 2.4692, acc: 0.5773  
epoch correct: 1732 epoch wrong: 1268 epoch_num_tokens: 3000 
update best loss 

epoch: 29 avg_loss: 97.9012, ppl: 2.4136, acc: 0.6046 
epoch correct: 8465 epoch wrong: 5535 epoch_num_tokens: 14000 
val --- avg_loss: 66.4500, ppl: 2.4797, acc: 0.5853  
epoch correct: 1756 epoch wrong: 1244 epoch_num_tokens: 3000 

epoch: 30 avg_loss: 97.5916, ppl: 2.4069, acc: 0.6201 
epoch correct: 8682 epoch wrong: 5318 epoch_num_tokens: 14000 
val --- avg_loss: 65.7558, ppl: 2.4563, acc: 0.5697  
epoch correct: 1709 epoch wrong: 1291 epoch_num_tokens: 3000 
update best loss 

epoch: 31 avg_loss: 98.0880, ppl: 2.4176, acc: 0.6135 
epoch correct: 8589 epoch wrong: 5411 epoch_num_tokens: 14000 
val --- avg_loss: 66.0179, ppl: 2.4651, acc: 0.5813  
epoch correct: 1744 epoch wrong: 1256 epoch_num_tokens: 3000 

epoch: 32 avg_loss: 96.7791, ppl: 2.3893, acc: 0.6148 
epoch correct: 8607 epoch wrong: 5393 epoch_num_tokens: 14000 
val --- avg_loss: 65.8058, ppl: 2.4580, acc: 0.5907  
epoch correct: 1772 epoch wrong: 1228 epoch_num_tokens: 3000 

epoch: 33 avg_loss: 96.6972, ppl: 2.3876, acc: 0.6213 
epoch correct: 8698 epoch wrong: 5302 epoch_num_tokens: 14000 
val --- avg_loss: 65.6157, ppl: 2.4516, acc: 0.5823  
epoch correct: 1747 epoch wrong: 1253 epoch_num_tokens: 3000 
update best loss 

epoch: 34 avg_loss: 96.3379, ppl: 2.3799, acc: 0.6117 
epoch correct: 8564 epoch wrong: 5436 epoch_num_tokens: 14000 
val --- avg_loss: 66.9813, ppl: 2.4978, acc: 0.6010  
epoch correct: 1803 epoch wrong: 1197 epoch_num_tokens: 3000 

epoch: 35 avg_loss: 95.7512, ppl: 2.3673, acc: 0.6372 
epoch correct: 8921 epoch wrong: 5079 epoch_num_tokens: 14000 
val --- avg_loss: 65.3101, ppl: 2.4414, acc: 0.5587  
epoch correct: 1676 epoch wrong: 1324 epoch_num_tokens: 3000 
update best loss 

epoch: 36 avg_loss: 97.3377, ppl: 2.4014, acc: 0.6043 
epoch correct: 8460 epoch wrong: 5540 epoch_num_tokens: 14000 
val --- avg_loss: 65.0592, ppl: 2.4330, acc: 0.5880  
epoch correct: 1764 epoch wrong: 1236 epoch_num_tokens: 3000 
update best loss 

epoch: 37 avg_loss: 95.4425, ppl: 2.3608, acc: 0.6219 
epoch correct: 8707 epoch wrong: 5293 epoch_num_tokens: 14000 
val --- avg_loss: 65.4355, ppl: 2.4456, acc: 0.5790  
epoch correct: 1737 epoch wrong: 1263 epoch_num_tokens: 3000 

epoch: 38 avg_loss: 95.2401, ppl: 2.3565, acc: 0.6321 
epoch correct: 8849 epoch wrong: 5151 epoch_num_tokens: 14000 
val --- avg_loss: 64.6414, ppl: 2.4192, acc: 0.5620  
epoch correct: 1686 epoch wrong: 1314 epoch_num_tokens: 3000 
update best loss 

epoch: 39 avg_loss: 95.8272, ppl: 2.3689, acc: 0.6229 
epoch correct: 8720 epoch wrong: 5280 epoch_num_tokens: 14000 
val --- avg_loss: 64.7199, ppl: 2.4218, acc: 0.5853  
epoch correct: 1756 epoch wrong: 1244 epoch_num_tokens: 3000 

epoch: 40 avg_loss: 95.5505, ppl: 2.3631, acc: 0.6299 
epoch correct: 8819 epoch wrong: 5181 epoch_num_tokens: 14000 
val --- avg_loss: 64.4163, ppl: 2.4118, acc: 0.5590  
epoch correct: 1677 epoch wrong: 1323 epoch_num_tokens: 3000 
update best loss 

epoch: 41 avg_loss: 95.2988, ppl: 2.3577, acc: 0.6191 
epoch correct: 8668 epoch wrong: 5332 epoch_num_tokens: 14000 
val --- avg_loss: 64.4686, ppl: 2.4135, acc: 0.5800  
epoch correct: 1740 epoch wrong: 1260 epoch_num_tokens: 3000 

epoch: 42 avg_loss: 94.3707, ppl: 2.3381, acc: 0.6338 
epoch correct: 8873 epoch wrong: 5127 epoch_num_tokens: 14000 
val --- avg_loss: 64.5489, ppl: 2.4161, acc: 0.5743  
epoch correct: 1723 epoch wrong: 1277 epoch_num_tokens: 3000 

epoch: 43 avg_loss: 94.6892, ppl: 2.3448, acc: 0.6329 
epoch correct: 8861 epoch wrong: 5139 epoch_num_tokens: 14000 
val --- avg_loss: 64.1804, ppl: 2.4040, acc: 0.5680  
epoch correct: 1704 epoch wrong: 1296 epoch_num_tokens: 3000 
update best loss 

epoch: 44 avg_loss: 95.1301, ppl: 2.3541, acc: 0.6164 
epoch correct: 8630 epoch wrong: 5370 epoch_num_tokens: 14000 
val --- avg_loss: 64.5245, ppl: 2.4153, acc: 0.5913  
epoch correct: 1774 epoch wrong: 1226 epoch_num_tokens: 3000 

epoch: 45 avg_loss: 94.2791, ppl: 2.3362, acc: 0.6242 
epoch correct: 8739 epoch wrong: 5261 epoch_num_tokens: 14000 
val --- avg_loss: 65.4012, ppl: 2.4444, acc: 0.6210  
epoch correct: 1863 epoch wrong: 1137 epoch_num_tokens: 3000 

epoch: 46 avg_loss: 94.2496, ppl: 2.3355, acc: 0.6357 
epoch correct: 8900 epoch wrong: 5100 epoch_num_tokens: 14000 
val --- avg_loss: 64.0479, ppl: 2.3996, acc: 0.5917  
epoch correct: 1775 epoch wrong: 1225 epoch_num_tokens: 3000 
update best loss 

epoch: 47 avg_loss: 93.3776, ppl: 2.3173, acc: 0.6351 
epoch correct: 8892 epoch wrong: 5108 epoch_num_tokens: 14000 
val --- avg_loss: 63.7280, ppl: 2.3892, acc: 0.5847  
epoch correct: 1754 epoch wrong: 1246 epoch_num_tokens: 3000 
update best loss 

epoch: 48 avg_loss: 94.0172, ppl: 2.3307, acc: 0.6256 
epoch correct: 8758 epoch wrong: 5242 epoch_num_tokens: 14000 
val --- avg_loss: 63.6755, ppl: 2.3875, acc: 0.5867  
epoch correct: 1760 epoch wrong: 1240 epoch_num_tokens: 3000 
update best loss 

epoch: 49 avg_loss: 93.9376, ppl: 2.3290, acc: 0.6312 
epoch correct: 8837 epoch wrong: 5163 epoch_num_tokens: 14000 
val --- avg_loss: 64.1305, ppl: 2.4024, acc: 0.6127  
epoch correct: 1838 epoch wrong: 1162 epoch_num_tokens: 3000 

epoch: 50 avg_loss: 93.8511, ppl: 2.3272, acc: 0.6368 
epoch correct: 8915 epoch wrong: 5085 epoch_num_tokens: 14000 
val --- avg_loss: 63.7099, ppl: 2.3886, acc: 0.5867  
epoch correct: 1760 epoch wrong: 1240 epoch_num_tokens: 3000 

epoch: 51 avg_loss: 94.0837, ppl: 2.3321, acc: 0.6214 
epoch correct: 8699 epoch wrong: 5301 epoch_num_tokens: 14000 
val --- avg_loss: 63.4943, ppl: 2.3816, acc: 0.5730  
epoch correct: 1719 epoch wrong: 1281 epoch_num_tokens: 3000 
update best loss 

epoch: 52 avg_loss: 92.8366, ppl: 2.3060, acc: 0.6244 
epoch correct: 8741 epoch wrong: 5259 epoch_num_tokens: 14000 
val --- avg_loss: 65.0133, ppl: 2.4315, acc: 0.6097  
epoch correct: 1829 epoch wrong: 1171 epoch_num_tokens: 3000 

epoch: 53 avg_loss: 92.9602, ppl: 2.3086, acc: 0.6456 
epoch correct: 9039 epoch wrong: 4961 epoch_num_tokens: 14000 
val --- avg_loss: 63.2396, ppl: 2.3733, acc: 0.5827  
epoch correct: 1748 epoch wrong: 1252 epoch_num_tokens: 3000 
update best loss 

epoch: 54 avg_loss: 92.8522, ppl: 2.3064, acc: 0.6316 
epoch correct: 8843 epoch wrong: 5157 epoch_num_tokens: 14000 
val --- avg_loss: 63.2307, ppl: 2.3730, acc: 0.5887  
epoch correct: 1766 epoch wrong: 1234 epoch_num_tokens: 3000 
update best loss 

epoch: 55 avg_loss: 92.3064, ppl: 2.2951, acc: 0.6347 
epoch correct: 8886 epoch wrong: 5114 epoch_num_tokens: 14000 
val --- avg_loss: 63.4702, ppl: 2.3808, acc: 0.6050  
epoch correct: 1815 epoch wrong: 1185 epoch_num_tokens: 3000 

epoch: 56 avg_loss: 93.2654, ppl: 2.3150, acc: 0.6260 
epoch correct: 8764 epoch wrong: 5236 epoch_num_tokens: 14000 
val --- avg_loss: 63.7484, ppl: 2.3898, acc: 0.6117  
epoch correct: 1835 epoch wrong: 1165 epoch_num_tokens: 3000 

epoch: 57 avg_loss: 91.5000, ppl: 2.2785, acc: 0.6463 
epoch correct: 9048 epoch wrong: 4952 epoch_num_tokens: 14000 
val --- avg_loss: 63.0319, ppl: 2.3666, acc: 0.5713  
epoch correct: 1714 epoch wrong: 1286 epoch_num_tokens: 3000 
update best loss 

epoch: 58 avg_loss: 93.0704, ppl: 2.3109, acc: 0.6191 
epoch correct: 8668 epoch wrong: 5332 epoch_num_tokens: 14000 
val --- avg_loss: 62.9269, ppl: 2.3632, acc: 0.6003  
epoch correct: 1801 epoch wrong: 1199 epoch_num_tokens: 3000 
update best loss 

epoch: 59 avg_loss: 92.0639, ppl: 2.2901, acc: 0.6489 
epoch correct: 9085 epoch wrong: 4915 epoch_num_tokens: 14000 
val --- avg_loss: 62.8771, ppl: 2.3616, acc: 0.5673  
epoch correct: 1702 epoch wrong: 1298 epoch_num_tokens: 3000 
update best loss 

epoch: 60 avg_loss: 91.4931, ppl: 2.2783, acc: 0.6426 
epoch correct: 8996 epoch wrong: 5004 epoch_num_tokens: 14000 
val --- avg_loss: 63.2310, ppl: 2.3730, acc: 0.5943  
epoch correct: 1783 epoch wrong: 1217 epoch_num_tokens: 3000 

epoch: 61 avg_loss: 92.1576, ppl: 2.2920, acc: 0.6414 
epoch correct: 8980 epoch wrong: 5020 epoch_num_tokens: 14000 
val --- avg_loss: 62.8078, ppl: 2.3593, acc: 0.5840  
epoch correct: 1752 epoch wrong: 1248 epoch_num_tokens: 3000 
update best loss 

epoch: 62 avg_loss: 91.2136, ppl: 2.2726, acc: 0.6443 
epoch correct: 9020 epoch wrong: 4980 epoch_num_tokens: 14000 
val --- avg_loss: 62.6096, ppl: 2.3529, acc: 0.5857  
epoch correct: 1757 epoch wrong: 1243 epoch_num_tokens: 3000 
update best loss 

epoch: 63 avg_loss: 91.0260, ppl: 2.2688, acc: 0.6324 
epoch correct: 8854 epoch wrong: 5146 epoch_num_tokens: 14000 
val --- avg_loss: 63.3456, ppl: 2.3767, acc: 0.6157  
epoch correct: 1847 epoch wrong: 1153 epoch_num_tokens: 3000 

epoch: 64 avg_loss: 91.9909, ppl: 2.2885, acc: 0.6331 
epoch correct: 8863 epoch wrong: 5137 epoch_num_tokens: 14000 
val --- avg_loss: 64.4767, ppl: 2.4137, acc: 0.6300  
epoch correct: 1890 epoch wrong: 1110 epoch_num_tokens: 3000 

epoch: 65 avg_loss: 91.3560, ppl: 2.2755, acc: 0.6520 
epoch correct: 9128 epoch wrong: 4872 epoch_num_tokens: 14000 
val --- avg_loss: 62.5075, ppl: 2.3497, acc: 0.5897  
epoch correct: 1769 epoch wrong: 1231 epoch_num_tokens: 3000 
update best loss 

epoch: 66 avg_loss: 91.3445, ppl: 2.2753, acc: 0.6464 
epoch correct: 9049 epoch wrong: 4951 epoch_num_tokens: 14000 
val --- avg_loss: 62.3145, ppl: 2.3435, acc: 0.5753  
epoch correct: 1726 epoch wrong: 1274 epoch_num_tokens: 3000 
update best loss 

epoch: 67 avg_loss: 91.7386, ppl: 2.2834, acc: 0.6350 
epoch correct: 8890 epoch wrong: 5110 epoch_num_tokens: 14000 
val --- avg_loss: 62.8402, ppl: 2.3604, acc: 0.6147  
epoch correct: 1844 epoch wrong: 1156 epoch_num_tokens: 3000 

epoch: 68 avg_loss: 89.9735, ppl: 2.2474, acc: 0.6486 
epoch correct: 9081 epoch wrong: 4919 epoch_num_tokens: 14000 
val --- avg_loss: 62.1411, ppl: 2.3379, acc: 0.5883  
epoch correct: 1765 epoch wrong: 1235 epoch_num_tokens: 3000 
update best loss 

epoch: 69 avg_loss: 91.4503, ppl: 2.2774, acc: 0.6438 
epoch correct: 9013 epoch wrong: 4987 epoch_num_tokens: 14000 
val --- avg_loss: 62.1156, ppl: 2.3371, acc: 0.5957  
epoch correct: 1787 epoch wrong: 1213 epoch_num_tokens: 3000 
update best loss 

epoch: 70 avg_loss: 91.5543, ppl: 2.2796, acc: 0.6274 
epoch correct: 8784 epoch wrong: 5216 epoch_num_tokens: 14000 
val --- avg_loss: 62.2782, ppl: 2.3423, acc: 0.6187  
epoch correct: 1856 epoch wrong: 1144 epoch_num_tokens: 3000 

epoch: 71 avg_loss: 90.7940, ppl: 2.2640, acc: 0.6456 
epoch correct: 9039 epoch wrong: 4961 epoch_num_tokens: 14000 
val --- avg_loss: 62.7907, ppl: 2.3588, acc: 0.6190  
epoch correct: 1857 epoch wrong: 1143 epoch_num_tokens: 3000 

epoch: 72 avg_loss: 90.5930, ppl: 2.2599, acc: 0.6525 
epoch correct: 9135 epoch wrong: 4865 epoch_num_tokens: 14000 
val --- avg_loss: 62.7238, ppl: 2.3566, acc: 0.6223  
epoch correct: 1867 epoch wrong: 1133 epoch_num_tokens: 3000 

epoch: 73 avg_loss: 90.6030, ppl: 2.2601, acc: 0.6474 
epoch correct: 9063 epoch wrong: 4937 epoch_num_tokens: 14000 
val --- avg_loss: 61.8756, ppl: 2.3295, acc: 0.6000  
epoch correct: 1800 epoch wrong: 1200 epoch_num_tokens: 3000 
update best loss 

epoch: 74 avg_loss: 90.6870, ppl: 2.2619, acc: 0.6441 
epoch correct: 9018 epoch wrong: 4982 epoch_num_tokens: 14000 
val --- avg_loss: 62.2795, ppl: 2.3423, acc: 0.6103  
epoch correct: 1831 epoch wrong: 1169 epoch_num_tokens: 3000 

epoch: 75 avg_loss: 90.0887, ppl: 2.2497, acc: 0.6534 
epoch correct: 9148 epoch wrong: 4852 epoch_num_tokens: 14000 
val --- avg_loss: 61.9373, ppl: 2.3314, acc: 0.6077  
epoch correct: 1823 epoch wrong: 1177 epoch_num_tokens: 3000 

epoch: 76 avg_loss: 90.5017, ppl: 2.2581, acc: 0.6364 
epoch correct: 8909 epoch wrong: 5091 epoch_num_tokens: 14000 
val --- avg_loss: 64.0289, ppl: 2.3990, acc: 0.6223  
epoch correct: 1867 epoch wrong: 1133 epoch_num_tokens: 3000 

epoch: 77 avg_loss: 90.3819, ppl: 2.2556, acc: 0.6530 
epoch correct: 9142 epoch wrong: 4858 epoch_num_tokens: 14000 
val --- avg_loss: 61.6654, ppl: 2.3228, acc: 0.5940  
epoch correct: 1782 epoch wrong: 1218 epoch_num_tokens: 3000 
update best loss 

epoch: 78 avg_loss: 89.1512, ppl: 2.2308, acc: 0.6405 
epoch correct: 8967 epoch wrong: 5033 epoch_num_tokens: 14000 
val --- avg_loss: 64.4086, ppl: 2.4115, acc: 0.6240  
epoch correct: 1872 epoch wrong: 1128 epoch_num_tokens: 3000 

epoch: 79 avg_loss: 91.4449, ppl: 2.2773, acc: 0.6486 
epoch correct: 9081 epoch wrong: 4919 epoch_num_tokens: 14000 
val --- avg_loss: 62.0010, ppl: 2.3334, acc: 0.6230  
epoch correct: 1869 epoch wrong: 1131 epoch_num_tokens: 3000 

epoch: 80 avg_loss: 90.0959, ppl: 2.2498, acc: 0.6463 
epoch correct: 9048 epoch wrong: 4952 epoch_num_tokens: 14000 
val --- avg_loss: 62.4058, ppl: 2.3464, acc: 0.6250  
epoch correct: 1875 epoch wrong: 1125 epoch_num_tokens: 3000 

epoch: 81 avg_loss: 90.6862, ppl: 2.2618, acc: 0.6517 
epoch correct: 9124 epoch wrong: 4876 epoch_num_tokens: 14000 
val --- avg_loss: 62.5175, ppl: 2.3500, acc: 0.6200  
epoch correct: 1860 epoch wrong: 1140 epoch_num_tokens: 3000 

epoch: 82 avg_loss: 89.6573, ppl: 2.2410, acc: 0.6483 
epoch correct: 9076 epoch wrong: 4924 epoch_num_tokens: 14000 
val --- avg_loss: 62.2517, ppl: 2.3415, acc: 0.6297  
epoch correct: 1889 epoch wrong: 1111 epoch_num_tokens: 3000 

epoch: 83 avg_loss: 89.3357, ppl: 2.2345, acc: 0.6641 
epoch correct: 9298 epoch wrong: 4702 epoch_num_tokens: 14000 
val --- avg_loss: 61.8137, ppl: 2.3275, acc: 0.6060  
epoch correct: 1818 epoch wrong: 1182 epoch_num_tokens: 3000 

epoch: 84 avg_loss: 89.7213, ppl: 2.2423, acc: 0.6515 
epoch correct: 9121 epoch wrong: 4879 epoch_num_tokens: 14000 
val --- avg_loss: 61.5218, ppl: 2.3182, acc: 0.6040  
epoch correct: 1812 epoch wrong: 1188 epoch_num_tokens: 3000 
update best loss 

epoch: 85 avg_loss: 88.3080, ppl: 2.2139, acc: 0.6517 
epoch correct: 9124 epoch wrong: 4876 epoch_num_tokens: 14000 
val --- avg_loss: 64.7630, ppl: 2.4232, acc: 0.5790  
epoch correct: 1737 epoch wrong: 1263 epoch_num_tokens: 3000 

epoch: 86 avg_loss: 90.3313, ppl: 2.2546, acc: 0.6540 
epoch correct: 9156 epoch wrong: 4844 epoch_num_tokens: 14000 
val --- avg_loss: 62.1665, ppl: 2.3387, acc: 0.6343  
epoch correct: 1903 epoch wrong: 1097 epoch_num_tokens: 3000 

epoch: 87 avg_loss: 89.7490, ppl: 2.2428, acc: 0.6479 
epoch correct: 9070 epoch wrong: 4930 epoch_num_tokens: 14000 
val --- avg_loss: 61.6843, ppl: 2.3234, acc: 0.6250  
epoch correct: 1875 epoch wrong: 1125 epoch_num_tokens: 3000 

epoch: 88 avg_loss: 89.2084, ppl: 2.2319, acc: 0.6509 
epoch correct: 9112 epoch wrong: 4888 epoch_num_tokens: 14000 
val --- avg_loss: 62.1506, ppl: 2.3382, acc: 0.6353  
epoch correct: 1906 epoch wrong: 1094 epoch_num_tokens: 3000 

epoch: 89 avg_loss: 89.9978, ppl: 2.2479, acc: 0.6561 
epoch correct: 9185 epoch wrong: 4815 epoch_num_tokens: 14000 
val --- avg_loss: 61.6490, ppl: 2.3222, acc: 0.6297  
epoch correct: 1889 epoch wrong: 1111 epoch_num_tokens: 3000 

epoch: 90 avg_loss: 89.5578, ppl: 2.2390, acc: 0.6504 
epoch correct: 9105 epoch wrong: 4895 epoch_num_tokens: 14000 
val --- avg_loss: 61.2107, ppl: 2.3084, acc: 0.6150  
epoch correct: 1845 epoch wrong: 1155 epoch_num_tokens: 3000 
update best loss 

epoch: 91 avg_loss: 89.0994, ppl: 2.2298, acc: 0.6583 
epoch correct: 9216 epoch wrong: 4784 epoch_num_tokens: 14000 
val --- avg_loss: 61.0536, ppl: 2.3034, acc: 0.6027  
epoch correct: 1808 epoch wrong: 1192 epoch_num_tokens: 3000 
update best loss 

epoch: 92 avg_loss: 88.8777, ppl: 2.2253, acc: 0.6523 
epoch correct: 9132 epoch wrong: 4868 epoch_num_tokens: 14000 
val --- avg_loss: 61.4596, ppl: 2.3162, acc: 0.6283  
epoch correct: 1885 epoch wrong: 1115 epoch_num_tokens: 3000 

epoch: 93 avg_loss: 88.6503, ppl: 2.2208, acc: 0.6542 
epoch correct: 9159 epoch wrong: 4841 epoch_num_tokens: 14000 
val --- avg_loss: 61.3425, ppl: 2.3125, acc: 0.6050  
epoch correct: 1815 epoch wrong: 1185 epoch_num_tokens: 3000 

epoch: 94 avg_loss: 88.7449, ppl: 2.2227, acc: 0.6529 
epoch correct: 9140 epoch wrong: 4860 epoch_num_tokens: 14000 
val --- avg_loss: 60.9665, ppl: 2.3007, acc: 0.6110  
epoch correct: 1833 epoch wrong: 1167 epoch_num_tokens: 3000 
update best loss 

epoch: 95 avg_loss: 89.3423, ppl: 2.2346, acc: 0.6466 
epoch correct: 9053 epoch wrong: 4947 epoch_num_tokens: 14000 
val --- avg_loss: 61.0628, ppl: 2.3037, acc: 0.5863  
epoch correct: 1759 epoch wrong: 1241 epoch_num_tokens: 3000 

epoch: 96 avg_loss: 88.9193, ppl: 2.2261, acc: 0.6546 
epoch correct: 9164 epoch wrong: 4836 epoch_num_tokens: 14000 
val --- avg_loss: 60.8322, ppl: 2.2965, acc: 0.6143  
epoch correct: 1843 epoch wrong: 1157 epoch_num_tokens: 3000 
update best loss 

epoch: 97 avg_loss: 88.4315, ppl: 2.2164, acc: 0.6537 
epoch correct: 9152 epoch wrong: 4848 epoch_num_tokens: 14000 
val --- avg_loss: 60.8901, ppl: 2.2983, acc: 0.6160  
epoch correct: 1848 epoch wrong: 1152 epoch_num_tokens: 3000 

epoch: 98 avg_loss: 88.4098, ppl: 2.2160, acc: 0.6441 
epoch correct: 9018 epoch wrong: 4982 epoch_num_tokens: 14000 
val --- avg_loss: 60.9776, ppl: 2.3010, acc: 0.6030  
epoch correct: 1809 epoch wrong: 1191 epoch_num_tokens: 3000 

epoch: 99 avg_loss: 88.1202, ppl: 2.2102, acc: 0.6663 
epoch correct: 9328 epoch wrong: 4672 epoch_num_tokens: 14000 
val --- avg_loss: 61.0153, ppl: 2.3022, acc: 0.6200  
epoch correct: 1860 epoch wrong: 1140 epoch_num_tokens: 3000 
