VQVAE_2(
  (encoder): LSTMEncoder(
    (embed): Embedding(39, 512)
    (lstm): LSTM(512, 512, batch_first=True)
    (dropout_in): Dropout(p=0.0, inplace=False)
  )
  (decoder): LSTMDecoder(
    (embed): Embedding(39, 512, padding_idx=0)
    (dropout_in): Dropout(p=0.0, inplace=False)
    (dropout_out): Dropout(p=0.0, inplace=False)
    (lstm): LSTM(1024, 512, batch_first=True)
    (pred_linear): Linear(in_features=512, out_features=39, bias=False)
    (loss): CrossEntropyLoss()
  )
  (multi_vq_layer): MultiVectorQuantizer(
    (embedding_1): Embedding(6, 128)
    (embedding_2): Embedding(6, 128)
    (embedding_3): Embedding(6, 128)
    (embedding_4): Embedding(6, 128)
  )
)beta:0.25
----- Parameters: -----
encoder.embed.weight, torch.Size([39, 512]): True
encoder.lstm.weight_ih_l0, torch.Size([2048, 512]): True
encoder.lstm.weight_hh_l0, torch.Size([2048, 512]): True
encoder.lstm.bias_ih_l0, torch.Size([2048]): True
encoder.lstm.bias_hh_l0, torch.Size([2048]): True
decoder.embed.weight, torch.Size([39, 512]): True
decoder.lstm.weight_ih_l0, torch.Size([2048, 1024]): True
decoder.lstm.weight_hh_l0, torch.Size([2048, 512]): True
decoder.lstm.bias_ih_l0, torch.Size([2048]): True
decoder.lstm.bias_hh_l0, torch.Size([2048]): True
decoder.pred_linear.weight, torch.Size([39, 512]): True
multi_vq_layer.embedding_1.weight, torch.Size([6, 128]): True
multi_vq_layer.embedding_2.weight, torch.Size([6, 128]): True
multi_vq_layer.embedding_3.weight, torch.Size([6, 128]): True
multi_vq_layer.embedding_4.weight, torch.Size([6, 128]): True
Epoch 0, ppl: 1.0851,  recon_loss: 32.4934, vq_loss: 0.0239, acc: 0.1109
val -- ppl: 1.0337,  recon_loss: 35.3293, vq_loss: 0.0134, acc: 0.0854 
update best loss
Epoch 1, ppl: 1.0779,  recon_loss: 29.8576, vq_loss: 0.0130, acc: 0.0819
val -- ppl: 1.0329,  recon_loss: 34.5170, vq_loss: 0.0107, acc: 0.1582 
update best loss
Epoch 2, ppl: 1.0747,  recon_loss: 28.6742, vq_loss: 0.0068, acc: 0.1650
val -- ppl: 1.0313,  recon_loss: 32.8798, vq_loss: 0.0038, acc: 0.1549 
update best loss
Epoch 3, ppl: 1.0686,  recon_loss: 26.4196, vq_loss: 0.0027, acc: 0.1506
val -- ppl: 1.0292,  recon_loss: 30.6988, vq_loss: 0.0020, acc: 0.1893 
update best loss
Epoch 4, ppl: 1.0644,  recon_loss: 24.8294, vq_loss: 0.0270, acc: 0.1832
val -- ppl: 1.0282,  recon_loss: 29.3266, vq_loss: 0.2970, acc: 0.1818 
update best loss
Epoch 5, ppl: 1.0641,  recon_loss: 23.9610, vq_loss: 0.7910, acc: 0.1893
val -- ppl: 1.0282,  recon_loss: 28.6667, vq_loss: 0.9519, acc: 0.2314 
update best loss
Epoch 6, ppl: 1.0612,  recon_loss: 23.5124, vq_loss: 0.1542, acc: 0.1830
val -- ppl: 1.0275,  recon_loss: 28.8947, vq_loss: 0.0467, acc: 0.2023 
Epoch 7, ppl: 1.0590,  recon_loss: 22.7897, vq_loss: 0.0341, acc: 0.2142
val -- ppl: 1.0269,  recon_loss: 28.2470, vq_loss: 0.1001, acc: 0.2437 
update best loss
Epoch 8, ppl: 1.0560,  recon_loss: 21.6322, vq_loss: 0.0457, acc: 0.2545
val -- ppl: 1.0260,  recon_loss: 27.3113, vq_loss: 0.0860, acc: 0.2679 
update best loss
Epoch 9, ppl: 1.0535,  recon_loss: 20.6771, vq_loss: 0.0828, acc: 0.2563
val -- ppl: 1.0257,  recon_loss: 26.7891, vq_loss: 0.2541, acc: 0.2843 
update best loss
Epoch 10, ppl: 1.0538,  recon_loss: 20.1158, vq_loss: 0.7617, acc: 0.2819
val -- ppl: 1.0267,  recon_loss: 26.8430, vq_loss: 1.2139, acc: 0.2830 
Epoch 11, ppl: 1.0528,  recon_loss: 19.4828, vq_loss: 1.0215, acc: 0.2941
val -- ppl: 1.0255,  recon_loss: 25.9889, vq_loss: 0.8917, acc: 0.3015 
update best loss
Epoch 12, ppl: 1.0496,  recon_loss: 18.5713, vq_loss: 0.7117, acc: 0.2969
val -- ppl: 1.0249,  recon_loss: 25.7683, vq_loss: 0.5037, acc: 0.3031 
update best loss
Epoch 13, ppl: 1.0474,  recon_loss: 17.9290, vq_loss: 0.5187, acc: 0.3133
val -- ppl: 1.0247,  recon_loss: 25.6449, vq_loss: 0.3921, acc: 0.3131 
update best loss
Epoch 14, ppl: 1.0448,  recon_loss: 17.0594, vq_loss: 0.3983, acc: 0.3195
val -- ppl: 1.0244,  recon_loss: 25.3361, vq_loss: 0.4070, acc: 0.3136 
update best loss
Epoch 15, ppl: 1.0432,  recon_loss: 16.4800, vq_loss: 0.3509, acc: 0.3272
val -- ppl: 1.0243,  recon_loss: 25.2418, vq_loss: 0.3906, acc: 0.3178 
update best loss
Epoch 16, ppl: 1.0418,  recon_loss: 15.9610, vq_loss: 0.3446, acc: 0.3530
val -- ppl: 1.0239,  recon_loss: 24.8547, vq_loss: 0.3751, acc: 0.3394 
update best loss
Epoch 17, ppl: 1.0409,  recon_loss: 15.6010, vq_loss: 0.3581, acc: 0.3468
val -- ppl: 1.0243,  recon_loss: 25.3398, vq_loss: 0.2887, acc: 0.3281 
Epoch 18, ppl: 1.0393,  recon_loss: 15.0920, vq_loss: 0.2736, acc: 0.3597
val -- ppl: 1.0245,  recon_loss: 25.4079, vq_loss: 0.3649, acc: 0.3332 
Epoch 19, ppl: 1.0380,  recon_loss: 14.5124, vq_loss: 0.3297, acc: 0.3612
val -- ppl: 1.0236,  recon_loss: 24.4896, vq_loss: 0.3483, acc: 0.3441 
update best loss
Epoch 20, ppl: 1.0366,  recon_loss: 14.0364, vq_loss: 0.2932, acc: 0.3820
val -- ppl: 1.0232,  recon_loss: 24.1359, vq_loss: 0.3425, acc: 0.3554 
update best loss
Epoch 21, ppl: 1.0346,  recon_loss: 13.2336, vq_loss: 0.3141, acc: 0.3982
val -- ppl: 1.0235,  recon_loss: 24.4497, vq_loss: 0.3667, acc: 0.3506 
Epoch 22, ppl: 1.0335,  recon_loss: 12.7881, vq_loss: 0.3468, acc: 0.4177
val -- ppl: 1.0230,  recon_loss: 23.8782, vq_loss: 0.3896, acc: 0.3577 
update best loss
Epoch 23, ppl: 1.0328,  recon_loss: 12.4535, vq_loss: 0.3909, acc: 0.4171
val -- ppl: 1.0231,  recon_loss: 23.9068, vq_loss: 0.4587, acc: 0.3622 
Epoch 24, ppl: 1.0323,  recon_loss: 12.2224, vq_loss: 0.4235, acc: 0.4247
val -- ppl: 1.0233,  recon_loss: 24.1519, vq_loss: 0.4476, acc: 0.3684 
Epoch 25, ppl: 1.0312,  recon_loss: 11.7433, vq_loss: 0.4724, acc: 0.4406
val -- ppl: 1.0233,  recon_loss: 24.0534, vq_loss: 0.5347, acc: 0.3696 
Epoch 26, ppl: 1.0302,  recon_loss: 11.2963, vq_loss: 0.5393, acc: 0.4501
val -- ppl: 1.0235,  recon_loss: 24.2563, vq_loss: 0.5478, acc: 0.3743 
Epoch 27, ppl: 1.0290,  recon_loss: 10.8422, vq_loss: 0.5516, acc: 0.4739
val -- ppl: 1.0232,  recon_loss: 23.8662, vq_loss: 0.5846, acc: 0.3845 
update best loss
Epoch 28, ppl: 1.0279,  recon_loss: 10.3106, vq_loss: 0.6324, acc: 0.4877
val -- ppl: 1.0232,  recon_loss: 23.7774, vq_loss: 0.6705, acc: 0.3870 
update best loss
Epoch 29, ppl: 1.0276,  recon_loss: 10.0614, vq_loss: 0.7689, acc: 0.4971
val -- ppl: 1.0235,  recon_loss: 23.9509, vq_loss: 0.8264, acc: 0.3864 
Epoch 30, ppl: 1.0267,  recon_loss: 9.6406, vq_loss: 0.8347, acc: 0.5108
val -- ppl: 1.0232,  recon_loss: 23.5838, vq_loss: 0.8388, acc: 0.3918 
update best loss
Epoch 31, ppl: 1.0261,  recon_loss: 9.3415, vq_loss: 0.9075, acc: 0.5158
val -- ppl: 1.0237,  recon_loss: 24.0922, vq_loss: 0.8617, acc: 0.3889 
Epoch 32, ppl: 1.0254,  recon_loss: 9.0686, vq_loss: 0.9217, acc: 0.5352
val -- ppl: 1.0232,  recon_loss: 23.5156, vq_loss: 0.9561, acc: 0.4010 
update best loss
Epoch 33, ppl: 1.0245,  recon_loss: 8.6414, vq_loss: 1.0107, acc: 0.5391
val -- ppl: 1.0234,  recon_loss: 23.6228, vq_loss: 1.0395, acc: 0.4023 
Epoch 34, ppl: 1.0240,  recon_loss: 8.3540, vq_loss: 1.0949, acc: 0.5615
val -- ppl: 1.0230,  recon_loss: 23.1208, vq_loss: 1.0826, acc: 0.4091 
update best loss
Epoch 35, ppl: 1.0232,  recon_loss: 7.9717, vq_loss: 1.1634, acc: 0.5743
val -- ppl: 1.0236,  recon_loss: 23.7313, vq_loss: 1.1436, acc: 0.4031 
Epoch 36, ppl: 1.0233,  recon_loss: 7.9554, vq_loss: 1.2115, acc: 0.5813
val -- ppl: 1.0233,  recon_loss: 23.2665, vq_loss: 1.2845, acc: 0.4139 
Epoch 37, ppl: 1.0227,  recon_loss: 7.6419, vq_loss: 1.2799, acc: 0.5922
val -- ppl: 1.0245,  recon_loss: 24.5062, vq_loss: 1.2836, acc: 0.4108 
Epoch 38, ppl: 1.0228,  recon_loss: 7.6592, vq_loss: 1.3098, acc: 0.5819
val -- ppl: 1.0242,  recon_loss: 24.2173, vq_loss: 1.2885, acc: 0.4100 
Epoch 39, ppl: 1.0215,  recon_loss: 7.1462, vq_loss: 1.3359, acc: 0.6019
val -- ppl: 1.0239,  recon_loss: 23.8653, vq_loss: 1.3207, acc: 0.4171 
Epoch 40, ppl: 1.0203,  recon_loss: 6.6333, vq_loss: 1.3699, acc: 0.6287
val -- ppl: 1.0239,  recon_loss: 23.7843, vq_loss: 1.3612, acc: 0.4204 
Epoch 41, ppl: 1.0205,  recon_loss: 6.6542, vq_loss: 1.4175, acc: 0.6210
val -- ppl: 1.0243,  recon_loss: 24.2340, vq_loss: 1.4229, acc: 0.4064 
Epoch 42, ppl: 1.0210,  recon_loss: 6.8172, vq_loss: 1.4451, acc: 0.6302
val -- ppl: 1.0234,  recon_loss: 23.3120, vq_loss: 1.4061, acc: 0.4232 
Epoch 43, ppl: 1.0212,  recon_loss: 6.9438, vq_loss: 1.4084, acc: 0.6277
val -- ppl: 1.0244,  recon_loss: 24.2982, vq_loss: 1.4061, acc: 0.4250 
Epoch 44, ppl: 1.0196,  recon_loss: 6.2854, vq_loss: 1.4320, acc: 0.6507
val -- ppl: 1.0240,  recon_loss: 23.8934, vq_loss: 1.4461, acc: 0.4293 
Epoch 45, ppl: 1.0183,  recon_loss: 5.7952, vq_loss: 1.4314, acc: 0.6723
val -- ppl: 1.0240,  recon_loss: 23.8300, vq_loss: 1.4527, acc: 0.4300 
Epoch 46, ppl: 1.0181,  recon_loss: 5.6521, vq_loss: 1.4790, acc: 0.6772
val -- ppl: 1.0247,  recon_loss: 24.5475, vq_loss: 1.4904, acc: 0.4273 
Epoch 47, ppl: 1.0178,  recon_loss: 5.5276, vq_loss: 1.4954, acc: 0.6833
val -- ppl: 1.0243,  recon_loss: 24.1218, vq_loss: 1.5215, acc: 0.4332 
Epoch 48, ppl: 1.0170,  recon_loss: 5.2076, vq_loss: 1.5177, acc: 0.6958
val -- ppl: 1.0251,  recon_loss: 24.8970, vq_loss: 1.5616, acc: 0.4294 
Epoch 49, ppl: 1.0167,  recon_loss: 5.0727, vq_loss: 1.5343, acc: 0.7032
val -- ppl: 1.0243,  recon_loss: 24.0162, vq_loss: 1.6110, acc: 0.4385 
Epoch 50, ppl: 1.0166,  recon_loss: 4.9545, vq_loss: 1.5821, acc: 0.7165
val -- ppl: 1.0255,  recon_loss: 25.1680, vq_loss: 1.6447, acc: 0.4328 
Epoch 51, ppl: 1.0164,  recon_loss: 4.8810, vq_loss: 1.6098, acc: 0.7175
val -- ppl: 1.0246,  recon_loss: 24.2444, vq_loss: 1.6767, acc: 0.4391 
Epoch 52, ppl: 1.0158,  recon_loss: 4.6204, vq_loss: 1.6280, acc: 0.7276
val -- ppl: 1.0250,  recon_loss: 24.6728, vq_loss: 1.6995, acc: 0.4430 
Epoch 53, ppl: 1.0158,  recon_loss: 4.6006, vq_loss: 1.6508, acc: 0.7358
val -- ppl: 1.0256,  recon_loss: 25.1435, vq_loss: 1.7744, acc: 0.4344 
Epoch 54, ppl: 1.0154,  recon_loss: 4.3987, vq_loss: 1.6902, acc: 0.7434
val -- ppl: 1.0252,  recon_loss: 24.8064, vq_loss: 1.7720, acc: 0.4385 
Epoch 55, ppl: 1.0151,  recon_loss: 4.2579, vq_loss: 1.7000, acc: 0.7443
val -- ppl: 1.0253,  recon_loss: 24.8054, vq_loss: 1.8133, acc: 0.4404 
Epoch 56, ppl: 1.0153,  recon_loss: 4.3333, vq_loss: 1.7178, acc: 0.7454
val -- ppl: 1.0263,  recon_loss: 25.9089, vq_loss: 1.8281, acc: 0.4388 
Epoch 57, ppl: 1.0148,  recon_loss: 4.1079, vq_loss: 1.7370, acc: 0.7580
val -- ppl: 1.0254,  recon_loss: 24.7987, vq_loss: 1.9126, acc: 0.4449 
Epoch 58, ppl: 1.0146,  recon_loss: 3.9663, vq_loss: 1.7864, acc: 0.7709
val -- ppl: 1.0255,  recon_loss: 24.8524, vq_loss: 1.9754, acc: 0.4484 
Epoch 59, ppl: 1.0139,  recon_loss: 3.6939, vq_loss: 1.8144, acc: 0.7776
val -- ppl: 1.0264,  recon_loss: 25.8500, vq_loss: 1.9801, acc: 0.4480 
Epoch 60, ppl: 1.0138,  recon_loss: 3.6354, vq_loss: 1.8210, acc: 0.7874
val -- ppl: 1.0259,  recon_loss: 25.2915, vq_loss: 2.0253, acc: 0.4502 
Epoch 61, ppl: 1.0139,  recon_loss: 3.6546, vq_loss: 1.8584, acc: 0.7884
val -- ppl: 1.0266,  recon_loss: 25.9164, vq_loss: 2.0545, acc: 0.4447 
Epoch 62, ppl: 1.0139,  recon_loss: 3.6201, vq_loss: 1.8904, acc: 0.7899
val -- ppl: 1.0267,  recon_loss: 25.9910, vq_loss: 2.0773, acc: 0.4454 
Epoch 63, ppl: 1.0140,  recon_loss: 3.6231, vq_loss: 1.9162, acc: 0.7884
val -- ppl: 1.0271,  recon_loss: 26.4657, vq_loss: 2.0984, acc: 0.4444 
Epoch 64, ppl: 1.0141,  recon_loss: 3.6456, vq_loss: 1.9478, acc: 0.7961
val -- ppl: 1.0277,  recon_loss: 27.0694, vq_loss: 2.0964, acc: 0.4329 
Epoch 65, ppl: 1.0153,  recon_loss: 4.1166, vq_loss: 1.9259, acc: 0.7649
val -- ppl: 1.0275,  recon_loss: 26.7784, vq_loss: 2.1360, acc: 0.4372 
Epoch 66, ppl: 1.0146,  recon_loss: 3.8382, vq_loss: 1.9437, acc: 0.7798
val -- ppl: 1.0263,  recon_loss: 25.5213, vq_loss: 2.1563, acc: 0.4465 
Epoch 67, ppl: 1.0139,  recon_loss: 3.5282, vq_loss: 1.9858, acc: 0.7929
val -- ppl: 1.0267,  recon_loss: 25.9206, vq_loss: 2.2054, acc: 0.4511 
Epoch 68, ppl: 1.0132,  recon_loss: 3.2113, vq_loss: 1.9992, acc: 0.8061
val -- ppl: 1.0275,  recon_loss: 26.7641, vq_loss: 2.2196, acc: 0.4531 
Epoch 69, ppl: 1.0128,  recon_loss: 3.0801, vq_loss: 2.0005, acc: 0.8177
val -- ppl: 1.0266,  recon_loss: 25.7987, vq_loss: 2.2289, acc: 0.4548 
Epoch 70, ppl: 1.0126,  recon_loss: 2.9826, vq_loss: 2.0209, acc: 0.8185
val -- ppl: 1.0274,  recon_loss: 26.5072, vq_loss: 2.2865, acc: 0.4557 
Epoch 71, ppl: 1.0126,  recon_loss: 2.9380, vq_loss: 2.0381, acc: 0.8191
val -- ppl: 1.0271,  recon_loss: 26.2431, vq_loss: 2.3126, acc: 0.4521 
Epoch 72, ppl: 1.0121,  recon_loss: 2.7500, vq_loss: 2.0562, acc: 0.8377
val -- ppl: 1.0270,  recon_loss: 26.0788, vq_loss: 2.3556, acc: 0.4575 
Epoch 73, ppl: 1.0124,  recon_loss: 2.8369, vq_loss: 2.0719, acc: 0.8320
val -- ppl: 1.0271,  recon_loss: 26.1471, vq_loss: 2.3376, acc: 0.4575 
Epoch 74, ppl: 1.0119,  recon_loss: 2.6299, vq_loss: 2.0826, acc: 0.8408
val -- ppl: 1.0274,  recon_loss: 26.4991, vq_loss: 2.3535, acc: 0.4574 
Epoch 75, ppl: 1.0118,  recon_loss: 2.5756, vq_loss: 2.0816, acc: 0.8466
val -- ppl: 1.0273,  recon_loss: 26.3300, vq_loss: 2.3664, acc: 0.4576 
Epoch 76, ppl: 1.0125,  recon_loss: 2.8408, vq_loss: 2.0874, acc: 0.8246
val -- ppl: 1.0278,  recon_loss: 26.8532, vq_loss: 2.3662, acc: 0.4550 
Epoch 77, ppl: 1.0120,  recon_loss: 2.6478, vq_loss: 2.0932, acc: 0.8417
val -- ppl: 1.0277,  recon_loss: 26.8053, vq_loss: 2.3633, acc: 0.4581 
Epoch 78, ppl: 1.0122,  recon_loss: 2.7125, vq_loss: 2.1120, acc: 0.8419
val -- ppl: 1.0280,  recon_loss: 27.0323, vq_loss: 2.3897, acc: 0.4575 
Epoch 79, ppl: 1.0118,  recon_loss: 2.5545, vq_loss: 2.1162, acc: 0.8478
val -- ppl: 1.0282,  recon_loss: 27.2680, vq_loss: 2.4128, acc: 0.4558 
Epoch 80, ppl: 1.0115,  recon_loss: 2.4063, vq_loss: 2.1278, acc: 0.8506
val -- ppl: 1.0282,  recon_loss: 27.2638, vq_loss: 2.4459, acc: 0.4557 
Epoch 81, ppl: 1.0116,  recon_loss: 2.4401, vq_loss: 2.1479, acc: 0.8472
val -- ppl: 1.0291,  recon_loss: 28.1645, vq_loss: 2.4424, acc: 0.4557 
Epoch 82, ppl: 1.0120,  recon_loss: 2.6031, vq_loss: 2.1615, acc: 0.8528
val -- ppl: 1.0288,  recon_loss: 27.8543, vq_loss: 2.4675, acc: 0.4536 
Epoch 83, ppl: 1.0119,  recon_loss: 2.4677, vq_loss: 2.2392, acc: 0.8518
val -- ppl: 1.0290,  recon_loss: 28.0574, vq_loss: 2.4387, acc: 0.4525 
Epoch 84, ppl: 1.0125,  recon_loss: 2.7614, vq_loss: 2.1789, acc: 0.8298
val -- ppl: 1.0289,  recon_loss: 27.9517, vq_loss: 2.4864, acc: 0.4507 
Epoch 85, ppl: 1.0122,  recon_loss: 2.6259, vq_loss: 2.1914, acc: 0.8437
val -- ppl: 1.0288,  recon_loss: 27.7647, vq_loss: 2.4782, acc: 0.4530 
Epoch 86, ppl: 1.0118,  recon_loss: 2.4888, vq_loss: 2.1890, acc: 0.8488
val -- ppl: 1.0295,  recon_loss: 28.5062, vq_loss: 2.4670, acc: 0.4559 
Epoch 87, ppl: 1.0112,  recon_loss: 2.2252, vq_loss: 2.2005, acc: 0.8622
val -- ppl: 1.0291,  recon_loss: 28.0543, vq_loss: 2.4928, acc: 0.4537 
Epoch 88, ppl: 1.0112,  recon_loss: 2.2207, vq_loss: 2.2219, acc: 0.8634
val -- ppl: 1.0298,  recon_loss: 28.8226, vq_loss: 2.5328, acc: 0.4492 
Epoch 89, ppl: 1.0115,  recon_loss: 2.3124, vq_loss: 2.2334, acc: 0.8614
val -- ppl: 1.0289,  recon_loss: 27.8925, vq_loss: 2.5335, acc: 0.4592 
Epoch 90, ppl: 1.0114,  recon_loss: 2.2916, vq_loss: 2.2279, acc: 0.8570
val -- ppl: 1.0291,  recon_loss: 28.0058, vq_loss: 2.5414, acc: 0.4536 
Epoch 91, ppl: 1.0114,  recon_loss: 2.2766, vq_loss: 2.2277, acc: 0.8583
val -- ppl: 1.0294,  recon_loss: 28.3389, vq_loss: 2.5479, acc: 0.4537 
Epoch 92, ppl: 1.0110,  recon_loss: 2.1356, vq_loss: 2.2264, acc: 0.8655
val -- ppl: 1.0300,  recon_loss: 28.9390, vq_loss: 2.5449, acc: 0.4542 
Epoch 93, ppl: 1.0111,  recon_loss: 2.1324, vq_loss: 2.2435, acc: 0.8681
val -- ppl: 1.0298,  recon_loss: 28.7042, vq_loss: 2.5824, acc: 0.4574 
Epoch 94, ppl: 1.0110,  recon_loss: 2.1372, vq_loss: 2.2324, acc: 0.8645
val -- ppl: 1.0300,  recon_loss: 29.0036, vq_loss: 2.5655, acc: 0.4540 
Epoch 95, ppl: 1.0108,  recon_loss: 2.0367, vq_loss: 2.2460, acc: 0.8702
val -- ppl: 1.0312,  recon_loss: 30.2014, vq_loss: 2.5590, acc: 0.4512 
Epoch 96, ppl: 1.0109,  recon_loss: 2.0751, vq_loss: 2.2436, acc: 0.8680
val -- ppl: 1.0296,  recon_loss: 28.5187, vq_loss: 2.5875, acc: 0.4587 
Epoch 97, ppl: 1.0113,  recon_loss: 2.2033, vq_loss: 2.2532, acc: 0.8649
val -- ppl: 1.0304,  recon_loss: 29.3547, vq_loss: 2.6077, acc: 0.4585 
Epoch 98, ppl: 1.0113,  recon_loss: 2.2000, vq_loss: 2.2739, acc: 0.8633
val -- ppl: 1.0299,  recon_loss: 28.8305, vq_loss: 2.5895, acc: 0.4551 
Epoch 99, ppl: 1.0113,  recon_loss: 2.2112, vq_loss: 2.2681, acc: 0.8613
val -- ppl: 1.0306,  recon_loss: 29.4702, vq_loss: 2.6310, acc: 0.4562 