
number of params: 6547552 
Namespace(batchsize=128, dec_dropout_in=0.5, dec_dropout_out=0.5, dec_nh=1024, device='cuda', enc_dropout_in=0.0, enc_dropout_out=0.0, enc_nh=2, epochs=3, fig_path='model/ae/results/training/50000_instances/3epochs.png', log_path='model/ae/results/training/50000_instances/3epochs.log', logger=<common.utils.Logger object at 0x7fa36e6a81d0>, lr=0.001, maxtrnsize=582000, maxtstsize=10000, maxvalsize=10000, mname='ae', model=AE(
  (encoder): AE_Encoder(
    (embed): Embedding(39, 512)
    (lstm): LSTM(512, 2, batch_first=True)
    (dropout_in): Dropout(p=0.0, inplace=False)
    (linear): Linear(in_features=2, out_features=32, bias=False)
  )
  (decoder): AE_Decoder(
    (embed): Embedding(39, 512, padding_idx=0)
    (dropout_in): Dropout(p=0.5, inplace=False)
    (dropout_out): Dropout(p=0.5, inplace=False)
    (trans_linear): Linear(in_features=32, out_features=1024, bias=False)
    (lstm): LSTM(544, 1024, batch_first=True)
    (pred_linear): Linear(in_features=1024, out_features=39, bias=False)
    (loss): CrossEntropyLoss()
  )
), modelname='model/ae/results/training/50000_instances/', ni=512, nz=32, opt='Adam', save_path='model/ae/results/training/50000_instances/3epochs.pt', seq_to_no_pad='surface', surface_vocab_file='model/vae/data/surf.uniquesurfs.trn.txt', task='ae', trndata='model/vae/data/surf.uniquesurfs.trn.txt', trnsize=50000, tstdata='model/vae/data/surf.uniquesurfs.val.txt', tstsize=50000, valdata='model/vae/data/surf.uniquesurfs.val.txt', valsize=4000)

encoder.embed.weight, torch.Size([39, 512]): True
encoder.lstm.weight_ih_l0, torch.Size([8, 512]): True
encoder.lstm.weight_hh_l0, torch.Size([8, 2]): True
encoder.lstm.bias_ih_l0, torch.Size([8]): True
encoder.lstm.bias_hh_l0, torch.Size([8]): True
encoder.linear.weight, torch.Size([32, 2]): True
decoder.embed.weight, torch.Size([39, 512]): True
decoder.trans_linear.weight, torch.Size([1024, 32]): True
decoder.lstm.weight_ih_l0, torch.Size([4096, 544]): True
decoder.lstm.weight_hh_l0, torch.Size([4096, 1024]): True
decoder.lstm.bias_ih_l0, torch.Size([4096]): True
decoder.lstm.bias_hh_l0, torch.Size([4096]): True
decoder.pred_linear.weight, torch.Size([39, 1024]): True
epoch: 0 avg_loss: 23.6830, acc: 0.2925
val --- avg_loss: 21.0672, acc: 0.4006  
update best loss 

epoch: 1 avg_loss: 17.8744, acc: 0.4375
val --- avg_loss: 17.7677, acc: 0.4840  
update best loss 

epoch: 2 avg_loss: 15.9138, acc: 0.4930
val --- avg_loss: 16.9438, acc: 0.5011  
update best loss 
