trn -- size:14000,  avg_surf_len: 8.60, avg_feat_len: 10.25, avg_root_len: 4.53 
Pos tag Verb: 0.50, count: 7017
Pos tag Noun: 0.39, count: 5460
Pos tag Adj: 0.10, count: 1433
Pos tag Num: 0.00, count: 36
Pos tag Pron: 0.00, count: 27
Pos tag Postp: 0.00, count: 26
Pos tag Dup: 0.00, count: 01
Polarity tag <unk>: 0.48, count: 6756 
Polarity tag Pos: 0.44, count: 6115 
Polarity tag Neg: 0.08, count: 1129 
Tense tag <unk>: 0.69, count: 9638 
Tense tag Past: 0.18, count: 2535 
Tense tag Aor: 0.05, count: 637 
Tense tag Prog1: 0.03, count: 475 
Tense tag Narr: 0.03, count: 435 
Tense tag Fut: 0.02, count: 276 
Tense tag Prog2: 0.00, count: 04 
Surfpos tag Verb: 0.36, count: 5000 
Surfpos tag Noun: 0.36, count: 5000 
Surfpos tag Adj: 0.29, count: 4000 
val -- size:3000,  avg_surf_len: 9.72, avg_feat_len: 11.38, avg_root_len: 4.97 
Pos tag Verb: 0.49, count: 1464
Pos tag Noun: 0.42, count: 1262
Pos tag Adj: 0.09, count: 261
Pos tag Pron: 0.00, count: 05
Pos tag Num: 0.00, count: 05
Pos tag Postp: 0.00, count: 03
Polarity tag <unk>: 0.48, count: 1452 
Polarity tag Pos: 0.43, count: 1281 
Polarity tag Neg: 0.09, count: 267 
Tense tag <unk>: 0.74, count: 2207 
Tense tag Aor: 0.13, count: 397 
Tense tag Past: 0.06, count: 172 
Tense tag Narr: 0.03, count: 93 
Tense tag Prog1: 0.03, count: 86 
Tense tag Fut: 0.01, count: 40 
Tense tag Prog2: 0.00, count: 05 
Surfpos tag Verb: 0.33, count: 1000 
Surfpos tag Noun: 0.33, count: 1000 
Surfpos tag Adj: 0.33, count: 1000 

number of params: 4096 
Namespace(axs=array([<matplotlib.axes._subplots.AxesSubplot object at 0x7fdbb4bc1d50>,
       <matplotlib.axes._subplots.AxesSubplot object at 0x7fdbacc44190>],
      dtype=object), basemodel='models/ae/trmor_agg0_kls0.00_warm10_0_1.pt', batchsize=128, bidirectional=False, bmodel='ae_original_nosuffix', clip_grad=5.0, dec_dropout_in=0.0, dec_dropout_out=0.0, dec_nh=1024, device='cuda', enc_dropout_in=0.0, enc_nh=1024, epochs=100, fig=<Figure size 640x480 with 2 Axes>, fig_path='logs/surf2surfpos/ae_original_nosuffix/14000_instances/100epochs.png', freeze_decoder=True, freeze_encoder=True, is_clip_grad=False, log_path='logs/surf2surfpos/ae_original_nosuffix/14000_instances/100epochs.log', logger=<utils.Logger object at 0x7fdbacba7e50>, lr=0.01, maxtrnsize=57769, maxtstsize=8517, maxvalsize=8329, model=VAE(
  (encoder): LSTMEncoder(
    (embed): Embedding(35, 512)
    (lstm): LSTM(512, 1024, batch_first=True)
    (dropout_in): Dropout(p=0.0, inplace=False)
    (linear): None
  )
  (decoder): None
  (probe_linear): Linear(in_features=1024, out_features=4, bias=False)
  (closs): CrossEntropyLoss()
), modelname='logs/surf2surfpos/ae_original_nosuffix/14000_instances', ni=512, nz=32, opt='Adam', plt_style='-', reset_decoder=False, reset_encoder=False, save_path='logs/surf2surfpos/ae_original_nosuffix/14000_instances/100epochs.pt', seq_to_no_pad='surface', surface_vocab_file='trmor_data/trmor2018.nosuffixwords.trn.txt', task='surf2surfpos', trndata='trmor_data/pos(surf)/surfpos.uniquesurfs.trn.txt', trnsize=14000, tstsize=0, valdata='trmor_data/pos(surf)/surfpos.uniquesurfs.val.txt', valsize=3000)

encoder.embed.weight, torch.Size([35, 512]): False
encoder.lstm.weight_ih_l0, torch.Size([4096, 512]): False
encoder.lstm.weight_hh_l0, torch.Size([4096, 1024]): False
encoder.lstm.bias_ih_l0, torch.Size([4096]): False
encoder.lstm.bias_hh_l0, torch.Size([4096]): False
probe_linear.weight, torch.Size([4, 1024]): True
epoch: 0 avg_loss: 117.4213, ppl: 2.8771, acc: 0.5412 
epoch correct: 7577 epoch wrong: 6423 epoch_num_tokens: 14000 
val --- avg_loss: 71.3874, ppl: 2.6528, acc: 0.5740  
epoch correct: 1722 epoch wrong: 1278 epoch_num_tokens: 3000 
update best loss 

epoch: 1 avg_loss: 98.4631, ppl: 2.4258, acc: 0.6216 
epoch correct: 8703 epoch wrong: 5297 epoch_num_tokens: 14000 
val --- avg_loss: 65.0286, ppl: 2.4320, acc: 0.6360  
epoch correct: 1908 epoch wrong: 1092 epoch_num_tokens: 3000 
update best loss 

epoch: 2 avg_loss: 91.9713, ppl: 2.2881, acc: 0.6583 
epoch correct: 9216 epoch wrong: 4784 epoch_num_tokens: 14000 
val --- avg_loss: 61.8242, ppl: 2.3278, acc: 0.6537  
epoch correct: 1961 epoch wrong: 1039 epoch_num_tokens: 3000 
update best loss 

epoch: 3 avg_loss: 88.5562, ppl: 2.2189, acc: 0.6683 
epoch correct: 9356 epoch wrong: 4644 epoch_num_tokens: 14000 
val --- avg_loss: 59.2855, ppl: 2.2484, acc: 0.6513  
epoch correct: 1954 epoch wrong: 1046 epoch_num_tokens: 3000 
update best loss 

epoch: 4 avg_loss: 85.5966, ppl: 2.1606, acc: 0.6805 
epoch correct: 9527 epoch wrong: 4473 epoch_num_tokens: 14000 
val --- avg_loss: 56.6003, ppl: 2.1674, acc: 0.6953  
epoch correct: 2086 epoch wrong: 914 epoch_num_tokens: 3000 
update best loss 

epoch: 5 avg_loss: 83.7143, ppl: 2.1243, acc: 0.6879 
epoch correct: 9630 epoch wrong: 4370 epoch_num_tokens: 14000 
val --- avg_loss: 55.6520, ppl: 2.1395, acc: 0.6980  
epoch correct: 2094 epoch wrong: 906 epoch_num_tokens: 3000 
update best loss 

epoch: 6 avg_loss: 82.2445, ppl: 2.0964, acc: 0.6951 
epoch correct: 9732 epoch wrong: 4268 epoch_num_tokens: 14000 
val --- avg_loss: 54.8443, ppl: 2.1160, acc: 0.7003  
epoch correct: 2101 epoch wrong: 899 epoch_num_tokens: 3000 
update best loss 

epoch: 7 avg_loss: 81.3381, ppl: 2.0793, acc: 0.6975 
epoch correct: 9765 epoch wrong: 4235 epoch_num_tokens: 14000 
val --- avg_loss: 53.8225, ppl: 2.0867, acc: 0.7060  
epoch correct: 2118 epoch wrong: 882 epoch_num_tokens: 3000 
update best loss 

epoch: 8 avg_loss: 78.6535, ppl: 2.0297, acc: 0.7138 
epoch correct: 9993 epoch wrong: 4007 epoch_num_tokens: 14000 
val --- avg_loss: 53.0966, ppl: 2.0661, acc: 0.7160  
epoch correct: 2148 epoch wrong: 852 epoch_num_tokens: 3000 
update best loss 

epoch: 9 avg_loss: 78.1169, ppl: 2.0199, acc: 0.7171 
epoch correct: 10039 epoch wrong: 3961 epoch_num_tokens: 14000 
val --- avg_loss: 52.2390, ppl: 2.0420, acc: 0.7233  
epoch correct: 2170 epoch wrong: 830 epoch_num_tokens: 3000 
update best loss 

epoch: 10 avg_loss: 77.5667, ppl: 2.0099, acc: 0.7197 
epoch correct: 10076 epoch wrong: 3924 epoch_num_tokens: 14000 
val --- avg_loss: 53.1218, ppl: 2.0668, acc: 0.7070  
epoch correct: 2121 epoch wrong: 879 epoch_num_tokens: 3000 

epoch: 11 avg_loss: 77.2271, ppl: 2.0038, acc: 0.7154 
epoch correct: 10015 epoch wrong: 3985 epoch_num_tokens: 14000 
val --- avg_loss: 50.5438, ppl: 1.9952, acc: 0.7393  
epoch correct: 2218 epoch wrong: 782 epoch_num_tokens: 3000 
update best loss 

epoch: 12 avg_loss: 76.4112, ppl: 1.9891, acc: 0.7244 
epoch correct: 10141 epoch wrong: 3859 epoch_num_tokens: 14000 
val --- avg_loss: 51.0956, ppl: 2.0103, acc: 0.7197  
epoch correct: 2159 epoch wrong: 841 epoch_num_tokens: 3000 

epoch: 13 avg_loss: 75.9061, ppl: 1.9801, acc: 0.7211 
epoch correct: 10096 epoch wrong: 3904 epoch_num_tokens: 14000 
val --- avg_loss: 50.1158, ppl: 1.9836, acc: 0.7310  
epoch correct: 2193 epoch wrong: 807 epoch_num_tokens: 3000 
update best loss 

epoch: 14 avg_loss: 75.2745, ppl: 1.9689, acc: 0.7279 
epoch correct: 10190 epoch wrong: 3810 epoch_num_tokens: 14000 
val --- avg_loss: 49.7774, ppl: 1.9745, acc: 0.7340  
epoch correct: 2202 epoch wrong: 798 epoch_num_tokens: 3000 
update best loss 

epoch: 15 avg_loss: 75.3186, ppl: 1.9697, acc: 0.7284 
epoch correct: 10198 epoch wrong: 3802 epoch_num_tokens: 14000 
val --- avg_loss: 49.9625, ppl: 1.9795, acc: 0.7363  
epoch correct: 2209 epoch wrong: 791 epoch_num_tokens: 3000 

epoch: 16 avg_loss: 74.3456, ppl: 1.9525, acc: 0.7302 
epoch correct: 10223 epoch wrong: 3777 epoch_num_tokens: 14000 
val --- avg_loss: 50.1598, ppl: 1.9848, acc: 0.7353  
epoch correct: 2206 epoch wrong: 794 epoch_num_tokens: 3000 

epoch: 17 avg_loss: 73.5136, ppl: 1.9379, acc: 0.7374 
epoch correct: 10323 epoch wrong: 3677 epoch_num_tokens: 14000 
val --- avg_loss: 49.0489, ppl: 1.9549, acc: 0.7463  
epoch correct: 2239 epoch wrong: 761 epoch_num_tokens: 3000 
update best loss 

epoch: 18 avg_loss: 73.4590, ppl: 1.9370, acc: 0.7341 
epoch correct: 10278 epoch wrong: 3722 epoch_num_tokens: 14000 
val --- avg_loss: 50.0750, ppl: 1.9825, acc: 0.7160  
epoch correct: 2148 epoch wrong: 852 epoch_num_tokens: 3000 

epoch: 19 avg_loss: 73.6194, ppl: 1.9398, acc: 0.7355 
epoch correct: 10297 epoch wrong: 3703 epoch_num_tokens: 14000 
val --- avg_loss: 48.1572, ppl: 1.9312, acc: 0.7430  
epoch correct: 2229 epoch wrong: 771 epoch_num_tokens: 3000 
update best loss 

epoch: 20 avg_loss: 72.5807, ppl: 1.9217, acc: 0.7393 
epoch correct: 10350 epoch wrong: 3650 epoch_num_tokens: 14000 
val --- avg_loss: 49.4404, ppl: 1.9654, acc: 0.7347  
epoch correct: 2204 epoch wrong: 796 epoch_num_tokens: 3000 

epoch: 21 avg_loss: 72.6325, ppl: 1.9226, acc: 0.7434 
epoch correct: 10408 epoch wrong: 3592 epoch_num_tokens: 14000 
val --- avg_loss: 47.6235, ppl: 1.9172, acc: 0.7547  
epoch correct: 2264 epoch wrong: 736 epoch_num_tokens: 3000 
update best loss 

epoch: 22 avg_loss: 71.8799, ppl: 1.9096, acc: 0.7453 
epoch correct: 10434 epoch wrong: 3566 epoch_num_tokens: 14000 
val --- avg_loss: 47.2436, ppl: 1.9073, acc: 0.7523  
epoch correct: 2257 epoch wrong: 743 epoch_num_tokens: 3000 
update best loss 

epoch: 23 avg_loss: 71.3133, ppl: 1.8999, acc: 0.7490 
epoch correct: 10486 epoch wrong: 3514 epoch_num_tokens: 14000 
val --- avg_loss: 47.9626, ppl: 1.9261, acc: 0.7503  
epoch correct: 2251 epoch wrong: 749 epoch_num_tokens: 3000 

epoch: 24 avg_loss: 70.8428, ppl: 1.8919, acc: 0.7494 
epoch correct: 10492 epoch wrong: 3508 epoch_num_tokens: 14000 
val --- avg_loss: 47.8700, ppl: 1.9236, acc: 0.7500  
epoch correct: 2250 epoch wrong: 750 epoch_num_tokens: 3000 

epoch: 25 avg_loss: 70.9175, ppl: 1.8932, acc: 0.7501 
epoch correct: 10501 epoch wrong: 3499 epoch_num_tokens: 14000 
val --- avg_loss: 46.7064, ppl: 1.8933, acc: 0.7610  
epoch correct: 2283 epoch wrong: 717 epoch_num_tokens: 3000 
update best loss 

epoch: 26 avg_loss: 70.4131, ppl: 1.8846, acc: 0.7529 
epoch correct: 10540 epoch wrong: 3460 epoch_num_tokens: 14000 
val --- avg_loss: 47.2303, ppl: 1.9069, acc: 0.7553  
epoch correct: 2266 epoch wrong: 734 epoch_num_tokens: 3000 

epoch: 27 avg_loss: 71.5858, ppl: 1.9046, acc: 0.7440 
epoch correct: 10416 epoch wrong: 3584 epoch_num_tokens: 14000 
val --- avg_loss: 46.7737, ppl: 1.8950, acc: 0.7570  
epoch correct: 2271 epoch wrong: 729 epoch_num_tokens: 3000 

epoch: 28 avg_loss: 70.5940, ppl: 1.8877, acc: 0.7466 
epoch correct: 10452 epoch wrong: 3548 epoch_num_tokens: 14000 
val --- avg_loss: 46.6368, ppl: 1.8915, acc: 0.7600  
epoch correct: 2280 epoch wrong: 720 epoch_num_tokens: 3000 
update best loss 

epoch: 29 avg_loss: 69.8747, ppl: 1.8755, acc: 0.7558 
epoch correct: 10581 epoch wrong: 3419 epoch_num_tokens: 14000 
val --- avg_loss: 47.4132, ppl: 1.9117, acc: 0.7520  
epoch correct: 2256 epoch wrong: 744 epoch_num_tokens: 3000 

epoch: 30 avg_loss: 69.6159, ppl: 1.8711, acc: 0.7562 
epoch correct: 10587 epoch wrong: 3413 epoch_num_tokens: 14000 
val --- avg_loss: 46.0555, ppl: 1.8765, acc: 0.7617  
epoch correct: 2285 epoch wrong: 715 epoch_num_tokens: 3000 
update best loss 

epoch: 31 avg_loss: 70.3045, ppl: 1.8828, acc: 0.7501 
epoch correct: 10501 epoch wrong: 3499 epoch_num_tokens: 14000 
val --- avg_loss: 46.0140, ppl: 1.8755, acc: 0.7657  
epoch correct: 2297 epoch wrong: 703 epoch_num_tokens: 3000 
update best loss 

epoch: 32 avg_loss: 69.3671, ppl: 1.8669, acc: 0.7562 
epoch correct: 10587 epoch wrong: 3413 epoch_num_tokens: 14000 
val --- avg_loss: 46.8834, ppl: 1.8979, acc: 0.7530  
epoch correct: 2259 epoch wrong: 741 epoch_num_tokens: 3000 

epoch: 33 avg_loss: 68.6670, ppl: 1.8552, acc: 0.7611 
epoch correct: 10656 epoch wrong: 3344 epoch_num_tokens: 14000 
val --- avg_loss: 46.3186, ppl: 1.8833, acc: 0.7560  
epoch correct: 2268 epoch wrong: 732 epoch_num_tokens: 3000 

epoch: 34 avg_loss: 68.6738, ppl: 1.8553, acc: 0.7567 
epoch correct: 10594 epoch wrong: 3406 epoch_num_tokens: 14000 
val --- avg_loss: 47.1371, ppl: 1.9045, acc: 0.7467  
epoch correct: 2240 epoch wrong: 760 epoch_num_tokens: 3000 

epoch: 35 avg_loss: 68.3363, ppl: 1.8497, acc: 0.7619 
epoch correct: 10667 epoch wrong: 3333 epoch_num_tokens: 14000 
val --- avg_loss: 46.6579, ppl: 1.8920, acc: 0.7527  
epoch correct: 2258 epoch wrong: 742 epoch_num_tokens: 3000 

epoch: 36 avg_loss: 69.5269, ppl: 1.8696, acc: 0.7534 
epoch correct: 10547 epoch wrong: 3453 epoch_num_tokens: 14000 
val --- avg_loss: 45.3899, ppl: 1.8595, acc: 0.7627  
epoch correct: 2288 epoch wrong: 712 epoch_num_tokens: 3000 
update best loss 

epoch: 37 avg_loss: 67.6311, ppl: 1.8380, acc: 0.7614 
epoch correct: 10660 epoch wrong: 3340 epoch_num_tokens: 14000 
val --- avg_loss: 46.6982, ppl: 1.8931, acc: 0.7423  
epoch correct: 2227 epoch wrong: 773 epoch_num_tokens: 3000 

epoch: 38 avg_loss: 67.8483, ppl: 1.8416, acc: 0.7655 
epoch correct: 10717 epoch wrong: 3283 epoch_num_tokens: 14000 
val --- avg_loss: 44.7662, ppl: 1.8438, acc: 0.7637  
epoch correct: 2291 epoch wrong: 709 epoch_num_tokens: 3000 
update best loss 

epoch: 39 avg_loss: 68.2647, ppl: 1.8485, acc: 0.7613 
epoch correct: 10658 epoch wrong: 3342 epoch_num_tokens: 14000 
val --- avg_loss: 45.0868, ppl: 1.8519, acc: 0.7647  
epoch correct: 2294 epoch wrong: 706 epoch_num_tokens: 3000 

epoch: 40 avg_loss: 67.8650, ppl: 1.8419, acc: 0.7595 
epoch correct: 10633 epoch wrong: 3367 epoch_num_tokens: 14000 
val --- avg_loss: 45.1733, ppl: 1.8540, acc: 0.7683  
epoch correct: 2305 epoch wrong: 695 epoch_num_tokens: 3000 

epoch: 41 avg_loss: 68.4044, ppl: 1.8508, acc: 0.7604 
epoch correct: 10645 epoch wrong: 3355 epoch_num_tokens: 14000 
val --- avg_loss: 44.2984, ppl: 1.8320, acc: 0.7683  
epoch correct: 2305 epoch wrong: 695 epoch_num_tokens: 3000 
update best loss 

epoch: 42 avg_loss: 67.3205, ppl: 1.8329, acc: 0.7634 
epoch correct: 10688 epoch wrong: 3312 epoch_num_tokens: 14000 
val --- avg_loss: 44.6415, ppl: 1.8406, acc: 0.7730  
epoch correct: 2319 epoch wrong: 681 epoch_num_tokens: 3000 

epoch: 43 avg_loss: 67.4576, ppl: 1.8351, acc: 0.7672 
epoch correct: 10741 epoch wrong: 3259 epoch_num_tokens: 14000 
val --- avg_loss: 44.2173, ppl: 1.8300, acc: 0.7753  
epoch correct: 2326 epoch wrong: 674 epoch_num_tokens: 3000 
update best loss 

epoch: 44 avg_loss: 67.3760, ppl: 1.8338, acc: 0.7629 
epoch correct: 10681 epoch wrong: 3319 epoch_num_tokens: 14000 
val --- avg_loss: 44.5113, ppl: 1.8373, acc: 0.7683  
epoch correct: 2305 epoch wrong: 695 epoch_num_tokens: 3000 

epoch: 45 avg_loss: 67.3099, ppl: 1.8327, acc: 0.7659 
epoch correct: 10722 epoch wrong: 3278 epoch_num_tokens: 14000 
val --- avg_loss: 46.1082, ppl: 1.8779, acc: 0.7413  
epoch correct: 2224 epoch wrong: 776 epoch_num_tokens: 3000 

epoch: 46 avg_loss: 66.9829, ppl: 1.8273, acc: 0.7646 
epoch correct: 10705 epoch wrong: 3295 epoch_num_tokens: 14000 
val --- avg_loss: 44.6387, ppl: 1.8405, acc: 0.7690  
epoch correct: 2307 epoch wrong: 693 epoch_num_tokens: 3000 

epoch: 47 avg_loss: 66.5130, ppl: 1.8196, acc: 0.7714 
epoch correct: 10799 epoch wrong: 3201 epoch_num_tokens: 14000 
val --- avg_loss: 44.4301, ppl: 1.8353, acc: 0.7697  
epoch correct: 2309 epoch wrong: 691 epoch_num_tokens: 3000 

epoch: 48 avg_loss: 67.3168, ppl: 1.8328, acc: 0.7639 
epoch correct: 10694 epoch wrong: 3306 epoch_num_tokens: 14000 
val --- avg_loss: 44.1859, ppl: 1.8292, acc: 0.7700  
epoch correct: 2310 epoch wrong: 690 epoch_num_tokens: 3000 
update best loss 

epoch: 49 avg_loss: 66.4327, ppl: 1.8183, acc: 0.7685 
epoch correct: 10759 epoch wrong: 3241 epoch_num_tokens: 14000 
val --- avg_loss: 43.9698, ppl: 1.8238, acc: 0.7750  
epoch correct: 2325 epoch wrong: 675 epoch_num_tokens: 3000 
update best loss 

epoch: 50 avg_loss: 66.8594, ppl: 1.8253, acc: 0.7682 
epoch correct: 10755 epoch wrong: 3245 epoch_num_tokens: 14000 
val --- avg_loss: 44.0279, ppl: 1.8252, acc: 0.7683  
epoch correct: 2305 epoch wrong: 695 epoch_num_tokens: 3000 

epoch: 51 avg_loss: 66.6480, ppl: 1.8218, acc: 0.7669 
epoch correct: 10736 epoch wrong: 3264 epoch_num_tokens: 14000 
val --- avg_loss: 43.7343, ppl: 1.8179, acc: 0.7733  
epoch correct: 2320 epoch wrong: 680 epoch_num_tokens: 3000 
update best loss 

epoch: 52 avg_loss: 66.7976, ppl: 1.8243, acc: 0.7642 
epoch correct: 10699 epoch wrong: 3301 epoch_num_tokens: 14000 
val --- avg_loss: 45.1362, ppl: 1.8531, acc: 0.7523  
epoch correct: 2257 epoch wrong: 743 epoch_num_tokens: 3000 

epoch: 53 avg_loss: 66.0690, ppl: 1.8123, acc: 0.7675 
epoch correct: 10745 epoch wrong: 3255 epoch_num_tokens: 14000 
val --- avg_loss: 43.6312, ppl: 1.8154, acc: 0.7693  
epoch correct: 2308 epoch wrong: 692 epoch_num_tokens: 3000 
update best loss 

epoch: 54 avg_loss: 66.3058, ppl: 1.8162, acc: 0.7700 
epoch correct: 10780 epoch wrong: 3220 epoch_num_tokens: 14000 
val --- avg_loss: 43.6569, ppl: 1.8160, acc: 0.7770  
epoch correct: 2331 epoch wrong: 669 epoch_num_tokens: 3000 

epoch: 55 avg_loss: 65.5358, ppl: 1.8037, acc: 0.7739 
epoch correct: 10834 epoch wrong: 3166 epoch_num_tokens: 14000 
val --- avg_loss: 43.5432, ppl: 1.8132, acc: 0.7763  
epoch correct: 2329 epoch wrong: 671 epoch_num_tokens: 3000 
update best loss 

epoch: 56 avg_loss: 66.6053, ppl: 1.8211, acc: 0.7647 
epoch correct: 10706 epoch wrong: 3294 epoch_num_tokens: 14000 
val --- avg_loss: 44.4543, ppl: 1.8359, acc: 0.7560  
epoch correct: 2268 epoch wrong: 732 epoch_num_tokens: 3000 

epoch: 57 avg_loss: 64.8965, ppl: 1.7933, acc: 0.7769 
epoch correct: 10877 epoch wrong: 3123 epoch_num_tokens: 14000 
val --- avg_loss: 43.4276, ppl: 1.8103, acc: 0.7843  
epoch correct: 2353 epoch wrong: 647 epoch_num_tokens: 3000 
update best loss 

epoch: 58 avg_loss: 66.0925, ppl: 1.8127, acc: 0.7713 
epoch correct: 10798 epoch wrong: 3202 epoch_num_tokens: 14000 
val --- avg_loss: 43.9886, ppl: 1.8243, acc: 0.7637  
epoch correct: 2291 epoch wrong: 709 epoch_num_tokens: 3000 

epoch: 59 avg_loss: 65.6970, ppl: 1.8063, acc: 0.7713 
epoch correct: 10798 epoch wrong: 3202 epoch_num_tokens: 14000 
val --- avg_loss: 43.8171, ppl: 1.8200, acc: 0.7693  
epoch correct: 2308 epoch wrong: 692 epoch_num_tokens: 3000 

epoch: 60 avg_loss: 64.7966, ppl: 1.7917, acc: 0.7731 
epoch correct: 10823 epoch wrong: 3177 epoch_num_tokens: 14000 
val --- avg_loss: 43.2189, ppl: 1.8052, acc: 0.7760  
epoch correct: 2328 epoch wrong: 672 epoch_num_tokens: 3000 
update best loss 

epoch: 61 avg_loss: 65.3053, ppl: 1.7999, acc: 0.7704 
epoch correct: 10785 epoch wrong: 3215 epoch_num_tokens: 14000 
val --- avg_loss: 43.1707, ppl: 1.8040, acc: 0.7790  
epoch correct: 2337 epoch wrong: 663 epoch_num_tokens: 3000 
update best loss 

epoch: 62 avg_loss: 64.6112, ppl: 1.7887, acc: 0.7761 
epoch correct: 10865 epoch wrong: 3135 epoch_num_tokens: 14000 
val --- avg_loss: 42.4326, ppl: 1.7859, acc: 0.7813  
epoch correct: 2344 epoch wrong: 656 epoch_num_tokens: 3000 
update best loss 

epoch: 63 avg_loss: 64.6209, ppl: 1.7889, acc: 0.7775 
epoch correct: 10885 epoch wrong: 3115 epoch_num_tokens: 14000 
val --- avg_loss: 43.2057, ppl: 1.8049, acc: 0.7737  
epoch correct: 2321 epoch wrong: 679 epoch_num_tokens: 3000 

epoch: 64 avg_loss: 65.4714, ppl: 1.8026, acc: 0.7724 
epoch correct: 10813 epoch wrong: 3187 epoch_num_tokens: 14000 
val --- avg_loss: 44.3029, ppl: 1.8321, acc: 0.7460  
epoch correct: 2238 epoch wrong: 762 epoch_num_tokens: 3000 

epoch: 65 avg_loss: 64.8347, ppl: 1.7923, acc: 0.7734 
epoch correct: 10828 epoch wrong: 3172 epoch_num_tokens: 14000 
val --- avg_loss: 42.9503, ppl: 1.7986, acc: 0.7760  
epoch correct: 2328 epoch wrong: 672 epoch_num_tokens: 3000 

epoch: 66 avg_loss: 64.5278, ppl: 1.7874, acc: 0.7765 
epoch correct: 10871 epoch wrong: 3129 epoch_num_tokens: 14000 
val --- avg_loss: 42.5518, ppl: 1.7888, acc: 0.7810  
epoch correct: 2343 epoch wrong: 657 epoch_num_tokens: 3000 

epoch: 67 avg_loss: 64.7946, ppl: 1.7917, acc: 0.7737 
epoch correct: 10832 epoch wrong: 3168 epoch_num_tokens: 14000 
val --- avg_loss: 42.9512, ppl: 1.7986, acc: 0.7753  
epoch correct: 2326 epoch wrong: 674 epoch_num_tokens: 3000 

epoch: 68 avg_loss: 64.1247, ppl: 1.7809, acc: 0.7794 
epoch correct: 10911 epoch wrong: 3089 epoch_num_tokens: 14000 
val --- avg_loss: 42.8682, ppl: 1.7965, acc: 0.7743  
epoch correct: 2323 epoch wrong: 677 epoch_num_tokens: 3000 

epoch: 69 avg_loss: 64.7511, ppl: 1.7910, acc: 0.7719 
epoch correct: 10807 epoch wrong: 3193 epoch_num_tokens: 14000 
val --- avg_loss: 43.0126, ppl: 1.8001, acc: 0.7737  
epoch correct: 2321 epoch wrong: 679 epoch_num_tokens: 3000 

epoch: 70 avg_loss: 64.6706, ppl: 1.7897, acc: 0.7727 
epoch correct: 10818 epoch wrong: 3182 epoch_num_tokens: 14000 
val --- avg_loss: 42.4134, ppl: 1.7854, acc: 0.7740  
epoch correct: 2322 epoch wrong: 678 epoch_num_tokens: 3000 
update best loss 

epoch: 71 avg_loss: 64.1909, ppl: 1.7820, acc: 0.7765 
epoch correct: 10871 epoch wrong: 3129 epoch_num_tokens: 14000 
val --- avg_loss: 42.6773, ppl: 1.7919, acc: 0.7757  
epoch correct: 2327 epoch wrong: 673 epoch_num_tokens: 3000 

epoch: 72 avg_loss: 64.1070, ppl: 1.7806, acc: 0.7767 
epoch correct: 10874 epoch wrong: 3126 epoch_num_tokens: 14000 
val --- avg_loss: 42.2921, ppl: 1.7825, acc: 0.7800  
epoch correct: 2340 epoch wrong: 660 epoch_num_tokens: 3000 
update best loss 

epoch: 73 avg_loss: 64.0084, ppl: 1.7790, acc: 0.7799 
epoch correct: 10919 epoch wrong: 3081 epoch_num_tokens: 14000 
val --- avg_loss: 41.5786, ppl: 1.7652, acc: 0.7900  
epoch correct: 2370 epoch wrong: 630 epoch_num_tokens: 3000 
update best loss 

epoch: 74 avg_loss: 64.4495, ppl: 1.7861, acc: 0.7738 
epoch correct: 10833 epoch wrong: 3167 epoch_num_tokens: 14000 
val --- avg_loss: 42.4423, ppl: 1.7861, acc: 0.7787  
epoch correct: 2336 epoch wrong: 664 epoch_num_tokens: 3000 

epoch: 75 avg_loss: 63.5421, ppl: 1.7716, acc: 0.7820 
epoch correct: 10948 epoch wrong: 3052 epoch_num_tokens: 14000 
val --- avg_loss: 42.1763, ppl: 1.7796, acc: 0.7780  
epoch correct: 2334 epoch wrong: 666 epoch_num_tokens: 3000 

epoch: 76 avg_loss: 64.1434, ppl: 1.7812, acc: 0.7776 
epoch correct: 10886 epoch wrong: 3114 epoch_num_tokens: 14000 
val --- avg_loss: 44.1164, ppl: 1.8275, acc: 0.7663  
epoch correct: 2299 epoch wrong: 701 epoch_num_tokens: 3000 

epoch: 77 avg_loss: 63.9985, ppl: 1.7789, acc: 0.7769 
epoch correct: 10877 epoch wrong: 3123 epoch_num_tokens: 14000 
val --- avg_loss: 41.9999, ppl: 1.7754, acc: 0.7797  
epoch correct: 2339 epoch wrong: 661 epoch_num_tokens: 3000 

epoch: 78 avg_loss: 62.6335, ppl: 1.7572, acc: 0.7852 
epoch correct: 10993 epoch wrong: 3007 epoch_num_tokens: 14000 
val --- avg_loss: 43.5596, ppl: 1.8136, acc: 0.7623  
epoch correct: 2287 epoch wrong: 713 epoch_num_tokens: 3000 

epoch: 79 avg_loss: 64.1258, ppl: 1.7809, acc: 0.7778 
epoch correct: 10889 epoch wrong: 3111 epoch_num_tokens: 14000 
val --- avg_loss: 42.3603, ppl: 1.7841, acc: 0.7823  
epoch correct: 2347 epoch wrong: 653 epoch_num_tokens: 3000 

epoch: 80 avg_loss: 63.2255, ppl: 1.7666, acc: 0.7811 
epoch correct: 10935 epoch wrong: 3065 epoch_num_tokens: 14000 
val --- avg_loss: 41.7785, ppl: 1.7700, acc: 0.7820  
epoch correct: 2346 epoch wrong: 654 epoch_num_tokens: 3000 

epoch: 81 avg_loss: 63.9872, ppl: 1.7787, acc: 0.7775 
epoch correct: 10885 epoch wrong: 3115 epoch_num_tokens: 14000 
val --- avg_loss: 43.0511, ppl: 1.8010, acc: 0.7703  
epoch correct: 2311 epoch wrong: 689 epoch_num_tokens: 3000 

epoch: 82 avg_loss: 63.1035, ppl: 1.7646, acc: 0.7802 
epoch correct: 10923 epoch wrong: 3077 epoch_num_tokens: 14000 
val --- avg_loss: 42.2015, ppl: 1.7802, acc: 0.7727  
epoch correct: 2318 epoch wrong: 682 epoch_num_tokens: 3000 

epoch: 83 avg_loss: 63.4385, ppl: 1.7699, acc: 0.7829 
epoch correct: 10960 epoch wrong: 3040 epoch_num_tokens: 14000 
val --- avg_loss: 42.1287, ppl: 1.7785, acc: 0.7763  
epoch correct: 2329 epoch wrong: 671 epoch_num_tokens: 3000 

epoch: 84 avg_loss: 62.7721, ppl: 1.7594, acc: 0.7822 
epoch correct: 10951 epoch wrong: 3049 epoch_num_tokens: 14000 
val --- avg_loss: 42.6376, ppl: 1.7909, acc: 0.7733  
epoch correct: 2320 epoch wrong: 680 epoch_num_tokens: 3000 

epoch: 85 avg_loss: 61.7878, ppl: 1.7438, acc: 0.7886 
epoch correct: 11040 epoch wrong: 2960 epoch_num_tokens: 14000 
val --- avg_loss: 43.1854, ppl: 1.8044, acc: 0.7630  
epoch correct: 2289 epoch wrong: 711 epoch_num_tokens: 3000 

epoch: 86 avg_loss: 63.1174, ppl: 1.7648, acc: 0.7836 
epoch correct: 10970 epoch wrong: 3030 epoch_num_tokens: 14000 
val --- avg_loss: 42.0488, ppl: 1.7765, acc: 0.7797  
epoch correct: 2339 epoch wrong: 661 epoch_num_tokens: 3000 

epoch: 87 avg_loss: 62.8429, ppl: 1.7605, acc: 0.7823 
epoch correct: 10952 epoch wrong: 3048 epoch_num_tokens: 14000 
val --- avg_loss: 41.9960, ppl: 1.7753, acc: 0.7843  
epoch correct: 2353 epoch wrong: 647 epoch_num_tokens: 3000 

epoch: 88 avg_loss: 62.5453, ppl: 1.7558, acc: 0.7840 
epoch correct: 10976 epoch wrong: 3024 epoch_num_tokens: 14000 
val --- avg_loss: 41.5796, ppl: 1.7652, acc: 0.7807  
epoch correct: 2342 epoch wrong: 658 epoch_num_tokens: 3000 

epoch: 89 avg_loss: 63.9939, ppl: 1.7788, acc: 0.7749 
epoch correct: 10849 epoch wrong: 3151 epoch_num_tokens: 14000 
val --- avg_loss: 41.8748, ppl: 1.7723, acc: 0.7863  
epoch correct: 2359 epoch wrong: 641 epoch_num_tokens: 3000 

epoch: 90 avg_loss: 62.9771, ppl: 1.7626, acc: 0.7834 
epoch correct: 10968 epoch wrong: 3032 epoch_num_tokens: 14000 
val --- avg_loss: 41.4338, ppl: 1.7617, acc: 0.7890  
epoch correct: 2367 epoch wrong: 633 epoch_num_tokens: 3000 
update best loss 

epoch: 91 avg_loss: 62.2136, ppl: 1.7505, acc: 0.7857 
epoch correct: 11000 epoch wrong: 3000 epoch_num_tokens: 14000 
val --- avg_loss: 41.3254, ppl: 1.7591, acc: 0.7910  
epoch correct: 2373 epoch wrong: 627 epoch_num_tokens: 3000 
update best loss 

epoch: 92 avg_loss: 62.0091, ppl: 1.7473, acc: 0.7863 
epoch correct: 11008 epoch wrong: 2992 epoch_num_tokens: 14000 
val --- avg_loss: 41.0430, ppl: 1.7523, acc: 0.7900  
epoch correct: 2370 epoch wrong: 630 epoch_num_tokens: 3000 
update best loss 

epoch: 93 avg_loss: 62.1228, ppl: 1.7491, acc: 0.7874 
epoch correct: 11023 epoch wrong: 2977 epoch_num_tokens: 14000 
val --- avg_loss: 40.7476, ppl: 1.7452, acc: 0.7973  
epoch correct: 2392 epoch wrong: 608 epoch_num_tokens: 3000 
update best loss 

epoch: 94 avg_loss: 62.3078, ppl: 1.7520, acc: 0.7838 
epoch correct: 10973 epoch wrong: 3027 epoch_num_tokens: 14000 
val --- avg_loss: 40.6704, ppl: 1.7434, acc: 0.7957  
epoch correct: 2387 epoch wrong: 613 epoch_num_tokens: 3000 
update best loss 

epoch: 95 avg_loss: 62.4189, ppl: 1.7538, acc: 0.7801 
epoch correct: 10921 epoch wrong: 3079 epoch_num_tokens: 14000 
val --- avg_loss: 40.9198, ppl: 1.7493, acc: 0.7953  
epoch correct: 2386 epoch wrong: 614 epoch_num_tokens: 3000 

epoch: 96 avg_loss: 62.2224, ppl: 1.7507, acc: 0.7860 
epoch correct: 11004 epoch wrong: 2996 epoch_num_tokens: 14000 
val --- avg_loss: 40.7540, ppl: 1.7454, acc: 0.7927  
epoch correct: 2378 epoch wrong: 622 epoch_num_tokens: 3000 

epoch: 97 avg_loss: 61.3533, ppl: 1.7370, acc: 0.7905 
epoch correct: 11067 epoch wrong: 2933 epoch_num_tokens: 14000 
val --- avg_loss: 40.9238, ppl: 1.7494, acc: 0.7883  
epoch correct: 2365 epoch wrong: 635 epoch_num_tokens: 3000 

epoch: 98 avg_loss: 61.1993, ppl: 1.7346, acc: 0.7901 
epoch correct: 11061 epoch wrong: 2939 epoch_num_tokens: 14000 
val --- avg_loss: 40.9992, ppl: 1.7512, acc: 0.7900  
epoch correct: 2370 epoch wrong: 630 epoch_num_tokens: 3000 

epoch: 99 avg_loss: 60.9288, ppl: 1.7304, acc: 0.7922 
epoch correct: 11091 epoch wrong: 2909 epoch_num_tokens: 14000 
val --- avg_loss: 40.8860, ppl: 1.7485, acc: 0.7923  
epoch correct: 2377 epoch wrong: 623 epoch_num_tokens: 3000 
