tst -- size:3752,  avg_surf_len: 8.00, avg_feat_len: 10.33, avg_root_len: 5.46 
Pos tag Noun: 0.53, count: 2006
Pos tag Adj: 0.25, count: 952
Pos tag Verb: 0.21, count: 794
Polarity tag <unk>: 0.77, count: 2906 
Polarity tag Pos: 0.21, count: 783 
Polarity tag Neg: 0.02, count: 63 
Tense tag <unk>: 0.94, count: 3527 
Tense tag Past: 0.04, count: 150 
Tense tag Narr: 0.01, count: 28 
Tense tag Aor: 0.01, count: 22 
Tense tag Prog1: 0.00, count: 17 
Tense tag Fut: 0.00, count: 08 
Surfpos tag Adj: 0.61, count: 2302 
Surfpos tag Noun: 0.31, count: 1176 
Surfpos tag Verb: 0.07, count: 274 

number of params: 4096 
Namespace(axs=array([<matplotlib.axes._subplots.AxesSubplot object at 0x7f45ecfb9c90>,
       <matplotlib.axes._subplots.AxesSubplot object at 0x7f45e3031f90>],
      dtype=object), basemodel='models/ae/AE_trmor_agg0_kls0.00_warm10_0_0.pt', batchsize=128, bidirectional=False, bmodel='ae_original_probe', clip_grad=5.0, dec_dropout_in=0.0, dec_dropout_out=0.0, dec_nh=1024, device='cuda', enc_dropout_in=0.0, enc_nh=1024, epochs=0, fig=<Figure size 640x480 with 2 Axes>, fig_path='logs/root2pos/ae_original_probe/14000_instances/0epochs.png', freeze_decoder=True, freeze_encoder=True, is_clip_grad=False, log_path='logs/root2pos/ae_original_probe/14000_instances/0epochs.log', logger=<utils.Logger object at 0x7f45e2eec910>, lr=0.01, maxtrnsize=57769, maxtstsize=8517, maxvalsize=8329, model=VAE(
  (encoder): LSTMEncoder(
    (embed): Embedding(39, 512)
    (lstm): LSTM(512, 1024, batch_first=True)
    (dropout_in): Dropout(p=0.0, inplace=False)
    (linear): None
  )
  (decoder): None
  (probe_linear): Linear(in_features=1024, out_features=4, bias=False)
  (closs): CrossEntropyLoss()
), modelname='logs/root2pos/ae_original_probe/14000_instances', ni=512, nz=32, opt='Adam', plt_style='-', reset_decoder=False, reset_encoder=False, save_path='logs/root2pos/ae_original_probe/14000_instances/0epochs.pt', seq_to_no_pad='surface', surface_vocab_file='trmor_data/surf/surf.uniquesurfs.trn.txt', task='root2pos', trndata='trmor_data/pos(surf)/surfpos.uniquesurfs.trn.txt', trnsize=14000, tstdata='trmor_data/pos(root)/pos(root).uniqueroots.tst.txt', tstsize=3752, valdata='trmor_data/pos(surf)/surfpos.uniquesurfs.val.txt', valsize=3000)
tst --- avg_loss: 141.8253, ppl: 4.3675, acc: 0.4832  
epoch correct: 1813 epoch wrong: 1939 epoch_num_tokens: 3752 
