trn -- size:100,  avg_surf_len: 12.85, avg_feat_len: 11.74  
val -- size:1000,  avg_surf_len: 12.86, avg_feat_len: 12.35  
tst -- size:1000,  avg_surf_len: 12.71, avg_feat_len: 12.18  

number of params: 6400000 
Namespace(axs=array([<matplotlib.axes._subplots.AxesSubplot object at 0x7f19f2684a50>,
       <matplotlib.axes._subplots.AxesSubplot object at 0x7f19e870bb50>],
      dtype=object), basemodel='models/vae/trmor_agg0_kls0.10_warm10_0_911.pt', batchsize=128, bidirectional=False, bmodel='vae_original_2', clip_grad=5.0, dec_dropout_in=0.0, dec_dropout_out=0.0, dec_nh=1024, device='cuda', enc_dropout_in=0.0, enc_nh=1024, epochs=100, fig=<Figure size 640x480 with 2 Axes>, fig_path='logs/sigmorphon2018task1/low-data/vae_original_2/100_instances/100epochs.png', freeze_decoder=True, freeze_encoder=False, is_clip_grad=False, log_path='logs/sigmorphon2018task1/low-data/vae_original_2/100_instances/100epochs.log', logger=<utils.Logger object at 0x7f19f2684ad0>, lr=0.001, maxtrnsize=10000, maxtstsize=8517, maxvalsize=8329, model=VAE(
  (encoder): LSTMEncoder(
    (embed): Embedding(68, 512)
    (lstm): LSTM(512, 1024, batch_first=True)
    (dropout_in): Dropout(p=0.0, inplace=False)
    (linear): Linear(in_features=1024, out_features=64, bias=False)
  )
  (decoder): LSTMDecoder(
    (embed): Embedding(60, 512, padding_idx=0)
    (dropout_in): Dropout(p=0.0, inplace=False)
    (dropout_out): Dropout(p=0.0, inplace=False)
    (trans_linear): Linear(in_features=32, out_features=1024, bias=False)
    (lstm): LSTM(544, 1024, batch_first=True)
    (pred_linear): Linear(in_features=1024, out_features=60, bias=False)
    (loss): CrossEntropyLoss()
  )
), modelname='logs/sigmorphon2018task1/low-data/vae_original_2/100_instances', ni=512, nz=32, opt='Adam', plt_style='-', reset_decoder=False, reset_encoder=True, save_path='logs/sigmorphon2018task1/low-data/vae_original_2/100_instances/100epochs.pt', seq_to_no_pad='surface', surface_vocab_file='trmor_data/sigmorphon/2018task-1/turkish-train-high', task='sigmorphon2018task1/low-data', trndata='trmor_data/sigmorphon/2018task-1/turkish-train-low', trnsize=100, tstdata='trmor_data/sigmorphon/2018task-1/turkish-test', tstsize=0, valdata='trmor_data/sigmorphon/2018task-1/turkish-dev', valsize=1000)

encoder.embed.weight, torch.Size([68, 512]): True
encoder.lstm.weight_ih_l0, torch.Size([4096, 512]): True
encoder.lstm.weight_hh_l0, torch.Size([4096, 1024]): True
encoder.lstm.bias_ih_l0, torch.Size([4096]): True
encoder.lstm.bias_hh_l0, torch.Size([4096]): True
encoder.linear.weight, torch.Size([64, 1024]): True
decoder.embed.weight, torch.Size([60, 512]): False
decoder.trans_linear.weight, torch.Size([1024, 32]): False
decoder.lstm.weight_ih_l0, torch.Size([4096, 544]): False
decoder.lstm.weight_hh_l0, torch.Size([4096, 1024]): False
decoder.lstm.bias_ih_l0, torch.Size([4096]): False
decoder.lstm.bias_hh_l0, torch.Size([4096]): False
decoder.pred_linear.weight, torch.Size([60, 1024]): False
epoch: 0 avg_loss: 39.6035, ppl: 17.4521, acc: 0.4116 
epoch correct: 570 epoch wrong: 815 epoch_num_tokens: 1385 
val --- avg_loss: 44.9069, ppl: 25.5406, acc: 0.4057  
epoch correct: 5622 epoch wrong: 8237 epoch_num_tokens: 13859 
update best loss 

epoch: 1 avg_loss: 37.3483, ppl: 14.8296, acc: 0.4498 
epoch correct: 623 epoch wrong: 762 epoch_num_tokens: 1385 
val --- avg_loss: 41.1804, ppl: 19.5189, acc: 0.4067  
epoch correct: 5636 epoch wrong: 8223 epoch_num_tokens: 13859 
update best loss 

epoch: 2 avg_loss: 35.7140, ppl: 13.1791, acc: 0.4433 
epoch correct: 614 epoch wrong: 771 epoch_num_tokens: 1385 
val --- avg_loss: 41.3117, ppl: 19.7047, acc: 0.4191  
epoch correct: 5808 epoch wrong: 8051 epoch_num_tokens: 13859 

epoch: 3 avg_loss: 34.2241, ppl: 11.8349, acc: 0.4657 
epoch correct: 645 epoch wrong: 740 epoch_num_tokens: 1385 
val --- avg_loss: 42.1169, ppl: 20.8835, acc: 0.4192  
epoch correct: 5809 epoch wrong: 8050 epoch_num_tokens: 13859 

epoch: 4 avg_loss: 34.2955, ppl: 11.8961, acc: 0.4852 
epoch correct: 672 epoch wrong: 713 epoch_num_tokens: 1385 
val --- avg_loss: 41.2661, ppl: 19.6400, acc: 0.4152  
epoch correct: 5754 epoch wrong: 8105 epoch_num_tokens: 13859 

epoch: 5 avg_loss: 33.8969, ppl: 11.5586, acc: 0.4758 
epoch correct: 659 epoch wrong: 726 epoch_num_tokens: 1385 
val --- avg_loss: 42.4435, ppl: 21.3814, acc: 0.4154  
epoch correct: 5757 epoch wrong: 8102 epoch_num_tokens: 13859 

epoch: 6 avg_loss: 33.1667, ppl: 10.9650, acc: 0.4780 
epoch correct: 662 epoch wrong: 723 epoch_num_tokens: 1385 
val --- avg_loss: 44.2498, ppl: 24.3580, acc: 0.4032  
epoch correct: 5588 epoch wrong: 8271 epoch_num_tokens: 13859 

epoch: 7 avg_loss: 35.3480, ppl: 12.8353, acc: 0.4700 
epoch correct: 651 epoch wrong: 734 epoch_num_tokens: 1385 
val --- avg_loss: 42.4356, ppl: 21.3693, acc: 0.4001  
epoch correct: 5545 epoch wrong: 8314 epoch_num_tokens: 13859 

epoch: 8 avg_loss: 33.3178, ppl: 11.0853, acc: 0.4729 
epoch correct: 655 epoch wrong: 730 epoch_num_tokens: 1385 
val --- avg_loss: 41.9036, ppl: 20.5645, acc: 0.4085  
epoch correct: 5661 epoch wrong: 8198 epoch_num_tokens: 13859 

epoch: 9 avg_loss: 31.3225, ppl: 9.5980, acc: 0.4989 
epoch correct: 691 epoch wrong: 694 epoch_num_tokens: 1385 
val --- avg_loss: 44.0379, ppl: 23.9882, acc: 0.4173  
epoch correct: 5783 epoch wrong: 8076 epoch_num_tokens: 13859 

epoch: 10 avg_loss: 30.9251, ppl: 9.3265, acc: 0.5199 
epoch correct: 720 epoch wrong: 665 epoch_num_tokens: 1385 
val --- avg_loss: 41.0123, ppl: 19.2836, acc: 0.4206  
epoch correct: 5829 epoch wrong: 8030 epoch_num_tokens: 13859 
update best loss 

epoch: 11 avg_loss: 29.5414, ppl: 8.4398, acc: 0.5227 
epoch correct: 724 epoch wrong: 661 epoch_num_tokens: 1385 
val --- avg_loss: 40.8327, ppl: 19.0352, acc: 0.4236  
epoch correct: 5870 epoch wrong: 7989 epoch_num_tokens: 13859 
update best loss 

epoch: 12 avg_loss: 28.2014, ppl: 7.6614, acc: 0.5314 
epoch correct: 736 epoch wrong: 649 epoch_num_tokens: 1385 
val --- avg_loss: 40.1825, ppl: 18.1629, acc: 0.4249  
epoch correct: 5889 epoch wrong: 7970 epoch_num_tokens: 13859 
update best loss 

epoch: 13 avg_loss: 27.4779, ppl: 7.2715, acc: 0.5408 
epoch correct: 749 epoch wrong: 636 epoch_num_tokens: 1385 
val --- avg_loss: 40.0513, ppl: 17.9917, acc: 0.4359  
epoch correct: 6041 epoch wrong: 7818 epoch_num_tokens: 13859 
update best loss 

epoch: 14 avg_loss: 27.3594, ppl: 7.2096, acc: 0.5523 
epoch correct: 765 epoch wrong: 620 epoch_num_tokens: 1385 
val --- avg_loss: 40.0098, ppl: 17.9379, acc: 0.4303  
epoch correct: 5963 epoch wrong: 7896 epoch_num_tokens: 13859 
update best loss 

epoch: 15 avg_loss: 25.9342, ppl: 6.5046, acc: 0.5596 
epoch correct: 775 epoch wrong: 610 epoch_num_tokens: 1385 
val --- avg_loss: 39.4993, ppl: 17.2893, acc: 0.4386  
epoch correct: 6078 epoch wrong: 7781 epoch_num_tokens: 13859 
update best loss 

epoch: 16 avg_loss: 25.4699, ppl: 6.2901, acc: 0.5935 
epoch correct: 822 epoch wrong: 563 epoch_num_tokens: 1385 
val --- avg_loss: 39.9546, ppl: 17.8667, acc: 0.4352  
epoch correct: 6032 epoch wrong: 7827 epoch_num_tokens: 13859 

epoch: 17 avg_loss: 23.7284, ppl: 5.5469, acc: 0.5935 
epoch correct: 822 epoch wrong: 563 epoch_num_tokens: 1385 
val --- avg_loss: 40.9592, ppl: 19.2098, acc: 0.4267  
epoch correct: 5914 epoch wrong: 7945 epoch_num_tokens: 13859 

epoch: 18 avg_loss: 23.5020, ppl: 5.4570, acc: 0.6007 
epoch correct: 832 epoch wrong: 553 epoch_num_tokens: 1385 
val --- avg_loss: 41.3216, ppl: 19.7187, acc: 0.4416  
epoch correct: 6120 epoch wrong: 7739 epoch_num_tokens: 13859 

epoch: 19 avg_loss: 22.8239, ppl: 5.1962, acc: 0.6144 
epoch correct: 851 epoch wrong: 534 epoch_num_tokens: 1385 
val --- avg_loss: 40.6825, ppl: 18.8301, acc: 0.4547  
epoch correct: 6301 epoch wrong: 7558 epoch_num_tokens: 13859 

epoch: 20 avg_loss: 21.8061, ppl: 4.8281, acc: 0.6397 
epoch correct: 886 epoch wrong: 499 epoch_num_tokens: 1385 
val --- avg_loss: 42.3158, ppl: 21.1852, acc: 0.4466  
epoch correct: 6190 epoch wrong: 7669 epoch_num_tokens: 13859 

epoch: 21 avg_loss: 21.6459, ppl: 4.7725, acc: 0.6325 
epoch correct: 876 epoch wrong: 509 epoch_num_tokens: 1385 
val --- avg_loss: 40.2241, ppl: 18.2175, acc: 0.4548  
epoch correct: 6303 epoch wrong: 7556 epoch_num_tokens: 13859 

epoch: 22 avg_loss: 22.1101, ppl: 4.9352, acc: 0.6238 
epoch correct: 864 epoch wrong: 521 epoch_num_tokens: 1385 
val --- avg_loss: 40.4799, ppl: 18.5569, acc: 0.4480  
epoch correct: 6209 epoch wrong: 7650 epoch_num_tokens: 13859 

epoch: 23 avg_loss: 18.9481, ppl: 3.9279, acc: 0.6664 
epoch correct: 923 epoch wrong: 462 epoch_num_tokens: 1385 
val --- avg_loss: 41.8752, ppl: 20.5223, acc: 0.4554  
epoch correct: 6312 epoch wrong: 7547 epoch_num_tokens: 13859 

epoch: 24 avg_loss: 16.1208, ppl: 3.2026, acc: 0.7119 
epoch correct: 986 epoch wrong: 399 epoch_num_tokens: 1385 
val --- avg_loss: 42.0250, ppl: 20.7454, acc: 0.4598  
epoch correct: 6373 epoch wrong: 7486 epoch_num_tokens: 13859 

epoch: 25 avg_loss: 14.5114, ppl: 2.8512, acc: 0.7437 
epoch correct: 1030 epoch wrong: 355 epoch_num_tokens: 1385 
val --- avg_loss: 41.6917, ppl: 20.2525, acc: 0.4622  
epoch correct: 6405 epoch wrong: 7454 epoch_num_tokens: 13859 

epoch: 26 avg_loss: 14.1480, ppl: 2.7774, acc: 0.7509 
epoch correct: 1040 epoch wrong: 345 epoch_num_tokens: 1385 
val --- avg_loss: 42.5667, ppl: 21.5723, acc: 0.4624  
epoch correct: 6408 epoch wrong: 7451 epoch_num_tokens: 13859 

epoch: 27 avg_loss: 13.1365, ppl: 2.5818, acc: 0.7675 
epoch correct: 1063 epoch wrong: 322 epoch_num_tokens: 1385 
val --- avg_loss: 44.4687, ppl: 24.7457, acc: 0.4647  
epoch correct: 6440 epoch wrong: 7419 epoch_num_tokens: 13859 

epoch: 28 avg_loss: 12.1752, ppl: 2.4087, acc: 0.7834 
epoch correct: 1085 epoch wrong: 300 epoch_num_tokens: 1385 
val --- avg_loss: 43.8555, ppl: 23.6747, acc: 0.4598  
epoch correct: 6372 epoch wrong: 7487 epoch_num_tokens: 13859 

epoch: 29 avg_loss: 11.0310, ppl: 2.2177, acc: 0.8029 
epoch correct: 1112 epoch wrong: 273 epoch_num_tokens: 1385 
val --- avg_loss: 44.9369, ppl: 25.5959, acc: 0.4637  
epoch correct: 6427 epoch wrong: 7432 epoch_num_tokens: 13859 

epoch: 30 avg_loss: 10.3689, ppl: 2.1142, acc: 0.8152 
epoch correct: 1129 epoch wrong: 256 epoch_num_tokens: 1385 
val --- avg_loss: 44.3489, ppl: 24.5327, acc: 0.4676  
epoch correct: 6480 epoch wrong: 7379 epoch_num_tokens: 13859 

epoch: 31 avg_loss: 9.6885, ppl: 2.0128, acc: 0.8274 
epoch correct: 1146 epoch wrong: 239 epoch_num_tokens: 1385 
val --- avg_loss: 46.8817, ppl: 29.4520, acc: 0.4610  
epoch correct: 6389 epoch wrong: 7470 epoch_num_tokens: 13859 

epoch: 32 avg_loss: 8.8047, ppl: 1.8884, acc: 0.8375 
epoch correct: 1160 epoch wrong: 225 epoch_num_tokens: 1385 
val --- avg_loss: 47.6040, ppl: 31.0278, acc: 0.4566  
epoch correct: 6328 epoch wrong: 7531 epoch_num_tokens: 13859 

epoch: 33 avg_loss: 7.9774, ppl: 1.7789, acc: 0.8484 
epoch correct: 1175 epoch wrong: 210 epoch_num_tokens: 1385 
val --- avg_loss: 46.9978, ppl: 29.6997, acc: 0.4661  
epoch correct: 6459 epoch wrong: 7400 epoch_num_tokens: 13859 

epoch: 34 avg_loss: 7.3190, ppl: 1.6963, acc: 0.8722 
epoch correct: 1208 epoch wrong: 177 epoch_num_tokens: 1385 
val --- avg_loss: 48.2957, ppl: 32.6156, acc: 0.4587  
epoch correct: 6357 epoch wrong: 7502 epoch_num_tokens: 13859 

epoch: 35 avg_loss: 6.8810, ppl: 1.6435, acc: 0.8664 
epoch correct: 1200 epoch wrong: 185 epoch_num_tokens: 1385 
val --- avg_loss: 48.4942, ppl: 33.0861, acc: 0.4606  
epoch correct: 6383 epoch wrong: 7476 epoch_num_tokens: 13859 

epoch: 36 avg_loss: 6.2610, ppl: 1.5715, acc: 0.8881 
epoch correct: 1230 epoch wrong: 155 epoch_num_tokens: 1385 
val --- avg_loss: 49.3173, ppl: 35.1106, acc: 0.4583  
epoch correct: 6352 epoch wrong: 7507 epoch_num_tokens: 13859 

epoch: 37 avg_loss: 5.8501, ppl: 1.5256, acc: 0.8903 
epoch correct: 1233 epoch wrong: 152 epoch_num_tokens: 1385 
val --- avg_loss: 49.1467, ppl: 34.6811, acc: 0.4585  
epoch correct: 6354 epoch wrong: 7505 epoch_num_tokens: 13859 

epoch: 38 avg_loss: 5.5314, ppl: 1.4909, acc: 0.9004 
epoch correct: 1247 epoch wrong: 138 epoch_num_tokens: 1385 
val --- avg_loss: 49.4257, ppl: 35.3863, acc: 0.4593  
epoch correct: 6366 epoch wrong: 7493 epoch_num_tokens: 13859 

epoch: 39 avg_loss: 5.3191, ppl: 1.4682, acc: 0.8946 
epoch correct: 1239 epoch wrong: 146 epoch_num_tokens: 1385 
val --- avg_loss: 50.6801, ppl: 38.7387, acc: 0.4567  
epoch correct: 6329 epoch wrong: 7530 epoch_num_tokens: 13859 

epoch: 40 avg_loss: 4.8276, ppl: 1.4170, acc: 0.9061 
epoch correct: 1255 epoch wrong: 130 epoch_num_tokens: 1385 
val --- avg_loss: 51.0418, ppl: 39.7630, acc: 0.4615  
epoch correct: 6396 epoch wrong: 7463 epoch_num_tokens: 13859 

epoch: 41 avg_loss: 4.4682, ppl: 1.3807, acc: 0.9170 
epoch correct: 1270 epoch wrong: 115 epoch_num_tokens: 1385 
val --- avg_loss: 51.3745, ppl: 40.7291, acc: 0.4573  
epoch correct: 6338 epoch wrong: 7521 epoch_num_tokens: 13859 

epoch: 42 avg_loss: 4.0576, ppl: 1.3404, acc: 0.9242 
epoch correct: 1280 epoch wrong: 105 epoch_num_tokens: 1385 
val --- avg_loss: 51.6995, ppl: 41.6956, acc: 0.4606  
epoch correct: 6383 epoch wrong: 7476 epoch_num_tokens: 13859 

epoch: 43 avg_loss: 3.8428, ppl: 1.3198, acc: 0.9321 
epoch correct: 1291 epoch wrong: 94 epoch_num_tokens: 1385 
val --- avg_loss: 52.5278, ppl: 44.2634, acc: 0.4556  
epoch correct: 6314 epoch wrong: 7545 epoch_num_tokens: 13859 

epoch: 44 avg_loss: 3.6012, ppl: 1.2970, acc: 0.9343 
epoch correct: 1294 epoch wrong: 91 epoch_num_tokens: 1385 
val --- avg_loss: 52.9268, ppl: 45.5564, acc: 0.4554  
epoch correct: 6311 epoch wrong: 7548 epoch_num_tokens: 13859 

epoch: 45 avg_loss: 3.3629, ppl: 1.2748, acc: 0.9422 
epoch correct: 1305 epoch wrong: 80 epoch_num_tokens: 1385 
val --- avg_loss: 53.4291, ppl: 47.2376, acc: 0.4575  
epoch correct: 6340 epoch wrong: 7519 epoch_num_tokens: 13859 

epoch: 46 avg_loss: 3.1920, ppl: 1.2592, acc: 0.9422 
epoch correct: 1305 epoch wrong: 80 epoch_num_tokens: 1385 
val --- avg_loss: 53.8753, ppl: 48.7834, acc: 0.4559  
epoch correct: 6318 epoch wrong: 7541 epoch_num_tokens: 13859 

epoch: 47 avg_loss: 3.0381, ppl: 1.2453, acc: 0.9480 
epoch correct: 1313 epoch wrong: 72 epoch_num_tokens: 1385 
val --- avg_loss: 54.6628, ppl: 51.6353, acc: 0.4552  
epoch correct: 6309 epoch wrong: 7550 epoch_num_tokens: 13859 

epoch: 48 avg_loss: 2.9131, ppl: 1.2341, acc: 0.9502 
epoch correct: 1316 epoch wrong: 69 epoch_num_tokens: 1385 
val --- avg_loss: 54.8625, ppl: 52.3850, acc: 0.4560  
epoch correct: 6320 epoch wrong: 7539 epoch_num_tokens: 13859 

epoch: 49 avg_loss: 2.7940, ppl: 1.2235, acc: 0.9523 
epoch correct: 1319 epoch wrong: 66 epoch_num_tokens: 1385 
val --- avg_loss: 54.9548, ppl: 52.7350, acc: 0.4554  
epoch correct: 6311 epoch wrong: 7548 epoch_num_tokens: 13859 

epoch: 50 avg_loss: 2.7056, ppl: 1.2157, acc: 0.9531 
epoch correct: 1320 epoch wrong: 65 epoch_num_tokens: 1385 
val --- avg_loss: 55.4185, ppl: 54.5292, acc: 0.4555  
epoch correct: 6313 epoch wrong: 7546 epoch_num_tokens: 13859 

epoch: 51 avg_loss: 2.6307, ppl: 1.2092, acc: 0.9552 
epoch correct: 1323 epoch wrong: 62 epoch_num_tokens: 1385 
val --- avg_loss: 55.6821, ppl: 55.5765, acc: 0.4546  
epoch correct: 6300 epoch wrong: 7559 epoch_num_tokens: 13859 

epoch: 52 avg_loss: 2.5549, ppl: 1.2026, acc: 0.9552 
epoch correct: 1323 epoch wrong: 62 epoch_num_tokens: 1385 
val --- avg_loss: 55.8464, ppl: 56.2393, acc: 0.4558  
epoch correct: 6317 epoch wrong: 7542 epoch_num_tokens: 13859 

epoch: 53 avg_loss: 2.4840, ppl: 1.1964, acc: 0.9581 
epoch correct: 1327 epoch wrong: 58 epoch_num_tokens: 1385 
val --- avg_loss: 56.3471, ppl: 58.3080, acc: 0.4547  
epoch correct: 6302 epoch wrong: 7557 epoch_num_tokens: 13859 

epoch: 54 avg_loss: 2.3936, ppl: 1.1887, acc: 0.9596 
epoch correct: 1329 epoch wrong: 56 epoch_num_tokens: 1385 
val --- avg_loss: 56.5313, ppl: 59.0884, acc: 0.4541  
epoch correct: 6294 epoch wrong: 7565 epoch_num_tokens: 13859 

epoch: 55 avg_loss: 2.3225, ppl: 1.1826, acc: 0.9617 
epoch correct: 1332 epoch wrong: 53 epoch_num_tokens: 1385 
val --- avg_loss: 56.9290, ppl: 60.8082, acc: 0.4539  
epoch correct: 6291 epoch wrong: 7568 epoch_num_tokens: 13859 

epoch: 56 avg_loss: 2.2343, ppl: 1.1751, acc: 0.9632 
epoch correct: 1334 epoch wrong: 51 epoch_num_tokens: 1385 
val --- avg_loss: 57.1184, ppl: 61.6451, acc: 0.4531  
epoch correct: 6279 epoch wrong: 7580 epoch_num_tokens: 13859 

epoch: 57 avg_loss: 2.1924, ppl: 1.1715, acc: 0.9632 
epoch correct: 1334 epoch wrong: 51 epoch_num_tokens: 1385 
val --- avg_loss: 57.2430, ppl: 62.2020, acc: 0.4518  
epoch correct: 6262 epoch wrong: 7597 epoch_num_tokens: 13859 

epoch: 58 avg_loss: 2.1501, ppl: 1.1679, acc: 0.9639 
epoch correct: 1335 epoch wrong: 50 epoch_num_tokens: 1385 
val --- avg_loss: 57.3137, ppl: 62.5198, acc: 0.4525  
epoch correct: 6271 epoch wrong: 7588 epoch_num_tokens: 13859 

epoch: 59 avg_loss: 2.1170, ppl: 1.1652, acc: 0.9646 
epoch correct: 1336 epoch wrong: 49 epoch_num_tokens: 1385 
val --- avg_loss: 57.5449, ppl: 63.5718, acc: 0.4517  
epoch correct: 6260 epoch wrong: 7599 epoch_num_tokens: 13859 

epoch: 60 avg_loss: 2.0860, ppl: 1.1626, acc: 0.9653 
epoch correct: 1337 epoch wrong: 48 epoch_num_tokens: 1385 
val --- avg_loss: 57.5460, ppl: 63.5765, acc: 0.4513  
epoch correct: 6255 epoch wrong: 7604 epoch_num_tokens: 13859 

epoch: 61 avg_loss: 2.0549, ppl: 1.1599, acc: 0.9661 
epoch correct: 1338 epoch wrong: 47 epoch_num_tokens: 1385 
val --- avg_loss: 57.7384, ppl: 64.4656, acc: 0.4517  
epoch correct: 6260 epoch wrong: 7599 epoch_num_tokens: 13859 

epoch: 62 avg_loss: 2.0162, ppl: 1.1567, acc: 0.9697 
epoch correct: 1343 epoch wrong: 42 epoch_num_tokens: 1385 
val --- avg_loss: 57.8882, ppl: 65.1662, acc: 0.4511  
epoch correct: 6252 epoch wrong: 7607 epoch_num_tokens: 13859 

epoch: 63 avg_loss: 1.9786, ppl: 1.1536, acc: 0.9682 
epoch correct: 1341 epoch wrong: 44 epoch_num_tokens: 1385 
val --- avg_loss: 58.0155, ppl: 65.7676, acc: 0.4511  
epoch correct: 6252 epoch wrong: 7607 epoch_num_tokens: 13859 

epoch: 64 avg_loss: 1.9526, ppl: 1.1514, acc: 0.9711 
epoch correct: 1345 epoch wrong: 40 epoch_num_tokens: 1385 
val --- avg_loss: 58.0659, ppl: 66.0068, acc: 0.4512  
epoch correct: 6253 epoch wrong: 7606 epoch_num_tokens: 13859 

epoch: 65 avg_loss: 1.9364, ppl: 1.1501, acc: 0.9718 
epoch correct: 1346 epoch wrong: 39 epoch_num_tokens: 1385 
val --- avg_loss: 58.2502, ppl: 66.8909, acc: 0.4513  
epoch correct: 6255 epoch wrong: 7604 epoch_num_tokens: 13859 

epoch: 66 avg_loss: 1.9186, ppl: 1.1486, acc: 0.9718 
epoch correct: 1346 epoch wrong: 39 epoch_num_tokens: 1385 
val --- avg_loss: 58.2057, ppl: 66.6760, acc: 0.4515  
epoch correct: 6257 epoch wrong: 7602 epoch_num_tokens: 13859 

epoch: 67 avg_loss: 1.9044, ppl: 1.1474, acc: 0.9718 
epoch correct: 1346 epoch wrong: 39 epoch_num_tokens: 1385 
val --- avg_loss: 58.3999, ppl: 67.6173, acc: 0.4516  
epoch correct: 6259 epoch wrong: 7600 epoch_num_tokens: 13859 
Best LOSS was: 39.4993 
Best PPl was:  17.2893 
Best ACC was:  0.4676 
