TRN:surf_data:994tag_data:11entry_data:994seq not to pad: surface, continuity: FalseVAL:surf_data:1590tag_data:11entry_data:1590seq not to pad: surface, continuity: FalseTST:surf_data:1590tag_data:11entry_data:1590seq not to pad: , continuity: Truecase:7polar:3mood:2evid:2pos:3per:4num:3tense:4aspect:5inter:2poss:7VQVAE(
  (encoder): VQVAE_Encoder(
    (embed): Embedding(36, 256)
    (lstm): LSTM(256, 512, batch_first=True)
    (dropout_in): Dropout(p=0.0, inplace=False)
    (linear): Linear(in_features=512, out_features=256, bias=False)
  )
  (ord_vq_layers): ModuleList(
    (0): VectorQuantizer(
      (embedding): Embedding(6, 64)
    )
    (1): VectorQuantizer(
      (embedding): Embedding(6, 64)
    )
    (2): VectorQuantizer(
      (embedding): Embedding(6, 64)
    )
    (3): VectorQuantizer(
      (embedding): Embedding(6, 64)
    )
    (4): VectorQuantizer(
      (embedding): Embedding(6, 64)
    )
    (5): VectorQuantizer(
      (embedding): Embedding(6, 64)
    )
    (6): VectorQuantizer(
      (embedding): Embedding(6, 64)
    )
    (7): VectorQuantizer(
      (embedding): Embedding(6, 64)
    )
  )
  (decoder): VQVAE_Decoder(
    (embed): Embedding(36, 256, padding_idx=0)
    (dropout_in): Dropout(p=0.0, inplace=False)
    (dropout_out): Dropout(p=0.0, inplace=False)
    (lstm): LSTM(768, 128, batch_first=True)
    (pred_linear): Linear(in_features=128, out_features=36, bias=False)
    (loss): CrossEntropyLoss()
  )
)Tagmapper(
  (linears): ModuleList(
    (0): Embedding(7, 100)
    (1): Embedding(3, 100)
    (2): Embedding(2, 100)
    (3): Embedding(2, 100)
    (4): Embedding(3, 100)
    (5): Embedding(4, 100)
    (6): Embedding(3, 100)
    (7): Embedding(4, 100)
    (8): Embedding(5, 100)
    (9): Embedding(2, 100)
    (10): Embedding(7, 100)
  )
  (hidden_common): Linear(in_features=1228, out_features=500, bias=True)
  (hidden_2): Linear(in_features=500, out_features=300, bias=True)
  (dropout): Dropout(p=0.0, inplace=False)
  (entry_1): Linear(in_features=300, out_features=6, bias=True)
  (entry_2): Linear(in_features=300, out_features=6, bias=True)
  (entry_3): Linear(in_features=300, out_features=6, bias=True)
  (entry_4): Linear(in_features=300, out_features=6, bias=True)
  (entry_5): Linear(in_features=300, out_features=6, bias=True)
  (entry_6): Linear(in_features=300, out_features=6, bias=True)
  (entry_7): Linear(in_features=300, out_features=6, bias=True)
  (entry_8): Linear(in_features=300, out_features=6, bias=True)
)
linears.0.weight, torch.Size([7, 100]): True
linears.1.weight, torch.Size([3, 100]): True
linears.2.weight, torch.Size([2, 100]): True
linears.3.weight, torch.Size([2, 100]): True
linears.4.weight, torch.Size([3, 100]): True
linears.5.weight, torch.Size([4, 100]): True
linears.6.weight, torch.Size([3, 100]): True
linears.7.weight, torch.Size([4, 100]): True
linears.8.weight, torch.Size([5, 100]): True
linears.9.weight, torch.Size([2, 100]): True
linears.10.weight, torch.Size([7, 100]): True
hidden_common.weight, torch.Size([500, 1228]): True
hidden_common.bias, torch.Size([500]): True
hidden_2.weight, torch.Size([300, 500]): True
hidden_2.bias, torch.Size([300]): True
entry_1.weight, torch.Size([6, 300]): True
entry_1.bias, torch.Size([6]): True
entry_2.weight, torch.Size([6, 300]): True
entry_2.bias, torch.Size([6]): True
entry_3.weight, torch.Size([6, 300]): True
entry_3.bias, torch.Size([6]): True
entry_4.weight, torch.Size([6, 300]): True
entry_4.bias, torch.Size([6]): True
entry_5.weight, torch.Size([6, 300]): True
entry_5.bias, torch.Size([6]): True
entry_6.weight, torch.Size([6, 300]): True
entry_6.bias, torch.Size([6]): True
entry_7.weight, torch.Size([6, 300]): True
entry_7.bias, torch.Size([6]): True
entry_8.weight, torch.Size([6, 300]): True
entry_8.bias, torch.Size([6]): True
epoch: 0, epoch_loss: 14.1714 epoch_acc: 0.23742
epoch: 1, epoch_loss: 13.8042 epoch_acc: 0.26987
epoch: 2, epoch_loss: 13.7231 epoch_acc: 0.26270
epoch: 3, epoch_loss: 13.5847 epoch_acc: 0.27754
epoch: 4, epoch_loss: 13.4671 epoch_acc: 0.28710
epoch: 5, epoch_loss: 13.3484 epoch_acc: 0.29640
epoch: 6, epoch_loss: 13.2457 epoch_acc: 0.30055
epoch: 7, epoch_loss: 13.1482 epoch_acc: 0.31363
epoch: 8, epoch_loss: 12.9964 epoch_acc: 0.32181
epoch: 9, epoch_loss: 12.8480 epoch_acc: 0.33589
epoch: 10, epoch_loss: 12.7100 epoch_acc: 0.35086
epoch: 11, epoch_loss: 12.6051 epoch_acc: 0.35262
epoch: 12, epoch_loss: 12.4914 epoch_acc: 0.36683
epoch: 13, epoch_loss: 12.4097 epoch_acc: 0.37261
epoch: 14, epoch_loss: 12.3065 epoch_acc: 0.38217
epoch: 15, epoch_loss: 12.2356 epoch_acc: 0.38871
epoch: 16, epoch_loss: 12.1408 epoch_acc: 0.39776
epoch: 17, epoch_loss: 12.0460 epoch_acc: 0.40971
epoch: 18, epoch_loss: 11.9732 epoch_acc: 0.41751
epoch: 19, epoch_loss: 11.9182 epoch_acc: 0.42203
epoch: 20, epoch_loss: 11.8633 epoch_acc: 0.42455
epoch: 21, epoch_loss: 11.8107 epoch_acc: 0.42983
epoch: 22, epoch_loss: 11.7750 epoch_acc: 0.43712
epoch: 23, epoch_loss: 11.7207 epoch_acc: 0.44203
epoch: 24, epoch_loss: 11.6865 epoch_acc: 0.44731
epoch: 25, epoch_loss: 11.6403 epoch_acc: 0.44945
epoch: 26, epoch_loss: 11.5929 epoch_acc: 0.45511
epoch: 27, epoch_loss: 11.5461 epoch_acc: 0.46190
epoch: 28, epoch_loss: 11.4970 epoch_acc: 0.46906
epoch: 29, epoch_loss: 11.4581 epoch_acc: 0.47447
epoch: 30, epoch_loss: 11.4196 epoch_acc: 0.48076
epoch: 31, epoch_loss: 11.3800 epoch_acc: 0.48617
epoch: 32, epoch_loss: 11.3432 epoch_acc: 0.49220
epoch: 33, epoch_loss: 11.3065 epoch_acc: 0.49346
epoch: 34, epoch_loss: 11.2681 epoch_acc: 0.50377
epoch: 35, epoch_loss: 11.2348 epoch_acc: 0.50666
epoch: 36, epoch_loss: 11.1940 epoch_acc: 0.51107
epoch: 37, epoch_loss: 11.1489 epoch_acc: 0.51987
epoch: 38, epoch_loss: 11.1052 epoch_acc: 0.52955
epoch: 39, epoch_loss: 11.0804 epoch_acc: 0.53257
epoch: 40, epoch_loss: 11.0491 epoch_acc: 0.53785
epoch: 41, epoch_loss: 11.0097 epoch_acc: 0.54276
epoch: 42, epoch_loss: 10.9818 epoch_acc: 0.55068
epoch: 43, epoch_loss: 10.9414 epoch_acc: 0.55571
epoch: 44, epoch_loss: 10.9124 epoch_acc: 0.55860
epoch: 45, epoch_loss: 10.8805 epoch_acc: 0.56451
epoch: 46, epoch_loss: 10.8527 epoch_acc: 0.56816
epoch: 47, epoch_loss: 10.8230 epoch_acc: 0.57432
epoch: 48, epoch_loss: 10.7894 epoch_acc: 0.58048
epoch: 49, epoch_loss: 10.7662 epoch_acc: 0.58501
epoch: 50, epoch_loss: 10.7353 epoch_acc: 0.58916
epoch: 51, epoch_loss: 10.7041 epoch_acc: 0.59293
epoch: 52, epoch_loss: 10.6800 epoch_acc: 0.59847
epoch: 53, epoch_loss: 10.6575 epoch_acc: 0.60174
epoch: 54, epoch_loss: 10.6353 epoch_acc: 0.60614
epoch: 55, epoch_loss: 10.6091 epoch_acc: 0.61142
epoch: 56, epoch_loss: 10.5855 epoch_acc: 0.61532
epoch: 57, epoch_loss: 10.5642 epoch_acc: 0.61959
epoch: 58, epoch_loss: 10.5381 epoch_acc: 0.62261
epoch: 59, epoch_loss: 10.5122 epoch_acc: 0.62789
epoch: 60, epoch_loss: 10.4888 epoch_acc: 0.62953
epoch: 61, epoch_loss: 10.4628 epoch_acc: 0.63456
epoch: 62, epoch_loss: 10.4407 epoch_acc: 0.63921
epoch: 63, epoch_loss: 10.4196 epoch_acc: 0.64248
epoch: 64, epoch_loss: 10.4046 epoch_acc: 0.64613
epoch: 65, epoch_loss: 10.3827 epoch_acc: 0.64952
epoch: 66, epoch_loss: 10.3637 epoch_acc: 0.65191
epoch: 67, epoch_loss: 10.3460 epoch_acc: 0.65606
epoch: 68, epoch_loss: 10.3245 epoch_acc: 0.66059
epoch: 69, epoch_loss: 10.3033 epoch_acc: 0.66436
epoch: 70, epoch_loss: 10.2873 epoch_acc: 0.66700
epoch: 71, epoch_loss: 10.2657 epoch_acc: 0.66939
epoch: 72, epoch_loss: 10.2447 epoch_acc: 0.67354
epoch: 73, epoch_loss: 10.2279 epoch_acc: 0.67656
epoch: 74, epoch_loss: 10.2124 epoch_acc: 0.67995
epoch: 75, epoch_loss: 10.1946 epoch_acc: 0.68247
epoch: 76, epoch_loss: 10.1778 epoch_acc: 0.68662
epoch: 77, epoch_loss: 10.1577 epoch_acc: 0.68976
epoch: 78, epoch_loss: 10.1405 epoch_acc: 0.69291
epoch: 79, epoch_loss: 10.1289 epoch_acc: 0.69505
epoch: 80, epoch_loss: 10.1083 epoch_acc: 0.69844
epoch: 81, epoch_loss: 10.0893 epoch_acc: 0.70259
epoch: 82, epoch_loss: 10.0764 epoch_acc: 0.70661
epoch: 83, epoch_loss: 10.0605 epoch_acc: 0.70850
epoch: 84, epoch_loss: 10.0454 epoch_acc: 0.71177
epoch: 85, epoch_loss: 10.0306 epoch_acc: 0.71403
epoch: 86, epoch_loss: 10.0127 epoch_acc: 0.71793
epoch: 87, epoch_loss: 9.9931 epoch_acc: 0.72171
epoch: 88, epoch_loss: 9.9773 epoch_acc: 0.72472
epoch: 89, epoch_loss: 9.9642 epoch_acc: 0.72824
epoch: 90, epoch_loss: 9.9466 epoch_acc: 0.73026
epoch: 91, epoch_loss: 9.9304 epoch_acc: 0.73403
epoch: 92, epoch_loss: 9.9154 epoch_acc: 0.73516
epoch: 93, epoch_loss: 9.9000 epoch_acc: 0.73843
epoch: 94, epoch_loss: 9.8839 epoch_acc: 0.74069
epoch: 95, epoch_loss: 9.8718 epoch_acc: 0.74321
epoch: 96, epoch_loss: 9.8612 epoch_acc: 0.74547
epoch: 97, epoch_loss: 9.8463 epoch_acc: 0.74874
epoch: 98, epoch_loss: 9.8304 epoch_acc: 0.75226
epoch: 99, epoch_loss: 9.8141 epoch_acc: 0.75566
epoch: 100, epoch_loss: 9.8024 epoch_acc: 0.75641
epoch: 101, epoch_loss: 9.7802 epoch_acc: 0.75968
epoch: 102, epoch_loss: 9.7589 epoch_acc: 0.76258
epoch: 103, epoch_loss: 9.7479 epoch_acc: 0.76434
epoch: 104, epoch_loss: 9.7258 epoch_acc: 0.76647
epoch: 105, epoch_loss: 9.7109 epoch_acc: 0.76987
epoch: 106, epoch_loss: 9.6981 epoch_acc: 0.77176
epoch: 107, epoch_loss: 9.6837 epoch_acc: 0.77427
epoch: 108, epoch_loss: 9.6643 epoch_acc: 0.77829
epoch: 109, epoch_loss: 9.6409 epoch_acc: 0.77980
epoch: 110, epoch_loss: 9.6255 epoch_acc: 0.78068
epoch: 111, epoch_loss: 9.6118 epoch_acc: 0.78395
epoch: 112, epoch_loss: 9.5945 epoch_acc: 0.78659
epoch: 113, epoch_loss: 9.5800 epoch_acc: 0.78873
epoch: 114, epoch_loss: 9.5643 epoch_acc: 0.79049
epoch: 115, epoch_loss: 9.5517 epoch_acc: 0.79251
epoch: 116, epoch_loss: 9.5369 epoch_acc: 0.79427
epoch: 117, epoch_loss: 9.5259 epoch_acc: 0.79691
epoch: 118, epoch_loss: 9.5152 epoch_acc: 0.79816
epoch: 119, epoch_loss: 9.5045 epoch_acc: 0.80005
epoch: 120, epoch_loss: 9.4934 epoch_acc: 0.80244
epoch: 121, epoch_loss: 9.4826 epoch_acc: 0.80370
epoch: 122, epoch_loss: 9.4705 epoch_acc: 0.80558
epoch: 123, epoch_loss: 9.4611 epoch_acc: 0.80785
epoch: 124, epoch_loss: 9.4513 epoch_acc: 0.80923
epoch: 125, epoch_loss: 9.4395 epoch_acc: 0.81074
epoch: 126, epoch_loss: 9.4299 epoch_acc: 0.81250
epoch: 127, epoch_loss: 9.4215 epoch_acc: 0.81413
epoch: 128, epoch_loss: 9.4139 epoch_acc: 0.81652
epoch: 129, epoch_loss: 9.4078 epoch_acc: 0.81766
epoch: 130, epoch_loss: 9.3990 epoch_acc: 0.81891
epoch: 131, epoch_loss: 9.3919 epoch_acc: 0.81942
epoch: 132, epoch_loss: 9.3842 epoch_acc: 0.82118
epoch: 133, epoch_loss: 9.3793 epoch_acc: 0.82231
epoch: 134, epoch_loss: 9.3762 epoch_acc: 0.82243
epoch: 135, epoch_loss: 9.3657 epoch_acc: 0.82432
epoch: 136, epoch_loss: 9.3571 epoch_acc: 0.82621
epoch: 137, epoch_loss: 9.3495 epoch_acc: 0.82759
epoch: 138, epoch_loss: 9.3388 epoch_acc: 0.82960
epoch: 139, epoch_loss: 9.3296 epoch_acc: 0.83249
epoch: 140, epoch_loss: 9.3217 epoch_acc: 0.83338
epoch: 141, epoch_loss: 9.3147 epoch_acc: 0.83501
epoch: 142, epoch_loss: 9.3083 epoch_acc: 0.83664
epoch: 143, epoch_loss: 9.3001 epoch_acc: 0.83841
epoch: 144, epoch_loss: 9.2914 epoch_acc: 0.83916
epoch: 145, epoch_loss: 9.2843 epoch_acc: 0.84105
epoch: 146, epoch_loss: 9.2759 epoch_acc: 0.84218
epoch: 147, epoch_loss: 9.2683 epoch_acc: 0.84344
epoch: 148, epoch_loss: 9.2616 epoch_acc: 0.84432
epoch: 149, epoch_loss: 9.2557 epoch_acc: 0.84532
epoch: 150, epoch_loss: 9.2492 epoch_acc: 0.84620
epoch: 151, epoch_loss: 9.2448 epoch_acc: 0.84696
epoch: 152, epoch_loss: 9.2361 epoch_acc: 0.84834
epoch: 153, epoch_loss: 9.2289 epoch_acc: 0.84960
epoch: 154, epoch_loss: 9.2217 epoch_acc: 0.85148
epoch: 155, epoch_loss: 9.2145 epoch_acc: 0.85274
epoch: 156, epoch_loss: 9.2090 epoch_acc: 0.85412
epoch: 157, epoch_loss: 9.2012 epoch_acc: 0.85526
epoch: 158, epoch_loss: 9.1918 epoch_acc: 0.85639
epoch: 159, epoch_loss: 9.1850 epoch_acc: 0.85765
epoch: 160, epoch_loss: 9.1807 epoch_acc: 0.85865
epoch: 161, epoch_loss: 9.1746 epoch_acc: 0.85978
epoch: 162, epoch_loss: 9.1692 epoch_acc: 0.86079
epoch: 163, epoch_loss: 9.1631 epoch_acc: 0.86205
epoch: 164, epoch_loss: 9.1567 epoch_acc: 0.86318
epoch: 165, epoch_loss: 9.1500 epoch_acc: 0.86481
epoch: 166, epoch_loss: 9.1437 epoch_acc: 0.86569
epoch: 167, epoch_loss: 9.1391 epoch_acc: 0.86745
epoch: 168, epoch_loss: 9.1277 epoch_acc: 0.86808
epoch: 169, epoch_loss: 9.1221 epoch_acc: 0.86909
epoch: 170, epoch_loss: 9.1156 epoch_acc: 0.86984
epoch: 171, epoch_loss: 9.1105 epoch_acc: 0.87022
epoch: 172, epoch_loss: 9.1038 epoch_acc: 0.87060
epoch: 173, epoch_loss: 9.1012 epoch_acc: 0.87173
epoch: 174, epoch_loss: 9.0929 epoch_acc: 0.87299
epoch: 175, epoch_loss: 9.0858 epoch_acc: 0.87399
epoch: 176, epoch_loss: 9.0829 epoch_acc: 0.87450
epoch: 177, epoch_loss: 9.0742 epoch_acc: 0.87538
epoch: 178, epoch_loss: 9.0681 epoch_acc: 0.87663
epoch: 179, epoch_loss: 9.0642 epoch_acc: 0.87739
epoch: 180, epoch_loss: 9.0598 epoch_acc: 0.87840
epoch: 181, epoch_loss: 9.0556 epoch_acc: 0.87865
epoch: 182, epoch_loss: 9.0527 epoch_acc: 0.87890
epoch: 183, epoch_loss: 9.0503 epoch_acc: 0.87915
epoch: 184, epoch_loss: 9.0457 epoch_acc: 0.88053
epoch: 185, epoch_loss: 9.0408 epoch_acc: 0.88141
epoch: 186, epoch_loss: 9.0371 epoch_acc: 0.88255
epoch: 187, epoch_loss: 9.0331 epoch_acc: 0.88292
epoch: 188, epoch_loss: 9.0310 epoch_acc: 0.88380
epoch: 189, epoch_loss: 9.0248 epoch_acc: 0.88468
epoch: 190, epoch_loss: 9.0164 epoch_acc: 0.88519
epoch: 191, epoch_loss: 9.0106 epoch_acc: 0.88632
epoch: 192, epoch_loss: 9.0039 epoch_acc: 0.88682
epoch: 193, epoch_loss: 8.9990 epoch_acc: 0.88833
epoch: 194, epoch_loss: 8.9950 epoch_acc: 0.88921
epoch: 195, epoch_loss: 8.9918 epoch_acc: 0.88984
epoch: 196, epoch_loss: 8.9872 epoch_acc: 0.89059
epoch: 197, epoch_loss: 8.9845 epoch_acc: 0.89085
epoch: 198, epoch_loss: 8.9777 epoch_acc: 0.89135
epoch: 199, epoch_loss: 8.9745 epoch_acc: 0.89198
epoch: 200, epoch_loss: 8.9705 epoch_acc: 0.89261
epoch: 201, epoch_loss: 8.9666 epoch_acc: 0.89349
epoch: 202, epoch_loss: 8.9639 epoch_acc: 0.89374
epoch: 203, epoch_loss: 8.9608 epoch_acc: 0.89449
epoch: 204, epoch_loss: 8.9576 epoch_acc: 0.89525
epoch: 205, epoch_loss: 8.9555 epoch_acc: 0.89550
epoch: 206, epoch_loss: 8.9532 epoch_acc: 0.89600
epoch: 207, epoch_loss: 8.9498 epoch_acc: 0.89663
epoch: 208, epoch_loss: 8.9473 epoch_acc: 0.89764
epoch: 209, epoch_loss: 8.9451 epoch_acc: 0.89801
epoch: 210, epoch_loss: 8.9428 epoch_acc: 0.89814
epoch: 211, epoch_loss: 8.9396 epoch_acc: 0.89927
epoch: 212, epoch_loss: 8.9370 epoch_acc: 0.89990
epoch: 213, epoch_loss: 8.9344 epoch_acc: 0.90078
epoch: 214, epoch_loss: 8.9318 epoch_acc: 0.90153
epoch: 215, epoch_loss: 8.9286 epoch_acc: 0.90229
epoch: 216, epoch_loss: 8.9267 epoch_acc: 0.90304
epoch: 217, epoch_loss: 8.9297 epoch_acc: 0.90191
epoch: 218, epoch_loss: 8.9311 epoch_acc: 0.90216
epoch: 219, epoch_loss: 8.9313 epoch_acc: 0.90241
epoch: 220, epoch_loss: 8.9291 epoch_acc: 0.90279
epoch: 221, epoch_loss: 8.9377 epoch_acc: 0.90179
epoch: 222, epoch_loss: 8.9296 epoch_acc: 0.90329
epoch: 223, epoch_loss: 8.9240 epoch_acc: 0.90493
epoch: 224, epoch_loss: 8.9131 epoch_acc: 0.90631
epoch: 225, epoch_loss: 8.9248 epoch_acc: 0.90606
epoch: 226, epoch_loss: 8.9134 epoch_acc: 0.90719
epoch: 227, epoch_loss: 8.9058 epoch_acc: 0.90782
epoch: 228, epoch_loss: 8.8986 epoch_acc: 0.90845
epoch: 229, epoch_loss: 8.8935 epoch_acc: 0.90883
epoch: 230, epoch_loss: 8.8884 epoch_acc: 0.90921
epoch: 231, epoch_loss: 8.8834 epoch_acc: 0.90971
epoch: 232, epoch_loss: 8.8836 epoch_acc: 0.91009
epoch: 233, epoch_loss: 8.8783 epoch_acc: 0.91046
epoch: 234, epoch_loss: 8.8740 epoch_acc: 0.91109
epoch: 235, epoch_loss: 8.8721 epoch_acc: 0.91122
epoch: 236, epoch_loss: 8.8701 epoch_acc: 0.91134
epoch: 237, epoch_loss: 8.8686 epoch_acc: 0.91159
epoch: 238, epoch_loss: 8.8665 epoch_acc: 0.91197
epoch: 239, epoch_loss: 8.8648 epoch_acc: 0.91247
epoch: 240, epoch_loss: 8.8604 epoch_acc: 0.91260
epoch: 241, epoch_loss: 8.8597 epoch_acc: 0.91298
epoch: 242, epoch_loss: 8.8578 epoch_acc: 0.91361
epoch: 243, epoch_loss: 8.8549 epoch_acc: 0.91386
epoch: 244, epoch_loss: 8.8520 epoch_acc: 0.91424
epoch: 245, epoch_loss: 8.8509 epoch_acc: 0.91436
epoch: 246, epoch_loss: 8.8513 epoch_acc: 0.91461
epoch: 247, epoch_loss: 8.8484 epoch_acc: 0.91512
epoch: 248, epoch_loss: 8.8516 epoch_acc: 0.91512
epoch: 249, epoch_loss: 8.8516 epoch_acc: 0.91486
epoch: 250, epoch_loss: 8.8444 epoch_acc: 0.91574
epoch: 251, epoch_loss: 8.8386 epoch_acc: 0.91612
epoch: 252, epoch_loss: 8.8346 epoch_acc: 0.91637
epoch: 253, epoch_loss: 8.8323 epoch_acc: 0.91700
epoch: 254, epoch_loss: 8.8295 epoch_acc: 0.91738
epoch: 255, epoch_loss: 8.8268 epoch_acc: 0.91826
epoch: 256, epoch_loss: 8.8247 epoch_acc: 0.91876
epoch: 257, epoch_loss: 8.8229 epoch_acc: 0.91914
epoch: 258, epoch_loss: 8.8217 epoch_acc: 0.91952
epoch: 259, epoch_loss: 8.8200 epoch_acc: 0.92015
epoch: 260, epoch_loss: 8.8183 epoch_acc: 0.92065
epoch: 261, epoch_loss: 8.8176 epoch_acc: 0.92077
epoch: 262, epoch_loss: 8.8177 epoch_acc: 0.92052
epoch: 263, epoch_loss: 8.8310 epoch_acc: 0.91964
epoch: 264, epoch_loss: 8.8305 epoch_acc: 0.91914
epoch: 265, epoch_loss: 8.8413 epoch_acc: 0.91826
epoch: 266, epoch_loss: 8.8371 epoch_acc: 0.92052
epoch: 267, epoch_loss: 8.8610 epoch_acc: 0.91612
epoch: 268, epoch_loss: 8.8713 epoch_acc: 0.91486
epoch: 269, epoch_loss: 8.8542 epoch_acc: 0.91713
epoch: 270, epoch_loss: 8.8243 epoch_acc: 0.92191
epoch: 271, epoch_loss: 8.8090 epoch_acc: 0.92316
epoch: 272, epoch_loss: 8.7933 epoch_acc: 0.92430
epoch: 273, epoch_loss: 8.8046 epoch_acc: 0.92228
epoch: 274, epoch_loss: 8.7949 epoch_acc: 0.92279
epoch: 275, epoch_loss: 8.7816 epoch_acc: 0.92467
epoch: 276, epoch_loss: 8.7721 epoch_acc: 0.92580
epoch: 277, epoch_loss: 8.7668 epoch_acc: 0.92656
epoch: 278, epoch_loss: 8.7622 epoch_acc: 0.92731
epoch: 279, epoch_loss: 8.7600 epoch_acc: 0.92744
epoch: 280, epoch_loss: 8.7582 epoch_acc: 0.92769
epoch: 281, epoch_loss: 8.7561 epoch_acc: 0.92819
epoch: 282, epoch_loss: 8.7545 epoch_acc: 0.92870
epoch: 283, epoch_loss: 8.7535 epoch_acc: 0.92870
epoch: 284, epoch_loss: 8.7527 epoch_acc: 0.92882
epoch: 285, epoch_loss: 8.7524 epoch_acc: 0.92882
epoch: 286, epoch_loss: 8.7518 epoch_acc: 0.92907
epoch: 287, epoch_loss: 8.7492 epoch_acc: 0.92945
epoch: 288, epoch_loss: 8.7482 epoch_acc: 0.92945
epoch: 289, epoch_loss: 8.7474 epoch_acc: 0.92970
epoch: 290, epoch_loss: 8.7464 epoch_acc: 0.92995
epoch: 291, epoch_loss: 8.7453 epoch_acc: 0.93008
epoch: 292, epoch_loss: 8.7445 epoch_acc: 0.93033
epoch: 293, epoch_loss: 8.7435 epoch_acc: 0.93058
epoch: 294, epoch_loss: 8.7423 epoch_acc: 0.93096
epoch: 295, epoch_loss: 8.7415 epoch_acc: 0.93146
epoch: 296, epoch_loss: 8.7398 epoch_acc: 0.93159
epoch: 297, epoch_loss: 8.7389 epoch_acc: 0.93184
epoch: 298, epoch_loss: 8.7378 epoch_acc: 0.93209
epoch: 299, epoch_loss: 8.7372 epoch_acc: 0.93222
epoch: 300, epoch_loss: 8.7361 epoch_acc: 0.93234
epoch: 301, epoch_loss: 8.7345 epoch_acc: 0.93285
epoch: 302, epoch_loss: 8.7331 epoch_acc: 0.93322
epoch: 303, epoch_loss: 8.7324 epoch_acc: 0.93322
epoch: 304, epoch_loss: 8.7319 epoch_acc: 0.93322
epoch: 305, epoch_loss: 8.7316 epoch_acc: 0.93322
epoch: 306, epoch_loss: 8.7307 epoch_acc: 0.93360
epoch: 307, epoch_loss: 8.7286 epoch_acc: 0.93373
epoch: 308, epoch_loss: 8.7279 epoch_acc: 0.93373
epoch: 309, epoch_loss: 8.7268 epoch_acc: 0.93410
epoch: 310, epoch_loss: 8.7264 epoch_acc: 0.93410
epoch: 311, epoch_loss: 8.7256 epoch_acc: 0.93423
epoch: 312, epoch_loss: 8.7246 epoch_acc: 0.93461
epoch: 313, epoch_loss: 8.7237 epoch_acc: 0.93486
epoch: 314, epoch_loss: 8.7216 epoch_acc: 0.93511
epoch: 315, epoch_loss: 8.7214 epoch_acc: 0.93524
epoch: 316, epoch_loss: 8.7194 epoch_acc: 0.93612
epoch: 317, epoch_loss: 8.7181 epoch_acc: 0.93624
epoch: 318, epoch_loss: 8.7173 epoch_acc: 0.93624
epoch: 319, epoch_loss: 8.7145 epoch_acc: 0.93675
epoch: 320, epoch_loss: 8.7131 epoch_acc: 0.93687
epoch: 321, epoch_loss: 8.7119 epoch_acc: 0.93712
epoch: 322, epoch_loss: 8.7112 epoch_acc: 0.93712
epoch: 323, epoch_loss: 8.7103 epoch_acc: 0.93737
epoch: 324, epoch_loss: 8.7098 epoch_acc: 0.93750
epoch: 325, epoch_loss: 8.7095 epoch_acc: 0.93750
epoch: 326, epoch_loss: 8.7090 epoch_acc: 0.93775
epoch: 327, epoch_loss: 8.7082 epoch_acc: 0.93775
epoch: 328, epoch_loss: 8.7078 epoch_acc: 0.93775
epoch: 329, epoch_loss: 8.7075 epoch_acc: 0.93788
epoch: 330, epoch_loss: 8.7071 epoch_acc: 0.93788
epoch: 331, epoch_loss: 8.7066 epoch_acc: 0.93800
epoch: 332, epoch_loss: 8.7058 epoch_acc: 0.93825
epoch: 333, epoch_loss: 8.7051 epoch_acc: 0.93851
epoch: 334, epoch_loss: 8.7040 epoch_acc: 0.93876
epoch: 335, epoch_loss: 8.7059 epoch_acc: 0.93876
epoch: 336, epoch_loss: 8.7038 epoch_acc: 0.93913
epoch: 337, epoch_loss: 8.7027 epoch_acc: 0.93913
epoch: 338, epoch_loss: 8.7016 epoch_acc: 0.93926
epoch: 339, epoch_loss: 8.7004 epoch_acc: 0.93951
epoch: 340, epoch_loss: 8.7009 epoch_acc: 0.93951
epoch: 341, epoch_loss: 8.7009 epoch_acc: 0.93926
epoch: 342, epoch_loss: 8.6999 epoch_acc: 0.93964
epoch: 343, epoch_loss: 8.6990 epoch_acc: 0.94002
epoch: 344, epoch_loss: 8.6984 epoch_acc: 0.94002
epoch: 345, epoch_loss: 8.6962 epoch_acc: 0.94014
epoch: 346, epoch_loss: 8.6985 epoch_acc: 0.94002
epoch: 347, epoch_loss: 8.6994 epoch_acc: 0.94002
epoch: 348, epoch_loss: 8.6959 epoch_acc: 0.94064
epoch: 349, epoch_loss: 8.6942 epoch_acc: 0.94090
epoch: 350, epoch_loss: 8.6924 epoch_acc: 0.94102
epoch: 351, epoch_loss: 8.6910 epoch_acc: 0.94102
epoch: 352, epoch_loss: 8.6905 epoch_acc: 0.94102
epoch: 353, epoch_loss: 8.6901 epoch_acc: 0.94127
epoch: 354, epoch_loss: 8.6891 epoch_acc: 0.94140
epoch: 355, epoch_loss: 8.6883 epoch_acc: 0.94190
epoch: 356, epoch_loss: 8.6879 epoch_acc: 0.94190
epoch: 357, epoch_loss: 8.6869 epoch_acc: 0.94203
epoch: 358, epoch_loss: 8.6864 epoch_acc: 0.94203
epoch: 359, epoch_loss: 8.6860 epoch_acc: 0.94215
epoch: 360, epoch_loss: 8.6854 epoch_acc: 0.94228
epoch: 361, epoch_loss: 8.6852 epoch_acc: 0.94228
epoch: 362, epoch_loss: 8.6848 epoch_acc: 0.94240
epoch: 363, epoch_loss: 8.6844 epoch_acc: 0.94240
epoch: 364, epoch_loss: 8.6836 epoch_acc: 0.94278
epoch: 365, epoch_loss: 8.6834 epoch_acc: 0.94278
epoch: 366, epoch_loss: 8.6828 epoch_acc: 0.94291
epoch: 367, epoch_loss: 8.6823 epoch_acc: 0.94303
epoch: 368, epoch_loss: 8.6820 epoch_acc: 0.94316
epoch: 369, epoch_loss: 8.6817 epoch_acc: 0.94316
epoch: 370, epoch_loss: 8.6817 epoch_acc: 0.94316
epoch: 371, epoch_loss: 8.6810 epoch_acc: 0.94328
epoch: 372, epoch_loss: 8.6801 epoch_acc: 0.94328
epoch: 373, epoch_loss: 8.6615 epoch_acc: 0.94366
epoch: 374, epoch_loss: 8.6697 epoch_acc: 0.94215
epoch: 375, epoch_loss: 8.6724 epoch_acc: 0.94190
epoch: 376, epoch_loss: 8.6732 epoch_acc: 0.94203
epoch: 377, epoch_loss: 8.6665 epoch_acc: 0.94341
epoch: 378, epoch_loss: 8.6637 epoch_acc: 0.94416
epoch: 379, epoch_loss: 8.6604 epoch_acc: 0.94429
epoch: 380, epoch_loss: 8.6581 epoch_acc: 0.94454
epoch: 381, epoch_loss: 8.6561 epoch_acc: 0.94492
epoch: 382, epoch_loss: 8.6536 epoch_acc: 0.94555
epoch: 383, epoch_loss: 8.6528 epoch_acc: 0.94580
epoch: 384, epoch_loss: 8.6517 epoch_acc: 0.94593
epoch: 385, epoch_loss: 8.6499 epoch_acc: 0.94630
epoch: 386, epoch_loss: 8.6503 epoch_acc: 0.94605
epoch: 387, epoch_loss: 8.6487 epoch_acc: 0.94655
epoch: 388, epoch_loss: 8.6480 epoch_acc: 0.94668
epoch: 389, epoch_loss: 8.6498 epoch_acc: 0.94630
epoch: 390, epoch_loss: 8.6484 epoch_acc: 0.94668
epoch: 391, epoch_loss: 8.6476 epoch_acc: 0.94668
epoch: 392, epoch_loss: 8.6484 epoch_acc: 0.94655
epoch: 393, epoch_loss: 8.6474 epoch_acc: 0.94668
epoch: 394, epoch_loss: 8.6469 epoch_acc: 0.94668
epoch: 395, epoch_loss: 8.6461 epoch_acc: 0.94668
epoch: 396, epoch_loss: 8.6458 epoch_acc: 0.94668
epoch: 397, epoch_loss: 8.6457 epoch_acc: 0.94668
epoch: 398, epoch_loss: 8.6456 epoch_acc: 0.94668
epoch: 399, epoch_loss: 8.6455 epoch_acc: 0.94668
epoch: 400, epoch_loss: 8.6451 epoch_acc: 0.94681
epoch: 401, epoch_loss: 8.6448 epoch_acc: 0.94693
epoch: 402, epoch_loss: 8.6444 epoch_acc: 0.94706
epoch: 403, epoch_loss: 8.6442 epoch_acc: 0.94706
epoch: 404, epoch_loss: 8.6441 epoch_acc: 0.94706
epoch: 405, epoch_loss: 8.6441 epoch_acc: 0.94706
epoch: 406, epoch_loss: 8.6441 epoch_acc: 0.94706
epoch: 407, epoch_loss: 8.6441 epoch_acc: 0.94706
epoch: 408, epoch_loss: 8.6440 epoch_acc: 0.94706
epoch: 409, epoch_loss: 8.6440 epoch_acc: 0.94706
epoch: 410, epoch_loss: 8.6440 epoch_acc: 0.94706
epoch: 411, epoch_loss: 8.6440 epoch_acc: 0.94706
epoch: 412, epoch_loss: 8.6438 epoch_acc: 0.94718
epoch: 413, epoch_loss: 8.6435 epoch_acc: 0.94718
epoch: 414, epoch_loss: 8.6435 epoch_acc: 0.94718
epoch: 415, epoch_loss: 8.6428 epoch_acc: 0.94731
epoch: 416, epoch_loss: 8.6422 epoch_acc: 0.94743
epoch: 417, epoch_loss: 8.6449 epoch_acc: 0.94731
epoch: 418, epoch_loss: 8.6481 epoch_acc: 0.94655
epoch: 419, epoch_loss: 8.6714 epoch_acc: 0.94366
epoch: 420, epoch_loss: 8.7494 epoch_acc: 0.93310
epoch: 421, epoch_loss: 9.0793 epoch_acc: 0.89399
epoch: 422, epoch_loss: 9.0190 epoch_acc: 0.88569
epoch: 423, epoch_loss: 8.8046 epoch_acc: 0.92077
epoch: 424, epoch_loss: 8.7287 epoch_acc: 0.93486
epoch: 425, epoch_loss: 8.6813 epoch_acc: 0.94303
epoch: 426, epoch_loss: 8.6674 epoch_acc: 0.94530
epoch: 427, epoch_loss: 8.6547 epoch_acc: 0.94706
epoch: 428, epoch_loss: 8.6502 epoch_acc: 0.94731
epoch: 429, epoch_loss: 8.6465 epoch_acc: 0.94794
epoch: 430, epoch_loss: 8.6453 epoch_acc: 0.94794
epoch: 431, epoch_loss: 8.6446 epoch_acc: 0.94794
epoch: 432, epoch_loss: 8.6438 epoch_acc: 0.94794
epoch: 433, epoch_loss: 8.6408 epoch_acc: 0.94794
epoch: 434, epoch_loss: 8.6381 epoch_acc: 0.94844
epoch: 435, epoch_loss: 8.6373 epoch_acc: 0.94844
epoch: 436, epoch_loss: 8.6364 epoch_acc: 0.94857
epoch: 437, epoch_loss: 8.6358 epoch_acc: 0.94857
epoch: 438, epoch_loss: 8.6352 epoch_acc: 0.94869
epoch: 439, epoch_loss: 8.6346 epoch_acc: 0.94869
epoch: 440, epoch_loss: 8.6328 epoch_acc: 0.94894
epoch: 441, epoch_loss: 8.6319 epoch_acc: 0.94894
epoch: 442, epoch_loss: 8.6314 epoch_acc: 0.94907
epoch: 443, epoch_loss: 8.6311 epoch_acc: 0.94907
epoch: 444, epoch_loss: 8.6307 epoch_acc: 0.94907
epoch: 445, epoch_loss: 8.6302 epoch_acc: 0.94920
epoch: 446, epoch_loss: 8.6292 epoch_acc: 0.94945
epoch: 447, epoch_loss: 8.6253 epoch_acc: 0.94970
epoch: 448, epoch_loss: 8.6244 epoch_acc: 0.94970
epoch: 449, epoch_loss: 8.6232 epoch_acc: 0.94995
epoch: 450, epoch_loss: 8.6233 epoch_acc: 0.94995
epoch: 451, epoch_loss: 8.6219 epoch_acc: 0.95045
epoch: 452, epoch_loss: 8.6196 epoch_acc: 0.95096
epoch: 453, epoch_loss: 8.6174 epoch_acc: 0.95146
epoch: 454, epoch_loss: 8.6165 epoch_acc: 0.95196
epoch: 455, epoch_loss: 8.6149 epoch_acc: 0.95246
epoch: 456, epoch_loss: 8.6117 epoch_acc: 0.95272
epoch: 457, epoch_loss: 8.6106 epoch_acc: 0.95284
epoch: 458, epoch_loss: 8.6086 epoch_acc: 0.95297
epoch: 459, epoch_loss: 8.6072 epoch_acc: 0.95322
epoch: 460, epoch_loss: 8.6069 epoch_acc: 0.95322
epoch: 461, epoch_loss: 8.6068 epoch_acc: 0.95322
epoch: 462, epoch_loss: 8.6065 epoch_acc: 0.95322
epoch: 463, epoch_loss: 8.6064 epoch_acc: 0.95322
epoch: 464, epoch_loss: 8.6062 epoch_acc: 0.95322
epoch: 465, epoch_loss: 8.6053 epoch_acc: 0.95335
epoch: 466, epoch_loss: 8.6052 epoch_acc: 0.95335
epoch: 467, epoch_loss: 8.6050 epoch_acc: 0.95335
epoch: 468, epoch_loss: 8.6048 epoch_acc: 0.95347
epoch: 469, epoch_loss: 8.6047 epoch_acc: 0.95347
epoch: 470, epoch_loss: 8.6046 epoch_acc: 0.95347
epoch: 471, epoch_loss: 8.6046 epoch_acc: 0.95347
epoch: 472, epoch_loss: 8.6046 epoch_acc: 0.95347
epoch: 473, epoch_loss: 8.6045 epoch_acc: 0.95347
epoch: 474, epoch_loss: 8.6044 epoch_acc: 0.95347
epoch: 475, epoch_loss: 8.6042 epoch_acc: 0.95360
epoch: 476, epoch_loss: 8.6041 epoch_acc: 0.95360
epoch: 477, epoch_loss: 8.6040 epoch_acc: 0.95360
epoch: 478, epoch_loss: 8.6039 epoch_acc: 0.95360
epoch: 479, epoch_loss: 8.6039 epoch_acc: 0.95360
epoch: 480, epoch_loss: 8.6039 epoch_acc: 0.95360
epoch: 481, epoch_loss: 8.6039 epoch_acc: 0.95360
epoch: 482, epoch_loss: 8.6038 epoch_acc: 0.95360
epoch: 483, epoch_loss: 8.6039 epoch_acc: 0.95360
epoch: 484, epoch_loss: 8.6039 epoch_acc: 0.95360
epoch: 485, epoch_loss: 8.6041 epoch_acc: 0.95360
epoch: 486, epoch_loss: 8.6037 epoch_acc: 0.95360
epoch: 487, epoch_loss: 8.6035 epoch_acc: 0.95372
epoch: 488, epoch_loss: 8.6034 epoch_acc: 0.95372
epoch: 489, epoch_loss: 8.6032 epoch_acc: 0.95385
epoch: 490, epoch_loss: 8.6030 epoch_acc: 0.95385
epoch: 491, epoch_loss: 8.6029 epoch_acc: 0.95385
epoch: 492, epoch_loss: 8.6028 epoch_acc: 0.95385
epoch: 493, epoch_loss: 8.6026 epoch_acc: 0.95397
epoch: 494, epoch_loss: 8.6024 epoch_acc: 0.95397
epoch: 495, epoch_loss: 8.6024 epoch_acc: 0.95397
epoch: 496, epoch_loss: 8.6024 epoch_acc: 0.95397
epoch: 497, epoch_loss: 8.6023 epoch_acc: 0.95397
epoch: 498, epoch_loss: 8.6023 epoch_acc: 0.95397
epoch: 499, epoch_loss: 8.6020 epoch_acc: 0.95410
epoch: 500, epoch_loss: 8.6018 epoch_acc: 0.95423
epoch: 501, epoch_loss: 8.6017 epoch_acc: 0.95423
epoch: 502, epoch_loss: 8.6015 epoch_acc: 0.95423
epoch: 503, epoch_loss: 8.6015 epoch_acc: 0.95423
epoch: 504, epoch_loss: 8.6015 epoch_acc: 0.95423
epoch: 505, epoch_loss: 8.6014 epoch_acc: 0.95423
epoch: 506, epoch_loss: 8.6014 epoch_acc: 0.95423
epoch: 507, epoch_loss: 8.6013 epoch_acc: 0.95423
epoch: 508, epoch_loss: 8.6012 epoch_acc: 0.95423
epoch: 509, epoch_loss: 8.6011 epoch_acc: 0.95423
epoch: 510, epoch_loss: 8.6012 epoch_acc: 0.95423
epoch: 511, epoch_loss: 8.6012 epoch_acc: 0.95423
epoch: 512, epoch_loss: 8.6012 epoch_acc: 0.95423
epoch: 513, epoch_loss: 8.6011 epoch_acc: 0.95423
epoch: 514, epoch_loss: 8.6011 epoch_acc: 0.95423
epoch: 515, epoch_loss: 8.6011 epoch_acc: 0.95423
epoch: 516, epoch_loss: 8.6010 epoch_acc: 0.95423
epoch: 517, epoch_loss: 8.6010 epoch_acc: 0.95423
epoch: 518, epoch_loss: 8.6010 epoch_acc: 0.95423
epoch: 519, epoch_loss: 8.6007 epoch_acc: 0.95435
epoch: 520, epoch_loss: 8.6005 epoch_acc: 0.95435
epoch: 521, epoch_loss: 8.6004 epoch_acc: 0.95448
epoch: 522, epoch_loss: 8.6004 epoch_acc: 0.95448
epoch: 523, epoch_loss: 8.6001 epoch_acc: 0.95448
epoch: 524, epoch_loss: 8.5989 epoch_acc: 0.95473
epoch: 525, epoch_loss: 8.5982 epoch_acc: 0.95485
epoch: 526, epoch_loss: 8.5979 epoch_acc: 0.95498
epoch: 527, epoch_loss: 8.5978 epoch_acc: 0.95498
epoch: 528, epoch_loss: 8.5976 epoch_acc: 0.95498
epoch: 529, epoch_loss: 8.5979 epoch_acc: 0.95498
epoch: 530, epoch_loss: 8.5974 epoch_acc: 0.95511
epoch: 531, epoch_loss: 8.5974 epoch_acc: 0.95511
epoch: 532, epoch_loss: 8.5972 epoch_acc: 0.95511
epoch: 533, epoch_loss: 8.5969 epoch_acc: 0.95523
epoch: 534, epoch_loss: 8.5966 epoch_acc: 0.95536
epoch: 535, epoch_loss: 8.5963 epoch_acc: 0.95536
epoch: 536, epoch_loss: 8.5962 epoch_acc: 0.95536
epoch: 537, epoch_loss: 8.5963 epoch_acc: 0.95536
epoch: 538, epoch_loss: 8.5962 epoch_acc: 0.95536
epoch: 539, epoch_loss: 8.5961 epoch_acc: 0.95536
epoch: 540, epoch_loss: 8.5958 epoch_acc: 0.95548
epoch: 541, epoch_loss: 8.5958 epoch_acc: 0.95548
epoch: 542, epoch_loss: 8.5957 epoch_acc: 0.95548
epoch: 543, epoch_loss: 8.5955 epoch_acc: 0.95561
epoch: 544, epoch_loss: 8.5953 epoch_acc: 0.95561
epoch: 545, epoch_loss: 8.5953 epoch_acc: 0.95561
epoch: 546, epoch_loss: 8.5949 epoch_acc: 0.95573
epoch: 547, epoch_loss: 8.5947 epoch_acc: 0.95573
epoch: 548, epoch_loss: 8.5919 epoch_acc: 0.95586
epoch: 549, epoch_loss: 8.5919 epoch_acc: 0.95573
epoch: 550, epoch_loss: 8.5915 epoch_acc: 0.95586
epoch: 551, epoch_loss: 8.5922 epoch_acc: 0.95599
epoch: 552, epoch_loss: 8.5910 epoch_acc: 0.95586
epoch: 553, epoch_loss: 8.5909 epoch_acc: 0.95586
epoch: 554, epoch_loss: 8.5924 epoch_acc: 0.95586
epoch: 555, epoch_loss: 8.5938 epoch_acc: 0.95586
epoch: 556, epoch_loss: 8.5978 epoch_acc: 0.95573
epoch: 557, epoch_loss: 8.5977 epoch_acc: 0.95536
epoch: 558, epoch_loss: 8.6031 epoch_acc: 0.95498
epoch: 559, epoch_loss: 8.5974 epoch_acc: 0.95548
epoch: 560, epoch_loss: 8.5961 epoch_acc: 0.95611
epoch: 561, epoch_loss: 8.5965 epoch_acc: 0.95548
epoch: 562, epoch_loss: 8.5934 epoch_acc: 0.95624
epoch: 563, epoch_loss: 8.5913 epoch_acc: 0.95661
epoch: 564, epoch_loss: 8.5918 epoch_acc: 0.95649
epoch: 565, epoch_loss: 8.5895 epoch_acc: 0.95674
epoch: 566, epoch_loss: 8.5887 epoch_acc: 0.95674
epoch: 567, epoch_loss: 8.5885 epoch_acc: 0.95687
epoch: 568, epoch_loss: 8.5875 epoch_acc: 0.95687
epoch: 569, epoch_loss: 8.5866 epoch_acc: 0.95699
epoch: 570, epoch_loss: 8.5866 epoch_acc: 0.95687
epoch: 571, epoch_loss: 8.5855 epoch_acc: 0.95699
epoch: 572, epoch_loss: 8.5844 epoch_acc: 0.95724
epoch: 573, epoch_loss: 8.5839 epoch_acc: 0.95724
epoch: 574, epoch_loss: 8.5828 epoch_acc: 0.95749
epoch: 575, epoch_loss: 8.5825 epoch_acc: 0.95762
epoch: 576, epoch_loss: 8.5819 epoch_acc: 0.95762
epoch: 577, epoch_loss: 8.5821 epoch_acc: 0.95762
epoch: 578, epoch_loss: 8.5817 epoch_acc: 0.95762
epoch: 579, epoch_loss: 8.5808 epoch_acc: 0.95787
epoch: 580, epoch_loss: 8.5806 epoch_acc: 0.95787
epoch: 581, epoch_loss: 8.5805 epoch_acc: 0.95787
epoch: 582, epoch_loss: 8.5797 epoch_acc: 0.95812
epoch: 583, epoch_loss: 8.5795 epoch_acc: 0.95812
epoch: 584, epoch_loss: 8.5811 epoch_acc: 0.95800
epoch: 585, epoch_loss: 8.5795 epoch_acc: 0.95812
epoch: 586, epoch_loss: 8.5785 epoch_acc: 0.95850
epoch: 587, epoch_loss: 8.5781 epoch_acc: 0.95850
epoch: 588, epoch_loss: 8.5780 epoch_acc: 0.95850
epoch: 589, epoch_loss: 8.5774 epoch_acc: 0.95850
epoch: 590, epoch_loss: 8.5775 epoch_acc: 0.95850
epoch: 591, epoch_loss: 8.5772 epoch_acc: 0.95850
epoch: 592, epoch_loss: 8.5771 epoch_acc: 0.95850
epoch: 593, epoch_loss: 8.5770 epoch_acc: 0.95850
epoch: 594, epoch_loss: 8.5769 epoch_acc: 0.95850
epoch: 595, epoch_loss: 8.5768 epoch_acc: 0.95850
epoch: 596, epoch_loss: 8.5767 epoch_acc: 0.95850
epoch: 597, epoch_loss: 8.5764 epoch_acc: 0.95863
epoch: 598, epoch_loss: 8.5762 epoch_acc: 0.95875
epoch: 599, epoch_loss: 8.5761 epoch_acc: 0.95875
epoch: 600, epoch_loss: 8.5761 epoch_acc: 0.95875
epoch: 601, epoch_loss: 8.5760 epoch_acc: 0.95875
epoch: 602, epoch_loss: 8.5760 epoch_acc: 0.95875
epoch: 603, epoch_loss: 8.5759 epoch_acc: 0.95875
epoch: 604, epoch_loss: 8.5760 epoch_acc: 0.95875
epoch: 605, epoch_loss: 8.5753 epoch_acc: 0.95888
epoch: 606, epoch_loss: 8.5752 epoch_acc: 0.95888
epoch: 607, epoch_loss: 8.5751 epoch_acc: 0.95888
epoch: 608, epoch_loss: 8.5750 epoch_acc: 0.95888
epoch: 609, epoch_loss: 8.5749 epoch_acc: 0.95900
epoch: 610, epoch_loss: 8.5747 epoch_acc: 0.95900
epoch: 611, epoch_loss: 8.5748 epoch_acc: 0.95900
epoch: 612, epoch_loss: 8.5747 epoch_acc: 0.95900
epoch: 613, epoch_loss: 8.5747 epoch_acc: 0.95900
epoch: 614, epoch_loss: 8.5746 epoch_acc: 0.95900
epoch: 615, epoch_loss: 8.5745 epoch_acc: 0.95900
epoch: 616, epoch_loss: 8.5745 epoch_acc: 0.95900
epoch: 617, epoch_loss: 8.5744 epoch_acc: 0.95913
epoch: 618, epoch_loss: 8.5743 epoch_acc: 0.95913
epoch: 619, epoch_loss: 8.5741 epoch_acc: 0.95913
epoch: 620, epoch_loss: 8.5726 epoch_acc: 0.95926
epoch: 621, epoch_loss: 8.5730 epoch_acc: 0.95926
epoch: 622, epoch_loss: 8.5727 epoch_acc: 0.95926
epoch: 623, epoch_loss: 8.5727 epoch_acc: 0.95926
epoch: 624, epoch_loss: 8.5708 epoch_acc: 0.95938
epoch: 625, epoch_loss: 8.5720 epoch_acc: 0.95913
epoch: 626, epoch_loss: 8.5723 epoch_acc: 0.95938
epoch: 627, epoch_loss: 8.5716 epoch_acc: 0.95951
epoch: 628, epoch_loss: 8.5715 epoch_acc: 0.95951
epoch: 629, epoch_loss: 8.5711 epoch_acc: 0.95951
epoch: 630, epoch_loss: 8.5704 epoch_acc: 0.95951
epoch: 631, epoch_loss: 8.5706 epoch_acc: 0.95951
epoch: 632, epoch_loss: 8.5700 epoch_acc: 0.95951
epoch: 633, epoch_loss: 8.5702 epoch_acc: 0.95951
epoch: 634, epoch_loss: 8.5698 epoch_acc: 0.95963
epoch: 635, epoch_loss: 8.5693 epoch_acc: 0.95963
epoch: 636, epoch_loss: 8.5698 epoch_acc: 0.95963
epoch: 637, epoch_loss: 8.5699 epoch_acc: 0.95963
epoch: 638, epoch_loss: 8.5696 epoch_acc: 0.95963
epoch: 639, epoch_loss: 8.5673 epoch_acc: 0.96001
epoch: 640, epoch_loss: 8.5669 epoch_acc: 0.96001
epoch: 641, epoch_loss: 8.5665 epoch_acc: 0.96001
epoch: 642, epoch_loss: 8.5662 epoch_acc: 0.96001
epoch: 643, epoch_loss: 8.5657 epoch_acc: 0.96026
epoch: 644, epoch_loss: 8.5681 epoch_acc: 0.95976
epoch: 645, epoch_loss: 8.5744 epoch_acc: 0.95913
epoch: 646, epoch_loss: 8.5887 epoch_acc: 0.95775
epoch: 647, epoch_loss: 8.6136 epoch_acc: 0.95372
epoch: 648, epoch_loss: 8.6535 epoch_acc: 0.94681
epoch: 649, epoch_loss: 8.6481 epoch_acc: 0.94945
epoch: 650, epoch_loss: 8.6226 epoch_acc: 0.95284
epoch: 651, epoch_loss: 8.6237 epoch_acc: 0.95473
epoch: 652, epoch_loss: 8.6558 epoch_acc: 0.94920
epoch: 653, epoch_loss: 8.6284 epoch_acc: 0.95259
epoch: 654, epoch_loss: 8.6103 epoch_acc: 0.95372
epoch: 655, epoch_loss: 8.5901 epoch_acc: 0.95724
epoch: 656, epoch_loss: 8.5814 epoch_acc: 0.95875
epoch: 657, epoch_loss: 8.5775 epoch_acc: 0.95926
epoch: 658, epoch_loss: 8.5714 epoch_acc: 0.95976
epoch: 659, epoch_loss: 8.5698 epoch_acc: 0.95988
epoch: 660, epoch_loss: 8.5690 epoch_acc: 0.96014
epoch: 661, epoch_loss: 8.5682 epoch_acc: 0.96026
epoch: 662, epoch_loss: 8.5679 epoch_acc: 0.96026
epoch: 663, epoch_loss: 8.5675 epoch_acc: 0.96026
epoch: 664, epoch_loss: 8.5676 epoch_acc: 0.96026
epoch: 665, epoch_loss: 8.5669 epoch_acc: 0.96039
epoch: 666, epoch_loss: 8.5660 epoch_acc: 0.96064
epoch: 667, epoch_loss: 8.5651 epoch_acc: 0.96076
epoch: 668, epoch_loss: 8.5641 epoch_acc: 0.96102
epoch: 669, epoch_loss: 8.5631 epoch_acc: 0.96127
epoch: 670, epoch_loss: 8.5623 epoch_acc: 0.96139
epoch: 671, epoch_loss: 8.5612 epoch_acc: 0.96164
epoch: 672, epoch_loss: 8.5602 epoch_acc: 0.96164
epoch: 673, epoch_loss: 8.5588 epoch_acc: 0.96177
epoch: 674, epoch_loss: 8.5585 epoch_acc: 0.96177
epoch: 675, epoch_loss: 8.5583 epoch_acc: 0.96177
epoch: 676, epoch_loss: 8.5581 epoch_acc: 0.96177
epoch: 677, epoch_loss: 8.5583 epoch_acc: 0.96177
epoch: 678, epoch_loss: 8.5578 epoch_acc: 0.96190
epoch: 679, epoch_loss: 8.5575 epoch_acc: 0.96190
epoch: 680, epoch_loss: 8.5572 epoch_acc: 0.96202
epoch: 681, epoch_loss: 8.5572 epoch_acc: 0.96202
epoch: 682, epoch_loss: 8.5572 epoch_acc: 0.96202
epoch: 683, epoch_loss: 8.5572 epoch_acc: 0.96202
epoch: 684, epoch_loss: 8.5571 epoch_acc: 0.96202
epoch: 685, epoch_loss: 8.5571 epoch_acc: 0.96202
epoch: 686, epoch_loss: 8.5570 epoch_acc: 0.96202
epoch: 687, epoch_loss: 8.5569 epoch_acc: 0.96202
epoch: 688, epoch_loss: 8.5567 epoch_acc: 0.96202
epoch: 689, epoch_loss: 8.5566 epoch_acc: 0.96202
epoch: 690, epoch_loss: 8.5566 epoch_acc: 0.96202
epoch: 691, epoch_loss: 8.5566 epoch_acc: 0.96202
epoch: 692, epoch_loss: 8.5565 epoch_acc: 0.96202
epoch: 693, epoch_loss: 8.5560 epoch_acc: 0.96215
epoch: 694, epoch_loss: 8.5559 epoch_acc: 0.96215
epoch: 695, epoch_loss: 8.5559 epoch_acc: 0.96215
epoch: 696, epoch_loss: 8.5560 epoch_acc: 0.96215
epoch: 697, epoch_loss: 8.5560 epoch_acc: 0.96215
epoch: 698, epoch_loss: 8.5560 epoch_acc: 0.96215
epoch: 699, epoch_loss: 8.5560 epoch_acc: 0.96215
epoch: 700, epoch_loss: 8.5559 epoch_acc: 0.96215
epoch: 701, epoch_loss: 8.5555 epoch_acc: 0.96227
epoch: 702, epoch_loss: 8.5556 epoch_acc: 0.96227
epoch: 703, epoch_loss: 8.5552 epoch_acc: 0.96227
epoch: 704, epoch_loss: 8.5543 epoch_acc: 0.96265
epoch: 705, epoch_loss: 8.5542 epoch_acc: 0.96265
epoch: 706, epoch_loss: 8.5540 epoch_acc: 0.96265
epoch: 707, epoch_loss: 8.5540 epoch_acc: 0.96265
epoch: 708, epoch_loss: 8.5541 epoch_acc: 0.96265
epoch: 709, epoch_loss: 8.5540 epoch_acc: 0.96278
epoch: 710, epoch_loss: 8.5534 epoch_acc: 0.96303
epoch: 711, epoch_loss: 8.5532 epoch_acc: 0.96303
epoch: 712, epoch_loss: 8.5537 epoch_acc: 0.96303
epoch: 713, epoch_loss: 8.5530 epoch_acc: 0.96303
epoch: 714, epoch_loss: 8.5529 epoch_acc: 0.96303
epoch: 715, epoch_loss: 8.5530 epoch_acc: 0.96303
epoch: 716, epoch_loss: 8.5529 epoch_acc: 0.96303
epoch: 717, epoch_loss: 8.5527 epoch_acc: 0.96303
epoch: 718, epoch_loss: 8.5528 epoch_acc: 0.96303
epoch: 719, epoch_loss: 8.5527 epoch_acc: 0.96303
epoch: 720, epoch_loss: 8.5524 epoch_acc: 0.96303
epoch: 721, epoch_loss: 8.5523 epoch_acc: 0.96303
epoch: 722, epoch_loss: 8.5521 epoch_acc: 0.96303
epoch: 723, epoch_loss: 8.5474 epoch_acc: 0.96353
epoch: 724, epoch_loss: 8.5471 epoch_acc: 0.96353
epoch: 725, epoch_loss: 8.5458 epoch_acc: 0.96353
epoch: 726, epoch_loss: 8.5475 epoch_acc: 0.96315
epoch: 727, epoch_loss: 8.5447 epoch_acc: 0.96391
epoch: 728, epoch_loss: 8.5443 epoch_acc: 0.96391
epoch: 729, epoch_loss: 8.5441 epoch_acc: 0.96403
epoch: 730, epoch_loss: 8.5437 epoch_acc: 0.96403
epoch: 731, epoch_loss: 8.5438 epoch_acc: 0.96403
epoch: 732, epoch_loss: 8.5436 epoch_acc: 0.96403
epoch: 733, epoch_loss: 8.5436 epoch_acc: 0.96403
epoch: 734, epoch_loss: 8.5435 epoch_acc: 0.96403
epoch: 735, epoch_loss: 8.5434 epoch_acc: 0.96403
epoch: 736, epoch_loss: 8.5436 epoch_acc: 0.96403
epoch: 737, epoch_loss: 8.5435 epoch_acc: 0.96403
epoch: 738, epoch_loss: 8.5434 epoch_acc: 0.96403
epoch: 739, epoch_loss: 8.5435 epoch_acc: 0.96391
epoch: 740, epoch_loss: 8.5431 epoch_acc: 0.96416
epoch: 741, epoch_loss: 8.5429 epoch_acc: 0.96416
epoch: 742, epoch_loss: 8.5429 epoch_acc: 0.96416
epoch: 743, epoch_loss: 8.5429 epoch_acc: 0.96416
epoch: 744, epoch_loss: 8.5429 epoch_acc: 0.96416
epoch: 745, epoch_loss: 8.5429 epoch_acc: 0.96416
epoch: 746, epoch_loss: 8.5429 epoch_acc: 0.96416
epoch: 747, epoch_loss: 8.5429 epoch_acc: 0.96416
epoch: 748, epoch_loss: 8.5429 epoch_acc: 0.96416
epoch: 749, epoch_loss: 8.5431 epoch_acc: 0.96416
epoch: 750, epoch_loss: 8.5431 epoch_acc: 0.96416
epoch: 751, epoch_loss: 8.5435 epoch_acc: 0.96416
epoch: 752, epoch_loss: 8.5434 epoch_acc: 0.96416
epoch: 753, epoch_loss: 8.5430 epoch_acc: 0.96429
epoch: 754, epoch_loss: 8.5428 epoch_acc: 0.96429
epoch: 755, epoch_loss: 8.5425 epoch_acc: 0.96429
epoch: 756, epoch_loss: 8.5427 epoch_acc: 0.96429
epoch: 757, epoch_loss: 8.5425 epoch_acc: 0.96429
epoch: 758, epoch_loss: 8.5425 epoch_acc: 0.96429
epoch: 759, epoch_loss: 8.5411 epoch_acc: 0.96441
epoch: 760, epoch_loss: 8.5448 epoch_acc: 0.96391
epoch: 761, epoch_loss: 8.5427 epoch_acc: 0.96441
epoch: 762, epoch_loss: 8.5416 epoch_acc: 0.96429
epoch: 763, epoch_loss: 8.5401 epoch_acc: 0.96441
epoch: 764, epoch_loss: 8.5390 epoch_acc: 0.96454
epoch: 765, epoch_loss: 8.5388 epoch_acc: 0.96479
epoch: 766, epoch_loss: 8.5385 epoch_acc: 0.96479
epoch: 767, epoch_loss: 8.5381 epoch_acc: 0.96479
epoch: 768, epoch_loss: 8.5379 epoch_acc: 0.96479
epoch: 769, epoch_loss: 8.5383 epoch_acc: 0.96479
epoch: 770, epoch_loss: 8.5378 epoch_acc: 0.96479
epoch: 771, epoch_loss: 8.5376 epoch_acc: 0.96479
epoch: 772, epoch_loss: 8.5378 epoch_acc: 0.96479
epoch: 773, epoch_loss: 8.5375 epoch_acc: 0.96479
epoch: 774, epoch_loss: 8.5372 epoch_acc: 0.96491
epoch: 775, epoch_loss: 8.5369 epoch_acc: 0.96491
epoch: 776, epoch_loss: 8.5369 epoch_acc: 0.96491
epoch: 777, epoch_loss: 8.5364 epoch_acc: 0.96504
epoch: 778, epoch_loss: 8.5363 epoch_acc: 0.96504
epoch: 779, epoch_loss: 8.5362 epoch_acc: 0.96504
epoch: 780, epoch_loss: 8.5363 epoch_acc: 0.96504
epoch: 781, epoch_loss: 8.5359 epoch_acc: 0.96517
epoch: 782, epoch_loss: 8.5359 epoch_acc: 0.96517
epoch: 783, epoch_loss: 8.5358 epoch_acc: 0.96517
epoch: 784, epoch_loss: 8.5360 epoch_acc: 0.96517
epoch: 785, epoch_loss: 8.5349 epoch_acc: 0.96529
epoch: 786, epoch_loss: 8.5347 epoch_acc: 0.96529
epoch: 787, epoch_loss: 8.5348 epoch_acc: 0.96529
epoch: 788, epoch_loss: 8.5342 epoch_acc: 0.96529
epoch: 789, epoch_loss: 8.5333 epoch_acc: 0.96554
epoch: 790, epoch_loss: 8.5332 epoch_acc: 0.96554
epoch: 791, epoch_loss: 8.5327 epoch_acc: 0.96567
epoch: 792, epoch_loss: 8.5275 epoch_acc: 0.96579
epoch: 793, epoch_loss: 8.5261 epoch_acc: 0.96592
epoch: 794, epoch_loss: 8.5259 epoch_acc: 0.96605
epoch: 795, epoch_loss: 8.5260 epoch_acc: 0.96605
epoch: 796, epoch_loss: 8.5259 epoch_acc: 0.96605
epoch: 797, epoch_loss: 8.5257 epoch_acc: 0.96605
epoch: 798, epoch_loss: 8.5257 epoch_acc: 0.96605
epoch: 799, epoch_loss: 8.5255 epoch_acc: 0.96605
epoch: 800, epoch_loss: 8.5254 epoch_acc: 0.96605
epoch: 801, epoch_loss: 8.5254 epoch_acc: 0.96605
epoch: 802, epoch_loss: 8.5254 epoch_acc: 0.96605
epoch: 803, epoch_loss: 8.5254 epoch_acc: 0.96605
epoch: 804, epoch_loss: 8.5254 epoch_acc: 0.96605
epoch: 805, epoch_loss: 8.5253 epoch_acc: 0.96617
epoch: 806, epoch_loss: 8.5251 epoch_acc: 0.96617
epoch: 807, epoch_loss: 8.5249 epoch_acc: 0.96617
epoch: 808, epoch_loss: 8.5249 epoch_acc: 0.96617
epoch: 809, epoch_loss: 8.5249 epoch_acc: 0.96617
epoch: 810, epoch_loss: 8.5250 epoch_acc: 0.96617
epoch: 811, epoch_loss: 8.5249 epoch_acc: 0.96617
epoch: 812, epoch_loss: 8.5247 epoch_acc: 0.96630
epoch: 813, epoch_loss: 8.5246 epoch_acc: 0.96630
epoch: 814, epoch_loss: 8.5245 epoch_acc: 0.96630
epoch: 815, epoch_loss: 8.5244 epoch_acc: 0.96630
epoch: 816, epoch_loss: 8.5244 epoch_acc: 0.96642
epoch: 817, epoch_loss: 8.5242 epoch_acc: 0.96642
epoch: 818, epoch_loss: 8.5241 epoch_acc: 0.96642
epoch: 819, epoch_loss: 8.5242 epoch_acc: 0.96642
epoch: 820, epoch_loss: 8.5242 epoch_acc: 0.96642
epoch: 821, epoch_loss: 8.5240 epoch_acc: 0.96642
epoch: 822, epoch_loss: 8.5241 epoch_acc: 0.96642
epoch: 823, epoch_loss: 8.5239 epoch_acc: 0.96642
epoch: 824, epoch_loss: 8.5240 epoch_acc: 0.96642
epoch: 825, epoch_loss: 8.5237 epoch_acc: 0.96655
epoch: 826, epoch_loss: 8.5236 epoch_acc: 0.96655
epoch: 827, epoch_loss: 8.5235 epoch_acc: 0.96655
epoch: 828, epoch_loss: 8.5237 epoch_acc: 0.96655
epoch: 829, epoch_loss: 8.5234 epoch_acc: 0.96655
epoch: 830, epoch_loss: 8.5233 epoch_acc: 0.96668
epoch: 831, epoch_loss: 8.5232 epoch_acc: 0.96668
epoch: 832, epoch_loss: 8.5233 epoch_acc: 0.96668
epoch: 833, epoch_loss: 8.5235 epoch_acc: 0.96668
epoch: 834, epoch_loss: 8.5233 epoch_acc: 0.96668
epoch: 835, epoch_loss: 8.5235 epoch_acc: 0.96680
epoch: 836, epoch_loss: 8.5235 epoch_acc: 0.96668
epoch: 837, epoch_loss: 8.5233 epoch_acc: 0.96680
epoch: 838, epoch_loss: 8.5234 epoch_acc: 0.96680
epoch: 839, epoch_loss: 8.5233 epoch_acc: 0.96680
epoch: 840, epoch_loss: 8.5231 epoch_acc: 0.96693
epoch: 841, epoch_loss: 8.5229 epoch_acc: 0.96693
epoch: 842, epoch_loss: 8.5231 epoch_acc: 0.96693
epoch: 843, epoch_loss: 8.5228 epoch_acc: 0.96693
epoch: 844, epoch_loss: 8.5223 epoch_acc: 0.96705
epoch: 845, epoch_loss: 8.5221 epoch_acc: 0.96705
epoch: 846, epoch_loss: 8.5222 epoch_acc: 0.96705
epoch: 847, epoch_loss: 8.5223 epoch_acc: 0.96718
epoch: 848, epoch_loss: 8.5223 epoch_acc: 0.96718
epoch: 849, epoch_loss: 8.5297 epoch_acc: 0.96655
epoch: 850, epoch_loss: 8.5453 epoch_acc: 0.96542
epoch: 851, epoch_loss: 8.5500 epoch_acc: 0.96441
epoch: 852, epoch_loss: 8.5831 epoch_acc: 0.95926
epoch: 853, epoch_loss: 8.6145 epoch_acc: 0.95246
epoch: 854, epoch_loss: 8.6297 epoch_acc: 0.94869
epoch: 855, epoch_loss: 8.6099 epoch_acc: 0.95473
epoch: 856, epoch_loss: 8.5714 epoch_acc: 0.96177
epoch: 857, epoch_loss: 8.5572 epoch_acc: 0.96378
epoch: 858, epoch_loss: 8.5370 epoch_acc: 0.96605
epoch: 859, epoch_loss: 8.5295 epoch_acc: 0.96680
epoch: 860, epoch_loss: 8.5256 epoch_acc: 0.96705
epoch: 861, epoch_loss: 8.5251 epoch_acc: 0.96705
epoch: 862, epoch_loss: 8.5249 epoch_acc: 0.96705
epoch: 863, epoch_loss: 8.5239 epoch_acc: 0.96705
epoch: 864, epoch_loss: 8.5241 epoch_acc: 0.96705
epoch: 865, epoch_loss: 8.5241 epoch_acc: 0.96705
epoch: 866, epoch_loss: 8.5237 epoch_acc: 0.96705
epoch: 867, epoch_loss: 8.5237 epoch_acc: 0.96705
epoch: 868, epoch_loss: 8.5231 epoch_acc: 0.96718
epoch: 869, epoch_loss: 8.5228 epoch_acc: 0.96718
epoch: 870, epoch_loss: 8.5228 epoch_acc: 0.96718
epoch: 871, epoch_loss: 8.5224 epoch_acc: 0.96718
epoch: 872, epoch_loss: 8.5221 epoch_acc: 0.96730
epoch: 873, epoch_loss: 8.5219 epoch_acc: 0.96730
epoch: 874, epoch_loss: 8.5220 epoch_acc: 0.96730
epoch: 875, epoch_loss: 8.5219 epoch_acc: 0.96730
epoch: 876, epoch_loss: 8.5218 epoch_acc: 0.96730
epoch: 877, epoch_loss: 8.5218 epoch_acc: 0.96730
epoch: 878, epoch_loss: 8.5218 epoch_acc: 0.96730
epoch: 879, epoch_loss: 8.5218 epoch_acc: 0.96730
epoch: 880, epoch_loss: 8.5216 epoch_acc: 0.96730
epoch: 881, epoch_loss: 8.5211 epoch_acc: 0.96756
epoch: 882, epoch_loss: 8.5206 epoch_acc: 0.96768
epoch: 883, epoch_loss: 8.5205 epoch_acc: 0.96768
epoch: 884, epoch_loss: 8.5204 epoch_acc: 0.96768
epoch: 885, epoch_loss: 8.5204 epoch_acc: 0.96768
epoch: 886, epoch_loss: 8.5203 epoch_acc: 0.96768
epoch: 887, epoch_loss: 8.5203 epoch_acc: 0.96768
epoch: 888, epoch_loss: 8.5203 epoch_acc: 0.96768
epoch: 889, epoch_loss: 8.5199 epoch_acc: 0.96781
epoch: 890, epoch_loss: 8.5194 epoch_acc: 0.96793
epoch: 891, epoch_loss: 8.5190 epoch_acc: 0.96793
epoch: 892, epoch_loss: 8.5186 epoch_acc: 0.96806
epoch: 893, epoch_loss: 8.5185 epoch_acc: 0.96806
epoch: 894, epoch_loss: 8.5185 epoch_acc: 0.96806
epoch: 895, epoch_loss: 8.5184 epoch_acc: 0.96806
epoch: 896, epoch_loss: 8.5184 epoch_acc: 0.96806
epoch: 897, epoch_loss: 8.5184 epoch_acc: 0.96806
epoch: 898, epoch_loss: 8.5183 epoch_acc: 0.96806
epoch: 899, epoch_loss: 8.5183 epoch_acc: 0.96806
epoch: 900, epoch_loss: 8.5183 epoch_acc: 0.96806
epoch: 901, epoch_loss: 8.5181 epoch_acc: 0.96806
epoch: 902, epoch_loss: 8.5182 epoch_acc: 0.96806
epoch: 903, epoch_loss: 8.5182 epoch_acc: 0.96806
epoch: 904, epoch_loss: 8.5182 epoch_acc: 0.96806
epoch: 905, epoch_loss: 8.5182 epoch_acc: 0.96806
epoch: 906, epoch_loss: 8.5182 epoch_acc: 0.96806
epoch: 907, epoch_loss: 8.5181 epoch_acc: 0.96806
epoch: 908, epoch_loss: 8.5180 epoch_acc: 0.96806
epoch: 909, epoch_loss: 8.5180 epoch_acc: 0.96806
epoch: 910, epoch_loss: 8.5180 epoch_acc: 0.96806
epoch: 911, epoch_loss: 8.5180 epoch_acc: 0.96806
epoch: 912, epoch_loss: 8.5181 epoch_acc: 0.96806
epoch: 913, epoch_loss: 8.5180 epoch_acc: 0.96806
epoch: 914, epoch_loss: 8.5183 epoch_acc: 0.96806
epoch: 915, epoch_loss: 8.5179 epoch_acc: 0.96806
epoch: 916, epoch_loss: 8.5179 epoch_acc: 0.96806
epoch: 917, epoch_loss: 8.5178 epoch_acc: 0.96806
epoch: 918, epoch_loss: 8.5180 epoch_acc: 0.96806
epoch: 919, epoch_loss: 8.5182 epoch_acc: 0.96806
epoch: 920, epoch_loss: 8.5184 epoch_acc: 0.96806
epoch: 921, epoch_loss: 8.5181 epoch_acc: 0.96806
epoch: 922, epoch_loss: 8.5181 epoch_acc: 0.96818
epoch: 923, epoch_loss: 8.5181 epoch_acc: 0.96818
epoch: 924, epoch_loss: 8.5178 epoch_acc: 0.96818
epoch: 925, epoch_loss: 8.5179 epoch_acc: 0.96818
epoch: 926, epoch_loss: 8.5174 epoch_acc: 0.96818
epoch: 927, epoch_loss: 8.5175 epoch_acc: 0.96818
epoch: 928, epoch_loss: 8.5174 epoch_acc: 0.96818
epoch: 929, epoch_loss: 8.5175 epoch_acc: 0.96818
epoch: 930, epoch_loss: 8.5176 epoch_acc: 0.96831
epoch: 931, epoch_loss: 8.5175 epoch_acc: 0.96831
epoch: 932, epoch_loss: 8.5175 epoch_acc: 0.96831
epoch: 933, epoch_loss: 8.5171 epoch_acc: 0.96831
epoch: 934, epoch_loss: 8.5171 epoch_acc: 0.96831
epoch: 935, epoch_loss: 8.5172 epoch_acc: 0.96831
epoch: 936, epoch_loss: 8.5174 epoch_acc: 0.96831
epoch: 937, epoch_loss: 8.5171 epoch_acc: 0.96844
epoch: 938, epoch_loss: 8.5170 epoch_acc: 0.96844
epoch: 939, epoch_loss: 8.5171 epoch_acc: 0.96844
epoch: 940, epoch_loss: 8.5167 epoch_acc: 0.96844
epoch: 941, epoch_loss: 8.5165 epoch_acc: 0.96856
epoch: 942, epoch_loss: 8.5164 epoch_acc: 0.96856
epoch: 943, epoch_loss: 8.5166 epoch_acc: 0.96856
epoch: 944, epoch_loss: 8.5155 epoch_acc: 0.96869
epoch: 945, epoch_loss: 8.5151 epoch_acc: 0.96881
epoch: 946, epoch_loss: 8.5153 epoch_acc: 0.96881
epoch: 947, epoch_loss: 8.5151 epoch_acc: 0.96881
epoch: 948, epoch_loss: 8.5152 epoch_acc: 0.96881
epoch: 949, epoch_loss: 8.5148 epoch_acc: 0.96881
epoch: 950, epoch_loss: 8.5151 epoch_acc: 0.96881
epoch: 951, epoch_loss: 8.5150 epoch_acc: 0.96881
epoch: 952, epoch_loss: 8.5146 epoch_acc: 0.96881
epoch: 953, epoch_loss: 8.5145 epoch_acc: 0.96881
epoch: 954, epoch_loss: 8.5146 epoch_acc: 0.96881
epoch: 955, epoch_loss: 8.5145 epoch_acc: 0.96881
epoch: 956, epoch_loss: 8.5145 epoch_acc: 0.96881
epoch: 957, epoch_loss: 8.5145 epoch_acc: 0.96881
epoch: 958, epoch_loss: 8.5146 epoch_acc: 0.96881
epoch: 959, epoch_loss: 8.5145 epoch_acc: 0.96881
epoch: 960, epoch_loss: 8.5145 epoch_acc: 0.96881
epoch: 961, epoch_loss: 8.5145 epoch_acc: 0.96881
epoch: 962, epoch_loss: 8.5145 epoch_acc: 0.96881
epoch: 963, epoch_loss: 8.5145 epoch_acc: 0.96881
epoch: 964, epoch_loss: 8.5145 epoch_acc: 0.96881
epoch: 965, epoch_loss: 8.5142 epoch_acc: 0.96894
epoch: 966, epoch_loss: 8.5150 epoch_acc: 0.96894
epoch: 967, epoch_loss: 8.5143 epoch_acc: 0.96906
epoch: 968, epoch_loss: 8.5140 epoch_acc: 0.96919
epoch: 969, epoch_loss: 8.5137 epoch_acc: 0.96919
epoch: 970, epoch_loss: 8.5135 epoch_acc: 0.96919
epoch: 971, epoch_loss: 8.5135 epoch_acc: 0.96919
epoch: 972, epoch_loss: 8.5134 epoch_acc: 0.96919
epoch: 973, epoch_loss: 8.5134 epoch_acc: 0.96919
epoch: 974, epoch_loss: 8.5133 epoch_acc: 0.96919
epoch: 975, epoch_loss: 8.5133 epoch_acc: 0.96919
epoch: 976, epoch_loss: 8.5133 epoch_acc: 0.96919
epoch: 977, epoch_loss: 8.5130 epoch_acc: 0.96932
epoch: 978, epoch_loss: 8.5130 epoch_acc: 0.96932
epoch: 979, epoch_loss: 8.5130 epoch_acc: 0.96932
epoch: 980, epoch_loss: 8.5135 epoch_acc: 0.96932
epoch: 981, epoch_loss: 8.5215 epoch_acc: 0.96793
epoch: 982, epoch_loss: 8.5323 epoch_acc: 0.96743
epoch: 983, epoch_loss: 8.5248 epoch_acc: 0.96806
epoch: 984, epoch_loss: 8.5344 epoch_acc: 0.96592
epoch: 985, epoch_loss: 8.5361 epoch_acc: 0.96655
epoch: 986, epoch_loss: 8.5307 epoch_acc: 0.96768
epoch: 987, epoch_loss: 8.5345 epoch_acc: 0.96718
epoch: 988, epoch_loss: 8.5238 epoch_acc: 0.96831
epoch: 989, epoch_loss: 8.5183 epoch_acc: 0.96919
epoch: 990, epoch_loss: 8.5149 epoch_acc: 0.96969
epoch: 991, epoch_loss: 8.5126 epoch_acc: 0.96969
epoch: 992, epoch_loss: 8.5116 epoch_acc: 0.96982
epoch: 993, epoch_loss: 8.5111 epoch_acc: 0.96994
epoch: 994, epoch_loss: 8.5111 epoch_acc: 0.96994
epoch: 995, epoch_loss: 8.5111 epoch_acc: 0.96994
epoch: 996, epoch_loss: 8.5108 epoch_acc: 0.96994
epoch: 997, epoch_loss: 8.5105 epoch_acc: 0.96994
epoch: 998, epoch_loss: 8.5103 epoch_acc: 0.97007
epoch: 999, epoch_loss: 8.5098 epoch_acc: 0.97020
epoch: 1000, epoch_loss: 8.5089 epoch_acc: 0.97032
epoch: 1001, epoch_loss: 8.5086 epoch_acc: 0.97045
epoch: 1002, epoch_loss: 8.5085 epoch_acc: 0.97045
epoch: 1003, epoch_loss: 8.5085 epoch_acc: 0.97045
epoch: 1004, epoch_loss: 8.5085 epoch_acc: 0.97057
epoch: 1005, epoch_loss: 8.5082 epoch_acc: 0.97057
epoch: 1006, epoch_loss: 8.5079 epoch_acc: 0.97057
epoch: 1007, epoch_loss: 8.5078 epoch_acc: 0.97070
epoch: 1008, epoch_loss: 8.5078 epoch_acc: 0.97070
epoch: 1009, epoch_loss: 8.5075 epoch_acc: 0.97070
epoch: 1010, epoch_loss: 8.5074 epoch_acc: 0.97070
epoch: 1011, epoch_loss: 8.5076 epoch_acc: 0.97070
epoch: 1012, epoch_loss: 8.5074 epoch_acc: 0.97070
epoch: 1013, epoch_loss: 8.5076 epoch_acc: 0.97070
epoch: 1014, epoch_loss: 8.5069 epoch_acc: 0.97082
epoch: 1015, epoch_loss: 8.5068 epoch_acc: 0.97082
epoch: 1016, epoch_loss: 8.5068 epoch_acc: 0.97082
epoch: 1017, epoch_loss: 8.5066 epoch_acc: 0.97082
epoch: 1018, epoch_loss: 8.5065 epoch_acc: 0.97095
epoch: 1019, epoch_loss: 8.5065 epoch_acc: 0.97095
epoch: 1020, epoch_loss: 8.5061 epoch_acc: 0.97108
epoch: 1021, epoch_loss: 8.5061 epoch_acc: 0.97108
epoch: 1022, epoch_loss: 8.5060 epoch_acc: 0.97108
epoch: 1023, epoch_loss: 8.5059 epoch_acc: 0.97108
epoch: 1024, epoch_loss: 8.5060 epoch_acc: 0.97108
epoch: 1025, epoch_loss: 8.5059 epoch_acc: 0.97108
epoch: 1026, epoch_loss: 8.5054 epoch_acc: 0.97120
epoch: 1027, epoch_loss: 8.5055 epoch_acc: 0.97120
epoch: 1028, epoch_loss: 8.5054 epoch_acc: 0.97120
epoch: 1029, epoch_loss: 8.5053 epoch_acc: 0.97120
epoch: 1030, epoch_loss: 8.5052 epoch_acc: 0.97120
epoch: 1031, epoch_loss: 8.5052 epoch_acc: 0.97120
epoch: 1032, epoch_loss: 8.5052 epoch_acc: 0.97120
epoch: 1033, epoch_loss: 8.5048 epoch_acc: 0.97133
epoch: 1034, epoch_loss: 8.5048 epoch_acc: 0.97133
epoch: 1035, epoch_loss: 8.5047 epoch_acc: 0.97145
epoch: 1036, epoch_loss: 8.5046 epoch_acc: 0.97145
epoch: 1037, epoch_loss: 8.5046 epoch_acc: 0.97145
epoch: 1038, epoch_loss: 8.5045 epoch_acc: 0.97145
epoch: 1039, epoch_loss: 8.5046 epoch_acc: 0.97145
epoch: 1040, epoch_loss: 8.5042 epoch_acc: 0.97158
epoch: 1041, epoch_loss: 8.5041 epoch_acc: 0.97158
epoch: 1042, epoch_loss: 8.5042 epoch_acc: 0.97158
epoch: 1043, epoch_loss: 8.5042 epoch_acc: 0.97158
epoch: 1044, epoch_loss: 8.5042 epoch_acc: 0.97158
epoch: 1045, epoch_loss: 8.5041 epoch_acc: 0.97158
epoch: 1046, epoch_loss: 8.5037 epoch_acc: 0.97171
epoch: 1047, epoch_loss: 8.5038 epoch_acc: 0.97171
epoch: 1048, epoch_loss: 8.5039 epoch_acc: 0.97171
epoch: 1049, epoch_loss: 8.5038 epoch_acc: 0.97171
epoch: 1050, epoch_loss: 8.5039 epoch_acc: 0.97171
epoch: 1051, epoch_loss: 8.5038 epoch_acc: 0.97171
epoch: 1052, epoch_loss: 8.5026 epoch_acc: 0.97183
epoch: 1053, epoch_loss: 8.5023 epoch_acc: 0.97183
epoch: 1054, epoch_loss: 8.5028 epoch_acc: 0.97183
epoch: 1055, epoch_loss: 8.5025 epoch_acc: 0.97183
epoch: 1056, epoch_loss: 8.5026 epoch_acc: 0.97183
epoch: 1057, epoch_loss: 8.5025 epoch_acc: 0.97183
epoch: 1058, epoch_loss: 8.5026 epoch_acc: 0.97183
epoch: 1059, epoch_loss: 8.5024 epoch_acc: 0.97183
epoch: 1060, epoch_loss: 8.5021 epoch_acc: 0.97183
epoch: 1061, epoch_loss: 8.5021 epoch_acc: 0.97183
epoch: 1062, epoch_loss: 8.5021 epoch_acc: 0.97183
epoch: 1063, epoch_loss: 8.5024 epoch_acc: 0.97183
epoch: 1064, epoch_loss: 8.5021 epoch_acc: 0.97183
epoch: 1065, epoch_loss: 8.5021 epoch_acc: 0.97183
epoch: 1066, epoch_loss: 8.5026 epoch_acc: 0.97183
epoch: 1067, epoch_loss: 8.5022 epoch_acc: 0.97183
epoch: 1068, epoch_loss: 8.5021 epoch_acc: 0.97183
epoch: 1069, epoch_loss: 8.5020 epoch_acc: 0.97183
epoch: 1070, epoch_loss: 8.5021 epoch_acc: 0.97183
epoch: 1071, epoch_loss: 8.5024 epoch_acc: 0.97183
epoch: 1072, epoch_loss: 8.5021 epoch_acc: 0.97183
epoch: 1073, epoch_loss: 8.5021 epoch_acc: 0.97183
epoch: 1074, epoch_loss: 8.5021 epoch_acc: 0.97183
epoch: 1075, epoch_loss: 8.5022 epoch_acc: 0.97183
epoch: 1076, epoch_loss: 8.5022 epoch_acc: 0.97183
epoch: 1077, epoch_loss: 8.5020 epoch_acc: 0.97183
epoch: 1078, epoch_loss: 8.5021 epoch_acc: 0.97183
epoch: 1079, epoch_loss: 8.5022 epoch_acc: 0.97183
epoch: 1080, epoch_loss: 8.5023 epoch_acc: 0.97183
epoch: 1081, epoch_loss: 8.5019 epoch_acc: 0.97183
epoch: 1082, epoch_loss: 8.5018 epoch_acc: 0.97183
epoch: 1083, epoch_loss: 8.5018 epoch_acc: 0.97183
epoch: 1084, epoch_loss: 8.5015 epoch_acc: 0.97196
epoch: 1085, epoch_loss: 8.5015 epoch_acc: 0.97196
epoch: 1086, epoch_loss: 8.5014 epoch_acc: 0.97196
epoch: 1087, epoch_loss: 8.5015 epoch_acc: 0.97196
epoch: 1088, epoch_loss: 8.5014 epoch_acc: 0.97196
epoch: 1089, epoch_loss: 8.5014 epoch_acc: 0.97196
epoch: 1090, epoch_loss: 8.5012 epoch_acc: 0.97208
epoch: 1091, epoch_loss: 8.5011 epoch_acc: 0.97208
epoch: 1092, epoch_loss: 8.5011 epoch_acc: 0.97208
epoch: 1093, epoch_loss: 8.5011 epoch_acc: 0.97208
epoch: 1094, epoch_loss: 8.5011 epoch_acc: 0.97208
epoch: 1095, epoch_loss: 8.5011 epoch_acc: 0.97208
epoch: 1096, epoch_loss: 8.5011 epoch_acc: 0.97208
epoch: 1097, epoch_loss: 8.5010 epoch_acc: 0.97208
epoch: 1098, epoch_loss: 8.5011 epoch_acc: 0.97208
epoch: 1099, epoch_loss: 8.5010 epoch_acc: 0.97208
epoch: 1100, epoch_loss: 8.5011 epoch_acc: 0.97208
epoch: 1101, epoch_loss: 8.5010 epoch_acc: 0.97208
epoch: 1102, epoch_loss: 8.5012 epoch_acc: 0.97208
epoch: 1103, epoch_loss: 8.5012 epoch_acc: 0.97208
epoch: 1104, epoch_loss: 8.5014 epoch_acc: 0.97208
epoch: 1105, epoch_loss: 8.5013 epoch_acc: 0.97208
epoch: 1106, epoch_loss: 8.5015 epoch_acc: 0.97208
epoch: 1107, epoch_loss: 8.5016 epoch_acc: 0.97208
epoch: 1108, epoch_loss: 8.5015 epoch_acc: 0.97208
epoch: 1109, epoch_loss: 8.5015 epoch_acc: 0.97208
epoch: 1110, epoch_loss: 8.5017 epoch_acc: 0.97208
epoch: 1111, epoch_loss: 8.5018 epoch_acc: 0.97208
epoch: 1112, epoch_loss: 8.5013 epoch_acc: 0.97208
epoch: 1113, epoch_loss: 8.5013 epoch_acc: 0.97221
epoch: 1114, epoch_loss: 8.5014 epoch_acc: 0.97221
epoch: 1115, epoch_loss: 8.5016 epoch_acc: 0.97221
epoch: 1116, epoch_loss: 8.5007 epoch_acc: 0.97233
epoch: 1117, epoch_loss: 8.5010 epoch_acc: 0.97233
epoch: 1118, epoch_loss: 8.5009 epoch_acc: 0.97233
epoch: 1119, epoch_loss: 8.5006 epoch_acc: 0.97233
epoch: 1120, epoch_loss: 8.5002 epoch_acc: 0.97246
epoch: 1121, epoch_loss: 8.5006 epoch_acc: 0.97246
epoch: 1122, epoch_loss: 8.5005 epoch_acc: 0.97246
epoch: 1123, epoch_loss: 8.5006 epoch_acc: 0.97259
epoch: 1124, epoch_loss: 8.5184 epoch_acc: 0.96894
epoch: 1125, epoch_loss: 8.5840 epoch_acc: 0.95749
epoch: 1126, epoch_loss: 8.6580 epoch_acc: 0.94781
epoch: 1127, epoch_loss: 8.6233 epoch_acc: 0.95322
epoch: 1128, epoch_loss: 8.5651 epoch_acc: 0.96177
epoch: 1129, epoch_loss: 8.5245 epoch_acc: 0.96957
epoch: 1130, epoch_loss: 8.5084 epoch_acc: 0.97208
epoch: 1131, epoch_loss: 8.5041 epoch_acc: 0.97271
epoch: 1132, epoch_loss: 8.5017 epoch_acc: 0.97271
epoch: 1133, epoch_loss: 8.5008 epoch_acc: 0.97271
epoch: 1134, epoch_loss: 8.5002 epoch_acc: 0.97296
epoch: 1135, epoch_loss: 8.4997 epoch_acc: 0.97296
epoch: 1136, epoch_loss: 8.4994 epoch_acc: 0.97296
epoch: 1137, epoch_loss: 8.4990 epoch_acc: 0.97296
epoch: 1138, epoch_loss: 8.4990 epoch_acc: 0.97296
epoch: 1139, epoch_loss: 8.4989 epoch_acc: 0.97296
epoch: 1140, epoch_loss: 8.4984 epoch_acc: 0.97296
epoch: 1141, epoch_loss: 8.4978 epoch_acc: 0.97296
epoch: 1142, epoch_loss: 8.4953 epoch_acc: 0.97309
epoch: 1143, epoch_loss: 8.4954 epoch_acc: 0.97309
epoch: 1144, epoch_loss: 8.4949 epoch_acc: 0.97309
epoch: 1145, epoch_loss: 8.4948 epoch_acc: 0.97309
epoch: 1146, epoch_loss: 8.4948 epoch_acc: 0.97309
epoch: 1147, epoch_loss: 8.4948 epoch_acc: 0.97309
epoch: 1148, epoch_loss: 8.4945 epoch_acc: 0.97321
epoch: 1149, epoch_loss: 8.4943 epoch_acc: 0.97321
epoch: 1150, epoch_loss: 8.4944 epoch_acc: 0.97321
epoch: 1151, epoch_loss: 8.4944 epoch_acc: 0.97321
epoch: 1152, epoch_loss: 8.4937 epoch_acc: 0.97334
epoch: 1153, epoch_loss: 8.4937 epoch_acc: 0.97334
epoch: 1154, epoch_loss: 8.4937 epoch_acc: 0.97334
epoch: 1155, epoch_loss: 8.4936 epoch_acc: 0.97334
epoch: 1156, epoch_loss: 8.4936 epoch_acc: 0.97334
epoch: 1157, epoch_loss: 8.4936 epoch_acc: 0.97334
epoch: 1158, epoch_loss: 8.4935 epoch_acc: 0.97334
epoch: 1159, epoch_loss: 8.4935 epoch_acc: 0.97334
epoch: 1160, epoch_loss: 8.4934 epoch_acc: 0.97334
epoch: 1161, epoch_loss: 8.4934 epoch_acc: 0.97334
epoch: 1162, epoch_loss: 8.4934 epoch_acc: 0.97334
epoch: 1163, epoch_loss: 8.4934 epoch_acc: 0.97334
epoch: 1164, epoch_loss: 8.4933 epoch_acc: 0.97334
epoch: 1165, epoch_loss: 8.4934 epoch_acc: 0.97334
epoch: 1166, epoch_loss: 8.4933 epoch_acc: 0.97334
epoch: 1167, epoch_loss: 8.4933 epoch_acc: 0.97334
epoch: 1168, epoch_loss: 8.4933 epoch_acc: 0.97334
epoch: 1169, epoch_loss: 8.4933 epoch_acc: 0.97334
epoch: 1170, epoch_loss: 8.4933 epoch_acc: 0.97334
epoch: 1171, epoch_loss: 8.4932 epoch_acc: 0.97334
epoch: 1172, epoch_loss: 8.4933 epoch_acc: 0.97334
epoch: 1173, epoch_loss: 8.4932 epoch_acc: 0.97334
epoch: 1174, epoch_loss: 8.4933 epoch_acc: 0.97334
epoch: 1175, epoch_loss: 8.4932 epoch_acc: 0.97334
epoch: 1176, epoch_loss: 8.4932 epoch_acc: 0.97334
epoch: 1177, epoch_loss: 8.4933 epoch_acc: 0.97334
epoch: 1178, epoch_loss: 8.4932 epoch_acc: 0.97334
epoch: 1179, epoch_loss: 8.4932 epoch_acc: 0.97334
epoch: 1180, epoch_loss: 8.4932 epoch_acc: 0.97334
epoch: 1181, epoch_loss: 8.4932 epoch_acc: 0.97334
epoch: 1182, epoch_loss: 8.4932 epoch_acc: 0.97334
epoch: 1183, epoch_loss: 8.4932 epoch_acc: 0.97334
epoch: 1184, epoch_loss: 8.4931 epoch_acc: 0.97334
epoch: 1185, epoch_loss: 8.4931 epoch_acc: 0.97334
epoch: 1186, epoch_loss: 8.4931 epoch_acc: 0.97334
epoch: 1187, epoch_loss: 8.4932 epoch_acc: 0.97334
epoch: 1188, epoch_loss: 8.4931 epoch_acc: 0.97334
epoch: 1189, epoch_loss: 8.4931 epoch_acc: 0.97334
epoch: 1190, epoch_loss: 8.4932 epoch_acc: 0.97334
epoch: 1191, epoch_loss: 8.4932 epoch_acc: 0.97334
epoch: 1192, epoch_loss: 8.4929 epoch_acc: 0.97347
epoch: 1193, epoch_loss: 8.4928 epoch_acc: 0.97347
epoch: 1194, epoch_loss: 8.4932 epoch_acc: 0.97347
epoch: 1195, epoch_loss: 8.4929 epoch_acc: 0.97347
epoch: 1196, epoch_loss: 8.4932 epoch_acc: 0.97347
epoch: 1197, epoch_loss: 8.4929 epoch_acc: 0.97347
epoch: 1198, epoch_loss: 8.4930 epoch_acc: 0.97347
epoch: 1199, epoch_loss: 8.4922 epoch_acc: 0.97347
epoch: 1200, epoch_loss: 8.4915 epoch_acc: 0.97359
epoch: 1201, epoch_loss: 8.4911 epoch_acc: 0.97359
epoch: 1202, epoch_loss: 8.4909 epoch_acc: 0.97372
epoch: 1203, epoch_loss: 8.4910 epoch_acc: 0.97372
epoch: 1204, epoch_loss: 8.4905 epoch_acc: 0.97372
epoch: 1205, epoch_loss: 8.4906 epoch_acc: 0.97372
epoch: 1206, epoch_loss: 8.4905 epoch_acc: 0.97372
epoch: 1207, epoch_loss: 8.4905 epoch_acc: 0.97372
epoch: 1208, epoch_loss: 8.4905 epoch_acc: 0.97372
epoch: 1209, epoch_loss: 8.4905 epoch_acc: 0.97372
epoch: 1210, epoch_loss: 8.4905 epoch_acc: 0.97372
epoch: 1211, epoch_loss: 8.4903 epoch_acc: 0.97384
epoch: 1212, epoch_loss: 8.4901 epoch_acc: 0.97384
epoch: 1213, epoch_loss: 8.4900 epoch_acc: 0.97384
epoch: 1214, epoch_loss: 8.4901 epoch_acc: 0.97384
epoch: 1215, epoch_loss: 8.4901 epoch_acc: 0.97384
epoch: 1216, epoch_loss: 8.4900 epoch_acc: 0.97384
epoch: 1217, epoch_loss: 8.4900 epoch_acc: 0.97384
epoch: 1218, epoch_loss: 8.4899 epoch_acc: 0.97384
epoch: 1219, epoch_loss: 8.4900 epoch_acc: 0.97384
epoch: 1220, epoch_loss: 8.4900 epoch_acc: 0.97384
epoch: 1221, epoch_loss: 8.4900 epoch_acc: 0.97384
epoch: 1222, epoch_loss: 8.4900 epoch_acc: 0.97384
epoch: 1223, epoch_loss: 8.4899 epoch_acc: 0.97384
epoch: 1224, epoch_loss: 8.4899 epoch_acc: 0.97384
epoch: 1225, epoch_loss: 8.4895 epoch_acc: 0.97397
epoch: 1226, epoch_loss: 8.4893 epoch_acc: 0.97397
epoch: 1227, epoch_loss: 8.4892 epoch_acc: 0.97397
epoch: 1228, epoch_loss: 8.4892 epoch_acc: 0.97397
epoch: 1229, epoch_loss: 8.4893 epoch_acc: 0.97397
epoch: 1230, epoch_loss: 8.4892 epoch_acc: 0.97397
epoch: 1231, epoch_loss: 8.4892 epoch_acc: 0.97397
epoch: 1232, epoch_loss: 8.4893 epoch_acc: 0.97397
epoch: 1233, epoch_loss: 8.4892 epoch_acc: 0.97397
epoch: 1234, epoch_loss: 8.4892 epoch_acc: 0.97397
epoch: 1235, epoch_loss: 8.4892 epoch_acc: 0.97397
epoch: 1236, epoch_loss: 8.4892 epoch_acc: 0.97397
epoch: 1237, epoch_loss: 8.4892 epoch_acc: 0.97397
epoch: 1238, epoch_loss: 8.4892 epoch_acc: 0.97397
epoch: 1239, epoch_loss: 8.4892 epoch_acc: 0.97397
epoch: 1240, epoch_loss: 8.4894 epoch_acc: 0.97397
epoch: 1241, epoch_loss: 8.4892 epoch_acc: 0.97397
epoch: 1242, epoch_loss: 8.4893 epoch_acc: 0.97397
epoch: 1243, epoch_loss: 8.4893 epoch_acc: 0.97397
epoch: 1244, epoch_loss: 8.4893 epoch_acc: 0.97397
epoch: 1245, epoch_loss: 8.4895 epoch_acc: 0.97397
epoch: 1246, epoch_loss: 8.4897 epoch_acc: 0.97397
epoch: 1247, epoch_loss: 8.4892 epoch_acc: 0.97409
epoch: 1248, epoch_loss: 8.4891 epoch_acc: 0.97409
epoch: 1249, epoch_loss: 8.4891 epoch_acc: 0.97409
epoch: 1250, epoch_loss: 8.4890 epoch_acc: 0.97409
epoch: 1251, epoch_loss: 8.4889 epoch_acc: 0.97409
epoch: 1252, epoch_loss: 8.4882 epoch_acc: 0.97422
epoch: 1253, epoch_loss: 8.4882 epoch_acc: 0.97422
epoch: 1254, epoch_loss: 8.4882 epoch_acc: 0.97422
epoch: 1255, epoch_loss: 8.4884 epoch_acc: 0.97422
epoch: 1256, epoch_loss: 8.4887 epoch_acc: 0.97422
epoch: 1257, epoch_loss: 8.4885 epoch_acc: 0.97422
epoch: 1258, epoch_loss: 8.4881 epoch_acc: 0.97422
epoch: 1259, epoch_loss: 8.4881 epoch_acc: 0.97422
epoch: 1260, epoch_loss: 8.4880 epoch_acc: 0.97422
epoch: 1261, epoch_loss: 8.4881 epoch_acc: 0.97422
epoch: 1262, epoch_loss: 8.4880 epoch_acc: 0.97422
epoch: 1263, epoch_loss: 8.4880 epoch_acc: 0.97422
epoch: 1264, epoch_loss: 8.4880 epoch_acc: 0.97422
epoch: 1265, epoch_loss: 8.4880 epoch_acc: 0.97422
epoch: 1266, epoch_loss: 8.4880 epoch_acc: 0.97422
epoch: 1267, epoch_loss: 8.4881 epoch_acc: 0.97422
epoch: 1268, epoch_loss: 8.4881 epoch_acc: 0.97422
epoch: 1269, epoch_loss: 8.4881 epoch_acc: 0.97422
epoch: 1270, epoch_loss: 8.4880 epoch_acc: 0.97422
epoch: 1271, epoch_loss: 8.4881 epoch_acc: 0.97422
epoch: 1272, epoch_loss: 8.4880 epoch_acc: 0.97422
epoch: 1273, epoch_loss: 8.4880 epoch_acc: 0.97422
epoch: 1274, epoch_loss: 8.4881 epoch_acc: 0.97422
epoch: 1275, epoch_loss: 8.4881 epoch_acc: 0.97422
epoch: 1276, epoch_loss: 8.4880 epoch_acc: 0.97422
epoch: 1277, epoch_loss: 8.4881 epoch_acc: 0.97422
epoch: 1278, epoch_loss: 8.4881 epoch_acc: 0.97422
epoch: 1279, epoch_loss: 8.4881 epoch_acc: 0.97422
epoch: 1280, epoch_loss: 8.4876 epoch_acc: 0.97435
epoch: 1281, epoch_loss: 8.4875 epoch_acc: 0.97435
epoch: 1282, epoch_loss: 8.4874 epoch_acc: 0.97435
epoch: 1283, epoch_loss: 8.4875 epoch_acc: 0.97435
epoch: 1284, epoch_loss: 8.4879 epoch_acc: 0.97435
epoch: 1285, epoch_loss: 8.4874 epoch_acc: 0.97435
epoch: 1286, epoch_loss: 8.4876 epoch_acc: 0.97435
epoch: 1287, epoch_loss: 8.4879 epoch_acc: 0.97435
epoch: 1288, epoch_loss: 8.4878 epoch_acc: 0.97435
epoch: 1289, epoch_loss: 8.4877 epoch_acc: 0.97435
epoch: 1290, epoch_loss: 8.4867 epoch_acc: 0.97447
epoch: 1291, epoch_loss: 8.4868 epoch_acc: 0.97447
epoch: 1292, epoch_loss: 8.4867 epoch_acc: 0.97460
epoch: 1293, epoch_loss: 8.4865 epoch_acc: 0.97460
epoch: 1294, epoch_loss: 8.4865 epoch_acc: 0.97460
epoch: 1295, epoch_loss: 8.4867 epoch_acc: 0.97460
epoch: 1296, epoch_loss: 8.4863 epoch_acc: 0.97460
epoch: 1297, epoch_loss: 8.4864 epoch_acc: 0.97460
epoch: 1298, epoch_loss: 8.4864 epoch_acc: 0.97460
epoch: 1299, epoch_loss: 8.4862 epoch_acc: 0.97460
epoch: 1300, epoch_loss: 8.4865 epoch_acc: 0.97460
epoch: 1301, epoch_loss: 8.4865 epoch_acc: 0.97460
epoch: 1302, epoch_loss: 8.4864 epoch_acc: 0.97460
epoch: 1303, epoch_loss: 8.4863 epoch_acc: 0.97460
epoch: 1304, epoch_loss: 8.4859 epoch_acc: 0.97472
epoch: 1305, epoch_loss: 8.4859 epoch_acc: 0.97472
epoch: 1306, epoch_loss: 8.4866 epoch_acc: 0.97472
epoch: 1307, epoch_loss: 8.4865 epoch_acc: 0.97472
epoch: 1308, epoch_loss: 8.4860 epoch_acc: 0.97472
epoch: 1309, epoch_loss: 8.4858 epoch_acc: 0.97485
epoch: 1310, epoch_loss: 8.4857 epoch_acc: 0.97485
epoch: 1311, epoch_loss: 8.4859 epoch_acc: 0.97485
epoch: 1312, epoch_loss: 8.4859 epoch_acc: 0.97485
epoch: 1313, epoch_loss: 8.4860 epoch_acc: 0.97485
epoch: 1314, epoch_loss: 8.4860 epoch_acc: 0.97485
epoch: 1315, epoch_loss: 8.4857 epoch_acc: 0.97485
epoch: 1316, epoch_loss: 8.4865 epoch_acc: 0.97485
epoch: 1317, epoch_loss: 8.4860 epoch_acc: 0.97485
epoch: 1318, epoch_loss: 8.4863 epoch_acc: 0.97485
epoch: 1319, epoch_loss: 8.4862 epoch_acc: 0.97485
epoch: 1320, epoch_loss: 8.4855 epoch_acc: 0.97485
epoch: 1321, epoch_loss: 8.4857 epoch_acc: 0.97485
epoch: 1322, epoch_loss: 8.4856 epoch_acc: 0.97485
epoch: 1323, epoch_loss: 8.4861 epoch_acc: 0.97485
epoch: 1324, epoch_loss: 8.4856 epoch_acc: 0.97485
epoch: 1325, epoch_loss: 8.4860 epoch_acc: 0.97485
epoch: 1326, epoch_loss: 8.4855 epoch_acc: 0.97485
epoch: 1327, epoch_loss: 8.4857 epoch_acc: 0.97485
epoch: 1328, epoch_loss: 8.4859 epoch_acc: 0.97485
epoch: 1329, epoch_loss: 8.4857 epoch_acc: 0.97485
epoch: 1330, epoch_loss: 8.4859 epoch_acc: 0.97485
epoch: 1331, epoch_loss: 8.4860 epoch_acc: 0.97485
epoch: 1332, epoch_loss: 8.4856 epoch_acc: 0.97485
epoch: 1333, epoch_loss: 8.4861 epoch_acc: 0.97485
epoch: 1334, epoch_loss: 8.4855 epoch_acc: 0.97485
epoch: 1335, epoch_loss: 8.4856 epoch_acc: 0.97485
epoch: 1336, epoch_loss: 8.4861 epoch_acc: 0.97485
epoch: 1337, epoch_loss: 8.4854 epoch_acc: 0.97485
epoch: 1338, epoch_loss: 8.4857 epoch_acc: 0.97485
epoch: 1339, epoch_loss: 8.4855 epoch_acc: 0.97485
epoch: 1340, epoch_loss: 8.4853 epoch_acc: 0.97485
epoch: 1341, epoch_loss: 8.4854 epoch_acc: 0.97485
epoch: 1342, epoch_loss: 8.4854 epoch_acc: 0.97485
epoch: 1343, epoch_loss: 8.4856 epoch_acc: 0.97485
epoch: 1344, epoch_loss: 8.4854 epoch_acc: 0.97485
epoch: 1345, epoch_loss: 8.4855 epoch_acc: 0.97485
epoch: 1346, epoch_loss: 8.4854 epoch_acc: 0.97485
epoch: 1347, epoch_loss: 8.4854 epoch_acc: 0.97485
epoch: 1348, epoch_loss: 8.4853 epoch_acc: 0.97485
epoch: 1349, epoch_loss: 8.4853 epoch_acc: 0.97485
epoch: 1350, epoch_loss: 8.4849 epoch_acc: 0.97497
epoch: 1351, epoch_loss: 8.4847 epoch_acc: 0.97497
epoch: 1352, epoch_loss: 8.4846 epoch_acc: 0.97497
epoch: 1353, epoch_loss: 8.4846 epoch_acc: 0.97497
epoch: 1354, epoch_loss: 8.4847 epoch_acc: 0.97497
epoch: 1355, epoch_loss: 8.4838 epoch_acc: 0.97510
epoch: 1356, epoch_loss: 8.4844 epoch_acc: 0.97510
epoch: 1357, epoch_loss: 8.4882 epoch_acc: 0.97422
epoch: 1358, epoch_loss: 8.5065 epoch_acc: 0.97171
epoch: 1359, epoch_loss: 8.5720 epoch_acc: 0.96051
epoch: 1360, epoch_loss: 8.5828 epoch_acc: 0.95787
epoch: 1361, epoch_loss: 8.5465 epoch_acc: 0.96554
epoch: 1362, epoch_loss: 8.5403 epoch_acc: 0.96642
epoch: 1363, epoch_loss: 8.5108 epoch_acc: 0.97070
epoch: 1364, epoch_loss: 8.4963 epoch_acc: 0.97397
epoch: 1365, epoch_loss: 8.4907 epoch_acc: 0.97447
epoch: 1366, epoch_loss: 8.4887 epoch_acc: 0.97460
epoch: 1367, epoch_loss: 8.4869 epoch_acc: 0.97485
epoch: 1368, epoch_loss: 8.4870 epoch_acc: 0.97485
epoch: 1369, epoch_loss: 8.4867 epoch_acc: 0.97485
epoch: 1370, epoch_loss: 8.4860 epoch_acc: 0.97485
epoch: 1371, epoch_loss: 8.4859 epoch_acc: 0.97485
epoch: 1372, epoch_loss: 8.4858 epoch_acc: 0.97485
epoch: 1373, epoch_loss: 8.4858 epoch_acc: 0.97485
epoch: 1374, epoch_loss: 8.4846 epoch_acc: 0.97497
epoch: 1375, epoch_loss: 8.4844 epoch_acc: 0.97497
epoch: 1376, epoch_loss: 8.4842 epoch_acc: 0.97510
epoch: 1377, epoch_loss: 8.4839 epoch_acc: 0.97510
epoch: 1378, epoch_loss: 8.4836 epoch_acc: 0.97523
epoch: 1379, epoch_loss: 8.4834 epoch_acc: 0.97523
epoch: 1380, epoch_loss: 8.4833 epoch_acc: 0.97523
epoch: 1381, epoch_loss: 8.4830 epoch_acc: 0.97535
epoch: 1382, epoch_loss: 8.4828 epoch_acc: 0.97535
epoch: 1383, epoch_loss: 8.4825 epoch_acc: 0.97548
epoch: 1384, epoch_loss: 8.4825 epoch_acc: 0.97548
epoch: 1385, epoch_loss: 8.4825 epoch_acc: 0.97548
epoch: 1386, epoch_loss: 8.4824 epoch_acc: 0.97548
epoch: 1387, epoch_loss: 8.4824 epoch_acc: 0.97548
epoch: 1388, epoch_loss: 8.4824 epoch_acc: 0.97548
epoch: 1389, epoch_loss: 8.4823 epoch_acc: 0.97548
epoch: 1390, epoch_loss: 8.4823 epoch_acc: 0.97548
epoch: 1391, epoch_loss: 8.4822 epoch_acc: 0.97548
epoch: 1392, epoch_loss: 8.4821 epoch_acc: 0.97548
epoch: 1393, epoch_loss: 8.4819 epoch_acc: 0.97560
epoch: 1394, epoch_loss: 8.4818 epoch_acc: 0.97560
epoch: 1395, epoch_loss: 8.4818 epoch_acc: 0.97560
epoch: 1396, epoch_loss: 8.4817 epoch_acc: 0.97560
epoch: 1397, epoch_loss: 8.4816 epoch_acc: 0.97560
epoch: 1398, epoch_loss: 8.4816 epoch_acc: 0.97560
epoch: 1399, epoch_loss: 8.4816 epoch_acc: 0.97560
epoch: 1400, epoch_loss: 8.4816 epoch_acc: 0.97560
epoch: 1401, epoch_loss: 8.4816 epoch_acc: 0.97560
epoch: 1402, epoch_loss: 8.4816 epoch_acc: 0.97560
epoch: 1403, epoch_loss: 8.4816 epoch_acc: 0.97560
epoch: 1404, epoch_loss: 8.4816 epoch_acc: 0.97560
epoch: 1405, epoch_loss: 8.4816 epoch_acc: 0.97560
epoch: 1406, epoch_loss: 8.4815 epoch_acc: 0.97560
epoch: 1407, epoch_loss: 8.4815 epoch_acc: 0.97560
epoch: 1408, epoch_loss: 8.4816 epoch_acc: 0.97560
epoch: 1409, epoch_loss: 8.4816 epoch_acc: 0.97560
epoch: 1410, epoch_loss: 8.4815 epoch_acc: 0.97560
epoch: 1411, epoch_loss: 8.4817 epoch_acc: 0.97560
epoch: 1412, epoch_loss: 8.4817 epoch_acc: 0.97560
epoch: 1413, epoch_loss: 8.4822 epoch_acc: 0.97560
epoch: 1414, epoch_loss: 8.4818 epoch_acc: 0.97560
epoch: 1415, epoch_loss: 8.4822 epoch_acc: 0.97560
epoch: 1416, epoch_loss: 8.4817 epoch_acc: 0.97560
epoch: 1417, epoch_loss: 8.4823 epoch_acc: 0.97560
epoch: 1418, epoch_loss: 8.4818 epoch_acc: 0.97560
epoch: 1419, epoch_loss: 8.4816 epoch_acc: 0.97560
epoch: 1420, epoch_loss: 8.4816 epoch_acc: 0.97560
epoch: 1421, epoch_loss: 8.4819 epoch_acc: 0.97560
epoch: 1422, epoch_loss: 8.4818 epoch_acc: 0.97560
epoch: 1423, epoch_loss: 8.4821 epoch_acc: 0.97560
epoch: 1424, epoch_loss: 8.4818 epoch_acc: 0.97560
epoch: 1425, epoch_loss: 8.4818 epoch_acc: 0.97560
epoch: 1426, epoch_loss: 8.4815 epoch_acc: 0.97560
epoch: 1427, epoch_loss: 8.4817 epoch_acc: 0.97560
epoch: 1428, epoch_loss: 8.4817 epoch_acc: 0.97560
epoch: 1429, epoch_loss: 8.4816 epoch_acc: 0.97560
epoch: 1430, epoch_loss: 8.4817 epoch_acc: 0.97560
epoch: 1431, epoch_loss: 8.4816 epoch_acc: 0.97523
epoch: 1432, epoch_loss: 8.4766 epoch_acc: 0.97548
epoch: 1433, epoch_loss: 8.4756 epoch_acc: 0.97548
epoch: 1434, epoch_loss: 8.4744 epoch_acc: 0.97586
epoch: 1435, epoch_loss: 8.4735 epoch_acc: 0.97598
epoch: 1436, epoch_loss: 8.4736 epoch_acc: 0.97598
epoch: 1437, epoch_loss: 8.4736 epoch_acc: 0.97598
epoch: 1438, epoch_loss: 8.4734 epoch_acc: 0.97598
epoch: 1439, epoch_loss: 8.4734 epoch_acc: 0.97598
epoch: 1440, epoch_loss: 8.4733 epoch_acc: 0.97598
epoch: 1441, epoch_loss: 8.4733 epoch_acc: 0.97598
epoch: 1442, epoch_loss: 8.4732 epoch_acc: 0.97598
epoch: 1443, epoch_loss: 8.4732 epoch_acc: 0.97598
epoch: 1444, epoch_loss: 8.4732 epoch_acc: 0.97598
epoch: 1445, epoch_loss: 8.4731 epoch_acc: 0.97598
epoch: 1446, epoch_loss: 8.4731 epoch_acc: 0.97598
epoch: 1447, epoch_loss: 8.4731 epoch_acc: 0.97598
epoch: 1448, epoch_loss: 8.4731 epoch_acc: 0.97598
epoch: 1449, epoch_loss: 8.4732 epoch_acc: 0.97598
epoch: 1450, epoch_loss: 8.4732 epoch_acc: 0.97598
epoch: 1451, epoch_loss: 8.4732 epoch_acc: 0.97598
epoch: 1452, epoch_loss: 8.4734 epoch_acc: 0.97598
epoch: 1453, epoch_loss: 8.4736 epoch_acc: 0.97598
epoch: 1454, epoch_loss: 8.4735 epoch_acc: 0.97598
epoch: 1455, epoch_loss: 8.4732 epoch_acc: 0.97598
epoch: 1456, epoch_loss: 8.4732 epoch_acc: 0.97598
epoch: 1457, epoch_loss: 8.4736 epoch_acc: 0.97598
epoch: 1458, epoch_loss: 8.4734 epoch_acc: 0.97598
epoch: 1459, epoch_loss: 8.4733 epoch_acc: 0.97598
epoch: 1460, epoch_loss: 8.4731 epoch_acc: 0.97598
epoch: 1461, epoch_loss: 8.4732 epoch_acc: 0.97598
epoch: 1462, epoch_loss: 8.4734 epoch_acc: 0.97598
epoch: 1463, epoch_loss: 8.4733 epoch_acc: 0.97598
epoch: 1464, epoch_loss: 8.4733 epoch_acc: 0.97598
epoch: 1465, epoch_loss: 8.4734 epoch_acc: 0.97598
epoch: 1466, epoch_loss: 8.4732 epoch_acc: 0.97598
epoch: 1467, epoch_loss: 8.4731 epoch_acc: 0.97598
epoch: 1468, epoch_loss: 8.4731 epoch_acc: 0.97598
epoch: 1469, epoch_loss: 8.4731 epoch_acc: 0.97598
epoch: 1470, epoch_loss: 8.4731 epoch_acc: 0.97598
epoch: 1471, epoch_loss: 8.4731 epoch_acc: 0.97598
epoch: 1472, epoch_loss: 8.4731 epoch_acc: 0.97598
epoch: 1473, epoch_loss: 8.4732 epoch_acc: 0.97598
epoch: 1474, epoch_loss: 8.4731 epoch_acc: 0.97598
epoch: 1475, epoch_loss: 8.4733 epoch_acc: 0.97598
epoch: 1476, epoch_loss: 8.4732 epoch_acc: 0.97598
epoch: 1477, epoch_loss: 8.4733 epoch_acc: 0.97598
epoch: 1478, epoch_loss: 8.4734 epoch_acc: 0.97598
epoch: 1479, epoch_loss: 8.4732 epoch_acc: 0.97598
epoch: 1480, epoch_loss: 8.4733 epoch_acc: 0.97598
epoch: 1481, epoch_loss: 8.4734 epoch_acc: 0.97598
epoch: 1482, epoch_loss: 8.4731 epoch_acc: 0.97598
epoch: 1483, epoch_loss: 8.4733 epoch_acc: 0.97598
epoch: 1484, epoch_loss: 8.4735 epoch_acc: 0.97598
epoch: 1485, epoch_loss: 8.4731 epoch_acc: 0.97598
epoch: 1486, epoch_loss: 8.4732 epoch_acc: 0.97598
epoch: 1487, epoch_loss: 8.4733 epoch_acc: 0.97598
epoch: 1488, epoch_loss: 8.4732 epoch_acc: 0.97598
epoch: 1489, epoch_loss: 8.4731 epoch_acc: 0.97598
epoch: 1490, epoch_loss: 8.4731 epoch_acc: 0.97598
epoch: 1491, epoch_loss: 8.4733 epoch_acc: 0.97598
epoch: 1492, epoch_loss: 8.4731 epoch_acc: 0.97598
epoch: 1493, epoch_loss: 8.4732 epoch_acc: 0.97598
epoch: 1494, epoch_loss: 8.4733 epoch_acc: 0.97598
epoch: 1495, epoch_loss: 8.4731 epoch_acc: 0.97598
epoch: 1496, epoch_loss: 8.4730 epoch_acc: 0.97598
epoch: 1497, epoch_loss: 8.4731 epoch_acc: 0.97598
epoch: 1498, epoch_loss: 8.4731 epoch_acc: 0.97598
epoch: 1499, epoch_loss: 8.4734 epoch_acc: 0.97598