
number of params: 2311512 
Namespace(batchsize=128, beta=0.5, dec_dropout_in=0.5, dec_dropout_out=0.5, dec_nh=150, dec_nh_tmp=150, device='cuda', embedding_dim=512, enc_dropout_in=0.0, enc_dropout_out=0.0, enc_nh=512, epochs=200, fig_path='model/vqvae/results/training/12229_instances/kl0.1_8x10_dec150_suffixd512/200epochs.png', incat=512, incat_tmp=512, log_path='model/vqvae/results/training/12229_instances/kl0.1_8x10_dec150_suffixd512/200epochs.log', logger=<common.utils.Logger object at 0x7f4a1775d9d0>, lr=0.001, maxtrnsize=10000000, maxtstsize=10000, maxvalsize=10000, mname='vqvae', model=VQVAE(
  (encoder): VQVAE_Encoder(
    (embed): Embedding(36, 256)
    (lstm): LSTM(256, 512, batch_first=True)
    (dropout_in): Dropout(p=0.0, inplace=False)
    (linear): Linear(in_features=512, out_features=300, bias=False)
  )
  (ord_vq_layers): ModuleList(
    (0): VectorQuantizer(
      (embedding): Embedding(10, 64)
    )
    (1): VectorQuantizer(
      (embedding): Embedding(10, 64)
    )
    (2): VectorQuantizer(
      (embedding): Embedding(10, 64)
    )
    (3): VectorQuantizer(
      (embedding): Embedding(10, 64)
    )
    (4): VectorQuantizer(
      (embedding): Embedding(10, 64)
    )
    (5): VectorQuantizer(
      (embedding): Embedding(10, 64)
    )
    (6): VectorQuantizer(
      (embedding): Embedding(10, 64)
    )
    (7): VectorQuantizer(
      (embedding): Embedding(10, 64)
    )
  )
  (decoder): VQVAE_Decoder(
    (embed): Embedding(36, 256, padding_idx=0)
    (dropout_in): Dropout(p=0.5, inplace=False)
    (dropout_out): Dropout(p=0.5, inplace=False)
    (lstm): LSTM(768, 150, batch_first=True)
    (pred_linear): Linear(in_features=150, out_features=36, bias=False)
    (loss): CrossEntropyLoss()
  )
), model_prefix='kl0.1_8x10_dec150_suffixd512/', modelname='model/vqvae/results/training/12229_instances/kl0.1_8x10_dec150_suffixd512/', ni=256, num_dicts=8, num_dicts_tmp=8, nz=150, opt='Adam', orddict_emb_num=10, outcat=0, outcat_tmp=0, pretrained_model=VQVAE_AE(
  (encoder): VQVAE_Encoder(
    (embed): Embedding(36, 256)
    (lstm): LSTM(256, 512, batch_first=True)
    (dropout_in): Dropout(p=0.0, inplace=False)
  )
  (decoder): VQVAE_Decoder(
    (embed): Embedding(36, 256, padding_idx=0)
    (dropout_in): Dropout(p=0.5, inplace=False)
    (dropout_out): Dropout(p=0.5, inplace=False)
    (lstm): LSTM(256, 512, batch_first=True)
    (pred_linear): Linear(in_features=512, out_features=36, bias=False)
    (loss): CrossEntropyLoss()
  )
), root_linear_h=150, save_path='model/vqvae/results/training/12229_instances/kl0.1_8x10_dec150_suffixd512/200epochs.pt', seq_to_no_pad='surface', surf_vocab=<common.vocab.VocabEntry object at 0x7f4a0e053950>, surface_vocab_file='data/sigmorphon2016/turkish-task3-train', task='vqvae', trndata='data/sigmorphon2016/turkish-task3-train', trnsize=12229, tstdata='data/sigmorphon2016/turkish-task3-dev', tstsize=12229, valdata='data/sigmorphon2016/turkish-task3-dev', valsize=1589)

encoder.embed.weight, torch.Size([36, 256]): True
encoder.lstm.weight_ih_l0, torch.Size([2048, 256]): True
encoder.lstm.weight_hh_l0, torch.Size([2048, 512]): True
encoder.lstm.bias_ih_l0, torch.Size([2048]): True
encoder.lstm.bias_hh_l0, torch.Size([2048]): True
encoder.linear.weight, torch.Size([300, 512]): True
ord_vq_layers.0.embedding.weight, torch.Size([10, 64]): True
ord_vq_layers.1.embedding.weight, torch.Size([10, 64]): True
ord_vq_layers.2.embedding.weight, torch.Size([10, 64]): True
ord_vq_layers.3.embedding.weight, torch.Size([10, 64]): True
ord_vq_layers.4.embedding.weight, torch.Size([10, 64]): True
ord_vq_layers.5.embedding.weight, torch.Size([10, 64]): True
ord_vq_layers.6.embedding.weight, torch.Size([10, 64]): True
ord_vq_layers.7.embedding.weight, torch.Size([10, 64]): True
decoder.embed.weight, torch.Size([36, 256]): True
decoder.lstm.weight_ih_l0, torch.Size([600, 768]): True
decoder.lstm.weight_hh_l0, torch.Size([600, 150]): True
decoder.lstm.bias_ih_l0, torch.Size([600]): True
decoder.lstm.bias_hh_l0, torch.Size([600]): True
decoder.pred_linear.weight, torch.Size([36, 150]): True
epoch: 0,  avg_loss: 35.9826, avg_recon_loss: 35.2252, avg_kl_loss: 0.7348, avg_vq_loss: 0.6839, ppl: 17.4145, acc: 0.1672, vq_inds: [10, 10, 10, 10, 10, 10, 10, 10], unique_vq_codes: 1963, unique_suffix_codes: 1963, logdet: 0.0000 
val ---  avg_loss: 32.9705, avg_recon_loss: 32.3569, avg_kl_loss: 1.1111, avg_vq_loss: 0.5025, ppl: 13.6556, acc: 0.1958, vq_inds: [8, 6, 5, 4, 6, 6, 6, 5], unique_vq_codes: 137, unique_suffix_codes: 137, val_unique_suffix_codes: 66 
update best loss 

epoch: 1,  avg_loss: 29.3070, avg_recon_loss: 28.5163, avg_kl_loss: 1.3082, avg_vq_loss: 0.6598, ppl: 10.1058, acc: 0.2931, vq_inds: [9, 7, 6, 4, 8, 10, 6, 6], unique_vq_codes: 716, unique_suffix_codes: 716, logdet: 0.0000 
val ---  avg_loss: 27.2649, avg_recon_loss: 26.2823, avg_kl_loss: 1.4407, avg_vq_loss: 0.8385, ppl: 8.3593, acc: 0.3514, vq_inds: [8, 4, 5, 3, 5, 6, 3, 5], unique_vq_codes: 285, unique_suffix_codes: 285, val_unique_suffix_codes: 118 
update best loss 

epoch: 2,  avg_loss: 25.4260, avg_recon_loss: 24.5167, avg_kl_loss: 1.6988, avg_vq_loss: 0.7394, ppl: 7.3059, acc: 0.3842, vq_inds: [8, 5, 5, 5, 6, 7, 3, 5], unique_vq_codes: 723, unique_suffix_codes: 723, logdet: 0.0000 
val ---  avg_loss: 24.3572, avg_recon_loss: 23.3823, avg_kl_loss: 2.5320, avg_vq_loss: 0.7217, ppl: 6.6133, acc: 0.4090, vq_inds: [7, 5, 5, 4, 5, 6, 4, 5], unique_vq_codes: 367, unique_suffix_codes: 367, val_unique_suffix_codes: 85 
update best loss 

epoch: 3,  avg_loss: 23.8428, avg_recon_loss: 22.6577, avg_kl_loss: 2.8179, avg_vq_loss: 0.9033, ppl: 6.2832, acc: 0.4238, vq_inds: [7, 8, 5, 6, 7, 7, 4, 5], unique_vq_codes: 925, unique_suffix_codes: 925, logdet: 0.0000 
val ---  avg_loss: 22.7611, avg_recon_loss: 21.6060, avg_kl_loss: 2.6887, avg_vq_loss: 0.8863, ppl: 5.7292, acc: 0.4511, vq_inds: [7, 6, 5, 6, 5, 7, 4, 5], unique_vq_codes: 394, unique_suffix_codes: 394, val_unique_suffix_codes: 86 
update best loss 

epoch: 4,  avg_loss: 22.1398, avg_recon_loss: 20.7424, avg_kl_loss: 3.0954, avg_vq_loss: 1.0878, ppl: 5.3791, acc: 0.4725, vq_inds: [7, 9, 7, 7, 9, 7, 4, 5], unique_vq_codes: 1348, unique_suffix_codes: 1348, logdet: 0.0000 
val ---  avg_loss: 21.6385, avg_recon_loss: 19.9086, avg_kl_loss: 4.5850, avg_vq_loss: 1.2714, ppl: 4.9950, acc: 0.4928, vq_inds: [7, 7, 7, 6, 8, 6, 3, 5], unique_vq_codes: 605, unique_suffix_codes: 605, val_unique_suffix_codes: 145 
update best loss 

epoch: 5,  avg_loss: 21.2888, avg_recon_loss: 19.5091, avg_kl_loss: 4.9926, avg_vq_loss: 1.2805, ppl: 4.8670, acc: 0.5069, vq_inds: [8, 10, 10, 6, 9, 8, 5, 6], unique_vq_codes: 2153, unique_suffix_codes: 2153, logdet: 0.0000 
val ---  avg_loss: 20.7576, avg_recon_loss: 18.7738, avg_kl_loss: 5.8164, avg_vq_loss: 1.4022, ppl: 4.5574, acc: 0.5292, vq_inds: [9, 8, 8, 6, 8, 8, 4, 5], unique_vq_codes: 830, unique_suffix_codes: 830, val_unique_suffix_codes: 227 
update best loss 

epoch: 6,  avg_loss: 20.4038, avg_recon_loss: 18.0899, avg_kl_loss: 6.2812, avg_vq_loss: 1.6858, ppl: 4.3378, acc: 0.5455, vq_inds: [10, 10, 10, 6, 9, 9, 6, 7], unique_vq_codes: 3518, unique_suffix_codes: 3518, logdet: 0.0000 
val ---  avg_loss: 20.2490, avg_recon_loss: 17.7633, avg_kl_loss: 6.6180, avg_vq_loss: 1.8239, ppl: 4.2001, acc: 0.5525, vq_inds: [10, 8, 8, 7, 9, 8, 5, 7], unique_vq_codes: 1082, unique_suffix_codes: 1082, val_unique_suffix_codes: 412 
update best loss 

epoch: 7,  avg_loss: 19.8102, avg_recon_loss: 17.0229, avg_kl_loss: 7.6998, avg_vq_loss: 2.0173, ppl: 3.9782, acc: 0.5735, vq_inds: [10, 10, 9, 9, 10, 10, 6, 8], unique_vq_codes: 5487, unique_suffix_codes: 5487, logdet: 0.0000 
val ---  avg_loss: 18.9171, avg_recon_loss: 16.1181, avg_kl_loss: 7.4625, avg_vq_loss: 2.0527, ppl: 3.6774, acc: 0.6055, vq_inds: [10, 8, 9, 7, 9, 9, 5, 7], unique_vq_codes: 1321, unique_suffix_codes: 1321, val_unique_suffix_codes: 588 
update best loss 

epoch: 8,  avg_loss: 18.7692, avg_recon_loss: 15.6504, avg_kl_loss: 8.7754, avg_vq_loss: 2.2412, ppl: 3.5590, acc: 0.6115, vq_inds: [10, 10, 10, 9, 10, 10, 7, 9], unique_vq_codes: 7499, unique_suffix_codes: 7499, logdet: 0.0000 
val ---  avg_loss: 18.1257, avg_recon_loss: 14.8711, avg_kl_loss: 9.0193, avg_vq_loss: 2.3527, ppl: 3.3249, acc: 0.6368, vq_inds: [10, 9, 10, 7, 9, 9, 5, 7], unique_vq_codes: 1416, unique_suffix_codes: 1416, val_unique_suffix_codes: 798 
update best loss 

epoch: 9,  avg_loss: 17.7568, avg_recon_loss: 14.3404, avg_kl_loss: 10.0082, avg_vq_loss: 2.4156, ppl: 3.2002, acc: 0.6459, vq_inds: [10, 10, 10, 9, 10, 10, 8, 8], unique_vq_codes: 8566, unique_suffix_codes: 8566, logdet: 0.0000 
val ---  avg_loss: 17.0257, avg_recon_loss: 13.5973, avg_kl_loss: 10.1137, avg_vq_loss: 2.4170, ppl: 2.9998, acc: 0.6675, vq_inds: [10, 9, 10, 9, 10, 10, 6, 8], unique_vq_codes: 1493, unique_suffix_codes: 1493, val_unique_suffix_codes: 956 
update best loss 

epoch: 10,  avg_loss: 17.0057, avg_recon_loss: 13.3294, avg_kl_loss: 11.5077, avg_vq_loss: 2.5256, ppl: 2.9483, acc: 0.6702, vq_inds: [10, 10, 10, 9, 10, 10, 8, 9], unique_vq_codes: 9716, unique_suffix_codes: 9716, logdet: 0.0000 
val ---  avg_loss: 16.5259, avg_recon_loss: 12.6737, avg_kl_loss: 12.2716, avg_vq_loss: 2.6251, ppl: 2.7841, acc: 0.6888, vq_inds: [10, 10, 9, 9, 10, 10, 7, 8], unique_vq_codes: 1519, unique_suffix_codes: 1519, val_unique_suffix_codes: 1108 
update best loss 

epoch: 11,  avg_loss: 16.3704, avg_recon_loss: 12.4307, avg_kl_loss: 12.8558, avg_vq_loss: 2.6541, ppl: 2.7410, acc: 0.6917, vq_inds: [10, 10, 10, 9, 10, 10, 8, 9], unique_vq_codes: 10397, unique_suffix_codes: 10397, logdet: 0.0000 
val ---  avg_loss: 15.7650, avg_recon_loss: 11.8194, avg_kl_loss: 12.3801, avg_vq_loss: 2.7076, ppl: 2.5984, acc: 0.7064, vq_inds: [10, 10, 10, 9, 10, 10, 7, 8], unique_vq_codes: 1542, unique_suffix_codes: 1542, val_unique_suffix_codes: 1190 
update best loss 

epoch: 12,  avg_loss: 15.5181, avg_recon_loss: 11.3393, avg_kl_loss: 13.7218, avg_vq_loss: 2.8067, ppl: 2.5088, acc: 0.7210, vq_inds: [10, 10, 10, 9, 10, 10, 8, 10], unique_vq_codes: 10661, unique_suffix_codes: 10661, logdet: 0.0000 
val ---  avg_loss: 15.4750, avg_recon_loss: 11.0432, avg_kl_loss: 14.9102, avg_vq_loss: 2.9407, ppl: 2.4405, acc: 0.7261, vq_inds: [10, 10, 10, 9, 10, 10, 6, 8], unique_vq_codes: 1559, unique_suffix_codes: 1559, val_unique_suffix_codes: 1264 
update best loss 

epoch: 13,  avg_loss: 15.0737, avg_recon_loss: 10.6425, avg_kl_loss: 15.0804, avg_vq_loss: 2.9232, ppl: 2.3709, acc: 0.7374, vq_inds: [10, 10, 10, 9, 10, 10, 8, 10], unique_vq_codes: 11021, unique_suffix_codes: 11021, logdet: 0.0000 
val ---  avg_loss: 15.1982, avg_recon_loss: 10.7382, avg_kl_loss: 15.5279, avg_vq_loss: 2.9073, ppl: 2.3811, acc: 0.7314, vq_inds: [10, 10, 10, 9, 10, 10, 8, 9], unique_vq_codes: 1567, unique_suffix_codes: 1567, val_unique_suffix_codes: 1316 
update best loss 

epoch: 14,  avg_loss: 14.3908, avg_recon_loss: 9.8258, avg_kl_loss: 16.3020, avg_vq_loss: 2.9348, ppl: 2.2189, acc: 0.7565, vq_inds: [10, 10, 10, 10, 10, 10, 8, 10], unique_vq_codes: 11233, unique_suffix_codes: 11233, logdet: 0.0000 
val ---  avg_loss: 13.9748, avg_recon_loss: 9.4901, avg_kl_loss: 16.0468, avg_vq_loss: 2.8801, ppl: 2.1527, acc: 0.7648, vq_inds: [10, 10, 10, 10, 10, 10, 8, 10], unique_vq_codes: 1572, unique_suffix_codes: 1572, val_unique_suffix_codes: 1365 
update best loss 

epoch: 15,  avg_loss: 13.8238, avg_recon_loss: 9.1149, avg_kl_loss: 16.9604, avg_vq_loss: 3.0128, ppl: 2.0946, acc: 0.7739, vq_inds: [10, 10, 10, 10, 10, 10, 8, 10], unique_vq_codes: 11376, unique_suffix_codes: 11376, logdet: 0.0000 
val ---  avg_loss: 13.3959, avg_recon_loss: 8.6875, avg_kl_loss: 16.5707, avg_vq_loss: 3.0513, ppl: 2.0175, acc: 0.7836, vq_inds: [10, 10, 10, 10, 10, 10, 8, 10], unique_vq_codes: 1569, unique_suffix_codes: 1569, val_unique_suffix_codes: 1395 
update best loss 

epoch: 16,  avg_loss: 13.3000, avg_recon_loss: 8.5101, avg_kl_loss: 17.1644, avg_vq_loss: 3.0735, ppl: 1.9943, acc: 0.7880, vq_inds: [10, 10, 10, 10, 10, 10, 8, 10], unique_vq_codes: 11482, unique_suffix_codes: 11482, logdet: 0.0000 
val ---  avg_loss: 12.9992, avg_recon_loss: 8.1266, avg_kl_loss: 17.9144, avg_vq_loss: 3.0811, ppl: 1.9282, acc: 0.8004, vq_inds: [10, 10, 10, 10, 10, 10, 8, 10], unique_vq_codes: 1568, unique_suffix_codes: 1568, val_unique_suffix_codes: 1396 
update best loss 

epoch: 17,  avg_loss: 12.9885, avg_recon_loss: 8.0441, avg_kl_loss: 18.2041, avg_vq_loss: 3.1240, ppl: 1.9203, acc: 0.7993, vq_inds: [10, 10, 10, 10, 10, 10, 8, 10], unique_vq_codes: 11596, unique_suffix_codes: 11596, logdet: 0.0000 
val ---  avg_loss: 12.6925, avg_recon_loss: 7.8052, avg_kl_loss: 18.0035, avg_vq_loss: 3.0869, ppl: 1.8787, acc: 0.8059, vq_inds: [10, 10, 10, 10, 10, 10, 8, 10], unique_vq_codes: 1569, unique_suffix_codes: 1569, val_unique_suffix_codes: 1416 
update best loss 

epoch: 18,  avg_loss: 12.3768, avg_recon_loss: 7.3623, avg_kl_loss: 18.4115, avg_vq_loss: 3.1733, ppl: 1.8170, acc: 0.8168, vq_inds: [10, 10, 10, 10, 10, 10, 8, 10], unique_vq_codes: 11660, unique_suffix_codes: 11660, logdet: 0.0000 
val ---  avg_loss: 12.3135, avg_recon_loss: 7.2324, avg_kl_loss: 18.7149, avg_vq_loss: 3.2096, ppl: 1.7938, acc: 0.8189, vq_inds: [10, 10, 10, 10, 10, 10, 8, 10], unique_vq_codes: 1577, unique_suffix_codes: 1577, val_unique_suffix_codes: 1424 
update best loss 

epoch: 19,  avg_loss: 12.0450, avg_recon_loss: 6.9181, avg_kl_loss: 19.1636, avg_vq_loss: 3.2105, ppl: 1.7527, acc: 0.8283, vq_inds: [10, 10, 10, 10, 10, 10, 8, 10], unique_vq_codes: 11695, unique_suffix_codes: 11695, logdet: 0.0000 
val ---  avg_loss: 12.0998, avg_recon_loss: 6.9322, avg_kl_loss: 19.9918, avg_vq_loss: 3.1685, ppl: 1.7508, acc: 0.8270, vq_inds: [10, 10, 10, 10, 10, 10, 8, 10], unique_vq_codes: 1577, unique_suffix_codes: 1577, val_unique_suffix_codes: 1426 
update best loss 

epoch: 20,  avg_loss: 11.8806, avg_recon_loss: 6.6215, avg_kl_loss: 20.1115, avg_vq_loss: 3.2480, ppl: 1.7110, acc: 0.8350, vq_inds: [10, 10, 10, 10, 10, 10, 8, 10], unique_vq_codes: 11682, unique_suffix_codes: 11682, logdet: 0.0000 
val ---  avg_loss: 11.5357, avg_recon_loss: 6.3316, avg_kl_loss: 19.7425, avg_vq_loss: 3.2298, ppl: 1.6679, acc: 0.8433, vq_inds: [10, 10, 10, 10, 10, 10, 8, 10], unique_vq_codes: 1580, unique_suffix_codes: 1580, val_unique_suffix_codes: 1423 
update best loss 

epoch: 21,  avg_loss: 11.2711, avg_recon_loss: 6.0144, avg_kl_loss: 19.7750, avg_vq_loss: 3.2793, ppl: 1.6288, acc: 0.8505, vq_inds: [10, 10, 10, 10, 10, 10, 8, 10], unique_vq_codes: 11725, unique_suffix_codes: 11725, logdet: 0.0000 
val ---  avg_loss: 11.1381, avg_recon_loss: 5.9125, avg_kl_loss: 19.7987, avg_vq_loss: 3.2458, ppl: 1.6123, acc: 0.8503, vq_inds: [10, 10, 10, 10, 10, 10, 8, 10], unique_vq_codes: 1580, unique_suffix_codes: 1580, val_unique_suffix_codes: 1419 
update best loss 

epoch: 22,  avg_loss: 11.2285, avg_recon_loss: 5.8625, avg_kl_loss: 21.1006, avg_vq_loss: 3.2560, ppl: 1.6089, acc: 0.8541, vq_inds: [10, 10, 10, 10, 10, 10, 10, 10], unique_vq_codes: 11749, unique_suffix_codes: 11749, logdet: 0.0000 
val ---  avg_loss: 10.7911, avg_recon_loss: 5.5100, avg_kl_loss: 20.0395, avg_vq_loss: 3.2771, ppl: 1.5607, acc: 0.8649, vq_inds: [10, 10, 10, 10, 10, 10, 9, 10], unique_vq_codes: 1577, unique_suffix_codes: 1577, val_unique_suffix_codes: 1422 
update best loss 

epoch: 23,  avg_loss: 10.8010, avg_recon_loss: 5.4411, avg_kl_loss: 20.4774, avg_vq_loss: 3.3122, ppl: 1.5548, acc: 0.8649, vq_inds: [10, 10, 10, 10, 10, 10, 10, 10], unique_vq_codes: 11781, unique_suffix_codes: 11781, logdet: 0.0000 
val ---  avg_loss: 11.0255, avg_recon_loss: 5.7843, avg_kl_loss: 19.9209, avg_vq_loss: 3.2491, ppl: 1.5957, acc: 0.8529, vq_inds: [10, 10, 10, 10, 10, 10, 9, 10], unique_vq_codes: 1576, unique_suffix_codes: 1576, val_unique_suffix_codes: 1450 

epoch: 24,  avg_loss: 10.5344, avg_recon_loss: 5.1244, avg_kl_loss: 20.7334, avg_vq_loss: 3.3366, ppl: 1.5154, acc: 0.8733, vq_inds: [10, 10, 10, 10, 10, 10, 10, 10], unique_vq_codes: 11771, unique_suffix_codes: 11771, logdet: 0.0000 
val ---  avg_loss: 10.6248, avg_recon_loss: 5.0724, avg_kl_loss: 21.9658, avg_vq_loss: 3.3558, ppl: 1.5065, acc: 0.8718, vq_inds: [10, 10, 10, 10, 10, 10, 9, 10], unique_vq_codes: 1583, unique_suffix_codes: 1583, val_unique_suffix_codes: 1470 
update best loss 

epoch: 25,  avg_loss: 10.3506, avg_recon_loss: 4.8925, avg_kl_loss: 21.1273, avg_vq_loss: 3.3453, ppl: 1.4871, acc: 0.8785, vq_inds: [10, 10, 10, 10, 10, 10, 10, 10], unique_vq_codes: 11820, unique_suffix_codes: 11820, logdet: 0.0000 
val ---  avg_loss: 10.4545, avg_recon_loss: 4.8787, avg_kl_loss: 22.2016, avg_vq_loss: 3.3557, ppl: 1.4831, acc: 0.8766, vq_inds: [10, 10, 10, 10, 10, 10, 10, 10], unique_vq_codes: 1581, unique_suffix_codes: 1581, val_unique_suffix_codes: 1455 
update best loss 

epoch: 26,  avg_loss: 10.0320, avg_recon_loss: 4.5824, avg_kl_loss: 20.9158, avg_vq_loss: 3.3580, ppl: 1.4502, acc: 0.8863, vq_inds: [10, 10, 10, 10, 10, 10, 10, 10], unique_vq_codes: 11787, unique_suffix_codes: 11787, logdet: 0.0000 
val ---  avg_loss: 9.9725, avg_recon_loss: 4.6109, avg_kl_loss: 20.5644, avg_vq_loss: 3.3051, ppl: 1.4514, acc: 0.8855, vq_inds: [10, 10, 10, 10, 10, 10, 10, 10], unique_vq_codes: 1580, unique_suffix_codes: 1580, val_unique_suffix_codes: 1445 
update best loss 

epoch: 27,  avg_loss: 9.9266, avg_recon_loss: 4.4032, avg_kl_loss: 21.3952, avg_vq_loss: 3.3838, ppl: 1.4293, acc: 0.8910, vq_inds: [10, 10, 10, 10, 10, 10, 10, 10], unique_vq_codes: 11831, unique_suffix_codes: 11831, logdet: 0.0000 
val ---  avg_loss: 9.9034, avg_recon_loss: 4.3533, avg_kl_loss: 21.5731, avg_vq_loss: 3.3928, ppl: 1.4215, acc: 0.8929, vq_inds: [10, 10, 10, 10, 10, 10, 10, 10], unique_vq_codes: 1581, unique_suffix_codes: 1581, val_unique_suffix_codes: 1460 
update best loss 

epoch: 28,  avg_loss: 9.6624, avg_recon_loss: 4.1246, avg_kl_loss: 21.3026, avg_vq_loss: 3.4075, ppl: 1.3973, acc: 0.8974, vq_inds: [10, 10, 10, 10, 10, 10, 10, 10], unique_vq_codes: 11816, unique_suffix_codes: 11816, logdet: 0.0000 
val ---  avg_loss: 10.0599, avg_recon_loss: 4.4972, avg_kl_loss: 21.7935, avg_vq_loss: 3.3834, ppl: 1.4381, acc: 0.8841, vq_inds: [10, 10, 10, 10, 10, 10, 10, 10], unique_vq_codes: 1582, unique_suffix_codes: 1582, val_unique_suffix_codes: 1442 

epoch: 29,  avg_loss: 9.4532, avg_recon_loss: 3.9401, avg_kl_loss: 21.0639, avg_vq_loss: 3.4068, ppl: 1.3766, acc: 0.9025, vq_inds: [10, 10, 10, 10, 10, 10, 10, 10], unique_vq_codes: 11871, unique_suffix_codes: 11871, logdet: 0.0000 
val ---  avg_loss: 9.3740, avg_recon_loss: 4.0158, avg_kl_loss: 19.9115, avg_vq_loss: 3.3671, ppl: 1.3833, acc: 0.8999, vq_inds: [10, 10, 10, 10, 10, 10, 10, 10], unique_vq_codes: 1576, unique_suffix_codes: 1576, val_unique_suffix_codes: 1443 
update best loss 

epoch: 30,  avg_loss: 9.2549, avg_recon_loss: 3.7366, avg_kl_loss: 20.9195, avg_vq_loss: 3.4263, ppl: 1.3540, acc: 0.9074, vq_inds: [10, 10, 10, 10, 10, 10, 10, 10], unique_vq_codes: 11889, unique_suffix_codes: 11889, logdet: 0.0000 
val ---  avg_loss: 9.7530, avg_recon_loss: 4.2791, avg_kl_loss: 20.8500, avg_vq_loss: 3.3888, ppl: 1.4130, acc: 0.8898, vq_inds: [10, 10, 10, 10, 10, 10, 10, 10], unique_vq_codes: 1579, unique_suffix_codes: 1579, val_unique_suffix_codes: 1479 

epoch: 31,  avg_loss: 9.3031, avg_recon_loss: 3.7088, avg_kl_loss: 21.6530, avg_vq_loss: 3.4290, ppl: 1.3510, acc: 0.9071, vq_inds: [10, 10, 10, 10, 10, 10, 10, 10], unique_vq_codes: 11876, unique_suffix_codes: 11876, logdet: 0.0000 
val ---  avg_loss: 9.7842, avg_recon_loss: 4.3038, avg_kl_loss: 21.4338, avg_vq_loss: 3.3370, ppl: 1.4158, acc: 0.8888, vq_inds: [10, 10, 10, 10, 10, 10, 10, 10], unique_vq_codes: 1578, unique_suffix_codes: 1578, val_unique_suffix_codes: 1474 

epoch: 32,  avg_loss: 9.4586, avg_recon_loss: 3.8501, avg_kl_loss: 21.9592, avg_vq_loss: 3.4126, ppl: 1.3666, acc: 0.9030, vq_inds: [10, 10, 10, 10, 10, 10, 10, 10], unique_vq_codes: 11840, unique_suffix_codes: 11840, logdet: 0.0000 
val ---  avg_loss: 9.3848, avg_recon_loss: 3.7576, avg_kl_loss: 22.1872, avg_vq_loss: 3.4084, ppl: 1.3547, acc: 0.9046, vq_inds: [10, 10, 10, 10, 10, 10, 10, 10], unique_vq_codes: 1577, unique_suffix_codes: 1577, val_unique_suffix_codes: 1462 

epoch: 33,  avg_loss: 9.0183, avg_recon_loss: 3.4297, avg_kl_loss: 21.3549, avg_vq_loss: 3.4532, ppl: 1.3207, acc: 0.9148, vq_inds: [10, 10, 10, 10, 10, 10, 10, 10], unique_vq_codes: 11835, unique_suffix_codes: 11835, logdet: 0.0000 
val ---  avg_loss: 9.0631, avg_recon_loss: 3.5679, avg_kl_loss: 20.8840, avg_vq_loss: 3.4067, ppl: 1.3341, acc: 0.9129, vq_inds: [10, 10, 10, 10, 10, 10, 10, 10], unique_vq_codes: 1580, unique_suffix_codes: 1580, val_unique_suffix_codes: 1447 
update best loss 

epoch: 34,  avg_loss: 8.8648, avg_recon_loss: 3.2348, avg_kl_loss: 21.6227, avg_vq_loss: 3.4677, ppl: 1.3000, acc: 0.9200, vq_inds: [10, 10, 10, 10, 10, 10, 10, 10], unique_vq_codes: 11859, unique_suffix_codes: 11859, logdet: 0.0000 
val ---  avg_loss: 9.1272, avg_recon_loss: 3.5687, avg_kl_loss: 20.9776, avg_vq_loss: 3.4607, ppl: 1.3342, acc: 0.9106, vq_inds: [10, 10, 10, 10, 10, 10, 10, 10], unique_vq_codes: 1583, unique_suffix_codes: 1583, val_unique_suffix_codes: 1447 

epoch: 35,  avg_loss: 8.9624, avg_recon_loss: 3.2715, avg_kl_loss: 22.4557, avg_vq_loss: 3.4453, ppl: 1.3039, acc: 0.9183, vq_inds: [10, 10, 10, 10, 10, 10, 10, 10], unique_vq_codes: 11890, unique_suffix_codes: 11890, logdet: 0.0000 
val ---  avg_loss: 8.9240, avg_recon_loss: 3.3570, avg_kl_loss: 21.3606, avg_vq_loss: 3.4309, ppl: 1.3116, acc: 0.9155, vq_inds: [10, 10, 10, 10, 10, 10, 10, 10], unique_vq_codes: 1585, unique_suffix_codes: 1585, val_unique_suffix_codes: 1452 
update best loss 

epoch: 36,  avg_loss: 8.5055, avg_recon_loss: 2.9536, avg_kl_loss: 20.9028, avg_vq_loss: 3.4617, ppl: 1.2707, acc: 0.9272, vq_inds: [10, 10, 10, 10, 10, 10, 10, 10], unique_vq_codes: 11906, unique_suffix_codes: 11906, logdet: 0.0000 
val ---  avg_loss: 8.8435, avg_recon_loss: 3.2688, avg_kl_loss: 21.2866, avg_vq_loss: 3.4461, ppl: 1.3022, acc: 0.9191, vq_inds: [10, 10, 10, 10, 10, 10, 10, 10], unique_vq_codes: 1583, unique_suffix_codes: 1583, val_unique_suffix_codes: 1456 
update best loss 

epoch: 37,  avg_loss: 8.6419, avg_recon_loss: 2.9757, avg_kl_loss: 21.9098, avg_vq_loss: 3.4752, ppl: 1.2730, acc: 0.9265, vq_inds: [10, 10, 10, 10, 10, 10, 10, 10], unique_vq_codes: 11934, unique_suffix_codes: 11934, logdet: 0.0000 
val ---  avg_loss: 8.7025, avg_recon_loss: 3.1501, avg_kl_loss: 20.7436, avg_vq_loss: 3.4780, ppl: 1.2898, acc: 0.9215, vq_inds: [10, 10, 10, 10, 10, 10, 10, 10], unique_vq_codes: 1579, unique_suffix_codes: 1579, val_unique_suffix_codes: 1467 
update best loss 

epoch: 38,  avg_loss: 8.3289, avg_recon_loss: 2.7669, avg_kl_loss: 20.8431, avg_vq_loss: 3.4777, ppl: 1.2516, acc: 0.9318, vq_inds: [10, 10, 10, 10, 10, 10, 10, 10], unique_vq_codes: 11917, unique_suffix_codes: 11917, logdet: 0.0000 
val ---  avg_loss: 9.0920, avg_recon_loss: 3.5081, avg_kl_loss: 21.4868, avg_vq_loss: 3.4352, ppl: 1.3277, acc: 0.9102, vq_inds: [10, 10, 10, 10, 10, 10, 10, 10], unique_vq_codes: 1578, unique_suffix_codes: 1578, val_unique_suffix_codes: 1459 

epoch: 39,  avg_loss: 8.4299, avg_recon_loss: 2.7841, avg_kl_loss: 21.5620, avg_vq_loss: 3.4896, ppl: 1.2534, acc: 0.9303, vq_inds: [10, 10, 10, 10, 10, 10, 10, 10], unique_vq_codes: 11939, unique_suffix_codes: 11939, logdet: 0.0000 
val ---  avg_loss: 8.8159, avg_recon_loss: 3.2717, avg_kl_loss: 20.7933, avg_vq_loss: 3.4648, ppl: 1.3026, acc: 0.9192, vq_inds: [10, 10, 10, 10, 10, 10, 10, 10], unique_vq_codes: 1582, unique_suffix_codes: 1582, val_unique_suffix_codes: 1463 

epoch: 40,  avg_loss: 8.1561, avg_recon_loss: 2.6147, avg_kl_loss: 20.7026, avg_vq_loss: 3.4711, ppl: 1.2363, acc: 0.9362, vq_inds: [10, 10, 10, 10, 10, 10, 10, 10], unique_vq_codes: 11913, unique_suffix_codes: 11913, logdet: 0.0000 
val ---  avg_loss: 8.3785, avg_recon_loss: 2.9709, avg_kl_loss: 20.4406, avg_vq_loss: 3.3636, ppl: 1.2713, acc: 0.9261, vq_inds: [10, 10, 10, 10, 10, 10, 10, 10], unique_vq_codes: 1581, unique_suffix_codes: 1581, val_unique_suffix_codes: 1456 
update best loss 

epoch: 41,  avg_loss: 8.0118, avg_recon_loss: 2.4897, avg_kl_loss: 20.4308, avg_vq_loss: 3.4790, ppl: 1.2238, acc: 0.9384, vq_inds: [10, 10, 10, 10, 10, 10, 10, 10], unique_vq_codes: 11928, unique_suffix_codes: 11928, logdet: 0.0000 
val ---  avg_loss: 8.3564, avg_recon_loss: 2.9045, avg_kl_loss: 20.2753, avg_vq_loss: 3.4244, ppl: 1.2645, acc: 0.9288, vq_inds: [10, 10, 10, 10, 10, 10, 10, 10], unique_vq_codes: 1581, unique_suffix_codes: 1581, val_unique_suffix_codes: 1446 
update best loss 

epoch: 42,  avg_loss: 8.0100, avg_recon_loss: 2.4393, avg_kl_loss: 20.9953, avg_vq_loss: 3.4712, ppl: 1.2188, acc: 0.9407, vq_inds: [10, 10, 10, 10, 10, 10, 10, 10], unique_vq_codes: 11922, unique_suffix_codes: 11922, logdet: 0.0000 
val ---  avg_loss: 8.3258, avg_recon_loss: 2.8580, avg_kl_loss: 20.4658, avg_vq_loss: 3.4212, ppl: 1.2597, acc: 0.9293, vq_inds: [10, 10, 10, 10, 10, 10, 10, 10], unique_vq_codes: 1579, unique_suffix_codes: 1579, val_unique_suffix_codes: 1444 
update best loss 

epoch: 43,  avg_loss: 8.0594, avg_recon_loss: 2.4685, avg_kl_loss: 21.1190, avg_vq_loss: 3.4790, ppl: 1.2217, acc: 0.9382, vq_inds: [10, 10, 10, 10, 10, 10, 10, 10], unique_vq_codes: 11955, unique_suffix_codes: 11955, logdet: 0.0000 
val ---  avg_loss: 8.8683, avg_recon_loss: 3.1066, avg_kl_loss: 23.2628, avg_vq_loss: 3.4354, ppl: 1.2853, acc: 0.9213, vq_inds: [10, 10, 10, 10, 10, 10, 10, 10], unique_vq_codes: 1581, unique_suffix_codes: 1581, val_unique_suffix_codes: 1476 

epoch: 44,  avg_loss: 8.0577, avg_recon_loss: 2.4771, avg_kl_loss: 21.0157, avg_vq_loss: 3.4791, ppl: 1.2225, acc: 0.9383, vq_inds: [10, 10, 10, 10, 10, 10, 10, 10], unique_vq_codes: 11970, unique_suffix_codes: 11970, logdet: 0.0000 
val ---  avg_loss: 8.3087, avg_recon_loss: 2.8641, avg_kl_loss: 20.1590, avg_vq_loss: 3.4287, ppl: 1.2604, acc: 0.9304, vq_inds: [10, 10, 10, 10, 10, 10, 10, 10], unique_vq_codes: 1579, unique_suffix_codes: 1579, val_unique_suffix_codes: 1465 
update best loss 

epoch: 45,  avg_loss: 7.8724, avg_recon_loss: 2.2903, avg_kl_loss: 20.8951, avg_vq_loss: 3.4926, ppl: 1.2042, acc: 0.9439, vq_inds: [10, 10, 10, 10, 10, 10, 10, 10], unique_vq_codes: 11967, unique_suffix_codes: 11967, logdet: 0.0000 
val ---  avg_loss: 8.2442, avg_recon_loss: 2.7527, avg_kl_loss: 20.3433, avg_vq_loss: 3.4571, ppl: 1.2491, acc: 0.9319, vq_inds: [10, 10, 10, 10, 10, 10, 10, 10], unique_vq_codes: 1580, unique_suffix_codes: 1580, val_unique_suffix_codes: 1466 
update best loss 

epoch: 46,  avg_loss: 7.8063, avg_recon_loss: 2.2622, avg_kl_loss: 20.5880, avg_vq_loss: 3.4853, ppl: 1.2014, acc: 0.9438, vq_inds: [10, 10, 10, 10, 10, 10, 10, 10], unique_vq_codes: 11976, unique_suffix_codes: 11976, logdet: 0.0000 
val ---  avg_loss: 8.1156, avg_recon_loss: 2.6515, avg_kl_loss: 20.2289, avg_vq_loss: 3.4412, ppl: 1.2389, acc: 0.9327, vq_inds: [10, 10, 10, 10, 10, 10, 10, 10], unique_vq_codes: 1580, unique_suffix_codes: 1580, val_unique_suffix_codes: 1453 
update best loss 

epoch: 47,  avg_loss: 7.6176, avg_recon_loss: 2.1147, avg_kl_loss: 20.1352, avg_vq_loss: 3.4894, ppl: 1.1871, acc: 0.9485, vq_inds: [10, 10, 10, 10, 10, 10, 10, 10], unique_vq_codes: 11956, unique_suffix_codes: 11956, logdet: 0.0000 
val ---  avg_loss: 8.0103, avg_recon_loss: 2.5729, avg_kl_loss: 19.8701, avg_vq_loss: 3.4504, ppl: 1.2311, acc: 0.9346, vq_inds: [10, 10, 10, 10, 10, 10, 10, 10], unique_vq_codes: 1584, unique_suffix_codes: 1584, val_unique_suffix_codes: 1458 
update best loss 

epoch: 48,  avg_loss: 7.6173, avg_recon_loss: 2.1285, avg_kl_loss: 20.1409, avg_vq_loss: 3.4747, ppl: 1.1885, acc: 0.9478, vq_inds: [10, 10, 10, 10, 10, 10, 10, 10], unique_vq_codes: 11950, unique_suffix_codes: 11950, logdet: 0.0000 
val ---  avg_loss: 8.9926, avg_recon_loss: 3.0661, avg_kl_loss: 24.1280, avg_vq_loss: 3.5137, ppl: 1.2811, acc: 0.9227, vq_inds: [10, 10, 10, 10, 10, 10, 10, 10], unique_vq_codes: 1586, unique_suffix_codes: 1586, val_unique_suffix_codes: 1478 

epoch: 49,  avg_loss: 7.9945, avg_recon_loss: 2.3279, avg_kl_loss: 21.5761, avg_vq_loss: 3.5090, ppl: 1.2078, acc: 0.9412, vq_inds: [10, 10, 10, 10, 10, 10, 10, 10], unique_vq_codes: 11996, unique_suffix_codes: 11996, logdet: 0.0000 
val ---  avg_loss: 7.9655, avg_recon_loss: 2.4881, avg_kl_loss: 20.4030, avg_vq_loss: 3.4371, ppl: 1.2226, acc: 0.9368, vq_inds: [10, 10, 10, 10, 10, 10, 10, 10], unique_vq_codes: 1581, unique_suffix_codes: 1581, val_unique_suffix_codes: 1469 
update best loss 

epoch: 50,  avg_loss: 7.5624, avg_recon_loss: 2.0558, avg_kl_loss: 20.0683, avg_vq_loss: 3.4997, ppl: 1.1815, acc: 0.9496, vq_inds: [10, 10, 10, 10, 10, 10, 10, 10], unique_vq_codes: 11977, unique_suffix_codes: 11977, logdet: 0.0000 
val ---  avg_loss: 7.9113, avg_recon_loss: 2.4314, avg_kl_loss: 20.3639, avg_vq_loss: 3.4435, ppl: 1.2171, acc: 0.9393, vq_inds: [10, 10, 10, 10, 10, 10, 10, 10], unique_vq_codes: 1582, unique_suffix_codes: 1582, val_unique_suffix_codes: 1472 
update best loss 

epoch: 51,  avg_loss: 7.7649, avg_recon_loss: 2.1735, avg_kl_loss: 20.9510, avg_vq_loss: 3.4962, ppl: 1.1928, acc: 0.9450, vq_inds: [10, 10, 10, 10, 10, 10, 10, 10], unique_vq_codes: 11980, unique_suffix_codes: 11980, logdet: 0.0000 
val ---  avg_loss: 7.8816, avg_recon_loss: 2.5354, avg_kl_loss: 19.5484, avg_vq_loss: 3.3914, ppl: 1.2273, acc: 0.9375, vq_inds: [10, 10, 10, 10, 10, 10, 10, 10], unique_vq_codes: 1584, unique_suffix_codes: 1584, val_unique_suffix_codes: 1477 
update best loss 

epoch: 52,  avg_loss: 7.4966, avg_recon_loss: 2.0226, avg_kl_loss: 19.8458, avg_vq_loss: 3.4894, ppl: 1.1783, acc: 0.9500, vq_inds: [10, 10, 10, 10, 10, 10, 10, 10], unique_vq_codes: 11992, unique_suffix_codes: 11992, logdet: 0.0000 
val ---  avg_loss: 8.1689, avg_recon_loss: 2.6253, avg_kl_loss: 20.5498, avg_vq_loss: 3.4885, ppl: 1.2363, acc: 0.9331, vq_inds: [10, 10, 10, 10, 10, 10, 10, 10], unique_vq_codes: 1581, unique_suffix_codes: 1581, val_unique_suffix_codes: 1484 

epoch: 53,  avg_loss: 7.4321, avg_recon_loss: 1.9637, avg_kl_loss: 19.7801, avg_vq_loss: 3.4904, ppl: 1.1727, acc: 0.9514, vq_inds: [10, 10, 10, 10, 10, 10, 10, 10], unique_vq_codes: 11983, unique_suffix_codes: 11983, logdet: 0.0000 
val ---  avg_loss: 7.7235, avg_recon_loss: 2.3083, avg_kl_loss: 20.0539, avg_vq_loss: 3.4099, ppl: 1.2050, acc: 0.9432, vq_inds: [10, 10, 10, 10, 10, 10, 10, 10], unique_vq_codes: 1580, unique_suffix_codes: 1580, val_unique_suffix_codes: 1467 
update best loss 

epoch: 54,  avg_loss: 7.3677, avg_recon_loss: 1.9332, avg_kl_loss: 19.6744, avg_vq_loss: 3.4671, ppl: 1.1698, acc: 0.9518, vq_inds: [10, 10, 10, 10, 10, 10, 10, 10], unique_vq_codes: 11964, unique_suffix_codes: 11964, logdet: 0.0000 
val ---  avg_loss: 7.6859, avg_recon_loss: 2.2980, avg_kl_loss: 19.7300, avg_vq_loss: 3.4149, ppl: 1.2040, acc: 0.9412, vq_inds: [10, 10, 10, 10, 10, 10, 10, 10], unique_vq_codes: 1581, unique_suffix_codes: 1581, val_unique_suffix_codes: 1470 
update best loss 

epoch: 55,  avg_loss: 7.3145, avg_recon_loss: 1.8610, avg_kl_loss: 19.6892, avg_vq_loss: 3.4846, ppl: 1.1629, acc: 0.9537, vq_inds: [10, 10, 10, 10, 10, 10, 10, 10], unique_vq_codes: 11988, unique_suffix_codes: 11988, logdet: 0.0000 
val ---  avg_loss: 7.7431, avg_recon_loss: 2.3219, avg_kl_loss: 19.7667, avg_vq_loss: 3.4445, ppl: 1.2063, acc: 0.9420, vq_inds: [10, 10, 10, 10, 10, 10, 10, 10], unique_vq_codes: 1584, unique_suffix_codes: 1584, val_unique_suffix_codes: 1474 

epoch: 56,  avg_loss: 7.5664, avg_recon_loss: 1.9767, avg_kl_loss: 20.6368, avg_vq_loss: 3.5260, ppl: 1.1739, acc: 0.9506, vq_inds: [10, 10, 10, 10, 10, 10, 10, 10], unique_vq_codes: 11978, unique_suffix_codes: 11978, logdet: 0.0000 
val ---  avg_loss: 7.9147, avg_recon_loss: 2.3799, avg_kl_loss: 20.0580, avg_vq_loss: 3.5290, ppl: 1.2120, acc: 0.9393, vq_inds: [10, 10, 10, 10, 10, 10, 10, 10], unique_vq_codes: 1584, unique_suffix_codes: 1584, val_unique_suffix_codes: 1476 

epoch: 57,  avg_loss: 7.3056, avg_recon_loss: 1.8345, avg_kl_loss: 19.7336, avg_vq_loss: 3.4977, ppl: 1.1604, acc: 0.9542, vq_inds: [10, 10, 10, 10, 10, 10, 10, 10], unique_vq_codes: 11979, unique_suffix_codes: 11979, logdet: 0.0000 
val ---  avg_loss: 8.2038, avg_recon_loss: 2.4646, avg_kl_loss: 22.9556, avg_vq_loss: 3.4437, ppl: 1.2203, acc: 0.9378, vq_inds: [10, 10, 10, 10, 10, 10, 10, 10], unique_vq_codes: 1580, unique_suffix_codes: 1580, val_unique_suffix_codes: 1485 

epoch: 58,  avg_loss: 7.3390, avg_recon_loss: 1.8312, avg_kl_loss: 20.1263, avg_vq_loss: 3.4952, ppl: 1.1601, acc: 0.9540, vq_inds: [10, 10, 10, 10, 10, 10, 10, 10], unique_vq_codes: 11978, unique_suffix_codes: 11978, logdet: 0.0000 
val ---  avg_loss: 7.4233, avg_recon_loss: 2.1552, avg_kl_loss: 19.0165, avg_vq_loss: 3.3665, ppl: 1.1902, acc: 0.9464, vq_inds: [10, 10, 10, 10, 10, 10, 10, 10], unique_vq_codes: 1581, unique_suffix_codes: 1581, val_unique_suffix_codes: 1488 
update best loss 

epoch: 59,  avg_loss: 7.1765, avg_recon_loss: 1.7460, avg_kl_loss: 19.2181, avg_vq_loss: 3.5086, ppl: 1.1521, acc: 0.9562, vq_inds: [10, 10, 10, 10, 10, 10, 10, 10], unique_vq_codes: 12000, unique_suffix_codes: 12000, logdet: 0.0000 
val ---  avg_loss: 7.5502, avg_recon_loss: 2.1869, avg_kl_loss: 18.7840, avg_vq_loss: 3.4849, ppl: 1.1933, acc: 0.9455, vq_inds: [10, 10, 10, 10, 10, 10, 10, 10], unique_vq_codes: 1582, unique_suffix_codes: 1582, val_unique_suffix_codes: 1484 

epoch: 60,  avg_loss: 7.5888, avg_recon_loss: 2.0760, avg_kl_loss: 19.8677, avg_vq_loss: 3.5260, ppl: 1.1834, acc: 0.9472, vq_inds: [10, 10, 10, 10, 10, 10, 10, 10], unique_vq_codes: 12001, unique_suffix_codes: 12001, logdet: 0.0000 
val ---  avg_loss: 7.9870, avg_recon_loss: 2.4413, avg_kl_loss: 20.3880, avg_vq_loss: 3.5069, ppl: 1.2180, acc: 0.9386, vq_inds: [10, 10, 10, 10, 10, 10, 10, 10], unique_vq_codes: 1580, unique_suffix_codes: 1580, val_unique_suffix_codes: 1481 

epoch: 61,  avg_loss: 7.5608, avg_recon_loss: 2.0074, avg_kl_loss: 20.3215, avg_vq_loss: 3.5213, ppl: 1.1768, acc: 0.9491, vq_inds: [10, 10, 10, 10, 10, 10, 10, 10], unique_vq_codes: 11993, unique_suffix_codes: 11993, logdet: 0.0000 
val ---  avg_loss: 7.6331, avg_recon_loss: 2.1883, avg_kl_loss: 19.4926, avg_vq_loss: 3.4955, ppl: 1.1934, acc: 0.9451, vq_inds: [10, 10, 10, 10, 10, 10, 10, 10], unique_vq_codes: 1582, unique_suffix_codes: 1582, val_unique_suffix_codes: 1469 

epoch: 62,  avg_loss: 7.1647, avg_recon_loss: 1.7237, avg_kl_loss: 19.2854, avg_vq_loss: 3.5125, ppl: 1.1501, acc: 0.9574, vq_inds: [10, 10, 10, 10, 10, 10, 10, 10], unique_vq_codes: 11989, unique_suffix_codes: 11989, logdet: 0.0000 
val ---  avg_loss: 7.6179, avg_recon_loss: 2.2587, avg_kl_loss: 18.9941, avg_vq_loss: 3.4598, ppl: 1.2002, acc: 0.9442, vq_inds: [10, 10, 10, 10, 10, 10, 10, 10], unique_vq_codes: 1581, unique_suffix_codes: 1581, val_unique_suffix_codes: 1467 

epoch: 63,  avg_loss: 8.1940, avg_recon_loss: 2.2403, avg_kl_loss: 24.1381, avg_vq_loss: 3.5399, ppl: 1.1993, acc: 0.9436, vq_inds: [10, 10, 10, 10, 10, 10, 10, 10], unique_vq_codes: 12047, unique_suffix_codes: 12047, logdet: 0.0000 
val ---  avg_loss: 7.7663, avg_recon_loss: 2.2909, avg_kl_loss: 20.3352, avg_vq_loss: 3.4419, ppl: 1.2033, acc: 0.9436, vq_inds: [10, 10, 10, 10, 10, 10, 10, 10], unique_vq_codes: 1584, unique_suffix_codes: 1584, val_unique_suffix_codes: 1492 

epoch: 64,  avg_loss: 7.1298, avg_recon_loss: 1.7038, avg_kl_loss: 19.3826, avg_vq_loss: 3.4877, ppl: 1.1482, acc: 0.9575, vq_inds: [10, 10, 10, 10, 10, 10, 10, 10], unique_vq_codes: 11992, unique_suffix_codes: 11992, logdet: 0.0000 
val ---  avg_loss: 7.4682, avg_recon_loss: 2.1825, avg_kl_loss: 18.4035, avg_vq_loss: 3.4454, ppl: 1.1928, acc: 0.9461, vq_inds: [10, 10, 10, 10, 10, 10, 10, 10], unique_vq_codes: 1584, unique_suffix_codes: 1584, val_unique_suffix_codes: 1463 

epoch: 65,  avg_loss: 7.0071, avg_recon_loss: 1.6260, avg_kl_loss: 18.8614, avg_vq_loss: 3.4949, ppl: 1.1410, acc: 0.9599, vq_inds: [10, 10, 10, 10, 10, 10, 10, 10], unique_vq_codes: 12014, unique_suffix_codes: 12014, logdet: 0.0000 
val ---  avg_loss: 7.3768, avg_recon_loss: 2.0712, avg_kl_loss: 18.7443, avg_vq_loss: 3.4312, ppl: 1.1822, acc: 0.9466, vq_inds: [10, 10, 10, 10, 10, 10, 10, 10], unique_vq_codes: 1579, unique_suffix_codes: 1579, val_unique_suffix_codes: 1462 
update best loss 

epoch: 66,  avg_loss: 7.0039, avg_recon_loss: 1.6023, avg_kl_loss: 19.1247, avg_vq_loss: 3.4891, ppl: 1.1388, acc: 0.9599, vq_inds: [10, 10, 10, 10, 10, 10, 10, 10], unique_vq_codes: 11994, unique_suffix_codes: 11994, logdet: 0.0000 
val ---  avg_loss: 7.3656, avg_recon_loss: 2.0381, avg_kl_loss: 18.8521, avg_vq_loss: 3.4423, ppl: 1.1790, acc: 0.9492, vq_inds: [10, 10, 10, 10, 10, 10, 10, 10], unique_vq_codes: 1583, unique_suffix_codes: 1583, val_unique_suffix_codes: 1461 
update best loss 

epoch: 67,  avg_loss: 6.8852, avg_recon_loss: 1.5440, avg_kl_loss: 18.6966, avg_vq_loss: 3.4716, ppl: 1.1334, acc: 0.9614, vq_inds: [10, 10, 10, 10, 10, 10, 10, 10], unique_vq_codes: 12026, unique_suffix_codes: 12026, logdet: 0.0000 
val ---  avg_loss: 7.4465, avg_recon_loss: 2.0711, avg_kl_loss: 19.3005, avg_vq_loss: 3.4453, ppl: 1.1821, acc: 0.9477, vq_inds: [10, 10, 10, 10, 10, 10, 10, 10], unique_vq_codes: 1584, unique_suffix_codes: 1584, val_unique_suffix_codes: 1464 

epoch: 68,  avg_loss: 6.9774, avg_recon_loss: 1.6018, avg_kl_loss: 18.8839, avg_vq_loss: 3.4872, ppl: 1.1387, acc: 0.9600, vq_inds: [10, 10, 10, 10, 10, 10, 10, 10], unique_vq_codes: 11996, unique_suffix_codes: 11996, logdet: 0.0000 
val ---  avg_loss: 7.4498, avg_recon_loss: 2.1067, avg_kl_loss: 18.8595, avg_vq_loss: 3.4571, ppl: 1.1855, acc: 0.9474, vq_inds: [10, 10, 10, 10, 10, 10, 10, 10], unique_vq_codes: 1583, unique_suffix_codes: 1583, val_unique_suffix_codes: 1460 

epoch: 69,  avg_loss: 6.9670, avg_recon_loss: 1.6083, avg_kl_loss: 18.5423, avg_vq_loss: 3.5045, ppl: 1.1393, acc: 0.9602, vq_inds: [10, 10, 10, 10, 10, 10, 10, 10], unique_vq_codes: 11995, unique_suffix_codes: 11995, logdet: 0.0000 
val ---  avg_loss: 7.3491, avg_recon_loss: 2.0251, avg_kl_loss: 18.7629, avg_vq_loss: 3.4478, ppl: 1.1778, acc: 0.9482, vq_inds: [10, 10, 10, 10, 10, 10, 10, 10], unique_vq_codes: 1584, unique_suffix_codes: 1584, val_unique_suffix_codes: 1458 
update best loss 

epoch: 70,  avg_loss: 6.9986, avg_recon_loss: 1.5866, avg_kl_loss: 19.0902, avg_vq_loss: 3.5030, ppl: 1.1373, acc: 0.9601, vq_inds: [10, 10, 10, 10, 10, 10, 10, 10], unique_vq_codes: 12024, unique_suffix_codes: 12024, logdet: 0.0000 
val ---  avg_loss: 7.3121, avg_recon_loss: 1.9200, avg_kl_loss: 19.3819, avg_vq_loss: 3.4539, ppl: 1.1678, acc: 0.9503, vq_inds: [10, 10, 10, 10, 10, 10, 10, 10], unique_vq_codes: 1584, unique_suffix_codes: 1584, val_unique_suffix_codes: 1478 
update best loss 

epoch: 71,  avg_loss: 6.9296, avg_recon_loss: 1.5337, avg_kl_loss: 18.8628, avg_vq_loss: 3.5096, ppl: 1.1325, acc: 0.9621, vq_inds: [10, 10, 10, 10, 10, 10, 10, 10], unique_vq_codes: 12024, unique_suffix_codes: 12024, logdet: 0.0000 
val ---  avg_loss: 7.3633, avg_recon_loss: 2.0520, avg_kl_loss: 18.6314, avg_vq_loss: 3.4481, ppl: 1.1803, acc: 0.9484, vq_inds: [10, 10, 10, 10, 10, 10, 10, 10], unique_vq_codes: 1583, unique_suffix_codes: 1583, val_unique_suffix_codes: 1482 

epoch: 72,  avg_loss: 6.8786, avg_recon_loss: 1.5219, avg_kl_loss: 18.6017, avg_vq_loss: 3.4965, ppl: 1.1314, acc: 0.9615, vq_inds: [10, 10, 10, 10, 10, 10, 10, 10], unique_vq_codes: 12029, unique_suffix_codes: 12029, logdet: 0.0000 
val ---  avg_loss: 7.3998, avg_recon_loss: 2.0110, avg_kl_loss: 19.1350, avg_vq_loss: 3.4753, ppl: 1.1764, acc: 0.9481, vq_inds: [10, 10, 10, 10, 10, 10, 10, 10], unique_vq_codes: 1585, unique_suffix_codes: 1585, val_unique_suffix_codes: 1495 

epoch: 73,  avg_loss: 6.8243, avg_recon_loss: 1.4851, avg_kl_loss: 18.2944, avg_vq_loss: 3.5098, ppl: 1.1280, acc: 0.9629, vq_inds: [10, 10, 10, 10, 10, 10, 10, 10], unique_vq_codes: 12026, unique_suffix_codes: 12026, logdet: 0.0000 
val ---  avg_loss: 7.2938, avg_recon_loss: 2.0144, avg_kl_loss: 18.1478, avg_vq_loss: 3.4647, ppl: 1.1767, acc: 0.9486, vq_inds: [10, 10, 10, 10, 10, 10, 10, 10], unique_vq_codes: 1587, unique_suffix_codes: 1587, val_unique_suffix_codes: 1476 
update best loss 

epoch: 74,  avg_loss: 6.8263, avg_recon_loss: 1.4747, avg_kl_loss: 18.4525, avg_vq_loss: 3.5064, ppl: 1.1271, acc: 0.9625, vq_inds: [10, 10, 10, 10, 10, 10, 10, 10], unique_vq_codes: 12030, unique_suffix_codes: 12030, logdet: 0.0000 
val ---  avg_loss: 7.3263, avg_recon_loss: 2.0483, avg_kl_loss: 18.1093, avg_vq_loss: 3.4671, ppl: 1.1800, acc: 0.9485, vq_inds: [10, 10, 10, 10, 10, 10, 10, 10], unique_vq_codes: 1583, unique_suffix_codes: 1583, val_unique_suffix_codes: 1472 

epoch: 75,  avg_loss: 6.7766, avg_recon_loss: 1.4438, avg_kl_loss: 18.2628, avg_vq_loss: 3.5065, ppl: 1.1242, acc: 0.9639, vq_inds: [10, 10, 10, 10, 10, 10, 10, 10], unique_vq_codes: 12040, unique_suffix_codes: 12040, logdet: 0.0000 
val ---  avg_loss: 7.4214, avg_recon_loss: 2.1290, avg_kl_loss: 18.4915, avg_vq_loss: 3.4432, ppl: 1.1877, acc: 0.9454, vq_inds: [10, 10, 10, 10, 10, 10, 10, 10], unique_vq_codes: 1585, unique_suffix_codes: 1585, val_unique_suffix_codes: 1485 

epoch: 76,  avg_loss: 7.0760, avg_recon_loss: 1.6260, avg_kl_loss: 19.3732, avg_vq_loss: 3.5126, ppl: 1.1410, acc: 0.9590, vq_inds: [10, 10, 10, 10, 10, 10, 10, 10], unique_vq_codes: 12040, unique_suffix_codes: 12040, logdet: 0.0000 
val ---  avg_loss: 7.3894, avg_recon_loss: 2.1294, avg_kl_loss: 18.1972, avg_vq_loss: 3.4403, ppl: 1.1877, acc: 0.9469, vq_inds: [10, 10, 10, 10, 10, 10, 10, 10], unique_vq_codes: 1583, unique_suffix_codes: 1583, val_unique_suffix_codes: 1492 

epoch: 77,  avg_loss: 6.8542, avg_recon_loss: 1.5360, avg_kl_loss: 18.2359, avg_vq_loss: 3.4947, ppl: 1.1327, acc: 0.9613, vq_inds: [10, 10, 10, 10, 10, 10, 10, 10], unique_vq_codes: 12027, unique_suffix_codes: 12027, logdet: 0.0000 
val ---  avg_loss: 7.3759, avg_recon_loss: 2.0975, avg_kl_loss: 18.0096, avg_vq_loss: 3.4774, ppl: 1.1847, acc: 0.9475, vq_inds: [10, 10, 10, 10, 10, 10, 10, 10], unique_vq_codes: 1582, unique_suffix_codes: 1582, val_unique_suffix_codes: 1477 

epoch: 78,  avg_loss: 6.7366, avg_recon_loss: 1.4348, avg_kl_loss: 18.1798, avg_vq_loss: 3.4838, ppl: 1.1234, acc: 0.9643, vq_inds: [10, 10, 10, 10, 10, 10, 10, 10], unique_vq_codes: 12033, unique_suffix_codes: 12033, logdet: 0.0000 
val ---  avg_loss: 7.2513, avg_recon_loss: 2.0449, avg_kl_loss: 17.7728, avg_vq_loss: 3.4292, ppl: 1.1796, acc: 0.9487, vq_inds: [10, 10, 10, 10, 10, 10, 10, 10], unique_vq_codes: 1582, unique_suffix_codes: 1582, val_unique_suffix_codes: 1476 
update best loss 

epoch: 79,  avg_loss: 6.7555, avg_recon_loss: 1.4406, avg_kl_loss: 18.1123, avg_vq_loss: 3.5036, ppl: 1.1240, acc: 0.9637, vq_inds: [10, 10, 10, 10, 10, 10, 10, 10], unique_vq_codes: 12031, unique_suffix_codes: 12031, logdet: 0.0000 
val ---  avg_loss: 7.1115, avg_recon_loss: 1.8529, avg_kl_loss: 18.1537, avg_vq_loss: 3.4433, ppl: 1.1615, acc: 0.9525, vq_inds: [10, 10, 10, 10, 10, 10, 10, 10], unique_vq_codes: 1584, unique_suffix_codes: 1584, val_unique_suffix_codes: 1485 
update best loss 

epoch: 80,  avg_loss: 6.7340, avg_recon_loss: 1.4185, avg_kl_loss: 18.2626, avg_vq_loss: 3.4892, ppl: 1.1219, acc: 0.9644, vq_inds: [10, 10, 10, 10, 10, 10, 10, 10], unique_vq_codes: 12020, unique_suffix_codes: 12020, logdet: 0.0000 
val ---  avg_loss: 7.3483, avg_recon_loss: 2.0264, avg_kl_loss: 18.5189, avg_vq_loss: 3.4700, ppl: 1.1779, acc: 0.9486, vq_inds: [10, 10, 10, 10, 10, 10, 10, 10], unique_vq_codes: 1586, unique_suffix_codes: 1586, val_unique_suffix_codes: 1483 

epoch: 81,  avg_loss: 6.7057, avg_recon_loss: 1.4092, avg_kl_loss: 17.8229, avg_vq_loss: 3.5143, ppl: 1.1211, acc: 0.9645, vq_inds: [10, 10, 10, 10, 10, 10, 10, 10], unique_vq_codes: 12047, unique_suffix_codes: 12047, logdet: 0.0000 
val ---  avg_loss: 7.2240, avg_recon_loss: 1.9393, avg_kl_loss: 18.1362, avg_vq_loss: 3.4711, ppl: 1.1696, acc: 0.9516, vq_inds: [10, 10, 10, 10, 10, 10, 10, 10], unique_vq_codes: 1584, unique_suffix_codes: 1584, val_unique_suffix_codes: 1488 

epoch: 82,  avg_loss: 6.8352, avg_recon_loss: 1.4161, avg_kl_loss: 19.0255, avg_vq_loss: 3.5165, ppl: 1.1217, acc: 0.9645, vq_inds: [10, 10, 10, 10, 10, 10, 10, 10], unique_vq_codes: 12040, unique_suffix_codes: 12040, logdet: 0.0000 
val ---  avg_loss: 8.2399, avg_recon_loss: 2.5012, avg_kl_loss: 22.6585, avg_vq_loss: 3.4728, ppl: 1.2239, acc: 0.9391, vq_inds: [10, 10, 10, 10, 10, 10, 10, 10], unique_vq_codes: 1583, unique_suffix_codes: 1583, val_unique_suffix_codes: 1512 

epoch: 83,  avg_loss: 7.0901, avg_recon_loss: 1.6177, avg_kl_loss: 19.1728, avg_vq_loss: 3.5551, ppl: 1.1402, acc: 0.9588, vq_inds: [10, 10, 10, 10, 10, 10, 10, 10], unique_vq_codes: 12026, unique_suffix_codes: 12026, logdet: 0.0000 
val ---  avg_loss: 7.2326, avg_recon_loss: 1.9036, avg_kl_loss: 18.2263, avg_vq_loss: 3.5063, ppl: 1.1663, acc: 0.9517, vq_inds: [10, 10, 10, 10, 10, 10, 10, 10], unique_vq_codes: 1586, unique_suffix_codes: 1586, val_unique_suffix_codes: 1487 

epoch: 84,  avg_loss: 6.7226, avg_recon_loss: 1.3755, avg_kl_loss: 18.0460, avg_vq_loss: 3.5424, ppl: 1.1180, acc: 0.9657, vq_inds: [10, 10, 10, 10, 10, 10, 10, 10], unique_vq_codes: 12021, unique_suffix_codes: 12021, logdet: 0.0000 
val ---  avg_loss: 7.2450, avg_recon_loss: 1.9445, avg_kl_loss: 18.0497, avg_vq_loss: 3.4955, ppl: 1.1701, acc: 0.9515, vq_inds: [10, 10, 10, 10, 10, 10, 10, 10], unique_vq_codes: 1586, unique_suffix_codes: 1586, val_unique_suffix_codes: 1476 

epoch: 85,  avg_loss: 6.6313, avg_recon_loss: 1.3750, avg_kl_loss: 17.7319, avg_vq_loss: 3.4832, ppl: 1.1180, acc: 0.9656, vq_inds: [10, 10, 10, 10, 10, 10, 10, 10], unique_vq_codes: 12047, unique_suffix_codes: 12047, logdet: 0.0000 
val ---  avg_loss: 7.1159, avg_recon_loss: 1.8409, avg_kl_loss: 17.6566, avg_vq_loss: 3.5093, ppl: 1.1604, acc: 0.9533, vq_inds: [10, 10, 10, 10, 10, 10, 10, 10], unique_vq_codes: 1585, unique_suffix_codes: 1585, val_unique_suffix_codes: 1493 

epoch: 86,  avg_loss: 6.6030, avg_recon_loss: 1.3140, avg_kl_loss: 17.7777, avg_vq_loss: 3.5113, ppl: 1.1125, acc: 0.9674, vq_inds: [10, 10, 10, 10, 10, 10, 10, 10], unique_vq_codes: 12037, unique_suffix_codes: 12037, logdet: 0.0000 
val ---  avg_loss: 7.0932, avg_recon_loss: 1.8924, avg_kl_loss: 17.6082, avg_vq_loss: 3.4399, ppl: 1.1652, acc: 0.9537, vq_inds: [10, 10, 10, 10, 10, 10, 10, 10], unique_vq_codes: 1586, unique_suffix_codes: 1586, val_unique_suffix_codes: 1497 
update best loss 

epoch: 87,  avg_loss: 6.6534, avg_recon_loss: 1.3209, avg_kl_loss: 18.1138, avg_vq_loss: 3.5211, ppl: 1.1131, acc: 0.9665, vq_inds: [10, 10, 10, 10, 10, 10, 10, 10], unique_vq_codes: 12054, unique_suffix_codes: 12054, logdet: 0.0000 
val ---  avg_loss: 7.2939, avg_recon_loss: 1.9533, avg_kl_loss: 18.3114, avg_vq_loss: 3.5095, ppl: 1.1709, acc: 0.9506, vq_inds: [10, 10, 10, 10, 10, 10, 10, 10], unique_vq_codes: 1587, unique_suffix_codes: 1587, val_unique_suffix_codes: 1486 

epoch: 88,  avg_loss: 6.5969, avg_recon_loss: 1.3132, avg_kl_loss: 17.7864, avg_vq_loss: 3.5051, ppl: 1.1124, acc: 0.9672, vq_inds: [10, 10, 10, 10, 10, 10, 10, 10], unique_vq_codes: 12045, unique_suffix_codes: 12045, logdet: 0.0000 
val ---  avg_loss: 7.0185, avg_recon_loss: 1.7859, avg_kl_loss: 17.9647, avg_vq_loss: 3.4361, ppl: 1.1552, acc: 0.9556, vq_inds: [10, 10, 10, 10, 10, 10, 10, 10], unique_vq_codes: 1585, unique_suffix_codes: 1585, val_unique_suffix_codes: 1490 
update best loss 

epoch: 89,  avg_loss: 6.6430, avg_recon_loss: 1.3275, avg_kl_loss: 18.1255, avg_vq_loss: 3.5029, ppl: 1.1137, acc: 0.9663, vq_inds: [10, 10, 10, 10, 10, 10, 10, 10], unique_vq_codes: 12056, unique_suffix_codes: 12056, logdet: 0.0000 
val ---  avg_loss: 7.4363, avg_recon_loss: 2.0467, avg_kl_loss: 18.8391, avg_vq_loss: 3.5057, ppl: 1.1798, acc: 0.9485, vq_inds: [10, 10, 10, 10, 10, 10, 10, 10], unique_vq_codes: 1585, unique_suffix_codes: 1585, val_unique_suffix_codes: 1481 

epoch: 90,  avg_loss: 6.5879, avg_recon_loss: 1.3293, avg_kl_loss: 17.5275, avg_vq_loss: 3.5058, ppl: 1.1139, acc: 0.9661, vq_inds: [10, 10, 10, 10, 10, 10, 10, 10], unique_vq_codes: 12044, unique_suffix_codes: 12044, logdet: 0.0000 
val ---  avg_loss: 7.2353, avg_recon_loss: 2.0218, avg_kl_loss: 17.3743, avg_vq_loss: 3.4761, ppl: 1.1774, acc: 0.9490, vq_inds: [10, 10, 10, 10, 10, 10, 10, 10], unique_vq_codes: 1588, unique_suffix_codes: 1588, val_unique_suffix_codes: 1489 

epoch: 91,  avg_loss: 6.5959, avg_recon_loss: 1.3332, avg_kl_loss: 17.4646, avg_vq_loss: 3.5162, ppl: 1.1142, acc: 0.9658, vq_inds: [10, 10, 10, 10, 10, 10, 10, 10], unique_vq_codes: 12057, unique_suffix_codes: 12057, logdet: 0.0000 
val ---  avg_loss: 7.1786, avg_recon_loss: 1.8690, avg_kl_loss: 18.1886, avg_vq_loss: 3.4907, ppl: 1.1630, acc: 0.9545, vq_inds: [10, 10, 10, 10, 10, 10, 10, 10], unique_vq_codes: 1584, unique_suffix_codes: 1584, val_unique_suffix_codes: 1486 

epoch: 92,  avg_loss: 6.6505, avg_recon_loss: 1.3568, avg_kl_loss: 17.5738, avg_vq_loss: 3.5363, ppl: 1.1163, acc: 0.9658, vq_inds: [10, 10, 10, 10, 10, 10, 10, 10], unique_vq_codes: 12073, unique_suffix_codes: 12073, logdet: 0.0000 
val ---  avg_loss: 7.3769, avg_recon_loss: 2.0622, avg_kl_loss: 17.8779, avg_vq_loss: 3.5269, ppl: 1.1813, acc: 0.9502, vq_inds: [10, 10, 10, 10, 10, 10, 10, 10], unique_vq_codes: 1587, unique_suffix_codes: 1587, val_unique_suffix_codes: 1483 

epoch: 93,  avg_loss: 7.0613, avg_recon_loss: 1.5932, avg_kl_loss: 19.1162, avg_vq_loss: 3.5564, ppl: 1.1380, acc: 0.9589, vq_inds: [10, 10, 10, 10, 10, 10, 10, 10], unique_vq_codes: 12080, unique_suffix_codes: 12080, logdet: 0.0000 
val ---  avg_loss: 7.4607, avg_recon_loss: 2.0819, avg_kl_loss: 18.6462, avg_vq_loss: 3.5142, ppl: 1.1832, acc: 0.9480, vq_inds: [10, 10, 10, 10, 10, 10, 10, 10], unique_vq_codes: 1588, unique_suffix_codes: 1588, val_unique_suffix_codes: 1514 

epoch: 94,  avg_loss: 6.8201, avg_recon_loss: 1.4684, avg_kl_loss: 17.7728, avg_vq_loss: 3.5745, ppl: 1.1265, acc: 0.9625, vq_inds: [10, 10, 10, 10, 10, 10, 10, 10], unique_vq_codes: 12069, unique_suffix_codes: 12069, logdet: 0.0000 
val ---  avg_loss: 7.1540, avg_recon_loss: 1.9050, avg_kl_loss: 17.5772, avg_vq_loss: 3.4912, ppl: 1.1664, acc: 0.9515, vq_inds: [10, 10, 10, 10, 10, 10, 10, 10], unique_vq_codes: 1587, unique_suffix_codes: 1587, val_unique_suffix_codes: 1475 

epoch: 95,  avg_loss: 6.7255, avg_recon_loss: 1.3897, avg_kl_loss: 18.0853, avg_vq_loss: 3.5273, ppl: 1.1193, acc: 0.9646, vq_inds: [10, 10, 10, 10, 10, 10, 10, 10], unique_vq_codes: 12061, unique_suffix_codes: 12061, logdet: 0.0000 
val ---  avg_loss: 7.2250, avg_recon_loss: 1.9054, avg_kl_loss: 18.0845, avg_vq_loss: 3.5111, ppl: 1.1664, acc: 0.9538, vq_inds: [10, 10, 10, 10, 10, 10, 10, 10], unique_vq_codes: 1586, unique_suffix_codes: 1586, val_unique_suffix_codes: 1488 

epoch: 96,  avg_loss: 6.5617, avg_recon_loss: 1.2745, avg_kl_loss: 17.5561, avg_vq_loss: 3.5316, ppl: 1.1089, acc: 0.9679, vq_inds: [10, 10, 10, 10, 10, 10, 10, 10], unique_vq_codes: 12070, unique_suffix_codes: 12070, logdet: 0.0000 
val ---  avg_loss: 7.0383, avg_recon_loss: 1.8473, avg_kl_loss: 16.8112, avg_vq_loss: 3.5098, ppl: 1.1610, acc: 0.9541, vq_inds: [10, 10, 10, 10, 10, 10, 10, 10], unique_vq_codes: 1584, unique_suffix_codes: 1584, val_unique_suffix_codes: 1487 

epoch: 97,  avg_loss: 6.4576, avg_recon_loss: 1.2302, avg_kl_loss: 16.7422, avg_vq_loss: 3.5532, ppl: 1.1049, acc: 0.9692, vq_inds: [10, 10, 10, 10, 10, 10, 10, 10], unique_vq_codes: 12077, unique_suffix_codes: 12077, logdet: 0.0000 
val ---  avg_loss: 7.0539, avg_recon_loss: 1.9069, avg_kl_loss: 16.6184, avg_vq_loss: 3.4851, ppl: 1.1666, acc: 0.9529, vq_inds: [10, 10, 10, 10, 10, 10, 10, 10], unique_vq_codes: 1587, unique_suffix_codes: 1587, val_unique_suffix_codes: 1481 

epoch: 98,  avg_loss: 6.6577, avg_recon_loss: 1.3274, avg_kl_loss: 17.8298, avg_vq_loss: 3.5473, ppl: 1.1137, acc: 0.9664, vq_inds: [10, 10, 10, 10, 10, 10, 10, 10], unique_vq_codes: 12066, unique_suffix_codes: 12066, logdet: 0.0000 
val ---  avg_loss: 7.1799, avg_recon_loss: 1.9629, avg_kl_loss: 17.2329, avg_vq_loss: 3.4937, ppl: 1.1718, acc: 0.9520, vq_inds: [10, 10, 10, 10, 10, 10, 10, 10], unique_vq_codes: 1587, unique_suffix_codes: 1587, val_unique_suffix_codes: 1484 

epoch: 99,  avg_loss: 6.7790, avg_recon_loss: 1.4448, avg_kl_loss: 17.7547, avg_vq_loss: 3.5587, ppl: 1.1243, acc: 0.9634, vq_inds: [10, 10, 10, 10, 10, 10, 10, 10], unique_vq_codes: 12035, unique_suffix_codes: 12035, logdet: 0.0000 
val ---  avg_loss: 7.1072, avg_recon_loss: 1.7684, avg_kl_loss: 17.7118, avg_vq_loss: 3.5676, ppl: 1.1536, acc: 0.9564, vq_inds: [10, 10, 10, 10, 10, 10, 10, 10], unique_vq_codes: 1586, unique_suffix_codes: 1586, val_unique_suffix_codes: 1495 

epoch: 100,  avg_loss: 6.6275, avg_recon_loss: 1.3382, avg_kl_loss: 17.2772, avg_vq_loss: 3.5616, ppl: 1.1147, acc: 0.9664, vq_inds: [10, 10, 10, 10, 10, 10, 10, 10], unique_vq_codes: 12034, unique_suffix_codes: 12034, logdet: 0.0000 
val ---  avg_loss: 7.0905, avg_recon_loss: 1.8329, avg_kl_loss: 17.7798, avg_vq_loss: 3.4796, ppl: 1.1596, acc: 0.9556, vq_inds: [10, 10, 10, 10, 10, 10, 10, 10], unique_vq_codes: 1585, unique_suffix_codes: 1585, val_unique_suffix_codes: 1481 

epoch: 101,  avg_loss: 6.5955, avg_recon_loss: 1.2872, avg_kl_loss: 17.5875, avg_vq_loss: 3.5496, ppl: 1.1101, acc: 0.9678, vq_inds: [10, 10, 10, 10, 10, 10, 10, 10], unique_vq_codes: 12063, unique_suffix_codes: 12063, logdet: 0.0000 
val ---  avg_loss: 7.0272, avg_recon_loss: 1.8769, avg_kl_loss: 16.5403, avg_vq_loss: 3.4963, ppl: 1.1637, acc: 0.9538, vq_inds: [10, 10, 10, 10, 10, 10, 10, 10], unique_vq_codes: 1585, unique_suffix_codes: 1585, val_unique_suffix_codes: 1484 

epoch: 102,  avg_loss: 6.8020, avg_recon_loss: 1.3397, avg_kl_loss: 19.0712, avg_vq_loss: 3.5552, ppl: 1.1148, acc: 0.9668, vq_inds: [10, 10, 10, 10, 10, 10, 10, 10], unique_vq_codes: 12051, unique_suffix_codes: 12051, logdet: 0.0000 
val ---  avg_loss: 7.2454, avg_recon_loss: 1.9290, avg_kl_loss: 18.1985, avg_vq_loss: 3.4966, ppl: 1.1686, acc: 0.9521, vq_inds: [10, 10, 10, 10, 10, 10, 10, 10], unique_vq_codes: 1584, unique_suffix_codes: 1584, val_unique_suffix_codes: 1499 

epoch: 103,  avg_loss: 6.5339, avg_recon_loss: 1.2334, avg_kl_loss: 17.6877, avg_vq_loss: 3.5318, ppl: 1.1052, acc: 0.9685, vq_inds: [10, 10, 10, 10, 10, 10, 10, 10], unique_vq_codes: 12053, unique_suffix_codes: 12053, logdet: 0.0000 
val ---  avg_loss: 6.9864, avg_recon_loss: 1.7983, avg_kl_loss: 17.2520, avg_vq_loss: 3.4629, ppl: 1.1564, acc: 0.9549, vq_inds: [10, 10, 10, 10, 10, 10, 10, 10], unique_vq_codes: 1584, unique_suffix_codes: 1584, val_unique_suffix_codes: 1475 
update best loss 

epoch: 104,  avg_loss: 6.4476, avg_recon_loss: 1.2016, avg_kl_loss: 16.8698, avg_vq_loss: 3.5590, ppl: 1.1024, acc: 0.9697, vq_inds: [10, 10, 10, 10, 10, 10, 10, 10], unique_vq_codes: 12071, unique_suffix_codes: 12071, logdet: 0.0000 
val ---  avg_loss: 7.0431, avg_recon_loss: 1.8267, avg_kl_loss: 17.0631, avg_vq_loss: 3.5101, ppl: 1.1590, acc: 0.9555, vq_inds: [10, 10, 10, 10, 10, 10, 10, 10], unique_vq_codes: 1586, unique_suffix_codes: 1586, val_unique_suffix_codes: 1479 

epoch: 105,  avg_loss: 6.3930, avg_recon_loss: 1.1769, avg_kl_loss: 16.7424, avg_vq_loss: 3.5418, ppl: 1.1002, acc: 0.9705, vq_inds: [10, 10, 10, 10, 10, 10, 10, 10], unique_vq_codes: 12055, unique_suffix_codes: 12055, logdet: 0.0000 
val ---  avg_loss: 7.1092, avg_recon_loss: 1.9204, avg_kl_loss: 16.6434, avg_vq_loss: 3.5245, ppl: 1.1678, acc: 0.9539, vq_inds: [10, 10, 10, 10, 10, 10, 10, 10], unique_vq_codes: 1585, unique_suffix_codes: 1585, val_unique_suffix_codes: 1490 

epoch: 106,  avg_loss: 6.4070, avg_recon_loss: 1.1772, avg_kl_loss: 16.7124, avg_vq_loss: 3.5586, ppl: 1.1002, acc: 0.9704, vq_inds: [10, 10, 10, 10, 10, 10, 10, 10], unique_vq_codes: 12088, unique_suffix_codes: 12088, logdet: 0.0000 
val ---  avg_loss: 6.9891, avg_recon_loss: 1.7854, avg_kl_loss: 16.8168, avg_vq_loss: 3.5220, ppl: 1.1552, acc: 0.9561, vq_inds: [10, 10, 10, 10, 10, 10, 10, 10], unique_vq_codes: 1586, unique_suffix_codes: 1586, val_unique_suffix_codes: 1496 

epoch: 107,  avg_loss: 6.4535, avg_recon_loss: 1.1954, avg_kl_loss: 16.8692, avg_vq_loss: 3.5712, ppl: 1.1018, acc: 0.9696, vq_inds: [10, 10, 10, 10, 10, 10, 10, 10], unique_vq_codes: 12077, unique_suffix_codes: 12077, logdet: 0.0000 
val ---  avg_loss: 6.9667, avg_recon_loss: 1.8297, avg_kl_loss: 16.3486, avg_vq_loss: 3.5021, ppl: 1.1593, acc: 0.9551, vq_inds: [10, 10, 10, 10, 10, 10, 10, 10], unique_vq_codes: 1584, unique_suffix_codes: 1584, val_unique_suffix_codes: 1474 
update best loss 

epoch: 108,  avg_loss: 6.3673, avg_recon_loss: 1.1591, avg_kl_loss: 16.5425, avg_vq_loss: 3.5539, ppl: 1.0986, acc: 0.9709, vq_inds: [10, 10, 10, 10, 10, 10, 10, 10], unique_vq_codes: 12083, unique_suffix_codes: 12083, logdet: 0.0000 
val ---  avg_loss: 6.9888, avg_recon_loss: 1.7409, avg_kl_loss: 17.6260, avg_vq_loss: 3.4852, ppl: 1.1510, acc: 0.9590, vq_inds: [10, 10, 10, 10, 10, 10, 10, 10], unique_vq_codes: 1584, unique_suffix_codes: 1584, val_unique_suffix_codes: 1481 

epoch: 109,  avg_loss: 6.3426, avg_recon_loss: 1.1473, avg_kl_loss: 16.6582, avg_vq_loss: 3.5294, ppl: 1.0975, acc: 0.9710, vq_inds: [10, 10, 10, 10, 10, 10, 10, 10], unique_vq_codes: 12064, unique_suffix_codes: 12064, logdet: 0.0000 
val ---  avg_loss: 6.9006, avg_recon_loss: 1.6839, avg_kl_loss: 17.2237, avg_vq_loss: 3.4943, ppl: 1.1457, acc: 0.9600, vq_inds: [10, 10, 10, 10, 10, 10, 10, 10], unique_vq_codes: 1585, unique_suffix_codes: 1585, val_unique_suffix_codes: 1472 
update best loss 

epoch: 110,  avg_loss: 6.4271, avg_recon_loss: 1.1800, avg_kl_loss: 16.7066, avg_vq_loss: 3.5764, ppl: 1.1004, acc: 0.9706, vq_inds: [10, 10, 10, 10, 10, 10, 10, 10], unique_vq_codes: 12083, unique_suffix_codes: 12083, logdet: 0.0000 
val ---  avg_loss: 6.8694, avg_recon_loss: 1.6922, avg_kl_loss: 16.7524, avg_vq_loss: 3.5020, ppl: 1.1465, acc: 0.9590, vq_inds: [10, 10, 10, 10, 10, 10, 10, 10], unique_vq_codes: 1584, unique_suffix_codes: 1584, val_unique_suffix_codes: 1486 
update best loss 

epoch: 111,  avg_loss: 6.3019, avg_recon_loss: 1.1249, avg_kl_loss: 16.4021, avg_vq_loss: 3.5368, ppl: 1.0955, acc: 0.9718, vq_inds: [10, 10, 10, 10, 10, 10, 10, 10], unique_vq_codes: 12079, unique_suffix_codes: 12079, logdet: 0.0000 
val ---  avg_loss: 7.0647, avg_recon_loss: 1.8508, avg_kl_loss: 16.8578, avg_vq_loss: 3.5281, ppl: 1.1613, acc: 0.9559, vq_inds: [10, 10, 10, 10, 10, 10, 10, 10], unique_vq_codes: 1585, unique_suffix_codes: 1585, val_unique_suffix_codes: 1486 

epoch: 112,  avg_loss: 6.3569, avg_recon_loss: 1.1550, avg_kl_loss: 16.3902, avg_vq_loss: 3.5629, ppl: 1.0982, acc: 0.9708, vq_inds: [10, 10, 10, 10, 10, 10, 10, 10], unique_vq_codes: 12083, unique_suffix_codes: 12083, logdet: 0.0000 
val ---  avg_loss: 6.9609, avg_recon_loss: 1.8027, avg_kl_loss: 16.7329, avg_vq_loss: 3.4849, ppl: 1.1568, acc: 0.9554, vq_inds: [10, 10, 10, 10, 10, 10, 10, 10], unique_vq_codes: 1587, unique_suffix_codes: 1587, val_unique_suffix_codes: 1477 

epoch: 113,  avg_loss: 6.3490, avg_recon_loss: 1.1397, avg_kl_loss: 16.4843, avg_vq_loss: 3.5608, ppl: 1.0969, acc: 0.9715, vq_inds: [10, 10, 10, 10, 10, 10, 10, 10], unique_vq_codes: 12084, unique_suffix_codes: 12084, logdet: 0.0000 
val ---  avg_loss: 6.9961, avg_recon_loss: 1.8007, avg_kl_loss: 16.7379, avg_vq_loss: 3.5216, ppl: 1.1566, acc: 0.9555, vq_inds: [10, 10, 10, 10, 10, 10, 10, 10], unique_vq_codes: 1583, unique_suffix_codes: 1583, val_unique_suffix_codes: 1483 

epoch: 114,  avg_loss: 6.3599, avg_recon_loss: 1.1419, avg_kl_loss: 16.5253, avg_vq_loss: 3.5654, ppl: 1.0971, acc: 0.9714, vq_inds: [10, 10, 10, 10, 10, 10, 10, 10], unique_vq_codes: 12093, unique_suffix_codes: 12093, logdet: 0.0000 
val ---  avg_loss: 6.8882, avg_recon_loss: 1.7097, avg_kl_loss: 16.8320, avg_vq_loss: 3.4953, ppl: 1.1481, acc: 0.9583, vq_inds: [10, 10, 10, 10, 10, 10, 10, 10], unique_vq_codes: 1584, unique_suffix_codes: 1584, val_unique_suffix_codes: 1484 

epoch: 115,  avg_loss: 6.9489, avg_recon_loss: 1.4011, avg_kl_loss: 19.7930, avg_vq_loss: 3.5685, ppl: 1.1204, acc: 0.9650, vq_inds: [10, 10, 10, 10, 10, 10, 10, 10], unique_vq_codes: 12099, unique_suffix_codes: 12099, logdet: 0.0000 
val ---  avg_loss: 7.3673, avg_recon_loss: 1.9224, avg_kl_loss: 18.4928, avg_vq_loss: 3.5956, ppl: 1.1680, acc: 0.9542, vq_inds: [10, 10, 10, 10, 10, 10, 10, 10], unique_vq_codes: 1587, unique_suffix_codes: 1587, val_unique_suffix_codes: 1512 

epoch: 116,  avg_loss: 6.8124, avg_recon_loss: 1.4676, avg_kl_loss: 17.4921, avg_vq_loss: 3.5955, ppl: 1.1264, acc: 0.9621, vq_inds: [10, 10, 10, 10, 10, 10, 10, 10], unique_vq_codes: 12054, unique_suffix_codes: 12054, logdet: 0.0000 
val ---  avg_loss: 7.3288, avg_recon_loss: 1.9046, avg_kl_loss: 18.0504, avg_vq_loss: 3.6192, ppl: 1.1663, acc: 0.9516, vq_inds: [10, 10, 10, 10, 10, 10, 10, 10], unique_vq_codes: 1586, unique_suffix_codes: 1586, val_unique_suffix_codes: 1501 

epoch: 117,  avg_loss: 6.6346, avg_recon_loss: 1.2522, avg_kl_loss: 17.5186, avg_vq_loss: 3.6305, ppl: 1.1069, acc: 0.9684, vq_inds: [10, 10, 10, 10, 10, 10, 10, 10], unique_vq_codes: 12066, unique_suffix_codes: 12066, logdet: 0.0000 
val ---  avg_loss: 7.0655, avg_recon_loss: 1.8859, avg_kl_loss: 16.5111, avg_vq_loss: 3.5285, ppl: 1.1646, acc: 0.9541, vq_inds: [10, 10, 10, 10, 10, 10, 10, 10], unique_vq_codes: 1582, unique_suffix_codes: 1582, val_unique_suffix_codes: 1482 

epoch: 118,  avg_loss: 6.6493, avg_recon_loss: 1.2905, avg_kl_loss: 17.5363, avg_vq_loss: 3.6052, ppl: 1.1104, acc: 0.9670, vq_inds: [10, 10, 10, 10, 10, 10, 10, 10], unique_vq_codes: 12091, unique_suffix_codes: 12091, logdet: 0.0000 
val ---  avg_loss: 7.1760, avg_recon_loss: 1.8420, avg_kl_loss: 17.8697, avg_vq_loss: 3.5470, ppl: 1.1605, acc: 0.9531, vq_inds: [10, 10, 10, 10, 10, 10, 10, 10], unique_vq_codes: 1584, unique_suffix_codes: 1584, val_unique_suffix_codes: 1492 

epoch: 119,  avg_loss: 6.4896, avg_recon_loss: 1.2014, avg_kl_loss: 16.9937, avg_vq_loss: 3.5889, ppl: 1.1024, acc: 0.9696, vq_inds: [10, 10, 10, 10, 10, 10, 10, 10], unique_vq_codes: 12079, unique_suffix_codes: 12079, logdet: 0.0000 
val ---  avg_loss: 7.0773, avg_recon_loss: 1.8130, avg_kl_loss: 16.7087, avg_vq_loss: 3.5935, ppl: 1.1577, acc: 0.9555, vq_inds: [10, 10, 10, 10, 10, 10, 10, 10], unique_vq_codes: 1583, unique_suffix_codes: 1583, val_unique_suffix_codes: 1483 

epoch: 120,  avg_loss: 6.5804, avg_recon_loss: 1.2270, avg_kl_loss: 17.1341, avg_vq_loss: 3.6400, ppl: 1.1046, acc: 0.9691, vq_inds: [10, 10, 10, 10, 10, 10, 10, 10], unique_vq_codes: 12064, unique_suffix_codes: 12064, logdet: 0.0000 
val ---  avg_loss: 7.0587, avg_recon_loss: 1.8028, avg_kl_loss: 16.6547, avg_vq_loss: 3.5904, ppl: 1.1568, acc: 0.9556, vq_inds: [10, 10, 10, 10, 10, 10, 10, 10], unique_vq_codes: 1583, unique_suffix_codes: 1583, val_unique_suffix_codes: 1500 

epoch: 121,  avg_loss: 6.4643, avg_recon_loss: 1.1810, avg_kl_loss: 16.7490, avg_vq_loss: 3.6084, ppl: 1.1005, acc: 0.9699, vq_inds: [10, 10, 10, 10, 10, 10, 10, 10], unique_vq_codes: 12073, unique_suffix_codes: 12073, logdet: 0.0000 
val ---  avg_loss: 6.9115, avg_recon_loss: 1.7306, avg_kl_loss: 16.0683, avg_vq_loss: 3.5741, ppl: 1.1501, acc: 0.9581, vq_inds: [10, 10, 10, 10, 10, 10, 10, 10], unique_vq_codes: 1588, unique_suffix_codes: 1588, val_unique_suffix_codes: 1505 

epoch: 122,  avg_loss: 6.3109, avg_recon_loss: 1.1264, avg_kl_loss: 16.0836, avg_vq_loss: 3.5762, ppl: 1.0957, acc: 0.9717, vq_inds: [10, 10, 10, 10, 10, 10, 10, 10], unique_vq_codes: 12071, unique_suffix_codes: 12071, logdet: 0.0000 
val ---  avg_loss: 6.8722, avg_recon_loss: 1.6741, avg_kl_loss: 16.7793, avg_vq_loss: 3.5201, ppl: 1.1448, acc: 0.9577, vq_inds: [10, 10, 10, 10, 10, 10, 10, 10], unique_vq_codes: 1587, unique_suffix_codes: 1587, val_unique_suffix_codes: 1494 

epoch: 123,  avg_loss: 6.3322, avg_recon_loss: 1.1324, avg_kl_loss: 16.1147, avg_vq_loss: 3.5884, ppl: 1.0962, acc: 0.9712, vq_inds: [10, 10, 10, 10, 10, 10, 10, 10], unique_vq_codes: 12065, unique_suffix_codes: 12065, logdet: 0.0000 
val ---  avg_loss: 6.9190, avg_recon_loss: 1.7233, avg_kl_loss: 16.3054, avg_vq_loss: 3.5652, ppl: 1.1494, acc: 0.9577, vq_inds: [10, 10, 10, 10, 10, 10, 10, 10], unique_vq_codes: 1586, unique_suffix_codes: 1586, val_unique_suffix_codes: 1500 

epoch: 124,  avg_loss: 6.3450, avg_recon_loss: 1.0982, avg_kl_loss: 16.4269, avg_vq_loss: 3.6041, ppl: 1.0932, acc: 0.9723, vq_inds: [10, 10, 10, 10, 10, 10, 10, 10], unique_vq_codes: 12074, unique_suffix_codes: 12074, logdet: 0.0000 
val ---  avg_loss: 6.9341, avg_recon_loss: 1.7186, avg_kl_loss: 16.6405, avg_vq_loss: 3.5515, ppl: 1.1489, acc: 0.9572, vq_inds: [10, 10, 10, 10, 10, 10, 10, 10], unique_vq_codes: 1587, unique_suffix_codes: 1587, val_unique_suffix_codes: 1512 

epoch: 125,  avg_loss: 6.3450, avg_recon_loss: 1.1214, avg_kl_loss: 16.2179, avg_vq_loss: 3.6018, ppl: 1.0952, acc: 0.9715, vq_inds: [10, 10, 10, 10, 10, 10, 10, 10], unique_vq_codes: 12086, unique_suffix_codes: 12086, logdet: 0.0000 
val ---  avg_loss: 7.0104, avg_recon_loss: 1.8680, avg_kl_loss: 16.2278, avg_vq_loss: 3.5197, ppl: 1.1629, acc: 0.9545, vq_inds: [10, 10, 10, 10, 10, 10, 10, 10], unique_vq_codes: 1587, unique_suffix_codes: 1587, val_unique_suffix_codes: 1506 

epoch: 126,  avg_loss: 6.2981, avg_recon_loss: 1.1087, avg_kl_loss: 15.9506, avg_vq_loss: 3.5943, ppl: 1.0941, acc: 0.9723, vq_inds: [10, 10, 10, 10, 10, 10, 10, 10], unique_vq_codes: 12078, unique_suffix_codes: 12078, logdet: 0.0000 
val ---  avg_loss: 6.9516, avg_recon_loss: 1.7803, avg_kl_loss: 16.1098, avg_vq_loss: 3.5603, ppl: 1.1547, acc: 0.9551, vq_inds: [10, 10, 10, 10, 10, 10, 10, 10], unique_vq_codes: 1584, unique_suffix_codes: 1584, val_unique_suffix_codes: 1495 

epoch: 127,  avg_loss: 6.2637, avg_recon_loss: 1.0716, avg_kl_loss: 15.8517, avg_vq_loss: 3.6069, ppl: 1.0908, acc: 0.9731, vq_inds: [10, 10, 10, 10, 10, 10, 10, 10], unique_vq_codes: 12079, unique_suffix_codes: 12079, logdet: 0.0000 
val ---  avg_loss: 7.2897, avg_recon_loss: 2.0093, avg_kl_loss: 17.2473, avg_vq_loss: 3.5556, ppl: 1.1763, acc: 0.9522, vq_inds: [10, 10, 10, 10, 10, 10, 10, 10], unique_vq_codes: 1586, unique_suffix_codes: 1586, val_unique_suffix_codes: 1487 

epoch: 128,  avg_loss: 6.4065, avg_recon_loss: 1.1478, avg_kl_loss: 16.4485, avg_vq_loss: 3.6138, ppl: 1.0976, acc: 0.9708, vq_inds: [10, 10, 10, 10, 10, 10, 10, 10], unique_vq_codes: 12090, unique_suffix_codes: 12090, logdet: 0.0000 
val ---  avg_loss: 6.9424, avg_recon_loss: 1.8276, avg_kl_loss: 15.9090, avg_vq_loss: 3.5239, ppl: 1.1591, acc: 0.9548, vq_inds: [10, 10, 10, 10, 10, 10, 10, 10], unique_vq_codes: 1585, unique_suffix_codes: 1585, val_unique_suffix_codes: 1492 

epoch: 129,  avg_loss: 6.2744, avg_recon_loss: 1.0862, avg_kl_loss: 16.0880, avg_vq_loss: 3.5794, ppl: 1.0921, acc: 0.9729, vq_inds: [10, 10, 10, 10, 10, 10, 10, 10], unique_vq_codes: 12067, unique_suffix_codes: 12067, logdet: 0.0000 
val ---  avg_loss: 6.8293, avg_recon_loss: 1.7269, avg_kl_loss: 15.6999, avg_vq_loss: 3.5324, ppl: 1.1497, acc: 0.9567, vq_inds: [10, 10, 10, 10, 10, 10, 10, 10], unique_vq_codes: 1587, unique_suffix_codes: 1587, val_unique_suffix_codes: 1489 
update best loss 

epoch: 130,  avg_loss: 6.3746, avg_recon_loss: 1.1201, avg_kl_loss: 16.8214, avg_vq_loss: 3.5724, ppl: 1.0951, acc: 0.9720, vq_inds: [10, 10, 10, 10, 10, 10, 10, 10], unique_vq_codes: 12081, unique_suffix_codes: 12081, logdet: 0.0000 
val ---  avg_loss: 6.8699, avg_recon_loss: 1.8034, avg_kl_loss: 15.4567, avg_vq_loss: 3.5208, ppl: 1.1568, acc: 0.9572, vq_inds: [10, 10, 10, 10, 10, 10, 10, 10], unique_vq_codes: 1585, unique_suffix_codes: 1585, val_unique_suffix_codes: 1500 

epoch: 131,  avg_loss: 6.4242, avg_recon_loss: 1.1697, avg_kl_loss: 16.4149, avg_vq_loss: 3.6131, ppl: 1.0995, acc: 0.9700, vq_inds: [10, 10, 10, 10, 10, 10, 10, 10], unique_vq_codes: 12066, unique_suffix_codes: 12066, logdet: 0.0000 
val ---  avg_loss: 7.0387, avg_recon_loss: 1.8103, avg_kl_loss: 16.3644, avg_vq_loss: 3.5920, ppl: 1.1575, acc: 0.9562, vq_inds: [10, 10, 10, 10, 10, 10, 10, 10], unique_vq_codes: 1587, unique_suffix_codes: 1587, val_unique_suffix_codes: 1507 

epoch: 132,  avg_loss: 6.3792, avg_recon_loss: 1.1437, avg_kl_loss: 16.1493, avg_vq_loss: 3.6205, ppl: 1.0972, acc: 0.9710, vq_inds: [10, 10, 10, 10, 10, 10, 10, 10], unique_vq_codes: 12088, unique_suffix_codes: 12088, logdet: 0.0000 
val ---  avg_loss: 6.9723, avg_recon_loss: 1.7991, avg_kl_loss: 16.5826, avg_vq_loss: 3.5149, ppl: 1.1564, acc: 0.9580, vq_inds: [10, 10, 10, 10, 10, 10, 10, 10], unique_vq_codes: 1588, unique_suffix_codes: 1588, val_unique_suffix_codes: 1489 

epoch: 133,  avg_loss: 6.3286, avg_recon_loss: 1.1079, avg_kl_loss: 15.9669, avg_vq_loss: 3.6240, ppl: 1.0940, acc: 0.9717, vq_inds: [10, 10, 10, 10, 10, 10, 10, 10], unique_vq_codes: 12085, unique_suffix_codes: 12085, logdet: 0.0000 
val ---  avg_loss: 7.0075, avg_recon_loss: 1.7609, avg_kl_loss: 16.3569, avg_vq_loss: 3.6109, ppl: 1.1529, acc: 0.9562, vq_inds: [10, 10, 10, 10, 10, 10, 10, 10], unique_vq_codes: 1586, unique_suffix_codes: 1586, val_unique_suffix_codes: 1492 

epoch: 134,  avg_loss: 6.4201, avg_recon_loss: 1.1409, avg_kl_loss: 16.5780, avg_vq_loss: 3.6214, ppl: 1.0970, acc: 0.9711, vq_inds: [10, 10, 10, 10, 10, 10, 10, 10], unique_vq_codes: 12082, unique_suffix_codes: 12082, logdet: 0.0000 
val ---  avg_loss: 7.0982, avg_recon_loss: 1.8518, avg_kl_loss: 16.1905, avg_vq_loss: 3.6273, ppl: 1.1614, acc: 0.9538, vq_inds: [10, 10, 10, 10, 10, 10, 10, 10], unique_vq_codes: 1586, unique_suffix_codes: 1586, val_unique_suffix_codes: 1505 

epoch: 135,  avg_loss: 6.2813, avg_recon_loss: 1.0849, avg_kl_loss: 15.6750, avg_vq_loss: 3.6289, ppl: 1.0920, acc: 0.9724, vq_inds: [10, 10, 10, 10, 10, 10, 10, 10], unique_vq_codes: 12086, unique_suffix_codes: 12086, logdet: 0.0000 
val ---  avg_loss: 7.0804, avg_recon_loss: 1.8183, avg_kl_loss: 16.4500, avg_vq_loss: 3.6171, ppl: 1.1582, acc: 0.9561, vq_inds: [10, 10, 10, 10, 10, 10, 10, 10], unique_vq_codes: 1586, unique_suffix_codes: 1586, val_unique_suffix_codes: 1491 

epoch: 136,  avg_loss: 6.2032, avg_recon_loss: 1.0168, avg_kl_loss: 15.9023, avg_vq_loss: 3.5962, ppl: 1.0860, acc: 0.9742, vq_inds: [10, 10, 10, 10, 10, 10, 10, 10], unique_vq_codes: 12092, unique_suffix_codes: 12092, logdet: 0.0000 
val ---  avg_loss: 6.9543, avg_recon_loss: 1.7967, avg_kl_loss: 15.8842, avg_vq_loss: 3.5692, ppl: 1.1562, acc: 0.9558, vq_inds: [10, 10, 10, 10, 10, 10, 10, 10], unique_vq_codes: 1585, unique_suffix_codes: 1585, val_unique_suffix_codes: 1479 

epoch: 137,  avg_loss: 6.2059, avg_recon_loss: 1.0136, avg_kl_loss: 15.8974, avg_vq_loss: 3.6025, ppl: 1.0857, acc: 0.9746, vq_inds: [10, 10, 10, 10, 10, 10, 10, 10], unique_vq_codes: 12090, unique_suffix_codes: 12090, logdet: 0.0000 
val ---  avg_loss: 6.9492, avg_recon_loss: 1.8616, avg_kl_loss: 15.1631, avg_vq_loss: 3.5713, ppl: 1.1623, acc: 0.9547, vq_inds: [10, 10, 10, 10, 10, 10, 10, 10], unique_vq_codes: 1583, unique_suffix_codes: 1583, val_unique_suffix_codes: 1491 

epoch: 138,  avg_loss: 6.2272, avg_recon_loss: 1.0683, avg_kl_loss: 15.4913, avg_vq_loss: 3.6098, ppl: 1.0905, acc: 0.9730, vq_inds: [10, 10, 10, 10, 10, 10, 10, 10], unique_vq_codes: 12089, unique_suffix_codes: 12089, logdet: 0.0000 
val ---  avg_loss: 7.0015, avg_recon_loss: 1.7738, avg_kl_loss: 16.4508, avg_vq_loss: 3.5826, ppl: 1.1541, acc: 0.9571, vq_inds: [10, 10, 10, 10, 10, 10, 10, 10], unique_vq_codes: 1588, unique_suffix_codes: 1588, val_unique_suffix_codes: 1499 

epoch: 139,  avg_loss: 6.3983, avg_recon_loss: 1.1441, avg_kl_loss: 16.4347, avg_vq_loss: 3.6107, ppl: 1.0972, acc: 0.9711, vq_inds: [10, 10, 10, 10, 10, 10, 10, 10], unique_vq_codes: 12097, unique_suffix_codes: 12097, logdet: 0.0000 
val ---  avg_loss: 6.8753, avg_recon_loss: 1.7288, avg_kl_loss: 15.8335, avg_vq_loss: 3.5631, ppl: 1.1499, acc: 0.9584, vq_inds: [10, 10, 10, 10, 10, 10, 10, 10], unique_vq_codes: 1587, unique_suffix_codes: 1587, val_unique_suffix_codes: 1497 

epoch: 140,  avg_loss: 6.3193, avg_recon_loss: 1.0716, avg_kl_loss: 16.1724, avg_vq_loss: 3.6305, ppl: 1.0908, acc: 0.9729, vq_inds: [10, 10, 10, 10, 10, 10, 10, 10], unique_vq_codes: 12101, unique_suffix_codes: 12101, logdet: 0.0000 
val ---  avg_loss: 7.2437, avg_recon_loss: 1.8480, avg_kl_loss: 17.5038, avg_vq_loss: 3.6453, ppl: 1.1610, acc: 0.9555, vq_inds: [10, 10, 10, 10, 10, 10, 10, 10], unique_vq_codes: 1584, unique_suffix_codes: 1584, val_unique_suffix_codes: 1497 

epoch: 141,  avg_loss: 6.2318, avg_recon_loss: 1.0634, avg_kl_loss: 15.8060, avg_vq_loss: 3.5878, ppl: 1.0901, acc: 0.9733, vq_inds: [10, 10, 10, 10, 10, 10, 10, 10], unique_vq_codes: 12082, unique_suffix_codes: 12082, logdet: 0.0000 
val ---  avg_loss: 6.7774, avg_recon_loss: 1.6785, avg_kl_loss: 15.3082, avg_vq_loss: 3.5681, ppl: 1.1452, acc: 0.9587, vq_inds: [10, 10, 10, 10, 10, 10, 10, 10], unique_vq_codes: 1587, unique_suffix_codes: 1587, val_unique_suffix_codes: 1490 
update best loss 

epoch: 142,  avg_loss: 6.2099, avg_recon_loss: 1.0278, avg_kl_loss: 15.4958, avg_vq_loss: 3.6326, ppl: 1.0869, acc: 0.9745, vq_inds: [10, 10, 10, 10, 10, 10, 10, 10], unique_vq_codes: 12104, unique_suffix_codes: 12104, logdet: 0.0000 
val ---  avg_loss: 6.8603, avg_recon_loss: 1.7615, avg_kl_loss: 15.4686, avg_vq_loss: 3.5519, ppl: 1.1529, acc: 0.9585, vq_inds: [10, 10, 10, 10, 10, 10, 10, 10], unique_vq_codes: 1586, unique_suffix_codes: 1586, val_unique_suffix_codes: 1489 

epoch: 143,  avg_loss: 6.1956, avg_recon_loss: 1.0420, avg_kl_loss: 15.3995, avg_vq_loss: 3.6136, ppl: 1.0882, acc: 0.9738, vq_inds: [10, 10, 10, 10, 10, 10, 10, 10], unique_vq_codes: 12110, unique_suffix_codes: 12110, logdet: 0.0000 
val ---  avg_loss: 6.8531, avg_recon_loss: 1.8034, avg_kl_loss: 15.0608, avg_vq_loss: 3.5436, ppl: 1.1568, acc: 0.9562, vq_inds: [10, 10, 10, 10, 10, 10, 10, 10], unique_vq_codes: 1587, unique_suffix_codes: 1587, val_unique_suffix_codes: 1493 

epoch: 144,  avg_loss: 6.2546, avg_recon_loss: 1.0752, avg_kl_loss: 15.6401, avg_vq_loss: 3.6154, ppl: 1.0911, acc: 0.9728, vq_inds: [10, 10, 10, 10, 10, 10, 10, 10], unique_vq_codes: 12094, unique_suffix_codes: 12094, logdet: 0.0000 
val ---  avg_loss: 7.0499, avg_recon_loss: 1.8231, avg_kl_loss: 16.2697, avg_vq_loss: 3.5998, ppl: 1.1587, acc: 0.9563, vq_inds: [10, 10, 10, 10, 10, 10, 10, 10], unique_vq_codes: 1587, unique_suffix_codes: 1587, val_unique_suffix_codes: 1499 

epoch: 145,  avg_loss: 6.2491, avg_recon_loss: 1.0429, avg_kl_loss: 15.8145, avg_vq_loss: 3.6247, ppl: 1.0883, acc: 0.9737, vq_inds: [10, 10, 10, 10, 10, 10, 10, 10], unique_vq_codes: 12090, unique_suffix_codes: 12090, logdet: 0.0000 
val ---  avg_loss: 6.7344, avg_recon_loss: 1.6858, avg_kl_loss: 15.2319, avg_vq_loss: 3.5254, ppl: 1.1459, acc: 0.9582, vq_inds: [10, 10, 10, 10, 10, 10, 10, 10], unique_vq_codes: 1584, unique_suffix_codes: 1584, val_unique_suffix_codes: 1498 
update best loss 

epoch: 146,  avg_loss: 6.3268, avg_recon_loss: 1.0869, avg_kl_loss: 16.1451, avg_vq_loss: 3.6253, ppl: 1.0922, acc: 0.9722, vq_inds: [10, 10, 10, 10, 10, 10, 10, 10], unique_vq_codes: 12088, unique_suffix_codes: 12088, logdet: 0.0000 
val ---  avg_loss: 7.0101, avg_recon_loss: 1.7586, avg_kl_loss: 16.9266, avg_vq_loss: 3.5588, ppl: 1.1527, acc: 0.9554, vq_inds: [10, 10, 10, 10, 10, 10, 10, 10], unique_vq_codes: 1586, unique_suffix_codes: 1586, val_unique_suffix_codes: 1494 

epoch: 147,  avg_loss: 6.2855, avg_recon_loss: 1.0734, avg_kl_loss: 15.5636, avg_vq_loss: 3.6558, ppl: 1.0910, acc: 0.9727, vq_inds: [10, 10, 10, 10, 10, 10, 10, 10], unique_vq_codes: 12092, unique_suffix_codes: 12092, logdet: 0.0000 
val ---  avg_loss: 6.8481, avg_recon_loss: 1.6974, avg_kl_loss: 15.7671, avg_vq_loss: 3.5739, ppl: 1.1470, acc: 0.9601, vq_inds: [10, 10, 10, 10, 10, 10, 10, 10], unique_vq_codes: 1586, unique_suffix_codes: 1586, val_unique_suffix_codes: 1496 

epoch: 148,  avg_loss: 6.3382, avg_recon_loss: 1.1038, avg_kl_loss: 15.8729, avg_vq_loss: 3.6472, ppl: 1.0937, acc: 0.9721, vq_inds: [10, 10, 10, 10, 10, 10, 10, 10], unique_vq_codes: 12100, unique_suffix_codes: 12100, logdet: 0.0000 
val ---  avg_loss: 6.8546, avg_recon_loss: 1.7461, avg_kl_loss: 15.8236, avg_vq_loss: 3.5262, ppl: 1.1515, acc: 0.9573, vq_inds: [10, 10, 10, 10, 10, 10, 10, 10], unique_vq_codes: 1588, unique_suffix_codes: 1588, val_unique_suffix_codes: 1495 

epoch: 149,  avg_loss: 6.3026, avg_recon_loss: 1.0938, avg_kl_loss: 15.8595, avg_vq_loss: 3.6229, ppl: 1.0928, acc: 0.9723, vq_inds: [10, 10, 10, 10, 10, 10, 10, 10], unique_vq_codes: 12074, unique_suffix_codes: 12074, logdet: 0.0000 
val ---  avg_loss: 6.9918, avg_recon_loss: 1.7822, avg_kl_loss: 15.8095, avg_vq_loss: 3.6286, ppl: 1.1549, acc: 0.9573, vq_inds: [10, 10, 10, 10, 10, 10, 10, 10], unique_vq_codes: 1585, unique_suffix_codes: 1585, val_unique_suffix_codes: 1504 

epoch: 150,  avg_loss: 6.2578, avg_recon_loss: 1.0765, avg_kl_loss: 15.3389, avg_vq_loss: 3.6474, ppl: 1.0912, acc: 0.9729, vq_inds: [10, 10, 10, 10, 10, 10, 10, 10], unique_vq_codes: 12083, unique_suffix_codes: 12083, logdet: 0.0000 
val ---  avg_loss: 7.1801, avg_recon_loss: 1.9326, avg_kl_loss: 16.2450, avg_vq_loss: 3.6230, ppl: 1.1690, acc: 0.9537, vq_inds: [10, 10, 10, 10, 10, 10, 10, 10], unique_vq_codes: 1586, unique_suffix_codes: 1586, val_unique_suffix_codes: 1489 

epoch: 151,  avg_loss: 6.4133, avg_recon_loss: 1.1972, avg_kl_loss: 15.8025, avg_vq_loss: 3.6358, ppl: 1.1020, acc: 0.9696, vq_inds: [10, 10, 10, 10, 10, 10, 10, 10], unique_vq_codes: 12111, unique_suffix_codes: 12111, logdet: 0.0000 
val ---  avg_loss: 6.8674, avg_recon_loss: 1.7898, avg_kl_loss: 15.4629, avg_vq_loss: 3.5313, ppl: 1.1556, acc: 0.9571, vq_inds: [10, 10, 10, 10, 10, 10, 10, 10], unique_vq_codes: 1584, unique_suffix_codes: 1584, val_unique_suffix_codes: 1497 

epoch: 152,  avg_loss: 6.2365, avg_recon_loss: 1.0643, avg_kl_loss: 15.2194, avg_vq_loss: 3.6502, ppl: 1.0902, acc: 0.9739, vq_inds: [10, 10, 10, 10, 10, 10, 10, 10], unique_vq_codes: 12098, unique_suffix_codes: 12098, logdet: 0.0000 
val ---  avg_loss: 6.8858, avg_recon_loss: 1.7632, avg_kl_loss: 15.1683, avg_vq_loss: 3.6058, ppl: 1.1531, acc: 0.9572, vq_inds: [10, 10, 10, 10, 10, 10, 10, 10], unique_vq_codes: 1585, unique_suffix_codes: 1585, val_unique_suffix_codes: 1489 

epoch: 153,  avg_loss: 6.2990, avg_recon_loss: 1.0362, avg_kl_loss: 16.1899, avg_vq_loss: 3.6438, ppl: 1.0877, acc: 0.9735, vq_inds: [10, 10, 10, 10, 10, 10, 10, 10], unique_vq_codes: 12094, unique_suffix_codes: 12094, logdet: 0.0000 
val ---  avg_loss: 6.9723, avg_recon_loss: 1.7784, avg_kl_loss: 15.7363, avg_vq_loss: 3.6203, ppl: 1.1545, acc: 0.9570, vq_inds: [10, 10, 10, 10, 10, 10, 10, 10], unique_vq_codes: 1584, unique_suffix_codes: 1584, val_unique_suffix_codes: 1493 

epoch: 154,  avg_loss: 6.1593, avg_recon_loss: 1.0046, avg_kl_loss: 15.3374, avg_vq_loss: 3.6210, ppl: 1.0849, acc: 0.9747, vq_inds: [10, 10, 10, 10, 10, 10, 10, 10], unique_vq_codes: 12090, unique_suffix_codes: 12090, logdet: 0.0000 
val ---  avg_loss: 6.9092, avg_recon_loss: 1.7982, avg_kl_loss: 15.0506, avg_vq_loss: 3.6060, ppl: 1.1564, acc: 0.9576, vq_inds: [10, 10, 10, 10, 10, 10, 10, 10], unique_vq_codes: 1584, unique_suffix_codes: 1584, val_unique_suffix_codes: 1489 

epoch: 155,  avg_loss: 6.1054, avg_recon_loss: 0.9770, avg_kl_loss: 14.8409, avg_vq_loss: 3.6443, ppl: 1.0825, acc: 0.9755, vq_inds: [10, 10, 10, 10, 10, 10, 10, 10], unique_vq_codes: 12105, unique_suffix_codes: 12105, logdet: 0.0000 
val ---  avg_loss: 6.8766, avg_recon_loss: 1.7754, avg_kl_loss: 15.1744, avg_vq_loss: 3.5837, ppl: 1.1542, acc: 0.9564, vq_inds: [10, 10, 10, 10, 10, 10, 10, 10], unique_vq_codes: 1585, unique_suffix_codes: 1585, val_unique_suffix_codes: 1486 

epoch: 156,  avg_loss: 6.2704, avg_recon_loss: 1.0504, avg_kl_loss: 15.8866, avg_vq_loss: 3.6314, ppl: 1.0889, acc: 0.9738, vq_inds: [10, 10, 10, 10, 10, 10, 10, 10], unique_vq_codes: 12100, unique_suffix_codes: 12100, logdet: 0.0000 
val ---  avg_loss: 6.8195, avg_recon_loss: 1.7274, avg_kl_loss: 15.2240, avg_vq_loss: 3.5698, ppl: 1.1498, acc: 0.9600, vq_inds: [10, 10, 10, 10, 10, 10, 10, 10], unique_vq_codes: 1584, unique_suffix_codes: 1584, val_unique_suffix_codes: 1489 

epoch: 157,  avg_loss: 6.1501, avg_recon_loss: 1.0035, avg_kl_loss: 15.3221, avg_vq_loss: 3.6144, ppl: 1.0848, acc: 0.9747, vq_inds: [10, 10, 10, 10, 10, 10, 10, 10], unique_vq_codes: 12098, unique_suffix_codes: 12098, logdet: 0.0000 
val ---  avg_loss: 6.9108, avg_recon_loss: 1.7249, avg_kl_loss: 16.1441, avg_vq_loss: 3.5715, ppl: 1.1495, acc: 0.9576, vq_inds: [10, 10, 10, 10, 10, 10, 10, 10], unique_vq_codes: 1587, unique_suffix_codes: 1587, val_unique_suffix_codes: 1491 

epoch: 158,  avg_loss: 6.1963, avg_recon_loss: 1.0236, avg_kl_loss: 15.2760, avg_vq_loss: 3.6451, ppl: 1.0866, acc: 0.9741, vq_inds: [10, 10, 10, 10, 10, 10, 10, 10], unique_vq_codes: 12066, unique_suffix_codes: 12066, logdet: 0.0000 
val ---  avg_loss: 6.8831, avg_recon_loss: 1.7677, avg_kl_loss: 15.1540, avg_vq_loss: 3.6000, ppl: 1.1535, acc: 0.9570, vq_inds: [10, 10, 10, 10, 10, 10, 10, 10], unique_vq_codes: 1586, unique_suffix_codes: 1586, val_unique_suffix_codes: 1497 

epoch: 159,  avg_loss: 6.2068, avg_recon_loss: 1.0189, avg_kl_loss: 15.3542, avg_vq_loss: 3.6525, ppl: 1.0862, acc: 0.9741, vq_inds: [10, 10, 10, 10, 10, 10, 10, 10], unique_vq_codes: 12106, unique_suffix_codes: 12106, logdet: 0.0000 
val ---  avg_loss: 6.9133, avg_recon_loss: 1.7641, avg_kl_loss: 16.1453, avg_vq_loss: 3.5347, ppl: 1.1532, acc: 0.9575, vq_inds: [10, 10, 10, 10, 10, 10, 10, 10], unique_vq_codes: 1586, unique_suffix_codes: 1586, val_unique_suffix_codes: 1493 

epoch: 160,  avg_loss: 6.1102, avg_recon_loss: 0.9799, avg_kl_loss: 15.0128, avg_vq_loss: 3.6290, ppl: 1.0827, acc: 0.9749, vq_inds: [10, 10, 10, 10, 10, 10, 10, 10], unique_vq_codes: 12099, unique_suffix_codes: 12099, logdet: 0.0000 
val ---  avg_loss: 6.7491, avg_recon_loss: 1.6228, avg_kl_loss: 15.3345, avg_vq_loss: 3.5929, ppl: 1.1401, acc: 0.9620, vq_inds: [10, 10, 10, 10, 10, 10, 10, 10], unique_vq_codes: 1585, unique_suffix_codes: 1585, val_unique_suffix_codes: 1501 

epoch: 161,  avg_loss: 6.1219, avg_recon_loss: 0.9706, avg_kl_loss: 15.0581, avg_vq_loss: 3.6454, ppl: 1.0819, acc: 0.9752, vq_inds: [10, 10, 10, 10, 10, 10, 10, 10], unique_vq_codes: 12121, unique_suffix_codes: 12121, logdet: 0.0000 
val ---  avg_loss: 6.8993, avg_recon_loss: 1.7719, avg_kl_loss: 15.2608, avg_vq_loss: 3.6014, ppl: 1.1539, acc: 0.9576, vq_inds: [10, 10, 10, 10, 10, 10, 10, 10], unique_vq_codes: 1585, unique_suffix_codes: 1585, val_unique_suffix_codes: 1492 

epoch: 162,  avg_loss: 6.1039, avg_recon_loss: 0.9777, avg_kl_loss: 14.8957, avg_vq_loss: 3.6367, ppl: 1.0825, acc: 0.9750, vq_inds: [10, 10, 10, 10, 10, 10, 10, 10], unique_vq_codes: 12090, unique_suffix_codes: 12090, logdet: 0.0000 
val ---  avg_loss: 6.8113, avg_recon_loss: 1.6703, avg_kl_loss: 15.2851, avg_vq_loss: 3.6124, ppl: 1.1445, acc: 0.9608, vq_inds: [10, 10, 10, 10, 10, 10, 10, 10], unique_vq_codes: 1584, unique_suffix_codes: 1584, val_unique_suffix_codes: 1487 

epoch: 163,  avg_loss: 6.0624, avg_recon_loss: 0.9653, avg_kl_loss: 14.8300, avg_vq_loss: 3.6141, ppl: 1.0814, acc: 0.9754, vq_inds: [10, 10, 10, 10, 10, 10, 10, 10], unique_vq_codes: 12102, unique_suffix_codes: 12102, logdet: 0.0000 
val ---  avg_loss: 6.7785, avg_recon_loss: 1.6802, avg_kl_loss: 15.0557, avg_vq_loss: 3.5928, ppl: 1.1454, acc: 0.9604, vq_inds: [10, 10, 10, 10, 10, 10, 10, 10], unique_vq_codes: 1586, unique_suffix_codes: 1586, val_unique_suffix_codes: 1487 

epoch: 164,  avg_loss: 6.5982, avg_recon_loss: 1.1224, avg_kl_loss: 18.4757, avg_vq_loss: 3.6282, ppl: 1.0953, acc: 0.9719, vq_inds: [10, 10, 10, 10, 10, 10, 10, 10], unique_vq_codes: 12105, unique_suffix_codes: 12105, logdet: 0.0000 
val ---  avg_loss: 7.2813, avg_recon_loss: 1.9677, avg_kl_loss: 17.3650, avg_vq_loss: 3.5771, ppl: 1.1723, acc: 0.9528, vq_inds: [10, 10, 10, 10, 10, 10, 10, 10], unique_vq_codes: 1587, unique_suffix_codes: 1587, val_unique_suffix_codes: 1513 

epoch: 165,  avg_loss: 6.3845, avg_recon_loss: 1.1066, avg_kl_loss: 16.3636, avg_vq_loss: 3.6416, ppl: 1.0939, acc: 0.9715, vq_inds: [10, 10, 10, 10, 10, 10, 10, 10], unique_vq_codes: 12111, unique_suffix_codes: 12111, logdet: 0.0000 
val ---  avg_loss: 6.9112, avg_recon_loss: 1.7064, avg_kl_loss: 16.2611, avg_vq_loss: 3.5788, ppl: 1.1478, acc: 0.9593, vq_inds: [10, 10, 10, 10, 10, 10, 10, 10], unique_vq_codes: 1586, unique_suffix_codes: 1586, val_unique_suffix_codes: 1507 

epoch: 166,  avg_loss: 6.2241, avg_recon_loss: 1.0416, avg_kl_loss: 15.4468, avg_vq_loss: 3.6378, ppl: 1.0882, acc: 0.9737, vq_inds: [10, 10, 10, 10, 10, 10, 10, 10], unique_vq_codes: 12099, unique_suffix_codes: 12099, logdet: 0.0000 
val ---  avg_loss: 6.8087, avg_recon_loss: 1.7188, avg_kl_loss: 15.1553, avg_vq_loss: 3.5744, ppl: 1.1490, acc: 0.9603, vq_inds: [10, 10, 10, 10, 10, 10, 10, 10], unique_vq_codes: 1585, unique_suffix_codes: 1585, val_unique_suffix_codes: 1502 

epoch: 167,  avg_loss: 6.0853, avg_recon_loss: 0.9387, avg_kl_loss: 14.7963, avg_vq_loss: 3.6670, ppl: 1.0791, acc: 0.9762, vq_inds: [10, 10, 10, 10, 10, 10, 10, 10], unique_vq_codes: 12093, unique_suffix_codes: 12093, logdet: 0.0000 
val ---  avg_loss: 6.8054, avg_recon_loss: 1.6904, avg_kl_loss: 15.0344, avg_vq_loss: 3.6115, ppl: 1.1463, acc: 0.9605, vq_inds: [10, 10, 10, 10, 10, 10, 10, 10], unique_vq_codes: 1584, unique_suffix_codes: 1584, val_unique_suffix_codes: 1493 

epoch: 168,  avg_loss: 6.1540, avg_recon_loss: 0.9779, avg_kl_loss: 14.8606, avg_vq_loss: 3.6900, ppl: 1.0826, acc: 0.9757, vq_inds: [10, 10, 10, 10, 10, 10, 10, 10], unique_vq_codes: 12100, unique_suffix_codes: 12100, logdet: 0.0000 
val ---  avg_loss: 6.8477, avg_recon_loss: 1.7598, avg_kl_loss: 14.6019, avg_vq_loss: 3.6276, ppl: 1.1528, acc: 0.9578, vq_inds: [10, 10, 10, 10, 10, 10, 10, 10], unique_vq_codes: 1586, unique_suffix_codes: 1586, val_unique_suffix_codes: 1488 

epoch: 169,  avg_loss: 6.1795, avg_recon_loss: 1.0007, avg_kl_loss: 15.1880, avg_vq_loss: 3.6600, ppl: 1.0846, acc: 0.9747, vq_inds: [10, 10, 10, 10, 10, 10, 10, 10], unique_vq_codes: 12116, unique_suffix_codes: 12116, logdet: 0.0000 
val ---  avg_loss: 7.1069, avg_recon_loss: 1.9195, avg_kl_loss: 15.6632, avg_vq_loss: 3.6211, ppl: 1.1677, acc: 0.9552, vq_inds: [10, 10, 10, 10, 10, 10, 10, 10], unique_vq_codes: 1583, unique_suffix_codes: 1583, val_unique_suffix_codes: 1494 

epoch: 170,  avg_loss: 6.1226, avg_recon_loss: 0.9985, avg_kl_loss: 14.6860, avg_vq_loss: 3.6556, ppl: 1.0844, acc: 0.9751, vq_inds: [10, 10, 10, 10, 10, 10, 10, 10], unique_vq_codes: 12108, unique_suffix_codes: 12108, logdet: 0.0000 
val ---  avg_loss: 7.1071, avg_recon_loss: 1.9227, avg_kl_loss: 15.3945, avg_vq_loss: 3.6450, ppl: 1.1680, acc: 0.9558, vq_inds: [10, 10, 10, 10, 10, 10, 10, 10], unique_vq_codes: 1586, unique_suffix_codes: 1586, val_unique_suffix_codes: 1492 

epoch: 171,  avg_loss: 6.2026, avg_recon_loss: 1.0354, avg_kl_loss: 14.7387, avg_vq_loss: 3.6933, ppl: 1.0876, acc: 0.9740, vq_inds: [10, 10, 10, 10, 10, 10, 10, 10], unique_vq_codes: 12098, unique_suffix_codes: 12098, logdet: 0.0000 
val ---  avg_loss: 6.7925, avg_recon_loss: 1.6915, avg_kl_loss: 14.9808, avg_vq_loss: 3.6029, ppl: 1.1464, acc: 0.9588, vq_inds: [10, 10, 10, 10, 10, 10, 10, 10], unique_vq_codes: 1586, unique_suffix_codes: 1586, val_unique_suffix_codes: 1507 

epoch: 172,  avg_loss: 6.1203, avg_recon_loss: 0.9798, avg_kl_loss: 14.6798, avg_vq_loss: 3.6726, ppl: 1.0827, acc: 0.9749, vq_inds: [10, 10, 10, 10, 10, 10, 10, 10], unique_vq_codes: 12087, unique_suffix_codes: 12087, logdet: 0.0000 
val ---  avg_loss: 7.0728, avg_recon_loss: 1.8051, avg_kl_loss: 15.8413, avg_vq_loss: 3.6836, ppl: 1.1570, acc: 0.9569, vq_inds: [10, 10, 10, 10, 10, 10, 10, 10], unique_vq_codes: 1584, unique_suffix_codes: 1584, val_unique_suffix_codes: 1507 

epoch: 173,  avg_loss: 6.1508, avg_recon_loss: 0.9800, avg_kl_loss: 14.9149, avg_vq_loss: 3.6793, ppl: 1.0827, acc: 0.9747, vq_inds: [10, 10, 10, 10, 10, 10, 10, 10], unique_vq_codes: 12091, unique_suffix_codes: 12091, logdet: 0.0000 
val ---  avg_loss: 6.9728, avg_recon_loss: 1.7523, avg_kl_loss: 15.1534, avg_vq_loss: 3.7052, ppl: 1.1521, acc: 0.9591, vq_inds: [10, 10, 10, 10, 10, 10, 10, 10], unique_vq_codes: 1584, unique_suffix_codes: 1584, val_unique_suffix_codes: 1510 

epoch: 174,  avg_loss: 6.1537, avg_recon_loss: 0.9745, avg_kl_loss: 14.9488, avg_vq_loss: 3.6843, ppl: 1.0823, acc: 0.9754, vq_inds: [10, 10, 10, 10, 10, 10, 10, 10], unique_vq_codes: 12101, unique_suffix_codes: 12101, logdet: 0.0000 
val ---  avg_loss: 6.9900, avg_recon_loss: 1.7982, avg_kl_loss: 15.0023, avg_vq_loss: 3.6916, ppl: 1.1564, acc: 0.9580, vq_inds: [10, 10, 10, 10, 10, 10, 10, 10], unique_vq_codes: 1587, unique_suffix_codes: 1587, val_unique_suffix_codes: 1506 

epoch: 175,  avg_loss: 6.2527, avg_recon_loss: 1.0661, avg_kl_loss: 14.9446, avg_vq_loss: 3.6922, ppl: 1.0903, acc: 0.9727, vq_inds: [10, 10, 10, 10, 10, 10, 10, 10], unique_vq_codes: 12100, unique_suffix_codes: 12100, logdet: 0.0000 
val ---  avg_loss: 6.9377, avg_recon_loss: 1.8116, avg_kl_loss: 14.7464, avg_vq_loss: 3.6515, ppl: 1.1576, acc: 0.9571, vq_inds: [10, 10, 10, 10, 10, 10, 10, 10], unique_vq_codes: 1585, unique_suffix_codes: 1585, val_unique_suffix_codes: 1517 

epoch: 176,  avg_loss: 6.1189, avg_recon_loss: 0.9763, avg_kl_loss: 14.5636, avg_vq_loss: 3.6862, ppl: 1.0824, acc: 0.9752, vq_inds: [10, 10, 10, 10, 10, 10, 10, 10], unique_vq_codes: 12076, unique_suffix_codes: 12076, logdet: 0.0000 
val ---  avg_loss: 6.7791, avg_recon_loss: 1.7353, avg_kl_loss: 14.2414, avg_vq_loss: 3.6196, ppl: 1.1505, acc: 0.9576, vq_inds: [10, 10, 10, 10, 10, 10, 10, 10], unique_vq_codes: 1586, unique_suffix_codes: 1586, val_unique_suffix_codes: 1505 

epoch: 177,  avg_loss: 6.0685, avg_recon_loss: 0.9226, avg_kl_loss: 14.7169, avg_vq_loss: 3.6742, ppl: 1.0777, acc: 0.9769, vq_inds: [10, 10, 10, 10, 10, 10, 10, 10], unique_vq_codes: 12092, unique_suffix_codes: 12092, logdet: 0.0000 
val ---  avg_loss: 6.7558, avg_recon_loss: 1.7134, avg_kl_loss: 14.8208, avg_vq_loss: 3.5603, ppl: 1.1485, acc: 0.9594, vq_inds: [10, 10, 10, 10, 10, 10, 10, 10], unique_vq_codes: 1586, unique_suffix_codes: 1586, val_unique_suffix_codes: 1490 

epoch: 178,  avg_loss: 6.0342, avg_recon_loss: 0.9063, avg_kl_loss: 14.6089, avg_vq_loss: 3.6670, ppl: 1.0763, acc: 0.9775, vq_inds: [10, 10, 10, 10, 10, 10, 10, 10], unique_vq_codes: 12112, unique_suffix_codes: 12112, logdet: 0.0000 
val ---  avg_loss: 6.8243, avg_recon_loss: 1.7304, avg_kl_loss: 14.8152, avg_vq_loss: 3.6124, ppl: 1.1500, acc: 0.9592, vq_inds: [10, 10, 10, 10, 10, 10, 10, 10], unique_vq_codes: 1586, unique_suffix_codes: 1586, val_unique_suffix_codes: 1486 

epoch: 179,  avg_loss: 6.0073, avg_recon_loss: 0.9092, avg_kl_loss: 14.3439, avg_vq_loss: 3.6637, ppl: 1.0765, acc: 0.9772, vq_inds: [10, 10, 10, 10, 10, 10, 10, 10], unique_vq_codes: 12098, unique_suffix_codes: 12098, logdet: 0.0000 
val ---  avg_loss: 6.8904, avg_recon_loss: 1.8798, avg_kl_loss: 14.1566, avg_vq_loss: 3.5950, ppl: 1.1640, acc: 0.9561, vq_inds: [10, 10, 10, 10, 10, 10, 10, 10], unique_vq_codes: 1586, unique_suffix_codes: 1586, val_unique_suffix_codes: 1490 

epoch: 180,  avg_loss: 6.1127, avg_recon_loss: 0.9450, avg_kl_loss: 15.1041, avg_vq_loss: 3.6573, ppl: 1.0797, acc: 0.9761, vq_inds: [10, 10, 10, 10, 10, 10, 10, 10], unique_vq_codes: 12115, unique_suffix_codes: 12115, logdet: 0.0000 
val ---  avg_loss: 6.8998, avg_recon_loss: 1.7169, avg_kl_loss: 15.3162, avg_vq_loss: 3.6513, ppl: 1.1488, acc: 0.9595, vq_inds: [10, 10, 10, 10, 10, 10, 10, 10], unique_vq_codes: 1586, unique_suffix_codes: 1586, val_unique_suffix_codes: 1499 

epoch: 181,  avg_loss: 6.0720, avg_recon_loss: 0.9368, avg_kl_loss: 14.8057, avg_vq_loss: 3.6546, ppl: 1.0789, acc: 0.9765, vq_inds: [10, 10, 10, 10, 10, 10, 10, 10], unique_vq_codes: 12092, unique_suffix_codes: 12092, logdet: 0.0000 
val ---  avg_loss: 6.9357, avg_recon_loss: 1.7404, avg_kl_loss: 15.9776, avg_vq_loss: 3.5976, ppl: 1.1510, acc: 0.9595, vq_inds: [10, 10, 10, 10, 10, 10, 10, 10], unique_vq_codes: 1585, unique_suffix_codes: 1585, val_unique_suffix_codes: 1509 

epoch: 182,  avg_loss: 6.1782, avg_recon_loss: 0.9855, avg_kl_loss: 15.1230, avg_vq_loss: 3.6804, ppl: 1.0832, acc: 0.9752, vq_inds: [10, 10, 10, 10, 10, 10, 10, 10], unique_vq_codes: 12107, unique_suffix_codes: 12107, logdet: 0.0000 
val ---  avg_loss: 7.2363, avg_recon_loss: 1.8756, avg_kl_loss: 16.7063, avg_vq_loss: 3.6901, ppl: 1.1636, acc: 0.9564, vq_inds: [10, 10, 10, 10, 10, 10, 10, 10], unique_vq_codes: 1587, unique_suffix_codes: 1587, val_unique_suffix_codes: 1503 

epoch: 183,  avg_loss: 6.2218, avg_recon_loss: 1.0293, avg_kl_loss: 14.9374, avg_vq_loss: 3.6988, ppl: 1.0871, acc: 0.9738, vq_inds: [10, 10, 10, 10, 10, 10, 10, 10], unique_vq_codes: 12107, unique_suffix_codes: 12107, logdet: 0.0000 
val ---  avg_loss: 6.8701, avg_recon_loss: 1.8643, avg_kl_loss: 14.2670, avg_vq_loss: 3.5790, ppl: 1.1626, acc: 0.9560, vq_inds: [10, 10, 10, 10, 10, 10, 10, 10], unique_vq_codes: 1587, unique_suffix_codes: 1587, val_unique_suffix_codes: 1504 

epoch: 184,  avg_loss: 6.3413, avg_recon_loss: 1.0265, avg_kl_loss: 16.3517, avg_vq_loss: 3.6796, ppl: 1.0868, acc: 0.9736, vq_inds: [10, 10, 10, 10, 10, 10, 10, 10], unique_vq_codes: 12114, unique_suffix_codes: 12114, logdet: 0.0000 
val ---  avg_loss: 6.9674, avg_recon_loss: 1.8016, avg_kl_loss: 15.2013, avg_vq_loss: 3.6457, ppl: 1.1567, acc: 0.9577, vq_inds: [10, 10, 10, 10, 10, 10, 10, 10], unique_vq_codes: 1585, unique_suffix_codes: 1585, val_unique_suffix_codes: 1499 

epoch: 185,  avg_loss: 6.2081, avg_recon_loss: 0.9975, avg_kl_loss: 15.1391, avg_vq_loss: 3.6966, ppl: 1.0843, acc: 0.9746, vq_inds: [10, 10, 10, 10, 10, 10, 10, 10], unique_vq_codes: 12107, unique_suffix_codes: 12107, logdet: 0.0000 
val ---  avg_loss: 6.8882, avg_recon_loss: 1.7396, avg_kl_loss: 14.8975, avg_vq_loss: 3.6589, ppl: 1.1509, acc: 0.9597, vq_inds: [10, 10, 10, 10, 10, 10, 10, 10], unique_vq_codes: 1586, unique_suffix_codes: 1586, val_unique_suffix_codes: 1500 
