
number of params: 598546 
Namespace(batchsize=128, device='cuda', enc_dropout_in=0.2, enc_dropout_out=0.3, epochs=35, fig_path='model/charlm/results/50000_instances/35epochs.png', log_path='model/charlm/results/50000_instances/35epochs.log', logger=<common.utils.Logger object at 0x7f75930d3e10>, lr=0.001, maxtrnsize=57769, maxtstsize=10000, maxvalsize=10000, mname='charlm', model=CharLM(
  (embed): Embedding(39, 64, padding_idx=0)
  (lstm): LSTM(64, 350, batch_first=True)
  (dropout_in): Dropout(p=0.2, inplace=False)
  (dropout_out): Dropout(p=0.3, inplace=False)
  (pred_linear): Linear(in_features=350, out_features=39, bias=False)
  (loss): CrossEntropyLoss()
), modelname='model/charlm/results/50000_instances/', nh=350, ni=64, opt='Adam', save_path='model/charlm/results/50000_instances/35epochs.pt', seq_to_no_pad='surface', surface_vocab_file='model/charlm/data/surf.uniquesurfs.trn.txt', task='lm', trndata='model/charlm/data/surf.uniquesurfs.trn.txt', trnsize=50000, tstdata='model/charlm/data/surf.uniquesurfs.val.txt', tstsize=50000, valdata='model/charlm/data/surf.uniquesurfs.val.txt', valsize=4000)

embed.weight, torch.Size([39, 64]): True
lstm.weight_ih_l0, torch.Size([1400, 64]): True
lstm.weight_hh_l0, torch.Size([1400, 350]): True
lstm.bias_ih_l0, torch.Size([1400]): True
lstm.bias_hh_l0, torch.Size([1400]): True
pred_linear.weight, torch.Size([39, 350]): True
epoch: 0 avg_loss: 2.7100
val --- avg_loss: 2.4349 
update best loss 

epoch: 1 avg_loss: 2.2844
val --- avg_loss: 2.1989 
update best loss 

epoch: 2 avg_loss: 2.0962
val --- avg_loss: 2.0599 
update best loss 

epoch: 3 avg_loss: 2.0045
val --- avg_loss: 1.9764 
update best loss 

epoch: 4 avg_loss: 1.9324
val --- avg_loss: 1.9007 
update best loss 

epoch: 5 avg_loss: 1.8764
val --- avg_loss: 1.8530 
update best loss 

epoch: 6 avg_loss: 1.8314
val --- avg_loss: 1.8030 
update best loss 

epoch: 7 avg_loss: 1.7868
val --- avg_loss: 1.7717 
update best loss 

epoch: 8 avg_loss: 1.7542
val --- avg_loss: 1.7490 
update best loss 

epoch: 9 avg_loss: 1.7252
val --- avg_loss: 1.7151 
update best loss 

epoch: 10 avg_loss: 1.7004
val --- avg_loss: 1.7125 
update best loss 

epoch: 11 avg_loss: 1.6768
val --- avg_loss: 1.6824 
update best loss 

epoch: 12 avg_loss: 1.6581
val --- avg_loss: 1.6719 
update best loss 

epoch: 13 avg_loss: 1.6427
val --- avg_loss: 1.6606 
update best loss 

epoch: 14 avg_loss: 1.6279
val --- avg_loss: 1.6484 
update best loss 

epoch: 15 avg_loss: 1.6154
val --- avg_loss: 1.6397 
update best loss 

epoch: 16 avg_loss: 1.6040
val --- avg_loss: 1.6322 
update best loss 

epoch: 17 avg_loss: 1.5919
val --- avg_loss: 1.6299 
update best loss 

epoch: 18 avg_loss: 1.5826
val --- avg_loss: 1.6230 
update best loss 

epoch: 19 avg_loss: 1.5734
val --- avg_loss: 1.6170 
update best loss 

epoch: 20 avg_loss: 1.5664
val --- avg_loss: 1.6113 
update best loss 

epoch: 21 avg_loss: 1.5578
val --- avg_loss: 1.6033 
update best loss 

epoch: 22 avg_loss: 1.5515
val --- avg_loss: 1.6229 

epoch: 23 avg_loss: 1.5454
val --- avg_loss: 1.6025 
update best loss 

epoch: 24 avg_loss: 1.5389
val --- avg_loss: 1.5988 
update best loss 

epoch: 25 avg_loss: 1.5304
val --- avg_loss: 1.5993 

epoch: 26 avg_loss: 1.5280
val --- avg_loss: 1.6010 

epoch: 27 avg_loss: 1.5228
val --- avg_loss: 1.5977 
update best loss 

epoch: 28 avg_loss: 1.5188
val --- avg_loss: 1.5898 
update best loss 

epoch: 29 avg_loss: 1.5133
val --- avg_loss: 1.5864 
update best loss 

epoch: 30 avg_loss: 1.5095
val --- avg_loss: 1.5901 

epoch: 31 avg_loss: 1.5072
val --- avg_loss: 1.5879 

epoch: 32 avg_loss: 1.5010
val --- avg_loss: 1.5913 

epoch: 33 avg_loss: 1.4978
val --- avg_loss: 1.5881 

epoch: 34 avg_loss: 1.4962
val --- avg_loss: 1.5905 
