trn -- size:4000,  avg_surf_len: 10.04, avg_feat_len: 10.76, avg_root_len: 3.98 
Pos tag Verb: 0.97, count: 3886
Pos tag Noun: 0.02, count: 78
Pos tag Adj: 0.01, count: 36
Polarity tag Neg: 0.50, count: 2000 
Polarity tag Pos: 0.50, count: 2000 
Tense tag <unk>: 0.44, count: 1759 
Tense tag Past: 0.25, count: 993 
Tense tag Aor: 0.15, count: 599 
Tense tag Prog1: 0.08, count: 333 
Tense tag Narr: 0.04, count: 163 
Tense tag Fut: 0.04, count: 149 
Tense tag Prog2: 0.00, count: 04 
Surfpos tag Verb: 0.68, count: 2701 
Surfpos tag Noun: 0.24, count: 956 
Surfpos tag Adj: 0.09, count: 343 
val -- size:3000,  avg_surf_len: 10.07, avg_feat_len: 10.72, avg_root_len: 3.91 
Pos tag Verb: 0.98, count: 2947
Pos tag Noun: 0.01, count: 30
Pos tag Adj: 0.01, count: 23
Polarity tag Neg: 0.50, count: 1500 
Polarity tag Pos: 0.50, count: 1500 
Tense tag <unk>: 0.47, count: 1423 
Tense tag Past: 0.22, count: 671 
Tense tag Aor: 0.11, count: 326 
Tense tag Prog1: 0.10, count: 313 
Tense tag Narr: 0.05, count: 141 
Tense tag Fut: 0.04, count: 120 
Tense tag Prog2: 0.00, count: 06 
Surfpos tag Verb: 0.64, count: 1907 
Surfpos tag Noun: 0.27, count: 818 
Surfpos tag Adj: 0.09, count: 275 

number of params: 3072 
Namespace(axs=array([<matplotlib.axes._subplots.AxesSubplot object at 0x7fd05c4ef810>,
       <matplotlib.axes._subplots.AxesSubplot object at 0x7fd05c509d90>],
      dtype=object), basemodel='models/ae/AE_trmor_agg0_kls0.00_warm10_0_0.pt', batchsize=128, bidirectional=False, bmodel='ae_original', clip_grad=5.0, dec_dropout_in=0.0, dec_dropout_out=0.0, dec_nh=1024, device='cuda', enc_dropout_in=0.0, enc_nh=1024, epochs=50, fig=<Figure size 640x480 with 2 Axes>, fig_path='logs/surf2polar/ae_original/4000_instances/50epochs.png', freeze_decoder=True, freeze_encoder=True, is_clip_grad=False, log_path='logs/surf2polar/ae_original/4000_instances/50epochs.log', logger=<utils.Logger object at 0x7fd0524c2ad0>, lr=0.01, maxtrnsize=57769, maxtstsize=8517, maxvalsize=8329, model=VAE(
  (encoder): LSTMEncoder(
    (embed): Embedding(39, 512)
    (lstm): LSTM(512, 1024, batch_first=True)
    (dropout_in): Dropout(p=0.0, inplace=False)
    (linear): None
  )
  (decoder): None
  (probe_linear): Linear(in_features=1024, out_features=3, bias=False)
  (closs): CrossEntropyLoss()
), modelname='logs/surf2polar/ae_original/4000_instances', ni=512, nz=32, opt='Adam', plt_style='-', reset_decoder=False, reset_encoder=False, save_path='logs/surf2polar/ae_original/4000_instances/50epochs.pt', seq_to_no_pad='surface', surface_vocab_file='trmor_data/surf/surf.uniquesurfs.trn.txt', task='surf2polar', trndata='trmor_data/polar/polar.uniquesurfs.trn.txt', trnsize=4000, tstsize=0, valdata='trmor_data/polar/polar.uniquesurfs.val.txt', valsize=3000)

encoder.embed.weight, torch.Size([39, 512]): False
encoder.lstm.weight_ih_l0, torch.Size([4096, 512]): False
encoder.lstm.weight_hh_l0, torch.Size([4096, 1024]): False
encoder.lstm.bias_ih_l0, torch.Size([4096]): False
encoder.lstm.bias_hh_l0, torch.Size([4096]): False
probe_linear.weight, torch.Size([3, 1024]): True
epoch: 0 avg_loss: 57.4046, ppl: 1.9914, acc: 0.7460 
epoch correct: 2984 epoch wrong: 1016 epoch_num_tokens: 4000 
val --- avg_loss: 38.2041, ppl: 1.6224, acc: 0.8220  
epoch correct: 2466 epoch wrong: 534 epoch_num_tokens: 3000 
update best loss 

epoch: 1 avg_loss: 37.0609, ppl: 1.5601, acc: 0.8417 
epoch correct: 3367 epoch wrong: 633 epoch_num_tokens: 4000 
val --- avg_loss: 31.1303, ppl: 1.4834, acc: 0.8637  
epoch correct: 2591 epoch wrong: 409 epoch_num_tokens: 3000 
update best loss 

epoch: 2 avg_loss: 31.6221, ppl: 1.4615, acc: 0.8672 
epoch correct: 3469 epoch wrong: 531 epoch_num_tokens: 4000 
val --- avg_loss: 27.5158, ppl: 1.4170, acc: 0.8817  
epoch correct: 2645 epoch wrong: 355 epoch_num_tokens: 3000 
update best loss 

epoch: 3 avg_loss: 28.2003, ppl: 1.4027, acc: 0.8910 
epoch correct: 3564 epoch wrong: 436 epoch_num_tokens: 4000 
val --- avg_loss: 25.6138, ppl: 1.3833, acc: 0.8837  
epoch correct: 2651 epoch wrong: 349 epoch_num_tokens: 3000 
update best loss 

epoch: 4 avg_loss: 26.6084, ppl: 1.3762, acc: 0.8918 
epoch correct: 3567 epoch wrong: 433 epoch_num_tokens: 4000 
val --- avg_loss: 24.2156, ppl: 1.3590, acc: 0.8893  
epoch correct: 2668 epoch wrong: 332 epoch_num_tokens: 3000 
update best loss 

epoch: 5 avg_loss: 24.9431, ppl: 1.3489, acc: 0.9008 
epoch correct: 3603 epoch wrong: 397 epoch_num_tokens: 4000 
val --- avg_loss: 22.6892, ppl: 1.3330, acc: 0.8990  
epoch correct: 2697 epoch wrong: 303 epoch_num_tokens: 3000 
update best loss 

epoch: 6 avg_loss: 23.5384, ppl: 1.3264, acc: 0.9067 
epoch correct: 3627 epoch wrong: 373 epoch_num_tokens: 4000 
val --- avg_loss: 21.9562, ppl: 1.3206, acc: 0.9020  
epoch correct: 2706 epoch wrong: 294 epoch_num_tokens: 3000 
update best loss 

epoch: 7 avg_loss: 22.3503, ppl: 1.3076, acc: 0.9127 
epoch correct: 3651 epoch wrong: 349 epoch_num_tokens: 4000 
val --- avg_loss: 21.0162, ppl: 1.3050, acc: 0.9060  
epoch correct: 2718 epoch wrong: 282 epoch_num_tokens: 3000 
update best loss 

epoch: 8 avg_loss: 21.6134, ppl: 1.2961, acc: 0.9143 
epoch correct: 3657 epoch wrong: 343 epoch_num_tokens: 4000 
val --- avg_loss: 20.5997, ppl: 1.2981, acc: 0.9087  
epoch correct: 2726 epoch wrong: 274 epoch_num_tokens: 3000 
update best loss 

epoch: 9 avg_loss: 21.0794, ppl: 1.2878, acc: 0.9173 
epoch correct: 3669 epoch wrong: 331 epoch_num_tokens: 4000 
val --- avg_loss: 19.9591, ppl: 1.2876, acc: 0.9093  
epoch correct: 2728 epoch wrong: 272 epoch_num_tokens: 3000 
update best loss 

epoch: 10 avg_loss: 20.3753, ppl: 1.2770, acc: 0.9210 
epoch correct: 3684 epoch wrong: 316 epoch_num_tokens: 4000 
val --- avg_loss: 19.7769, ppl: 1.2847, acc: 0.9100  
epoch correct: 2730 epoch wrong: 270 epoch_num_tokens: 3000 
update best loss 

epoch: 11 avg_loss: 19.8295, ppl: 1.2687, acc: 0.9230 
epoch correct: 3692 epoch wrong: 308 epoch_num_tokens: 4000 
val --- avg_loss: 18.9672, ppl: 1.2716, acc: 0.9133  
epoch correct: 2740 epoch wrong: 260 epoch_num_tokens: 3000 
update best loss 

epoch: 12 avg_loss: 19.3555, ppl: 1.2615, acc: 0.9197 
epoch correct: 3679 epoch wrong: 321 epoch_num_tokens: 4000 
val --- avg_loss: 18.6482, ppl: 1.2664, acc: 0.9167  
epoch correct: 2750 epoch wrong: 250 epoch_num_tokens: 3000 
update best loss 

epoch: 13 avg_loss: 19.1864, ppl: 1.2589, acc: 0.9255 
epoch correct: 3702 epoch wrong: 298 epoch_num_tokens: 4000 
val --- avg_loss: 18.4227, ppl: 1.2628, acc: 0.9180  
epoch correct: 2754 epoch wrong: 246 epoch_num_tokens: 3000 
update best loss 

epoch: 14 avg_loss: 18.5942, ppl: 1.2500, acc: 0.9297 
epoch correct: 3719 epoch wrong: 281 epoch_num_tokens: 4000 
val --- avg_loss: 18.3314, ppl: 1.2614, acc: 0.9170  
epoch correct: 2751 epoch wrong: 249 epoch_num_tokens: 3000 
update best loss 

epoch: 15 avg_loss: 18.2199, ppl: 1.2444, acc: 0.9305 
epoch correct: 3722 epoch wrong: 278 epoch_num_tokens: 4000 
val --- avg_loss: 17.8480, ppl: 1.2537, acc: 0.9200  
epoch correct: 2760 epoch wrong: 240 epoch_num_tokens: 3000 
update best loss 

epoch: 16 avg_loss: 18.7199, ppl: 1.2519, acc: 0.9290 
epoch correct: 3716 epoch wrong: 284 epoch_num_tokens: 4000 
val --- avg_loss: 17.7090, ppl: 1.2515, acc: 0.9217  
epoch correct: 2765 epoch wrong: 235 epoch_num_tokens: 3000 
update best loss 

epoch: 17 avg_loss: 17.7021, ppl: 1.2367, acc: 0.9313 
epoch correct: 3725 epoch wrong: 275 epoch_num_tokens: 4000 
val --- avg_loss: 17.3507, ppl: 1.2458, acc: 0.9220  
epoch correct: 2766 epoch wrong: 234 epoch_num_tokens: 3000 
update best loss 

epoch: 18 avg_loss: 17.9187, ppl: 1.2399, acc: 0.9307 
epoch correct: 3723 epoch wrong: 277 epoch_num_tokens: 4000 
val --- avg_loss: 17.3346, ppl: 1.2455, acc: 0.9227  
epoch correct: 2768 epoch wrong: 232 epoch_num_tokens: 3000 
update best loss 

epoch: 19 avg_loss: 17.1971, ppl: 1.2292, acc: 0.9330 
epoch correct: 3732 epoch wrong: 268 epoch_num_tokens: 4000 
val --- avg_loss: 17.2805, ppl: 1.2447, acc: 0.9207  
epoch correct: 2762 epoch wrong: 238 epoch_num_tokens: 3000 
update best loss 

epoch: 20 avg_loss: 17.3662, ppl: 1.2317, acc: 0.9327 
epoch correct: 3731 epoch wrong: 269 epoch_num_tokens: 4000 
val --- avg_loss: 16.6968, ppl: 1.2355, acc: 0.9233  
epoch correct: 2770 epoch wrong: 230 epoch_num_tokens: 3000 
update best loss 

epoch: 21 avg_loss: 16.6354, ppl: 1.2209, acc: 0.9365 
epoch correct: 3746 epoch wrong: 254 epoch_num_tokens: 4000 
val --- avg_loss: 16.7411, ppl: 1.2362, acc: 0.9257  
epoch correct: 2777 epoch wrong: 223 epoch_num_tokens: 3000 

epoch: 22 avg_loss: 16.6005, ppl: 1.2204, acc: 0.9367 
epoch correct: 3747 epoch wrong: 253 epoch_num_tokens: 4000 
val --- avg_loss: 16.6429, ppl: 1.2347, acc: 0.9257  
epoch correct: 2777 epoch wrong: 223 epoch_num_tokens: 3000 
update best loss 

epoch: 23 avg_loss: 16.4749, ppl: 1.2186, acc: 0.9365 
epoch correct: 3746 epoch wrong: 254 epoch_num_tokens: 4000 
val --- avg_loss: 16.4972, ppl: 1.2324, acc: 0.9267  
epoch correct: 2780 epoch wrong: 220 epoch_num_tokens: 3000 
update best loss 

epoch: 24 avg_loss: 16.7536, ppl: 1.2227, acc: 0.9353 
epoch correct: 3741 epoch wrong: 259 epoch_num_tokens: 4000 
val --- avg_loss: 16.1177, ppl: 1.2265, acc: 0.9267  
epoch correct: 2780 epoch wrong: 220 epoch_num_tokens: 3000 
update best loss 

epoch: 25 avg_loss: 15.9726, ppl: 1.2113, acc: 0.9387 
epoch correct: 3755 epoch wrong: 245 epoch_num_tokens: 4000 
val --- avg_loss: 16.3375, ppl: 1.2299, acc: 0.9267  
epoch correct: 2780 epoch wrong: 220 epoch_num_tokens: 3000 

epoch: 26 avg_loss: 16.0607, ppl: 1.2126, acc: 0.9400 
epoch correct: 3760 epoch wrong: 240 epoch_num_tokens: 4000 
val --- avg_loss: 16.1354, ppl: 1.2268, acc: 0.9297  
epoch correct: 2789 epoch wrong: 211 epoch_num_tokens: 3000 

epoch: 27 avg_loss: 15.9582, ppl: 1.2111, acc: 0.9385 
epoch correct: 3754 epoch wrong: 246 epoch_num_tokens: 4000 
val --- avg_loss: 15.9638, ppl: 1.2241, acc: 0.9293  
epoch correct: 2788 epoch wrong: 212 epoch_num_tokens: 3000 
update best loss 

epoch: 28 avg_loss: 15.6216, ppl: 1.2062, acc: 0.9395 
epoch correct: 3758 epoch wrong: 242 epoch_num_tokens: 4000 
val --- avg_loss: 15.8127, ppl: 1.2218, acc: 0.9280  
epoch correct: 2784 epoch wrong: 216 epoch_num_tokens: 3000 
update best loss 

epoch: 29 avg_loss: 15.7254, ppl: 1.2077, acc: 0.9405 
epoch correct: 3762 epoch wrong: 238 epoch_num_tokens: 4000 
val --- avg_loss: 15.8032, ppl: 1.2216, acc: 0.9277  
epoch correct: 2783 epoch wrong: 217 epoch_num_tokens: 3000 
update best loss 

epoch: 30 avg_loss: 15.4085, ppl: 1.2031, acc: 0.9433 
epoch correct: 3773 epoch wrong: 227 epoch_num_tokens: 4000 
val --- avg_loss: 15.7164, ppl: 1.2203, acc: 0.9307  
epoch correct: 2792 epoch wrong: 208 epoch_num_tokens: 3000 
update best loss 

epoch: 31 avg_loss: 15.2919, ppl: 1.2014, acc: 0.9385 
epoch correct: 3754 epoch wrong: 246 epoch_num_tokens: 4000 
val --- avg_loss: 15.7283, ppl: 1.2205, acc: 0.9270  
epoch correct: 2781 epoch wrong: 219 epoch_num_tokens: 3000 

epoch: 32 avg_loss: 15.0953, ppl: 1.1986, acc: 0.9420 
epoch correct: 3768 epoch wrong: 232 epoch_num_tokens: 4000 
val --- avg_loss: 15.4160, ppl: 1.2156, acc: 0.9287  
epoch correct: 2786 epoch wrong: 214 epoch_num_tokens: 3000 
update best loss 

epoch: 33 avg_loss: 15.4125, ppl: 1.2032, acc: 0.9417 
epoch correct: 3767 epoch wrong: 233 epoch_num_tokens: 4000 
val --- avg_loss: 15.7211, ppl: 1.2203, acc: 0.9257  
epoch correct: 2777 epoch wrong: 223 epoch_num_tokens: 3000 

epoch: 34 avg_loss: 15.2306, ppl: 1.2005, acc: 0.9400 
epoch correct: 3760 epoch wrong: 240 epoch_num_tokens: 4000 
val --- avg_loss: 15.5514, ppl: 1.2177, acc: 0.9263  
epoch correct: 2779 epoch wrong: 221 epoch_num_tokens: 3000 

epoch: 35 avg_loss: 15.0658, ppl: 1.1982, acc: 0.9430 
epoch correct: 3772 epoch wrong: 228 epoch_num_tokens: 4000 
val --- avg_loss: 15.2596, ppl: 1.2132, acc: 0.9323  
epoch correct: 2797 epoch wrong: 203 epoch_num_tokens: 3000 
update best loss 

epoch: 36 avg_loss: 15.1049, ppl: 1.1987, acc: 0.9427 
epoch correct: 3771 epoch wrong: 229 epoch_num_tokens: 4000 
val --- avg_loss: 15.2567, ppl: 1.2132, acc: 0.9323  
epoch correct: 2797 epoch wrong: 203 epoch_num_tokens: 3000 
update best loss 

epoch: 37 avg_loss: 14.7556, ppl: 1.1937, acc: 0.9423 
epoch correct: 3769 epoch wrong: 231 epoch_num_tokens: 4000 
val --- avg_loss: 15.1838, ppl: 1.2121, acc: 0.9323  
epoch correct: 2797 epoch wrong: 203 epoch_num_tokens: 3000 
update best loss 

epoch: 38 avg_loss: 14.9714, ppl: 1.1968, acc: 0.9427 
epoch correct: 3771 epoch wrong: 229 epoch_num_tokens: 4000 
val --- avg_loss: 15.0798, ppl: 1.2105, acc: 0.9317  
epoch correct: 2795 epoch wrong: 205 epoch_num_tokens: 3000 
update best loss 

epoch: 39 avg_loss: 14.7184, ppl: 1.1932, acc: 0.9445 
epoch correct: 3778 epoch wrong: 222 epoch_num_tokens: 4000 
val --- avg_loss: 15.2225, ppl: 1.2127, acc: 0.9357  
epoch correct: 2807 epoch wrong: 193 epoch_num_tokens: 3000 

epoch: 40 avg_loss: 14.7685, ppl: 1.1939, acc: 0.9435 
epoch correct: 3774 epoch wrong: 226 epoch_num_tokens: 4000 
val --- avg_loss: 14.9485, ppl: 1.2085, acc: 0.9317  
epoch correct: 2795 epoch wrong: 205 epoch_num_tokens: 3000 
update best loss 

epoch: 41 avg_loss: 14.9284, ppl: 1.1962, acc: 0.9417 
epoch correct: 3767 epoch wrong: 233 epoch_num_tokens: 4000 
val --- avg_loss: 14.9938, ppl: 1.2092, acc: 0.9307  
epoch correct: 2792 epoch wrong: 208 epoch_num_tokens: 3000 

epoch: 42 avg_loss: 14.5659, ppl: 1.1910, acc: 0.9475 
epoch correct: 3790 epoch wrong: 210 epoch_num_tokens: 4000 
val --- avg_loss: 14.9925, ppl: 1.2091, acc: 0.9333  
epoch correct: 2800 epoch wrong: 200 epoch_num_tokens: 3000 

epoch: 43 avg_loss: 14.4150, ppl: 1.1888, acc: 0.9463 
epoch correct: 3785 epoch wrong: 215 epoch_num_tokens: 4000 
val --- avg_loss: 15.0190, ppl: 1.2095, acc: 0.9290  
epoch correct: 2787 epoch wrong: 213 epoch_num_tokens: 3000 

epoch: 44 avg_loss: 14.3316, ppl: 1.1877, acc: 0.9463 
epoch correct: 3785 epoch wrong: 215 epoch_num_tokens: 4000 
val --- avg_loss: 14.8322, ppl: 1.2067, acc: 0.9340  
epoch correct: 2802 epoch wrong: 198 epoch_num_tokens: 3000 
update best loss 

epoch: 45 avg_loss: 14.3605, ppl: 1.1881, acc: 0.9463 
epoch correct: 3785 epoch wrong: 215 epoch_num_tokens: 4000 
val --- avg_loss: 14.6929, ppl: 1.2046, acc: 0.9297  
epoch correct: 2789 epoch wrong: 211 epoch_num_tokens: 3000 
update best loss 

epoch: 46 avg_loss: 13.9521, ppl: 1.1823, acc: 0.9487 
epoch correct: 3795 epoch wrong: 205 epoch_num_tokens: 4000 
val --- avg_loss: 14.5993, ppl: 1.2031, acc: 0.9323  
epoch correct: 2797 epoch wrong: 203 epoch_num_tokens: 3000 
update best loss 

epoch: 47 avg_loss: 14.0341, ppl: 1.1834, acc: 0.9470 
epoch correct: 3788 epoch wrong: 212 epoch_num_tokens: 4000 
val --- avg_loss: 14.5798, ppl: 1.2028, acc: 0.9313  
epoch correct: 2794 epoch wrong: 206 epoch_num_tokens: 3000 
update best loss 

epoch: 48 avg_loss: 14.0374, ppl: 1.1835, acc: 0.9483 
epoch correct: 3793 epoch wrong: 207 epoch_num_tokens: 4000 
val --- avg_loss: 14.3908, ppl: 1.2000, acc: 0.9340  
epoch correct: 2802 epoch wrong: 198 epoch_num_tokens: 3000 
update best loss 

epoch: 49 avg_loss: 14.0563, ppl: 1.1837, acc: 0.9467 
epoch correct: 3787 epoch wrong: 213 epoch_num_tokens: 4000 
val --- avg_loss: 14.6571, ppl: 1.2040, acc: 0.9343  
epoch correct: 2803 epoch wrong: 197 epoch_num_tokens: 3000 
