trn -- size:14000,  avg_surf_len: 8.60, avg_feat_len: 10.25, avg_root_len: 4.53 
Pos tag Verb: 0.50, count: 7017
Pos tag Noun: 0.39, count: 5460
Pos tag Adj: 0.10, count: 1433
Pos tag Num: 0.00, count: 36
Pos tag Pron: 0.00, count: 27
Pos tag Postp: 0.00, count: 26
Pos tag Dup: 0.00, count: 01
Polarity tag <unk>: 0.48, count: 6756 
Polarity tag Pos: 0.44, count: 6115 
Polarity tag Neg: 0.08, count: 1129 
Tense tag <unk>: 0.69, count: 9638 
Tense tag Past: 0.18, count: 2535 
Tense tag Aor: 0.05, count: 637 
Tense tag Prog1: 0.03, count: 475 
Tense tag Narr: 0.03, count: 435 
Tense tag Fut: 0.02, count: 276 
Tense tag Prog2: 0.00, count: 04 
Surfpos tag Verb: 0.36, count: 5000 
Surfpos tag Noun: 0.36, count: 5000 
Surfpos tag Adj: 0.29, count: 4000 
val -- size:3000,  avg_surf_len: 9.72, avg_feat_len: 11.38, avg_root_len: 4.97 
Pos tag Verb: 0.49, count: 1464
Pos tag Noun: 0.42, count: 1262
Pos tag Adj: 0.09, count: 261
Pos tag Pron: 0.00, count: 05
Pos tag Num: 0.00, count: 05
Pos tag Postp: 0.00, count: 03
Polarity tag <unk>: 0.48, count: 1452 
Polarity tag Pos: 0.43, count: 1281 
Polarity tag Neg: 0.09, count: 267 
Tense tag <unk>: 0.74, count: 2207 
Tense tag Aor: 0.13, count: 397 
Tense tag Past: 0.06, count: 172 
Tense tag Narr: 0.03, count: 93 
Tense tag Prog1: 0.03, count: 86 
Tense tag Fut: 0.01, count: 40 
Tense tag Prog2: 0.00, count: 05 
Surfpos tag Verb: 0.33, count: 1000 
Surfpos tag Noun: 0.33, count: 1000 
Surfpos tag Adj: 0.33, count: 1000 

number of params: 4096 
Namespace(axs=array([<matplotlib.axes._subplots.AxesSubplot object at 0x7fc48f39ad50>,
       <matplotlib.axes._subplots.AxesSubplot object at 0x7fc4953ef2d0>],
      dtype=object), basemodel='models/ae/AE_trmor_agg0_kls0.00_warm10_0_0.pt', batchsize=128, bidirectional=False, bmodel='ae_original', clip_grad=5.0, dec_dropout_in=0.0, dec_dropout_out=0.0, dec_nh=1024, device='cuda', enc_dropout_in=0.0, enc_nh=1024, epochs=100, fig=<Figure size 640x480 with 2 Axes>, fig_path='logs/surf2surfpos/ae_original/14000_instances/100epochs.png', freeze_decoder=True, freeze_encoder=True, is_clip_grad=False, log_path='logs/surf2surfpos/ae_original/14000_instances/100epochs.log', logger=<utils.Logger object at 0x7fc48537a5d0>, lr=0.01, maxtrnsize=57769, maxtstsize=8517, maxvalsize=8329, model=VAE(
  (encoder): LSTMEncoder(
    (embed): Embedding(39, 512)
    (lstm): LSTM(512, 1024, batch_first=True)
    (dropout_in): Dropout(p=0.0, inplace=False)
    (linear): None
  )
  (decoder): None
  (probe_linear): Linear(in_features=1024, out_features=4, bias=False)
  (closs): CrossEntropyLoss()
), modelname='logs/surf2surfpos/ae_original/14000_instances', ni=512, nz=32, opt='Adam', plt_style='-', reset_decoder=False, reset_encoder=False, save_path='logs/surf2surfpos/ae_original/14000_instances/100epochs.pt', seq_to_no_pad='surface', surface_vocab_file='trmor_data/surf/surf.uniquesurfs.trn.txt', task='surf2surfpos', trndata='trmor_data/pos(surf)/surfpos.uniquesurfs.trn.txt', trnsize=14000, tstsize=0, valdata='trmor_data/pos(surf)/surfpos.uniquesurfs.val.txt', valsize=3000)

encoder.embed.weight, torch.Size([39, 512]): False
encoder.lstm.weight_ih_l0, torch.Size([4096, 512]): False
encoder.lstm.weight_hh_l0, torch.Size([4096, 1024]): False
encoder.lstm.bias_ih_l0, torch.Size([4096]): False
encoder.lstm.bias_hh_l0, torch.Size([4096]): False
probe_linear.weight, torch.Size([4, 1024]): True
epoch: 0 avg_loss: 106.1145, ppl: 2.5988, acc: 0.5813 
epoch correct: 8138 epoch wrong: 5862 epoch_num_tokens: 14000 
val --- avg_loss: 64.5565, ppl: 2.4164, acc: 0.6133  
epoch correct: 1840 epoch wrong: 1160 epoch_num_tokens: 3000 
update best loss 

epoch: 1 avg_loss: 89.0635, ppl: 2.2290, acc: 0.6608 
epoch correct: 9251 epoch wrong: 4749 epoch_num_tokens: 14000 
val --- avg_loss: 55.5847, ppl: 2.1375, acc: 0.6810  
epoch correct: 2043 epoch wrong: 957 epoch_num_tokens: 3000 
update best loss 

epoch: 2 avg_loss: 82.9164, ppl: 2.1091, acc: 0.6909 
epoch correct: 9672 epoch wrong: 4328 epoch_num_tokens: 14000 
val --- avg_loss: 55.2979, ppl: 2.1292, acc: 0.6750  
epoch correct: 2025 epoch wrong: 975 epoch_num_tokens: 3000 
update best loss 

epoch: 3 avg_loss: 80.4700, ppl: 2.0631, acc: 0.7027 
epoch correct: 9838 epoch wrong: 4162 epoch_num_tokens: 14000 
val --- avg_loss: 51.3570, ppl: 2.0175, acc: 0.7220  
epoch correct: 2166 epoch wrong: 834 epoch_num_tokens: 3000 
update best loss 

epoch: 4 avg_loss: 79.1959, ppl: 2.0396, acc: 0.7137 
epoch correct: 9992 epoch wrong: 4008 epoch_num_tokens: 14000 
val --- avg_loss: 48.8283, ppl: 1.9490, acc: 0.7443  
epoch correct: 2233 epoch wrong: 767 epoch_num_tokens: 3000 
update best loss 

epoch: 5 avg_loss: 75.6839, ppl: 1.9762, acc: 0.7293 
epoch correct: 10210 epoch wrong: 3790 epoch_num_tokens: 14000 
val --- avg_loss: 48.2159, ppl: 1.9328, acc: 0.7640  
epoch correct: 2292 epoch wrong: 708 epoch_num_tokens: 3000 
update best loss 

epoch: 6 avg_loss: 74.9760, ppl: 1.9636, acc: 0.7364 
epoch correct: 10309 epoch wrong: 3691 epoch_num_tokens: 14000 
val --- avg_loss: 45.5879, ppl: 1.8646, acc: 0.7687  
epoch correct: 2306 epoch wrong: 694 epoch_num_tokens: 3000 
update best loss 

epoch: 7 avg_loss: 73.3286, ppl: 1.9347, acc: 0.7436 
epoch correct: 10411 epoch wrong: 3589 epoch_num_tokens: 14000 
val --- avg_loss: 45.5057, ppl: 1.8625, acc: 0.7737  
epoch correct: 2321 epoch wrong: 679 epoch_num_tokens: 3000 
update best loss 

epoch: 8 avg_loss: 70.5281, ppl: 1.8866, acc: 0.7551 
epoch correct: 10571 epoch wrong: 3429 epoch_num_tokens: 14000 
val --- avg_loss: 45.5277, ppl: 1.8630, acc: 0.7753  
epoch correct: 2326 epoch wrong: 674 epoch_num_tokens: 3000 

epoch: 9 avg_loss: 70.0333, ppl: 1.8782, acc: 0.7618 
epoch correct: 10665 epoch wrong: 3335 epoch_num_tokens: 14000 
val --- avg_loss: 44.3541, ppl: 1.8334, acc: 0.7773  
epoch correct: 2332 epoch wrong: 668 epoch_num_tokens: 3000 
update best loss 

epoch: 10 avg_loss: 70.1713, ppl: 1.8805, acc: 0.7592 
epoch correct: 10629 epoch wrong: 3371 epoch_num_tokens: 14000 
val --- avg_loss: 43.8488, ppl: 1.8208, acc: 0.7847  
epoch correct: 2354 epoch wrong: 646 epoch_num_tokens: 3000 
update best loss 

epoch: 11 avg_loss: 69.1701, ppl: 1.8636, acc: 0.7658 
epoch correct: 10721 epoch wrong: 3279 epoch_num_tokens: 14000 
val --- avg_loss: 41.9469, ppl: 1.7741, acc: 0.7977  
epoch correct: 2393 epoch wrong: 607 epoch_num_tokens: 3000 
update best loss 

epoch: 12 avg_loss: 68.5292, ppl: 1.8529, acc: 0.7642 
epoch correct: 10699 epoch wrong: 3301 epoch_num_tokens: 14000 
val --- avg_loss: 42.4296, ppl: 1.7858, acc: 0.7967  
epoch correct: 2390 epoch wrong: 610 epoch_num_tokens: 3000 

epoch: 13 avg_loss: 68.2300, ppl: 1.8479, acc: 0.7628 
epoch correct: 10679 epoch wrong: 3321 epoch_num_tokens: 14000 
val --- avg_loss: 41.4630, ppl: 1.7624, acc: 0.7990  
epoch correct: 2397 epoch wrong: 603 epoch_num_tokens: 3000 
update best loss 

epoch: 14 avg_loss: 68.2461, ppl: 1.8482, acc: 0.7658 
epoch correct: 10721 epoch wrong: 3279 epoch_num_tokens: 14000 
val --- avg_loss: 40.5876, ppl: 1.7414, acc: 0.8017  
epoch correct: 2405 epoch wrong: 595 epoch_num_tokens: 3000 
update best loss 

epoch: 15 avg_loss: 67.4074, ppl: 1.8343, acc: 0.7699 
epoch correct: 10778 epoch wrong: 3222 epoch_num_tokens: 14000 
val --- avg_loss: 40.9924, ppl: 1.7511, acc: 0.7930  
epoch correct: 2379 epoch wrong: 621 epoch_num_tokens: 3000 

epoch: 16 avg_loss: 66.7099, ppl: 1.8228, acc: 0.7675 
epoch correct: 10745 epoch wrong: 3255 epoch_num_tokens: 14000 
val --- avg_loss: 40.1150, ppl: 1.7302, acc: 0.8013  
epoch correct: 2404 epoch wrong: 596 epoch_num_tokens: 3000 
update best loss 

epoch: 17 avg_loss: 65.4326, ppl: 1.8020, acc: 0.7781 
epoch correct: 10894 epoch wrong: 3106 epoch_num_tokens: 14000 
val --- avg_loss: 39.5048, ppl: 1.7158, acc: 0.8017  
epoch correct: 2405 epoch wrong: 595 epoch_num_tokens: 3000 
update best loss 

epoch: 18 avg_loss: 66.0048, ppl: 1.8113, acc: 0.7747 
epoch correct: 10846 epoch wrong: 3154 epoch_num_tokens: 14000 
val --- avg_loss: 39.7545, ppl: 1.7217, acc: 0.8053  
epoch correct: 2416 epoch wrong: 584 epoch_num_tokens: 3000 

epoch: 19 avg_loss: 66.4439, ppl: 1.8185, acc: 0.7709 
epoch correct: 10793 epoch wrong: 3207 epoch_num_tokens: 14000 
val --- avg_loss: 39.1331, ppl: 1.7071, acc: 0.8050  
epoch correct: 2415 epoch wrong: 585 epoch_num_tokens: 3000 
update best loss 

epoch: 20 avg_loss: 64.3827, ppl: 1.7850, acc: 0.7812 
epoch correct: 10937 epoch wrong: 3063 epoch_num_tokens: 14000 
val --- avg_loss: 39.6825, ppl: 1.7200, acc: 0.8030  
epoch correct: 2409 epoch wrong: 591 epoch_num_tokens: 3000 

epoch: 21 avg_loss: 65.1369, ppl: 1.7972, acc: 0.7794 
epoch correct: 10912 epoch wrong: 3088 epoch_num_tokens: 14000 
val --- avg_loss: 38.9231, ppl: 1.7022, acc: 0.8110  
epoch correct: 2433 epoch wrong: 567 epoch_num_tokens: 3000 
update best loss 

epoch: 22 avg_loss: 64.6642, ppl: 1.7896, acc: 0.7748 
epoch correct: 10847 epoch wrong: 3153 epoch_num_tokens: 14000 
val --- avg_loss: 39.2822, ppl: 1.7106, acc: 0.8097  
epoch correct: 2429 epoch wrong: 571 epoch_num_tokens: 3000 

epoch: 23 avg_loss: 63.9467, ppl: 1.7781, acc: 0.7804 
epoch correct: 10925 epoch wrong: 3075 epoch_num_tokens: 14000 
val --- avg_loss: 39.4792, ppl: 1.7152, acc: 0.8030  
epoch correct: 2409 epoch wrong: 591 epoch_num_tokens: 3000 

epoch: 24 avg_loss: 63.6654, ppl: 1.7736, acc: 0.7804 
epoch correct: 10926 epoch wrong: 3074 epoch_num_tokens: 14000 
val --- avg_loss: 38.6152, ppl: 1.6951, acc: 0.8087  
epoch correct: 2426 epoch wrong: 574 epoch_num_tokens: 3000 
update best loss 

epoch: 25 avg_loss: 63.6695, ppl: 1.7736, acc: 0.7808 
epoch correct: 10931 epoch wrong: 3069 epoch_num_tokens: 14000 
val --- avg_loss: 38.0728, ppl: 1.6826, acc: 0.8147  
epoch correct: 2444 epoch wrong: 556 epoch_num_tokens: 3000 
update best loss 

epoch: 26 avg_loss: 63.1254, ppl: 1.7650, acc: 0.7846 
epoch correct: 10984 epoch wrong: 3016 epoch_num_tokens: 14000 
val --- avg_loss: 38.3129, ppl: 1.6881, acc: 0.8053  
epoch correct: 2416 epoch wrong: 584 epoch_num_tokens: 3000 

epoch: 27 avg_loss: 64.5149, ppl: 1.7872, acc: 0.7756 
epoch correct: 10859 epoch wrong: 3141 epoch_num_tokens: 14000 
val --- avg_loss: 38.3960, ppl: 1.6900, acc: 0.8130  
epoch correct: 2439 epoch wrong: 561 epoch_num_tokens: 3000 

epoch: 28 avg_loss: 63.5938, ppl: 1.7724, acc: 0.7806 
epoch correct: 10929 epoch wrong: 3071 epoch_num_tokens: 14000 
val --- avg_loss: 37.6798, ppl: 1.6736, acc: 0.8187  
epoch correct: 2456 epoch wrong: 544 epoch_num_tokens: 3000 
update best loss 

epoch: 29 avg_loss: 62.0077, ppl: 1.7473, acc: 0.7893 
epoch correct: 11050 epoch wrong: 2950 epoch_num_tokens: 14000 
val --- avg_loss: 37.6848, ppl: 1.6737, acc: 0.8130  
epoch correct: 2439 epoch wrong: 561 epoch_num_tokens: 3000 

epoch: 30 avg_loss: 62.2775, ppl: 1.7515, acc: 0.7881 
epoch correct: 11033 epoch wrong: 2967 epoch_num_tokens: 14000 
val --- avg_loss: 38.3923, ppl: 1.6899, acc: 0.8100  
epoch correct: 2430 epoch wrong: 570 epoch_num_tokens: 3000 

epoch: 31 avg_loss: 63.0804, ppl: 1.7642, acc: 0.7821 
epoch correct: 10950 epoch wrong: 3050 epoch_num_tokens: 14000 
val --- avg_loss: 37.8794, ppl: 1.6781, acc: 0.8140  
epoch correct: 2442 epoch wrong: 558 epoch_num_tokens: 3000 

epoch: 32 avg_loss: 61.9811, ppl: 1.7469, acc: 0.7885 
epoch correct: 11039 epoch wrong: 2961 epoch_num_tokens: 14000 
val --- avg_loss: 37.0719, ppl: 1.6597, acc: 0.8200  
epoch correct: 2460 epoch wrong: 540 epoch_num_tokens: 3000 
update best loss 

epoch: 33 avg_loss: 61.3691, ppl: 1.7373, acc: 0.7875 
epoch correct: 11025 epoch wrong: 2975 epoch_num_tokens: 14000 
val --- avg_loss: 37.2708, ppl: 1.6642, acc: 0.8177  
epoch correct: 2453 epoch wrong: 547 epoch_num_tokens: 3000 

epoch: 34 avg_loss: 62.0068, ppl: 1.7473, acc: 0.7844 
epoch correct: 10981 epoch wrong: 3019 epoch_num_tokens: 14000 
val --- avg_loss: 37.3164, ppl: 1.6653, acc: 0.8157  
epoch correct: 2447 epoch wrong: 553 epoch_num_tokens: 3000 

epoch: 35 avg_loss: 60.4608, ppl: 1.7231, acc: 0.7958 
epoch correct: 11141 epoch wrong: 2859 epoch_num_tokens: 14000 
val --- avg_loss: 37.5804, ppl: 1.6713, acc: 0.8100  
epoch correct: 2430 epoch wrong: 570 epoch_num_tokens: 3000 

epoch: 36 avg_loss: 62.2167, ppl: 1.7506, acc: 0.7871 
epoch correct: 11020 epoch wrong: 2980 epoch_num_tokens: 14000 
val --- avg_loss: 36.1957, ppl: 1.6400, acc: 0.8233  
epoch correct: 2470 epoch wrong: 530 epoch_num_tokens: 3000 
update best loss 

epoch: 37 avg_loss: 60.5108, ppl: 1.7239, acc: 0.7946 
epoch correct: 11125 epoch wrong: 2875 epoch_num_tokens: 14000 
val --- avg_loss: 37.1366, ppl: 1.6612, acc: 0.8080  
epoch correct: 2424 epoch wrong: 576 epoch_num_tokens: 3000 

epoch: 38 avg_loss: 60.0240, ppl: 1.7164, acc: 0.7924 
epoch correct: 11094 epoch wrong: 2906 epoch_num_tokens: 14000 
val --- avg_loss: 36.8642, ppl: 1.6550, acc: 0.8217  
epoch correct: 2465 epoch wrong: 535 epoch_num_tokens: 3000 

epoch: 39 avg_loss: 60.7217, ppl: 1.7272, acc: 0.7916 
epoch correct: 11082 epoch wrong: 2918 epoch_num_tokens: 14000 
val --- avg_loss: 36.3334, ppl: 1.6431, acc: 0.8233  
epoch correct: 2470 epoch wrong: 530 epoch_num_tokens: 3000 

epoch: 40 avg_loss: 60.7947, ppl: 1.7283, acc: 0.7891 
epoch correct: 11048 epoch wrong: 2952 epoch_num_tokens: 14000 
val --- avg_loss: 36.8839, ppl: 1.6555, acc: 0.8167  
epoch correct: 2450 epoch wrong: 550 epoch_num_tokens: 3000 

epoch: 41 avg_loss: 61.3689, ppl: 1.7373, acc: 0.7899 
epoch correct: 11059 epoch wrong: 2941 epoch_num_tokens: 14000 
val --- avg_loss: 37.0783, ppl: 1.6599, acc: 0.8150  
epoch correct: 2445 epoch wrong: 555 epoch_num_tokens: 3000 

epoch: 42 avg_loss: 60.4715, ppl: 1.7233, acc: 0.7926 
epoch correct: 11097 epoch wrong: 2903 epoch_num_tokens: 14000 
val --- avg_loss: 36.3713, ppl: 1.6439, acc: 0.8290  
epoch correct: 2487 epoch wrong: 513 epoch_num_tokens: 3000 

epoch: 43 avg_loss: 60.1914, ppl: 1.7190, acc: 0.7948 
epoch correct: 11127 epoch wrong: 2873 epoch_num_tokens: 14000 
val --- avg_loss: 36.2201, ppl: 1.6405, acc: 0.8277  
epoch correct: 2483 epoch wrong: 517 epoch_num_tokens: 3000 

epoch: 44 avg_loss: 60.2413, ppl: 1.7197, acc: 0.7884 
epoch correct: 11038 epoch wrong: 2962 epoch_num_tokens: 14000 
val --- avg_loss: 36.4822, ppl: 1.6464, acc: 0.8237  
epoch correct: 2471 epoch wrong: 529 epoch_num_tokens: 3000 

epoch: 45 avg_loss: 60.2414, ppl: 1.7197, acc: 0.7951 
epoch correct: 11132 epoch wrong: 2868 epoch_num_tokens: 14000 
val --- avg_loss: 37.1371, ppl: 1.6612, acc: 0.8123  
epoch correct: 2437 epoch wrong: 563 epoch_num_tokens: 3000 

epoch: 46 avg_loss: 59.0715, ppl: 1.7017, acc: 0.7967 
epoch correct: 11154 epoch wrong: 2846 epoch_num_tokens: 14000 
val --- avg_loss: 35.9552, ppl: 1.6346, acc: 0.8233  
epoch correct: 2470 epoch wrong: 530 epoch_num_tokens: 3000 
update best loss 

epoch: 47 avg_loss: 59.5810, ppl: 1.7095, acc: 0.7928 
epoch correct: 11099 epoch wrong: 2901 epoch_num_tokens: 14000 
val --- avg_loss: 35.7471, ppl: 1.6299, acc: 0.8230  
epoch correct: 2469 epoch wrong: 531 epoch_num_tokens: 3000 
update best loss 

epoch: 48 avg_loss: 60.7320, ppl: 1.7273, acc: 0.7904 
epoch correct: 11066 epoch wrong: 2934 epoch_num_tokens: 14000 
val --- avg_loss: 35.7479, ppl: 1.6300, acc: 0.8227  
epoch correct: 2468 epoch wrong: 532 epoch_num_tokens: 3000 

epoch: 49 avg_loss: 59.2029, ppl: 1.7037, acc: 0.7989 
epoch correct: 11185 epoch wrong: 2815 epoch_num_tokens: 14000 
val --- avg_loss: 36.6786, ppl: 1.6508, acc: 0.8157  
epoch correct: 2447 epoch wrong: 553 epoch_num_tokens: 3000 

epoch: 50 avg_loss: 60.1359, ppl: 1.7181, acc: 0.7954 
epoch correct: 11135 epoch wrong: 2865 epoch_num_tokens: 14000 
val --- avg_loss: 35.5019, ppl: 1.6245, acc: 0.8250  
epoch correct: 2475 epoch wrong: 525 epoch_num_tokens: 3000 
update best loss 

epoch: 51 avg_loss: 59.1448, ppl: 1.7029, acc: 0.7976 
epoch correct: 11167 epoch wrong: 2833 epoch_num_tokens: 14000 
val --- avg_loss: 35.6099, ppl: 1.6269, acc: 0.8227  
epoch correct: 2468 epoch wrong: 532 epoch_num_tokens: 3000 

epoch: 52 avg_loss: 60.0752, ppl: 1.7172, acc: 0.7935 
epoch correct: 11109 epoch wrong: 2891 epoch_num_tokens: 14000 
val --- avg_loss: 35.5293, ppl: 1.6251, acc: 0.8217  
epoch correct: 2465 epoch wrong: 535 epoch_num_tokens: 3000 

epoch: 53 avg_loss: 58.7560, ppl: 1.6969, acc: 0.8009 
epoch correct: 11213 epoch wrong: 2787 epoch_num_tokens: 14000 
val --- avg_loss: 35.7317, ppl: 1.6296, acc: 0.8200  
epoch correct: 2460 epoch wrong: 540 epoch_num_tokens: 3000 

epoch: 54 avg_loss: 59.1172, ppl: 1.7024, acc: 0.7964 
epoch correct: 11150 epoch wrong: 2850 epoch_num_tokens: 14000 
val --- avg_loss: 35.9273, ppl: 1.6340, acc: 0.8220  
epoch correct: 2466 epoch wrong: 534 epoch_num_tokens: 3000 

epoch: 55 avg_loss: 58.0794, ppl: 1.6866, acc: 0.7983 
epoch correct: 11176 epoch wrong: 2824 epoch_num_tokens: 14000 
val --- avg_loss: 35.2453, ppl: 1.6188, acc: 0.8263  
epoch correct: 2479 epoch wrong: 521 epoch_num_tokens: 3000 
update best loss 

epoch: 56 avg_loss: 59.3951, ppl: 1.7067, acc: 0.7944 
epoch correct: 11122 epoch wrong: 2878 epoch_num_tokens: 14000 
val --- avg_loss: 35.0958, ppl: 1.6155, acc: 0.8290  
epoch correct: 2487 epoch wrong: 513 epoch_num_tokens: 3000 
update best loss 

epoch: 57 avg_loss: 57.3869, ppl: 1.6761, acc: 0.8022 
epoch correct: 11231 epoch wrong: 2769 epoch_num_tokens: 14000 
val --- avg_loss: 35.3628, ppl: 1.6214, acc: 0.8270  
epoch correct: 2481 epoch wrong: 519 epoch_num_tokens: 3000 

epoch: 58 avg_loss: 58.8543, ppl: 1.6984, acc: 0.7975 
epoch correct: 11165 epoch wrong: 2835 epoch_num_tokens: 14000 
val --- avg_loss: 35.6324, ppl: 1.6274, acc: 0.8243  
epoch correct: 2473 epoch wrong: 527 epoch_num_tokens: 3000 

epoch: 59 avg_loss: 58.8152, ppl: 1.6978, acc: 0.7986 
epoch correct: 11180 epoch wrong: 2820 epoch_num_tokens: 14000 
val --- avg_loss: 35.7067, ppl: 1.6290, acc: 0.8200  
epoch correct: 2460 epoch wrong: 540 epoch_num_tokens: 3000 

epoch: 60 avg_loss: 57.4264, ppl: 1.6767, acc: 0.8048 
epoch correct: 11267 epoch wrong: 2733 epoch_num_tokens: 14000 
val --- avg_loss: 36.5915, ppl: 1.6489, acc: 0.8160  
epoch correct: 2448 epoch wrong: 552 epoch_num_tokens: 3000 

epoch: 61 avg_loss: 58.7834, ppl: 1.6973, acc: 0.7988 
epoch correct: 11183 epoch wrong: 2817 epoch_num_tokens: 14000 
val --- avg_loss: 35.4375, ppl: 1.6231, acc: 0.8260  
epoch correct: 2478 epoch wrong: 522 epoch_num_tokens: 3000 

epoch: 62 avg_loss: 57.5116, ppl: 1.6780, acc: 0.8050 
epoch correct: 11270 epoch wrong: 2730 epoch_num_tokens: 14000 
val --- avg_loss: 34.8985, ppl: 1.6111, acc: 0.8277  
epoch correct: 2483 epoch wrong: 517 epoch_num_tokens: 3000 
update best loss 

epoch: 63 avg_loss: 57.6932, ppl: 1.6807, acc: 0.8041 
epoch correct: 11258 epoch wrong: 2742 epoch_num_tokens: 14000 
val --- avg_loss: 35.3785, ppl: 1.6218, acc: 0.8237  
epoch correct: 2471 epoch wrong: 529 epoch_num_tokens: 3000 

epoch: 64 avg_loss: 58.2398, ppl: 1.6890, acc: 0.7992 
epoch correct: 11189 epoch wrong: 2811 epoch_num_tokens: 14000 
val --- avg_loss: 35.9790, ppl: 1.6351, acc: 0.8177  
epoch correct: 2453 epoch wrong: 547 epoch_num_tokens: 3000 

epoch: 65 avg_loss: 58.1444, ppl: 1.6876, acc: 0.8022 
epoch correct: 11231 epoch wrong: 2769 epoch_num_tokens: 14000 
val --- avg_loss: 34.4677, ppl: 1.6017, acc: 0.8303  
epoch correct: 2491 epoch wrong: 509 epoch_num_tokens: 3000 
update best loss 

epoch: 66 avg_loss: 57.1148, ppl: 1.6720, acc: 0.8032 
epoch correct: 11245 epoch wrong: 2755 epoch_num_tokens: 14000 
val --- avg_loss: 34.1367, ppl: 1.5945, acc: 0.8327  
epoch correct: 2498 epoch wrong: 502 epoch_num_tokens: 3000 
update best loss 

epoch: 67 avg_loss: 57.2373, ppl: 1.6739, acc: 0.8073 
epoch correct: 11302 epoch wrong: 2698 epoch_num_tokens: 14000 
val --- avg_loss: 34.9796, ppl: 1.6129, acc: 0.8297  
epoch correct: 2489 epoch wrong: 511 epoch_num_tokens: 3000 

epoch: 68 avg_loss: 57.4389, ppl: 1.6769, acc: 0.8037 
epoch correct: 11252 epoch wrong: 2748 epoch_num_tokens: 14000 
val --- avg_loss: 34.4159, ppl: 1.6006, acc: 0.8273  
epoch correct: 2482 epoch wrong: 518 epoch_num_tokens: 3000 

epoch: 69 avg_loss: 57.5798, ppl: 1.6790, acc: 0.8041 
epoch correct: 11258 epoch wrong: 2742 epoch_num_tokens: 14000 
val --- avg_loss: 35.4776, ppl: 1.6239, acc: 0.8210  
epoch correct: 2463 epoch wrong: 537 epoch_num_tokens: 3000 

epoch: 70 avg_loss: 57.6657, ppl: 1.6803, acc: 0.8004 
epoch correct: 11206 epoch wrong: 2794 epoch_num_tokens: 14000 
val --- avg_loss: 34.0493, ppl: 1.5926, acc: 0.8350  
epoch correct: 2505 epoch wrong: 495 epoch_num_tokens: 3000 
update best loss 

epoch: 71 avg_loss: 57.1395, ppl: 1.6724, acc: 0.8066 
epoch correct: 11292 epoch wrong: 2708 epoch_num_tokens: 14000 
val --- avg_loss: 33.9906, ppl: 1.5913, acc: 0.8353  
epoch correct: 2506 epoch wrong: 494 epoch_num_tokens: 3000 
update best loss 

epoch: 72 avg_loss: 56.3976, ppl: 1.6613, acc: 0.8050 
epoch correct: 11270 epoch wrong: 2730 epoch_num_tokens: 14000 
val --- avg_loss: 34.4859, ppl: 1.6021, acc: 0.8300  
epoch correct: 2490 epoch wrong: 510 epoch_num_tokens: 3000 

epoch: 73 avg_loss: 56.8457, ppl: 1.6680, acc: 0.8059 
epoch correct: 11283 epoch wrong: 2717 epoch_num_tokens: 14000 
val --- avg_loss: 33.8585, ppl: 1.5884, acc: 0.8383  
epoch correct: 2515 epoch wrong: 485 epoch_num_tokens: 3000 
update best loss 

epoch: 74 avg_loss: 57.3788, ppl: 1.6760, acc: 0.8036 
epoch correct: 11250 epoch wrong: 2750 epoch_num_tokens: 14000 
val --- avg_loss: 34.5498, ppl: 1.6035, acc: 0.8317  
epoch correct: 2495 epoch wrong: 505 epoch_num_tokens: 3000 

epoch: 75 avg_loss: 56.4081, ppl: 1.6614, acc: 0.8074 
epoch correct: 11303 epoch wrong: 2697 epoch_num_tokens: 14000 
val --- avg_loss: 34.4151, ppl: 1.6005, acc: 0.8300  
epoch correct: 2490 epoch wrong: 510 epoch_num_tokens: 3000 

epoch: 76 avg_loss: 56.2033, ppl: 1.6584, acc: 0.8105 
epoch correct: 11347 epoch wrong: 2653 epoch_num_tokens: 14000 
val --- avg_loss: 35.4972, ppl: 1.6244, acc: 0.8167  
epoch correct: 2450 epoch wrong: 550 epoch_num_tokens: 3000 

epoch: 77 avg_loss: 57.2970, ppl: 1.6748, acc: 0.8051 
epoch correct: 11271 epoch wrong: 2729 epoch_num_tokens: 14000 
val --- avg_loss: 34.2032, ppl: 1.5959, acc: 0.8303  
epoch correct: 2491 epoch wrong: 509 epoch_num_tokens: 3000 

epoch: 78 avg_loss: 54.8683, ppl: 1.6386, acc: 0.8126 
epoch correct: 11377 epoch wrong: 2623 epoch_num_tokens: 14000 
val --- avg_loss: 35.3251, ppl: 1.6206, acc: 0.8183  
epoch correct: 2455 epoch wrong: 545 epoch_num_tokens: 3000 

epoch: 79 avg_loss: 56.9379, ppl: 1.6694, acc: 0.8036 
epoch correct: 11251 epoch wrong: 2749 epoch_num_tokens: 14000 
val --- avg_loss: 34.2777, ppl: 1.5975, acc: 0.8307  
epoch correct: 2492 epoch wrong: 508 epoch_num_tokens: 3000 

epoch: 80 avg_loss: 56.0966, ppl: 1.6568, acc: 0.8068 
epoch correct: 11295 epoch wrong: 2705 epoch_num_tokens: 14000 
val --- avg_loss: 34.1817, ppl: 1.5954, acc: 0.8337  
epoch correct: 2501 epoch wrong: 499 epoch_num_tokens: 3000 

epoch: 81 avg_loss: 57.8752, ppl: 1.6835, acc: 0.8027 
epoch correct: 11238 epoch wrong: 2762 epoch_num_tokens: 14000 
val --- avg_loss: 34.4455, ppl: 1.6012, acc: 0.8267  
epoch correct: 2480 epoch wrong: 520 epoch_num_tokens: 3000 

epoch: 82 avg_loss: 56.1124, ppl: 1.6570, acc: 0.8085 
epoch correct: 11319 epoch wrong: 2681 epoch_num_tokens: 14000 
val --- avg_loss: 34.3487, ppl: 1.5991, acc: 0.8297  
epoch correct: 2489 epoch wrong: 511 epoch_num_tokens: 3000 

epoch: 83 avg_loss: 56.0910, ppl: 1.6567, acc: 0.8121 
epoch correct: 11370 epoch wrong: 2630 epoch_num_tokens: 14000 
val --- avg_loss: 33.6808, ppl: 1.5846, acc: 0.8337  
epoch correct: 2501 epoch wrong: 499 epoch_num_tokens: 3000 
update best loss 

epoch: 84 avg_loss: 56.2604, ppl: 1.6592, acc: 0.8075 
epoch correct: 11305 epoch wrong: 2695 epoch_num_tokens: 14000 
val --- avg_loss: 34.0605, ppl: 1.5928, acc: 0.8337  
epoch correct: 2501 epoch wrong: 499 epoch_num_tokens: 3000 

epoch: 85 avg_loss: 54.7229, ppl: 1.6364, acc: 0.8176 
epoch correct: 11446 epoch wrong: 2554 epoch_num_tokens: 14000 
val --- avg_loss: 35.3846, ppl: 1.6219, acc: 0.8180  
epoch correct: 2454 epoch wrong: 546 epoch_num_tokens: 3000 

epoch: 86 avg_loss: 55.8429, ppl: 1.6530, acc: 0.8114 
epoch correct: 11360 epoch wrong: 2640 epoch_num_tokens: 14000 
val --- avg_loss: 33.8439, ppl: 1.5881, acc: 0.8353  
epoch correct: 2506 epoch wrong: 494 epoch_num_tokens: 3000 

epoch: 87 avg_loss: 56.4149, ppl: 1.6615, acc: 0.8081 
epoch correct: 11314 epoch wrong: 2686 epoch_num_tokens: 14000 
val --- avg_loss: 33.9166, ppl: 1.5897, acc: 0.8337  
epoch correct: 2501 epoch wrong: 499 epoch_num_tokens: 3000 

epoch: 88 avg_loss: 55.3068, ppl: 1.6450, acc: 0.8114 
epoch correct: 11359 epoch wrong: 2641 epoch_num_tokens: 14000 
val --- avg_loss: 33.8581, ppl: 1.5884, acc: 0.8287  
epoch correct: 2486 epoch wrong: 514 epoch_num_tokens: 3000 

epoch: 89 avg_loss: 56.9385, ppl: 1.6694, acc: 0.8043 
epoch correct: 11260 epoch wrong: 2740 epoch_num_tokens: 14000 
val --- avg_loss: 33.6842, ppl: 1.5846, acc: 0.8383  
epoch correct: 2515 epoch wrong: 485 epoch_num_tokens: 3000 

epoch: 90 avg_loss: 56.2573, ppl: 1.6592, acc: 0.8079 
epoch correct: 11310 epoch wrong: 2690 epoch_num_tokens: 14000 
val --- avg_loss: 32.8624, ppl: 1.5669, acc: 0.8397  
epoch correct: 2519 epoch wrong: 481 epoch_num_tokens: 3000 
update best loss 

epoch: 91 avg_loss: 55.0246, ppl: 1.6409, acc: 0.8114 
epoch correct: 11359 epoch wrong: 2641 epoch_num_tokens: 14000 
val --- avg_loss: 33.4351, ppl: 1.5792, acc: 0.8407  
epoch correct: 2522 epoch wrong: 478 epoch_num_tokens: 3000 

epoch: 92 avg_loss: 54.7456, ppl: 1.6367, acc: 0.8156 
epoch correct: 11419 epoch wrong: 2581 epoch_num_tokens: 14000 
val --- avg_loss: 33.5285, ppl: 1.5813, acc: 0.8350  
epoch correct: 2505 epoch wrong: 495 epoch_num_tokens: 3000 

epoch: 93 avg_loss: 55.2168, ppl: 1.6437, acc: 0.8121 
epoch correct: 11370 epoch wrong: 2630 epoch_num_tokens: 14000 
val --- avg_loss: 33.2397, ppl: 1.5750, acc: 0.8373  
epoch correct: 2512 epoch wrong: 488 epoch_num_tokens: 3000 

epoch: 94 avg_loss: 55.0899, ppl: 1.6418, acc: 0.8139 
epoch correct: 11394 epoch wrong: 2606 epoch_num_tokens: 14000 
val --- avg_loss: 33.8961, ppl: 1.5892, acc: 0.8327  
epoch correct: 2498 epoch wrong: 502 epoch_num_tokens: 3000 

epoch: 95 avg_loss: 55.2410, ppl: 1.6441, acc: 0.8099 
epoch correct: 11338 epoch wrong: 2662 epoch_num_tokens: 14000 
val --- avg_loss: 33.9190, ppl: 1.5897, acc: 0.8337  
epoch correct: 2501 epoch wrong: 499 epoch_num_tokens: 3000 

epoch: 96 avg_loss: 55.0743, ppl: 1.6416, acc: 0.8130 
epoch correct: 11382 epoch wrong: 2618 epoch_num_tokens: 14000 
val --- avg_loss: 33.4192, ppl: 1.5789, acc: 0.8330  
epoch correct: 2499 epoch wrong: 501 epoch_num_tokens: 3000 

epoch: 97 avg_loss: 53.8518, ppl: 1.6236, acc: 0.8177 
epoch correct: 11448 epoch wrong: 2552 epoch_num_tokens: 14000 
val --- avg_loss: 33.0813, ppl: 1.5716, acc: 0.8403  
epoch correct: 2521 epoch wrong: 479 epoch_num_tokens: 3000 

epoch: 98 avg_loss: 54.0599, ppl: 1.6267, acc: 0.8143 
epoch correct: 11400 epoch wrong: 2600 epoch_num_tokens: 14000 
val --- avg_loss: 32.7608, ppl: 1.5648, acc: 0.8390  
epoch correct: 2517 epoch wrong: 483 epoch_num_tokens: 3000 
update best loss 

epoch: 99 avg_loss: 53.4772, ppl: 1.6182, acc: 0.8206 
epoch correct: 11489 epoch wrong: 2511 epoch_num_tokens: 14000 
val --- avg_loss: 33.1966, ppl: 1.5741, acc: 0.8397  
epoch correct: 2519 epoch wrong: 481 epoch_num_tokens: 3000 
