
number of params: 12875776 
Namespace(batchsize=128, dec_dropout_in=0.5, dec_dropout_out=0.5, dec_nh=1024, device='cuda', enc_dropout_in=0.0, enc_dropout_out=0.0, enc_nh=1024, epochs=55, fig_path='model/ae/results/50000_instances/55epochs.png', log_path='model/ae/results/50000_instances/55epochs.log', logger=<common.utils.Logger object at 0x7f9dc1eb1c90>, lr=0.001, maxtrnsize=57769, maxtstsize=10000, maxvalsize=10000, mname='ae', model=AE(
  (encoder): AE_Encoder(
    (embed): Embedding(39, 512)
    (lstm): LSTM(512, 1024, batch_first=True)
    (dropout_in): Dropout(p=0.0, inplace=False)
    (linear): Linear(in_features=1024, out_features=32, bias=False)
  )
  (decoder): AE_Decoder(
    (embed): Embedding(39, 512, padding_idx=0)
    (dropout_in): Dropout(p=0.5, inplace=False)
    (dropout_out): Dropout(p=0.5, inplace=False)
    (trans_linear): Linear(in_features=32, out_features=1024, bias=False)
    (lstm): LSTM(544, 1024, batch_first=True)
    (pred_linear): Linear(in_features=1024, out_features=39, bias=False)
    (loss): CrossEntropyLoss()
  )
), modelname='model/ae/results/50000_instances/', ni=512, nz=32, opt='Adam', save_path='model/ae/results/50000_instances/55epochs.pt', seq_to_no_pad='surface', surface_vocab_file='model/ae/data/surf.uniquesurfs.trn.txt', task='ae', trndata='model/ae/data/surf.uniquesurfs.trn.txt', trnsize=50000, tstdata='model/ae/data/surf.uniquesurfs.val.txt', tstsize=50000, valdata='model/ae/data/surf.uniquesurfs.val.txt', valsize=4000)

encoder.embed.weight, torch.Size([39, 512]): True
encoder.lstm.weight_ih_l0, torch.Size([4096, 512]): True
encoder.lstm.weight_hh_l0, torch.Size([4096, 1024]): True
encoder.lstm.bias_ih_l0, torch.Size([4096]): True
encoder.lstm.bias_hh_l0, torch.Size([4096]): True
encoder.linear.weight, torch.Size([32, 1024]): True
decoder.embed.weight, torch.Size([39, 512]): True
decoder.trans_linear.weight, torch.Size([1024, 32]): True
decoder.lstm.weight_ih_l0, torch.Size([4096, 544]): True
decoder.lstm.weight_hh_l0, torch.Size([4096, 1024]): True
decoder.lstm.bias_ih_l0, torch.Size([4096]): True
decoder.lstm.bias_hh_l0, torch.Size([4096]): True
decoder.pred_linear.weight, torch.Size([39, 1024]): True
epoch: 0 avg_loss: 2.2426, acc: 0.3135
val --- avg_loss: 1.8369, acc: 0.4355  
update best loss 

epoch: 1 avg_loss: 1.6040, acc: 0.5038
val --- avg_loss: 1.4174, acc: 0.5645  
update best loss 

epoch: 2 avg_loss: 1.3106, acc: 0.5955
val --- avg_loss: 1.2109, acc: 0.6364  
update best loss 

epoch: 3 avg_loss: 1.1104, acc: 0.6576
val --- avg_loss: 0.9779, acc: 0.7068  
update best loss 

epoch: 4 avg_loss: 0.8648, acc: 0.7316
val --- avg_loss: 0.7474, acc: 0.7754  
update best loss 

epoch: 5 avg_loss: 0.6319, acc: 0.8029
val --- avg_loss: 0.5111, acc: 0.8524  
update best loss 

epoch: 6 avg_loss: 0.4155, acc: 0.8685
val --- avg_loss: 0.3406, acc: 0.9046  
update best loss 

epoch: 7 avg_loss: 0.2734, acc: 0.9118
val --- avg_loss: 0.2503, acc: 0.9323  
update best loss 

epoch: 8 avg_loss: 0.2031, acc: 0.9335
val --- avg_loss: 0.2282, acc: 0.9392  
update best loss 

epoch: 9 avg_loss: 0.1459, acc: 0.9519
val --- avg_loss: 0.1586, acc: 0.9562  
update best loss 

epoch: 10 avg_loss: 0.1152, acc: 0.9614
val --- avg_loss: 0.1321, acc: 0.9685  
update best loss 

epoch: 11 avg_loss: 0.0861, acc: 0.9716
val --- avg_loss: 0.1143, acc: 0.9699  
update best loss 

epoch: 12 avg_loss: 0.0716, acc: 0.9759
val --- avg_loss: 0.1005, acc: 0.9756  
update best loss 

epoch: 13 avg_loss: 0.0536, acc: 0.9816
val --- avg_loss: 0.0864, acc: 0.9777  
update best loss 

epoch: 14 avg_loss: 0.0521, acc: 0.9822
val --- avg_loss: 0.0975, acc: 0.9757  

epoch: 15 avg_loss: 0.0471, acc: 0.9840
val --- avg_loss: 0.1295, acc: 0.9730  

epoch: 16 avg_loss: 0.0753, acc: 0.9766
val --- avg_loss: 0.1087, acc: 0.9783  

epoch: 17 avg_loss: 0.0484, acc: 0.9840
val --- avg_loss: 0.0886, acc: 0.9824  

epoch: 18 avg_loss: 0.0277, acc: 0.9905
val --- avg_loss: 0.0736, acc: 0.9851  
update best loss 

epoch: 19 avg_loss: 0.0294, acc: 0.9902
val --- avg_loss: 0.0746, acc: 0.9825  

epoch: 20 avg_loss: 0.0277, acc: 0.9903
val --- avg_loss: 0.0750, acc: 0.9860  

epoch: 21 avg_loss: 0.0243, acc: 0.9913
val --- avg_loss: 0.0790, acc: 0.9842  

epoch: 22 avg_loss: 0.0249, acc: 0.9914
val --- avg_loss: 0.0808, acc: 0.9828  

epoch: 23 avg_loss: 0.0288, acc: 0.9896
val --- avg_loss: 0.0662, acc: 0.9856  
update best loss 

epoch: 24 avg_loss: 0.0231, acc: 0.9918
val --- avg_loss: 0.0846, acc: 0.9849  

epoch: 25 avg_loss: 0.0203, acc: 0.9927
val --- avg_loss: 0.0748, acc: 0.9858  

epoch: 26 avg_loss: 0.0209, acc: 0.9924
val --- avg_loss: 0.0682, acc: 0.9867  

epoch: 27 avg_loss: 0.0248, acc: 0.9912
val --- avg_loss: 0.1174, acc: 0.9782  

epoch: 28 avg_loss: 0.0314, acc: 0.9890
val --- avg_loss: 0.0878, acc: 0.9866  

epoch: 29 avg_loss: 0.0260, acc: 0.9911
val --- avg_loss: 0.0769, acc: 0.9881  

epoch: 30 avg_loss: 0.0181, acc: 0.9936
val --- avg_loss: 0.0735, acc: 0.9897  

epoch: 31 avg_loss: 0.0173, acc: 0.9940
val --- avg_loss: 0.0865, acc: 0.9868  

epoch: 32 avg_loss: 0.0388, acc: 0.9878
val --- avg_loss: 0.0647, acc: 0.9884  
update best loss 

epoch: 33 avg_loss: 0.0195, acc: 0.9936
val --- avg_loss: 0.0630, acc: 0.9900  
update best loss 

epoch: 34 avg_loss: 0.0206, acc: 0.9938
val --- avg_loss: 0.0646, acc: 0.9899  

epoch: 35 avg_loss: 0.0128, acc: 0.9956
val --- avg_loss: 0.0666, acc: 0.9888  

epoch: 36 avg_loss: 0.0133, acc: 0.9952
val --- avg_loss: 0.0562, acc: 0.9896  
update best loss 

epoch: 37 avg_loss: 0.0132, acc: 0.9952
val --- avg_loss: 0.0585, acc: 0.9883  

epoch: 38 avg_loss: 0.0200, acc: 0.9929
val --- avg_loss: 0.0954, acc: 0.9846  

epoch: 39 avg_loss: 0.0265, acc: 0.9910
val --- avg_loss: 0.0548, acc: 0.9899  
update best loss 

epoch: 40 avg_loss: 0.0116, acc: 0.9958
val --- avg_loss: 0.0534, acc: 0.9904  
update best loss 

epoch: 41 avg_loss: 0.0113, acc: 0.9959
val --- avg_loss: 0.0533, acc: 0.9900  
update best loss 

epoch: 42 avg_loss: 0.0098, acc: 0.9965
val --- avg_loss: 0.0573, acc: 0.9907  

epoch: 43 avg_loss: 0.0110, acc: 0.9961
val --- avg_loss: 0.0551, acc: 0.9893  

epoch: 44 avg_loss: 0.0142, acc: 0.9950
val --- avg_loss: 0.0634, acc: 0.9878  

epoch: 45 avg_loss: 0.0137, acc: 0.9949
val --- avg_loss: 0.0536, acc: 0.9895  

epoch: 46 avg_loss: 0.0155, acc: 0.9945
val --- avg_loss: 0.0515, acc: 0.9902  
update best loss 

epoch: 47 avg_loss: 0.0127, acc: 0.9956
val --- avg_loss: 0.0613, acc: 0.9896  

epoch: 48 avg_loss: 0.0142, acc: 0.9948
val --- avg_loss: 0.0588, acc: 0.9903  

epoch: 49 avg_loss: 0.0109, acc: 0.9961
val --- avg_loss: 0.0501, acc: 0.9904  
update best loss 

epoch: 50 avg_loss: 0.0150, acc: 0.9948
val --- avg_loss: 0.0911, acc: 0.9905  

epoch: 51 avg_loss: 0.0143, acc: 0.9950
val --- avg_loss: 0.0576, acc: 0.9902  

epoch: 52 avg_loss: 0.0176, acc: 0.9941
val --- avg_loss: 0.0584, acc: 0.9903  

epoch: 53 avg_loss: 0.0112, acc: 0.9961
val --- avg_loss: 0.0500, acc: 0.9913  
update best loss 

epoch: 54 avg_loss: 0.0106, acc: 0.9966
val --- avg_loss: 0.0508, acc: 0.9911  
