
number of params: 2195968 
Namespace(batchsize=128, beta=0.5, dec_dropout_in=0.5, dec_dropout_out=0.5, dec_nh=128, dec_nh_tmp=128, device='cuda', embedding_dim=512, enc_dropout_in=0.0, enc_dropout_out=0.0, enc_nh=512, epochs=200, fig_path='model/vqvae/results/training/12229_instances/kl0.1_4x10_dec128_suffixd512/200epochs.png', incat=512, incat_tmp=512, log_path='model/vqvae/results/training/12229_instances/kl0.1_4x10_dec128_suffixd512/200epochs.log', logger=<common.utils.Logger object at 0x7f0573856ed0>, lr=0.001, maxtrnsize=10000000, maxtstsize=10000, maxvalsize=10000, mname='vqvae', model=VQVAE(
  (encoder): VQVAE_Encoder(
    (embed): Embedding(36, 256)
    (lstm): LSTM(256, 512, batch_first=True)
    (dropout_in): Dropout(p=0.0, inplace=False)
    (linear): Linear(in_features=512, out_features=256, bias=False)
  )
  (ord_vq_layers): ModuleList(
    (0): VectorQuantizer(
      (embedding): Embedding(10, 128)
    )
    (1): VectorQuantizer(
      (embedding): Embedding(10, 128)
    )
    (2): VectorQuantizer(
      (embedding): Embedding(10, 128)
    )
    (3): VectorQuantizer(
      (embedding): Embedding(10, 128)
    )
  )
  (decoder): VQVAE_Decoder(
    (embed): Embedding(36, 256, padding_idx=0)
    (dropout_in): Dropout(p=0.5, inplace=False)
    (dropout_out): Dropout(p=0.5, inplace=False)
    (lstm): LSTM(768, 128, batch_first=True)
    (pred_linear): Linear(in_features=128, out_features=36, bias=False)
    (loss): CrossEntropyLoss()
  )
), model_prefix='kl0.1_4x10_dec128_suffixd512/', modelname='model/vqvae/results/training/12229_instances/kl0.1_4x10_dec128_suffixd512/', ni=256, num_dicts=4, num_dicts_tmp=4, nz=128, opt='Adam', orddict_emb_num=10, outcat=0, outcat_tmp=0, pretrained_model=VQVAE_AE(
  (encoder): VQVAE_Encoder(
    (embed): Embedding(36, 256)
    (lstm): LSTM(256, 512, batch_first=True)
    (dropout_in): Dropout(p=0.0, inplace=False)
  )
  (decoder): VQVAE_Decoder(
    (embed): Embedding(36, 256, padding_idx=0)
    (dropout_in): Dropout(p=0.5, inplace=False)
    (dropout_out): Dropout(p=0.5, inplace=False)
    (lstm): LSTM(256, 512, batch_first=True)
    (pred_linear): Linear(in_features=512, out_features=36, bias=False)
    (loss): CrossEntropyLoss()
  )
), root_linear_h=128, save_path='model/vqvae/results/training/12229_instances/kl0.1_4x10_dec128_suffixd512/200epochs.pt', seq_to_no_pad='surface', surf_vocab=<common.vocab.VocabEntry object at 0x7f056a309dd0>, surface_vocab_file='data/sigmorphon2016/turkish-task3-train', task='vqvae', trndata='data/sigmorphon2016/turkish-task3-train', trnsize=12229, tstdata='data/sigmorphon2016/turkish-task3-dev', tstsize=12229, valdata='data/sigmorphon2016/turkish-task3-dev', valsize=1589)

encoder.embed.weight, torch.Size([36, 256]): True
encoder.lstm.weight_ih_l0, torch.Size([2048, 256]): True
encoder.lstm.weight_hh_l0, torch.Size([2048, 512]): True
encoder.lstm.bias_ih_l0, torch.Size([2048]): True
encoder.lstm.bias_hh_l0, torch.Size([2048]): True
encoder.linear.weight, torch.Size([256, 512]): True
ord_vq_layers.0.embedding.weight, torch.Size([10, 128]): True
ord_vq_layers.1.embedding.weight, torch.Size([10, 128]): True
ord_vq_layers.2.embedding.weight, torch.Size([10, 128]): True
ord_vq_layers.3.embedding.weight, torch.Size([10, 128]): True
decoder.embed.weight, torch.Size([36, 256]): True
decoder.lstm.weight_ih_l0, torch.Size([512, 768]): True
decoder.lstm.weight_hh_l0, torch.Size([512, 128]): True
decoder.lstm.bias_ih_l0, torch.Size([512]): True
decoder.lstm.bias_hh_l0, torch.Size([512]): True
decoder.pred_linear.weight, torch.Size([36, 128]): True
epoch: 0,  avg_loss: 35.9575, avg_recon_loss: 35.4245, avg_kl_loss: 0.6325, avg_vq_loss: 0.4697, ppl: 17.6982, acc: 0.1561, vq_inds: [10, 10, 10, 10], unique_vq_codes: 544, unique_suffix_codes: 544, logdet: 0.0000 
val ---  avg_loss: 33.8127, avg_recon_loss: 33.3084, avg_kl_loss: 1.3326, avg_vq_loss: 0.3710, ppl: 14.7468, acc: 0.1748, vq_inds: [6, 4, 10, 5], unique_vq_codes: 80, unique_suffix_codes: 80, val_unique_suffix_codes: 17 
update best loss 

epoch: 1,  avg_loss: 30.3247, avg_recon_loss: 29.6376, avg_kl_loss: 1.4103, avg_vq_loss: 0.5461, ppl: 11.0680, acc: 0.2685, vq_inds: [9, 6, 10, 6], unique_vq_codes: 185, unique_suffix_codes: 185, logdet: 0.0000 
val ---  avg_loss: 27.2706, avg_recon_loss: 26.5440, avg_kl_loss: 1.5118, avg_vq_loss: 0.5754, ppl: 8.5380, acc: 0.3348, vq_inds: [7, 5, 9, 6], unique_vq_codes: 111, unique_suffix_codes: 111, val_unique_suffix_codes: 8 
update best loss 

epoch: 2,  avg_loss: 25.8785, avg_recon_loss: 24.9796, avg_kl_loss: 2.0412, avg_vq_loss: 0.6947, ppl: 7.5854, acc: 0.3774, vq_inds: [7, 6, 9, 6], unique_vq_codes: 207, unique_suffix_codes: 207, logdet: 0.0000 
val ---  avg_loss: 24.9999, avg_recon_loss: 23.9594, avg_kl_loss: 3.1883, avg_vq_loss: 0.7217, ppl: 6.9289, acc: 0.4003, vq_inds: [7, 6, 8, 6], unique_vq_codes: 128, unique_suffix_codes: 128, val_unique_suffix_codes: 8 
update best loss 

epoch: 3,  avg_loss: 23.9826, avg_recon_loss: 22.8273, avg_kl_loss: 2.8182, avg_vq_loss: 0.8735, ppl: 6.3702, acc: 0.4193, vq_inds: [7, 6, 9, 6], unique_vq_codes: 228, unique_suffix_codes: 228, logdet: 0.0000 
val ---  avg_loss: 23.1286, avg_recon_loss: 21.8307, avg_kl_loss: 2.7721, avg_vq_loss: 1.0207, ppl: 5.8341, acc: 0.4445, vq_inds: [6, 6, 7, 6], unique_vq_codes: 140, unique_suffix_codes: 140, val_unique_suffix_codes: 9 
update best loss 

epoch: 4,  avg_loss: 23.0670, avg_recon_loss: 21.5581, avg_kl_loss: 3.8163, avg_vq_loss: 1.1273, ppl: 5.7471, acc: 0.4513, vq_inds: [8, 5, 9, 6], unique_vq_codes: 270, unique_suffix_codes: 270, logdet: 0.0000 
val ---  avg_loss: 22.2667, avg_recon_loss: 20.8186, avg_kl_loss: 3.8294, avg_vq_loss: 1.0651, ppl: 5.3761, acc: 0.4680, vq_inds: [7, 5, 7, 6], unique_vq_codes: 159, unique_suffix_codes: 159, val_unique_suffix_codes: 9 
update best loss 

epoch: 5,  avg_loss: 22.0799, avg_recon_loss: 20.4353, avg_kl_loss: 4.4587, avg_vq_loss: 1.1987, ppl: 5.2468, acc: 0.4808, vq_inds: [10, 8, 9, 7], unique_vq_codes: 341, unique_suffix_codes: 341, logdet: 0.0000 
val ---  avg_loss: 21.4786, avg_recon_loss: 19.8174, avg_kl_loss: 4.9274, avg_vq_loss: 1.1684, ppl: 4.9583, acc: 0.4926, vq_inds: [8, 7, 8, 6], unique_vq_codes: 218, unique_suffix_codes: 218, val_unique_suffix_codes: 20 
update best loss 

epoch: 6,  avg_loss: 21.1813, avg_recon_loss: 19.3058, avg_kl_loss: 5.9725, avg_vq_loss: 1.2783, ppl: 4.7874, acc: 0.5088, vq_inds: [10, 7, 9, 7], unique_vq_codes: 462, unique_suffix_codes: 462, logdet: 0.0000 
val ---  avg_loss: 20.8496, avg_recon_loss: 18.8097, avg_kl_loss: 7.1405, avg_vq_loss: 1.3258, ppl: 4.5707, acc: 0.5224, vq_inds: [10, 7, 9, 6], unique_vq_codes: 288, unique_suffix_codes: 288, val_unique_suffix_codes: 33 
update best loss 

epoch: 7,  avg_loss: 20.7033, avg_recon_loss: 18.4168, avg_kl_loss: 8.2461, avg_vq_loss: 1.4619, ppl: 4.4544, acc: 0.5326, vq_inds: [10, 8, 10, 8], unique_vq_codes: 600, unique_suffix_codes: 600, logdet: 0.0000 
val ---  avg_loss: 20.6148, avg_recon_loss: 18.1002, avg_kl_loss: 9.9638, avg_vq_loss: 1.5183, ppl: 4.3160, acc: 0.5399, vq_inds: [10, 8, 9, 8], unique_vq_codes: 328, unique_suffix_codes: 328, val_unique_suffix_codes: 51 
update best loss 

epoch: 8,  avg_loss: 19.7927, avg_recon_loss: 17.2772, avg_kl_loss: 9.3221, avg_vq_loss: 1.5833, ppl: 4.0610, acc: 0.5597, vq_inds: [10, 10, 9, 9], unique_vq_codes: 817, unique_suffix_codes: 817, logdet: 0.0000 
val ---  avg_loss: 19.1216, avg_recon_loss: 16.4666, avg_kl_loss: 10.2777, avg_vq_loss: 1.6272, ppl: 3.7824, acc: 0.5848, vq_inds: [10, 9, 9, 8], unique_vq_codes: 455, unique_suffix_codes: 455, val_unique_suffix_codes: 66 
update best loss 

epoch: 9,  avg_loss: 19.2031, avg_recon_loss: 16.3829, avg_kl_loss: 11.1087, avg_vq_loss: 1.7093, ppl: 3.7769, acc: 0.5845, vq_inds: [10, 10, 10, 9], unique_vq_codes: 1119, unique_suffix_codes: 1119, logdet: 0.0000 
val ---  avg_loss: 18.5794, avg_recon_loss: 15.7459, avg_kl_loss: 11.3013, avg_vq_loss: 1.7033, ppl: 3.5684, acc: 0.6055, vq_inds: [10, 9, 10, 9], unique_vq_codes: 525, unique_suffix_codes: 525, val_unique_suffix_codes: 63 
update best loss 

epoch: 10,  avg_loss: 18.2986, avg_recon_loss: 15.2638, avg_kl_loss: 12.3924, avg_vq_loss: 1.7956, ppl: 3.4491, acc: 0.6149, vq_inds: [10, 10, 10, 9], unique_vq_codes: 1450, unique_suffix_codes: 1450, logdet: 0.0000 
val ---  avg_loss: 17.6697, avg_recon_loss: 14.5610, avg_kl_loss: 12.8594, avg_vq_loss: 1.8227, ppl: 3.2427, acc: 0.6338, vq_inds: [10, 10, 10, 8], unique_vq_codes: 631, unique_suffix_codes: 631, val_unique_suffix_codes: 65 
update best loss 

epoch: 11,  avg_loss: 17.6206, avg_recon_loss: 14.3077, avg_kl_loss: 14.5757, avg_vq_loss: 1.8553, ppl: 3.1918, acc: 0.6379, vq_inds: [10, 10, 10, 10], unique_vq_codes: 1666, unique_suffix_codes: 1666, logdet: 0.0000 
val ---  avg_loss: 17.5642, avg_recon_loss: 14.0101, avg_kl_loss: 17.0177, avg_vq_loss: 1.8523, ppl: 3.1015, acc: 0.6474, vq_inds: [10, 10, 10, 10], unique_vq_codes: 724, unique_suffix_codes: 724, val_unique_suffix_codes: 101 
update best loss 

epoch: 12,  avg_loss: 17.0292, avg_recon_loss: 13.5402, avg_kl_loss: 16.1535, avg_vq_loss: 1.8736, ppl: 2.9991, acc: 0.6560, vq_inds: [10, 10, 10, 9], unique_vq_codes: 1879, unique_suffix_codes: 1879, logdet: 0.0000 
val ---  avg_loss: 16.8199, avg_recon_loss: 13.1212, avg_kl_loss: 17.9828, avg_vq_loss: 1.9004, ppl: 2.8866, acc: 0.6656, vq_inds: [10, 10, 10, 9], unique_vq_codes: 739, unique_suffix_codes: 739, val_unique_suffix_codes: 89 
update best loss 

epoch: 13,  avg_loss: 16.3721, avg_recon_loss: 12.6223, avg_kl_loss: 18.0535, avg_vq_loss: 1.9445, ppl: 2.7839, acc: 0.6810, vq_inds: [10, 10, 10, 9], unique_vq_codes: 2111, unique_suffix_codes: 2111, logdet: 0.0000 
val ---  avg_loss: 15.9736, avg_recon_loss: 12.2824, avg_kl_loss: 17.7544, avg_vq_loss: 1.9157, ppl: 2.6974, acc: 0.6875, vq_inds: [10, 10, 10, 9], unique_vq_codes: 816, unique_suffix_codes: 816, val_unique_suffix_codes: 119 
update best loss 

epoch: 14,  avg_loss: 15.7569, avg_recon_loss: 11.8995, avg_kl_loss: 18.8468, avg_vq_loss: 1.9727, ppl: 2.6254, acc: 0.6968, vq_inds: [10, 10, 10, 10], unique_vq_codes: 2341, unique_suffix_codes: 2341, logdet: 0.0000 
val ---  avg_loss: 15.4341, avg_recon_loss: 11.4556, avg_kl_loss: 19.7294, avg_vq_loss: 2.0055, ppl: 2.5232, acc: 0.7108, vq_inds: [10, 10, 10, 9], unique_vq_codes: 856, unique_suffix_codes: 856, val_unique_suffix_codes: 124 
update best loss 

epoch: 15,  avg_loss: 15.0705, avg_recon_loss: 11.0150, avg_kl_loss: 20.3149, avg_vq_loss: 2.0241, ppl: 2.4436, acc: 0.7207, vq_inds: [10, 10, 10, 10], unique_vq_codes: 2417, unique_suffix_codes: 2417, logdet: 0.0000 
val ---  avg_loss: 14.8457, avg_recon_loss: 10.7103, avg_kl_loss: 20.9167, avg_vq_loss: 2.0437, ppl: 2.3757, acc: 0.7296, vq_inds: [10, 10, 10, 10], unique_vq_codes: 890, unique_suffix_codes: 890, val_unique_suffix_codes: 128 
update best loss 

epoch: 16,  avg_loss: 14.5780, avg_recon_loss: 10.3650, avg_kl_loss: 21.5075, avg_vq_loss: 2.0622, ppl: 2.3181, acc: 0.7368, vq_inds: [10, 10, 10, 10], unique_vq_codes: 2601, unique_suffix_codes: 2601, logdet: 0.0000 
val ---  avg_loss: 14.0092, avg_recon_loss: 9.8013, avg_kl_loss: 21.3571, avg_vq_loss: 2.0722, ppl: 2.2075, acc: 0.7545, vq_inds: [10, 10, 10, 10], unique_vq_codes: 911, unique_suffix_codes: 911, val_unique_suffix_codes: 122 
update best loss 

epoch: 17,  avg_loss: 14.0959, avg_recon_loss: 9.7456, avg_kl_loss: 22.6997, avg_vq_loss: 2.0803, ppl: 2.2045, acc: 0.7524, vq_inds: [10, 10, 10, 10], unique_vq_codes: 2717, unique_suffix_codes: 2717, logdet: 0.0000 
val ---  avg_loss: 13.5384, avg_recon_loss: 9.2452, avg_kl_loss: 22.1990, avg_vq_loss: 2.0733, ppl: 2.1105, acc: 0.7662, vq_inds: [10, 10, 10, 10], unique_vq_codes: 954, unique_suffix_codes: 954, val_unique_suffix_codes: 159 
update best loss 

epoch: 18,  avg_loss: 13.4994, avg_recon_loss: 9.0638, avg_kl_loss: 23.3515, avg_vq_loss: 2.1005, ppl: 2.0859, acc: 0.7693, vq_inds: [10, 10, 10, 10], unique_vq_codes: 2873, unique_suffix_codes: 2873, logdet: 0.0000 
val ---  avg_loss: 13.4686, avg_recon_loss: 9.0049, avg_kl_loss: 23.9554, avg_vq_loss: 2.0682, ppl: 2.0699, acc: 0.7752, vq_inds: [10, 10, 10, 10], unique_vq_codes: 982, unique_suffix_codes: 982, val_unique_suffix_codes: 157 
update best loss 

epoch: 19,  avg_loss: 13.2441, avg_recon_loss: 8.6859, avg_kl_loss: 24.5287, avg_vq_loss: 2.1053, ppl: 2.0230, acc: 0.7793, vq_inds: [10, 10, 10, 10], unique_vq_codes: 3002, unique_suffix_codes: 3002, logdet: 0.0000 
val ---  avg_loss: 12.8046, avg_recon_loss: 8.2657, avg_kl_loss: 24.2998, avg_vq_loss: 2.1090, ppl: 1.9499, acc: 0.7909, vq_inds: [10, 10, 10, 10], unique_vq_codes: 1003, unique_suffix_codes: 1003, val_unique_suffix_codes: 154 
update best loss 

epoch: 20,  avg_loss: 12.6550, avg_recon_loss: 8.0397, avg_kl_loss: 24.9336, avg_vq_loss: 2.1219, ppl: 1.9196, acc: 0.7955, vq_inds: [10, 10, 10, 10], unique_vq_codes: 3114, unique_suffix_codes: 3114, logdet: 0.0000 
val ---  avg_loss: 12.4055, avg_recon_loss: 7.8068, avg_kl_loss: 24.7565, avg_vq_loss: 2.1231, ppl: 1.8790, acc: 0.8032, vq_inds: [10, 10, 10, 10], unique_vq_codes: 997, unique_suffix_codes: 997, val_unique_suffix_codes: 141 
update best loss 

epoch: 21,  avg_loss: 12.4953, avg_recon_loss: 7.7541, avg_kl_loss: 25.9987, avg_vq_loss: 2.1413, ppl: 1.8757, acc: 0.8022, vq_inds: [10, 10, 10, 10], unique_vq_codes: 3164, unique_suffix_codes: 3164, logdet: 0.0000 
val ---  avg_loss: 12.9200, avg_recon_loss: 7.8051, avg_kl_loss: 29.8215, avg_vq_loss: 2.1328, ppl: 1.8787, acc: 0.8026, vq_inds: [10, 10, 10, 10], unique_vq_codes: 1018, unique_suffix_codes: 1018, val_unique_suffix_codes: 152 

epoch: 22,  avg_loss: 12.0062, avg_recon_loss: 7.1647, avg_kl_loss: 27.0732, avg_vq_loss: 2.1342, ppl: 1.7881, acc: 0.8181, vq_inds: [10, 10, 10, 10], unique_vq_codes: 3254, unique_suffix_codes: 3254, logdet: 0.0000 
val ---  avg_loss: 11.4398, avg_recon_loss: 6.8001, avg_kl_loss: 25.6256, avg_vq_loss: 2.0771, ppl: 1.7322, acc: 0.8265, vq_inds: [10, 10, 10, 10], unique_vq_codes: 1060, unique_suffix_codes: 1060, val_unique_suffix_codes: 184 
update best loss 

epoch: 23,  avg_loss: 11.6626, avg_recon_loss: 6.7606, avg_kl_loss: 27.7277, avg_vq_loss: 2.1292, ppl: 1.7305, acc: 0.8279, vq_inds: [10, 10, 10, 10], unique_vq_codes: 3311, unique_suffix_codes: 3311, logdet: 0.0000 
val ---  avg_loss: 11.5864, avg_recon_loss: 6.5698, avg_kl_loss: 28.9339, avg_vq_loss: 2.1232, ppl: 1.7003, acc: 0.8309, vq_inds: [10, 10, 10, 10], unique_vq_codes: 1088, unique_suffix_codes: 1088, val_unique_suffix_codes: 185 

epoch: 24,  avg_loss: 11.1326, avg_recon_loss: 6.2578, avg_kl_loss: 27.4822, avg_vq_loss: 2.1266, ppl: 1.6613, acc: 0.8423, vq_inds: [10, 10, 10, 10], unique_vq_codes: 3322, unique_suffix_codes: 3322, logdet: 0.0000 
val ---  avg_loss: 10.7876, avg_recon_loss: 5.9257, avg_kl_loss: 27.4433, avg_vq_loss: 2.1176, ppl: 1.6141, acc: 0.8516, vq_inds: [10, 10, 10, 10], unique_vq_codes: 1064, unique_suffix_codes: 1064, val_unique_suffix_codes: 182 
update best loss 

epoch: 25,  avg_loss: 10.7947, avg_recon_loss: 5.9121, avg_kl_loss: 27.5012, avg_vq_loss: 2.1326, ppl: 1.6154, acc: 0.8516, vq_inds: [10, 10, 10, 10], unique_vq_codes: 3333, unique_suffix_codes: 3333, logdet: 0.0000 
val ---  avg_loss: 10.7000, avg_recon_loss: 5.7718, avg_kl_loss: 28.1210, avg_vq_loss: 2.1161, ppl: 1.5941, acc: 0.8542, vq_inds: [10, 10, 10, 10], unique_vq_codes: 1066, unique_suffix_codes: 1066, val_unique_suffix_codes: 181 
update best loss 

epoch: 26,  avg_loss: 10.5864, avg_recon_loss: 5.6511, avg_kl_loss: 27.9726, avg_vq_loss: 2.1381, ppl: 1.5815, acc: 0.8557, vq_inds: [10, 10, 10, 10], unique_vq_codes: 3362, unique_suffix_codes: 3362, logdet: 0.0000 
val ---  avg_loss: 10.4359, avg_recon_loss: 5.4281, avg_kl_loss: 28.6784, avg_vq_loss: 2.1400, ppl: 1.5504, acc: 0.8644, vq_inds: [10, 10, 10, 10], unique_vq_codes: 1085, unique_suffix_codes: 1085, val_unique_suffix_codes: 193 
update best loss 

epoch: 27,  avg_loss: 10.7153, avg_recon_loss: 5.6695, avg_kl_loss: 28.9756, avg_vq_loss: 2.1483, ppl: 1.5839, acc: 0.8560, vq_inds: [10, 10, 10, 10], unique_vq_codes: 3339, unique_suffix_codes: 3339, logdet: 0.0000 
val ---  avg_loss: 10.1351, avg_recon_loss: 5.1401, avg_kl_loss: 28.6602, avg_vq_loss: 2.1290, ppl: 1.5148, acc: 0.8676, vq_inds: [10, 10, 10, 10], unique_vq_codes: 1072, unique_suffix_codes: 1072, val_unique_suffix_codes: 191 
update best loss 

epoch: 28,  avg_loss: 10.0899, avg_recon_loss: 5.1027, avg_kl_loss: 28.5158, avg_vq_loss: 2.1356, ppl: 1.5127, acc: 0.8711, vq_inds: [10, 10, 10, 10], unique_vq_codes: 3411, unique_suffix_codes: 3411, logdet: 0.0000 
val ---  avg_loss: 10.0884, avg_recon_loss: 5.1026, avg_kl_loss: 28.5940, avg_vq_loss: 2.1264, ppl: 1.5102, acc: 0.8706, vq_inds: [10, 10, 10, 10], unique_vq_codes: 1072, unique_suffix_codes: 1072, val_unique_suffix_codes: 188 
update best loss 

epoch: 29,  avg_loss: 9.7505, avg_recon_loss: 4.7899, avg_kl_loss: 28.3199, avg_vq_loss: 2.1285, ppl: 1.4748, acc: 0.8793, vq_inds: [10, 10, 10, 10], unique_vq_codes: 3510, unique_suffix_codes: 3510, logdet: 0.0000 
val ---  avg_loss: 9.4859, avg_recon_loss: 4.5404, avg_kl_loss: 28.3097, avg_vq_loss: 2.1145, ppl: 1.4431, acc: 0.8902, vq_inds: [10, 10, 10, 10], unique_vq_codes: 1074, unique_suffix_codes: 1074, val_unique_suffix_codes: 182 
update best loss 

epoch: 30,  avg_loss: 9.5855, avg_recon_loss: 4.5532, avg_kl_loss: 28.9186, avg_vq_loss: 2.1404, ppl: 1.4468, acc: 0.8854, vq_inds: [10, 10, 10, 10], unique_vq_codes: 3520, unique_suffix_codes: 3520, logdet: 0.0000 
val ---  avg_loss: 9.8313, avg_recon_loss: 4.6755, avg_kl_loss: 30.0311, avg_vq_loss: 2.1527, ppl: 1.4590, acc: 0.8827, vq_inds: [10, 10, 10, 10], unique_vq_codes: 1072, unique_suffix_codes: 1072, val_unique_suffix_codes: 181 

epoch: 31,  avg_loss: 9.4814, avg_recon_loss: 4.4326, avg_kl_loss: 29.0341, avg_vq_loss: 2.1454, ppl: 1.4327, acc: 0.8882, vq_inds: [10, 10, 10, 10], unique_vq_codes: 3551, unique_suffix_codes: 3551, logdet: 0.0000 
val ---  avg_loss: 9.9278, avg_recon_loss: 4.5220, avg_kl_loss: 32.4677, avg_vq_loss: 2.1590, ppl: 1.4410, acc: 0.8842, vq_inds: [10, 10, 10, 10], unique_vq_codes: 1097, unique_suffix_codes: 1097, val_unique_suffix_codes: 198 

epoch: 32,  avg_loss: 9.3612, avg_recon_loss: 4.2892, avg_kl_loss: 29.2959, avg_vq_loss: 2.1424, ppl: 1.4161, acc: 0.8916, vq_inds: [10, 10, 10, 10], unique_vq_codes: 3531, unique_suffix_codes: 3531, logdet: 0.0000 
val ---  avg_loss: 9.0210, avg_recon_loss: 4.0062, avg_kl_loss: 28.7890, avg_vq_loss: 2.1359, ppl: 1.3822, acc: 0.8986, vq_inds: [10, 10, 10, 10], unique_vq_codes: 1118, unique_suffix_codes: 1118, val_unique_suffix_codes: 191 
update best loss 

epoch: 33,  avg_loss: 9.1174, avg_recon_loss: 4.0637, avg_kl_loss: 29.0172, avg_vq_loss: 2.1520, ppl: 1.3904, acc: 0.8981, vq_inds: [10, 10, 10, 10], unique_vq_codes: 3579, unique_suffix_codes: 3579, logdet: 0.0000 
val ---  avg_loss: 9.0574, avg_recon_loss: 4.0179, avg_kl_loss: 28.8448, avg_vq_loss: 2.1550, ppl: 1.3835, acc: 0.9002, vq_inds: [10, 10, 10, 10], unique_vq_codes: 1093, unique_suffix_codes: 1093, val_unique_suffix_codes: 177 

epoch: 34,  avg_loss: 9.3618, avg_recon_loss: 4.1276, avg_kl_loss: 30.7992, avg_vq_loss: 2.1543, ppl: 1.3977, acc: 0.8949, vq_inds: [10, 10, 10, 10], unique_vq_codes: 3574, unique_suffix_codes: 3574, logdet: 0.0000 
val ---  avg_loss: 8.9842, avg_recon_loss: 3.9661, avg_kl_loss: 28.9370, avg_vq_loss: 2.1245, ppl: 1.3777, acc: 0.9007, vq_inds: [10, 10, 10, 10], unique_vq_codes: 1125, unique_suffix_codes: 1125, val_unique_suffix_codes: 178 
update best loss 

epoch: 35,  avg_loss: 8.8370, avg_recon_loss: 3.7757, avg_kl_loss: 29.1990, avg_vq_loss: 2.1414, ppl: 1.3583, acc: 0.9051, vq_inds: [10, 10, 10, 10], unique_vq_codes: 3546, unique_suffix_codes: 3546, logdet: 0.0000 
val ---  avg_loss: 8.6501, avg_recon_loss: 3.6979, avg_kl_loss: 28.2931, avg_vq_loss: 2.1229, ppl: 1.3482, acc: 0.9084, vq_inds: [10, 10, 10, 10], unique_vq_codes: 1115, unique_suffix_codes: 1115, val_unique_suffix_codes: 166 
update best loss 

epoch: 36,  avg_loss: 8.6414, avg_recon_loss: 3.6017, avg_kl_loss: 28.9529, avg_vq_loss: 2.1443, ppl: 1.3393, acc: 0.9100, vq_inds: [10, 10, 10, 10], unique_vq_codes: 3588, unique_suffix_codes: 3588, logdet: 0.0000 
val ---  avg_loss: 8.5180, avg_recon_loss: 3.4956, avg_kl_loss: 28.7380, avg_vq_loss: 2.1485, ppl: 1.3263, acc: 0.9140, vq_inds: [10, 10, 10, 10], unique_vq_codes: 1134, unique_suffix_codes: 1134, val_unique_suffix_codes: 198 
update best loss 

epoch: 37,  avg_loss: 8.4039, avg_recon_loss: 3.3901, avg_kl_loss: 28.6080, avg_vq_loss: 2.1529, ppl: 1.3165, acc: 0.9155, vq_inds: [10, 10, 10, 10], unique_vq_codes: 3689, unique_suffix_codes: 3689, logdet: 0.0000 
val ---  avg_loss: 8.5049, avg_recon_loss: 3.5042, avg_kl_loss: 28.6185, avg_vq_loss: 2.1388, ppl: 1.3273, acc: 0.9101, vq_inds: [10, 10, 10, 10], unique_vq_codes: 1114, unique_suffix_codes: 1114, val_unique_suffix_codes: 165 
update best loss 

epoch: 38,  avg_loss: 8.8431, avg_recon_loss: 3.5672, avg_kl_loss: 31.1356, avg_vq_loss: 2.1623, ppl: 1.3356, acc: 0.9096, vq_inds: [10, 10, 10, 10], unique_vq_codes: 3630, unique_suffix_codes: 3630, logdet: 0.0000 
val ---  avg_loss: 8.6829, avg_recon_loss: 3.5922, avg_kl_loss: 29.4174, avg_vq_loss: 2.1489, ppl: 1.3367, acc: 0.9061, vq_inds: [10, 10, 10, 10], unique_vq_codes: 1147, unique_suffix_codes: 1147, val_unique_suffix_codes: 183 

epoch: 39,  avg_loss: 9.1246, avg_recon_loss: 3.9697, avg_kl_loss: 30.0717, avg_vq_loss: 2.1477, ppl: 1.3799, acc: 0.8988, vq_inds: [10, 10, 10, 10], unique_vq_codes: 3642, unique_suffix_codes: 3642, logdet: 0.0000 
val ---  avg_loss: 8.6073, avg_recon_loss: 3.5106, avg_kl_loss: 29.6880, avg_vq_loss: 2.1279, ppl: 1.3279, acc: 0.9090, vq_inds: [10, 10, 10, 10], unique_vq_codes: 1116, unique_suffix_codes: 1116, val_unique_suffix_codes: 181 

epoch: 40,  avg_loss: 8.5709, avg_recon_loss: 3.5069, avg_kl_loss: 29.4344, avg_vq_loss: 2.1205, ppl: 1.3291, acc: 0.9112, vq_inds: [10, 10, 10, 10], unique_vq_codes: 3636, unique_suffix_codes: 3636, logdet: 0.0000 
val ---  avg_loss: 8.4072, avg_recon_loss: 3.3549, avg_kl_loss: 29.0303, avg_vq_loss: 2.1493, ppl: 1.3113, acc: 0.9186, vq_inds: [10, 10, 10, 10], unique_vq_codes: 1115, unique_suffix_codes: 1115, val_unique_suffix_codes: 197 
update best loss 

epoch: 41,  avg_loss: 8.3596, avg_recon_loss: 3.1809, avg_kl_loss: 30.3421, avg_vq_loss: 2.1445, ppl: 1.2944, acc: 0.9194, vq_inds: [10, 10, 10, 10], unique_vq_codes: 3571, unique_suffix_codes: 3571, logdet: 0.0000 
val ---  avg_loss: 8.1007, avg_recon_loss: 2.9589, avg_kl_loss: 30.1031, avg_vq_loss: 2.1315, ppl: 1.2700, acc: 0.9288, vq_inds: [10, 10, 10, 10], unique_vq_codes: 1129, unique_suffix_codes: 1129, val_unique_suffix_codes: 214 
update best loss 

epoch: 42,  avg_loss: 7.9951, avg_recon_loss: 2.9461, avg_kl_loss: 29.0366, avg_vq_loss: 2.1454, ppl: 1.2699, acc: 0.9266, vq_inds: [10, 10, 10, 10], unique_vq_codes: 3606, unique_suffix_codes: 3606, logdet: 0.0000 
val ---  avg_loss: 8.1169, avg_recon_loss: 3.0841, avg_kl_loss: 28.9635, avg_vq_loss: 2.1365, ppl: 1.2830, acc: 0.9215, vq_inds: [10, 10, 10, 10], unique_vq_codes: 1131, unique_suffix_codes: 1131, val_unique_suffix_codes: 200 

epoch: 43,  avg_loss: 8.0066, avg_recon_loss: 2.9388, avg_kl_loss: 28.9633, avg_vq_loss: 2.1714, ppl: 1.2692, acc: 0.9262, vq_inds: [10, 10, 10, 10], unique_vq_codes: 3655, unique_suffix_codes: 3655, logdet: 0.0000 
val ---  avg_loss: 7.9400, avg_recon_loss: 2.9174, avg_kl_loss: 28.9458, avg_vq_loss: 2.1280, ppl: 1.2658, acc: 0.9268, vq_inds: [10, 10, 10, 10], unique_vq_codes: 1126, unique_suffix_codes: 1126, val_unique_suffix_codes: 213 
update best loss 

epoch: 44,  avg_loss: 7.7078, avg_recon_loss: 2.7088, avg_kl_loss: 28.4408, avg_vq_loss: 2.1549, ppl: 1.2457, acc: 0.9328, vq_inds: [10, 10, 10, 10], unique_vq_codes: 3595, unique_suffix_codes: 3595, logdet: 0.0000 
val ---  avg_loss: 8.0001, avg_recon_loss: 2.8570, avg_kl_loss: 30.1406, avg_vq_loss: 2.1290, ppl: 1.2596, acc: 0.9294, vq_inds: [10, 10, 10, 10], unique_vq_codes: 1120, unique_suffix_codes: 1120, val_unique_suffix_codes: 176 

epoch: 45,  avg_loss: 7.7019, avg_recon_loss: 2.6760, avg_kl_loss: 28.7835, avg_vq_loss: 2.1475, ppl: 1.2424, acc: 0.9333, vq_inds: [10, 10, 10, 10], unique_vq_codes: 3653, unique_suffix_codes: 3653, logdet: 0.0000 
val ---  avg_loss: 7.8956, avg_recon_loss: 2.8009, avg_kl_loss: 29.3887, avg_vq_loss: 2.1559, ppl: 1.2539, acc: 0.9305, vq_inds: [10, 10, 10, 10], unique_vq_codes: 1158, unique_suffix_codes: 1158, val_unique_suffix_codes: 219 
update best loss 

epoch: 46,  avg_loss: 7.7810, avg_recon_loss: 2.6955, avg_kl_loss: 29.1472, avg_vq_loss: 2.1708, ppl: 1.2444, acc: 0.9330, vq_inds: [10, 10, 10, 10], unique_vq_codes: 3664, unique_suffix_codes: 3664, logdet: 0.0000 
val ---  avg_loss: 7.8444, avg_recon_loss: 2.8279, avg_kl_loss: 28.6697, avg_vq_loss: 2.1495, ppl: 1.2567, acc: 0.9285, vq_inds: [10, 10, 10, 10], unique_vq_codes: 1137, unique_suffix_codes: 1137, val_unique_suffix_codes: 186 
update best loss 

epoch: 47,  avg_loss: 7.8608, avg_recon_loss: 2.6916, avg_kl_loss: 30.0500, avg_vq_loss: 2.1642, ppl: 1.2440, acc: 0.9326, vq_inds: [10, 10, 10, 10], unique_vq_codes: 3685, unique_suffix_codes: 3685, logdet: 0.0000 
val ---  avg_loss: 7.8237, avg_recon_loss: 2.7093, avg_kl_loss: 29.7731, avg_vq_loss: 2.1371, ppl: 1.2447, acc: 0.9324, vq_inds: [10, 10, 10, 10], unique_vq_codes: 1105, unique_suffix_codes: 1105, val_unique_suffix_codes: 189 
update best loss 

epoch: 48,  avg_loss: 7.5106, avg_recon_loss: 2.4985, avg_kl_loss: 28.6400, avg_vq_loss: 2.1482, ppl: 1.2247, acc: 0.9382, vq_inds: [10, 10, 10, 10], unique_vq_codes: 3615, unique_suffix_codes: 3615, logdet: 0.0000 
val ---  avg_loss: 7.6132, avg_recon_loss: 2.6170, avg_kl_loss: 28.5711, avg_vq_loss: 2.1390, ppl: 1.2354, acc: 0.9356, vq_inds: [10, 10, 10, 10], unique_vq_codes: 1137, unique_suffix_codes: 1137, val_unique_suffix_codes: 213 
update best loss 

epoch: 49,  avg_loss: 7.5433, avg_recon_loss: 2.5330, avg_kl_loss: 28.4600, avg_vq_loss: 2.1643, ppl: 1.2281, acc: 0.9366, vq_inds: [10, 10, 10, 10], unique_vq_codes: 3647, unique_suffix_codes: 3647, logdet: 0.0000 
val ---  avg_loss: 7.7345, avg_recon_loss: 2.7202, avg_kl_loss: 28.7414, avg_vq_loss: 2.1402, ppl: 1.2458, acc: 0.9315, vq_inds: [10, 10, 10, 10], unique_vq_codes: 1127, unique_suffix_codes: 1127, val_unique_suffix_codes: 183 

epoch: 50,  avg_loss: 7.4855, avg_recon_loss: 2.4573, avg_kl_loss: 28.7048, avg_vq_loss: 2.1578, ppl: 1.2206, acc: 0.9385, vq_inds: [10, 10, 10, 10], unique_vq_codes: 3581, unique_suffix_codes: 3581, logdet: 0.0000 
val ---  avg_loss: 7.7931, avg_recon_loss: 2.7147, avg_kl_loss: 29.1144, avg_vq_loss: 2.1670, ppl: 1.2452, acc: 0.9328, vq_inds: [10, 10, 10, 10], unique_vq_codes: 1141, unique_suffix_codes: 1141, val_unique_suffix_codes: 208 

epoch: 51,  avg_loss: 7.4926, avg_recon_loss: 2.4740, avg_kl_loss: 28.5080, avg_vq_loss: 2.1678, ppl: 1.2222, acc: 0.9380, vq_inds: [10, 10, 10, 10], unique_vq_codes: 3630, unique_suffix_codes: 3630, logdet: 0.0000 
val ---  avg_loss: 7.5213, avg_recon_loss: 2.4441, avg_kl_loss: 29.2657, avg_vq_loss: 2.1506, ppl: 1.2183, acc: 0.9393, vq_inds: [10, 10, 10, 10], unique_vq_codes: 1163, unique_suffix_codes: 1163, val_unique_suffix_codes: 200 
update best loss 

epoch: 52,  avg_loss: 7.4315, avg_recon_loss: 2.4016, avg_kl_loss: 28.5542, avg_vq_loss: 2.1745, ppl: 1.2151, acc: 0.9398, vq_inds: [10, 10, 10, 10], unique_vq_codes: 3714, unique_suffix_codes: 3714, logdet: 0.0000 
val ---  avg_loss: 7.3613, avg_recon_loss: 2.3897, avg_kl_loss: 28.2749, avg_vq_loss: 2.1441, ppl: 1.2130, acc: 0.9405, vq_inds: [10, 10, 10, 10], unique_vq_codes: 1168, unique_suffix_codes: 1168, val_unique_suffix_codes: 204 
update best loss 

epoch: 53,  avg_loss: 7.4501, avg_recon_loss: 2.3589, avg_kl_loss: 29.2104, avg_vq_loss: 2.1702, ppl: 1.2109, acc: 0.9410, vq_inds: [10, 10, 10, 10], unique_vq_codes: 3719, unique_suffix_codes: 3719, logdet: 0.0000 
val ---  avg_loss: 7.6776, avg_recon_loss: 2.6336, avg_kl_loss: 29.0563, avg_vq_loss: 2.1384, ppl: 1.2371, acc: 0.9333, vq_inds: [10, 10, 10, 10], unique_vq_codes: 1148, unique_suffix_codes: 1148, val_unique_suffix_codes: 198 

epoch: 54,  avg_loss: 7.5339, avg_recon_loss: 2.4121, avg_kl_loss: 29.4536, avg_vq_loss: 2.1765, ppl: 1.2161, acc: 0.9391, vq_inds: [10, 10, 10, 10], unique_vq_codes: 3685, unique_suffix_codes: 3685, logdet: 0.0000 
val ---  avg_loss: 7.4697, avg_recon_loss: 2.4790, avg_kl_loss: 28.5111, avg_vq_loss: 2.1396, ppl: 1.2217, acc: 0.9373, vq_inds: [10, 10, 10, 10], unique_vq_codes: 1156, unique_suffix_codes: 1156, val_unique_suffix_codes: 226 

epoch: 55,  avg_loss: 7.1521, avg_recon_loss: 2.1579, avg_kl_loss: 28.4108, avg_vq_loss: 2.1532, ppl: 1.1913, acc: 0.9462, vq_inds: [10, 10, 10, 10], unique_vq_codes: 3653, unique_suffix_codes: 3653, logdet: 0.0000 
val ---  avg_loss: 7.3144, avg_recon_loss: 2.3866, avg_kl_loss: 28.0945, avg_vq_loss: 2.1184, ppl: 1.2127, acc: 0.9389, vq_inds: [10, 10, 10, 10], unique_vq_codes: 1143, unique_suffix_codes: 1143, val_unique_suffix_codes: 195 
update best loss 

epoch: 56,  avg_loss: 7.1400, avg_recon_loss: 2.1477, avg_kl_loss: 28.2916, avg_vq_loss: 2.1632, ppl: 1.1903, acc: 0.9464, vq_inds: [10, 10, 10, 10], unique_vq_codes: 3719, unique_suffix_codes: 3719, logdet: 0.0000 
val ---  avg_loss: 7.2193, avg_recon_loss: 2.3156, avg_kl_loss: 27.7006, avg_vq_loss: 2.1336, ppl: 1.2057, acc: 0.9431, vq_inds: [10, 10, 10, 10], unique_vq_codes: 1170, unique_suffix_codes: 1170, val_unique_suffix_codes: 191 
update best loss 

epoch: 57,  avg_loss: 7.0736, avg_recon_loss: 2.1244, avg_kl_loss: 27.8982, avg_vq_loss: 2.1594, ppl: 1.1881, acc: 0.9470, vq_inds: [10, 10, 10, 10], unique_vq_codes: 3765, unique_suffix_codes: 3765, logdet: 0.0000 
val ---  avg_loss: 7.4439, avg_recon_loss: 2.4674, avg_kl_loss: 28.4092, avg_vq_loss: 2.1356, ppl: 1.2206, acc: 0.9420, vq_inds: [10, 10, 10, 10], unique_vq_codes: 1154, unique_suffix_codes: 1154, val_unique_suffix_codes: 192 

epoch: 58,  avg_loss: 7.2066, avg_recon_loss: 2.1839, avg_kl_loss: 28.5746, avg_vq_loss: 2.1652, ppl: 1.1938, acc: 0.9451, vq_inds: [10, 10, 10, 10], unique_vq_codes: 3764, unique_suffix_codes: 3764, logdet: 0.0000 
val ---  avg_loss: 7.2349, avg_recon_loss: 2.2522, avg_kl_loss: 28.3723, avg_vq_loss: 2.1455, ppl: 1.1996, acc: 0.9446, vq_inds: [10, 10, 10, 10], unique_vq_codes: 1168, unique_suffix_codes: 1168, val_unique_suffix_codes: 211 

epoch: 59,  avg_loss: 6.9561, avg_recon_loss: 2.0188, avg_kl_loss: 27.8246, avg_vq_loss: 2.1549, ppl: 1.1779, acc: 0.9497, vq_inds: [10, 10, 10, 10], unique_vq_codes: 3722, unique_suffix_codes: 3722, logdet: 0.0000 
val ---  avg_loss: 7.1577, avg_recon_loss: 2.2076, avg_kl_loss: 28.0073, avg_vq_loss: 2.1494, ppl: 1.1952, acc: 0.9433, vq_inds: [10, 10, 10, 10], unique_vq_codes: 1137, unique_suffix_codes: 1137, val_unique_suffix_codes: 187 
update best loss 

epoch: 60,  avg_loss: 7.1360, avg_recon_loss: 2.0789, avg_kl_loss: 28.8423, avg_vq_loss: 2.1728, ppl: 1.1837, acc: 0.9479, vq_inds: [10, 10, 10, 10], unique_vq_codes: 3695, unique_suffix_codes: 3695, logdet: 0.0000 
val ---  avg_loss: 7.2876, avg_recon_loss: 2.2631, avg_kl_loss: 29.0328, avg_vq_loss: 2.1213, ppl: 1.2006, acc: 0.9451, vq_inds: [10, 10, 10, 10], unique_vq_codes: 1156, unique_suffix_codes: 1156, val_unique_suffix_codes: 186 

epoch: 61,  avg_loss: 6.8983, avg_recon_loss: 1.9513, avg_kl_loss: 27.9016, avg_vq_loss: 2.1569, ppl: 1.1715, acc: 0.9515, vq_inds: [10, 10, 10, 10], unique_vq_codes: 3724, unique_suffix_codes: 3724, logdet: 0.0000 
val ---  avg_loss: 7.4362, avg_recon_loss: 2.5143, avg_kl_loss: 27.6792, avg_vq_loss: 2.1540, ppl: 1.2252, acc: 0.9357, vq_inds: [10, 10, 10, 10], unique_vq_codes: 1164, unique_suffix_codes: 1164, val_unique_suffix_codes: 193 

epoch: 62,  avg_loss: 7.0107, avg_recon_loss: 2.0239, avg_kl_loss: 28.1878, avg_vq_loss: 2.1680, ppl: 1.1784, acc: 0.9492, vq_inds: [10, 10, 10, 10], unique_vq_codes: 3670, unique_suffix_codes: 3670, logdet: 0.0000 
val ---  avg_loss: 7.3737, avg_recon_loss: 2.4090, avg_kl_loss: 28.3540, avg_vq_loss: 2.1294, ppl: 1.2149, acc: 0.9394, vq_inds: [10, 10, 10, 10], unique_vq_codes: 1144, unique_suffix_codes: 1144, val_unique_suffix_codes: 195 

epoch: 63,  avg_loss: 6.9190, avg_recon_loss: 1.9527, avg_kl_loss: 28.0754, avg_vq_loss: 2.1588, ppl: 1.1716, acc: 0.9516, vq_inds: [10, 10, 10, 10], unique_vq_codes: 3756, unique_suffix_codes: 3756, logdet: 0.0000 
val ---  avg_loss: 7.1165, avg_recon_loss: 2.1578, avg_kl_loss: 28.2270, avg_vq_loss: 2.1360, ppl: 1.1905, acc: 0.9462, vq_inds: [10, 10, 10, 10], unique_vq_codes: 1157, unique_suffix_codes: 1157, val_unique_suffix_codes: 189 
update best loss 

epoch: 64,  avg_loss: 6.9240, avg_recon_loss: 1.9943, avg_kl_loss: 27.7365, avg_vq_loss: 2.1560, ppl: 1.1756, acc: 0.9502, vq_inds: [10, 10, 10, 10], unique_vq_codes: 3807, unique_suffix_codes: 3807, logdet: 0.0000 
val ---  avg_loss: 7.1185, avg_recon_loss: 2.1682, avg_kl_loss: 28.1327, avg_vq_loss: 2.1370, ppl: 1.1915, acc: 0.9448, vq_inds: [10, 10, 10, 10], unique_vq_codes: 1170, unique_suffix_codes: 1170, val_unique_suffix_codes: 223 

epoch: 65,  avg_loss: 6.8828, avg_recon_loss: 1.8877, avg_kl_loss: 28.3931, avg_vq_loss: 2.1558, ppl: 1.1655, acc: 0.9528, vq_inds: [10, 10, 10, 10], unique_vq_codes: 3824, unique_suffix_codes: 3824, logdet: 0.0000 
val ---  avg_loss: 6.9214, avg_recon_loss: 1.9894, avg_kl_loss: 28.0882, avg_vq_loss: 2.1231, ppl: 1.1744, acc: 0.9499, vq_inds: [10, 10, 10, 10], unique_vq_codes: 1173, unique_suffix_codes: 1173, val_unique_suffix_codes: 216 
update best loss 

epoch: 66,  avg_loss: 6.6633, avg_recon_loss: 1.7872, avg_kl_loss: 27.2593, avg_vq_loss: 2.1502, ppl: 1.1560, acc: 0.9558, vq_inds: [10, 10, 10, 10], unique_vq_codes: 3809, unique_suffix_codes: 3809, logdet: 0.0000 
val ---  avg_loss: 6.9040, avg_recon_loss: 2.1756, avg_kl_loss: 26.2440, avg_vq_loss: 2.1039, ppl: 1.1922, acc: 0.9441, vq_inds: [10, 10, 10, 10], unique_vq_codes: 1166, unique_suffix_codes: 1166, val_unique_suffix_codes: 192 
update best loss 

epoch: 67,  avg_loss: 6.9241, avg_recon_loss: 1.9860, avg_kl_loss: 27.7836, avg_vq_loss: 2.1597, ppl: 1.1748, acc: 0.9503, vq_inds: [10, 10, 10, 10], unique_vq_codes: 3853, unique_suffix_codes: 3853, logdet: 0.0000 
val ---  avg_loss: 7.2795, avg_recon_loss: 2.3318, avg_kl_loss: 28.3013, avg_vq_loss: 2.1176, ppl: 1.2073, acc: 0.9415, vq_inds: [10, 10, 10, 10], unique_vq_codes: 1163, unique_suffix_codes: 1163, val_unique_suffix_codes: 194 

epoch: 68,  avg_loss: 6.8047, avg_recon_loss: 1.8953, avg_kl_loss: 27.6819, avg_vq_loss: 2.1412, ppl: 1.1662, acc: 0.9522, vq_inds: [10, 10, 10, 10], unique_vq_codes: 3742, unique_suffix_codes: 3742, logdet: 0.0000 
val ---  avg_loss: 7.1052, avg_recon_loss: 2.1246, avg_kl_loss: 28.3388, avg_vq_loss: 2.1468, ppl: 1.1873, acc: 0.9470, vq_inds: [10, 10, 10, 10], unique_vq_codes: 1165, unique_suffix_codes: 1165, val_unique_suffix_codes: 193 

epoch: 69,  avg_loss: 6.7739, avg_recon_loss: 1.8409, avg_kl_loss: 27.7496, avg_vq_loss: 2.1580, ppl: 1.1611, acc: 0.9539, vq_inds: [10, 10, 10, 10], unique_vq_codes: 3858, unique_suffix_codes: 3858, logdet: 0.0000 
val ---  avg_loss: 6.9757, avg_recon_loss: 2.0564, avg_kl_loss: 27.8667, avg_vq_loss: 2.1326, ppl: 1.1807, acc: 0.9477, vq_inds: [10, 10, 10, 10], unique_vq_codes: 1171, unique_suffix_codes: 1171, val_unique_suffix_codes: 185 

epoch: 70,  avg_loss: 6.8951, avg_recon_loss: 1.8795, avg_kl_loss: 28.3880, avg_vq_loss: 2.1769, ppl: 1.1647, acc: 0.9539, vq_inds: [10, 10, 10, 10], unique_vq_codes: 3910, unique_suffix_codes: 3910, logdet: 0.0000 
val ---  avg_loss: 6.9389, avg_recon_loss: 2.0339, avg_kl_loss: 28.0173, avg_vq_loss: 2.1033, ppl: 1.1786, acc: 0.9479, vq_inds: [10, 10, 10, 10], unique_vq_codes: 1168, unique_suffix_codes: 1168, val_unique_suffix_codes: 183 

epoch: 71,  avg_loss: 6.8712, avg_recon_loss: 1.9066, avg_kl_loss: 28.0445, avg_vq_loss: 2.1602, ppl: 1.1673, acc: 0.9516, vq_inds: [10, 10, 10, 10], unique_vq_codes: 3811, unique_suffix_codes: 3811, logdet: 0.0000 
val ---  avg_loss: 6.8704, avg_recon_loss: 2.0357, avg_kl_loss: 26.7706, avg_vq_loss: 2.1576, ppl: 1.1788, acc: 0.9502, vq_inds: [10, 10, 10, 10], unique_vq_codes: 1171, unique_suffix_codes: 1171, val_unique_suffix_codes: 211 
update best loss 

epoch: 72,  avg_loss: 6.6980, avg_recon_loss: 1.7565, avg_kl_loss: 27.7752, avg_vq_loss: 2.1640, ppl: 1.1531, acc: 0.9557, vq_inds: [10, 10, 10, 10], unique_vq_codes: 3811, unique_suffix_codes: 3811, logdet: 0.0000 
val ---  avg_loss: 6.7820, avg_recon_loss: 1.9024, avg_kl_loss: 27.1416, avg_vq_loss: 2.1654, ppl: 1.1661, acc: 0.9529, vq_inds: [10, 10, 10, 10], unique_vq_codes: 1165, unique_suffix_codes: 1165, val_unique_suffix_codes: 209 
update best loss 

epoch: 73,  avg_loss: 6.4669, avg_recon_loss: 1.6531, avg_kl_loss: 26.5292, avg_vq_loss: 2.1609, ppl: 1.1435, acc: 0.9592, vq_inds: [10, 10, 10, 10], unique_vq_codes: 3866, unique_suffix_codes: 3866, logdet: 0.0000 
val ---  avg_loss: 6.8535, avg_recon_loss: 1.9627, avg_kl_loss: 27.6937, avg_vq_loss: 2.1215, ppl: 1.1718, acc: 0.9525, vq_inds: [10, 10, 10, 10], unique_vq_codes: 1180, unique_suffix_codes: 1180, val_unique_suffix_codes: 207 

epoch: 74,  avg_loss: 6.4930, avg_recon_loss: 1.6415, avg_kl_loss: 26.9437, avg_vq_loss: 2.1572, ppl: 1.1424, acc: 0.9599, vq_inds: [10, 10, 10, 10], unique_vq_codes: 3891, unique_suffix_codes: 3891, logdet: 0.0000 
val ---  avg_loss: 6.8371, avg_recon_loss: 2.0036, avg_kl_loss: 26.9040, avg_vq_loss: 2.1431, ppl: 1.1757, acc: 0.9504, vq_inds: [10, 10, 10, 10], unique_vq_codes: 1206, unique_suffix_codes: 1206, val_unique_suffix_codes: 238 

epoch: 75,  avg_loss: 6.4491, avg_recon_loss: 1.6214, avg_kl_loss: 26.6957, avg_vq_loss: 2.1582, ppl: 1.1406, acc: 0.9601, vq_inds: [10, 10, 10, 10], unique_vq_codes: 3934, unique_suffix_codes: 3934, logdet: 0.0000 
val ---  avg_loss: 6.8830, avg_recon_loss: 2.1050, avg_kl_loss: 26.2905, avg_vq_loss: 2.1490, ppl: 1.1854, acc: 0.9469, vq_inds: [10, 10, 10, 10], unique_vq_codes: 1193, unique_suffix_codes: 1193, val_unique_suffix_codes: 227 

epoch: 76,  avg_loss: 6.4897, avg_recon_loss: 1.6408, avg_kl_loss: 26.8844, avg_vq_loss: 2.1605, ppl: 1.1424, acc: 0.9595, vq_inds: [10, 10, 10, 10], unique_vq_codes: 3927, unique_suffix_codes: 3927, logdet: 0.0000 
val ---  avg_loss: 6.8773, avg_recon_loss: 2.0085, avg_kl_loss: 27.1621, avg_vq_loss: 2.1526, ppl: 1.1762, acc: 0.9519, vq_inds: [10, 10, 10, 10], unique_vq_codes: 1192, unique_suffix_codes: 1192, val_unique_suffix_codes: 199 

epoch: 77,  avg_loss: 6.4679, avg_recon_loss: 1.6121, avg_kl_loss: 26.9167, avg_vq_loss: 2.1641, ppl: 1.1397, acc: 0.9600, vq_inds: [10, 10, 10, 10], unique_vq_codes: 3951, unique_suffix_codes: 3951, logdet: 0.0000 
val ---  avg_loss: 7.0102, avg_recon_loss: 2.1271, avg_kl_loss: 27.7502, avg_vq_loss: 2.1081, ppl: 1.1875, acc: 0.9469, vq_inds: [10, 10, 10, 10], unique_vq_codes: 1179, unique_suffix_codes: 1179, val_unique_suffix_codes: 199 

epoch: 78,  avg_loss: 6.4999, avg_recon_loss: 1.6260, avg_kl_loss: 27.2036, avg_vq_loss: 2.1536, ppl: 1.1410, acc: 0.9597, vq_inds: [10, 10, 10, 10], unique_vq_codes: 3969, unique_suffix_codes: 3969, logdet: 0.0000 
val ---  avg_loss: 7.0300, avg_recon_loss: 2.1657, avg_kl_loss: 27.1616, avg_vq_loss: 2.1481, ppl: 1.1912, acc: 0.9470, vq_inds: [10, 10, 10, 10], unique_vq_codes: 1201, unique_suffix_codes: 1201, val_unique_suffix_codes: 198 

epoch: 79,  avg_loss: 6.4600, avg_recon_loss: 1.6273, avg_kl_loss: 26.8637, avg_vq_loss: 2.1463, ppl: 1.1411, acc: 0.9601, vq_inds: [10, 10, 10, 10], unique_vq_codes: 3905, unique_suffix_codes: 3905, logdet: 0.0000 
val ---  avg_loss: 6.7619, avg_recon_loss: 1.8906, avg_kl_loss: 27.2193, avg_vq_loss: 2.1493, ppl: 1.1650, acc: 0.9545, vq_inds: [10, 10, 10, 10], unique_vq_codes: 1211, unique_suffix_codes: 1211, val_unique_suffix_codes: 220 
update best loss 

epoch: 80,  avg_loss: 6.7199, avg_recon_loss: 1.7356, avg_kl_loss: 28.0866, avg_vq_loss: 2.1756, ppl: 1.1512, acc: 0.9562, vq_inds: [10, 10, 10, 10], unique_vq_codes: 3994, unique_suffix_codes: 3994, logdet: 0.0000 
val ---  avg_loss: 7.3666, avg_recon_loss: 2.1878, avg_kl_loss: 30.5144, avg_vq_loss: 2.1273, ppl: 1.1933, acc: 0.9444, vq_inds: [10, 10, 10, 10], unique_vq_codes: 1198, unique_suffix_codes: 1198, val_unique_suffix_codes: 203 

epoch: 81,  avg_loss: 6.7536, avg_recon_loss: 1.8093, avg_kl_loss: 27.8463, avg_vq_loss: 2.1597, ppl: 1.1581, acc: 0.9543, vq_inds: [10, 10, 10, 10], unique_vq_codes: 3935, unique_suffix_codes: 3935, logdet: 0.0000 
val ---  avg_loss: 7.0786, avg_recon_loss: 2.1079, avg_kl_loss: 28.2062, avg_vq_loss: 2.1501, ppl: 1.1857, acc: 0.9487, vq_inds: [10, 10, 10, 10], unique_vq_codes: 1191, unique_suffix_codes: 1191, val_unique_suffix_codes: 205 

epoch: 82,  avg_loss: 6.5480, avg_recon_loss: 1.6866, avg_kl_loss: 27.0802, avg_vq_loss: 2.1533, ppl: 1.1466, acc: 0.9578, vq_inds: [10, 10, 10, 10], unique_vq_codes: 3925, unique_suffix_codes: 3925, logdet: 0.0000 
val ---  avg_loss: 6.6683, avg_recon_loss: 1.8801, avg_kl_loss: 26.4069, avg_vq_loss: 2.1475, ppl: 1.1640, acc: 0.9530, vq_inds: [10, 10, 10, 10], unique_vq_codes: 1175, unique_suffix_codes: 1175, val_unique_suffix_codes: 206 
update best loss 

epoch: 83,  avg_loss: 6.4501, avg_recon_loss: 1.6086, avg_kl_loss: 26.7507, avg_vq_loss: 2.1665, ppl: 1.1394, acc: 0.9598, vq_inds: [10, 10, 10, 10], unique_vq_codes: 3928, unique_suffix_codes: 3928, logdet: 0.0000 
val ---  avg_loss: 6.6389, avg_recon_loss: 1.8429, avg_kl_loss: 26.4525, avg_vq_loss: 2.1507, ppl: 1.1605, acc: 0.9532, vq_inds: [10, 10, 10, 10], unique_vq_codes: 1195, unique_suffix_codes: 1195, val_unique_suffix_codes: 178 
update best loss 

epoch: 84,  avg_loss: 6.3734, avg_recon_loss: 1.5431, avg_kl_loss: 26.5819, avg_vq_loss: 2.1721, ppl: 1.1333, acc: 0.9617, vq_inds: [10, 10, 10, 10], unique_vq_codes: 3904, unique_suffix_codes: 3904, logdet: 0.0000 
val ---  avg_loss: 6.6934, avg_recon_loss: 1.8513, avg_kl_loss: 26.6686, avg_vq_loss: 2.1753, ppl: 1.1613, acc: 0.9544, vq_inds: [10, 10, 10, 10], unique_vq_codes: 1183, unique_suffix_codes: 1183, val_unique_suffix_codes: 197 

epoch: 85,  avg_loss: 6.3207, avg_recon_loss: 1.5024, avg_kl_loss: 26.5354, avg_vq_loss: 2.1647, ppl: 1.1296, acc: 0.9622, vq_inds: [10, 10, 10, 10], unique_vq_codes: 3908, unique_suffix_codes: 3908, logdet: 0.0000 
val ---  avg_loss: 6.5621, avg_recon_loss: 1.8235, avg_kl_loss: 25.9768, avg_vq_loss: 2.1410, ppl: 1.1587, acc: 0.9563, vq_inds: [10, 10, 10, 10], unique_vq_codes: 1210, unique_suffix_codes: 1210, val_unique_suffix_codes: 234 
update best loss 

epoch: 86,  avg_loss: 6.2454, avg_recon_loss: 1.4607, avg_kl_loss: 26.0860, avg_vq_loss: 2.1760, ppl: 1.1258, acc: 0.9633, vq_inds: [10, 10, 10, 10], unique_vq_codes: 3937, unique_suffix_codes: 3937, logdet: 0.0000 
val ---  avg_loss: 6.6837, avg_recon_loss: 1.8496, avg_kl_loss: 26.7767, avg_vq_loss: 2.1564, ppl: 1.1612, acc: 0.9559, vq_inds: [10, 10, 10, 10], unique_vq_codes: 1182, unique_suffix_codes: 1182, val_unique_suffix_codes: 199 

epoch: 87,  avg_loss: 6.2345, avg_recon_loss: 1.4679, avg_kl_loss: 25.8951, avg_vq_loss: 2.1771, ppl: 1.1265, acc: 0.9636, vq_inds: [10, 10, 10, 10], unique_vq_codes: 3880, unique_suffix_codes: 3880, logdet: 0.0000 
val ---  avg_loss: 6.5649, avg_recon_loss: 1.8190, avg_kl_loss: 26.2164, avg_vq_loss: 2.1243, ppl: 1.1583, acc: 0.9546, vq_inds: [10, 10, 10, 10], unique_vq_codes: 1168, unique_suffix_codes: 1168, val_unique_suffix_codes: 194 

epoch: 88,  avg_loss: 6.4436, avg_recon_loss: 1.5694, avg_kl_loss: 27.0511, avg_vq_loss: 2.1691, ppl: 1.1358, acc: 0.9603, vq_inds: [10, 10, 10, 10], unique_vq_codes: 3932, unique_suffix_codes: 3932, logdet: 0.0000 
val ---  avg_loss: 6.5637, avg_recon_loss: 1.8323, avg_kl_loss: 26.2412, avg_vq_loss: 2.1072, ppl: 1.1596, acc: 0.9530, vq_inds: [10, 10, 10, 10], unique_vq_codes: 1184, unique_suffix_codes: 1184, val_unique_suffix_codes: 199 

epoch: 89,  avg_loss: 6.3738, avg_recon_loss: 1.5489, avg_kl_loss: 26.4952, avg_vq_loss: 2.1754, ppl: 1.1339, acc: 0.9610, vq_inds: [10, 10, 10, 10], unique_vq_codes: 3964, unique_suffix_codes: 3964, logdet: 0.0000 
val ---  avg_loss: 6.9130, avg_recon_loss: 1.8588, avg_kl_loss: 28.9087, avg_vq_loss: 2.1633, ppl: 1.1620, acc: 0.9536, vq_inds: [10, 10, 10, 10], unique_vq_codes: 1197, unique_suffix_codes: 1197, val_unique_suffix_codes: 205 

epoch: 90,  avg_loss: 6.5560, avg_recon_loss: 1.6600, avg_kl_loss: 27.2488, avg_vq_loss: 2.1711, ppl: 1.1441, acc: 0.9580, vq_inds: [10, 10, 10, 10], unique_vq_codes: 3969, unique_suffix_codes: 3969, logdet: 0.0000 
val ---  avg_loss: 6.6045, avg_recon_loss: 1.7843, avg_kl_loss: 26.8103, avg_vq_loss: 2.1392, ppl: 1.1551, acc: 0.9575, vq_inds: [10, 10, 10, 10], unique_vq_codes: 1182, unique_suffix_codes: 1182, val_unique_suffix_codes: 211 

epoch: 91,  avg_loss: 6.3466, avg_recon_loss: 1.5003, avg_kl_loss: 26.7724, avg_vq_loss: 2.1691, ppl: 1.1294, acc: 0.9620, vq_inds: [10, 10, 10, 10], unique_vq_codes: 3958, unique_suffix_codes: 3958, logdet: 0.0000 
val ---  avg_loss: 6.9033, avg_recon_loss: 1.9533, avg_kl_loss: 27.7494, avg_vq_loss: 2.1751, ppl: 1.1709, acc: 0.9521, vq_inds: [10, 10, 10, 10], unique_vq_codes: 1218, unique_suffix_codes: 1218, val_unique_suffix_codes: 247 

epoch: 92,  avg_loss: 6.3446, avg_recon_loss: 1.5182, avg_kl_loss: 26.5406, avg_vq_loss: 2.1724, ppl: 1.1311, acc: 0.9619, vq_inds: [10, 10, 10, 10], unique_vq_codes: 3964, unique_suffix_codes: 3964, logdet: 0.0000 
val ---  avg_loss: 6.5849, avg_recon_loss: 1.8159, avg_kl_loss: 26.1668, avg_vq_loss: 2.1524, ppl: 1.1580, acc: 0.9559, vq_inds: [10, 10, 10, 10], unique_vq_codes: 1197, unique_suffix_codes: 1197, val_unique_suffix_codes: 192 

epoch: 93,  avg_loss: 6.1608, avg_recon_loss: 1.4138, avg_kl_loss: 25.7958, avg_vq_loss: 2.1674, ppl: 1.1215, acc: 0.9647, vq_inds: [10, 10, 10, 10], unique_vq_codes: 3971, unique_suffix_codes: 3971, logdet: 0.0000 
val ---  avg_loss: 7.1875, avg_recon_loss: 2.0917, avg_kl_loss: 29.1995, avg_vq_loss: 2.1758, ppl: 1.1841, acc: 0.9483, vq_inds: [10, 10, 10, 10], unique_vq_codes: 1200, unique_suffix_codes: 1200, val_unique_suffix_codes: 204 

epoch: 94,  avg_loss: 6.5147, avg_recon_loss: 1.6004, avg_kl_loss: 27.3717, avg_vq_loss: 2.1772, ppl: 1.1386, acc: 0.9594, vq_inds: [10, 10, 10, 10], unique_vq_codes: 3993, unique_suffix_codes: 3993, logdet: 0.0000 
val ---  avg_loss: 6.5344, avg_recon_loss: 1.8253, avg_kl_loss: 25.4782, avg_vq_loss: 2.1613, ppl: 1.1589, acc: 0.9560, vq_inds: [10, 10, 10, 10], unique_vq_codes: 1220, unique_suffix_codes: 1220, val_unique_suffix_codes: 211 
update best loss 

epoch: 95,  avg_loss: 6.3136, avg_recon_loss: 1.5185, avg_kl_loss: 26.2651, avg_vq_loss: 2.1686, ppl: 1.1311, acc: 0.9619, vq_inds: [10, 10, 10, 10], unique_vq_codes: 4046, unique_suffix_codes: 4046, logdet: 0.0000 
val ---  avg_loss: 6.5291, avg_recon_loss: 1.7842, avg_kl_loss: 26.3008, avg_vq_loss: 2.1148, ppl: 1.1551, acc: 0.9551, vq_inds: [10, 10, 10, 10], unique_vq_codes: 1190, unique_suffix_codes: 1190, val_unique_suffix_codes: 207 
update best loss 

epoch: 96,  avg_loss: 6.5590, avg_recon_loss: 1.6202, avg_kl_loss: 27.6939, avg_vq_loss: 2.1694, ppl: 1.1404, acc: 0.9588, vq_inds: [10, 10, 10, 10], unique_vq_codes: 3999, unique_suffix_codes: 3999, logdet: 0.0000 
val ---  avg_loss: 6.7163, avg_recon_loss: 1.8848, avg_kl_loss: 27.0256, avg_vq_loss: 2.1290, ppl: 1.1645, acc: 0.9536, vq_inds: [10, 10, 10, 10], unique_vq_codes: 1194, unique_suffix_codes: 1194, val_unique_suffix_codes: 187 

epoch: 97,  avg_loss: 6.2832, avg_recon_loss: 1.4744, avg_kl_loss: 26.4808, avg_vq_loss: 2.1607, ppl: 1.1270, acc: 0.9626, vq_inds: [10, 10, 10, 10], unique_vq_codes: 3924, unique_suffix_codes: 3924, logdet: 0.0000 
val ---  avg_loss: 6.7559, avg_recon_loss: 1.9765, avg_kl_loss: 26.4677, avg_vq_loss: 2.1326, ppl: 1.1731, acc: 0.9515, vq_inds: [10, 10, 10, 10], unique_vq_codes: 1205, unique_suffix_codes: 1205, val_unique_suffix_codes: 224 

epoch: 98,  avg_loss: 6.2974, avg_recon_loss: 1.4851, avg_kl_loss: 26.5021, avg_vq_loss: 2.1620, ppl: 1.1280, acc: 0.9623, vq_inds: [10, 10, 10, 10], unique_vq_codes: 4010, unique_suffix_codes: 4010, logdet: 0.0000 
val ---  avg_loss: 6.4442, avg_recon_loss: 1.7026, avg_kl_loss: 25.9898, avg_vq_loss: 2.1426, ppl: 1.1475, acc: 0.9582, vq_inds: [10, 10, 10, 10], unique_vq_codes: 1190, unique_suffix_codes: 1190, val_unique_suffix_codes: 211 
update best loss 

epoch: 99,  avg_loss: 6.1204, avg_recon_loss: 1.3745, avg_kl_loss: 25.6298, avg_vq_loss: 2.1829, ppl: 1.1179, acc: 0.9655, vq_inds: [10, 10, 10, 10], unique_vq_codes: 3997, unique_suffix_codes: 3997, logdet: 0.0000 
val ---  avg_loss: 6.4745, avg_recon_loss: 1.7818, avg_kl_loss: 25.4586, avg_vq_loss: 2.1469, ppl: 1.1548, acc: 0.9560, vq_inds: [10, 10, 10, 10], unique_vq_codes: 1222, unique_suffix_codes: 1222, val_unique_suffix_codes: 220 

epoch: 100,  avg_loss: 6.5261, avg_recon_loss: 1.6722, avg_kl_loss: 26.5406, avg_vq_loss: 2.1998, ppl: 1.1453, acc: 0.9578, vq_inds: [10, 10, 10, 10], unique_vq_codes: 4039, unique_suffix_codes: 4039, logdet: 0.0000 
val ---  avg_loss: 6.7344, avg_recon_loss: 1.8324, avg_kl_loss: 27.4809, avg_vq_loss: 2.1539, ppl: 1.1596, acc: 0.9543, vq_inds: [10, 10, 10, 10], unique_vq_codes: 1188, unique_suffix_codes: 1188, val_unique_suffix_codes: 216 

epoch: 101,  avg_loss: 6.4639, avg_recon_loss: 1.5960, avg_kl_loss: 26.9015, avg_vq_loss: 2.1778, ppl: 1.1382, acc: 0.9592, vq_inds: [10, 10, 10, 10], unique_vq_codes: 3945, unique_suffix_codes: 3945, logdet: 0.0000 
val ---  avg_loss: 6.7553, avg_recon_loss: 1.9395, avg_kl_loss: 26.6870, avg_vq_loss: 2.1471, ppl: 1.1696, acc: 0.9525, vq_inds: [10, 10, 10, 10], unique_vq_codes: 1206, unique_suffix_codes: 1206, val_unique_suffix_codes: 232 

epoch: 102,  avg_loss: 6.2479, avg_recon_loss: 1.4667, avg_kl_loss: 26.1866, avg_vq_loss: 2.1626, ppl: 1.1263, acc: 0.9628, vq_inds: [10, 10, 10, 10], unique_vq_codes: 3924, unique_suffix_codes: 3924, logdet: 0.0000 
val ---  avg_loss: 6.3531, avg_recon_loss: 1.6674, avg_kl_loss: 25.4223, avg_vq_loss: 2.1434, ppl: 1.1442, acc: 0.9598, vq_inds: [10, 10, 10, 10], unique_vq_codes: 1190, unique_suffix_codes: 1190, val_unique_suffix_codes: 206 
update best loss 

epoch: 103,  avg_loss: 6.4867, avg_recon_loss: 1.5246, avg_kl_loss: 27.8101, avg_vq_loss: 2.1812, ppl: 1.1316, acc: 0.9622, vq_inds: [10, 10, 10, 10], unique_vq_codes: 3995, unique_suffix_codes: 3995, logdet: 0.0000 
val ---  avg_loss: 6.4444, avg_recon_loss: 1.7195, avg_kl_loss: 26.0102, avg_vq_loss: 2.1239, ppl: 1.1490, acc: 0.9576, vq_inds: [10, 10, 10, 10], unique_vq_codes: 1178, unique_suffix_codes: 1178, val_unique_suffix_codes: 217 

epoch: 104,  avg_loss: 6.0654, avg_recon_loss: 1.3459, avg_kl_loss: 25.5428, avg_vq_loss: 2.1652, ppl: 1.1154, acc: 0.9665, vq_inds: [10, 10, 10, 10], unique_vq_codes: 3948, unique_suffix_codes: 3948, logdet: 0.0000 
val ---  avg_loss: 6.3317, avg_recon_loss: 1.6870, avg_kl_loss: 25.0848, avg_vq_loss: 2.1362, ppl: 1.1460, acc: 0.9581, vq_inds: [10, 10, 10, 10], unique_vq_codes: 1198, unique_suffix_codes: 1198, val_unique_suffix_codes: 203 
update best loss 

epoch: 105,  avg_loss: 6.0158, avg_recon_loss: 1.3216, avg_kl_loss: 25.3039, avg_vq_loss: 2.1638, ppl: 1.1132, acc: 0.9673, vq_inds: [10, 10, 10, 10], unique_vq_codes: 3933, unique_suffix_codes: 3933, logdet: 0.0000 
val ---  avg_loss: 6.5195, avg_recon_loss: 1.8173, avg_kl_loss: 25.6763, avg_vq_loss: 2.1346, ppl: 1.1581, acc: 0.9536, vq_inds: [10, 10, 10, 10], unique_vq_codes: 1180, unique_suffix_codes: 1180, val_unique_suffix_codes: 197 

epoch: 106,  avg_loss: 5.9932, avg_recon_loss: 1.2850, avg_kl_loss: 25.3523, avg_vq_loss: 2.1730, ppl: 1.1099, acc: 0.9677, vq_inds: [10, 10, 10, 10], unique_vq_codes: 3945, unique_suffix_codes: 3945, logdet: 0.0000 
val ---  avg_loss: 6.9110, avg_recon_loss: 1.8581, avg_kl_loss: 29.0104, avg_vq_loss: 2.1519, ppl: 1.1620, acc: 0.9547, vq_inds: [10, 10, 10, 10], unique_vq_codes: 1193, unique_suffix_codes: 1193, val_unique_suffix_codes: 223 

epoch: 107,  avg_loss: 6.1946, avg_recon_loss: 1.3968, avg_kl_loss: 26.0523, avg_vq_loss: 2.1925, ppl: 1.1200, acc: 0.9646, vq_inds: [10, 10, 10, 10], unique_vq_codes: 4060, unique_suffix_codes: 4060, logdet: 0.0000 
val ---  avg_loss: 6.3563, avg_recon_loss: 1.6863, avg_kl_loss: 25.2761, avg_vq_loss: 2.1424, ppl: 1.1460, acc: 0.9585, vq_inds: [10, 10, 10, 10], unique_vq_codes: 1170, unique_suffix_codes: 1170, val_unique_suffix_codes: 197 

epoch: 108,  avg_loss: 6.0689, avg_recon_loss: 1.3471, avg_kl_loss: 25.5399, avg_vq_loss: 2.1677, ppl: 1.1155, acc: 0.9663, vq_inds: [10, 10, 10, 10], unique_vq_codes: 4010, unique_suffix_codes: 4010, logdet: 0.0000 
val ---  avg_loss: 6.5774, avg_recon_loss: 1.7108, avg_kl_loss: 27.2656, avg_vq_loss: 2.1399, ppl: 1.1482, acc: 0.9586, vq_inds: [10, 10, 10, 10], unique_vq_codes: 1186, unique_suffix_codes: 1186, val_unique_suffix_codes: 195 

epoch: 109,  avg_loss: 6.0015, avg_recon_loss: 1.2901, avg_kl_loss: 25.3297, avg_vq_loss: 2.1784, ppl: 1.1103, acc: 0.9682, vq_inds: [10, 10, 10, 10], unique_vq_codes: 4094, unique_suffix_codes: 4094, logdet: 0.0000 
val ---  avg_loss: 6.5197, avg_recon_loss: 1.8494, avg_kl_loss: 25.5006, avg_vq_loss: 2.1202, ppl: 1.1612, acc: 0.9538, vq_inds: [10, 10, 10, 10], unique_vq_codes: 1187, unique_suffix_codes: 1187, val_unique_suffix_codes: 183 

epoch: 110,  avg_loss: 6.1288, avg_recon_loss: 1.3438, avg_kl_loss: 25.9869, avg_vq_loss: 2.1863, ppl: 1.1152, acc: 0.9661, vq_inds: [10, 10, 10, 10], unique_vq_codes: 4089, unique_suffix_codes: 4089, logdet: 0.0000 
val ---  avg_loss: 6.4828, avg_recon_loss: 1.8669, avg_kl_loss: 24.7962, avg_vq_loss: 2.1363, ppl: 1.1628, acc: 0.9526, vq_inds: [10, 10, 10, 10], unique_vq_codes: 1187, unique_suffix_codes: 1187, val_unique_suffix_codes: 185 

epoch: 111,  avg_loss: 6.0934, avg_recon_loss: 1.3415, avg_kl_loss: 25.7515, avg_vq_loss: 2.1768, ppl: 1.1150, acc: 0.9667, vq_inds: [10, 10, 10, 10], unique_vq_codes: 4010, unique_suffix_codes: 4010, logdet: 0.0000 
val ---  avg_loss: 6.3528, avg_recon_loss: 1.6446, avg_kl_loss: 25.6495, avg_vq_loss: 2.1433, ppl: 1.1421, acc: 0.9599, vq_inds: [10, 10, 10, 10], unique_vq_codes: 1191, unique_suffix_codes: 1191, val_unique_suffix_codes: 192 

epoch: 112,  avg_loss: 5.9634, avg_recon_loss: 1.2628, avg_kl_loss: 25.1941, avg_vq_loss: 2.1811, ppl: 1.1079, acc: 0.9686, vq_inds: [10, 10, 10, 10], unique_vq_codes: 4025, unique_suffix_codes: 4025, logdet: 0.0000 
val ---  avg_loss: 6.9850, avg_recon_loss: 2.1640, avg_kl_loss: 26.2012, avg_vq_loss: 2.2008, ppl: 1.1910, acc: 0.9464, vq_inds: [10, 10, 10, 10], unique_vq_codes: 1210, unique_suffix_codes: 1210, val_unique_suffix_codes: 243 

epoch: 113,  avg_loss: 6.0561, avg_recon_loss: 1.3322, avg_kl_loss: 25.3186, avg_vq_loss: 2.1920, ppl: 1.1141, acc: 0.9660, vq_inds: [10, 10, 10, 10], unique_vq_codes: 4027, unique_suffix_codes: 4027, logdet: 0.0000 
val ---  avg_loss: 6.4202, avg_recon_loss: 1.6671, avg_kl_loss: 25.7268, avg_vq_loss: 2.1804, ppl: 1.1442, acc: 0.9609, vq_inds: [10, 10, 10, 10], unique_vq_codes: 1209, unique_suffix_codes: 1209, val_unique_suffix_codes: 209 

epoch: 114,  avg_loss: 6.0931, avg_recon_loss: 1.3315, avg_kl_loss: 25.5904, avg_vq_loss: 2.2026, ppl: 1.1140, acc: 0.9668, vq_inds: [10, 10, 10, 10], unique_vq_codes: 4108, unique_suffix_codes: 4108, logdet: 0.0000 
val ---  avg_loss: 6.3928, avg_recon_loss: 1.7360, avg_kl_loss: 25.1166, avg_vq_loss: 2.1452, ppl: 1.1506, acc: 0.9582, vq_inds: [10, 10, 10, 10], unique_vq_codes: 1212, unique_suffix_codes: 1212, val_unique_suffix_codes: 203 

epoch: 115,  avg_loss: 6.6614, avg_recon_loss: 1.6447, avg_kl_loss: 28.2773, avg_vq_loss: 2.1889, ppl: 1.1427, acc: 0.9584, vq_inds: [10, 10, 10, 10], unique_vq_codes: 4072, unique_suffix_codes: 4072, logdet: 0.0000 
val ---  avg_loss: 6.4557, avg_recon_loss: 1.7265, avg_kl_loss: 25.7849, avg_vq_loss: 2.1507, ppl: 1.1497, acc: 0.9566, vq_inds: [10, 10, 10, 10], unique_vq_codes: 1175, unique_suffix_codes: 1175, val_unique_suffix_codes: 198 

epoch: 116,  avg_loss: 6.0199, avg_recon_loss: 1.3125, avg_kl_loss: 25.2290, avg_vq_loss: 2.1844, ppl: 1.1123, acc: 0.9676, vq_inds: [10, 10, 10, 10], unique_vq_codes: 4043, unique_suffix_codes: 4043, logdet: 0.0000 
val ---  avg_loss: 6.3762, avg_recon_loss: 1.6895, avg_kl_loss: 25.3909, avg_vq_loss: 2.1476, ppl: 1.1463, acc: 0.9580, vq_inds: [10, 10, 10, 10], unique_vq_codes: 1217, unique_suffix_codes: 1217, val_unique_suffix_codes: 210 

epoch: 117,  avg_loss: 5.8922, avg_recon_loss: 1.2287, avg_kl_loss: 24.7785, avg_vq_loss: 2.1857, ppl: 1.1048, acc: 0.9697, vq_inds: [10, 10, 10, 10], unique_vq_codes: 4027, unique_suffix_codes: 4027, logdet: 0.0000 
val ---  avg_loss: 6.2777, avg_recon_loss: 1.7452, avg_kl_loss: 23.9426, avg_vq_loss: 2.1382, ppl: 1.1514, acc: 0.9555, vq_inds: [10, 10, 10, 10], unique_vq_codes: 1211, unique_suffix_codes: 1211, val_unique_suffix_codes: 201 
update best loss 

epoch: 118,  avg_loss: 5.9931, avg_recon_loss: 1.2554, avg_kl_loss: 25.4832, avg_vq_loss: 2.1894, ppl: 1.1072, acc: 0.9682, vq_inds: [10, 10, 10, 10], unique_vq_codes: 4090, unique_suffix_codes: 4090, logdet: 0.0000 
val ---  avg_loss: 6.3343, avg_recon_loss: 1.6792, avg_kl_loss: 25.2305, avg_vq_loss: 2.1320, ppl: 1.1453, acc: 0.9596, vq_inds: [10, 10, 10, 10], unique_vq_codes: 1203, unique_suffix_codes: 1203, val_unique_suffix_codes: 219 

epoch: 119,  avg_loss: 5.9755, avg_recon_loss: 1.2578, avg_kl_loss: 25.2861, avg_vq_loss: 2.1891, ppl: 1.1074, acc: 0.9686, vq_inds: [10, 10, 10, 10], unique_vq_codes: 4102, unique_suffix_codes: 4102, logdet: 0.0000 
val ---  avg_loss: 6.3731, avg_recon_loss: 1.7630, avg_kl_loss: 24.7058, avg_vq_loss: 2.1396, ppl: 1.1531, acc: 0.9568, vq_inds: [10, 10, 10, 10], unique_vq_codes: 1205, unique_suffix_codes: 1205, val_unique_suffix_codes: 220 

epoch: 120,  avg_loss: 5.9129, avg_recon_loss: 1.2275, avg_kl_loss: 24.8698, avg_vq_loss: 2.1984, ppl: 1.1047, acc: 0.9692, vq_inds: [10, 10, 10, 10], unique_vq_codes: 4135, unique_suffix_codes: 4135, logdet: 0.0000 
val ---  avg_loss: 6.3701, avg_recon_loss: 1.6855, avg_kl_loss: 25.2758, avg_vq_loss: 2.1570, ppl: 1.1459, acc: 0.9581, vq_inds: [10, 10, 10, 10], unique_vq_codes: 1211, unique_suffix_codes: 1211, val_unique_suffix_codes: 209 

epoch: 121,  avg_loss: 6.0185, avg_recon_loss: 1.2903, avg_kl_loss: 25.3497, avg_vq_loss: 2.1933, ppl: 1.1103, acc: 0.9681, vq_inds: [10, 10, 10, 10], unique_vq_codes: 4157, unique_suffix_codes: 4157, logdet: 0.0000 
val ---  avg_loss: 6.4545, avg_recon_loss: 1.7645, avg_kl_loss: 25.3109, avg_vq_loss: 2.1589, ppl: 1.1532, acc: 0.9558, vq_inds: [10, 10, 10, 10], unique_vq_codes: 1203, unique_suffix_codes: 1203, val_unique_suffix_codes: 208 

epoch: 122,  avg_loss: 5.9196, avg_recon_loss: 1.2503, avg_kl_loss: 24.7387, avg_vq_loss: 2.1955, ppl: 1.1067, acc: 0.9685, vq_inds: [10, 10, 10, 10], unique_vq_codes: 4115, unique_suffix_codes: 4115, logdet: 0.0000 
val ---  avg_loss: 6.4596, avg_recon_loss: 1.7854, avg_kl_loss: 24.9608, avg_vq_loss: 2.1781, ppl: 1.1552, acc: 0.9573, vq_inds: [10, 10, 10, 10], unique_vq_codes: 1217, unique_suffix_codes: 1217, val_unique_suffix_codes: 216 

epoch: 123,  avg_loss: 5.9948, avg_recon_loss: 1.2954, avg_kl_loss: 24.9700, avg_vq_loss: 2.2024, ppl: 1.1108, acc: 0.9677, vq_inds: [10, 10, 10, 10], unique_vq_codes: 4132, unique_suffix_codes: 4132, logdet: 0.0000 
val ---  avg_loss: 6.3277, avg_recon_loss: 1.7370, avg_kl_loss: 24.2532, avg_vq_loss: 2.1654, ppl: 1.1507, acc: 0.9578, vq_inds: [10, 10, 10, 10], unique_vq_codes: 1203, unique_suffix_codes: 1203, val_unique_suffix_codes: 208 

epoch: 124,  avg_loss: 6.0031, avg_recon_loss: 1.2782, avg_kl_loss: 25.3675, avg_vq_loss: 2.1881, ppl: 1.1093, acc: 0.9679, vq_inds: [10, 10, 10, 10], unique_vq_codes: 4102, unique_suffix_codes: 4102, logdet: 0.0000 
val ---  avg_loss: 6.3533, avg_recon_loss: 1.6768, avg_kl_loss: 25.3543, avg_vq_loss: 2.1411, ppl: 1.1451, acc: 0.9601, vq_inds: [10, 10, 10, 10], unique_vq_codes: 1219, unique_suffix_codes: 1219, val_unique_suffix_codes: 215 

epoch: 125,  avg_loss: 6.0615, avg_recon_loss: 1.3163, avg_kl_loss: 25.5817, avg_vq_loss: 2.1870, ppl: 1.1127, acc: 0.9669, vq_inds: [10, 10, 10, 10], unique_vq_codes: 4095, unique_suffix_codes: 4095, logdet: 0.0000 
val ---  avg_loss: 6.6036, avg_recon_loss: 1.8082, avg_kl_loss: 26.5632, avg_vq_loss: 2.1391, ppl: 1.1573, acc: 0.9554, vq_inds: [10, 10, 10, 10], unique_vq_codes: 1237, unique_suffix_codes: 1237, val_unique_suffix_codes: 229 

epoch: 126,  avg_loss: 6.0455, avg_recon_loss: 1.2826, avg_kl_loss: 25.8037, avg_vq_loss: 2.1826, ppl: 1.1096, acc: 0.9677, vq_inds: [10, 10, 10, 10], unique_vq_codes: 4128, unique_suffix_codes: 4128, logdet: 0.0000 
val ---  avg_loss: 6.5736, avg_recon_loss: 1.7833, avg_kl_loss: 26.2699, avg_vq_loss: 2.1633, ppl: 1.1550, acc: 0.9582, vq_inds: [10, 10, 10, 10], unique_vq_codes: 1233, unique_suffix_codes: 1233, val_unique_suffix_codes: 233 

epoch: 127,  avg_loss: 6.1137, avg_recon_loss: 1.3406, avg_kl_loss: 25.7151, avg_vq_loss: 2.2016, ppl: 1.1149, acc: 0.9664, vq_inds: [10, 10, 10, 10], unique_vq_codes: 4154, unique_suffix_codes: 4154, logdet: 0.0000 
val ---  avg_loss: 6.7413, avg_recon_loss: 2.0332, avg_kl_loss: 25.5237, avg_vq_loss: 2.1557, ppl: 1.1785, acc: 0.9518, vq_inds: [10, 10, 10, 10], unique_vq_codes: 1213, unique_suffix_codes: 1213, val_unique_suffix_codes: 195 

epoch: 128,  avg_loss: 6.1342, avg_recon_loss: 1.4151, avg_kl_loss: 25.1329, avg_vq_loss: 2.2058, ppl: 1.1216, acc: 0.9639, vq_inds: [10, 10, 10, 10], unique_vq_codes: 4120, unique_suffix_codes: 4120, logdet: 0.0000 
val ---  avg_loss: 6.4425, avg_recon_loss: 1.7704, avg_kl_loss: 24.9050, avg_vq_loss: 2.1816, ppl: 1.1538, acc: 0.9574, vq_inds: [10, 10, 10, 10], unique_vq_codes: 1219, unique_suffix_codes: 1219, val_unique_suffix_codes: 196 

epoch: 129,  avg_loss: 5.9433, avg_recon_loss: 1.2692, avg_kl_loss: 24.6995, avg_vq_loss: 2.2042, ppl: 1.1084, acc: 0.9684, vq_inds: [10, 10, 10, 10], unique_vq_codes: 4057, unique_suffix_codes: 4057, logdet: 0.0000 
val ---  avg_loss: 6.3003, avg_recon_loss: 1.6895, avg_kl_loss: 24.5763, avg_vq_loss: 2.1532, ppl: 1.1463, acc: 0.9578, vq_inds: [10, 10, 10, 10], unique_vq_codes: 1221, unique_suffix_codes: 1221, val_unique_suffix_codes: 192 

epoch: 130,  avg_loss: 5.9179, avg_recon_loss: 1.2427, avg_kl_loss: 24.6893, avg_vq_loss: 2.2062, ppl: 1.1061, acc: 0.9690, vq_inds: [10, 10, 10, 10], unique_vq_codes: 4074, unique_suffix_codes: 4074, logdet: 0.0000 
val ---  avg_loss: 6.5034, avg_recon_loss: 1.8515, avg_kl_loss: 24.7905, avg_vq_loss: 2.1728, ppl: 1.1614, acc: 0.9559, vq_inds: [10, 10, 10, 10], unique_vq_codes: 1213, unique_suffix_codes: 1213, val_unique_suffix_codes: 222 

epoch: 131,  avg_loss: 6.1104, avg_recon_loss: 1.3936, avg_kl_loss: 24.9852, avg_vq_loss: 2.2183, ppl: 1.1197, acc: 0.9647, vq_inds: [10, 10, 10, 10], unique_vq_codes: 4107, unique_suffix_codes: 4107, logdet: 0.0000 
val ---  avg_loss: 6.3688, avg_recon_loss: 1.6805, avg_kl_loss: 25.1232, avg_vq_loss: 2.1760, ppl: 1.1454, acc: 0.9593, vq_inds: [10, 10, 10, 10], unique_vq_codes: 1231, unique_suffix_codes: 1231, val_unique_suffix_codes: 227 

epoch: 132,  avg_loss: 6.4442, avg_recon_loss: 1.4599, avg_kl_loss: 27.6224, avg_vq_loss: 2.2221, ppl: 1.1257, acc: 0.9634, vq_inds: [10, 10, 10, 10], unique_vq_codes: 4102, unique_suffix_codes: 4102, logdet: 0.0000 
val ---  avg_loss: 6.4252, avg_recon_loss: 1.6922, avg_kl_loss: 25.5601, avg_vq_loss: 2.1769, ppl: 1.1465, acc: 0.9585, vq_inds: [10, 10, 10, 10], unique_vq_codes: 1231, unique_suffix_codes: 1231, val_unique_suffix_codes: 195 

epoch: 133,  avg_loss: 5.9478, avg_recon_loss: 1.2437, avg_kl_loss: 25.1554, avg_vq_loss: 2.1886, ppl: 1.1061, acc: 0.9689, vq_inds: [10, 10, 10, 10], unique_vq_codes: 3994, unique_suffix_codes: 3994, logdet: 0.0000 
val ---  avg_loss: 6.3270, avg_recon_loss: 1.7117, avg_kl_loss: 24.8483, avg_vq_loss: 2.1304, ppl: 1.1483, acc: 0.9583, vq_inds: [10, 10, 10, 10], unique_vq_codes: 1211, unique_suffix_codes: 1211, val_unique_suffix_codes: 203 

epoch: 134,  avg_loss: 6.3025, avg_recon_loss: 1.4562, avg_kl_loss: 26.4012, avg_vq_loss: 2.2062, ppl: 1.1254, acc: 0.9635, vq_inds: [10, 10, 10, 10], unique_vq_codes: 4149, unique_suffix_codes: 4149, logdet: 0.0000 
val ---  avg_loss: 6.3979, avg_recon_loss: 1.8377, avg_kl_loss: 24.1230, avg_vq_loss: 2.1480, ppl: 1.1601, acc: 0.9542, vq_inds: [10, 10, 10, 10], unique_vq_codes: 1205, unique_suffix_codes: 1205, val_unique_suffix_codes: 223 

epoch: 135,  avg_loss: 5.9185, avg_recon_loss: 1.2627, avg_kl_loss: 24.6768, avg_vq_loss: 2.1881, ppl: 1.1079, acc: 0.9679, vq_inds: [10, 10, 10, 10], unique_vq_codes: 4048, unique_suffix_codes: 4048, logdet: 0.0000 
val ---  avg_loss: 6.3537, avg_recon_loss: 1.7015, avg_kl_loss: 24.9728, avg_vq_loss: 2.1549, ppl: 1.1474, acc: 0.9566, vq_inds: [10, 10, 10, 10], unique_vq_codes: 1191, unique_suffix_codes: 1191, val_unique_suffix_codes: 202 

epoch: 136,  avg_loss: 5.9916, avg_recon_loss: 1.3017, avg_kl_loss: 24.8061, avg_vq_loss: 2.2092, ppl: 1.1114, acc: 0.9671, vq_inds: [10, 10, 10, 10], unique_vq_codes: 4129, unique_suffix_codes: 4129, logdet: 0.0000 
val ---  avg_loss: 6.3469, avg_recon_loss: 1.5871, avg_kl_loss: 25.8462, avg_vq_loss: 2.1752, ppl: 1.1368, acc: 0.9617, vq_inds: [10, 10, 10, 10], unique_vq_codes: 1234, unique_suffix_codes: 1234, val_unique_suffix_codes: 203 

epoch: 137,  avg_loss: 5.9746, avg_recon_loss: 1.2522, avg_kl_loss: 25.0703, avg_vq_loss: 2.2153, ppl: 1.1069, acc: 0.9688, vq_inds: [10, 10, 10, 10], unique_vq_codes: 4112, unique_suffix_codes: 4112, logdet: 0.0000 
val ---  avg_loss: 6.4636, avg_recon_loss: 1.7421, avg_kl_loss: 25.6205, avg_vq_loss: 2.1595, ppl: 1.1511, acc: 0.9573, vq_inds: [10, 10, 10, 10], unique_vq_codes: 1228, unique_suffix_codes: 1228, val_unique_suffix_codes: 227 

epoch: 138,  avg_loss: 6.0135, avg_recon_loss: 1.2714, avg_kl_loss: 25.2753, avg_vq_loss: 2.2146, ppl: 1.1086, acc: 0.9679, vq_inds: [10, 10, 10, 10], unique_vq_codes: 4123, unique_suffix_codes: 4123, logdet: 0.0000 
val ---  avg_loss: 6.2927, avg_recon_loss: 1.6708, avg_kl_loss: 24.5819, avg_vq_loss: 2.1637, ppl: 1.1445, acc: 0.9578, vq_inds: [10, 10, 10, 10], unique_vq_codes: 1202, unique_suffix_codes: 1202, val_unique_suffix_codes: 193 

epoch: 139,  avg_loss: 5.8496, avg_recon_loss: 1.1805, avg_kl_loss: 24.6103, avg_vq_loss: 2.2080, ppl: 1.1005, acc: 0.9701, vq_inds: [10, 10, 10, 10], unique_vq_codes: 4084, unique_suffix_codes: 4084, logdet: 0.0000 
val ---  avg_loss: 6.3948, avg_recon_loss: 1.6375, avg_kl_loss: 25.5222, avg_vq_loss: 2.2050, ppl: 1.1415, acc: 0.9610, vq_inds: [10, 10, 10, 10], unique_vq_codes: 1247, unique_suffix_codes: 1247, val_unique_suffix_codes: 232 

epoch: 140,  avg_loss: 5.8500, avg_recon_loss: 1.1717, avg_kl_loss: 24.5324, avg_vq_loss: 2.2250, ppl: 1.0997, acc: 0.9709, vq_inds: [10, 10, 10, 10], unique_vq_codes: 4143, unique_suffix_codes: 4143, logdet: 0.0000 
val ---  avg_loss: 6.3744, avg_recon_loss: 1.7028, avg_kl_loss: 24.8091, avg_vq_loss: 2.1907, ppl: 1.1475, acc: 0.9583, vq_inds: [10, 10, 10, 10], unique_vq_codes: 1228, unique_suffix_codes: 1228, val_unique_suffix_codes: 197 

epoch: 141,  avg_loss: 6.3048, avg_recon_loss: 1.3786, avg_kl_loss: 26.8145, avg_vq_loss: 2.2447, ppl: 1.1183, acc: 0.9649, vq_inds: [10, 10, 10, 10], unique_vq_codes: 4265, unique_suffix_codes: 4265, logdet: 0.0000 
val ---  avg_loss: 6.3629, avg_recon_loss: 1.6838, avg_kl_loss: 24.7788, avg_vq_loss: 2.2012, ppl: 1.1457, acc: 0.9593, vq_inds: [10, 10, 10, 10], unique_vq_codes: 1230, unique_suffix_codes: 1230, val_unique_suffix_codes: 205 

epoch: 142,  avg_loss: 5.8582, avg_recon_loss: 1.1998, avg_kl_loss: 24.4440, avg_vq_loss: 2.2140, ppl: 1.1022, acc: 0.9701, vq_inds: [10, 10, 10, 10], unique_vq_codes: 4118, unique_suffix_codes: 4118, logdet: 0.0000 
val ---  avg_loss: 6.2710, avg_recon_loss: 1.7133, avg_kl_loss: 23.8288, avg_vq_loss: 2.1749, ppl: 1.1485, acc: 0.9591, vq_inds: [10, 10, 10, 10], unique_vq_codes: 1220, unique_suffix_codes: 1220, val_unique_suffix_codes: 205 
update best loss 

epoch: 143,  avg_loss: 5.7592, avg_recon_loss: 1.1359, avg_kl_loss: 24.0974, avg_vq_loss: 2.2136, ppl: 1.0965, acc: 0.9714, vq_inds: [10, 10, 10, 10], unique_vq_codes: 4130, unique_suffix_codes: 4130, logdet: 0.0000 
val ---  avg_loss: 6.2768, avg_recon_loss: 1.6932, avg_kl_loss: 24.1365, avg_vq_loss: 2.1700, ppl: 1.1466, acc: 0.9603, vq_inds: [10, 10, 10, 10], unique_vq_codes: 1238, unique_suffix_codes: 1238, val_unique_suffix_codes: 206 

epoch: 144,  avg_loss: 5.9593, avg_recon_loss: 1.2419, avg_kl_loss: 25.0940, avg_vq_loss: 2.2080, ppl: 1.1060, acc: 0.9691, vq_inds: [10, 10, 10, 10], unique_vq_codes: 4095, unique_suffix_codes: 4095, logdet: 0.0000 
val ---  avg_loss: 6.3893, avg_recon_loss: 1.8328, avg_kl_loss: 23.8622, avg_vq_loss: 2.1703, ppl: 1.1596, acc: 0.9556, vq_inds: [10, 10, 10, 10], unique_vq_codes: 1241, unique_suffix_codes: 1241, val_unique_suffix_codes: 221 

epoch: 145,  avg_loss: 5.8033, avg_recon_loss: 1.1805, avg_kl_loss: 24.1800, avg_vq_loss: 2.2049, ppl: 1.1005, acc: 0.9710, vq_inds: [10, 10, 10, 10], unique_vq_codes: 4143, unique_suffix_codes: 4143, logdet: 0.0000 
val ---  avg_loss: 6.2560, avg_recon_loss: 1.6673, avg_kl_loss: 24.4008, avg_vq_loss: 2.1487, ppl: 1.1442, acc: 0.9591, vq_inds: [10, 10, 10, 10], unique_vq_codes: 1240, unique_suffix_codes: 1240, val_unique_suffix_codes: 208 
update best loss 

epoch: 146,  avg_loss: 5.7673, avg_recon_loss: 1.1311, avg_kl_loss: 24.4151, avg_vq_loss: 2.1947, ppl: 1.0961, acc: 0.9712, vq_inds: [10, 10, 10, 10], unique_vq_codes: 4104, unique_suffix_codes: 4104, logdet: 0.0000 
val ---  avg_loss: 6.2856, avg_recon_loss: 1.6392, avg_kl_loss: 24.9281, avg_vq_loss: 2.1537, ppl: 1.1416, acc: 0.9603, vq_inds: [10, 10, 10, 10], unique_vq_codes: 1229, unique_suffix_codes: 1229, val_unique_suffix_codes: 218 

epoch: 147,  avg_loss: 6.0838, avg_recon_loss: 1.3288, avg_kl_loss: 25.4031, avg_vq_loss: 2.2147, ppl: 1.1138, acc: 0.9663, vq_inds: [10, 10, 10, 10], unique_vq_codes: 4183, unique_suffix_codes: 4183, logdet: 0.0000 
val ---  avg_loss: 6.6207, avg_recon_loss: 1.8664, avg_kl_loss: 25.8465, avg_vq_loss: 2.1697, ppl: 1.1628, acc: 0.9540, vq_inds: [10, 10, 10, 10], unique_vq_codes: 1231, unique_suffix_codes: 1231, val_unique_suffix_codes: 209 

epoch: 148,  avg_loss: 6.4650, avg_recon_loss: 1.6044, avg_kl_loss: 26.1645, avg_vq_loss: 2.2442, ppl: 1.1390, acc: 0.9600, vq_inds: [10, 10, 10, 10], unique_vq_codes: 4174, unique_suffix_codes: 4174, logdet: 0.0000 
val ---  avg_loss: 7.0630, avg_recon_loss: 2.2130, avg_kl_loss: 26.8869, avg_vq_loss: 2.1613, ppl: 1.1958, acc: 0.9433, vq_inds: [9, 10, 10, 10], unique_vq_codes: 1205, unique_suffix_codes: 1205, val_unique_suffix_codes: 211 

epoch: 149,  avg_loss: 6.5780, avg_recon_loss: 1.7342, avg_kl_loss: 26.4781, avg_vq_loss: 2.1959, ppl: 1.1510, acc: 0.9564, vq_inds: [10, 10, 10, 10], unique_vq_codes: 4110, unique_suffix_codes: 4110, logdet: 0.0000 
val ---  avg_loss: 6.9919, avg_recon_loss: 2.1225, avg_kl_loss: 26.4408, avg_vq_loss: 2.2253, ppl: 1.1871, acc: 0.9472, vq_inds: [10, 10, 10, 10], unique_vq_codes: 1210, unique_suffix_codes: 1210, val_unique_suffix_codes: 221 

epoch: 150,  avg_loss: 6.0838, avg_recon_loss: 1.3576, avg_kl_loss: 25.3433, avg_vq_loss: 2.1918, ppl: 1.1164, acc: 0.9652, vq_inds: [10, 10, 10, 10], unique_vq_codes: 3947, unique_suffix_codes: 3947, logdet: 0.0000 
val ---  avg_loss: 6.3157, avg_recon_loss: 1.7212, avg_kl_loss: 24.2548, avg_vq_loss: 2.1690, ppl: 1.1492, acc: 0.9578, vq_inds: [10, 10, 10, 10], unique_vq_codes: 1191, unique_suffix_codes: 1191, val_unique_suffix_codes: 188 

epoch: 151,  avg_loss: 5.8609, avg_recon_loss: 1.1977, avg_kl_loss: 24.6674, avg_vq_loss: 2.1965, ppl: 1.1020, acc: 0.9696, vq_inds: [10, 10, 10, 10], unique_vq_codes: 3961, unique_suffix_codes: 3961, logdet: 0.0000 
val ---  avg_loss: 6.4627, avg_recon_loss: 1.7703, avg_kl_loss: 25.0356, avg_vq_loss: 2.1889, ppl: 1.1538, acc: 0.9560, vq_inds: [10, 10, 10, 10], unique_vq_codes: 1190, unique_suffix_codes: 1190, val_unique_suffix_codes: 183 

epoch: 152,  avg_loss: 5.8658, avg_recon_loss: 1.1779, avg_kl_loss: 24.9214, avg_vq_loss: 2.1958, ppl: 1.1003, acc: 0.9702, vq_inds: [10, 10, 10, 10], unique_vq_codes: 3961, unique_suffix_codes: 3961, logdet: 0.0000 
val ---  avg_loss: 6.2990, avg_recon_loss: 1.6621, avg_kl_loss: 24.6671, avg_vq_loss: 2.1702, ppl: 1.1437, acc: 0.9600, vq_inds: [10, 10, 10, 10], unique_vq_codes: 1204, unique_suffix_codes: 1204, val_unique_suffix_codes: 204 

epoch: 153,  avg_loss: 5.7520, avg_recon_loss: 1.1198, avg_kl_loss: 24.3013, avg_vq_loss: 2.2021, ppl: 1.0951, acc: 0.9716, vq_inds: [10, 10, 10, 10], unique_vq_codes: 4022, unique_suffix_codes: 4022, logdet: 0.0000 
val ---  avg_loss: 6.1759, avg_recon_loss: 1.6006, avg_kl_loss: 24.2606, avg_vq_loss: 2.1492, ppl: 1.1380, acc: 0.9622, vq_inds: [10, 10, 10, 10], unique_vq_codes: 1181, unique_suffix_codes: 1181, val_unique_suffix_codes: 188 
update best loss 

epoch: 154,  avg_loss: 6.0343, avg_recon_loss: 1.2168, avg_kl_loss: 26.0119, avg_vq_loss: 2.2164, ppl: 1.1037, acc: 0.9702, vq_inds: [10, 10, 10, 10], unique_vq_codes: 4158, unique_suffix_codes: 4158, logdet: 0.0000 
val ---  avg_loss: 6.9669, avg_recon_loss: 1.8307, avg_kl_loss: 29.2200, avg_vq_loss: 2.2142, ppl: 1.1594, acc: 0.9556, vq_inds: [10, 10, 10, 10], unique_vq_codes: 1208, unique_suffix_codes: 1208, val_unique_suffix_codes: 229 

epoch: 155,  avg_loss: 6.0333, avg_recon_loss: 1.2772, avg_kl_loss: 25.7036, avg_vq_loss: 2.1857, ppl: 1.1092, acc: 0.9677, vq_inds: [10, 10, 10, 10], unique_vq_codes: 4035, unique_suffix_codes: 4035, logdet: 0.0000 
val ---  avg_loss: 6.2511, avg_recon_loss: 1.6311, avg_kl_loss: 24.6846, avg_vq_loss: 2.1515, ppl: 1.1409, acc: 0.9600, vq_inds: [10, 10, 10, 10], unique_vq_codes: 1202, unique_suffix_codes: 1202, val_unique_suffix_codes: 197 

epoch: 156,  avg_loss: 5.7272, avg_recon_loss: 1.1239, avg_kl_loss: 24.2233, avg_vq_loss: 2.1809, ppl: 1.0955, acc: 0.9717, vq_inds: [10, 10, 10, 10], unique_vq_codes: 4015, unique_suffix_codes: 4015, logdet: 0.0000 
val ---  avg_loss: 6.1262, avg_recon_loss: 1.5924, avg_kl_loss: 24.0321, avg_vq_loss: 2.1306, ppl: 1.1373, acc: 0.9603, vq_inds: [10, 10, 10, 10], unique_vq_codes: 1209, unique_suffix_codes: 1209, val_unique_suffix_codes: 203 
update best loss 

epoch: 157,  avg_loss: 5.6732, avg_recon_loss: 1.1115, avg_kl_loss: 23.7393, avg_vq_loss: 2.1878, ppl: 1.0943, acc: 0.9721, vq_inds: [10, 10, 10, 10], unique_vq_codes: 4061, unique_suffix_codes: 4061, logdet: 0.0000 
val ---  avg_loss: 6.1652, avg_recon_loss: 1.5988, avg_kl_loss: 24.1880, avg_vq_loss: 2.1476, ppl: 1.1379, acc: 0.9618, vq_inds: [10, 10, 10, 10], unique_vq_codes: 1211, unique_suffix_codes: 1211, val_unique_suffix_codes: 214 

epoch: 158,  avg_loss: 5.9393, avg_recon_loss: 1.2361, avg_kl_loss: 25.0702, avg_vq_loss: 2.1961, ppl: 1.1055, acc: 0.9692, vq_inds: [10, 10, 10, 10], unique_vq_codes: 4083, unique_suffix_codes: 4083, logdet: 0.0000 
val ---  avg_loss: 6.3762, avg_recon_loss: 1.6908, avg_kl_loss: 25.1413, avg_vq_loss: 2.1713, ppl: 1.1464, acc: 0.9596, vq_inds: [10, 10, 10, 10], unique_vq_codes: 1220, unique_suffix_codes: 1220, val_unique_suffix_codes: 235 

epoch: 159,  avg_loss: 5.7898, avg_recon_loss: 1.1809, avg_kl_loss: 24.2226, avg_vq_loss: 2.1867, ppl: 1.1005, acc: 0.9707, vq_inds: [10, 10, 10, 10], unique_vq_codes: 4072, unique_suffix_codes: 4072, logdet: 0.0000 
val ---  avg_loss: 6.1434, avg_recon_loss: 1.5764, avg_kl_loss: 24.2326, avg_vq_loss: 2.1437, ppl: 1.1358, acc: 0.9612, vq_inds: [10, 10, 10, 10], unique_vq_codes: 1187, unique_suffix_codes: 1187, val_unique_suffix_codes: 207 

epoch: 160,  avg_loss: 5.7836, avg_recon_loss: 1.1424, avg_kl_loss: 24.4364, avg_vq_loss: 2.1975, ppl: 1.0971, acc: 0.9713, vq_inds: [10, 10, 10, 10], unique_vq_codes: 4089, unique_suffix_codes: 4089, logdet: 0.0000 
val ---  avg_loss: 6.1557, avg_recon_loss: 1.5959, avg_kl_loss: 24.0010, avg_vq_loss: 2.1597, ppl: 1.1376, acc: 0.9628, vq_inds: [10, 10, 10, 10], unique_vq_codes: 1203, unique_suffix_codes: 1203, val_unique_suffix_codes: 241 

epoch: 161,  avg_loss: 5.7112, avg_recon_loss: 1.1171, avg_kl_loss: 23.9464, avg_vq_loss: 2.1995, ppl: 1.0948, acc: 0.9718, vq_inds: [10, 10, 10, 10], unique_vq_codes: 4119, unique_suffix_codes: 4119, logdet: 0.0000 
val ---  avg_loss: 6.1778, avg_recon_loss: 1.6773, avg_kl_loss: 23.5885, avg_vq_loss: 2.1416, ppl: 1.1451, acc: 0.9607, vq_inds: [10, 10, 10, 10], unique_vq_codes: 1209, unique_suffix_codes: 1209, val_unique_suffix_codes: 220 

epoch: 162,  avg_loss: 5.7634, avg_recon_loss: 1.1292, avg_kl_loss: 24.3666, avg_vq_loss: 2.1975, ppl: 1.0959, acc: 0.9712, vq_inds: [10, 10, 10, 10], unique_vq_codes: 4107, unique_suffix_codes: 4107, logdet: 0.0000 
val ---  avg_loss: 6.3637, avg_recon_loss: 1.6918, avg_kl_loss: 25.1083, avg_vq_loss: 2.1611, ppl: 1.1465, acc: 0.9593, vq_inds: [10, 10, 10, 10], unique_vq_codes: 1221, unique_suffix_codes: 1221, val_unique_suffix_codes: 233 

epoch: 163,  avg_loss: 5.7032, avg_recon_loss: 1.0898, avg_kl_loss: 24.1035, avg_vq_loss: 2.2030, ppl: 1.0924, acc: 0.9723, vq_inds: [10, 10, 10, 10], unique_vq_codes: 4192, unique_suffix_codes: 4192, logdet: 0.0000 
val ---  avg_loss: 6.2324, avg_recon_loss: 1.6949, avg_kl_loss: 23.7199, avg_vq_loss: 2.1655, ppl: 1.1467, acc: 0.9589, vq_inds: [10, 10, 10, 10], unique_vq_codes: 1245, unique_suffix_codes: 1245, val_unique_suffix_codes: 215 

epoch: 164,  avg_loss: 5.6740, avg_recon_loss: 1.0848, avg_kl_loss: 23.8624, avg_vq_loss: 2.2030, ppl: 1.0920, acc: 0.9727, vq_inds: [10, 10, 10, 10], unique_vq_codes: 4158, unique_suffix_codes: 4158, logdet: 0.0000 
val ---  avg_loss: 6.1832, avg_recon_loss: 1.6515, avg_kl_loss: 23.5989, avg_vq_loss: 2.1718, ppl: 1.1427, acc: 0.9617, vq_inds: [10, 10, 10, 10], unique_vq_codes: 1227, unique_suffix_codes: 1227, val_unique_suffix_codes: 219 

epoch: 165,  avg_loss: 5.7530, avg_recon_loss: 1.0952, avg_kl_loss: 24.6542, avg_vq_loss: 2.1924, ppl: 1.0929, acc: 0.9724, vq_inds: [10, 10, 10, 10], unique_vq_codes: 4217, unique_suffix_codes: 4217, logdet: 0.0000 
val ---  avg_loss: 6.3169, avg_recon_loss: 1.6860, avg_kl_loss: 24.6505, avg_vq_loss: 2.1659, ppl: 1.1459, acc: 0.9597, vq_inds: [10, 10, 10, 10], unique_vq_codes: 1222, unique_suffix_codes: 1222, val_unique_suffix_codes: 223 

epoch: 166,  avg_loss: 5.8287, avg_recon_loss: 1.1489, avg_kl_loss: 24.8884, avg_vq_loss: 2.1910, ppl: 1.0977, acc: 0.9703, vq_inds: [10, 10, 10, 10], unique_vq_codes: 4163, unique_suffix_codes: 4163, logdet: 0.0000 
val ---  avg_loss: 6.2372, avg_recon_loss: 1.6666, avg_kl_loss: 24.2038, avg_vq_loss: 2.1502, ppl: 1.1441, acc: 0.9590, vq_inds: [10, 10, 10, 10], unique_vq_codes: 1230, unique_suffix_codes: 1230, val_unique_suffix_codes: 222 

epoch: 167,  avg_loss: 5.7423, avg_recon_loss: 1.1533, avg_kl_loss: 23.8970, avg_vq_loss: 2.1993, ppl: 1.0981, acc: 0.9708, vq_inds: [10, 10, 10, 10], unique_vq_codes: 4181, unique_suffix_codes: 4181, logdet: 0.0000 
val ---  avg_loss: 6.3902, avg_recon_loss: 1.7537, avg_kl_loss: 24.5692, avg_vq_loss: 2.1796, ppl: 1.1522, acc: 0.9578, vq_inds: [10, 10, 10, 10], unique_vq_codes: 1222, unique_suffix_codes: 1222, val_unique_suffix_codes: 203 

epoch: 168,  avg_loss: 5.7514, avg_recon_loss: 1.1497, avg_kl_loss: 23.9119, avg_vq_loss: 2.2106, ppl: 1.0977, acc: 0.9713, vq_inds: [10, 10, 10, 10], unique_vq_codes: 4160, unique_suffix_codes: 4160, logdet: 0.0000 
val ---  avg_loss: 6.2092, avg_recon_loss: 1.6652, avg_kl_loss: 23.6226, avg_vq_loss: 2.1817, ppl: 1.1440, acc: 0.9598, vq_inds: [10, 10, 10, 10], unique_vq_codes: 1213, unique_suffix_codes: 1213, val_unique_suffix_codes: 238 

epoch: 169,  avg_loss: 5.8691, avg_recon_loss: 1.1685, avg_kl_loss: 24.9106, avg_vq_loss: 2.2096, ppl: 1.0994, acc: 0.9714, vq_inds: [10, 10, 10, 10], unique_vq_codes: 4172, unique_suffix_codes: 4172, logdet: 0.0000 
val ---  avg_loss: 6.3520, avg_recon_loss: 1.7231, avg_kl_loss: 24.4703, avg_vq_loss: 2.1819, ppl: 1.1494, acc: 0.9571, vq_inds: [10, 10, 10, 10], unique_vq_codes: 1245, unique_suffix_codes: 1245, val_unique_suffix_codes: 224 

epoch: 170,  avg_loss: 5.6930, avg_recon_loss: 1.1011, avg_kl_loss: 24.0371, avg_vq_loss: 2.1881, ppl: 1.0934, acc: 0.9724, vq_inds: [10, 10, 10, 10], unique_vq_codes: 4152, unique_suffix_codes: 4152, logdet: 0.0000 
val ---  avg_loss: 6.2914, avg_recon_loss: 1.6797, avg_kl_loss: 24.1640, avg_vq_loss: 2.1953, ppl: 1.1453, acc: 0.9601, vq_inds: [10, 10, 10, 10], unique_vq_codes: 1236, unique_suffix_codes: 1236, val_unique_suffix_codes: 211 

epoch: 171,  avg_loss: 5.9214, avg_recon_loss: 1.1855, avg_kl_loss: 25.2637, avg_vq_loss: 2.2095, ppl: 1.1009, acc: 0.9703, vq_inds: [10, 10, 10, 10], unique_vq_codes: 4227, unique_suffix_codes: 4227, logdet: 0.0000 
val ---  avg_loss: 6.3823, avg_recon_loss: 1.7225, avg_kl_loss: 24.9408, avg_vq_loss: 2.1657, ppl: 1.1493, acc: 0.9579, vq_inds: [10, 10, 10, 10], unique_vq_codes: 1239, unique_suffix_codes: 1239, val_unique_suffix_codes: 243 

epoch: 172,  avg_loss: 5.8329, avg_recon_loss: 1.2165, avg_kl_loss: 24.3345, avg_vq_loss: 2.1830, ppl: 1.1037, acc: 0.9694, vq_inds: [10, 10, 10, 10], unique_vq_codes: 4200, unique_suffix_codes: 4200, logdet: 0.0000 
val ---  avg_loss: 6.1461, avg_recon_loss: 1.5758, avg_kl_loss: 24.2548, avg_vq_loss: 2.1448, ppl: 1.1358, acc: 0.9622, vq_inds: [10, 10, 10, 10], unique_vq_codes: 1231, unique_suffix_codes: 1231, val_unique_suffix_codes: 213 

epoch: 173,  avg_loss: 5.6664, avg_recon_loss: 1.0924, avg_kl_loss: 23.7876, avg_vq_loss: 2.1952, ppl: 1.0927, acc: 0.9725, vq_inds: [10, 10, 10, 10], unique_vq_codes: 4109, unique_suffix_codes: 4109, logdet: 0.0000 
val ---  avg_loss: 6.1000, avg_recon_loss: 1.5481, avg_kl_loss: 23.7496, avg_vq_loss: 2.1770, ppl: 1.1332, acc: 0.9629, vq_inds: [10, 10, 10, 10], unique_vq_codes: 1216, unique_suffix_codes: 1216, val_unique_suffix_codes: 224 
update best loss 

epoch: 174,  avg_loss: 5.6698, avg_recon_loss: 1.0825, avg_kl_loss: 23.7873, avg_vq_loss: 2.2086, ppl: 1.0918, acc: 0.9725, vq_inds: [10, 10, 10, 10], unique_vq_codes: 4178, unique_suffix_codes: 4178, logdet: 0.0000 
val ---  avg_loss: 6.4213, avg_recon_loss: 1.7966, avg_kl_loss: 24.3095, avg_vq_loss: 2.1937, ppl: 1.1562, acc: 0.9571, vq_inds: [10, 10, 10, 10], unique_vq_codes: 1238, unique_suffix_codes: 1238, val_unique_suffix_codes: 212 

epoch: 175,  avg_loss: 5.7105, avg_recon_loss: 1.1263, avg_kl_loss: 23.6887, avg_vq_loss: 2.2154, ppl: 1.0957, acc: 0.9715, vq_inds: [10, 10, 10, 10], unique_vq_codes: 4174, unique_suffix_codes: 4174, logdet: 0.0000 
val ---  avg_loss: 6.9649, avg_recon_loss: 2.2934, avg_kl_loss: 25.0806, avg_vq_loss: 2.1634, ppl: 1.2036, acc: 0.9455, vq_inds: [10, 10, 10, 10], unique_vq_codes: 1241, unique_suffix_codes: 1241, val_unique_suffix_codes: 240 

epoch: 176,  avg_loss: 6.0064, avg_recon_loss: 1.3076, avg_kl_loss: 24.8243, avg_vq_loss: 2.2164, ppl: 1.1119, acc: 0.9671, vq_inds: [10, 10, 10, 10], unique_vq_codes: 4173, unique_suffix_codes: 4173, logdet: 0.0000 
val ---  avg_loss: 6.5074, avg_recon_loss: 1.7656, avg_kl_loss: 25.6638, avg_vq_loss: 2.1753, ppl: 1.1533, acc: 0.9581, vq_inds: [10, 10, 10, 10], unique_vq_codes: 1216, unique_suffix_codes: 1216, val_unique_suffix_codes: 219 

epoch: 177,  avg_loss: 5.8059, avg_recon_loss: 1.1749, avg_kl_loss: 24.1696, avg_vq_loss: 2.2141, ppl: 1.1000, acc: 0.9703, vq_inds: [10, 10, 10, 10], unique_vq_codes: 4098, unique_suffix_codes: 4098, logdet: 0.0000 
val ---  avg_loss: 6.2201, avg_recon_loss: 1.7162, avg_kl_loss: 23.3111, avg_vq_loss: 2.1728, ppl: 1.1487, acc: 0.9595, vq_inds: [10, 10, 10, 10], unique_vq_codes: 1240, unique_suffix_codes: 1240, val_unique_suffix_codes: 220 

epoch: 178,  avg_loss: 5.7997, avg_recon_loss: 1.1996, avg_kl_loss: 23.8644, avg_vq_loss: 2.2136, ppl: 1.1022, acc: 0.9695, vq_inds: [10, 10, 10, 10], unique_vq_codes: 4142, unique_suffix_codes: 4142, logdet: 0.0000 
val ---  avg_loss: 6.2975, avg_recon_loss: 1.7194, avg_kl_loss: 23.9947, avg_vq_loss: 2.1786, ppl: 1.1490, acc: 0.9575, vq_inds: [10, 10, 10, 10], unique_vq_codes: 1226, unique_suffix_codes: 1226, val_unique_suffix_codes: 230 

epoch: 179,  avg_loss: 6.3527, avg_recon_loss: 1.5259, avg_kl_loss: 26.1032, avg_vq_loss: 2.2164, ppl: 1.1318, acc: 0.9610, vq_inds: [10, 10, 10, 10], unique_vq_codes: 4062, unique_suffix_codes: 4062, logdet: 0.0000 
val ---  avg_loss: 6.3988, avg_recon_loss: 1.7957, avg_kl_loss: 24.3126, avg_vq_loss: 2.1719, ppl: 1.1561, acc: 0.9565, vq_inds: [10, 10, 10, 10], unique_vq_codes: 1209, unique_suffix_codes: 1209, val_unique_suffix_codes: 210 

epoch: 180,  avg_loss: 5.8927, avg_recon_loss: 1.2320, avg_kl_loss: 24.4983, avg_vq_loss: 2.2109, ppl: 1.1051, acc: 0.9683, vq_inds: [10, 10, 10, 10], unique_vq_codes: 4099, unique_suffix_codes: 4099, logdet: 0.0000 
val ---  avg_loss: 6.3083, avg_recon_loss: 1.7221, avg_kl_loss: 23.8920, avg_vq_loss: 2.1970, ppl: 1.1493, acc: 0.9579, vq_inds: [10, 10, 10, 10], unique_vq_codes: 1206, unique_suffix_codes: 1206, val_unique_suffix_codes: 195 

epoch: 181,  avg_loss: 5.8406, avg_recon_loss: 1.1823, avg_kl_loss: 24.4509, avg_vq_loss: 2.2131, ppl: 1.1007, acc: 0.9704, vq_inds: [10, 10, 10, 10], unique_vq_codes: 4023, unique_suffix_codes: 4023, logdet: 0.0000 
val ---  avg_loss: 6.2396, avg_recon_loss: 1.5452, avg_kl_loss: 25.1056, avg_vq_loss: 2.1839, ppl: 1.1330, acc: 0.9633, vq_inds: [10, 10, 10, 10], unique_vq_codes: 1204, unique_suffix_codes: 1204, val_unique_suffix_codes: 201 

epoch: 182,  avg_loss: 5.7349, avg_recon_loss: 1.1129, avg_kl_loss: 24.0617, avg_vq_loss: 2.2158, ppl: 1.0945, acc: 0.9719, vq_inds: [10, 10, 10, 10], unique_vq_codes: 4030, unique_suffix_codes: 4030, logdet: 0.0000 
val ---  avg_loss: 6.3751, avg_recon_loss: 1.7491, avg_kl_loss: 24.2171, avg_vq_loss: 2.2043, ppl: 1.1518, acc: 0.9582, vq_inds: [10, 10, 10, 10], unique_vq_codes: 1226, unique_suffix_codes: 1226, val_unique_suffix_codes: 229 

epoch: 183,  avg_loss: 5.7646, avg_recon_loss: 1.1033, avg_kl_loss: 24.4618, avg_vq_loss: 2.2151, ppl: 1.0936, acc: 0.9724, vq_inds: [10, 10, 10, 10], unique_vq_codes: 4111, unique_suffix_codes: 4111, logdet: 0.0000 
val ---  avg_loss: 6.1697, avg_recon_loss: 1.6883, avg_kl_loss: 23.3643, avg_vq_loss: 2.1450, ppl: 1.1461, acc: 0.9600, vq_inds: [10, 10, 10, 10], unique_vq_codes: 1204, unique_suffix_codes: 1204, val_unique_suffix_codes: 207 

epoch: 184,  avg_loss: 5.9140, avg_recon_loss: 1.2607, avg_kl_loss: 24.3788, avg_vq_loss: 2.2154, ppl: 1.1077, acc: 0.9684, vq_inds: [10, 10, 10, 10], unique_vq_codes: 4065, unique_suffix_codes: 4065, logdet: 0.0000 
val ---  avg_loss: 6.3407, avg_recon_loss: 1.6683, avg_kl_loss: 24.6974, avg_vq_loss: 2.2027, ppl: 1.1443, acc: 0.9593, vq_inds: [10, 10, 10, 10], unique_vq_codes: 1205, unique_suffix_codes: 1205, val_unique_suffix_codes: 220 

epoch: 185,  avg_loss: 5.8450, avg_recon_loss: 1.1849, avg_kl_loss: 24.3391, avg_vq_loss: 2.2262, ppl: 1.1009, acc: 0.9700, vq_inds: [10, 10, 10, 10], unique_vq_codes: 4086, unique_suffix_codes: 4086, logdet: 0.0000 
val ---  avg_loss: 6.3908, avg_recon_loss: 1.6362, avg_kl_loss: 25.5179, avg_vq_loss: 2.2028, ppl: 1.1413, acc: 0.9607, vq_inds: [10, 10, 10, 10], unique_vq_codes: 1220, unique_suffix_codes: 1220, val_unique_suffix_codes: 239 

epoch: 186,  avg_loss: 5.7191, avg_recon_loss: 1.1151, avg_kl_loss: 24.1378, avg_vq_loss: 2.1902, ppl: 1.0947, acc: 0.9721, vq_inds: [10, 10, 10, 10], unique_vq_codes: 4033, unique_suffix_codes: 4033, logdet: 0.0000 
val ---  avg_loss: 6.4795, avg_recon_loss: 1.8602, avg_kl_loss: 24.6983, avg_vq_loss: 2.1495, ppl: 1.1622, acc: 0.9558, vq_inds: [10, 10, 10, 10], unique_vq_codes: 1232, unique_suffix_codes: 1232, val_unique_suffix_codes: 213 

epoch: 187,  avg_loss: 5.8660, avg_recon_loss: 1.1562, avg_kl_loss: 24.9840, avg_vq_loss: 2.2114, ppl: 1.0983, acc: 0.9708, vq_inds: [10, 10, 10, 10], unique_vq_codes: 4129, unique_suffix_codes: 4129, logdet: 0.0000 
val ---  avg_loss: 6.1139, avg_recon_loss: 1.5623, avg_kl_loss: 23.6247, avg_vq_loss: 2.1891, ppl: 1.1345, acc: 0.9629, vq_inds: [10, 10, 10, 10], unique_vq_codes: 1244, unique_suffix_codes: 1244, val_unique_suffix_codes: 190 

epoch: 188,  avg_loss: 5.5400, avg_recon_loss: 1.0208, avg_kl_loss: 23.1835, avg_vq_loss: 2.2009, ppl: 1.0863, acc: 0.9744, vq_inds: [10, 10, 10, 10], unique_vq_codes: 4101, unique_suffix_codes: 4101, logdet: 0.0000 
val ---  avg_loss: 6.1215, avg_recon_loss: 1.5977, avg_kl_loss: 23.3157, avg_vq_loss: 2.1922, ppl: 1.1378, acc: 0.9626, vq_inds: [10, 10, 10, 10], unique_vq_codes: 1245, unique_suffix_codes: 1245, val_unique_suffix_codes: 212 

epoch: 189,  avg_loss: 5.6056, avg_recon_loss: 1.0596, avg_kl_loss: 23.2790, avg_vq_loss: 2.2181, ppl: 1.0898, acc: 0.9734, vq_inds: [10, 10, 10, 10], unique_vq_codes: 4069, unique_suffix_codes: 4069, logdet: 0.0000 
val ---  avg_loss: 6.1471, avg_recon_loss: 1.5672, avg_kl_loss: 24.0882, avg_vq_loss: 2.1710, ppl: 1.1350, acc: 0.9627, vq_inds: [10, 10, 10, 10], unique_vq_codes: 1236, unique_suffix_codes: 1236, val_unique_suffix_codes: 222 

epoch: 190,  avg_loss: 5.6013, avg_recon_loss: 1.0598, avg_kl_loss: 23.1709, avg_vq_loss: 2.2244, ppl: 1.0898, acc: 0.9735, vq_inds: [10, 10, 10, 10], unique_vq_codes: 4098, unique_suffix_codes: 4098, logdet: 0.0000 
val ---  avg_loss: 6.2451, avg_recon_loss: 1.6002, avg_kl_loss: 24.4363, avg_vq_loss: 2.2013, ppl: 1.1380, acc: 0.9618, vq_inds: [10, 10, 10, 10], unique_vq_codes: 1239, unique_suffix_codes: 1239, val_unique_suffix_codes: 211 

epoch: 191,  avg_loss: 5.7257, avg_recon_loss: 1.1058, avg_kl_loss: 23.8532, avg_vq_loss: 2.2346, ppl: 1.0938, acc: 0.9724, vq_inds: [10, 10, 10, 10], unique_vq_codes: 4162, unique_suffix_codes: 4162, logdet: 0.0000 
val ---  avg_loss: 6.1651, avg_recon_loss: 1.6118, avg_kl_loss: 23.7581, avg_vq_loss: 2.1775, ppl: 1.1391, acc: 0.9622, vq_inds: [10, 10, 10, 10], unique_vq_codes: 1201, unique_suffix_codes: 1201, val_unique_suffix_codes: 178 

epoch: 192,  avg_loss: 5.6163, avg_recon_loss: 1.0468, avg_kl_loss: 23.5727, avg_vq_loss: 2.2123, ppl: 1.0886, acc: 0.9737, vq_inds: [10, 10, 10, 10], unique_vq_codes: 4092, unique_suffix_codes: 4092, logdet: 0.0000 
val ---  avg_loss: 6.1010, avg_recon_loss: 1.5661, avg_kl_loss: 23.7166, avg_vq_loss: 2.1632, ppl: 1.1349, acc: 0.9640, vq_inds: [10, 10, 10, 10], unique_vq_codes: 1246, unique_suffix_codes: 1246, val_unique_suffix_codes: 226 

epoch: 193,  avg_loss: 5.5792, avg_recon_loss: 1.0238, avg_kl_loss: 23.3306, avg_vq_loss: 2.2224, ppl: 1.0866, acc: 0.9744, vq_inds: [10, 10, 10, 10], unique_vq_codes: 4140, unique_suffix_codes: 4140, logdet: 0.0000 
val ---  avg_loss: 6.0553, avg_recon_loss: 1.6431, avg_kl_loss: 22.6287, avg_vq_loss: 2.1493, ppl: 1.1420, acc: 0.9628, vq_inds: [10, 10, 10, 10], unique_vq_codes: 1229, unique_suffix_codes: 1229, val_unique_suffix_codes: 224 
update best loss 

epoch: 194,  avg_loss: 5.5812, avg_recon_loss: 1.0604, avg_kl_loss: 23.1258, avg_vq_loss: 2.2083, ppl: 1.0898, acc: 0.9735, vq_inds: [10, 10, 10, 10], unique_vq_codes: 4113, unique_suffix_codes: 4113, logdet: 0.0000 
val ---  avg_loss: 6.0201, avg_recon_loss: 1.5398, avg_kl_loss: 23.0607, avg_vq_loss: 2.1742, ppl: 1.1325, acc: 0.9646, vq_inds: [10, 10, 10, 10], unique_vq_codes: 1235, unique_suffix_codes: 1235, val_unique_suffix_codes: 209 
update best loss 

epoch: 195,  avg_loss: 5.5766, avg_recon_loss: 1.0240, avg_kl_loss: 23.2175, avg_vq_loss: 2.2308, ppl: 1.0866, acc: 0.9738, vq_inds: [10, 10, 10, 10], unique_vq_codes: 4171, unique_suffix_codes: 4171, logdet: 0.0000 
val ---  avg_loss: 6.2139, avg_recon_loss: 1.6394, avg_kl_loss: 23.7210, avg_vq_loss: 2.2023, ppl: 1.1416, acc: 0.9618, vq_inds: [10, 10, 10, 10], unique_vq_codes: 1253, unique_suffix_codes: 1253, val_unique_suffix_codes: 206 

epoch: 196,  avg_loss: 5.6828, avg_recon_loss: 1.0787, avg_kl_loss: 23.8707, avg_vq_loss: 2.2170, ppl: 1.0914, acc: 0.9727, vq_inds: [10, 10, 10, 10], unique_vq_codes: 4152, unique_suffix_codes: 4152, logdet: 0.0000 
val ---  avg_loss: 6.1507, avg_recon_loss: 1.6364, avg_kl_loss: 23.5875, avg_vq_loss: 2.1556, ppl: 1.1413, acc: 0.9614, vq_inds: [10, 10, 10, 10], unique_vq_codes: 1228, unique_suffix_codes: 1228, val_unique_suffix_codes: 213 

epoch: 197,  avg_loss: 5.6555, avg_recon_loss: 1.0864, avg_kl_loss: 23.5381, avg_vq_loss: 2.2153, ppl: 1.0921, acc: 0.9728, vq_inds: [10, 10, 10, 10], unique_vq_codes: 4178, unique_suffix_codes: 4178, logdet: 0.0000 
val ---  avg_loss: 6.1251, avg_recon_loss: 1.6114, avg_kl_loss: 23.4644, avg_vq_loss: 2.1673, ppl: 1.1390, acc: 0.9605, vq_inds: [10, 10, 10, 10], unique_vq_codes: 1246, unique_suffix_codes: 1246, val_unique_suffix_codes: 207 

epoch: 198,  avg_loss: 5.7518, avg_recon_loss: 1.1173, avg_kl_loss: 24.0948, avg_vq_loss: 2.2251, ppl: 1.0949, acc: 0.9719, vq_inds: [10, 10, 10, 10], unique_vq_codes: 4216, unique_suffix_codes: 4216, logdet: 0.0000 
val ---  avg_loss: 8.0908, avg_recon_loss: 2.8029, avg_kl_loss: 30.4029, avg_vq_loss: 2.2476, ppl: 1.2541, acc: 0.9351, vq_inds: [10, 10, 10, 10], unique_vq_codes: 1252, unique_suffix_codes: 1252, val_unique_suffix_codes: 266 

epoch: 199,  avg_loss: 6.0748, avg_recon_loss: 1.2796, avg_kl_loss: 25.7996, avg_vq_loss: 2.2153, ppl: 1.1094, acc: 0.9674, vq_inds: [10, 10, 10, 10], unique_vq_codes: 4169, unique_suffix_codes: 4169, logdet: 0.0000 
val ---  avg_loss: 6.3316, avg_recon_loss: 1.6070, avg_kl_loss: 25.0873, avg_vq_loss: 2.2158, ppl: 1.1386, acc: 0.9614, vq_inds: [10, 10, 10, 10], unique_vq_codes: 1224, unique_suffix_codes: 1224, val_unique_suffix_codes: 239 
