VQVAE_2(
  (encoder): LSTMEncoder(
    (embed): Embedding(39, 512)
    (lstm): LSTM(512, 512, batch_first=True)
    (dropout_in): Dropout(p=0.0, inplace=False)
  )
  (decoder): LSTMDecoder(
    (embed): Embedding(39, 512, padding_idx=0)
    (dropout_in): Dropout(p=0.0, inplace=False)
    (dropout_out): Dropout(p=0.0, inplace=False)
    (lstm): LSTM(1024, 512, batch_first=True)
    (pred_linear): Linear(in_features=512, out_features=39, bias=False)
    (loss): CrossEntropyLoss()
  )
  (multi_vq_layer): MultiVectorQuantizer(
    (embedding_1): Embedding(12, 128)
    (embedding_2): Embedding(12, 128)
    (embedding_3): Embedding(12, 128)
    (embedding_4): Embedding(12, 128)
  )
)beta:0.25
----- Parameters: -----
encoder.embed.weight, torch.Size([39, 512]): True
encoder.lstm.weight_ih_l0, torch.Size([2048, 512]): True
encoder.lstm.weight_hh_l0, torch.Size([2048, 512]): True
encoder.lstm.bias_ih_l0, torch.Size([2048]): True
encoder.lstm.bias_hh_l0, torch.Size([2048]): True
decoder.embed.weight, torch.Size([39, 512]): True
decoder.lstm.weight_ih_l0, torch.Size([2048, 1024]): True
decoder.lstm.weight_hh_l0, torch.Size([2048, 512]): True
decoder.lstm.bias_ih_l0, torch.Size([2048]): True
decoder.lstm.bias_hh_l0, torch.Size([2048]): True
decoder.pred_linear.weight, torch.Size([39, 512]): True
multi_vq_layer.embedding_1.weight, torch.Size([12, 128]): True
multi_vq_layer.embedding_2.weight, torch.Size([12, 128]): True
multi_vq_layer.embedding_3.weight, torch.Size([12, 128]): True
multi_vq_layer.embedding_4.weight, torch.Size([12, 128]): True
Epoch 0, ppl: 1.0189,  recon_loss: 23.4575, vq_loss: 0.3165, acc: 0.3002
val -- ppl: 1.0208,  recon_loss: 21.2167, vq_loss: 0.7513, acc: 0.4109 
update best loss
Epoch 1, ppl: 1.0143,  recon_loss: 16.9599, vq_loss: 0.9981, acc: 0.4741
val -- ppl: 1.0172,  recon_loss: 16.7298, vq_loss: 1.4156, acc: 0.5239 
update best loss
Epoch 2, ppl: 1.0125,  recon_loss: 14.0925, vq_loss: 1.6893, acc: 0.5632
val -- ppl: 1.0168,  recon_loss: 15.6980, vq_loss: 2.0903, acc: 0.5580 
update best loss
Epoch 3, ppl: 1.0117,  recon_loss: 12.5097, vq_loss: 2.2450, acc: 0.6100
val -- ppl: 1.0150,  recon_loss: 13.4189, vq_loss: 2.4763, acc: 0.6194 
update best loss
Epoch 4, ppl: 1.0108,  recon_loss: 11.1120, vq_loss: 2.4601, acc: 0.6492
val -- ppl: 1.0141,  recon_loss: 12.3374, vq_loss: 2.5745, acc: 0.6471 
update best loss
Epoch 5, ppl: 1.0101,  recon_loss: 10.2274, vq_loss: 2.5697, acc: 0.6733
val -- ppl: 1.0137,  recon_loss: 11.8595, vq_loss: 2.6701, acc: 0.6590 
update best loss
Epoch 6, ppl: 1.0098,  recon_loss: 9.6913, vq_loss: 2.6596, acc: 0.6886
val -- ppl: 1.0134,  recon_loss: 11.4176, vq_loss: 2.7496, acc: 0.6715 
update best loss
Epoch 7, ppl: 1.0094,  recon_loss: 9.1268, vq_loss: 2.7322, acc: 0.7032
val -- ppl: 1.0132,  recon_loss: 11.2149, vq_loss: 2.7834, acc: 0.6805 
update best loss
Epoch 8, ppl: 1.0092,  recon_loss: 8.8340, vq_loss: 2.7857, acc: 0.7124
val -- ppl: 1.0133,  recon_loss: 11.2757, vq_loss: 2.8364, acc: 0.6784 
Epoch 9, ppl: 1.0090,  recon_loss: 8.5511, vq_loss: 2.8268, acc: 0.7197
val -- ppl: 1.0129,  recon_loss: 10.8354, vq_loss: 2.8703, acc: 0.6909 
update best loss
Epoch 10, ppl: 1.0088,  recon_loss: 8.2918, vq_loss: 2.8685, acc: 0.7273
val -- ppl: 1.0128,  recon_loss: 10.7178, vq_loss: 2.9011, acc: 0.6925 
update best loss
Epoch 11, ppl: 1.0087,  recon_loss: 8.0573, vq_loss: 2.8983, acc: 0.7338
val -- ppl: 1.0126,  recon_loss: 10.4547, vq_loss: 2.9262, acc: 0.6985 
update best loss
Epoch 12, ppl: 1.0086,  recon_loss: 7.9645, vq_loss: 2.9236, acc: 0.7363
val -- ppl: 1.0126,  recon_loss: 10.4156, vq_loss: 2.9517, acc: 0.6957 
update best loss
Epoch 13, ppl: 1.0085,  recon_loss: 7.7435, vq_loss: 2.9420, acc: 0.7420
val -- ppl: 1.0126,  recon_loss: 10.4281, vq_loss: 2.9726, acc: 0.6984 
Epoch 14, ppl: 1.0084,  recon_loss: 7.6924, vq_loss: 2.9664, acc: 0.7437
val -- ppl: 1.0124,  recon_loss: 10.1731, vq_loss: 2.9838, acc: 0.7019 
update best loss
Epoch 15, ppl: 1.0083,  recon_loss: 7.5250, vq_loss: 2.9860, acc: 0.7480
val -- ppl: 1.0124,  recon_loss: 10.1614, vq_loss: 3.0107, acc: 0.7051 
update best loss
Epoch 16, ppl: 1.0083,  recon_loss: 7.4227, vq_loss: 3.0076, acc: 0.7505
val -- ppl: 1.0124,  recon_loss: 10.1021, vq_loss: 3.0273, acc: 0.7038 
update best loss
Epoch 17, ppl: 1.0082,  recon_loss: 7.3568, vq_loss: 3.0168, acc: 0.7521
val -- ppl: 1.0124,  recon_loss: 10.1225, vq_loss: 3.0356, acc: 0.7053 
Epoch 18, ppl: 1.0081,  recon_loss: 7.2459, vq_loss: 3.0306, acc: 0.7550
val -- ppl: 1.0123,  recon_loss: 9.9613, vq_loss: 3.0603, acc: 0.7068 
update best loss
Epoch 19, ppl: 1.0081,  recon_loss: 7.2240, vq_loss: 3.0380, acc: 0.7561
val -- ppl: 1.0124,  recon_loss: 10.0753, vq_loss: 3.0675, acc: 0.7048 
Epoch 20, ppl: 1.0081,  recon_loss: 7.1566, vq_loss: 3.0537, acc: 0.7581
val -- ppl: 1.0124,  recon_loss: 10.0942, vq_loss: 3.0740, acc: 0.7052 
Epoch 21, ppl: 1.0081,  recon_loss: 7.1208, vq_loss: 3.0655, acc: 0.7587
val -- ppl: 1.0122,  recon_loss: 9.8743, vq_loss: 3.0922, acc: 0.7128 
update best loss
Epoch 22, ppl: 1.0080,  recon_loss: 6.9889, vq_loss: 3.0738, acc: 0.7625
val -- ppl: 1.0124,  recon_loss: 10.0518, vq_loss: 3.0814, acc: 0.7069 
Epoch 23, ppl: 1.0080,  recon_loss: 6.9658, vq_loss: 3.0830, acc: 0.7624
val -- ppl: 1.0124,  recon_loss: 10.0680, vq_loss: 3.1206, acc: 0.7114 
Epoch 24, ppl: 1.0080,  recon_loss: 6.9559, vq_loss: 3.0921, acc: 0.7634
val -- ppl: 1.0123,  recon_loss: 9.9689, vq_loss: 3.1210, acc: 0.7114 
Epoch 25, ppl: 1.0079,  recon_loss: 6.9057, vq_loss: 3.1039, acc: 0.7644
val -- ppl: 1.0123,  recon_loss: 9.9369, vq_loss: 3.1269, acc: 0.7127 
Epoch 26, ppl: 1.0080,  recon_loss: 6.9411, vq_loss: 3.1187, acc: 0.7628
val -- ppl: 1.0124,  recon_loss: 9.9609, vq_loss: 3.1331, acc: 0.7130 
Epoch 27, ppl: 1.0079,  recon_loss: 6.8229, vq_loss: 3.1268, acc: 0.7668
val -- ppl: 1.0126,  recon_loss: 10.2503, vq_loss: 3.1561, acc: 0.7059 
Epoch 28, ppl: 1.0079,  recon_loss: 6.8579, vq_loss: 3.1365, acc: 0.7650
val -- ppl: 1.0123,  recon_loss: 9.9407, vq_loss: 3.1402, acc: 0.7135 
Epoch 29, ppl: 1.0079,  recon_loss: 6.7728, vq_loss: 3.1396, acc: 0.7677
val -- ppl: 1.0122,  recon_loss: 9.8021, vq_loss: 3.1532, acc: 0.7151 
update best loss
Epoch 30, ppl: 1.0078,  recon_loss: 6.7259, vq_loss: 3.1491, acc: 0.7694
val -- ppl: 1.0122,  recon_loss: 9.7827, vq_loss: 3.1576, acc: 0.7170 
update best loss
Epoch 31, ppl: 1.0078,  recon_loss: 6.6917, vq_loss: 3.1539, acc: 0.7701
val -- ppl: 1.0123,  recon_loss: 9.8291, vq_loss: 3.1668, acc: 0.7117 
Epoch 32, ppl: 1.0077,  recon_loss: 6.5871, vq_loss: 3.1577, acc: 0.7740
val -- ppl: 1.0124,  recon_loss: 9.9498, vq_loss: 3.1842, acc: 0.7113 
Epoch 33, ppl: 1.0077,  recon_loss: 6.5838, vq_loss: 3.1633, acc: 0.7730
val -- ppl: 1.0123,  recon_loss: 9.8882, vq_loss: 3.1787, acc: 0.7146 
Epoch 34, ppl: 1.0077,  recon_loss: 6.6124, vq_loss: 3.1682, acc: 0.7732
val -- ppl: 1.0122,  recon_loss: 9.7882, vq_loss: 3.1745, acc: 0.7158 
Epoch 35, ppl: 1.0076,  recon_loss: 6.4807, vq_loss: 3.1686, acc: 0.7759
val -- ppl: 1.0122,  recon_loss: 9.7380, vq_loss: 3.1915, acc: 0.7152 
update best loss
Epoch 36, ppl: 1.0076,  recon_loss: 6.4633, vq_loss: 3.1826, acc: 0.7767
val -- ppl: 1.0123,  recon_loss: 9.7941, vq_loss: 3.2008, acc: 0.7187 
Epoch 37, ppl: 1.0076,  recon_loss: 6.3969, vq_loss: 3.1904, acc: 0.7783
val -- ppl: 1.0122,  recon_loss: 9.7153, vq_loss: 3.2036, acc: 0.7154 
update best loss
Epoch 38, ppl: 1.0076,  recon_loss: 6.3883, vq_loss: 3.1975, acc: 0.7789
val -- ppl: 1.0125,  recon_loss: 10.0051, vq_loss: 3.2184, acc: 0.7130 
Epoch 39, ppl: 1.0076,  recon_loss: 6.3871, vq_loss: 3.2055, acc: 0.7794
val -- ppl: 1.0122,  recon_loss: 9.7400, vq_loss: 3.2106, acc: 0.7185 
Epoch 40, ppl: 1.0075,  recon_loss: 6.2969, vq_loss: 3.2112, acc: 0.7815
val -- ppl: 1.0124,  recon_loss: 9.9090, vq_loss: 3.2096, acc: 0.7180 
Epoch 41, ppl: 1.0075,  recon_loss: 6.3042, vq_loss: 3.2097, acc: 0.7808
val -- ppl: 1.0124,  recon_loss: 9.9172, vq_loss: 3.2155, acc: 0.7158 
Epoch 42, ppl: 1.0076,  recon_loss: 6.3380, vq_loss: 3.2112, acc: 0.7794
val -- ppl: 1.0125,  recon_loss: 10.0267, vq_loss: 3.2103, acc: 0.7130 
Epoch 43, ppl: 1.0076,  recon_loss: 6.3787, vq_loss: 3.2142, acc: 0.7783
val -- ppl: 1.0123,  recon_loss: 9.8252, vq_loss: 3.2392, acc: 0.7156 
Epoch 44, ppl: 1.0076,  recon_loss: 6.3503, vq_loss: 3.2150, acc: 0.7790
val -- ppl: 1.0123,  recon_loss: 9.8364, vq_loss: 3.2295, acc: 0.7178 
Epoch 45, ppl: 1.0076,  recon_loss: 6.3428, vq_loss: 3.2155, acc: 0.7794
val -- ppl: 1.0124,  recon_loss: 9.9129, vq_loss: 3.2424, acc: 0.7175 
Epoch 46, ppl: 1.0075,  recon_loss: 6.3022, vq_loss: 3.2282, acc: 0.7804
val -- ppl: 1.0123,  recon_loss: 9.7676, vq_loss: 3.2505, acc: 0.7176 
Epoch 47, ppl: 1.0075,  recon_loss: 6.2775, vq_loss: 3.2331, acc: 0.7819
val -- ppl: 1.0125,  recon_loss: 9.9570, vq_loss: 3.2615, acc: 0.7165 
Epoch 48, ppl: 1.0075,  recon_loss: 6.2788, vq_loss: 3.2412, acc: 0.7826
val -- ppl: 1.0123,  recon_loss: 9.7468, vq_loss: 3.2500, acc: 0.7203 
Epoch 49, ppl: 1.0075,  recon_loss: 6.2406, vq_loss: 3.2379, acc: 0.7833
val -- ppl: 1.0123,  recon_loss: 9.8320, vq_loss: 3.2511, acc: 0.7184 
Epoch 50, ppl: 1.0075,  recon_loss: 6.1969, vq_loss: 3.2385, acc: 0.7846
val -- ppl: 1.0124,  recon_loss: 9.9125, vq_loss: 3.2557, acc: 0.7154 
Epoch 51, ppl: 1.0075,  recon_loss: 6.2561, vq_loss: 3.2362, acc: 0.7823
val -- ppl: 1.0124,  recon_loss: 9.9162, vq_loss: 3.2458, acc: 0.7184 
Epoch 52, ppl: 1.0075,  recon_loss: 6.1655, vq_loss: 3.2489, acc: 0.7850
val -- ppl: 1.0124,  recon_loss: 9.8863, vq_loss: 3.2538, acc: 0.7171 
Epoch 53, ppl: 1.0075,  recon_loss: 6.1644, vq_loss: 3.2454, acc: 0.7846
val -- ppl: 1.0122,  recon_loss: 9.7093, vq_loss: 3.2552, acc: 0.7191 
update best loss
Epoch 54, ppl: 1.0074,  recon_loss: 6.1549, vq_loss: 3.2489, acc: 0.7855
val -- ppl: 1.0123,  recon_loss: 9.8370, vq_loss: 3.2493, acc: 0.7208 
Epoch 55, ppl: 1.0074,  recon_loss: 6.1082, vq_loss: 3.2503, acc: 0.7874
val -- ppl: 1.0124,  recon_loss: 9.9263, vq_loss: 3.2569, acc: 0.7155 
Epoch 56, ppl: 1.0074,  recon_loss: 6.1173, vq_loss: 3.2518, acc: 0.7868
val -- ppl: 1.0122,  recon_loss: 9.7117, vq_loss: 3.2582, acc: 0.7197 
Epoch 57, ppl: 1.0074,  recon_loss: 6.0335, vq_loss: 3.2510, acc: 0.7886
val -- ppl: 1.0124,  recon_loss: 9.8371, vq_loss: 3.2632, acc: 0.7181 
Epoch 58, ppl: 1.0074,  recon_loss: 6.0523, vq_loss: 3.2507, acc: 0.7880
val -- ppl: 1.0125,  recon_loss: 9.9734, vq_loss: 3.2502, acc: 0.7156 
Epoch 59, ppl: 1.0074,  recon_loss: 6.0420, vq_loss: 3.2518, acc: 0.7885
val -- ppl: 1.0122,  recon_loss: 9.6735, vq_loss: 3.2604, acc: 0.7225 
update best loss
Epoch 60, ppl: 1.0073,  recon_loss: 5.9842, vq_loss: 3.2580, acc: 0.7901
val -- ppl: 1.0123,  recon_loss: 9.7227, vq_loss: 3.2659, acc: 0.7195 
Epoch 61, ppl: 1.0073,  recon_loss: 5.9893, vq_loss: 3.2590, acc: 0.7901
val -- ppl: 1.0122,  recon_loss: 9.7151, vq_loss: 3.2706, acc: 0.7197 
Epoch 62, ppl: 1.0073,  recon_loss: 5.9467, vq_loss: 3.2594, acc: 0.7919
val -- ppl: 1.0125,  recon_loss: 9.9826, vq_loss: 3.2811, acc: 0.7167 
Epoch 63, ppl: 1.0073,  recon_loss: 5.9343, vq_loss: 3.2679, acc: 0.7918
val -- ppl: 1.0126,  recon_loss: 10.0842, vq_loss: 3.2912, acc: 0.7187 
Epoch 64, ppl: 1.0073,  recon_loss: 5.9028, vq_loss: 3.2719, acc: 0.7925
val -- ppl: 1.0124,  recon_loss: 9.8865, vq_loss: 3.2900, acc: 0.7203 
Epoch 65, ppl: 1.0073,  recon_loss: 5.8931, vq_loss: 3.2735, acc: 0.7926
val -- ppl: 1.0124,  recon_loss: 9.8853, vq_loss: 3.2956, acc: 0.7199 
Epoch 66, ppl: 1.0073,  recon_loss: 5.8885, vq_loss: 3.2766, acc: 0.7938
val -- ppl: 1.0125,  recon_loss: 9.9318, vq_loss: 3.2936, acc: 0.7179 
Epoch 67, ppl: 1.0072,  recon_loss: 5.8757, vq_loss: 3.2779, acc: 0.7944
val -- ppl: 1.0125,  recon_loss: 9.9314, vq_loss: 3.2962, acc: 0.7183 
Epoch 68, ppl: 1.0072,  recon_loss: 5.8604, vq_loss: 3.2820, acc: 0.7945
val -- ppl: 1.0126,  recon_loss: 10.0814, vq_loss: 3.3071, acc: 0.7151 
Epoch 69, ppl: 1.0073,  recon_loss: 5.9045, vq_loss: 3.2903, acc: 0.7935
val -- ppl: 1.0125,  recon_loss: 9.9328, vq_loss: 3.3162, acc: 0.7190 
Epoch 70, ppl: 1.0073,  recon_loss: 5.9032, vq_loss: 3.2960, acc: 0.7921
val -- ppl: 1.0125,  recon_loss: 9.8965, vq_loss: 3.3078, acc: 0.7200 
Epoch 71, ppl: 1.0073,  recon_loss: 5.9088, vq_loss: 3.2983, acc: 0.7922
val -- ppl: 1.0127,  recon_loss: 10.1430, vq_loss: 3.3173, acc: 0.7166 
Epoch 72, ppl: 1.0073,  recon_loss: 5.9286, vq_loss: 3.2929, acc: 0.7929
val -- ppl: 1.0125,  recon_loss: 9.8874, vq_loss: 3.3174, acc: 0.7162 
Epoch 73, ppl: 1.0073,  recon_loss: 5.9188, vq_loss: 3.2868, acc: 0.7911
val -- ppl: 1.0126,  recon_loss: 10.0406, vq_loss: 3.3109, acc: 0.7191 
Epoch 74, ppl: 1.0073,  recon_loss: 5.8846, vq_loss: 3.2840, acc: 0.7934
val -- ppl: 1.0125,  recon_loss: 9.9846, vq_loss: 3.3105, acc: 0.7163 
Epoch 75, ppl: 1.0072,  recon_loss: 5.8552, vq_loss: 3.2900, acc: 0.7943
val -- ppl: 1.0125,  recon_loss: 9.9461, vq_loss: 3.3027, acc: 0.7200 
Epoch 76, ppl: 1.0072,  recon_loss: 5.8376, vq_loss: 3.2951, acc: 0.7943
val -- ppl: 1.0126,  recon_loss: 10.0012, vq_loss: 3.3111, acc: 0.7195 
Epoch 77, ppl: 1.0072,  recon_loss: 5.8248, vq_loss: 3.2975, acc: 0.7953
val -- ppl: 1.0126,  recon_loss: 10.0234, vq_loss: 3.3135, acc: 0.7194 
Epoch 78, ppl: 1.0072,  recon_loss: 5.7958, vq_loss: 3.3062, acc: 0.7954
val -- ppl: 1.0125,  recon_loss: 9.9627, vq_loss: 3.3251, acc: 0.7215 
Epoch 79, ppl: 1.0072,  recon_loss: 5.7953, vq_loss: 3.3092, acc: 0.7957
val -- ppl: 1.0125,  recon_loss: 9.9473, vq_loss: 3.3202, acc: 0.7208 
Epoch 80, ppl: 1.0072,  recon_loss: 5.8315, vq_loss: 3.3125, acc: 0.7949
val -- ppl: 1.0126,  recon_loss: 10.0486, vq_loss: 3.3339, acc: 0.7175 
Epoch 81, ppl: 1.0073,  recon_loss: 5.8515, vq_loss: 3.3098, acc: 0.7940
val -- ppl: 1.0127,  recon_loss: 10.0870, vq_loss: 3.3354, acc: 0.7189 
Epoch 82, ppl: 1.0072,  recon_loss: 5.8251, vq_loss: 3.3109, acc: 0.7938
val -- ppl: 1.0125,  recon_loss: 9.9454, vq_loss: 3.3308, acc: 0.7211 
Epoch 83, ppl: 1.0072,  recon_loss: 5.8176, vq_loss: 3.3104, acc: 0.7948
val -- ppl: 1.0127,  recon_loss: 10.1081, vq_loss: 3.3296, acc: 0.7203 
Epoch 84, ppl: 1.0072,  recon_loss: 5.8363, vq_loss: 3.3160, acc: 0.7937
val -- ppl: 1.0126,  recon_loss: 10.0250, vq_loss: 3.3427, acc: 0.7199 
Epoch 85, ppl: 1.0072,  recon_loss: 5.7914, vq_loss: 3.3225, acc: 0.7952
val -- ppl: 1.0128,  recon_loss: 10.1957, vq_loss: 3.3379, acc: 0.7184 
Epoch 86, ppl: 1.0072,  recon_loss: 5.8003, vq_loss: 3.3200, acc: 0.7949
val -- ppl: 1.0126,  recon_loss: 10.0683, vq_loss: 3.3386, acc: 0.7189 
Epoch 87, ppl: 1.0073,  recon_loss: 5.8881, vq_loss: 3.3230, acc: 0.7923
val -- ppl: 1.0127,  recon_loss: 10.1310, vq_loss: 3.3407, acc: 0.7170 
Epoch 88, ppl: 1.0072,  recon_loss: 5.8125, vq_loss: 3.3250, acc: 0.7946
val -- ppl: 1.0125,  recon_loss: 9.9325, vq_loss: 3.3491, acc: 0.7199 
Epoch 89, ppl: 1.0072,  recon_loss: 5.7785, vq_loss: 3.3268, acc: 0.7965
val -- ppl: 1.0127,  recon_loss: 10.1150, vq_loss: 3.3378, acc: 0.7190 
Epoch 90, ppl: 1.0072,  recon_loss: 5.7383, vq_loss: 3.3321, acc: 0.7970
val -- ppl: 1.0126,  recon_loss: 10.0085, vq_loss: 3.3431, acc: 0.7195 
Epoch 91, ppl: 1.0072,  recon_loss: 5.7787, vq_loss: 3.3325, acc: 0.7961
val -- ppl: 1.0127,  recon_loss: 10.1089, vq_loss: 3.3572, acc: 0.7185 
Epoch 92, ppl: 1.0072,  recon_loss: 5.7758, vq_loss: 3.3326, acc: 0.7952
val -- ppl: 1.0128,  recon_loss: 10.2281, vq_loss: 3.3508, acc: 0.7171 
Epoch 93, ppl: 1.0072,  recon_loss: 5.7599, vq_loss: 3.3335, acc: 0.7962
val -- ppl: 1.0127,  recon_loss: 10.1046, vq_loss: 3.3601, acc: 0.7180 
Epoch 94, ppl: 1.0072,  recon_loss: 5.7265, vq_loss: 3.3359, acc: 0.7977
val -- ppl: 1.0127,  recon_loss: 10.1381, vq_loss: 3.3611, acc: 0.7202 
Epoch 95, ppl: 1.0072,  recon_loss: 5.7425, vq_loss: 3.3416, acc: 0.7966
val -- ppl: 1.0128,  recon_loss: 10.2405, vq_loss: 3.3684, acc: 0.7184 
Epoch 96, ppl: 1.0072,  recon_loss: 5.7260, vq_loss: 3.3475, acc: 0.7974
val -- ppl: 1.0128,  recon_loss: 10.2110, vq_loss: 3.3761, acc: 0.7191 
Epoch 97, ppl: 1.0071,  recon_loss: 5.6783, vq_loss: 3.3476, acc: 0.7994
val -- ppl: 1.0127,  recon_loss: 10.0941, vq_loss: 3.3687, acc: 0.7203 
Epoch 98, ppl: 1.0071,  recon_loss: 5.6362, vq_loss: 3.3525, acc: 0.7995
val -- ppl: 1.0129,  recon_loss: 10.2574, vq_loss: 3.3696, acc: 0.7189 
Epoch 99, ppl: 1.0071,  recon_loss: 5.6448, vq_loss: 3.3531, acc: 0.7997
val -- ppl: 1.0127,  recon_loss: 10.0599, vq_loss: 3.3820, acc: 0.7201 
Epoch 100, ppl: 1.0071,  recon_loss: 5.6259, vq_loss: 3.3553, acc: 0.8003
val -- ppl: 1.0128,  recon_loss: 10.2041, vq_loss: 3.3840, acc: 0.7171 
Epoch 101, ppl: 1.0071,  recon_loss: 5.6138, vq_loss: 3.3609, acc: 0.8009
val -- ppl: 1.0128,  recon_loss: 10.1643, vq_loss: 3.3753, acc: 0.7145 
Epoch 102, ppl: 1.0071,  recon_loss: 5.6298, vq_loss: 3.3612, acc: 0.8001
val -- ppl: 1.0128,  recon_loss: 10.1593, vq_loss: 3.3839, acc: 0.7184 
Epoch 103, ppl: 1.0071,  recon_loss: 5.6054, vq_loss: 3.3618, acc: 0.8001
val -- ppl: 1.0127,  recon_loss: 10.1049, vq_loss: 3.3788, acc: 0.7194 
Epoch 104, ppl: 1.0071,  recon_loss: 5.6309, vq_loss: 3.3602, acc: 0.7997
val -- ppl: 1.0127,  recon_loss: 10.1052, vq_loss: 3.3689, acc: 0.7201 
Epoch 105, ppl: 1.0071,  recon_loss: 5.6534, vq_loss: 3.3567, acc: 0.7990
val -- ppl: 1.0127,  recon_loss: 10.0939, vq_loss: 3.3584, acc: 0.7176 
Epoch 106, ppl: 1.0071,  recon_loss: 5.6283, vq_loss: 3.3544, acc: 0.8009
val -- ppl: 1.0127,  recon_loss: 10.0721, vq_loss: 3.3715, acc: 0.7196 
Epoch 107, ppl: 1.0071,  recon_loss: 5.6085, vq_loss: 3.3497, acc: 0.8015
val -- ppl: 1.0126,  recon_loss: 10.0052, vq_loss: 3.3589, acc: 0.7189 
Epoch 108, ppl: 1.0071,  recon_loss: 5.6195, vq_loss: 3.3519, acc: 0.8007
val -- ppl: 1.0126,  recon_loss: 9.9826, vq_loss: 3.3681, acc: 0.7220 
Epoch 109, ppl: 1.0072,  recon_loss: 5.6843, vq_loss: 3.3499, acc: 0.7995
val -- ppl: 1.0126,  recon_loss: 10.0186, vq_loss: 3.3674, acc: 0.7211 
Epoch 110, ppl: 1.0071,  recon_loss: 5.5842, vq_loss: 3.3556, acc: 0.8021
val -- ppl: 1.0127,  recon_loss: 10.0786, vq_loss: 3.3757, acc: 0.7204 
Epoch 111, ppl: 1.0070,  recon_loss: 5.5372, vq_loss: 3.3602, acc: 0.8031
val -- ppl: 1.0127,  recon_loss: 10.0997, vq_loss: 3.3793, acc: 0.7203 
Epoch 112, ppl: 1.0070,  recon_loss: 5.5357, vq_loss: 3.3633, acc: 0.8035
val -- ppl: 1.0128,  recon_loss: 10.1712, vq_loss: 3.3869, acc: 0.7190 
Epoch 113, ppl: 1.0070,  recon_loss: 5.5034, vq_loss: 3.3640, acc: 0.8041
val -- ppl: 1.0127,  recon_loss: 10.0405, vq_loss: 3.3915, acc: 0.7207 
Epoch 114, ppl: 1.0070,  recon_loss: 5.4704, vq_loss: 3.3682, acc: 0.8050
val -- ppl: 1.0129,  recon_loss: 10.2423, vq_loss: 3.3941, acc: 0.7200 
Epoch 115, ppl: 1.0070,  recon_loss: 5.4726, vq_loss: 3.3720, acc: 0.8059
val -- ppl: 1.0129,  recon_loss: 10.2810, vq_loss: 3.3913, acc: 0.7191 
Epoch 116, ppl: 1.0070,  recon_loss: 5.4817, vq_loss: 3.3769, acc: 0.8047
val -- ppl: 1.0130,  recon_loss: 10.3505, vq_loss: 3.3978, acc: 0.7193 
Epoch 117, ppl: 1.0070,  recon_loss: 5.4960, vq_loss: 3.3771, acc: 0.8049
val -- ppl: 1.0129,  recon_loss: 10.3103, vq_loss: 3.3937, acc: 0.7163 
Epoch 118, ppl: 1.0070,  recon_loss: 5.5165, vq_loss: 3.3776, acc: 0.8036
val -- ppl: 1.0128,  recon_loss: 10.2055, vq_loss: 3.3978, acc: 0.7179 
Epoch 119, ppl: 1.0070,  recon_loss: 5.5077, vq_loss: 3.3774, acc: 0.8039
val -- ppl: 1.0131,  recon_loss: 10.5171, vq_loss: 3.3981, acc: 0.7143 
Epoch 120, ppl: 1.0070,  recon_loss: 5.5169, vq_loss: 3.3818, acc: 0.8029
val -- ppl: 1.0131,  recon_loss: 10.4398, vq_loss: 3.3998, acc: 0.7141 
Epoch 121, ppl: 1.0071,  recon_loss: 5.5369, vq_loss: 3.3850, acc: 0.8028
val -- ppl: 1.0131,  recon_loss: 10.4824, vq_loss: 3.4059, acc: 0.7146 
Epoch 122, ppl: 1.0071,  recon_loss: 5.5454, vq_loss: 3.3870, acc: 0.8017
val -- ppl: 1.0130,  recon_loss: 10.3666, vq_loss: 3.4077, acc: 0.7127 
Epoch 123, ppl: 1.0071,  recon_loss: 5.5152, vq_loss: 3.3894, acc: 0.8030
val -- ppl: 1.0128,  recon_loss: 10.1355, vq_loss: 3.4004, acc: 0.7180 
Epoch 124, ppl: 1.0070,  recon_loss: 5.5051, vq_loss: 3.3902, acc: 0.8032
val -- ppl: 1.0130,  recon_loss: 10.3534, vq_loss: 3.4015, acc: 0.7153 
Epoch 125, ppl: 1.0071,  recon_loss: 5.5344, vq_loss: 3.3929, acc: 0.8024
val -- ppl: 1.0128,  recon_loss: 10.2061, vq_loss: 3.3999, acc: 0.7188 
Epoch 126, ppl: 1.0070,  recon_loss: 5.4894, vq_loss: 3.3928, acc: 0.8040
val -- ppl: 1.0129,  recon_loss: 10.2438, vq_loss: 3.4021, acc: 0.7216 
Epoch 127, ppl: 1.0070,  recon_loss: 5.5074, vq_loss: 3.3940, acc: 0.8034
val -- ppl: 1.0130,  recon_loss: 10.3179, vq_loss: 3.4142, acc: 0.7182 
Epoch 128, ppl: 1.0071,  recon_loss: 5.5190, vq_loss: 3.3913, acc: 0.8026
val -- ppl: 1.0130,  recon_loss: 10.3367, vq_loss: 3.4015, acc: 0.7155 
Epoch 129, ppl: 1.0070,  recon_loss: 5.5039, vq_loss: 3.3804, acc: 0.8040
val -- ppl: 1.0130,  recon_loss: 10.3516, vq_loss: 3.3970, acc: 0.7174 
Epoch 130, ppl: 1.0071,  recon_loss: 5.5287, vq_loss: 3.3854, acc: 0.8024
val -- ppl: 1.0128,  recon_loss: 10.1664, vq_loss: 3.4152, acc: 0.7191 
Epoch 131, ppl: 1.0070,  recon_loss: 5.4666, vq_loss: 3.3916, acc: 0.8045
val -- ppl: 1.0129,  recon_loss: 10.2739, vq_loss: 3.4158, acc: 0.7181 
Epoch 132, ppl: 1.0070,  recon_loss: 5.4584, vq_loss: 3.3902, acc: 0.8056
val -- ppl: 1.0128,  recon_loss: 10.2033, vq_loss: 3.3998, acc: 0.7194 
Epoch 133, ppl: 1.0070,  recon_loss: 5.4474, vq_loss: 3.3827, acc: 0.8058
val -- ppl: 1.0129,  recon_loss: 10.3139, vq_loss: 3.3906, acc: 0.7164 
Epoch 134, ppl: 1.0070,  recon_loss: 5.4458, vq_loss: 3.3844, acc: 0.8055
val -- ppl: 1.0128,  recon_loss: 10.1589, vq_loss: 3.4009, acc: 0.7196 
Epoch 135, ppl: 1.0070,  recon_loss: 5.4298, vq_loss: 3.3890, acc: 0.8064
val -- ppl: 1.0130,  recon_loss: 10.3880, vq_loss: 3.4109, acc: 0.7173 
Epoch 136, ppl: 1.0070,  recon_loss: 5.4271, vq_loss: 3.3944, acc: 0.8062
val -- ppl: 1.0130,  recon_loss: 10.4032, vq_loss: 3.4131, acc: 0.7169 
Epoch 137, ppl: 1.0070,  recon_loss: 5.4279, vq_loss: 3.3968, acc: 0.8066
val -- ppl: 1.0130,  recon_loss: 10.3532, vq_loss: 3.4220, acc: 0.7160 
Epoch 138, ppl: 1.0070,  recon_loss: 5.4521, vq_loss: 3.4005, acc: 0.8058
val -- ppl: 1.0128,  recon_loss: 10.1159, vq_loss: 3.4225, acc: 0.7206 
Epoch 139, ppl: 1.0070,  recon_loss: 5.4270, vq_loss: 3.4038, acc: 0.8059
val -- ppl: 1.0130,  recon_loss: 10.3606, vq_loss: 3.4162, acc: 0.7160 
Epoch 140, ppl: 1.0070,  recon_loss: 5.4603, vq_loss: 3.4009, acc: 0.8044
val -- ppl: 1.0129,  recon_loss: 10.2688, vq_loss: 3.4194, acc: 0.7163 
Epoch 141, ppl: 1.0070,  recon_loss: 5.4530, vq_loss: 3.4002, acc: 0.8050
val -- ppl: 1.0129,  recon_loss: 10.2485, vq_loss: 3.4284, acc: 0.7199 
Epoch 142, ppl: 1.0070,  recon_loss: 5.4388, vq_loss: 3.4019, acc: 0.8056
val -- ppl: 1.0130,  recon_loss: 10.3573, vq_loss: 3.4298, acc: 0.7192 
Epoch 143, ppl: 1.0070,  recon_loss: 5.4553, vq_loss: 3.4014, acc: 0.8051
val -- ppl: 1.0129,  recon_loss: 10.2729, vq_loss: 3.4332, acc: 0.7198 
Epoch 144, ppl: 1.0070,  recon_loss: 5.4300, vq_loss: 3.4091, acc: 0.8057
val -- ppl: 1.0130,  recon_loss: 10.3583, vq_loss: 3.4367, acc: 0.7209 
Epoch 145, ppl: 1.0070,  recon_loss: 5.4463, vq_loss: 3.4104, acc: 0.8061
val -- ppl: 1.0129,  recon_loss: 10.2609, vq_loss: 3.4368, acc: 0.7224 
Epoch 146, ppl: 1.0070,  recon_loss: 5.4560, vq_loss: 3.4101, acc: 0.8056
val -- ppl: 1.0130,  recon_loss: 10.3729, vq_loss: 3.4343, acc: 0.7209 
Epoch 147, ppl: 1.0070,  recon_loss: 5.4270, vq_loss: 3.4108, acc: 0.8068
val -- ppl: 1.0129,  recon_loss: 10.2600, vq_loss: 3.4284, acc: 0.7189 
Epoch 148, ppl: 1.0070,  recon_loss: 5.4153, vq_loss: 3.4100, acc: 0.8070
val -- ppl: 1.0129,  recon_loss: 10.2416, vq_loss: 3.4304, acc: 0.7230 
Epoch 149, ppl: 1.0070,  recon_loss: 5.3635, vq_loss: 3.4194, acc: 0.8083
val -- ppl: 1.0129,  recon_loss: 10.2810, vq_loss: 3.4315, acc: 0.7196 
Epoch 150, ppl: 1.0070,  recon_loss: 5.3576, vq_loss: 3.4252, acc: 0.8087
val -- ppl: 1.0129,  recon_loss: 10.2357, vq_loss: 3.4453, acc: 0.7225 
Epoch 151, ppl: 1.0070,  recon_loss: 5.3541, vq_loss: 3.4303, acc: 0.8092
val -- ppl: 1.0130,  recon_loss: 10.3291, vq_loss: 3.4349, acc: 0.7211 
Epoch 152, ppl: 1.0070,  recon_loss: 5.4246, vq_loss: 3.4303, acc: 0.8069
val -- ppl: 1.0130,  recon_loss: 10.3961, vq_loss: 3.4316, acc: 0.7207 
Epoch 153, ppl: 1.0070,  recon_loss: 5.4476, vq_loss: 3.4226, acc: 0.8051
val -- ppl: 1.0130,  recon_loss: 10.3771, vq_loss: 3.4287, acc: 0.7212 
Epoch 154, ppl: 1.0070,  recon_loss: 5.3854, vq_loss: 3.4212, acc: 0.8084
val -- ppl: 1.0131,  recon_loss: 10.4475, vq_loss: 3.4359, acc: 0.7194 
Epoch 155, ppl: 1.0070,  recon_loss: 5.3803, vq_loss: 3.4246, acc: 0.8071
val -- ppl: 1.0131,  recon_loss: 10.4285, vq_loss: 3.4446, acc: 0.7203 
Epoch 156, ppl: 1.0070,  recon_loss: 5.3656, vq_loss: 3.4245, acc: 0.8078
val -- ppl: 1.0130,  recon_loss: 10.3042, vq_loss: 3.4317, acc: 0.7219 
Epoch 157, ppl: 1.0069,  recon_loss: 5.3250, vq_loss: 3.4243, acc: 0.8097
val -- ppl: 1.0129,  recon_loss: 10.2488, vq_loss: 3.4394, acc: 0.7226 
Epoch 158, ppl: 1.0070,  recon_loss: 5.3612, vq_loss: 3.4267, acc: 0.8091
val -- ppl: 1.0129,  recon_loss: 10.2737, vq_loss: 3.4390, acc: 0.7204 
Epoch 159, ppl: 1.0070,  recon_loss: 5.3521, vq_loss: 3.4286, acc: 0.8094
val -- ppl: 1.0130,  recon_loss: 10.3164, vq_loss: 3.4507, acc: 0.7177 
Epoch 160, ppl: 1.0069,  recon_loss: 5.3359, vq_loss: 3.4322, acc: 0.8091
val -- ppl: 1.0130,  recon_loss: 10.3865, vq_loss: 3.4419, acc: 0.7177 
Epoch 161, ppl: 1.0069,  recon_loss: 5.3435, vq_loss: 3.4332, acc: 0.8090
val -- ppl: 1.0130,  recon_loss: 10.3271, vq_loss: 3.4501, acc: 0.7192 
Epoch 162, ppl: 1.0069,  recon_loss: 5.3375, vq_loss: 3.4309, acc: 0.8096
val -- ppl: 1.0130,  recon_loss: 10.3093, vq_loss: 3.4503, acc: 0.7196 
Epoch 163, ppl: 1.0070,  recon_loss: 5.3542, vq_loss: 3.4316, acc: 0.8087
val -- ppl: 1.0130,  recon_loss: 10.3233, vq_loss: 3.4471, acc: 0.7209 
Epoch 164, ppl: 1.0070,  recon_loss: 5.3500, vq_loss: 3.4349, acc: 0.8088
val -- ppl: 1.0131,  recon_loss: 10.4105, vq_loss: 3.4540, acc: 0.7190 
Epoch 165, ppl: 1.0070,  recon_loss: 5.3724, vq_loss: 3.4407, acc: 0.8072
val -- ppl: 1.0131,  recon_loss: 10.4145, vq_loss: 3.4620, acc: 0.7192 
Epoch 166, ppl: 1.0070,  recon_loss: 5.3635, vq_loss: 3.4433, acc: 0.8074
val -- ppl: 1.0133,  recon_loss: 10.5950, vq_loss: 3.4550, acc: 0.7177 
Epoch 167, ppl: 1.0070,  recon_loss: 5.3824, vq_loss: 3.4394, acc: 0.8072
val -- ppl: 1.0130,  recon_loss: 10.3158, vq_loss: 3.4546, acc: 0.7199 
Epoch 168, ppl: 1.0070,  recon_loss: 5.3865, vq_loss: 3.4377, acc: 0.8069
val -- ppl: 1.0130,  recon_loss: 10.2910, vq_loss: 3.4427, acc: 0.7193 
Epoch 169, ppl: 1.0070,  recon_loss: 5.3856, vq_loss: 3.4317, acc: 0.8070
val -- ppl: 1.0129,  recon_loss: 10.2673, vq_loss: 3.4449, acc: 0.7196 
Epoch 170, ppl: 1.0069,  recon_loss: 5.3093, vq_loss: 3.4322, acc: 0.8101
val -- ppl: 1.0129,  recon_loss: 10.2223, vq_loss: 3.4390, acc: 0.7214 
Epoch 171, ppl: 1.0069,  recon_loss: 5.3384, vq_loss: 3.4357, acc: 0.8089
val -- ppl: 1.0131,  recon_loss: 10.4802, vq_loss: 3.4532, acc: 0.7177 
Epoch 172, ppl: 1.0069,  recon_loss: 5.3153, vq_loss: 3.4409, acc: 0.8108
val -- ppl: 1.0131,  recon_loss: 10.3753, vq_loss: 3.4582, acc: 0.7210 
Epoch 173, ppl: 1.0070,  recon_loss: 5.3600, vq_loss: 3.4362, acc: 0.8087
val -- ppl: 1.0130,  recon_loss: 10.3292, vq_loss: 3.4445, acc: 0.7203 
Epoch 174, ppl: 1.0069,  recon_loss: 5.3299, vq_loss: 3.4391, acc: 0.8095
val -- ppl: 1.0132,  recon_loss: 10.5328, vq_loss: 3.4527, acc: 0.7181 
Epoch 175, ppl: 1.0069,  recon_loss: 5.3052, vq_loss: 3.4432, acc: 0.8095
val -- ppl: 1.0131,  recon_loss: 10.4028, vq_loss: 3.4666, acc: 0.7189 
Epoch 176, ppl: 1.0070,  recon_loss: 5.3380, vq_loss: 3.4484, acc: 0.8091
val -- ppl: 1.0131,  recon_loss: 10.4603, vq_loss: 3.4663, acc: 0.7190 
Epoch 177, ppl: 1.0069,  recon_loss: 5.2926, vq_loss: 3.4569, acc: 0.8095
val -- ppl: 1.0132,  recon_loss: 10.5044, vq_loss: 3.4661, acc: 0.7174 
Epoch 178, ppl: 1.0070,  recon_loss: 5.3428, vq_loss: 3.4584, acc: 0.8088
val -- ppl: 1.0131,  recon_loss: 10.4204, vq_loss: 3.4664, acc: 0.7201 
Epoch 179, ppl: 1.0069,  recon_loss: 5.3183, vq_loss: 3.4557, acc: 0.8097
val -- ppl: 1.0131,  recon_loss: 10.4550, vq_loss: 3.4621, acc: 0.7170 
Epoch 180, ppl: 1.0069,  recon_loss: 5.2809, vq_loss: 3.4605, acc: 0.8104
val -- ppl: 1.0133,  recon_loss: 10.6279, vq_loss: 3.4701, acc: 0.7168 
Epoch 181, ppl: 1.0069,  recon_loss: 5.3068, vq_loss: 3.4611, acc: 0.8100
val -- ppl: 1.0133,  recon_loss: 10.6111, vq_loss: 3.4762, acc: 0.7183 
Epoch 182, ppl: 1.0069,  recon_loss: 5.2998, vq_loss: 3.4656, acc: 0.8103
val -- ppl: 1.0135,  recon_loss: 10.7940, vq_loss: 3.4768, acc: 0.7152 
Epoch 183, ppl: 1.0070,  recon_loss: 5.3238, vq_loss: 3.4637, acc: 0.8092
val -- ppl: 1.0133,  recon_loss: 10.5917, vq_loss: 3.4765, acc: 0.7180 
Epoch 184, ppl: 1.0069,  recon_loss: 5.2649, vq_loss: 3.4663, acc: 0.8107
val -- ppl: 1.0131,  recon_loss: 10.3584, vq_loss: 3.4891, acc: 0.7210 
Epoch 185, ppl: 1.0069,  recon_loss: 5.2922, vq_loss: 3.4701, acc: 0.8105
val -- ppl: 1.0132,  recon_loss: 10.5510, vq_loss: 3.4848, acc: 0.7198 
Epoch 186, ppl: 1.0070,  recon_loss: 5.3314, vq_loss: 3.4732, acc: 0.8090
val -- ppl: 1.0132,  recon_loss: 10.4581, vq_loss: 3.4928, acc: 0.7174 
Epoch 187, ppl: 1.0070,  recon_loss: 5.3240, vq_loss: 3.4733, acc: 0.8103
val -- ppl: 1.0132,  recon_loss: 10.5300, vq_loss: 3.4998, acc: 0.7190 
Epoch 188, ppl: 1.0070,  recon_loss: 5.3218, vq_loss: 3.4770, acc: 0.8095
val -- ppl: 1.0133,  recon_loss: 10.5587, vq_loss: 3.4887, acc: 0.7179 
Epoch 189, ppl: 1.0069,  recon_loss: 5.2962, vq_loss: 3.4737, acc: 0.8103
val -- ppl: 1.0132,  recon_loss: 10.4849, vq_loss: 3.4898, acc: 0.7183 
Epoch 190, ppl: 1.0069,  recon_loss: 5.2908, vq_loss: 3.4696, acc: 0.8105
val -- ppl: 1.0132,  recon_loss: 10.5419, vq_loss: 3.4863, acc: 0.7193 
Epoch 191, ppl: 1.0069,  recon_loss: 5.3007, vq_loss: 3.4665, acc: 0.8099
val -- ppl: 1.0132,  recon_loss: 10.5351, vq_loss: 3.4856, acc: 0.7202 
Epoch 192, ppl: 1.0069,  recon_loss: 5.3076, vq_loss: 3.4595, acc: 0.8099
val -- ppl: 1.0133,  recon_loss: 10.6422, vq_loss: 3.4786, acc: 0.7182 
Epoch 193, ppl: 1.0069,  recon_loss: 5.2974, vq_loss: 3.4563, acc: 0.8101
val -- ppl: 1.0132,  recon_loss: 10.5362, vq_loss: 3.4818, acc: 0.7187 
Epoch 194, ppl: 1.0069,  recon_loss: 5.2863, vq_loss: 3.4552, acc: 0.8108
val -- ppl: 1.0132,  recon_loss: 10.5323, vq_loss: 3.4774, acc: 0.7196 
Epoch 195, ppl: 1.0069,  recon_loss: 5.2641, vq_loss: 3.4576, acc: 0.8111
val -- ppl: 1.0132,  recon_loss: 10.5193, vq_loss: 3.4781, acc: 0.7175 
Epoch 196, ppl: 1.0069,  recon_loss: 5.2526, vq_loss: 3.4647, acc: 0.8119
val -- ppl: 1.0133,  recon_loss: 10.5788, vq_loss: 3.4859, acc: 0.7192 
Epoch 197, ppl: 1.0069,  recon_loss: 5.2398, vq_loss: 3.4695, acc: 0.8118
val -- ppl: 1.0133,  recon_loss: 10.5899, vq_loss: 3.4929, acc: 0.7184 
Epoch 198, ppl: 1.0069,  recon_loss: 5.2509, vq_loss: 3.4728, acc: 0.8113
val -- ppl: 1.0134,  recon_loss: 10.7187, vq_loss: 3.4953, acc: 0.7168 
Epoch 199, ppl: 1.0069,  recon_loss: 5.2746, vq_loss: 3.4727, acc: 0.8105
val -- ppl: 1.0134,  recon_loss: 10.7390, vq_loss: 3.4975, acc: 0.7161 