trn -- size:14000,  avg_surf_len: 8.60, avg_feat_len: 10.25, avg_root_len: 4.53 
Pos tag Verb: 0.50, count: 7017
Pos tag Noun: 0.39, count: 5460
Pos tag Adj: 0.10, count: 1433
Pos tag Num: 0.00, count: 36
Pos tag Pron: 0.00, count: 27
Pos tag Postp: 0.00, count: 26
Pos tag Dup: 0.00, count: 01
Polarity tag <unk>: 0.48, count: 6756 
Polarity tag Pos: 0.44, count: 6115 
Polarity tag Neg: 0.08, count: 1129 
Tense tag <unk>: 0.69, count: 9638 
Tense tag Past: 0.18, count: 2535 
Tense tag Aor: 0.05, count: 637 
Tense tag Prog1: 0.03, count: 475 
Tense tag Narr: 0.03, count: 435 
Tense tag Fut: 0.02, count: 276 
Tense tag Prog2: 0.00, count: 04 
Surfpos tag Verb: 0.36, count: 5000 
Surfpos tag Noun: 0.36, count: 5000 
Surfpos tag Adj: 0.29, count: 4000 
val -- size:3000,  avg_surf_len: 9.72, avg_feat_len: 11.38, avg_root_len: 4.97 
Pos tag Verb: 0.49, count: 1464
Pos tag Noun: 0.42, count: 1262
Pos tag Adj: 0.09, count: 261
Pos tag Pron: 0.00, count: 05
Pos tag Num: 0.00, count: 05
Pos tag Postp: 0.00, count: 03
Polarity tag <unk>: 0.48, count: 1452 
Polarity tag Pos: 0.43, count: 1281 
Polarity tag Neg: 0.09, count: 267 
Tense tag <unk>: 0.74, count: 2207 
Tense tag Aor: 0.13, count: 397 
Tense tag Past: 0.06, count: 172 
Tense tag Narr: 0.03, count: 93 
Tense tag Prog1: 0.03, count: 86 
Tense tag Fut: 0.01, count: 40 
Tense tag Prog2: 0.00, count: 05 
Surfpos tag Verb: 0.33, count: 1000 
Surfpos tag Noun: 0.33, count: 1000 
Surfpos tag Adj: 0.33, count: 1000 

number of params: 4096 
Namespace(axs=array([<matplotlib.axes._subplots.AxesSubplot object at 0x7fa84bb14c50>,
       <matplotlib.axes._subplots.AxesSubplot object at 0x7fa841b8e710>],
      dtype=object), basemodel='models/vae/VAE_trmor_agg1_kls0.10_warm10_0_0.pt', batchsize=128, bidirectional=False, bmodel='vae_original', clip_grad=5.0, dec_dropout_in=0.0, dec_dropout_out=0.0, dec_nh=1024, device='cuda', enc_dropout_in=0.0, enc_nh=1024, epochs=100, fig=<Figure size 640x480 with 2 Axes>, fig_path='logs/surf2surfpos/vae_original/14000_instances/100epochs.png', freeze_decoder=True, freeze_encoder=True, is_clip_grad=False, log_path='logs/surf2surfpos/vae_original/14000_instances/100epochs.log', logger=<utils.Logger object at 0x7fa8418fba90>, lr=0.01, maxtrnsize=57769, maxtstsize=8517, maxvalsize=8329, model=VAE(
  (encoder): LSTMEncoder(
    (embed): Embedding(39, 512)
    (lstm): LSTM(512, 1024, batch_first=True)
    (dropout_in): Dropout(p=0.0, inplace=False)
    (linear): None
  )
  (decoder): None
  (probe_linear): Linear(in_features=1024, out_features=4, bias=False)
  (closs): CrossEntropyLoss()
), modelname='logs/surf2surfpos/vae_original/14000_instances', ni=512, nz=32, opt='Adam', plt_style='-', reset_decoder=False, reset_encoder=False, save_path='logs/surf2surfpos/vae_original/14000_instances/100epochs.pt', seq_to_no_pad='surface', surface_vocab_file='trmor_data/surf/surf.uniquesurfs.trn.txt', task='surf2surfpos', trndata='trmor_data/pos(surf)/surfpos.uniquesurfs.trn.txt', trnsize=14000, tstdata='trmor_data/pos(root)/pos(root).uniqueroots.tst.txt', tstsize=3752, valdata='trmor_data/pos(surf)/surfpos.uniquesurfs.val.txt', valsize=3000)

encoder.embed.weight, torch.Size([39, 512]): False
encoder.lstm.weight_ih_l0, torch.Size([4096, 512]): False
encoder.lstm.weight_hh_l0, torch.Size([4096, 1024]): False
encoder.lstm.bias_ih_l0, torch.Size([4096]): False
encoder.lstm.bias_hh_l0, torch.Size([4096]): False
probe_linear.weight, torch.Size([4, 1024]): True
epoch: 0 avg_loss: 124.6916, ppl: 3.0717, acc: 0.5051 
epoch correct: 7072 epoch wrong: 6928 epoch_num_tokens: 14000 
val --- avg_loss: 73.2002, ppl: 2.7194, acc: 0.5563  
epoch correct: 1669 epoch wrong: 1331 epoch_num_tokens: 3000 
update best loss 

epoch: 1 avg_loss: 101.0709, ppl: 2.4834, acc: 0.6211 
epoch correct: 8696 epoch wrong: 5304 epoch_num_tokens: 14000 
val --- avg_loss: 64.7220, ppl: 2.4219, acc: 0.6143  
epoch correct: 1843 epoch wrong: 1157 epoch_num_tokens: 3000 
update best loss 

epoch: 2 avg_loss: 92.3610, ppl: 2.2962, acc: 0.6653 
epoch correct: 9314 epoch wrong: 4686 epoch_num_tokens: 14000 
val --- avg_loss: 60.3976, ppl: 2.2829, acc: 0.6527  
epoch correct: 1958 epoch wrong: 1042 epoch_num_tokens: 3000 
update best loss 

epoch: 3 avg_loss: 86.6159, ppl: 2.1805, acc: 0.6782 
epoch correct: 9495 epoch wrong: 4505 epoch_num_tokens: 14000 
val --- avg_loss: 57.1253, ppl: 2.1830, acc: 0.6853  
epoch correct: 2056 epoch wrong: 944 epoch_num_tokens: 3000 
update best loss 

epoch: 4 avg_loss: 83.0158, ppl: 2.1110, acc: 0.6981 
epoch correct: 9774 epoch wrong: 4226 epoch_num_tokens: 14000 
val --- avg_loss: 54.4148, ppl: 2.1036, acc: 0.7143  
epoch correct: 2143 epoch wrong: 857 epoch_num_tokens: 3000 
update best loss 

epoch: 5 avg_loss: 79.5410, ppl: 2.0460, acc: 0.7163 
epoch correct: 10028 epoch wrong: 3972 epoch_num_tokens: 14000 
val --- avg_loss: 52.2233, ppl: 2.0416, acc: 0.7387  
epoch correct: 2216 epoch wrong: 784 epoch_num_tokens: 3000 
update best loss 

epoch: 6 avg_loss: 77.0343, ppl: 2.0003, acc: 0.7328 
epoch correct: 10259 epoch wrong: 3741 epoch_num_tokens: 14000 
val --- avg_loss: 50.6955, ppl: 1.9994, acc: 0.7490  
epoch correct: 2247 epoch wrong: 753 epoch_num_tokens: 3000 
update best loss 

epoch: 7 avg_loss: 74.7886, ppl: 1.9603, acc: 0.7433 
epoch correct: 10406 epoch wrong: 3594 epoch_num_tokens: 14000 
val --- avg_loss: 49.3327, ppl: 1.9625, acc: 0.7587  
epoch correct: 2276 epoch wrong: 724 epoch_num_tokens: 3000 
update best loss 

epoch: 8 avg_loss: 72.2713, ppl: 1.9164, acc: 0.7617 
epoch correct: 10664 epoch wrong: 3336 epoch_num_tokens: 14000 
val --- avg_loss: 48.1099, ppl: 1.9300, acc: 0.7633  
epoch correct: 2290 epoch wrong: 710 epoch_num_tokens: 3000 
update best loss 

epoch: 9 avg_loss: 70.7059, ppl: 1.8896, acc: 0.7575 
epoch correct: 10605 epoch wrong: 3395 epoch_num_tokens: 14000 
val --- avg_loss: 47.0027, ppl: 1.9010, acc: 0.7793  
epoch correct: 2338 epoch wrong: 662 epoch_num_tokens: 3000 
update best loss 

epoch: 10 avg_loss: 69.4900, ppl: 1.8690, acc: 0.7763 
epoch correct: 10868 epoch wrong: 3132 epoch_num_tokens: 14000 
val --- avg_loss: 46.2010, ppl: 1.8803, acc: 0.7743  
epoch correct: 2323 epoch wrong: 677 epoch_num_tokens: 3000 
update best loss 

epoch: 11 avg_loss: 68.0299, ppl: 1.8446, acc: 0.7749 
epoch correct: 10849 epoch wrong: 3151 epoch_num_tokens: 14000 
val --- avg_loss: 44.9812, ppl: 1.8492, acc: 0.7893  
epoch correct: 2368 epoch wrong: 632 epoch_num_tokens: 3000 
update best loss 

epoch: 12 avg_loss: 66.7012, ppl: 1.8227, acc: 0.7839 
epoch correct: 10975 epoch wrong: 3025 epoch_num_tokens: 14000 
val --- avg_loss: 44.2372, ppl: 1.8305, acc: 0.7930  
epoch correct: 2379 epoch wrong: 621 epoch_num_tokens: 3000 
update best loss 

epoch: 13 avg_loss: 65.5888, ppl: 1.8045, acc: 0.7899 
epoch correct: 11058 epoch wrong: 2942 epoch_num_tokens: 14000 
val --- avg_loss: 43.4904, ppl: 1.8119, acc: 0.7940  
epoch correct: 2382 epoch wrong: 618 epoch_num_tokens: 3000 
update best loss 

epoch: 14 avg_loss: 64.9220, ppl: 1.7937, acc: 0.7874 
epoch correct: 11024 epoch wrong: 2976 epoch_num_tokens: 14000 
val --- avg_loss: 42.6353, ppl: 1.7908, acc: 0.8043  
epoch correct: 2413 epoch wrong: 587 epoch_num_tokens: 3000 
update best loss 

epoch: 15 avg_loss: 63.9888, ppl: 1.7787, acc: 0.7944 
epoch correct: 11121 epoch wrong: 2879 epoch_num_tokens: 14000 
val --- avg_loss: 42.0179, ppl: 1.7758, acc: 0.8047  
epoch correct: 2414 epoch wrong: 586 epoch_num_tokens: 3000 
update best loss 

epoch: 16 avg_loss: 62.8949, ppl: 1.7613, acc: 0.8009 
epoch correct: 11212 epoch wrong: 2788 epoch_num_tokens: 14000 
val --- avg_loss: 41.3982, ppl: 1.7608, acc: 0.8080  
epoch correct: 2424 epoch wrong: 576 epoch_num_tokens: 3000 
update best loss 

epoch: 17 avg_loss: 61.9488, ppl: 1.7464, acc: 0.8054 
epoch correct: 11276 epoch wrong: 2724 epoch_num_tokens: 14000 
val --- avg_loss: 40.7687, ppl: 1.7457, acc: 0.8127  
epoch correct: 2438 epoch wrong: 562 epoch_num_tokens: 3000 
update best loss 

epoch: 18 avg_loss: 61.2788, ppl: 1.7359, acc: 0.8062 
epoch correct: 11287 epoch wrong: 2713 epoch_num_tokens: 14000 
val --- avg_loss: 40.1989, ppl: 1.7322, acc: 0.8170  
epoch correct: 2451 epoch wrong: 549 epoch_num_tokens: 3000 
update best loss 

epoch: 19 avg_loss: 60.5313, ppl: 1.7242, acc: 0.8092 
epoch correct: 11329 epoch wrong: 2671 epoch_num_tokens: 14000 
val --- avg_loss: 39.7039, ppl: 1.7205, acc: 0.8200  
epoch correct: 2460 epoch wrong: 540 epoch_num_tokens: 3000 
update best loss 

epoch: 20 avg_loss: 59.5670, ppl: 1.7093, acc: 0.8136 
epoch correct: 11391 epoch wrong: 2609 epoch_num_tokens: 14000 
val --- avg_loss: 39.3151, ppl: 1.7114, acc: 0.8217  
epoch correct: 2465 epoch wrong: 535 epoch_num_tokens: 3000 
update best loss 

epoch: 21 avg_loss: 59.1026, ppl: 1.7022, acc: 0.8166 
epoch correct: 11432 epoch wrong: 2568 epoch_num_tokens: 14000 
val --- avg_loss: 38.6507, ppl: 1.6959, acc: 0.8253  
epoch correct: 2476 epoch wrong: 524 epoch_num_tokens: 3000 
update best loss 

epoch: 22 avg_loss: 58.6601, ppl: 1.6954, acc: 0.8124 
epoch correct: 11374 epoch wrong: 2626 epoch_num_tokens: 14000 
val --- avg_loss: 38.1789, ppl: 1.6850, acc: 0.8277  
epoch correct: 2483 epoch wrong: 517 epoch_num_tokens: 3000 
update best loss 

epoch: 23 avg_loss: 57.9628, ppl: 1.6848, acc: 0.8196 
epoch correct: 11475 epoch wrong: 2525 epoch_num_tokens: 14000 
val --- avg_loss: 37.8344, ppl: 1.6771, acc: 0.8260  
epoch correct: 2478 epoch wrong: 522 epoch_num_tokens: 3000 
update best loss 

epoch: 24 avg_loss: 57.1364, ppl: 1.6723, acc: 0.8204 
epoch correct: 11485 epoch wrong: 2515 epoch_num_tokens: 14000 
val --- avg_loss: 37.3199, ppl: 1.6654, acc: 0.8277  
epoch correct: 2483 epoch wrong: 517 epoch_num_tokens: 3000 
update best loss 

epoch: 25 avg_loss: 57.0399, ppl: 1.6709, acc: 0.8214 
epoch correct: 11500 epoch wrong: 2500 epoch_num_tokens: 14000 
val --- avg_loss: 37.0262, ppl: 1.6587, acc: 0.8310  
epoch correct: 2493 epoch wrong: 507 epoch_num_tokens: 3000 
update best loss 

epoch: 26 avg_loss: 56.0432, ppl: 1.6560, acc: 0.8247 
epoch correct: 11546 epoch wrong: 2454 epoch_num_tokens: 14000 
val --- avg_loss: 36.6913, ppl: 1.6511, acc: 0.8330  
epoch correct: 2499 epoch wrong: 501 epoch_num_tokens: 3000 
update best loss 

epoch: 27 avg_loss: 56.3111, ppl: 1.6600, acc: 0.8229 
epoch correct: 11521 epoch wrong: 2479 epoch_num_tokens: 14000 
val --- avg_loss: 36.2534, ppl: 1.6413, acc: 0.8343  
epoch correct: 2503 epoch wrong: 497 epoch_num_tokens: 3000 
update best loss 

epoch: 28 avg_loss: 55.4873, ppl: 1.6477, acc: 0.8249 
epoch correct: 11548 epoch wrong: 2452 epoch_num_tokens: 14000 
val --- avg_loss: 35.8907, ppl: 1.6331, acc: 0.8347  
epoch correct: 2504 epoch wrong: 496 epoch_num_tokens: 3000 
update best loss 

epoch: 29 avg_loss: 55.0044, ppl: 1.6406, acc: 0.8257 
epoch correct: 11560 epoch wrong: 2440 epoch_num_tokens: 14000 
val --- avg_loss: 35.6425, ppl: 1.6276, acc: 0.8410  
epoch correct: 2523 epoch wrong: 477 epoch_num_tokens: 3000 
update best loss 

epoch: 30 avg_loss: 54.4361, ppl: 1.6322, acc: 0.8317 
epoch correct: 11644 epoch wrong: 2356 epoch_num_tokens: 14000 
val --- avg_loss: 35.1778, ppl: 1.6173, acc: 0.8420  
epoch correct: 2526 epoch wrong: 474 epoch_num_tokens: 3000 
update best loss 

epoch: 31 avg_loss: 54.2890, ppl: 1.6300, acc: 0.8289 
epoch correct: 11604 epoch wrong: 2396 epoch_num_tokens: 14000 
val --- avg_loss: 34.9906, ppl: 1.6132, acc: 0.8427  
epoch correct: 2528 epoch wrong: 472 epoch_num_tokens: 3000 
update best loss 

epoch: 32 avg_loss: 53.6666, ppl: 1.6209, acc: 0.8316 
epoch correct: 11643 epoch wrong: 2357 epoch_num_tokens: 14000 
val --- avg_loss: 34.6970, ppl: 1.6067, acc: 0.8433  
epoch correct: 2530 epoch wrong: 470 epoch_num_tokens: 3000 
update best loss 

epoch: 33 avg_loss: 53.1696, ppl: 1.6137, acc: 0.8346 
epoch correct: 11685 epoch wrong: 2315 epoch_num_tokens: 14000 
val --- avg_loss: 34.4026, ppl: 1.6003, acc: 0.8443  
epoch correct: 2533 epoch wrong: 467 epoch_num_tokens: 3000 
update best loss 

epoch: 34 avg_loss: 52.9432, ppl: 1.6104, acc: 0.8331 
epoch correct: 11664 epoch wrong: 2336 epoch_num_tokens: 14000 
val --- avg_loss: 34.2828, ppl: 1.5976, acc: 0.8453  
epoch correct: 2536 epoch wrong: 464 epoch_num_tokens: 3000 
update best loss 

epoch: 35 avg_loss: 52.5490, ppl: 1.6047, acc: 0.8346 
epoch correct: 11684 epoch wrong: 2316 epoch_num_tokens: 14000 
val --- avg_loss: 33.9089, ppl: 1.5895, acc: 0.8447  
epoch correct: 2534 epoch wrong: 466 epoch_num_tokens: 3000 
update best loss 

epoch: 36 avg_loss: 52.6647, ppl: 1.6064, acc: 0.8324 
epoch correct: 11653 epoch wrong: 2347 epoch_num_tokens: 14000 
val --- avg_loss: 33.6762, ppl: 1.5845, acc: 0.8500  
epoch correct: 2550 epoch wrong: 450 epoch_num_tokens: 3000 
update best loss 

epoch: 37 avg_loss: 51.7921, ppl: 1.5938, acc: 0.8377 
epoch correct: 11728 epoch wrong: 2272 epoch_num_tokens: 14000 
val --- avg_loss: 33.4685, ppl: 1.5800, acc: 0.8470  
epoch correct: 2541 epoch wrong: 459 epoch_num_tokens: 3000 
update best loss 

epoch: 38 avg_loss: 51.5115, ppl: 1.5898, acc: 0.8381 
epoch correct: 11733 epoch wrong: 2267 epoch_num_tokens: 14000 
val --- avg_loss: 33.1908, ppl: 1.5740, acc: 0.8490  
epoch correct: 2547 epoch wrong: 453 epoch_num_tokens: 3000 
update best loss 

epoch: 39 avg_loss: 51.4445, ppl: 1.5888, acc: 0.8359 
epoch correct: 11702 epoch wrong: 2298 epoch_num_tokens: 14000 
val --- avg_loss: 32.9442, ppl: 1.5687, acc: 0.8550  
epoch correct: 2565 epoch wrong: 435 epoch_num_tokens: 3000 
update best loss 

epoch: 40 avg_loss: 51.1064, ppl: 1.5840, acc: 0.8404 
epoch correct: 11765 epoch wrong: 2235 epoch_num_tokens: 14000 
val --- avg_loss: 32.7686, ppl: 1.5649, acc: 0.8517  
epoch correct: 2555 epoch wrong: 445 epoch_num_tokens: 3000 
update best loss 

epoch: 41 avg_loss: 51.1218, ppl: 1.5842, acc: 0.8382 
epoch correct: 11735 epoch wrong: 2265 epoch_num_tokens: 14000 
val --- avg_loss: 32.5177, ppl: 1.5596, acc: 0.8550  
epoch correct: 2565 epoch wrong: 435 epoch_num_tokens: 3000 
update best loss 

epoch: 42 avg_loss: 50.4383, ppl: 1.5745, acc: 0.8409 
epoch correct: 11773 epoch wrong: 2227 epoch_num_tokens: 14000 
val --- avg_loss: 32.3212, ppl: 1.5554, acc: 0.8563  
epoch correct: 2569 epoch wrong: 431 epoch_num_tokens: 3000 
update best loss 

epoch: 43 avg_loss: 50.4280, ppl: 1.5744, acc: 0.8396 
epoch correct: 11754 epoch wrong: 2246 epoch_num_tokens: 14000 
val --- avg_loss: 32.1274, ppl: 1.5513, acc: 0.8587  
epoch correct: 2576 epoch wrong: 424 epoch_num_tokens: 3000 
update best loss 

epoch: 44 avg_loss: 50.1444, ppl: 1.5704, acc: 0.8401 
epoch correct: 11762 epoch wrong: 2238 epoch_num_tokens: 14000 
val --- avg_loss: 31.9564, ppl: 1.5477, acc: 0.8583  
epoch correct: 2575 epoch wrong: 425 epoch_num_tokens: 3000 
update best loss 

epoch: 45 avg_loss: 49.9803, ppl: 1.5680, acc: 0.8426 
epoch correct: 11796 epoch wrong: 2204 epoch_num_tokens: 14000 
val --- avg_loss: 31.8029, ppl: 1.5444, acc: 0.8593  
epoch correct: 2578 epoch wrong: 422 epoch_num_tokens: 3000 
update best loss 

epoch: 46 avg_loss: 49.4228, ppl: 1.5602, acc: 0.8441 
epoch correct: 11818 epoch wrong: 2182 epoch_num_tokens: 14000 
val --- avg_loss: 31.5946, ppl: 1.5400, acc: 0.8597  
epoch correct: 2579 epoch wrong: 421 epoch_num_tokens: 3000 
update best loss 

epoch: 47 avg_loss: 49.1481, ppl: 1.5563, acc: 0.8437 
epoch correct: 11812 epoch wrong: 2188 epoch_num_tokens: 14000 
val --- avg_loss: 31.4339, ppl: 1.5366, acc: 0.8580  
epoch correct: 2574 epoch wrong: 426 epoch_num_tokens: 3000 
update best loss 

epoch: 48 avg_loss: 49.3941, ppl: 1.5598, acc: 0.8419 
epoch correct: 11786 epoch wrong: 2214 epoch_num_tokens: 14000 
val --- avg_loss: 31.4214, ppl: 1.5364, acc: 0.8573  
epoch correct: 2572 epoch wrong: 428 epoch_num_tokens: 3000 
update best loss 

epoch: 49 avg_loss: 48.8957, ppl: 1.5528, acc: 0.8444 
epoch correct: 11821 epoch wrong: 2179 epoch_num_tokens: 14000 
val --- avg_loss: 31.2371, ppl: 1.5325, acc: 0.8620  
epoch correct: 2586 epoch wrong: 414 epoch_num_tokens: 3000 
update best loss 

epoch: 50 avg_loss: 48.8042, ppl: 1.5515, acc: 0.8448 
epoch correct: 11827 epoch wrong: 2173 epoch_num_tokens: 14000 
val --- avg_loss: 30.9292, ppl: 1.5261, acc: 0.8600  
epoch correct: 2580 epoch wrong: 420 epoch_num_tokens: 3000 
update best loss 

epoch: 51 avg_loss: 48.5265, ppl: 1.5477, acc: 0.8445 
epoch correct: 11823 epoch wrong: 2177 epoch_num_tokens: 14000 
val --- avg_loss: 30.9037, ppl: 1.5255, acc: 0.8593  
epoch correct: 2578 epoch wrong: 422 epoch_num_tokens: 3000 
update best loss 

epoch: 52 avg_loss: 48.5875, ppl: 1.5485, acc: 0.8435 
epoch correct: 11809 epoch wrong: 2191 epoch_num_tokens: 14000 
val --- avg_loss: 30.8050, ppl: 1.5235, acc: 0.8643  
epoch correct: 2593 epoch wrong: 407 epoch_num_tokens: 3000 
update best loss 

epoch: 53 avg_loss: 47.9955, ppl: 1.5403, acc: 0.8484 
epoch correct: 11878 epoch wrong: 2122 epoch_num_tokens: 14000 
val --- avg_loss: 30.4635, ppl: 1.5164, acc: 0.8613  
epoch correct: 2584 epoch wrong: 416 epoch_num_tokens: 3000 
update best loss 

epoch: 54 avg_loss: 48.1882, ppl: 1.5429, acc: 0.8448 
epoch correct: 11827 epoch wrong: 2173 epoch_num_tokens: 14000 
val --- avg_loss: 30.3659, ppl: 1.5144, acc: 0.8617  
epoch correct: 2585 epoch wrong: 415 epoch_num_tokens: 3000 
update best loss 

epoch: 55 avg_loss: 47.4804, ppl: 1.5331, acc: 0.8489 
epoch correct: 11884 epoch wrong: 2116 epoch_num_tokens: 14000 
val --- avg_loss: 30.2877, ppl: 1.5128, acc: 0.8667  
epoch correct: 2600 epoch wrong: 400 epoch_num_tokens: 3000 
update best loss 

epoch: 56 avg_loss: 47.8275, ppl: 1.5379, acc: 0.8465 
epoch correct: 11851 epoch wrong: 2149 epoch_num_tokens: 14000 
val --- avg_loss: 30.1797, ppl: 1.5105, acc: 0.8647  
epoch correct: 2594 epoch wrong: 406 epoch_num_tokens: 3000 
update best loss 

epoch: 57 avg_loss: 47.2116, ppl: 1.5294, acc: 0.8501 
epoch correct: 11901 epoch wrong: 2099 epoch_num_tokens: 14000 
val --- avg_loss: 30.0448, ppl: 1.5077, acc: 0.8593  
epoch correct: 2578 epoch wrong: 422 epoch_num_tokens: 3000 
update best loss 

epoch: 58 avg_loss: 47.3267, ppl: 1.5310, acc: 0.8486 
epoch correct: 11880 epoch wrong: 2120 epoch_num_tokens: 14000 
val --- avg_loss: 29.8654, ppl: 1.5040, acc: 0.8643  
epoch correct: 2593 epoch wrong: 407 epoch_num_tokens: 3000 
update best loss 

epoch: 59 avg_loss: 47.0829, ppl: 1.5277, acc: 0.8503 
epoch correct: 11904 epoch wrong: 2096 epoch_num_tokens: 14000 
val --- avg_loss: 29.8068, ppl: 1.5028, acc: 0.8647  
epoch correct: 2594 epoch wrong: 406 epoch_num_tokens: 3000 
update best loss 

epoch: 60 avg_loss: 46.6463, ppl: 1.5217, acc: 0.8502 
epoch correct: 11903 epoch wrong: 2097 epoch_num_tokens: 14000 
val --- avg_loss: 29.6910, ppl: 1.5005, acc: 0.8637  
epoch correct: 2591 epoch wrong: 409 epoch_num_tokens: 3000 
update best loss 

epoch: 61 avg_loss: 46.8606, ppl: 1.5246, acc: 0.8515 
epoch correct: 11921 epoch wrong: 2079 epoch_num_tokens: 14000 
val --- avg_loss: 29.7107, ppl: 1.5009, acc: 0.8650  
epoch correct: 2595 epoch wrong: 405 epoch_num_tokens: 3000 

epoch: 62 avg_loss: 46.3904, ppl: 1.5182, acc: 0.8521 
epoch correct: 11930 epoch wrong: 2070 epoch_num_tokens: 14000 
val --- avg_loss: 29.3989, ppl: 1.4945, acc: 0.8660  
epoch correct: 2598 epoch wrong: 402 epoch_num_tokens: 3000 
update best loss 

epoch: 63 avg_loss: 46.2687, ppl: 1.5165, acc: 0.8524 
epoch correct: 11933 epoch wrong: 2067 epoch_num_tokens: 14000 
val --- avg_loss: 29.4161, ppl: 1.4948, acc: 0.8707  
epoch correct: 2612 epoch wrong: 388 epoch_num_tokens: 3000 

epoch: 64 avg_loss: 46.4620, ppl: 1.5192, acc: 0.8495 
epoch correct: 11893 epoch wrong: 2107 epoch_num_tokens: 14000 
val --- avg_loss: 29.3962, ppl: 1.4944, acc: 0.8673  
epoch correct: 2602 epoch wrong: 398 epoch_num_tokens: 3000 
update best loss 

epoch: 65 avg_loss: 46.0038, ppl: 1.5129, acc: 0.8531 
epoch correct: 11944 epoch wrong: 2056 epoch_num_tokens: 14000 
val --- avg_loss: 29.1072, ppl: 1.4885, acc: 0.8703  
epoch correct: 2611 epoch wrong: 389 epoch_num_tokens: 3000 
update best loss 

epoch: 66 avg_loss: 45.8777, ppl: 1.5112, acc: 0.8529 
epoch correct: 11941 epoch wrong: 2059 epoch_num_tokens: 14000 
val --- avg_loss: 28.9848, ppl: 1.4861, acc: 0.8670  
epoch correct: 2601 epoch wrong: 399 epoch_num_tokens: 3000 
update best loss 

epoch: 67 avg_loss: 45.9037, ppl: 1.5115, acc: 0.8525 
epoch correct: 11935 epoch wrong: 2065 epoch_num_tokens: 14000 
val --- avg_loss: 28.9434, ppl: 1.4852, acc: 0.8707  
epoch correct: 2612 epoch wrong: 388 epoch_num_tokens: 3000 
update best loss 

epoch: 68 avg_loss: 45.3674, ppl: 1.5043, acc: 0.8566 
epoch correct: 11993 epoch wrong: 2007 epoch_num_tokens: 14000 
val --- avg_loss: 28.8447, ppl: 1.4832, acc: 0.8680  
epoch correct: 2604 epoch wrong: 396 epoch_num_tokens: 3000 
update best loss 

epoch: 69 avg_loss: 45.6394, ppl: 1.5080, acc: 0.8545 
epoch correct: 11963 epoch wrong: 2037 epoch_num_tokens: 14000 
val --- avg_loss: 28.7243, ppl: 1.4808, acc: 0.8697  
epoch correct: 2609 epoch wrong: 391 epoch_num_tokens: 3000 
update best loss 

epoch: 70 avg_loss: 45.6288, ppl: 1.5078, acc: 0.8510 
epoch correct: 11914 epoch wrong: 2086 epoch_num_tokens: 14000 
val --- avg_loss: 28.6105, ppl: 1.4785, acc: 0.8723  
epoch correct: 2617 epoch wrong: 383 epoch_num_tokens: 3000 
update best loss 

epoch: 71 avg_loss: 45.1278, ppl: 1.5010, acc: 0.8564 
epoch correct: 11989 epoch wrong: 2011 epoch_num_tokens: 14000 
val --- avg_loss: 28.6021, ppl: 1.4783, acc: 0.8727  
epoch correct: 2618 epoch wrong: 382 epoch_num_tokens: 3000 
update best loss 

epoch: 72 avg_loss: 44.9822, ppl: 1.4991, acc: 0.8551 
epoch correct: 11971 epoch wrong: 2029 epoch_num_tokens: 14000 
val --- avg_loss: 28.5742, ppl: 1.4777, acc: 0.8727  
epoch correct: 2618 epoch wrong: 382 epoch_num_tokens: 3000 
update best loss 

epoch: 73 avg_loss: 44.9328, ppl: 1.4984, acc: 0.8572 
epoch correct: 12001 epoch wrong: 1999 epoch_num_tokens: 14000 
val --- avg_loss: 28.3167, ppl: 1.4725, acc: 0.8723  
epoch correct: 2617 epoch wrong: 383 epoch_num_tokens: 3000 
update best loss 

epoch: 74 avg_loss: 44.9982, ppl: 1.4993, acc: 0.8556 
epoch correct: 11979 epoch wrong: 2021 epoch_num_tokens: 14000 
val --- avg_loss: 28.2627, ppl: 1.4715, acc: 0.8723  
epoch correct: 2617 epoch wrong: 383 epoch_num_tokens: 3000 
update best loss 

epoch: 75 avg_loss: 44.6001, ppl: 1.4939, acc: 0.8579 
epoch correct: 12011 epoch wrong: 1989 epoch_num_tokens: 14000 
val --- avg_loss: 28.1461, ppl: 1.4691, acc: 0.8730  
epoch correct: 2619 epoch wrong: 381 epoch_num_tokens: 3000 
update best loss 

epoch: 76 avg_loss: 44.7265, ppl: 1.4956, acc: 0.8572 
epoch correct: 12001 epoch wrong: 1999 epoch_num_tokens: 14000 
val --- avg_loss: 28.2424, ppl: 1.4711, acc: 0.8733  
epoch correct: 2620 epoch wrong: 380 epoch_num_tokens: 3000 

epoch: 77 avg_loss: 44.5269, ppl: 1.4929, acc: 0.8582 
epoch correct: 12015 epoch wrong: 1985 epoch_num_tokens: 14000 
val --- avg_loss: 28.0488, ppl: 1.4672, acc: 0.8760  
epoch correct: 2628 epoch wrong: 372 epoch_num_tokens: 3000 
update best loss 

epoch: 78 avg_loss: 44.1259, ppl: 1.4876, acc: 0.8584 
epoch correct: 12017 epoch wrong: 1983 epoch_num_tokens: 14000 
val --- avg_loss: 28.1837, ppl: 1.4699, acc: 0.8727  
epoch correct: 2618 epoch wrong: 382 epoch_num_tokens: 3000 

epoch: 79 avg_loss: 44.5865, ppl: 1.4937, acc: 0.8581 
epoch correct: 12013 epoch wrong: 1987 epoch_num_tokens: 14000 
val --- avg_loss: 27.9064, ppl: 1.4643, acc: 0.8753  
epoch correct: 2626 epoch wrong: 374 epoch_num_tokens: 3000 
update best loss 

epoch: 80 avg_loss: 44.2873, ppl: 1.4897, acc: 0.8569 
epoch correct: 11996 epoch wrong: 2004 epoch_num_tokens: 14000 
val --- avg_loss: 27.8494, ppl: 1.4632, acc: 0.8740  
epoch correct: 2622 epoch wrong: 378 epoch_num_tokens: 3000 
update best loss 

epoch: 81 avg_loss: 44.4207, ppl: 1.4915, acc: 0.8560 
epoch correct: 11984 epoch wrong: 2016 epoch_num_tokens: 14000 
val --- avg_loss: 27.8113, ppl: 1.4624, acc: 0.8753  
epoch correct: 2626 epoch wrong: 374 epoch_num_tokens: 3000 
update best loss 

epoch: 82 avg_loss: 43.9421, ppl: 1.4851, acc: 0.8586 
epoch correct: 12021 epoch wrong: 1979 epoch_num_tokens: 14000 
val --- avg_loss: 27.6388, ppl: 1.4590, acc: 0.8750  
epoch correct: 2625 epoch wrong: 375 epoch_num_tokens: 3000 
update best loss 

epoch: 83 avg_loss: 43.7689, ppl: 1.4828, acc: 0.8599 
epoch correct: 12038 epoch wrong: 1962 epoch_num_tokens: 14000 
val --- avg_loss: 27.5982, ppl: 1.4582, acc: 0.8760  
epoch correct: 2628 epoch wrong: 372 epoch_num_tokens: 3000 
update best loss 

epoch: 84 avg_loss: 43.8342, ppl: 1.4837, acc: 0.8589 
epoch correct: 12025 epoch wrong: 1975 epoch_num_tokens: 14000 
val --- avg_loss: 27.5304, ppl: 1.4568, acc: 0.8757  
epoch correct: 2627 epoch wrong: 373 epoch_num_tokens: 3000 
update best loss 

epoch: 85 avg_loss: 43.2093, ppl: 1.4753, acc: 0.8611 
epoch correct: 12055 epoch wrong: 1945 epoch_num_tokens: 14000 
val --- avg_loss: 27.9566, ppl: 1.4653, acc: 0.8717  
epoch correct: 2615 epoch wrong: 385 epoch_num_tokens: 3000 

epoch: 86 avg_loss: 43.7780, ppl: 1.4829, acc: 0.8594 
epoch correct: 12031 epoch wrong: 1969 epoch_num_tokens: 14000 
val --- avg_loss: 27.4808, ppl: 1.4558, acc: 0.8763  
epoch correct: 2629 epoch wrong: 371 epoch_num_tokens: 3000 
update best loss 

epoch: 87 avg_loss: 43.5314, ppl: 1.4796, acc: 0.8606 
epoch correct: 12048 epoch wrong: 1952 epoch_num_tokens: 14000 
val --- avg_loss: 27.2904, ppl: 1.4520, acc: 0.8767  
epoch correct: 2630 epoch wrong: 370 epoch_num_tokens: 3000 
update best loss 

epoch: 88 avg_loss: 43.3756, ppl: 1.4775, acc: 0.8606 
epoch correct: 12049 epoch wrong: 1951 epoch_num_tokens: 14000 
val --- avg_loss: 27.2584, ppl: 1.4514, acc: 0.8770  
epoch correct: 2631 epoch wrong: 369 epoch_num_tokens: 3000 
update best loss 

epoch: 89 avg_loss: 43.5180, ppl: 1.4794, acc: 0.8594 
epoch correct: 12032 epoch wrong: 1968 epoch_num_tokens: 14000 
val --- avg_loss: 27.2081, ppl: 1.4504, acc: 0.8780  
epoch correct: 2634 epoch wrong: 366 epoch_num_tokens: 3000 
update best loss 

epoch: 90 avg_loss: 43.2955, ppl: 1.4765, acc: 0.8614 
epoch correct: 12059 epoch wrong: 1941 epoch_num_tokens: 14000 
val --- avg_loss: 27.0581, ppl: 1.4474, acc: 0.8780  
epoch correct: 2634 epoch wrong: 366 epoch_num_tokens: 3000 
update best loss 

epoch: 91 avg_loss: 42.9595, ppl: 1.4720, acc: 0.8620 
epoch correct: 12068 epoch wrong: 1932 epoch_num_tokens: 14000 
val --- avg_loss: 27.0653, ppl: 1.4476, acc: 0.8793  
epoch correct: 2638 epoch wrong: 362 epoch_num_tokens: 3000 

epoch: 92 avg_loss: 42.8816, ppl: 1.4710, acc: 0.8605 
epoch correct: 12047 epoch wrong: 1953 epoch_num_tokens: 14000 
val --- avg_loss: 27.0887, ppl: 1.4480, acc: 0.8780  
epoch correct: 2634 epoch wrong: 366 epoch_num_tokens: 3000 

epoch: 93 avg_loss: 42.7765, ppl: 1.4696, acc: 0.8617 
epoch correct: 12064 epoch wrong: 1936 epoch_num_tokens: 14000 
val --- avg_loss: 26.9608, ppl: 1.4455, acc: 0.8780  
epoch correct: 2634 epoch wrong: 366 epoch_num_tokens: 3000 
update best loss 

epoch: 94 avg_loss: 42.7565, ppl: 1.4693, acc: 0.8620 
epoch correct: 12068 epoch wrong: 1932 epoch_num_tokens: 14000 
val --- avg_loss: 26.8560, ppl: 1.4434, acc: 0.8793  
epoch correct: 2638 epoch wrong: 362 epoch_num_tokens: 3000 
update best loss 

epoch: 95 avg_loss: 42.8991, ppl: 1.4712, acc: 0.8610 
epoch correct: 12054 epoch wrong: 1946 epoch_num_tokens: 14000 
val --- avg_loss: 26.8518, ppl: 1.4434, acc: 0.8800  
epoch correct: 2640 epoch wrong: 360 epoch_num_tokens: 3000 
update best loss 

epoch: 96 avg_loss: 42.5923, ppl: 1.4672, acc: 0.8617 
epoch correct: 12064 epoch wrong: 1936 epoch_num_tokens: 14000 
val --- avg_loss: 26.7604, ppl: 1.4416, acc: 0.8800  
epoch correct: 2640 epoch wrong: 360 epoch_num_tokens: 3000 
update best loss 

epoch: 97 avg_loss: 42.4687, ppl: 1.4655, acc: 0.8641 
epoch correct: 12098 epoch wrong: 1902 epoch_num_tokens: 14000 
val --- avg_loss: 26.7565, ppl: 1.4415, acc: 0.8807  
epoch correct: 2642 epoch wrong: 358 epoch_num_tokens: 3000 
update best loss 

epoch: 98 avg_loss: 42.7378, ppl: 1.4691, acc: 0.8596 
epoch correct: 12034 epoch wrong: 1966 epoch_num_tokens: 14000 
val --- avg_loss: 26.6573, ppl: 1.4395, acc: 0.8800  
epoch correct: 2640 epoch wrong: 360 epoch_num_tokens: 3000 
update best loss 

epoch: 99 avg_loss: 42.3583, ppl: 1.4641, acc: 0.8640 
epoch correct: 12096 epoch wrong: 1904 epoch_num_tokens: 14000 
val --- avg_loss: 26.6183, ppl: 1.4388, acc: 0.8807  
epoch correct: 2642 epoch wrong: 358 epoch_num_tokens: 3000 
update best loss 
