trn -- size:1500,  avg_surf_len: 8.84, avg_feat_len: 8.16, avg_root_len: 3.98 
Pos tag Verb: 1.00, count: 1495
Pos tag Ques: 0.00, count: 05
Polarity tag Pos: 0.85, count: 1277 
Polarity tag Neg: 0.15, count: 218 
Polarity tag <unk>: 0.00, count: 05 
Tense tag Prog1: 0.20, count: 300 
Tense tag Past: 0.20, count: 300 
Tense tag Narr: 0.20, count: 300 
Tense tag Fut: 0.20, count: 300 
Tense tag Aor: 0.20, count: 300 
Surfpos tag Verb: 1.00, count: 1495 
Surfpos tag Ques: 0.00, count: 05 
val -- size:250,  avg_surf_len: 9.22, avg_feat_len: 8.14, avg_root_len: 3.90 
Pos tag Verb: 0.99, count: 247
Pos tag Ques: 0.01, count: 03
Polarity tag Pos: 0.81, count: 203 
Polarity tag Neg: 0.18, count: 44 
Polarity tag <unk>: 0.01, count: 03 
Tense tag Prog1: 0.20, count: 50 
Tense tag Past: 0.20, count: 50 
Tense tag Narr: 0.20, count: 50 
Tense tag Fut: 0.20, count: 50 
Tense tag Aor: 0.20, count: 50 
Surfpos tag Verb: 0.99, count: 247 
Surfpos tag Ques: 0.01, count: 03 

number of params: 6144 
Namespace(axs=array([<matplotlib.axes._subplots.AxesSubplot object at 0x7f7865d00bd0>,
       <matplotlib.axes._subplots.AxesSubplot object at 0x7f785dd831d0>],
      dtype=object), basemodel='models/ae/trmor_agg0_kls0.00_warm10_0_39.pt', batchsize=128, bidirectional=False, bmodel='ae_only_verbs', clip_grad=5.0, dec_dropout_in=0.0, dec_dropout_out=0.0, dec_nh=1024, device='cuda', enc_dropout_in=0.0, enc_nh=1024, epochs=100, fig=<Figure size 640x480 with 2 Axes>, fig_path='logs/surf2tense/ae_only_verbs/1500_instances/100epochs.png', freeze_decoder=True, freeze_encoder=True, is_clip_grad=False, log_path='logs/surf2tense/ae_only_verbs/1500_instances/100epochs.log', logger=<utils.Logger object at 0x7f785dc86c10>, lr=0.01, maxtrnsize=57769, maxtstsize=8517, maxvalsize=8329, model=VAE(
  (encoder): LSTMEncoder(
    (embed): Embedding(32, 512)
    (lstm): LSTM(512, 1024, batch_first=True)
    (dropout_in): Dropout(p=0.0, inplace=False)
    (linear): None
  )
  (decoder): None
  (probe_linear): Linear(in_features=1024, out_features=6, bias=False)
  (closs): CrossEntropyLoss()
), modelname='logs/surf2tense/ae_only_verbs/1500_instances', ni=512, nz=32, opt='Adam', plt_style='-', reset_decoder=False, reset_encoder=False, save_path='logs/surf2tense/ae_only_verbs/1500_instances/100epochs.pt', seq_to_no_pad='surface', surface_vocab_file='trmor_data/simple.tense.uniquesurfs.trn.txt', task='surf2tense', trndata='trmor_data/simple.tense.uniquesurfs.trn.txt', trnsize=1500, tstsize=0, valdata='trmor_data/simple.tense.uniquesurfs.val.txt', valsize=250)

encoder.embed.weight, torch.Size([32, 512]): False
encoder.lstm.weight_ih_l0, torch.Size([4096, 512]): False
encoder.lstm.weight_hh_l0, torch.Size([4096, 1024]): False
encoder.lstm.bias_ih_l0, torch.Size([4096]): False
encoder.lstm.bias_hh_l0, torch.Size([4096]): False
probe_linear.weight, torch.Size([6, 1024]): True
epoch: 0 avg_loss: 116.1713, ppl: 5.0855, acc: 0.4667 
epoch correct: 700 epoch wrong: 800 epoch_num_tokens: 1500 
val --- avg_loss: 26.0726, ppl: 3.8798, acc: 0.7480  
epoch correct: 187 epoch wrong: 63 epoch_num_tokens: 250 
update best loss 

epoch: 1 avg_loss: 85.2373, ppl: 3.2980, acc: 0.7540 
epoch correct: 1131 epoch wrong: 369 epoch_num_tokens: 1500 
val --- avg_loss: 20.9232, ppl: 2.9683, acc: 0.7880  
epoch correct: 197 epoch wrong: 53 epoch_num_tokens: 250 
update best loss 

epoch: 2 avg_loss: 70.8877, ppl: 2.6978, acc: 0.7667 
epoch correct: 1150 epoch wrong: 350 epoch_num_tokens: 1500 
val --- avg_loss: 17.1858, ppl: 2.4441, acc: 0.7840  
epoch correct: 196 epoch wrong: 54 epoch_num_tokens: 250 
update best loss 

epoch: 3 avg_loss: 57.0672, ppl: 2.2232, acc: 0.8140 
epoch correct: 1221 epoch wrong: 279 epoch_num_tokens: 1500 
val --- avg_loss: 15.1311, ppl: 2.1964, acc: 0.8080  
epoch correct: 202 epoch wrong: 48 epoch_num_tokens: 250 
update best loss 

epoch: 4 avg_loss: 50.7234, ppl: 2.0343, acc: 0.8447 
epoch correct: 1267 epoch wrong: 233 epoch_num_tokens: 1500 
val --- avg_loss: 13.3705, ppl: 2.0042, acc: 0.8480  
epoch correct: 212 epoch wrong: 38 epoch_num_tokens: 250 
update best loss 

epoch: 5 avg_loss: 45.2484, ppl: 1.8842, acc: 0.8580 
epoch correct: 1287 epoch wrong: 213 epoch_num_tokens: 1500 
val --- avg_loss: 12.0725, ppl: 1.8734, acc: 0.8600  
epoch correct: 215 epoch wrong: 35 epoch_num_tokens: 250 
update best loss 

epoch: 6 avg_loss: 40.8599, ppl: 1.7719, acc: 0.8667 
epoch correct: 1300 epoch wrong: 200 epoch_num_tokens: 1500 
val --- avg_loss: 11.2304, ppl: 1.7932, acc: 0.8600  
epoch correct: 215 epoch wrong: 35 epoch_num_tokens: 250 
update best loss 

epoch: 7 avg_loss: 38.0496, ppl: 1.7035, acc: 0.8800 
epoch correct: 1320 epoch wrong: 180 epoch_num_tokens: 1500 
val --- avg_loss: 10.3585, ppl: 1.7137, acc: 0.8720  
epoch correct: 218 epoch wrong: 32 epoch_num_tokens: 250 
update best loss 

epoch: 8 avg_loss: 35.5876, ppl: 1.6458, acc: 0.8847 
epoch correct: 1327 epoch wrong: 173 epoch_num_tokens: 1500 
val --- avg_loss: 9.6677, ppl: 1.6532, acc: 0.8840  
epoch correct: 221 epoch wrong: 29 epoch_num_tokens: 250 
update best loss 

epoch: 9 avg_loss: 32.8439, ppl: 1.5838, acc: 0.8987 
epoch correct: 1348 epoch wrong: 152 epoch_num_tokens: 1500 
val --- avg_loss: 9.1352, ppl: 1.6081, acc: 0.8880  
epoch correct: 222 epoch wrong: 28 epoch_num_tokens: 250 
update best loss 

epoch: 10 avg_loss: 31.0427, ppl: 1.5443, acc: 0.9020 
epoch correct: 1353 epoch wrong: 147 epoch_num_tokens: 1500 
val --- avg_loss: 8.6315, ppl: 1.5665, acc: 0.8880  
epoch correct: 222 epoch wrong: 28 epoch_num_tokens: 250 
update best loss 

epoch: 11 avg_loss: 29.3334, ppl: 1.5078, acc: 0.9060 
epoch correct: 1359 epoch wrong: 141 epoch_num_tokens: 1500 
val --- avg_loss: 8.2677, ppl: 1.5371, acc: 0.9040  
epoch correct: 226 epoch wrong: 24 epoch_num_tokens: 250 
update best loss 

epoch: 12 avg_loss: 28.2268, ppl: 1.4846, acc: 0.9067 
epoch correct: 1360 epoch wrong: 140 epoch_num_tokens: 1500 
val --- avg_loss: 7.8732, ppl: 1.5059, acc: 0.9040  
epoch correct: 226 epoch wrong: 24 epoch_num_tokens: 250 
update best loss 

epoch: 13 avg_loss: 26.7383, ppl: 1.4540, acc: 0.9113 
epoch correct: 1367 epoch wrong: 133 epoch_num_tokens: 1500 
val --- avg_loss: 7.5544, ppl: 1.4812, acc: 0.9080  
epoch correct: 227 epoch wrong: 23 epoch_num_tokens: 250 
update best loss 

epoch: 14 avg_loss: 25.6543, ppl: 1.4321, acc: 0.9187 
epoch correct: 1378 epoch wrong: 122 epoch_num_tokens: 1500 
val --- avg_loss: 7.3313, ppl: 1.4641, acc: 0.9120  
epoch correct: 228 epoch wrong: 22 epoch_num_tokens: 250 
update best loss 

epoch: 15 avg_loss: 24.4862, ppl: 1.4089, acc: 0.9207 
epoch correct: 1381 epoch wrong: 119 epoch_num_tokens: 1500 
val --- avg_loss: 7.0387, ppl: 1.4420, acc: 0.9160  
epoch correct: 229 epoch wrong: 21 epoch_num_tokens: 250 
update best loss 

epoch: 16 avg_loss: 23.6560, ppl: 1.3926, acc: 0.9247 
epoch correct: 1387 epoch wrong: 113 epoch_num_tokens: 1500 
val --- avg_loss: 6.7224, ppl: 1.4184, acc: 0.9280  
epoch correct: 232 epoch wrong: 18 epoch_num_tokens: 250 
update best loss 

epoch: 17 avg_loss: 22.8019, ppl: 1.3761, acc: 0.9233 
epoch correct: 1385 epoch wrong: 115 epoch_num_tokens: 1500 
val --- avg_loss: 6.5370, ppl: 1.4048, acc: 0.9280  
epoch correct: 232 epoch wrong: 18 epoch_num_tokens: 250 
update best loss 

epoch: 18 avg_loss: 22.1476, ppl: 1.3635, acc: 0.9293 
epoch correct: 1394 epoch wrong: 106 epoch_num_tokens: 1500 
val --- avg_loss: 6.3261, ppl: 1.3895, acc: 0.9280  
epoch correct: 232 epoch wrong: 18 epoch_num_tokens: 250 
update best loss 

epoch: 19 avg_loss: 21.2756, ppl: 1.3470, acc: 0.9320 
epoch correct: 1398 epoch wrong: 102 epoch_num_tokens: 1500 
val --- avg_loss: 6.1274, ppl: 1.3752, acc: 0.9320  
epoch correct: 233 epoch wrong: 17 epoch_num_tokens: 250 
update best loss 

epoch: 20 avg_loss: 20.5639, ppl: 1.3336, acc: 0.9333 
epoch correct: 1400 epoch wrong: 100 epoch_num_tokens: 1500 
val --- avg_loss: 5.9497, ppl: 1.3626, acc: 0.9240  
epoch correct: 231 epoch wrong: 19 epoch_num_tokens: 250 
update best loss 

epoch: 21 avg_loss: 19.9346, ppl: 1.3219, acc: 0.9367 
epoch correct: 1405 epoch wrong: 95 epoch_num_tokens: 1500 
val --- avg_loss: 5.8014, ppl: 1.3521, acc: 0.9280  
epoch correct: 232 epoch wrong: 18 epoch_num_tokens: 250 
update best loss 

epoch: 22 avg_loss: 19.5656, ppl: 1.3151, acc: 0.9393 
epoch correct: 1409 epoch wrong: 91 epoch_num_tokens: 1500 
val --- avg_loss: 5.6451, ppl: 1.3412, acc: 0.9360  
epoch correct: 234 epoch wrong: 16 epoch_num_tokens: 250 
update best loss 

epoch: 23 avg_loss: 18.7878, ppl: 1.3009, acc: 0.9427 
epoch correct: 1414 epoch wrong: 86 epoch_num_tokens: 1500 
val --- avg_loss: 5.5012, ppl: 1.3312, acc: 0.9400  
epoch correct: 235 epoch wrong: 15 epoch_num_tokens: 250 
update best loss 

epoch: 24 avg_loss: 18.3909, ppl: 1.2937, acc: 0.9433 
epoch correct: 1415 epoch wrong: 85 epoch_num_tokens: 1500 
val --- avg_loss: 5.3531, ppl: 1.3210, acc: 0.9400  
epoch correct: 235 epoch wrong: 15 epoch_num_tokens: 250 
update best loss 

epoch: 25 avg_loss: 18.0339, ppl: 1.2872, acc: 0.9440 
epoch correct: 1416 epoch wrong: 84 epoch_num_tokens: 1500 
val --- avg_loss: 5.1857, ppl: 1.3095, acc: 0.9440  
epoch correct: 236 epoch wrong: 14 epoch_num_tokens: 250 
update best loss 

epoch: 26 avg_loss: 17.3673, ppl: 1.2752, acc: 0.9460 
epoch correct: 1419 epoch wrong: 81 epoch_num_tokens: 1500 
val --- avg_loss: 5.1054, ppl: 1.3041, acc: 0.9360  
epoch correct: 234 epoch wrong: 16 epoch_num_tokens: 250 
update best loss 

epoch: 27 avg_loss: 16.9731, ppl: 1.2682, acc: 0.9480 
epoch correct: 1422 epoch wrong: 78 epoch_num_tokens: 1500 
val --- avg_loss: 5.0091, ppl: 1.2975, acc: 0.9400  
epoch correct: 235 epoch wrong: 15 epoch_num_tokens: 250 
update best loss 

epoch: 28 avg_loss: 16.6652, ppl: 1.2628, acc: 0.9480 
epoch correct: 1422 epoch wrong: 78 epoch_num_tokens: 1500 
val --- avg_loss: 4.8781, ppl: 1.2887, acc: 0.9440  
epoch correct: 236 epoch wrong: 14 epoch_num_tokens: 250 
update best loss 

epoch: 29 avg_loss: 16.2280, ppl: 1.2551, acc: 0.9520 
epoch correct: 1428 epoch wrong: 72 epoch_num_tokens: 1500 
val --- avg_loss: 4.7970, ppl: 1.2833, acc: 0.9400  
epoch correct: 235 epoch wrong: 15 epoch_num_tokens: 250 
update best loss 

epoch: 30 avg_loss: 15.8503, ppl: 1.2485, acc: 0.9493 
epoch correct: 1424 epoch wrong: 76 epoch_num_tokens: 1500 
val --- avg_loss: 4.6497, ppl: 1.2735, acc: 0.9480  
epoch correct: 237 epoch wrong: 13 epoch_num_tokens: 250 
update best loss 

epoch: 31 avg_loss: 15.5116, ppl: 1.2425, acc: 0.9540 
epoch correct: 1431 epoch wrong: 69 epoch_num_tokens: 1500 
val --- avg_loss: 4.6040, ppl: 1.2705, acc: 0.9480  
epoch correct: 237 epoch wrong: 13 epoch_num_tokens: 250 
update best loss 

epoch: 32 avg_loss: 15.2268, ppl: 1.2376, acc: 0.9560 
epoch correct: 1434 epoch wrong: 66 epoch_num_tokens: 1500 
val --- avg_loss: 4.4682, ppl: 1.2616, acc: 0.9480  
epoch correct: 237 epoch wrong: 13 epoch_num_tokens: 250 
update best loss 

epoch: 33 avg_loss: 14.8394, ppl: 1.2309, acc: 0.9560 
epoch correct: 1434 epoch wrong: 66 epoch_num_tokens: 1500 
val --- avg_loss: 4.4219, ppl: 1.2585, acc: 0.9440  
epoch correct: 236 epoch wrong: 14 epoch_num_tokens: 250 
update best loss 

epoch: 34 avg_loss: 14.5266, ppl: 1.2255, acc: 0.9580 
epoch correct: 1437 epoch wrong: 63 epoch_num_tokens: 1500 
val --- avg_loss: 4.2992, ppl: 1.2505, acc: 0.9480  
epoch correct: 237 epoch wrong: 13 epoch_num_tokens: 250 
update best loss 

epoch: 35 avg_loss: 14.2810, ppl: 1.2213, acc: 0.9593 
epoch correct: 1439 epoch wrong: 61 epoch_num_tokens: 1500 
val --- avg_loss: 4.2250, ppl: 1.2457, acc: 0.9520  
epoch correct: 238 epoch wrong: 12 epoch_num_tokens: 250 
update best loss 

epoch: 36 avg_loss: 13.9585, ppl: 1.2158, acc: 0.9600 
epoch correct: 1440 epoch wrong: 60 epoch_num_tokens: 1500 
val --- avg_loss: 4.1673, ppl: 1.2420, acc: 0.9480  
epoch correct: 237 epoch wrong: 13 epoch_num_tokens: 250 
update best loss 

epoch: 37 avg_loss: 13.6979, ppl: 1.2114, acc: 0.9627 
epoch correct: 1444 epoch wrong: 56 epoch_num_tokens: 1500 
val --- avg_loss: 4.0736, ppl: 1.2359, acc: 0.9520  
epoch correct: 238 epoch wrong: 12 epoch_num_tokens: 250 
update best loss 

epoch: 38 avg_loss: 13.4763, ppl: 1.2076, acc: 0.9613 
epoch correct: 1442 epoch wrong: 58 epoch_num_tokens: 1500 
val --- avg_loss: 4.0657, ppl: 1.2354, acc: 0.9440  
epoch correct: 236 epoch wrong: 14 epoch_num_tokens: 250 
update best loss 

epoch: 39 avg_loss: 13.2192, ppl: 1.2033, acc: 0.9633 
epoch correct: 1445 epoch wrong: 55 epoch_num_tokens: 1500 
val --- avg_loss: 3.9154, ppl: 1.2258, acc: 0.9520  
epoch correct: 238 epoch wrong: 12 epoch_num_tokens: 250 
update best loss 

epoch: 40 avg_loss: 12.9960, ppl: 1.1995, acc: 0.9653 
epoch correct: 1448 epoch wrong: 52 epoch_num_tokens: 1500 
val --- avg_loss: 3.9125, ppl: 1.2256, acc: 0.9520  
epoch correct: 238 epoch wrong: 12 epoch_num_tokens: 250 
update best loss 

epoch: 41 avg_loss: 12.9297, ppl: 1.1984, acc: 0.9627 
epoch correct: 1444 epoch wrong: 56 epoch_num_tokens: 1500 
val --- avg_loss: 3.8012, ppl: 1.2186, acc: 0.9600  
epoch correct: 240 epoch wrong: 10 epoch_num_tokens: 250 
update best loss 

epoch: 42 avg_loss: 12.4672, ppl: 1.1907, acc: 0.9633 
epoch correct: 1445 epoch wrong: 55 epoch_num_tokens: 1500 
val --- avg_loss: 3.7339, ppl: 1.2143, acc: 0.9560  
epoch correct: 239 epoch wrong: 11 epoch_num_tokens: 250 
update best loss 

epoch: 43 avg_loss: 12.2679, ppl: 1.1874, acc: 0.9660 
epoch correct: 1449 epoch wrong: 51 epoch_num_tokens: 1500 
val --- avg_loss: 3.7205, ppl: 1.2134, acc: 0.9520  
epoch correct: 238 epoch wrong: 12 epoch_num_tokens: 250 
update best loss 

epoch: 44 avg_loss: 12.0730, ppl: 1.1841, acc: 0.9660 
epoch correct: 1449 epoch wrong: 51 epoch_num_tokens: 1500 
val --- avg_loss: 3.6513, ppl: 1.2091, acc: 0.9520  
epoch correct: 238 epoch wrong: 12 epoch_num_tokens: 250 
update best loss 

epoch: 45 avg_loss: 11.9559, ppl: 1.1822, acc: 0.9680 
epoch correct: 1452 epoch wrong: 48 epoch_num_tokens: 1500 
val --- avg_loss: 3.5880, ppl: 1.2051, acc: 0.9560  
epoch correct: 239 epoch wrong: 11 epoch_num_tokens: 250 
update best loss 

epoch: 46 avg_loss: 11.8330, ppl: 1.1802, acc: 0.9667 
epoch correct: 1450 epoch wrong: 50 epoch_num_tokens: 1500 
val --- avg_loss: 3.5139, ppl: 1.2005, acc: 0.9600  
epoch correct: 240 epoch wrong: 10 epoch_num_tokens: 250 
update best loss 

epoch: 47 avg_loss: 11.5021, ppl: 1.1747, acc: 0.9680 
epoch correct: 1452 epoch wrong: 48 epoch_num_tokens: 1500 
val --- avg_loss: 3.5119, ppl: 1.2004, acc: 0.9520  
epoch correct: 238 epoch wrong: 12 epoch_num_tokens: 250 
update best loss 

epoch: 48 avg_loss: 11.3541, ppl: 1.1723, acc: 0.9700 
epoch correct: 1455 epoch wrong: 45 epoch_num_tokens: 1500 
val --- avg_loss: 3.4890, ppl: 1.1989, acc: 0.9520  
epoch correct: 238 epoch wrong: 12 epoch_num_tokens: 250 
update best loss 

epoch: 49 avg_loss: 11.1916, ppl: 1.1696, acc: 0.9687 
epoch correct: 1453 epoch wrong: 47 epoch_num_tokens: 1500 
val --- avg_loss: 3.3885, ppl: 1.1927, acc: 0.9600  
epoch correct: 240 epoch wrong: 10 epoch_num_tokens: 250 
update best loss 

epoch: 50 avg_loss: 10.9793, ppl: 1.1662, acc: 0.9693 
epoch correct: 1454 epoch wrong: 46 epoch_num_tokens: 1500 
val --- avg_loss: 3.3527, ppl: 1.1905, acc: 0.9520  
epoch correct: 238 epoch wrong: 12 epoch_num_tokens: 250 
update best loss 

epoch: 51 avg_loss: 10.8601, ppl: 1.1642, acc: 0.9700 
epoch correct: 1455 epoch wrong: 45 epoch_num_tokens: 1500 
val --- avg_loss: 3.2989, ppl: 1.1871, acc: 0.9560  
epoch correct: 239 epoch wrong: 11 epoch_num_tokens: 250 
update best loss 

epoch: 52 avg_loss: 10.6283, ppl: 1.1604, acc: 0.9707 
epoch correct: 1456 epoch wrong: 44 epoch_num_tokens: 1500 
val --- avg_loss: 3.2516, ppl: 1.1842, acc: 0.9560  
epoch correct: 239 epoch wrong: 11 epoch_num_tokens: 250 
update best loss 

epoch: 53 avg_loss: 10.5688, ppl: 1.1595, acc: 0.9713 
epoch correct: 1457 epoch wrong: 43 epoch_num_tokens: 1500 
val --- avg_loss: 3.1942, ppl: 1.1807, acc: 0.9640  
epoch correct: 241 epoch wrong: 9 epoch_num_tokens: 250 
update best loss 

epoch: 54 avg_loss: 10.4057, ppl: 1.1568, acc: 0.9713 
epoch correct: 1457 epoch wrong: 43 epoch_num_tokens: 1500 
val --- avg_loss: 3.2049, ppl: 1.1813, acc: 0.9560  
epoch correct: 239 epoch wrong: 11 epoch_num_tokens: 250 

epoch: 55 avg_loss: 10.2385, ppl: 1.1541, acc: 0.9707 
epoch correct: 1456 epoch wrong: 44 epoch_num_tokens: 1500 
val --- avg_loss: 3.1811, ppl: 1.1799, acc: 0.9560  
epoch correct: 239 epoch wrong: 11 epoch_num_tokens: 250 
update best loss 

epoch: 56 avg_loss: 10.1437, ppl: 1.1526, acc: 0.9720 
epoch correct: 1458 epoch wrong: 42 epoch_num_tokens: 1500 
val --- avg_loss: 3.0364, ppl: 1.1710, acc: 0.9680  
epoch correct: 242 epoch wrong: 8 epoch_num_tokens: 250 
update best loss 

epoch: 57 avg_loss: 10.0118, ppl: 1.1505, acc: 0.9713 
epoch correct: 1457 epoch wrong: 43 epoch_num_tokens: 1500 
val --- avg_loss: 3.0532, ppl: 1.1721, acc: 0.9720  
epoch correct: 243 epoch wrong: 7 epoch_num_tokens: 250 

epoch: 58 avg_loss: 9.8456, ppl: 1.1478, acc: 0.9713 
epoch correct: 1457 epoch wrong: 43 epoch_num_tokens: 1500 
val --- avg_loss: 3.0329, ppl: 1.1708, acc: 0.9640  
epoch correct: 241 epoch wrong: 9 epoch_num_tokens: 250 
update best loss 

epoch: 59 avg_loss: 9.6945, ppl: 1.1454, acc: 0.9713 
epoch correct: 1457 epoch wrong: 43 epoch_num_tokens: 1500 
val --- avg_loss: 3.0041, ppl: 1.1691, acc: 0.9640  
epoch correct: 241 epoch wrong: 9 epoch_num_tokens: 250 
update best loss 

epoch: 60 avg_loss: 9.5603, ppl: 1.1432, acc: 0.9747 
epoch correct: 1462 epoch wrong: 38 epoch_num_tokens: 1500 
val --- avg_loss: 2.9244, ppl: 1.1642, acc: 0.9680  
epoch correct: 242 epoch wrong: 8 epoch_num_tokens: 250 
update best loss 

epoch: 61 avg_loss: 9.4461, ppl: 1.1414, acc: 0.9747 
epoch correct: 1462 epoch wrong: 38 epoch_num_tokens: 1500 
val --- avg_loss: 2.9277, ppl: 1.1644, acc: 0.9680  
epoch correct: 242 epoch wrong: 8 epoch_num_tokens: 250 

epoch: 62 avg_loss: 9.4332, ppl: 1.1412, acc: 0.9733 
epoch correct: 1460 epoch wrong: 40 epoch_num_tokens: 1500 
val --- avg_loss: 2.8936, ppl: 1.1624, acc: 0.9680  
epoch correct: 242 epoch wrong: 8 epoch_num_tokens: 250 
update best loss 

epoch: 63 avg_loss: 9.1609, ppl: 1.1368, acc: 0.9740 
epoch correct: 1461 epoch wrong: 39 epoch_num_tokens: 1500 
val --- avg_loss: 2.8739, ppl: 1.1612, acc: 0.9640  
epoch correct: 241 epoch wrong: 9 epoch_num_tokens: 250 
update best loss 

epoch: 64 avg_loss: 9.0739, ppl: 1.1355, acc: 0.9733 
epoch correct: 1460 epoch wrong: 40 epoch_num_tokens: 1500 
val --- avg_loss: 2.8135, ppl: 1.1575, acc: 0.9720  
epoch correct: 243 epoch wrong: 7 epoch_num_tokens: 250 
update best loss 

epoch: 65 avg_loss: 8.9899, ppl: 1.1341, acc: 0.9727 
epoch correct: 1459 epoch wrong: 41 epoch_num_tokens: 1500 
val --- avg_loss: 2.7767, ppl: 1.1553, acc: 0.9720  
epoch correct: 243 epoch wrong: 7 epoch_num_tokens: 250 
update best loss 

epoch: 66 avg_loss: 8.8694, ppl: 1.1322, acc: 0.9747 
epoch correct: 1462 epoch wrong: 38 epoch_num_tokens: 1500 
val --- avg_loss: 2.7593, ppl: 1.1543, acc: 0.9760  
epoch correct: 244 epoch wrong: 6 epoch_num_tokens: 250 
update best loss 

epoch: 67 avg_loss: 8.7521, ppl: 1.1304, acc: 0.9753 
epoch correct: 1463 epoch wrong: 37 epoch_num_tokens: 1500 
val --- avg_loss: 2.7437, ppl: 1.1534, acc: 0.9720  
epoch correct: 243 epoch wrong: 7 epoch_num_tokens: 250 
update best loss 

epoch: 68 avg_loss: 8.7250, ppl: 1.1299, acc: 0.9753 
epoch correct: 1463 epoch wrong: 37 epoch_num_tokens: 1500 
val --- avg_loss: 2.7362, ppl: 1.1529, acc: 0.9680  
epoch correct: 242 epoch wrong: 8 epoch_num_tokens: 250 
update best loss 

epoch: 69 avg_loss: 8.5961, ppl: 1.1279, acc: 0.9753 
epoch correct: 1463 epoch wrong: 37 epoch_num_tokens: 1500 
val --- avg_loss: 2.6684, ppl: 1.1488, acc: 0.9680  
epoch correct: 242 epoch wrong: 8 epoch_num_tokens: 250 
update best loss 

epoch: 70 avg_loss: 8.4560, ppl: 1.1257, acc: 0.9760 
epoch correct: 1464 epoch wrong: 36 epoch_num_tokens: 1500 
val --- avg_loss: 2.6398, ppl: 1.1471, acc: 0.9720  
epoch correct: 243 epoch wrong: 7 epoch_num_tokens: 250 
update best loss 

epoch: 71 avg_loss: 8.3746, ppl: 1.1244, acc: 0.9767 
epoch correct: 1465 epoch wrong: 35 epoch_num_tokens: 1500 
val --- avg_loss: 2.5805, ppl: 1.1436, acc: 0.9760  
epoch correct: 244 epoch wrong: 6 epoch_num_tokens: 250 
update best loss 

epoch: 72 avg_loss: 8.2518, ppl: 1.1225, acc: 0.9780 
epoch correct: 1467 epoch wrong: 33 epoch_num_tokens: 1500 
val --- avg_loss: 2.5892, ppl: 1.1441, acc: 0.9720  
epoch correct: 243 epoch wrong: 7 epoch_num_tokens: 250 

epoch: 73 avg_loss: 8.1525, ppl: 1.1209, acc: 0.9767 
epoch correct: 1465 epoch wrong: 35 epoch_num_tokens: 1500 
val --- avg_loss: 2.5655, ppl: 1.1427, acc: 0.9760  
epoch correct: 244 epoch wrong: 6 epoch_num_tokens: 250 
update best loss 

epoch: 74 avg_loss: 8.0858, ppl: 1.1199, acc: 0.9780 
epoch correct: 1467 epoch wrong: 33 epoch_num_tokens: 1500 
val --- avg_loss: 2.5475, ppl: 1.1416, acc: 0.9720  
epoch correct: 243 epoch wrong: 7 epoch_num_tokens: 250 
update best loss 

epoch: 75 avg_loss: 7.9707, ppl: 1.1181, acc: 0.9793 
epoch correct: 1469 epoch wrong: 31 epoch_num_tokens: 1500 
val --- avg_loss: 2.5138, ppl: 1.1396, acc: 0.9760  
epoch correct: 244 epoch wrong: 6 epoch_num_tokens: 250 
update best loss 

epoch: 76 avg_loss: 7.9564, ppl: 1.1178, acc: 0.9760 
epoch correct: 1464 epoch wrong: 36 epoch_num_tokens: 1500 
val --- avg_loss: 2.4815, ppl: 1.1377, acc: 0.9760  
epoch correct: 244 epoch wrong: 6 epoch_num_tokens: 250 
update best loss 

epoch: 77 avg_loss: 7.9224, ppl: 1.1173, acc: 0.9787 
epoch correct: 1468 epoch wrong: 32 epoch_num_tokens: 1500 
val --- avg_loss: 2.4807, ppl: 1.1377, acc: 0.9680  
epoch correct: 242 epoch wrong: 8 epoch_num_tokens: 250 
update best loss 

epoch: 78 avg_loss: 7.7737, ppl: 1.1150, acc: 0.9773 
epoch correct: 1466 epoch wrong: 34 epoch_num_tokens: 1500 
val --- avg_loss: 2.4569, ppl: 1.1363, acc: 0.9760  
epoch correct: 244 epoch wrong: 6 epoch_num_tokens: 250 
update best loss 

epoch: 79 avg_loss: 7.6695, ppl: 1.1133, acc: 0.9813 
epoch correct: 1472 epoch wrong: 28 epoch_num_tokens: 1500 
val --- avg_loss: 2.4103, ppl: 1.1335, acc: 0.9720  
epoch correct: 243 epoch wrong: 7 epoch_num_tokens: 250 
update best loss 

epoch: 80 avg_loss: 7.5415, ppl: 1.1114, acc: 0.9813 
epoch correct: 1472 epoch wrong: 28 epoch_num_tokens: 1500 
val --- avg_loss: 2.3746, ppl: 1.1314, acc: 0.9760  
epoch correct: 244 epoch wrong: 6 epoch_num_tokens: 250 
update best loss 

epoch: 81 avg_loss: 7.4801, ppl: 1.1104, acc: 0.9800 
epoch correct: 1470 epoch wrong: 30 epoch_num_tokens: 1500 
val --- avg_loss: 2.3947, ppl: 1.1326, acc: 0.9760  
epoch correct: 244 epoch wrong: 6 epoch_num_tokens: 250 

epoch: 82 avg_loss: 7.4029, ppl: 1.1092, acc: 0.9813 
epoch correct: 1472 epoch wrong: 28 epoch_num_tokens: 1500 
val --- avg_loss: 2.3470, ppl: 1.1298, acc: 0.9760  
epoch correct: 244 epoch wrong: 6 epoch_num_tokens: 250 
update best loss 

epoch: 83 avg_loss: 7.3347, ppl: 1.1081, acc: 0.9800 
epoch correct: 1470 epoch wrong: 30 epoch_num_tokens: 1500 
val --- avg_loss: 2.3428, ppl: 1.1296, acc: 0.9760  
epoch correct: 244 epoch wrong: 6 epoch_num_tokens: 250 
update best loss 

epoch: 84 avg_loss: 7.3100, ppl: 1.1078, acc: 0.9800 
epoch correct: 1470 epoch wrong: 30 epoch_num_tokens: 1500 
val --- avg_loss: 2.2788, ppl: 1.1258, acc: 0.9760  
epoch correct: 244 epoch wrong: 6 epoch_num_tokens: 250 
update best loss 

epoch: 85 avg_loss: 7.1939, ppl: 1.1060, acc: 0.9813 
epoch correct: 1472 epoch wrong: 28 epoch_num_tokens: 1500 
val --- avg_loss: 2.2771, ppl: 1.1257, acc: 0.9760  
epoch correct: 244 epoch wrong: 6 epoch_num_tokens: 250 
update best loss 

epoch: 86 avg_loss: 7.0981, ppl: 1.1045, acc: 0.9827 
epoch correct: 1474 epoch wrong: 26 epoch_num_tokens: 1500 
val --- avg_loss: 2.2890, ppl: 1.1264, acc: 0.9760  
epoch correct: 244 epoch wrong: 6 epoch_num_tokens: 250 

epoch: 87 avg_loss: 7.0501, ppl: 1.1037, acc: 0.9833 
epoch correct: 1475 epoch wrong: 25 epoch_num_tokens: 1500 
val --- avg_loss: 2.2459, ppl: 1.1239, acc: 0.9760  
epoch correct: 244 epoch wrong: 6 epoch_num_tokens: 250 
update best loss 

epoch: 88 avg_loss: 6.9852, ppl: 1.1027, acc: 0.9813 
epoch correct: 1472 epoch wrong: 28 epoch_num_tokens: 1500 
val --- avg_loss: 2.2661, ppl: 1.1251, acc: 0.9760  
epoch correct: 244 epoch wrong: 6 epoch_num_tokens: 250 

epoch: 89 avg_loss: 6.9066, ppl: 1.1015, acc: 0.9827 
epoch correct: 1474 epoch wrong: 26 epoch_num_tokens: 1500 
val --- avg_loss: 2.2202, ppl: 1.1224, acc: 0.9760  
epoch correct: 244 epoch wrong: 6 epoch_num_tokens: 250 
update best loss 

epoch: 90 avg_loss: 6.8313, ppl: 1.1004, acc: 0.9820 
epoch correct: 1473 epoch wrong: 27 epoch_num_tokens: 1500 
val --- avg_loss: 2.1975, ppl: 1.1211, acc: 0.9760  
epoch correct: 244 epoch wrong: 6 epoch_num_tokens: 250 
update best loss 

epoch: 91 avg_loss: 6.8351, ppl: 1.1004, acc: 0.9820 
epoch correct: 1473 epoch wrong: 27 epoch_num_tokens: 1500 
val --- avg_loss: 2.1659, ppl: 1.1192, acc: 0.9760  
epoch correct: 244 epoch wrong: 6 epoch_num_tokens: 250 
update best loss 

epoch: 92 avg_loss: 6.6867, ppl: 1.0981, acc: 0.9833 
epoch correct: 1475 epoch wrong: 25 epoch_num_tokens: 1500 
val --- avg_loss: 2.1759, ppl: 1.1198, acc: 0.9760  
epoch correct: 244 epoch wrong: 6 epoch_num_tokens: 250 

epoch: 93 avg_loss: 6.6607, ppl: 1.0977, acc: 0.9833 
epoch correct: 1475 epoch wrong: 25 epoch_num_tokens: 1500 
val --- avg_loss: 2.1080, ppl: 1.1159, acc: 0.9760  
epoch correct: 244 epoch wrong: 6 epoch_num_tokens: 250 
update best loss 

epoch: 94 avg_loss: 6.6266, ppl: 1.0972, acc: 0.9827 
epoch correct: 1474 epoch wrong: 26 epoch_num_tokens: 1500 
val --- avg_loss: 2.1129, ppl: 1.1161, acc: 0.9760  
epoch correct: 244 epoch wrong: 6 epoch_num_tokens: 250 

epoch: 95 avg_loss: 6.4947, ppl: 1.0952, acc: 0.9833 
epoch correct: 1475 epoch wrong: 25 epoch_num_tokens: 1500 
val --- avg_loss: 2.1464, ppl: 1.1181, acc: 0.9760  
epoch correct: 244 epoch wrong: 6 epoch_num_tokens: 250 

epoch: 96 avg_loss: 6.4345, ppl: 1.0943, acc: 0.9833 
epoch correct: 1475 epoch wrong: 25 epoch_num_tokens: 1500 
val --- avg_loss: 2.0922, ppl: 1.1149, acc: 0.9760  
epoch correct: 244 epoch wrong: 6 epoch_num_tokens: 250 
update best loss 

epoch: 97 avg_loss: 6.3652, ppl: 1.0932, acc: 0.9833 
epoch correct: 1475 epoch wrong: 25 epoch_num_tokens: 1500 
val --- avg_loss: 2.0728, ppl: 1.1138, acc: 0.9760  
epoch correct: 244 epoch wrong: 6 epoch_num_tokens: 250 
update best loss 

epoch: 98 avg_loss: 6.3046, ppl: 1.0923, acc: 0.9833 
epoch correct: 1475 epoch wrong: 25 epoch_num_tokens: 1500 
val --- avg_loss: 2.0642, ppl: 1.1133, acc: 0.9760  
epoch correct: 244 epoch wrong: 6 epoch_num_tokens: 250 
update best loss 

epoch: 99 avg_loss: 6.2986, ppl: 1.0922, acc: 0.9840 
epoch correct: 1476 epoch wrong: 24 epoch_num_tokens: 1500 
val --- avg_loss: 2.0123, ppl: 1.1103, acc: 0.9760  
epoch correct: 244 epoch wrong: 6 epoch_num_tokens: 250 
update best loss 
