
number of params: 8379392 
Namespace(batchsize=128, beta=0.5, dec_dropout_in=0.5, dec_dropout_out=0.5, dec_nh=512, dec_nh_tmp=512, device='cuda', embedding_dim=512, enc_dropout_in=0.0, enc_dropout_out=0.0, enc_nh=512, epochs=200, fig_path='model/vqvae/results/training/28794_instances/discretelemma_bilstm_8x6_dec512_suffixd512/200epochs.png', incat=512, incat_tmp=512, lemmadict_emb_num=5000, log_path='model/vqvae/results/training/28794_instances/discretelemma_bilstm_8x6_dec512_suffixd512/200epochs.log', logger=<common.utils.Logger object at 0x7f5cd7a34110>, lr=0.001, maxtrnsize=10000000, maxtstsize=10000, maxvalsize=10000, mname='vqvae', model=VQVAE(
  (encoder): VQVAE_Encoder(
    (embed): Embedding(36, 256)
    (lstm): LSTM(256, 512, batch_first=True, bidirectional=True)
    (dropout_in): Dropout(p=0.0, inplace=False)
  )
  (vq_layer_lemma): VectorQuantizer(
    (embedding): Embedding(5000, 512)
  )
  (ord_vq_layers): ModuleList(
    (0): VectorQuantizer(
      (embedding): Embedding(6, 64)
    )
    (1): VectorQuantizer(
      (embedding): Embedding(6, 64)
    )
    (2): VectorQuantizer(
      (embedding): Embedding(6, 64)
    )
    (3): VectorQuantizer(
      (embedding): Embedding(6, 64)
    )
    (4): VectorQuantizer(
      (embedding): Embedding(6, 64)
    )
    (5): VectorQuantizer(
      (embedding): Embedding(6, 64)
    )
    (6): VectorQuantizer(
      (embedding): Embedding(6, 64)
    )
    (7): VectorQuantizer(
      (embedding): Embedding(6, 64)
    )
  )
  (decoder): VQVAE_Decoder(
    (embed): Embedding(36, 256, padding_idx=0)
    (dropout_in): Dropout(p=0.5, inplace=False)
    (dropout_out): Dropout(p=0.5, inplace=False)
    (lstm): LSTM(768, 512, batch_first=True)
    (pred_linear): Linear(in_features=512, out_features=36, bias=False)
    (loss): CrossEntropyLoss()
  )
), model_prefix='discretelemma_bilstm_8x6_dec512_suffixd512/', modelname='model/vqvae/results/training/28794_instances/discretelemma_bilstm_8x6_dec512_suffixd512/', ni=256, num_dicts=9, num_dicts_tmp=9, nz=128, opt='Adam', orddict_emb_num=6, outcat=0, outcat_tmp=0, pretrained_model=VQVAE_AE(
  (encoder): VQVAE_Encoder(
    (embed): Embedding(36, 256)
    (lstm): LSTM(256, 512, batch_first=True, bidirectional=True)
    (dropout_in): Dropout(p=0.0, inplace=False)
  )
  (decoder): VQVAE_Decoder(
    (embed): Embedding(36, 256, padding_idx=0)
    (dropout_in): Dropout(p=0.5, inplace=False)
    (dropout_out): Dropout(p=0.5, inplace=False)
    (lstm): LSTM(256, 1024, batch_first=True)
    (pred_linear): Linear(in_features=1024, out_features=36, bias=False)
    (loss): CrossEntropyLoss()
  )
), save_path='model/vqvae/results/training/28794_instances/discretelemma_bilstm_8x6_dec512_suffixd512/200epochs.pt', seq_to_no_pad='surface', surf_vocab=<common.vocab.VocabEntry object at 0x7f5cd7bed690>, surface_vocab_file='data/sigmorphon2016/zhou_merged', task='vqvae', trndata='data/sigmorphon2016/zhou_merged', trnsize=28794, tstdata='data/sigmorphon2016/turkish-task3-dev', tstsize=28794, valdata='data/sigmorphon2016/turkish-task3-dev', valsize=1589)

encoder.embed.weight, torch.Size([36, 256]): True
encoder.lstm.weight_ih_l0, torch.Size([2048, 256]): True
encoder.lstm.weight_hh_l0, torch.Size([2048, 512]): True
encoder.lstm.bias_ih_l0, torch.Size([2048]): True
encoder.lstm.bias_hh_l0, torch.Size([2048]): True
encoder.lstm.weight_ih_l0_reverse, torch.Size([2048, 256]): True
encoder.lstm.weight_hh_l0_reverse, torch.Size([2048, 512]): True
encoder.lstm.bias_ih_l0_reverse, torch.Size([2048]): True
encoder.lstm.bias_hh_l0_reverse, torch.Size([2048]): True
vq_layer_lemma.embedding.weight, torch.Size([5000, 512]): True
ord_vq_layers.0.embedding.weight, torch.Size([6, 64]): True
ord_vq_layers.1.embedding.weight, torch.Size([6, 64]): True
ord_vq_layers.2.embedding.weight, torch.Size([6, 64]): True
ord_vq_layers.3.embedding.weight, torch.Size([6, 64]): True
ord_vq_layers.4.embedding.weight, torch.Size([6, 64]): True
ord_vq_layers.5.embedding.weight, torch.Size([6, 64]): True
ord_vq_layers.6.embedding.weight, torch.Size([6, 64]): True
ord_vq_layers.7.embedding.weight, torch.Size([6, 64]): True
decoder.embed.weight, torch.Size([36, 256]): True
decoder.lstm.weight_ih_l0, torch.Size([2048, 768]): True
decoder.lstm.weight_hh_l0, torch.Size([2048, 512]): True
decoder.lstm.bias_ih_l0, torch.Size([2048]): True
decoder.lstm.bias_hh_l0, torch.Size([2048]): True
decoder.pred_linear.weight, torch.Size([36, 512]): True
epoch: 0,  avg_loss: 24.9254, avg_recon_loss: 24.1254, avg_kl_loss: 0.0000, avg_vq_loss: 0.8000, ppl: 7.0702, acc: 0.4171, vq_inds: [3695, 6, 6, 6, 6, 6, 6, 6, 6], unique_vq_codes: 25637, unique_suffix_codes: 3159, logdet: 0.0000 
val ---  avg_loss: 15.2927, avg_recon_loss: 14.0418, avg_kl_loss: 0.0000, avg_vq_loss: 1.2509, ppl: 3.1095, acc: 0.6725, vq_inds: [1072, 6, 6, 6, 6, 6, 6, 6, 6], unique_vq_codes: 1573, unique_suffix_codes: 603, val_unique_suffix_codes: 153 
update best loss 

epoch: 1,  avg_loss: 11.6025, avg_recon_loss: 9.8929, avg_kl_loss: 0.0000, avg_vq_loss: 1.7096, ppl: 2.2301, acc: 0.7741, vq_inds: [3399, 6, 6, 6, 6, 6, 6, 6, 6], unique_vq_codes: 27915, unique_suffix_codes: 4101, logdet: 0.0000 
val ---  avg_loss: 9.5589, avg_recon_loss: 7.5463, avg_kl_loss: 0.0000, avg_vq_loss: 2.0126, ppl: 1.8398, acc: 0.8289, vq_inds: [1141, 6, 6, 6, 6, 6, 6, 6, 6], unique_vq_codes: 1587, unique_suffix_codes: 728, val_unique_suffix_codes: 253 
update best loss 

epoch: 2,  avg_loss: 8.0067, avg_recon_loss: 5.9860, avg_kl_loss: 0.0000, avg_vq_loss: 2.0207, ppl: 1.6247, acc: 0.8743, vq_inds: [3083, 6, 6, 6, 6, 6, 6, 6, 6], unique_vq_codes: 28281, unique_suffix_codes: 4934, logdet: 0.0000 
val ---  avg_loss: 6.5923, avg_recon_loss: 4.3432, avg_kl_loss: 0.0000, avg_vq_loss: 2.2491, ppl: 1.4203, acc: 0.9129, vq_inds: [1120, 6, 6, 6, 6, 6, 6, 6, 6], unique_vq_codes: 1589, unique_suffix_codes: 919, val_unique_suffix_codes: 188 
update best loss 

epoch: 3,  avg_loss: 5.8495, avg_recon_loss: 3.7083, avg_kl_loss: 0.0000, avg_vq_loss: 2.1412, ppl: 1.3507, acc: 0.9257, vq_inds: [2848, 6, 6, 6, 6, 6, 6, 6, 6], unique_vq_codes: 28394, unique_suffix_codes: 5903, logdet: 0.0000 
val ---  avg_loss: 4.7920, avg_recon_loss: 2.6114, avg_kl_loss: 0.0000, avg_vq_loss: 2.1805, ppl: 1.2349, acc: 0.9494, vq_inds: [1096, 6, 6, 6, 6, 6, 6, 6, 6], unique_vq_codes: 1589, unique_suffix_codes: 1023, val_unique_suffix_codes: 184 
update best loss 

epoch: 4,  avg_loss: 4.6760, avg_recon_loss: 2.5885, avg_kl_loss: 0.0000, avg_vq_loss: 2.0875, ppl: 1.2335, acc: 0.9495, vq_inds: [2703, 6, 6, 6, 6, 6, 6, 6, 6], unique_vq_codes: 28482, unique_suffix_codes: 6880, logdet: 0.0000 
val ---  avg_loss: 3.8877, avg_recon_loss: 1.8023, avg_kl_loss: 0.0000, avg_vq_loss: 2.0853, ppl: 1.1567, acc: 0.9667, vq_inds: [1091, 6, 6, 6, 6, 6, 6, 6, 6], unique_vq_codes: 1589, unique_suffix_codes: 1136, val_unique_suffix_codes: 200 
update best loss 

epoch: 5,  avg_loss: 3.9632, avg_recon_loss: 2.0026, avg_kl_loss: 0.0000, avg_vq_loss: 1.9605, ppl: 1.1763, acc: 0.9610, vq_inds: [2605, 6, 6, 6, 6, 6, 6, 6, 6], unique_vq_codes: 28580, unique_suffix_codes: 7625, logdet: 0.0000 
val ---  avg_loss: 3.5539, avg_recon_loss: 1.5705, avg_kl_loss: 0.0000, avg_vq_loss: 1.9834, ppl: 1.1353, acc: 0.9712, vq_inds: [1087, 6, 6, 6, 6, 6, 6, 6, 6], unique_vq_codes: 1589, unique_suffix_codes: 1128, val_unique_suffix_codes: 187 
update best loss 

epoch: 6,  avg_loss: 3.3576, avg_recon_loss: 1.5402, avg_kl_loss: 0.0000, avg_vq_loss: 1.8174, ppl: 1.1330, acc: 0.9705, vq_inds: [2533, 6, 6, 6, 6, 6, 6, 6, 6], unique_vq_codes: 28598, unique_suffix_codes: 7691, logdet: 0.0000 
val ---  avg_loss: 2.7816, avg_recon_loss: 1.0158, avg_kl_loss: 0.0000, avg_vq_loss: 1.7657, ppl: 1.0855, acc: 0.9815, vq_inds: [1094, 6, 6, 6, 6, 6, 6, 6, 6], unique_vq_codes: 1589, unique_suffix_codes: 1144, val_unique_suffix_codes: 190 
update best loss 

epoch: 7,  avg_loss: 2.9503, avg_recon_loss: 1.2560, avg_kl_loss: 0.0000, avg_vq_loss: 1.6943, ppl: 1.1072, acc: 0.9758, vq_inds: [2497, 6, 6, 6, 6, 6, 6, 6, 6], unique_vq_codes: 28621, unique_suffix_codes: 8261, logdet: 0.0000 
val ---  avg_loss: 2.6483, avg_recon_loss: 0.9272, avg_kl_loss: 0.0000, avg_vq_loss: 1.7211, ppl: 1.0778, acc: 0.9837, vq_inds: [1096, 6, 6, 6, 6, 6, 6, 6, 6], unique_vq_codes: 1589, unique_suffix_codes: 1198, val_unique_suffix_codes: 231 
update best loss 

epoch: 8,  avg_loss: 2.7074, avg_recon_loss: 1.1280, avg_kl_loss: 0.0000, avg_vq_loss: 1.5794, ppl: 1.0958, acc: 0.9784, vq_inds: [2447, 6, 6, 6, 6, 6, 6, 6, 6], unique_vq_codes: 28639, unique_suffix_codes: 8569, logdet: 0.0000 
val ---  avg_loss: 2.2821, avg_recon_loss: 0.7630, avg_kl_loss: 0.0000, avg_vq_loss: 1.5191, ppl: 1.0636, acc: 0.9876, vq_inds: [1094, 6, 6, 6, 6, 6, 6, 6, 6], unique_vq_codes: 1589, unique_suffix_codes: 1186, val_unique_suffix_codes: 188 
update best loss 

epoch: 9,  avg_loss: 2.3028, avg_recon_loss: 0.8410, avg_kl_loss: 0.0000, avg_vq_loss: 1.4617, ppl: 1.0706, acc: 0.9842, vq_inds: [2415, 6, 6, 6, 6, 6, 6, 6, 6], unique_vq_codes: 28645, unique_suffix_codes: 8600, logdet: 0.0000 
val ---  avg_loss: 1.9330, avg_recon_loss: 0.5602, avg_kl_loss: 0.0000, avg_vq_loss: 1.3728, ppl: 1.0463, acc: 0.9907, vq_inds: [1094, 6, 6, 6, 6, 6, 6, 6, 6], unique_vq_codes: 1589, unique_suffix_codes: 1225, val_unique_suffix_codes: 177 
update best loss 

epoch: 10,  avg_loss: 2.1995, avg_recon_loss: 0.8532, avg_kl_loss: 0.0000, avg_vq_loss: 1.3464, ppl: 1.0716, acc: 0.9832, vq_inds: [2393, 6, 6, 6, 6, 6, 6, 6, 6], unique_vq_codes: 28668, unique_suffix_codes: 9269, logdet: 0.0000 
val ---  avg_loss: 2.6133, avg_recon_loss: 1.1643, avg_kl_loss: 0.0000, avg_vq_loss: 1.4490, ppl: 1.0986, acc: 0.9771, vq_inds: [1102, 6, 6, 6, 6, 6, 6, 6, 6], unique_vq_codes: 1589, unique_suffix_codes: 1189, val_unique_suffix_codes: 306 

epoch: 11,  avg_loss: 2.3699, avg_recon_loss: 0.9326, avg_kl_loss: 0.0000, avg_vq_loss: 1.4373, ppl: 1.0785, acc: 0.9816, vq_inds: [2393, 6, 6, 6, 6, 6, 6, 6, 6], unique_vq_codes: 28669, unique_suffix_codes: 9155, logdet: 0.0000 
val ---  avg_loss: 1.7959, avg_recon_loss: 0.4542, avg_kl_loss: 0.0000, avg_vq_loss: 1.3417, ppl: 1.0374, acc: 0.9917, vq_inds: [1096, 6, 6, 6, 6, 6, 6, 6, 6], unique_vq_codes: 1589, unique_suffix_codes: 1240, val_unique_suffix_codes: 198 
update best loss 

epoch: 12,  avg_loss: 2.0971, avg_recon_loss: 0.7564, avg_kl_loss: 0.0000, avg_vq_loss: 1.3408, ppl: 1.0632, acc: 0.9852, vq_inds: [2381, 6, 6, 6, 6, 6, 6, 6, 6], unique_vq_codes: 28694, unique_suffix_codes: 9412, logdet: 0.0000 
val ---  avg_loss: 1.8424, avg_recon_loss: 0.4938, avg_kl_loss: 0.0000, avg_vq_loss: 1.3486, ppl: 1.0407, acc: 0.9909, vq_inds: [1098, 6, 6, 6, 6, 6, 6, 6, 6], unique_vq_codes: 1589, unique_suffix_codes: 1266, val_unique_suffix_codes: 213 

epoch: 13,  avg_loss: 1.8070, avg_recon_loss: 0.5666, avg_kl_loss: 0.0000, avg_vq_loss: 1.2405, ppl: 1.0470, acc: 0.9891, vq_inds: [2371, 6, 6, 6, 6, 6, 6, 6, 6], unique_vq_codes: 28696, unique_suffix_codes: 8891, logdet: 0.0000 
val ---  avg_loss: 1.6954, avg_recon_loss: 0.4657, avg_kl_loss: 0.0000, avg_vq_loss: 1.2297, ppl: 1.0383, acc: 0.9920, vq_inds: [1102, 6, 6, 6, 6, 6, 6, 6, 6], unique_vq_codes: 1589, unique_suffix_codes: 1232, val_unique_suffix_codes: 216 
update best loss 

epoch: 14,  avg_loss: 1.6239, avg_recon_loss: 0.4829, avg_kl_loss: 0.0000, avg_vq_loss: 1.1411, ppl: 1.0399, acc: 0.9908, vq_inds: [2362, 6, 6, 6, 6, 6, 6, 6, 6], unique_vq_codes: 28702, unique_suffix_codes: 8749, logdet: 0.0000 
val ---  avg_loss: 1.3998, avg_recon_loss: 0.3133, avg_kl_loss: 0.0000, avg_vq_loss: 1.0865, ppl: 1.0256, acc: 0.9948, vq_inds: [1102, 6, 6, 6, 6, 6, 6, 6, 6], unique_vq_codes: 1589, unique_suffix_codes: 1249, val_unique_suffix_codes: 208 
update best loss 

epoch: 15,  avg_loss: 1.4092, avg_recon_loss: 0.3776, avg_kl_loss: 0.0000, avg_vq_loss: 1.0315, ppl: 1.0311, acc: 0.9928, vq_inds: [2357, 6, 6, 6, 6, 6, 6, 6, 6], unique_vq_codes: 28697, unique_suffix_codes: 8963, logdet: 0.0000 
val ---  avg_loss: 1.3192, avg_recon_loss: 0.3117, avg_kl_loss: 0.0000, avg_vq_loss: 1.0075, ppl: 1.0255, acc: 0.9943, vq_inds: [1097, 6, 6, 6, 6, 6, 6, 6, 6], unique_vq_codes: 1589, unique_suffix_codes: 1254, val_unique_suffix_codes: 184 
update best loss 

epoch: 16,  avg_loss: 1.3351, avg_recon_loss: 0.3677, avg_kl_loss: 0.0000, avg_vq_loss: 0.9673, ppl: 1.0303, acc: 0.9932, vq_inds: [2357, 6, 6, 6, 6, 6, 6, 6, 6], unique_vq_codes: 28705, unique_suffix_codes: 9028, logdet: 0.0000 
val ---  avg_loss: 1.3041, avg_recon_loss: 0.2580, avg_kl_loss: 0.0000, avg_vq_loss: 1.0461, ppl: 1.0211, acc: 0.9952, vq_inds: [1097, 6, 6, 6, 6, 6, 6, 6, 6], unique_vq_codes: 1589, unique_suffix_codes: 1327, val_unique_suffix_codes: 263 
update best loss 

epoch: 17,  avg_loss: 1.2306, avg_recon_loss: 0.3154, avg_kl_loss: 0.0000, avg_vq_loss: 0.9152, ppl: 1.0259, acc: 0.9942, vq_inds: [2360, 6, 6, 6, 6, 6, 6, 6, 6], unique_vq_codes: 28725, unique_suffix_codes: 9210, logdet: 0.0000 
val ---  avg_loss: 1.1442, avg_recon_loss: 0.1897, avg_kl_loss: 0.0000, avg_vq_loss: 0.9545, ppl: 1.0154, acc: 0.9963, vq_inds: [1096, 6, 6, 6, 6, 6, 6, 6, 6], unique_vq_codes: 1589, unique_suffix_codes: 1289, val_unique_suffix_codes: 243 
update best loss 

epoch: 18,  avg_loss: 1.1453, avg_recon_loss: 0.2900, avg_kl_loss: 0.0000, avg_vq_loss: 0.8553, ppl: 1.0238, acc: 0.9947, vq_inds: [2357, 6, 6, 6, 6, 6, 6, 6, 6], unique_vq_codes: 28734, unique_suffix_codes: 9194, logdet: 0.0000 
val ---  avg_loss: 1.0663, avg_recon_loss: 0.2252, avg_kl_loss: 0.0000, avg_vq_loss: 0.8411, ppl: 1.0184, acc: 0.9964, vq_inds: [1099, 6, 6, 6, 6, 6, 6, 6, 6], unique_vq_codes: 1589, unique_suffix_codes: 1248, val_unique_suffix_codes: 180 
update best loss 

epoch: 19,  avg_loss: 1.0996, avg_recon_loss: 0.2703, avg_kl_loss: 0.0000, avg_vq_loss: 0.8294, ppl: 1.0222, acc: 0.9948, vq_inds: [2358, 6, 6, 6, 6, 6, 6, 6, 6], unique_vq_codes: 28731, unique_suffix_codes: 9428, logdet: 0.0000 
val ---  avg_loss: 1.1153, avg_recon_loss: 0.2480, avg_kl_loss: 0.0000, avg_vq_loss: 0.8673, ppl: 1.0202, acc: 0.9952, vq_inds: [1098, 6, 6, 6, 6, 6, 6, 6, 6], unique_vq_codes: 1589, unique_suffix_codes: 1241, val_unique_suffix_codes: 226 

epoch: 20,  avg_loss: 1.2668, avg_recon_loss: 0.3943, avg_kl_loss: 0.0000, avg_vq_loss: 0.8724, ppl: 1.0325, acc: 0.9923, vq_inds: [2357, 6, 6, 6, 6, 6, 6, 6, 6], unique_vq_codes: 28739, unique_suffix_codes: 10045, logdet: 0.0000 
val ---  avg_loss: 1.1092, avg_recon_loss: 0.2149, avg_kl_loss: 0.0000, avg_vq_loss: 0.8944, ppl: 1.0175, acc: 0.9966, vq_inds: [1094, 6, 6, 6, 6, 6, 6, 6, 6], unique_vq_codes: 1589, unique_suffix_codes: 1274, val_unique_suffix_codes: 186 

epoch: 21,  avg_loss: 1.1279, avg_recon_loss: 0.2879, avg_kl_loss: 0.0000, avg_vq_loss: 0.8401, ppl: 1.0236, acc: 0.9947, vq_inds: [2356, 6, 6, 6, 6, 6, 6, 6, 6], unique_vq_codes: 28741, unique_suffix_codes: 9566, logdet: 0.0000 
val ---  avg_loss: 1.0496, avg_recon_loss: 0.1602, avg_kl_loss: 0.0000, avg_vq_loss: 0.8894, ppl: 1.0130, acc: 0.9971, vq_inds: [1097, 6, 6, 6, 6, 6, 6, 6, 6], unique_vq_codes: 1589, unique_suffix_codes: 1299, val_unique_suffix_codes: 181 
update best loss 

epoch: 22,  avg_loss: 0.9608, avg_recon_loss: 0.2095, avg_kl_loss: 0.0000, avg_vq_loss: 0.7513, ppl: 1.0171, acc: 0.9962, vq_inds: [2355, 6, 6, 6, 6, 6, 6, 6, 6], unique_vq_codes: 28754, unique_suffix_codes: 9173, logdet: 0.0000 
val ---  avg_loss: 0.8779, avg_recon_loss: 0.1534, avg_kl_loss: 0.0000, avg_vq_loss: 0.7245, ppl: 1.0125, acc: 0.9974, vq_inds: [1099, 6, 6, 6, 6, 6, 6, 6, 6], unique_vq_codes: 1589, unique_suffix_codes: 1262, val_unique_suffix_codes: 169 
update best loss 

epoch: 23,  avg_loss: 0.8794, avg_recon_loss: 0.1896, avg_kl_loss: 0.0000, avg_vq_loss: 0.6898, ppl: 1.0155, acc: 0.9965, vq_inds: [2360, 6, 6, 6, 6, 6, 6, 6, 6], unique_vq_codes: 28758, unique_suffix_codes: 9504, logdet: 0.0000 
val ---  avg_loss: 0.7764, avg_recon_loss: 0.1184, avg_kl_loss: 0.0000, avg_vq_loss: 0.6580, ppl: 1.0096, acc: 0.9980, vq_inds: [1093, 6, 6, 6, 6, 6, 6, 6, 6], unique_vq_codes: 1589, unique_suffix_codes: 1246, val_unique_suffix_codes: 172 
update best loss 

epoch: 24,  avg_loss: 0.8320, avg_recon_loss: 0.1647, avg_kl_loss: 0.0000, avg_vq_loss: 0.6673, ppl: 1.0134, acc: 0.9969, vq_inds: [2357, 6, 6, 6, 6, 6, 6, 6, 6], unique_vq_codes: 28763, unique_suffix_codes: 9395, logdet: 0.0000 
val ---  avg_loss: 1.0130, avg_recon_loss: 0.1675, avg_kl_loss: 0.0000, avg_vq_loss: 0.8455, ppl: 1.0136, acc: 0.9968, vq_inds: [1102, 6, 6, 6, 6, 6, 6, 6, 6], unique_vq_codes: 1589, unique_suffix_codes: 1309, val_unique_suffix_codes: 292 

epoch: 25,  avg_loss: 0.8601, avg_recon_loss: 0.1856, avg_kl_loss: 0.0000, avg_vq_loss: 0.6745, ppl: 1.0152, acc: 0.9965, vq_inds: [2361, 6, 6, 6, 6, 6, 6, 6, 6], unique_vq_codes: 28763, unique_suffix_codes: 9555, logdet: 0.0000 
val ---  avg_loss: 0.7740, avg_recon_loss: 0.1006, avg_kl_loss: 0.0000, avg_vq_loss: 0.6734, ppl: 1.0082, acc: 0.9982, vq_inds: [1103, 6, 6, 6, 6, 6, 6, 6, 6], unique_vq_codes: 1589, unique_suffix_codes: 1291, val_unique_suffix_codes: 204 
update best loss 

epoch: 26,  avg_loss: 0.7440, avg_recon_loss: 0.1386, avg_kl_loss: 0.0000, avg_vq_loss: 0.6053, ppl: 1.0113, acc: 0.9974, vq_inds: [2354, 6, 6, 6, 6, 6, 6, 6, 6], unique_vq_codes: 28761, unique_suffix_codes: 9259, logdet: 0.0000 
val ---  avg_loss: 0.8269, avg_recon_loss: 0.1716, avg_kl_loss: 0.0000, avg_vq_loss: 0.6553, ppl: 1.0140, acc: 0.9966, vq_inds: [1103, 6, 6, 6, 6, 6, 6, 6, 6], unique_vq_codes: 1589, unique_suffix_codes: 1278, val_unique_suffix_codes: 198 

epoch: 27,  avg_loss: 0.7974, avg_recon_loss: 0.1791, avg_kl_loss: 0.0000, avg_vq_loss: 0.6183, ppl: 1.0146, acc: 0.9966, vq_inds: [2361, 6, 6, 6, 6, 6, 6, 6, 6], unique_vq_codes: 28769, unique_suffix_codes: 9464, logdet: 0.0000 
val ---  avg_loss: 0.8708, avg_recon_loss: 0.2198, avg_kl_loss: 0.0000, avg_vq_loss: 0.6510, ppl: 1.0179, acc: 0.9961, vq_inds: [1106, 6, 6, 6, 6, 6, 6, 6, 6], unique_vq_codes: 1589, unique_suffix_codes: 1291, val_unique_suffix_codes: 241 

epoch: 28,  avg_loss: 0.8502, avg_recon_loss: 0.1993, avg_kl_loss: 0.0000, avg_vq_loss: 0.6509, ppl: 1.0163, acc: 0.9963, vq_inds: [2359, 6, 6, 6, 6, 6, 6, 6, 6], unique_vq_codes: 28768, unique_suffix_codes: 9520, logdet: 0.0000 
val ---  avg_loss: 0.7677, avg_recon_loss: 0.1287, avg_kl_loss: 0.0000, avg_vq_loss: 0.6390, ppl: 1.0105, acc: 0.9982, vq_inds: [1104, 6, 6, 6, 6, 6, 6, 6, 6], unique_vq_codes: 1589, unique_suffix_codes: 1274, val_unique_suffix_codes: 177 
update best loss 

epoch: 29,  avg_loss: 0.7321, avg_recon_loss: 0.1477, avg_kl_loss: 0.0000, avg_vq_loss: 0.5844, ppl: 1.0120, acc: 0.9974, vq_inds: [2357, 6, 6, 6, 6, 6, 6, 6, 6], unique_vq_codes: 28766, unique_suffix_codes: 9259, logdet: 0.0000 
val ---  avg_loss: 0.7160, avg_recon_loss: 0.1049, avg_kl_loss: 0.0000, avg_vq_loss: 0.6111, ppl: 1.0085, acc: 0.9984, vq_inds: [1102, 6, 6, 6, 6, 6, 6, 6, 6], unique_vq_codes: 1589, unique_suffix_codes: 1290, val_unique_suffix_codes: 150 
update best loss 

epoch: 30,  avg_loss: 0.7107, avg_recon_loss: 0.1328, avg_kl_loss: 0.0000, avg_vq_loss: 0.5779, ppl: 1.0108, acc: 0.9976, vq_inds: [2363, 6, 6, 6, 6, 6, 6, 6, 6], unique_vq_codes: 28773, unique_suffix_codes: 9579, logdet: 0.0000 
val ---  avg_loss: 0.6152, avg_recon_loss: 0.0661, avg_kl_loss: 0.0000, avg_vq_loss: 0.5491, ppl: 1.0054, acc: 0.9989, vq_inds: [1104, 6, 6, 6, 6, 6, 6, 6, 6], unique_vq_codes: 1589, unique_suffix_codes: 1280, val_unique_suffix_codes: 182 
update best loss 

epoch: 31,  avg_loss: 0.6824, avg_recon_loss: 0.1348, avg_kl_loss: 0.0000, avg_vq_loss: 0.5475, ppl: 1.0110, acc: 0.9977, vq_inds: [2366, 6, 6, 6, 6, 6, 6, 6, 6], unique_vq_codes: 28777, unique_suffix_codes: 9096, logdet: 0.0000 
val ---  avg_loss: 0.5864, avg_recon_loss: 0.0514, avg_kl_loss: 0.0000, avg_vq_loss: 0.5350, ppl: 1.0042, acc: 0.9990, vq_inds: [1101, 6, 6, 6, 6, 6, 6, 6, 6], unique_vq_codes: 1589, unique_suffix_codes: 1252, val_unique_suffix_codes: 184 
update best loss 

epoch: 32,  avg_loss: 0.5908, avg_recon_loss: 0.0973, avg_kl_loss: 0.0000, avg_vq_loss: 0.4934, ppl: 1.0079, acc: 0.9983, vq_inds: [2364, 6, 6, 6, 6, 6, 6, 6, 6], unique_vq_codes: 28778, unique_suffix_codes: 8887, logdet: 0.0000 
val ---  avg_loss: 0.5417, avg_recon_loss: 0.0487, avg_kl_loss: 0.0000, avg_vq_loss: 0.4929, ppl: 1.0039, acc: 0.9992, vq_inds: [1102, 6, 6, 6, 6, 6, 6, 6, 6], unique_vq_codes: 1589, unique_suffix_codes: 1278, val_unique_suffix_codes: 163 
update best loss 

epoch: 33,  avg_loss: 0.5581, avg_recon_loss: 0.0913, avg_kl_loss: 0.0000, avg_vq_loss: 0.4669, ppl: 1.0074, acc: 0.9984, vq_inds: [2361, 6, 6, 6, 6, 6, 6, 6, 6], unique_vq_codes: 28780, unique_suffix_codes: 9079, logdet: 0.0000 
val ---  avg_loss: 0.5287, avg_recon_loss: 0.0819, avg_kl_loss: 0.0000, avg_vq_loss: 0.4469, ppl: 1.0066, acc: 0.9986, vq_inds: [1102, 6, 6, 6, 6, 6, 6, 6, 6], unique_vq_codes: 1589, unique_suffix_codes: 1272, val_unique_suffix_codes: 156 
update best loss 

epoch: 34,  avg_loss: 0.6055, avg_recon_loss: 0.1111, avg_kl_loss: 0.0000, avg_vq_loss: 0.4945, ppl: 1.0090, acc: 0.9980, vq_inds: [2366, 6, 6, 6, 6, 6, 6, 6, 6], unique_vq_codes: 28779, unique_suffix_codes: 9417, logdet: 0.0000 
val ---  avg_loss: 0.7005, avg_recon_loss: 0.0890, avg_kl_loss: 0.0000, avg_vq_loss: 0.6115, ppl: 1.0072, acc: 0.9981, vq_inds: [1107, 6, 6, 6, 6, 6, 6, 6, 6], unique_vq_codes: 1589, unique_suffix_codes: 1313, val_unique_suffix_codes: 337 

epoch: 35,  avg_loss: 1.0227, avg_recon_loss: 0.3013, avg_kl_loss: 0.0000, avg_vq_loss: 0.7214, ppl: 1.0247, acc: 0.9941, vq_inds: [2377, 6, 6, 6, 6, 6, 6, 6, 6], unique_vq_codes: 28773, unique_suffix_codes: 11200, logdet: 0.0000 
val ---  avg_loss: 0.7905, avg_recon_loss: 0.1378, avg_kl_loss: 0.0000, avg_vq_loss: 0.6527, ppl: 1.0112, acc: 0.9978, vq_inds: [1104, 6, 6, 6, 6, 6, 6, 6, 6], unique_vq_codes: 1589, unique_suffix_codes: 1314, val_unique_suffix_codes: 268 

epoch: 36,  avg_loss: 0.6900, avg_recon_loss: 0.1253, avg_kl_loss: 0.0000, avg_vq_loss: 0.5646, ppl: 1.0102, acc: 0.9978, vq_inds: [2374, 6, 6, 6, 6, 6, 6, 6, 6], unique_vq_codes: 28780, unique_suffix_codes: 9655, logdet: 0.0000 
val ---  avg_loss: 0.5878, avg_recon_loss: 0.0618, avg_kl_loss: 0.0000, avg_vq_loss: 0.5260, ppl: 1.0050, acc: 0.9989, vq_inds: [1102, 6, 6, 6, 6, 6, 6, 6, 6], unique_vq_codes: 1589, unique_suffix_codes: 1280, val_unique_suffix_codes: 160 

epoch: 37,  avg_loss: 0.5306, avg_recon_loss: 0.0676, avg_kl_loss: 0.0000, avg_vq_loss: 0.4630, ppl: 1.0055, acc: 0.9988, vq_inds: [2370, 6, 6, 6, 6, 6, 6, 6, 6], unique_vq_codes: 28781, unique_suffix_codes: 8721, logdet: 0.0000 
val ---  avg_loss: 0.4713, avg_recon_loss: 0.0376, avg_kl_loss: 0.0000, avg_vq_loss: 0.4338, ppl: 1.0030, acc: 0.9994, vq_inds: [1103, 6, 6, 6, 6, 6, 6, 6, 6], unique_vq_codes: 1589, unique_suffix_codes: 1211, val_unique_suffix_codes: 145 
update best loss 

epoch: 38,  avg_loss: 0.4991, avg_recon_loss: 0.0760, avg_kl_loss: 0.0000, avg_vq_loss: 0.4231, ppl: 1.0062, acc: 0.9987, vq_inds: [2364, 6, 6, 6, 6, 6, 6, 6, 6], unique_vq_codes: 28787, unique_suffix_codes: 8557, logdet: 0.0000 
val ---  avg_loss: 0.7581, avg_recon_loss: 0.2849, avg_kl_loss: 0.0000, avg_vq_loss: 0.4732, ppl: 1.0233, acc: 0.9945, vq_inds: [1101, 6, 6, 6, 6, 6, 6, 6, 6], unique_vq_codes: 1589, unique_suffix_codes: 1281, val_unique_suffix_codes: 256 

epoch: 39,  avg_loss: 0.7159, avg_recon_loss: 0.1677, avg_kl_loss: 0.0000, avg_vq_loss: 0.5482, ppl: 1.0137, acc: 0.9970, vq_inds: [2362, 6, 6, 6, 6, 6, 6, 6, 6], unique_vq_codes: 28787, unique_suffix_codes: 10110, logdet: 0.0000 
val ---  avg_loss: 0.6022, avg_recon_loss: 0.0627, avg_kl_loss: 0.0000, avg_vq_loss: 0.5395, ppl: 1.0051, acc: 0.9991, vq_inds: [1103, 6, 6, 6, 6, 6, 6, 6, 6], unique_vq_codes: 1589, unique_suffix_codes: 1316, val_unique_suffix_codes: 194 

epoch: 40,  avg_loss: 0.6387, avg_recon_loss: 0.1192, avg_kl_loss: 0.0000, avg_vq_loss: 0.5195, ppl: 1.0097, acc: 0.9979, vq_inds: [2369, 6, 6, 6, 6, 6, 6, 6, 6], unique_vq_codes: 28783, unique_suffix_codes: 9579, logdet: 0.0000 
val ---  avg_loss: 0.6006, avg_recon_loss: 0.0697, avg_kl_loss: 0.0000, avg_vq_loss: 0.5310, ppl: 1.0056, acc: 0.9988, vq_inds: [1102, 6, 6, 6, 6, 6, 6, 6, 6], unique_vq_codes: 1589, unique_suffix_codes: 1293, val_unique_suffix_codes: 223 

epoch: 41,  avg_loss: 0.5695, avg_recon_loss: 0.0862, avg_kl_loss: 0.0000, avg_vq_loss: 0.4834, ppl: 1.0070, acc: 0.9984, vq_inds: [2365, 6, 6, 6, 6, 6, 6, 6, 6], unique_vq_codes: 28785, unique_suffix_codes: 9057, logdet: 0.0000 
val ---  avg_loss: 0.5066, avg_recon_loss: 0.0330, avg_kl_loss: 0.0000, avg_vq_loss: 0.4736, ppl: 1.0027, acc: 0.9994, vq_inds: [1102, 6, 6, 6, 6, 6, 6, 6, 6], unique_vq_codes: 1589, unique_suffix_codes: 1294, val_unique_suffix_codes: 184 

epoch: 42,  avg_loss: 0.4724, avg_recon_loss: 0.0565, avg_kl_loss: 0.0000, avg_vq_loss: 0.4159, ppl: 1.0046, acc: 0.9990, vq_inds: [2370, 6, 6, 6, 6, 6, 6, 6, 6], unique_vq_codes: 28785, unique_suffix_codes: 8372, logdet: 0.0000 
val ---  avg_loss: 0.4735, avg_recon_loss: 0.0591, avg_kl_loss: 0.0000, avg_vq_loss: 0.4144, ppl: 1.0048, acc: 0.9992, vq_inds: [1104, 6, 6, 6, 6, 6, 6, 6, 6], unique_vq_codes: 1589, unique_suffix_codes: 1269, val_unique_suffix_codes: 161 

epoch: 43,  avg_loss: 0.4296, avg_recon_loss: 0.0511, avg_kl_loss: 0.0000, avg_vq_loss: 0.3785, ppl: 1.0041, acc: 0.9991, vq_inds: [2369, 6, 6, 6, 6, 6, 6, 6, 6], unique_vq_codes: 28786, unique_suffix_codes: 8005, logdet: 0.0000 
val ---  avg_loss: 0.4117, avg_recon_loss: 0.0304, avg_kl_loss: 0.0000, avg_vq_loss: 0.3813, ppl: 1.0025, acc: 0.9992, vq_inds: [1102, 6, 6, 6, 6, 6, 6, 6, 6], unique_vq_codes: 1589, unique_suffix_codes: 1256, val_unique_suffix_codes: 179 
update best loss 

epoch: 44,  avg_loss: 0.4266, avg_recon_loss: 0.0523, avg_kl_loss: 0.0000, avg_vq_loss: 0.3744, ppl: 1.0042, acc: 0.9991, vq_inds: [2368, 6, 6, 6, 6, 6, 6, 6, 6], unique_vq_codes: 28787, unique_suffix_codes: 8502, logdet: 0.0000 
val ---  avg_loss: 0.3763, avg_recon_loss: 0.0301, avg_kl_loss: 0.0000, avg_vq_loss: 0.3462, ppl: 1.0024, acc: 0.9994, vq_inds: [1103, 6, 6, 6, 6, 6, 6, 6, 6], unique_vq_codes: 1589, unique_suffix_codes: 1229, val_unique_suffix_codes: 121 
update best loss 

epoch: 45,  avg_loss: 0.4222, avg_recon_loss: 0.0615, avg_kl_loss: 0.0000, avg_vq_loss: 0.3607, ppl: 1.0050, acc: 0.9990, vq_inds: [2372, 6, 6, 6, 6, 6, 6, 6, 6], unique_vq_codes: 28790, unique_suffix_codes: 8483, logdet: 0.0000 
val ---  avg_loss: 0.3447, avg_recon_loss: 0.0198, avg_kl_loss: 0.0000, avg_vq_loss: 0.3248, ppl: 1.0016, acc: 0.9997, vq_inds: [1103, 6, 6, 6, 6, 6, 6, 6, 6], unique_vq_codes: 1589, unique_suffix_codes: 1189, val_unique_suffix_codes: 124 
update best loss 

epoch: 46,  avg_loss: 0.3765, avg_recon_loss: 0.0521, avg_kl_loss: 0.0000, avg_vq_loss: 0.3244, ppl: 1.0042, acc: 0.9992, vq_inds: [2370, 6, 6, 6, 6, 6, 6, 6, 6], unique_vq_codes: 28791, unique_suffix_codes: 8082, logdet: 0.0000 
val ---  avg_loss: 0.4188, avg_recon_loss: 0.0535, avg_kl_loss: 0.0000, avg_vq_loss: 0.3653, ppl: 1.0043, acc: 0.9994, vq_inds: [1103, 6, 6, 6, 6, 6, 6, 6, 6], unique_vq_codes: 1589, unique_suffix_codes: 1252, val_unique_suffix_codes: 181 

epoch: 47,  avg_loss: 0.4048, avg_recon_loss: 0.0609, avg_kl_loss: 0.0000, avg_vq_loss: 0.3439, ppl: 1.0049, acc: 0.9990, vq_inds: [2368, 6, 6, 6, 6, 6, 6, 6, 6], unique_vq_codes: 28791, unique_suffix_codes: 8738, logdet: 0.0000 
val ---  avg_loss: 0.4287, avg_recon_loss: 0.0323, avg_kl_loss: 0.0000, avg_vq_loss: 0.3964, ppl: 1.0026, acc: 0.9993, vq_inds: [1103, 6, 6, 6, 6, 6, 6, 6, 6], unique_vq_codes: 1589, unique_suffix_codes: 1265, val_unique_suffix_codes: 201 

epoch: 48,  avg_loss: 0.4288, avg_recon_loss: 0.0641, avg_kl_loss: 0.0000, avg_vq_loss: 0.3647, ppl: 1.0052, acc: 0.9988, vq_inds: [2368, 6, 6, 6, 6, 6, 6, 6, 6], unique_vq_codes: 28792, unique_suffix_codes: 8582, logdet: 0.0000 
val ---  avg_loss: 0.4461, avg_recon_loss: 0.0674, avg_kl_loss: 0.0000, avg_vq_loss: 0.3788, ppl: 1.0055, acc: 0.9990, vq_inds: [1107, 6, 6, 6, 6, 6, 6, 6, 6], unique_vq_codes: 1589, unique_suffix_codes: 1232, val_unique_suffix_codes: 181 

epoch: 49,  avg_loss: 0.7868, avg_recon_loss: 0.2475, avg_kl_loss: 0.0000, avg_vq_loss: 0.5394, ppl: 1.0203, acc: 0.9956, vq_inds: [2389, 6, 6, 6, 6, 6, 6, 6, 6], unique_vq_codes: 28788, unique_suffix_codes: 9945, logdet: 0.0000 
val ---  avg_loss: 0.5409, avg_recon_loss: 0.0552, avg_kl_loss: 0.0000, avg_vq_loss: 0.4857, ppl: 1.0045, acc: 0.9990, vq_inds: [1104, 6, 6, 6, 6, 6, 6, 6, 6], unique_vq_codes: 1589, unique_suffix_codes: 1273, val_unique_suffix_codes: 201 

epoch: 50,  avg_loss: 0.5572, avg_recon_loss: 0.0817, avg_kl_loss: 0.0000, avg_vq_loss: 0.4755, ppl: 1.0066, acc: 0.9986, vq_inds: [2374, 6, 6, 6, 6, 6, 6, 6, 6], unique_vq_codes: 28784, unique_suffix_codes: 8889, logdet: 0.0000 
val ---  avg_loss: 0.5177, avg_recon_loss: 0.0753, avg_kl_loss: 0.0000, avg_vq_loss: 0.4424, ppl: 1.0061, acc: 0.9992, vq_inds: [1104, 6, 6, 6, 6, 6, 6, 6, 6], unique_vq_codes: 1589, unique_suffix_codes: 1273, val_unique_suffix_codes: 179 

epoch: 51,  avg_loss: 0.4455, avg_recon_loss: 0.0592, avg_kl_loss: 0.0000, avg_vq_loss: 0.3863, ppl: 1.0048, acc: 0.9989, vq_inds: [2371, 6, 6, 6, 6, 6, 6, 6, 6], unique_vq_codes: 28790, unique_suffix_codes: 8285, logdet: 0.0000 
val ---  avg_loss: 0.3937, avg_recon_loss: 0.0283, avg_kl_loss: 0.0000, avg_vq_loss: 0.3655, ppl: 1.0023, acc: 0.9996, vq_inds: [1102, 6, 6, 6, 6, 6, 6, 6, 6], unique_vq_codes: 1589, unique_suffix_codes: 1204, val_unique_suffix_codes: 124 

epoch: 52,  avg_loss: 0.3722, avg_recon_loss: 0.0362, avg_kl_loss: 0.0000, avg_vq_loss: 0.3360, ppl: 1.0029, acc: 0.9994, vq_inds: [2372, 6, 6, 6, 6, 6, 6, 6, 6], unique_vq_codes: 28790, unique_suffix_codes: 7566, logdet: 0.0000 
val ---  avg_loss: 0.3339, avg_recon_loss: 0.0146, avg_kl_loss: 0.0000, avg_vq_loss: 0.3193, ppl: 1.0012, acc: 0.9999, vq_inds: [1105, 6, 6, 6, 6, 6, 6, 6, 6], unique_vq_codes: 1589, unique_suffix_codes: 1191, val_unique_suffix_codes: 104 
update best loss 

epoch: 53,  avg_loss: 0.3314, avg_recon_loss: 0.0327, avg_kl_loss: 0.0000, avg_vq_loss: 0.2987, ppl: 1.0027, acc: 0.9995, vq_inds: [2371, 6, 6, 6, 6, 6, 6, 6, 6], unique_vq_codes: 28792, unique_suffix_codes: 7601, logdet: 0.0000 
val ---  avg_loss: 0.3297, avg_recon_loss: 0.0433, avg_kl_loss: 0.0000, avg_vq_loss: 0.2864, ppl: 1.0035, acc: 0.9995, vq_inds: [1100, 6, 6, 6, 6, 6, 6, 6, 6], unique_vq_codes: 1589, unique_suffix_codes: 1178, val_unique_suffix_codes: 104 
update best loss 

epoch: 54,  avg_loss: 0.2973, avg_recon_loss: 0.0267, avg_kl_loss: 0.0000, avg_vq_loss: 0.2706, ppl: 1.0022, acc: 0.9996, vq_inds: [2372, 6, 6, 6, 6, 6, 6, 6, 6], unique_vq_codes: 28792, unique_suffix_codes: 7291, logdet: 0.0000 
val ---  avg_loss: 0.3081, avg_recon_loss: 0.0198, avg_kl_loss: 0.0000, avg_vq_loss: 0.2883, ppl: 1.0016, acc: 0.9997, vq_inds: [1101, 6, 6, 6, 6, 6, 6, 6, 6], unique_vq_codes: 1589, unique_suffix_codes: 1216, val_unique_suffix_codes: 161 
update best loss 

epoch: 55,  avg_loss: 0.3133, avg_recon_loss: 0.0347, avg_kl_loss: 0.0000, avg_vq_loss: 0.2786, ppl: 1.0028, acc: 0.9994, vq_inds: [2369, 6, 6, 6, 6, 6, 6, 6, 6], unique_vq_codes: 28790, unique_suffix_codes: 7641, logdet: 0.0000 
val ---  avg_loss: 0.3231, avg_recon_loss: 0.0222, avg_kl_loss: 0.0000, avg_vq_loss: 0.3009, ppl: 1.0018, acc: 0.9995, vq_inds: [1102, 6, 6, 6, 6, 6, 6, 6, 6], unique_vq_codes: 1589, unique_suffix_codes: 1234, val_unique_suffix_codes: 173 

epoch: 56,  avg_loss: 0.6052, avg_recon_loss: 0.1504, avg_kl_loss: 0.0000, avg_vq_loss: 0.4548, ppl: 1.0123, acc: 0.9970, vq_inds: [2387, 6, 6, 6, 6, 6, 6, 6, 6], unique_vq_codes: 28792, unique_suffix_codes: 10092, logdet: 0.0000 
val ---  avg_loss: 0.7745, avg_recon_loss: 0.2099, avg_kl_loss: 0.0000, avg_vq_loss: 0.5647, ppl: 1.0171, acc: 0.9971, vq_inds: [1100, 6, 6, 6, 6, 6, 6, 6, 6], unique_vq_codes: 1589, unique_suffix_codes: 1273, val_unique_suffix_codes: 245 

epoch: 57,  avg_loss: 0.5542, avg_recon_loss: 0.0944, avg_kl_loss: 0.0000, avg_vq_loss: 0.4598, ppl: 1.0077, acc: 0.9985, vq_inds: [2373, 6, 6, 6, 6, 6, 6, 6, 6], unique_vq_codes: 28790, unique_suffix_codes: 8693, logdet: 0.0000 
val ---  avg_loss: 0.4204, avg_recon_loss: 0.0217, avg_kl_loss: 0.0000, avg_vq_loss: 0.3986, ppl: 1.0018, acc: 0.9996, vq_inds: [1104, 6, 6, 6, 6, 6, 6, 6, 6], unique_vq_codes: 1589, unique_suffix_codes: 1221, val_unique_suffix_codes: 132 

epoch: 58,  avg_loss: 0.4018, avg_recon_loss: 0.0455, avg_kl_loss: 0.0000, avg_vq_loss: 0.3563, ppl: 1.0037, acc: 0.9992, vq_inds: [2368, 6, 6, 6, 6, 6, 6, 6, 6], unique_vq_codes: 28792, unique_suffix_codes: 7827, logdet: 0.0000 
val ---  avg_loss: 0.3660, avg_recon_loss: 0.0178, avg_kl_loss: 0.0000, avg_vq_loss: 0.3481, ppl: 1.0014, acc: 0.9996, vq_inds: [1105, 6, 6, 6, 6, 6, 6, 6, 6], unique_vq_codes: 1589, unique_suffix_codes: 1198, val_unique_suffix_codes: 130 

epoch: 59,  avg_loss: 0.3298, avg_recon_loss: 0.0288, avg_kl_loss: 0.0000, avg_vq_loss: 0.3010, ppl: 1.0023, acc: 0.9996, vq_inds: [2365, 6, 6, 6, 6, 6, 6, 6, 6], unique_vq_codes: 28793, unique_suffix_codes: 7446, logdet: 0.0000 
val ---  avg_loss: 0.2903, avg_recon_loss: 0.0123, avg_kl_loss: 0.0000, avg_vq_loss: 0.2780, ppl: 1.0010, acc: 0.9999, vq_inds: [1105, 6, 6, 6, 6, 6, 6, 6, 6], unique_vq_codes: 1589, unique_suffix_codes: 1200, val_unique_suffix_codes: 114 
update best loss 

epoch: 60,  avg_loss: 0.2809, avg_recon_loss: 0.0190, avg_kl_loss: 0.0000, avg_vq_loss: 0.2619, ppl: 1.0015, acc: 0.9997, vq_inds: [2365, 6, 6, 6, 6, 6, 6, 6, 6], unique_vq_codes: 28794, unique_suffix_codes: 7247, logdet: 0.0000 
val ---  avg_loss: 0.2570, avg_recon_loss: 0.0076, avg_kl_loss: 0.0000, avg_vq_loss: 0.2494, ppl: 1.0006, acc: 0.9999, vq_inds: [1102, 6, 6, 6, 6, 6, 6, 6, 6], unique_vq_codes: 1589, unique_suffix_codes: 1206, val_unique_suffix_codes: 82 
update best loss 

epoch: 61,  avg_loss: 0.2526, avg_recon_loss: 0.0178, avg_kl_loss: 0.0000, avg_vq_loss: 0.2348, ppl: 1.0014, acc: 0.9997, vq_inds: [2365, 6, 6, 6, 6, 6, 6, 6, 6], unique_vq_codes: 28794, unique_suffix_codes: 7155, logdet: 0.0000 
val ---  avg_loss: 0.2729, avg_recon_loss: 0.0235, avg_kl_loss: 0.0000, avg_vq_loss: 0.2495, ppl: 1.0019, acc: 0.9996, vq_inds: [1103, 6, 6, 6, 6, 6, 6, 6, 6], unique_vq_codes: 1589, unique_suffix_codes: 1226, val_unique_suffix_codes: 112 

epoch: 62,  avg_loss: 0.2620, avg_recon_loss: 0.0214, avg_kl_loss: 0.0000, avg_vq_loss: 0.2406, ppl: 1.0017, acc: 0.9997, vq_inds: [2367, 6, 6, 6, 6, 6, 6, 6, 6], unique_vq_codes: 28793, unique_suffix_codes: 7648, logdet: 0.0000 
val ---  avg_loss: 0.3153, avg_recon_loss: 0.0198, avg_kl_loss: 0.0000, avg_vq_loss: 0.2955, ppl: 1.0016, acc: 0.9995, vq_inds: [1101, 6, 6, 6, 6, 6, 6, 6, 6], unique_vq_codes: 1589, unique_suffix_codes: 1243, val_unique_suffix_codes: 184 

epoch: 63,  avg_loss: 0.2735, avg_recon_loss: 0.0291, avg_kl_loss: 0.0000, avg_vq_loss: 0.2444, ppl: 1.0024, acc: 0.9995, vq_inds: [2367, 6, 6, 6, 6, 6, 6, 6, 6], unique_vq_codes: 28792, unique_suffix_codes: 7398, logdet: 0.0000 
val ---  avg_loss: 0.2714, avg_recon_loss: 0.0331, avg_kl_loss: 0.0000, avg_vq_loss: 0.2384, ppl: 1.0027, acc: 0.9997, vq_inds: [1099, 6, 6, 6, 6, 6, 6, 6, 6], unique_vq_codes: 1589, unique_suffix_codes: 1178, val_unique_suffix_codes: 126 

epoch: 64,  avg_loss: 0.2864, avg_recon_loss: 0.0336, avg_kl_loss: 0.0000, avg_vq_loss: 0.2527, ppl: 1.0027, acc: 0.9994, vq_inds: [2370, 6, 6, 6, 6, 6, 6, 6, 6], unique_vq_codes: 28791, unique_suffix_codes: 7526, logdet: 0.0000 
val ---  avg_loss: 0.2809, avg_recon_loss: 0.0183, avg_kl_loss: 0.0000, avg_vq_loss: 0.2626, ppl: 1.0015, acc: 0.9996, vq_inds: [1097, 6, 6, 6, 6, 6, 6, 6, 6], unique_vq_codes: 1589, unique_suffix_codes: 1199, val_unique_suffix_codes: 147 

epoch: 65,  avg_loss: 0.3152, avg_recon_loss: 0.0460, avg_kl_loss: 0.0000, avg_vq_loss: 0.2692, ppl: 1.0037, acc: 0.9993, vq_inds: [2370, 6, 6, 6, 6, 6, 6, 6, 6], unique_vq_codes: 28792, unique_suffix_codes: 7528, logdet: 0.0000 
val ---  avg_loss: 0.2870, avg_recon_loss: 0.0261, avg_kl_loss: 0.0000, avg_vq_loss: 0.2609, ppl: 1.0021, acc: 0.9993, vq_inds: [1099, 6, 6, 6, 6, 6, 6, 6, 6], unique_vq_codes: 1589, unique_suffix_codes: 1158, val_unique_suffix_codes: 124 

epoch: 66,  avg_loss: 0.3166, avg_recon_loss: 0.0415, avg_kl_loss: 0.0000, avg_vq_loss: 0.2752, ppl: 1.0034, acc: 0.9993, vq_inds: [2372, 6, 6, 6, 6, 6, 6, 6, 6], unique_vq_codes: 28789, unique_suffix_codes: 7819, logdet: 0.0000 
val ---  avg_loss: 0.3714, avg_recon_loss: 0.0282, avg_kl_loss: 0.0000, avg_vq_loss: 0.3432, ppl: 1.0023, acc: 0.9996, vq_inds: [1099, 6, 6, 6, 6, 6, 6, 6, 6], unique_vq_codes: 1589, unique_suffix_codes: 1252, val_unique_suffix_codes: 219 

epoch: 67,  avg_loss: 0.3172, avg_recon_loss: 0.0406, avg_kl_loss: 0.0000, avg_vq_loss: 0.2767, ppl: 1.0033, acc: 0.9993, vq_inds: [2371, 6, 6, 6, 6, 6, 6, 6, 6], unique_vq_codes: 28793, unique_suffix_codes: 7588, logdet: 0.0000 
val ---  avg_loss: 0.2849, avg_recon_loss: 0.0130, avg_kl_loss: 0.0000, avg_vq_loss: 0.2718, ppl: 1.0011, acc: 0.9997, vq_inds: [1099, 6, 6, 6, 6, 6, 6, 6, 6], unique_vq_codes: 1589, unique_suffix_codes: 1204, val_unique_suffix_codes: 134 

epoch: 68,  avg_loss: 0.3340, avg_recon_loss: 0.0535, avg_kl_loss: 0.0000, avg_vq_loss: 0.2806, ppl: 1.0043, acc: 0.9991, vq_inds: [2372, 6, 6, 6, 6, 6, 6, 6, 6], unique_vq_codes: 28793, unique_suffix_codes: 7755, logdet: 0.0000 
val ---  avg_loss: 0.5189, avg_recon_loss: 0.1733, avg_kl_loss: 0.0000, avg_vq_loss: 0.3456, ppl: 1.0141, acc: 0.9957, vq_inds: [1098, 6, 6, 6, 6, 6, 6, 6, 6], unique_vq_codes: 1589, unique_suffix_codes: 1230, val_unique_suffix_codes: 202 

epoch: 69,  avg_loss: 0.6545, avg_recon_loss: 0.1957, avg_kl_loss: 0.0000, avg_vq_loss: 0.4588, ppl: 1.0160, acc: 0.9962, vq_inds: [2371, 6, 6, 6, 6, 6, 6, 6, 6], unique_vq_codes: 28789, unique_suffix_codes: 8451, logdet: 0.0000 
val ---  avg_loss: 0.5019, avg_recon_loss: 0.0471, avg_kl_loss: 0.0000, avg_vq_loss: 0.4548, ppl: 1.0038, acc: 0.9993, vq_inds: [1100, 6, 6, 6, 6, 6, 6, 6, 6], unique_vq_codes: 1589, unique_suffix_codes: 1240, val_unique_suffix_codes: 166 

epoch: 70,  avg_loss: 0.4377, avg_recon_loss: 0.0528, avg_kl_loss: 0.0000, avg_vq_loss: 0.3848, ppl: 1.0043, acc: 0.9991, vq_inds: [2366, 6, 6, 6, 6, 6, 6, 6, 6], unique_vq_codes: 28792, unique_suffix_codes: 7443, logdet: 0.0000 
val ---  avg_loss: 0.3641, avg_recon_loss: 0.0260, avg_kl_loss: 0.0000, avg_vq_loss: 0.3380, ppl: 1.0021, acc: 0.9997, vq_inds: [1097, 6, 6, 6, 6, 6, 6, 6, 6], unique_vq_codes: 1589, unique_suffix_codes: 1196, val_unique_suffix_codes: 91 

epoch: 71,  avg_loss: 0.3319, avg_recon_loss: 0.0312, avg_kl_loss: 0.0000, avg_vq_loss: 0.3007, ppl: 1.0025, acc: 0.9995, vq_inds: [2363, 6, 6, 6, 6, 6, 6, 6, 6], unique_vq_codes: 28790, unique_suffix_codes: 6783, logdet: 0.0000 
val ---  avg_loss: 0.2951, avg_recon_loss: 0.0070, avg_kl_loss: 0.0000, avg_vq_loss: 0.2882, ppl: 1.0006, acc: 0.9999, vq_inds: [1097, 6, 6, 6, 6, 6, 6, 6, 6], unique_vq_codes: 1589, unique_suffix_codes: 1179, val_unique_suffix_codes: 99 

epoch: 72,  avg_loss: 0.2828, avg_recon_loss: 0.0222, avg_kl_loss: 0.0000, avg_vq_loss: 0.2606, ppl: 1.0018, acc: 0.9997, vq_inds: [2361, 6, 6, 6, 6, 6, 6, 6, 6], unique_vq_codes: 28792, unique_suffix_codes: 6647, logdet: 0.0000 
val ---  avg_loss: 0.2585, avg_recon_loss: 0.0127, avg_kl_loss: 0.0000, avg_vq_loss: 0.2458, ppl: 1.0010, acc: 0.9998, vq_inds: [1097, 6, 6, 6, 6, 6, 6, 6, 6], unique_vq_codes: 1589, unique_suffix_codes: 1166, val_unique_suffix_codes: 65 

epoch: 73,  avg_loss: 0.2531, avg_recon_loss: 0.0179, avg_kl_loss: 0.0000, avg_vq_loss: 0.2352, ppl: 1.0015, acc: 0.9997, vq_inds: [2363, 6, 6, 6, 6, 6, 6, 6, 6], unique_vq_codes: 28785, unique_suffix_codes: 6600, logdet: 0.0000 
val ---  avg_loss: 0.2385, avg_recon_loss: 0.0053, avg_kl_loss: 0.0000, avg_vq_loss: 0.2333, ppl: 1.0004, acc: 0.9999, vq_inds: [1097, 6, 6, 6, 6, 6, 6, 6, 6], unique_vq_codes: 1589, unique_suffix_codes: 1179, val_unique_suffix_codes: 72 
update best loss 

epoch: 74,  avg_loss: 0.2319, avg_recon_loss: 0.0145, avg_kl_loss: 0.0000, avg_vq_loss: 0.2174, ppl: 1.0012, acc: 0.9997, vq_inds: [2362, 6, 6, 6, 6, 6, 6, 6, 6], unique_vq_codes: 28793, unique_suffix_codes: 6544, logdet: 0.0000 
val ---  avg_loss: 0.2473, avg_recon_loss: 0.0096, avg_kl_loss: 0.0000, avg_vq_loss: 0.2376, ppl: 1.0008, acc: 0.9999, vq_inds: [1095, 6, 6, 6, 6, 6, 6, 6, 6], unique_vq_codes: 1589, unique_suffix_codes: 1180, val_unique_suffix_codes: 127 

epoch: 75,  avg_loss: 0.2485, avg_recon_loss: 0.0217, avg_kl_loss: 0.0000, avg_vq_loss: 0.2269, ppl: 1.0018, acc: 0.9996, vq_inds: [2361, 6, 6, 6, 6, 6, 6, 6, 6], unique_vq_codes: 28793, unique_suffix_codes: 6962, logdet: 0.0000 
val ---  avg_loss: 0.2227, avg_recon_loss: 0.0053, avg_kl_loss: 0.0000, avg_vq_loss: 0.2173, ppl: 1.0004, acc: 0.9999, vq_inds: [1096, 6, 6, 6, 6, 6, 6, 6, 6], unique_vq_codes: 1589, unique_suffix_codes: 1170, val_unique_suffix_codes: 121 
update best loss 

epoch: 76,  avg_loss: 0.2315, avg_recon_loss: 0.0216, avg_kl_loss: 0.0000, avg_vq_loss: 0.2099, ppl: 1.0018, acc: 0.9997, vq_inds: [2363, 6, 6, 6, 6, 6, 6, 6, 6], unique_vq_codes: 28793, unique_suffix_codes: 6764, logdet: 0.0000 
val ---  avg_loss: 0.2216, avg_recon_loss: 0.0226, avg_kl_loss: 0.0000, avg_vq_loss: 0.1990, ppl: 1.0018, acc: 0.9999, vq_inds: [1099, 6, 6, 6, 6, 6, 6, 6, 6], unique_vq_codes: 1589, unique_suffix_codes: 1183, val_unique_suffix_codes: 87 
update best loss 

epoch: 77,  avg_loss: 0.2388, avg_recon_loss: 0.0250, avg_kl_loss: 0.0000, avg_vq_loss: 0.2138, ppl: 1.0020, acc: 0.9996, vq_inds: [2362, 6, 6, 6, 6, 6, 6, 6, 6], unique_vq_codes: 28790, unique_suffix_codes: 7143, logdet: 0.0000 
val ---  avg_loss: 0.2858, avg_recon_loss: 0.0414, avg_kl_loss: 0.0000, avg_vq_loss: 0.2445, ppl: 1.0033, acc: 0.9995, vq_inds: [1099, 6, 6, 6, 6, 6, 6, 6, 6], unique_vq_codes: 1589, unique_suffix_codes: 1203, val_unique_suffix_codes: 128 

epoch: 78,  avg_loss: 0.3771, avg_recon_loss: 0.0729, avg_kl_loss: 0.0000, avg_vq_loss: 0.3041, ppl: 1.0059, acc: 0.9987, vq_inds: [2365, 6, 6, 6, 6, 6, 6, 6, 6], unique_vq_codes: 28791, unique_suffix_codes: 7422, logdet: 0.0000 
val ---  avg_loss: 0.3345, avg_recon_loss: 0.0203, avg_kl_loss: 0.0000, avg_vq_loss: 0.3142, ppl: 1.0016, acc: 0.9996, vq_inds: [1098, 6, 6, 6, 6, 6, 6, 6, 6], unique_vq_codes: 1589, unique_suffix_codes: 1196, val_unique_suffix_codes: 141 

epoch: 79,  avg_loss: 0.3771, avg_recon_loss: 0.0613, avg_kl_loss: 0.0000, avg_vq_loss: 0.3158, ppl: 1.0050, acc: 0.9989, vq_inds: [2366, 6, 6, 6, 6, 6, 6, 6, 6], unique_vq_codes: 28789, unique_suffix_codes: 7226, logdet: 0.0000 
val ---  avg_loss: 0.3446, avg_recon_loss: 0.0345, avg_kl_loss: 0.0000, avg_vq_loss: 0.3101, ppl: 1.0028, acc: 0.9994, vq_inds: [1098, 6, 6, 6, 6, 6, 6, 6, 6], unique_vq_codes: 1589, unique_suffix_codes: 1165, val_unique_suffix_codes: 136 

epoch: 80,  avg_loss: 0.3481, avg_recon_loss: 0.0489, avg_kl_loss: 0.0000, avg_vq_loss: 0.2992, ppl: 1.0040, acc: 0.9990, vq_inds: [2370, 6, 6, 6, 6, 6, 6, 6, 6], unique_vq_codes: 28792, unique_suffix_codes: 6827, logdet: 0.0000 
val ---  avg_loss: 0.4885, avg_recon_loss: 0.1121, avg_kl_loss: 0.0000, avg_vq_loss: 0.3764, ppl: 1.0091, acc: 0.9988, vq_inds: [1095, 6, 6, 6, 6, 6, 6, 6, 6], unique_vq_codes: 1589, unique_suffix_codes: 1171, val_unique_suffix_codes: 166 

epoch: 81,  avg_loss: 0.6994, avg_recon_loss: 0.2219, avg_kl_loss: 0.0000, avg_vq_loss: 0.4775, ppl: 1.0182, acc: 0.9959, vq_inds: [2385, 6, 6, 6, 6, 6, 6, 6, 6], unique_vq_codes: 28788, unique_suffix_codes: 8777, logdet: 0.0000 
val ---  avg_loss: 0.8631, avg_recon_loss: 0.2205, avg_kl_loss: 0.0000, avg_vq_loss: 0.6426, ppl: 1.0180, acc: 0.9965, vq_inds: [1095, 6, 6, 6, 6, 6, 6, 6, 6], unique_vq_codes: 1589, unique_suffix_codes: 1315, val_unique_suffix_codes: 306 

epoch: 82,  avg_loss: 0.5742, avg_recon_loss: 0.0928, avg_kl_loss: 0.0000, avg_vq_loss: 0.4814, ppl: 1.0076, acc: 0.9983, vq_inds: [2366, 6, 6, 6, 6, 6, 6, 6, 6], unique_vq_codes: 28791, unique_suffix_codes: 7950, logdet: 0.0000 
val ---  avg_loss: 0.4253, avg_recon_loss: 0.0207, avg_kl_loss: 0.0000, avg_vq_loss: 0.4046, ppl: 1.0017, acc: 0.9998, vq_inds: [1096, 6, 6, 6, 6, 6, 6, 6, 6], unique_vq_codes: 1589, unique_suffix_codes: 1176, val_unique_suffix_codes: 107 

epoch: 83,  avg_loss: 0.3900, avg_recon_loss: 0.0362, avg_kl_loss: 0.0000, avg_vq_loss: 0.3538, ppl: 1.0029, acc: 0.9995, vq_inds: [2366, 6, 6, 6, 6, 6, 6, 6, 6], unique_vq_codes: 28791, unique_suffix_codes: 6923, logdet: 0.0000 
val ---  avg_loss: 0.3394, avg_recon_loss: 0.0188, avg_kl_loss: 0.0000, avg_vq_loss: 0.3206, ppl: 1.0015, acc: 0.9998, vq_inds: [1093, 6, 6, 6, 6, 6, 6, 6, 6], unique_vq_codes: 1589, unique_suffix_codes: 1170, val_unique_suffix_codes: 72 

epoch: 84,  avg_loss: 0.3048, avg_recon_loss: 0.0219, avg_kl_loss: 0.0000, avg_vq_loss: 0.2829, ppl: 1.0018, acc: 0.9997, vq_inds: [2364, 6, 6, 6, 6, 6, 6, 6, 6], unique_vq_codes: 28792, unique_suffix_codes: 6418, logdet: 0.0000 
val ---  avg_loss: 0.2744, avg_recon_loss: 0.0100, avg_kl_loss: 0.0000, avg_vq_loss: 0.2643, ppl: 1.0008, acc: 0.9999, vq_inds: [1093, 6, 6, 6, 6, 6, 6, 6, 6], unique_vq_codes: 1589, unique_suffix_codes: 1164, val_unique_suffix_codes: 64 

epoch: 85,  avg_loss: 0.2546, avg_recon_loss: 0.0180, avg_kl_loss: 0.0000, avg_vq_loss: 0.2366, ppl: 1.0015, acc: 0.9998, vq_inds: [2365, 6, 6, 6, 6, 6, 6, 6, 6], unique_vq_codes: 28792, unique_suffix_codes: 6038, logdet: 0.0000 
val ---  avg_loss: 0.2339, avg_recon_loss: 0.0057, avg_kl_loss: 0.0000, avg_vq_loss: 0.2282, ppl: 1.0005, acc: 0.9998, vq_inds: [1093, 6, 6, 6, 6, 6, 6, 6, 6], unique_vq_codes: 1589, unique_suffix_codes: 1185, val_unique_suffix_codes: 75 

epoch: 86,  avg_loss: 0.2236, avg_recon_loss: 0.0128, avg_kl_loss: 0.0000, avg_vq_loss: 0.2107, ppl: 1.0010, acc: 0.9998, vq_inds: [2366, 6, 6, 6, 6, 6, 6, 6, 6], unique_vq_codes: 28791, unique_suffix_codes: 6223, logdet: 0.0000 
val ---  avg_loss: 0.2104, avg_recon_loss: 0.0097, avg_kl_loss: 0.0000, avg_vq_loss: 0.2007, ppl: 1.0008, acc: 0.9999, vq_inds: [1093, 6, 6, 6, 6, 6, 6, 6, 6], unique_vq_codes: 1589, unique_suffix_codes: 1152, val_unique_suffix_codes: 59 
update best loss 

epoch: 87,  avg_loss: 0.2034, avg_recon_loss: 0.0121, avg_kl_loss: 0.0000, avg_vq_loss: 0.1912, ppl: 1.0010, acc: 0.9999, vq_inds: [2365, 6, 6, 6, 6, 6, 6, 6, 6], unique_vq_codes: 28794, unique_suffix_codes: 6325, logdet: 0.0000 
val ---  avg_loss: 0.1891, avg_recon_loss: 0.0030, avg_kl_loss: 0.0000, avg_vq_loss: 0.1861, ppl: 1.0002, acc: 1.0000, vq_inds: [1093, 6, 6, 6, 6, 6, 6, 6, 6], unique_vq_codes: 1589, unique_suffix_codes: 1163, val_unique_suffix_codes: 47 
update best loss 

epoch: 88,  avg_loss: 0.1839, avg_recon_loss: 0.0096, avg_kl_loss: 0.0000, avg_vq_loss: 0.1743, ppl: 1.0008, acc: 0.9999, vq_inds: [2364, 6, 6, 6, 6, 6, 6, 6, 6], unique_vq_codes: 28793, unique_suffix_codes: 6196, logdet: 0.0000 
val ---  avg_loss: 0.1895, avg_recon_loss: 0.0034, avg_kl_loss: 0.0000, avg_vq_loss: 0.1861, ppl: 1.0003, acc: 0.9999, vq_inds: [1093, 6, 6, 6, 6, 6, 6, 6, 6], unique_vq_codes: 1589, unique_suffix_codes: 1194, val_unique_suffix_codes: 103 

epoch: 89,  avg_loss: 0.1756, avg_recon_loss: 0.0092, avg_kl_loss: 0.0000, avg_vq_loss: 0.1664, ppl: 1.0007, acc: 0.9999, vq_inds: [2365, 6, 6, 6, 6, 6, 6, 6, 6], unique_vq_codes: 28793, unique_suffix_codes: 6152, logdet: 0.0000 
val ---  avg_loss: 0.1647, avg_recon_loss: 0.0029, avg_kl_loss: 0.0000, avg_vq_loss: 0.1618, ppl: 1.0002, acc: 0.9999, vq_inds: [1095, 6, 6, 6, 6, 6, 6, 6, 6], unique_vq_codes: 1589, unique_suffix_codes: 1179, val_unique_suffix_codes: 65 
update best loss 

epoch: 90,  avg_loss: 0.1642, avg_recon_loss: 0.0089, avg_kl_loss: 0.0000, avg_vq_loss: 0.1553, ppl: 1.0007, acc: 0.9999, vq_inds: [2363, 6, 6, 6, 6, 6, 6, 6, 6], unique_vq_codes: 28794, unique_suffix_codes: 6213, logdet: 0.0000 
val ---  avg_loss: 0.1498, avg_recon_loss: 0.0022, avg_kl_loss: 0.0000, avg_vq_loss: 0.1476, ppl: 1.0002, acc: 1.0000, vq_inds: [1095, 6, 6, 6, 6, 6, 6, 6, 6], unique_vq_codes: 1589, unique_suffix_codes: 1168, val_unique_suffix_codes: 63 
update best loss 

epoch: 91,  avg_loss: 0.1677, avg_recon_loss: 0.0134, avg_kl_loss: 0.0000, avg_vq_loss: 0.1543, ppl: 1.0011, acc: 0.9998, vq_inds: [2363, 6, 6, 6, 6, 6, 6, 6, 6], unique_vq_codes: 28794, unique_suffix_codes: 6409, logdet: 0.0000 
val ---  avg_loss: 0.1679, avg_recon_loss: 0.0038, avg_kl_loss: 0.0000, avg_vq_loss: 0.1641, ppl: 1.0003, acc: 0.9999, vq_inds: [1094, 6, 6, 6, 6, 6, 6, 6, 6], unique_vq_codes: 1589, unique_suffix_codes: 1174, val_unique_suffix_codes: 90 

epoch: 92,  avg_loss: 0.1721, avg_recon_loss: 0.0138, avg_kl_loss: 0.0000, avg_vq_loss: 0.1582, ppl: 1.0011, acc: 0.9998, vq_inds: [2363, 6, 6, 6, 6, 6, 6, 6, 6], unique_vq_codes: 28793, unique_suffix_codes: 6406, logdet: 0.0000 
val ---  avg_loss: 0.1708, avg_recon_loss: 0.0114, avg_kl_loss: 0.0000, avg_vq_loss: 0.1594, ppl: 1.0009, acc: 0.9998, vq_inds: [1093, 6, 6, 6, 6, 6, 6, 6, 6], unique_vq_codes: 1589, unique_suffix_codes: 1178, val_unique_suffix_codes: 76 

epoch: 93,  avg_loss: 0.1933, avg_recon_loss: 0.0192, avg_kl_loss: 0.0000, avg_vq_loss: 0.1741, ppl: 1.0016, acc: 0.9997, vq_inds: [2365, 6, 6, 6, 6, 6, 6, 6, 6], unique_vq_codes: 28794, unique_suffix_codes: 6727, logdet: 0.0000 
val ---  avg_loss: 0.2464, avg_recon_loss: 0.0293, avg_kl_loss: 0.0000, avg_vq_loss: 0.2171, ppl: 1.0024, acc: 0.9995, vq_inds: [1095, 6, 6, 6, 6, 6, 6, 6, 6], unique_vq_codes: 1589, unique_suffix_codes: 1200, val_unique_suffix_codes: 158 

epoch: 94,  avg_loss: 0.2315, avg_recon_loss: 0.0281, avg_kl_loss: 0.0000, avg_vq_loss: 0.2034, ppl: 1.0023, acc: 0.9995, vq_inds: [2367, 6, 6, 6, 6, 6, 6, 6, 6], unique_vq_codes: 28793, unique_suffix_codes: 6772, logdet: 0.0000 
val ---  avg_loss: 0.2791, avg_recon_loss: 0.0678, avg_kl_loss: 0.0000, avg_vq_loss: 0.2114, ppl: 1.0055, acc: 0.9993, vq_inds: [1096, 6, 6, 6, 6, 6, 6, 6, 6], unique_vq_codes: 1589, unique_suffix_codes: 1201, val_unique_suffix_codes: 140 

epoch: 95,  avg_loss: 0.3332, avg_recon_loss: 0.0665, avg_kl_loss: 0.0000, avg_vq_loss: 0.2667, ppl: 1.0054, acc: 0.9988, vq_inds: [2365, 6, 6, 6, 6, 6, 6, 6, 6], unique_vq_codes: 28791, unique_suffix_codes: 7775, logdet: 0.0000 
val ---  avg_loss: 0.3092, avg_recon_loss: 0.0173, avg_kl_loss: 0.0000, avg_vq_loss: 0.2919, ppl: 1.0014, acc: 0.9995, vq_inds: [1097, 6, 6, 6, 6, 6, 6, 6, 6], unique_vq_codes: 1589, unique_suffix_codes: 1178, val_unique_suffix_codes: 127 

epoch: 96,  avg_loss: 0.3187, avg_recon_loss: 0.0435, avg_kl_loss: 0.0000, avg_vq_loss: 0.2752, ppl: 1.0035, acc: 0.9992, vq_inds: [2362, 6, 6, 6, 6, 6, 6, 6, 6], unique_vq_codes: 28794, unique_suffix_codes: 7808, logdet: 0.0000 
val ---  avg_loss: 0.3839, avg_recon_loss: 0.0746, avg_kl_loss: 0.0000, avg_vq_loss: 0.3093, ppl: 1.0060, acc: 0.9991, vq_inds: [1096, 6, 6, 6, 6, 6, 6, 6, 6], unique_vq_codes: 1589, unique_suffix_codes: 1252, val_unique_suffix_codes: 190 

epoch: 97,  avg_loss: 0.3084, avg_recon_loss: 0.0403, avg_kl_loss: 0.0000, avg_vq_loss: 0.2681, ppl: 1.0033, acc: 0.9993, vq_inds: [2368, 6, 6, 6, 6, 6, 6, 6, 6], unique_vq_codes: 28793, unique_suffix_codes: 7451, logdet: 0.0000 
val ---  avg_loss: 0.2561, avg_recon_loss: 0.0172, avg_kl_loss: 0.0000, avg_vq_loss: 0.2389, ppl: 1.0014, acc: 0.9998, vq_inds: [1098, 6, 6, 6, 6, 6, 6, 6, 6], unique_vq_codes: 1589, unique_suffix_codes: 1186, val_unique_suffix_codes: 105 

epoch: 98,  avg_loss: 0.2384, avg_recon_loss: 0.0240, avg_kl_loss: 0.0000, avg_vq_loss: 0.2144, ppl: 1.0019, acc: 0.9996, vq_inds: [2363, 6, 6, 6, 6, 6, 6, 6, 6], unique_vq_codes: 28793, unique_suffix_codes: 6702, logdet: 0.0000 
val ---  avg_loss: 0.2084, avg_recon_loss: 0.0070, avg_kl_loss: 0.0000, avg_vq_loss: 0.2014, ppl: 1.0006, acc: 0.9999, vq_inds: [1097, 6, 6, 6, 6, 6, 6, 6, 6], unique_vq_codes: 1589, unique_suffix_codes: 1196, val_unique_suffix_codes: 64 

epoch: 99,  avg_loss: 0.2112, avg_recon_loss: 0.0178, avg_kl_loss: 0.0000, avg_vq_loss: 0.1935, ppl: 1.0014, acc: 0.9997, vq_inds: [2364, 6, 6, 6, 6, 6, 6, 6, 6], unique_vq_codes: 28794, unique_suffix_codes: 6561, logdet: 0.0000 
val ---  avg_loss: 0.1995, avg_recon_loss: 0.0036, avg_kl_loss: 0.0000, avg_vq_loss: 0.1960, ppl: 1.0003, acc: 0.9999, vq_inds: [1096, 6, 6, 6, 6, 6, 6, 6, 6], unique_vq_codes: 1589, unique_suffix_codes: 1174, val_unique_suffix_codes: 98 

epoch: 100,  avg_loss: 0.1917, avg_recon_loss: 0.0123, avg_kl_loss: 0.0000, avg_vq_loss: 0.1794, ppl: 1.0010, acc: 0.9998, vq_inds: [2363, 6, 6, 6, 6, 6, 6, 6, 6], unique_vq_codes: 28794, unique_suffix_codes: 6405, logdet: 0.0000 
val ---  avg_loss: 0.1814, avg_recon_loss: 0.0089, avg_kl_loss: 0.0000, avg_vq_loss: 0.1724, ppl: 1.0007, acc: 0.9998, vq_inds: [1097, 6, 6, 6, 6, 6, 6, 6, 6], unique_vq_codes: 1589, unique_suffix_codes: 1165, val_unique_suffix_codes: 76 

epoch: 101,  avg_loss: 0.2194, avg_recon_loss: 0.0281, avg_kl_loss: 0.0000, avg_vq_loss: 0.1913, ppl: 1.0023, acc: 0.9995, vq_inds: [2362, 6, 6, 6, 6, 6, 6, 6, 6], unique_vq_codes: 28794, unique_suffix_codes: 6866, logdet: 0.0000 
val ---  avg_loss: 0.2592, avg_recon_loss: 0.0373, avg_kl_loss: 0.0000, avg_vq_loss: 0.2219, ppl: 1.0030, acc: 0.9994, vq_inds: [1098, 6, 6, 6, 6, 6, 6, 6, 6], unique_vq_codes: 1589, unique_suffix_codes: 1204, val_unique_suffix_codes: 148 

epoch: 102,  avg_loss: 0.2231, avg_recon_loss: 0.0220, avg_kl_loss: 0.0000, avg_vq_loss: 0.2012, ppl: 1.0018, acc: 0.9996, vq_inds: [2363, 6, 6, 6, 6, 6, 6, 6, 6], unique_vq_codes: 28794, unique_suffix_codes: 6649, logdet: 0.0000 
val ---  avg_loss: 0.2083, avg_recon_loss: 0.0138, avg_kl_loss: 0.0000, avg_vq_loss: 0.1944, ppl: 1.0011, acc: 0.9998, vq_inds: [1096, 6, 6, 6, 6, 6, 6, 6, 6], unique_vq_codes: 1589, unique_suffix_codes: 1178, val_unique_suffix_codes: 100 

epoch: 103,  avg_loss: 0.2123, avg_recon_loss: 0.0221, avg_kl_loss: 0.0000, avg_vq_loss: 0.1902, ppl: 1.0018, acc: 0.9997, vq_inds: [2363, 6, 6, 6, 6, 6, 6, 6, 6], unique_vq_codes: 28794, unique_suffix_codes: 6537, logdet: 0.0000 
val ---  avg_loss: 0.1920, avg_recon_loss: 0.0175, avg_kl_loss: 0.0000, avg_vq_loss: 0.1745, ppl: 1.0014, acc: 0.9997, vq_inds: [1096, 6, 6, 6, 6, 6, 6, 6, 6], unique_vq_codes: 1589, unique_suffix_codes: 1176, val_unique_suffix_codes: 62 

epoch: 104,  avg_loss: 0.2042, avg_recon_loss: 0.0224, avg_kl_loss: 0.0000, avg_vq_loss: 0.1818, ppl: 1.0018, acc: 0.9997, vq_inds: [2362, 6, 6, 6, 6, 6, 6, 6, 6], unique_vq_codes: 28794, unique_suffix_codes: 6461, logdet: 0.0000 
val ---  avg_loss: 0.2016, avg_recon_loss: 0.0088, avg_kl_loss: 0.0000, avg_vq_loss: 0.1929, ppl: 1.0007, acc: 0.9998, vq_inds: [1097, 6, 6, 6, 6, 6, 6, 6, 6], unique_vq_codes: 1589, unique_suffix_codes: 1197, val_unique_suffix_codes: 94 

epoch: 105,  avg_loss: 0.2193, avg_recon_loss: 0.0280, avg_kl_loss: 0.0000, avg_vq_loss: 0.1914, ppl: 1.0023, acc: 0.9995, vq_inds: [2366, 6, 6, 6, 6, 6, 6, 6, 6], unique_vq_codes: 28793, unique_suffix_codes: 6769, logdet: 0.0000 
val ---  avg_loss: 0.2322, avg_recon_loss: 0.0385, avg_kl_loss: 0.0000, avg_vq_loss: 0.1937, ppl: 1.0031, acc: 0.9997, vq_inds: [1099, 6, 6, 6, 6, 6, 6, 6, 6], unique_vq_codes: 1589, unique_suffix_codes: 1181, val_unique_suffix_codes: 95 

epoch: 106,  avg_loss: 0.2186, avg_recon_loss: 0.0244, avg_kl_loss: 0.0000, avg_vq_loss: 0.1942, ppl: 1.0020, acc: 0.9996, vq_inds: [2364, 6, 6, 6, 6, 6, 6, 6, 6], unique_vq_codes: 28794, unique_suffix_codes: 6475, logdet: 0.0000 
val ---  avg_loss: 0.1976, avg_recon_loss: 0.0118, avg_kl_loss: 0.0000, avg_vq_loss: 0.1858, ppl: 1.0010, acc: 0.9998, vq_inds: [1098, 6, 6, 6, 6, 6, 6, 6, 6], unique_vq_codes: 1589, unique_suffix_codes: 1176, val_unique_suffix_codes: 74 

epoch: 107,  avg_loss: 0.3000, avg_recon_loss: 0.0453, avg_kl_loss: 0.0000, avg_vq_loss: 0.2548, ppl: 1.0037, acc: 0.9991, vq_inds: [2367, 6, 6, 6, 6, 6, 6, 6, 6], unique_vq_codes: 28794, unique_suffix_codes: 7365, logdet: 0.0000 
val ---  avg_loss: 0.2649, avg_recon_loss: 0.0193, avg_kl_loss: 0.0000, avg_vq_loss: 0.2457, ppl: 1.0016, acc: 0.9997, vq_inds: [1097, 6, 6, 6, 6, 6, 6, 6, 6], unique_vq_codes: 1589, unique_suffix_codes: 1178, val_unique_suffix_codes: 132 

epoch: 108,  avg_loss: 0.2457, avg_recon_loss: 0.0229, avg_kl_loss: 0.0000, avg_vq_loss: 0.2227, ppl: 1.0019, acc: 0.9996, vq_inds: [2360, 6, 6, 6, 6, 6, 6, 6, 6], unique_vq_codes: 28791, unique_suffix_codes: 6780, logdet: 0.0000 
val ---  avg_loss: 0.2185, avg_recon_loss: 0.0084, avg_kl_loss: 0.0000, avg_vq_loss: 0.2101, ppl: 1.0007, acc: 0.9998, vq_inds: [1099, 6, 6, 6, 6, 6, 6, 6, 6], unique_vq_codes: 1589, unique_suffix_codes: 1163, val_unique_suffix_codes: 103 

epoch: 109,  avg_loss: 0.2113, avg_recon_loss: 0.0192, avg_kl_loss: 0.0000, avg_vq_loss: 0.1921, ppl: 1.0016, acc: 0.9997, vq_inds: [2361, 6, 6, 6, 6, 6, 6, 6, 6], unique_vq_codes: 28792, unique_suffix_codes: 6472, logdet: 0.0000 
val ---  avg_loss: 0.2046, avg_recon_loss: 0.0271, avg_kl_loss: 0.0000, avg_vq_loss: 0.1776, ppl: 1.0022, acc: 0.9996, vq_inds: [1099, 6, 6, 6, 6, 6, 6, 6, 6], unique_vq_codes: 1589, unique_suffix_codes: 1170, val_unique_suffix_codes: 70 

epoch: 110,  avg_loss: 0.2146, avg_recon_loss: 0.0270, avg_kl_loss: 0.0000, avg_vq_loss: 0.1876, ppl: 1.0022, acc: 0.9995, vq_inds: [2360, 6, 6, 6, 6, 6, 6, 6, 6], unique_vq_codes: 28794, unique_suffix_codes: 6549, logdet: 0.0000 
val ---  avg_loss: 0.1886, avg_recon_loss: 0.0079, avg_kl_loss: 0.0000, avg_vq_loss: 0.1807, ppl: 1.0006, acc: 0.9999, vq_inds: [1098, 6, 6, 6, 6, 6, 6, 6, 6], unique_vq_codes: 1589, unique_suffix_codes: 1173, val_unique_suffix_codes: 82 

epoch: 111,  avg_loss: 0.2312, avg_recon_loss: 0.0288, avg_kl_loss: 0.0000, avg_vq_loss: 0.2024, ppl: 1.0023, acc: 0.9995, vq_inds: [2358, 6, 6, 6, 6, 6, 6, 6, 6], unique_vq_codes: 28793, unique_suffix_codes: 6526, logdet: 0.0000 
val ---  avg_loss: 0.2581, avg_recon_loss: 0.0346, avg_kl_loss: 0.0000, avg_vq_loss: 0.2236, ppl: 1.0028, acc: 0.9998, vq_inds: [1100, 6, 6, 6, 6, 6, 6, 6, 6], unique_vq_codes: 1589, unique_suffix_codes: 1203, val_unique_suffix_codes: 143 

epoch: 112,  avg_loss: 0.2114, avg_recon_loss: 0.0182, avg_kl_loss: 0.0000, avg_vq_loss: 0.1932, ppl: 1.0015, acc: 0.9997, vq_inds: [2359, 6, 6, 6, 6, 6, 6, 6, 6], unique_vq_codes: 28793, unique_suffix_codes: 6483, logdet: 0.0000 
val ---  avg_loss: 0.1888, avg_recon_loss: 0.0029, avg_kl_loss: 0.0000, avg_vq_loss: 0.1858, ppl: 1.0002, acc: 1.0000, vq_inds: [1098, 6, 6, 6, 6, 6, 6, 6, 6], unique_vq_codes: 1589, unique_suffix_codes: 1192, val_unique_suffix_codes: 70 

epoch: 113,  avg_loss: 0.1781, avg_recon_loss: 0.0126, avg_kl_loss: 0.0000, avg_vq_loss: 0.1655, ppl: 1.0010, acc: 0.9998, vq_inds: [2358, 6, 6, 6, 6, 6, 6, 6, 6], unique_vq_codes: 28794, unique_suffix_codes: 6328, logdet: 0.0000 
val ---  avg_loss: 0.1531, avg_recon_loss: 0.0023, avg_kl_loss: 0.0000, avg_vq_loss: 0.1509, ppl: 1.0002, acc: 1.0000, vq_inds: [1097, 6, 6, 6, 6, 6, 6, 6, 6], unique_vq_codes: 1589, unique_suffix_codes: 1174, val_unique_suffix_codes: 54 

epoch: 114,  avg_loss: 0.1823, avg_recon_loss: 0.0167, avg_kl_loss: 0.0000, avg_vq_loss: 0.1657, ppl: 1.0014, acc: 0.9998, vq_inds: [2357, 6, 6, 6, 6, 6, 6, 6, 6], unique_vq_codes: 28794, unique_suffix_codes: 6427, logdet: 0.0000 
val ---  avg_loss: 0.1599, avg_recon_loss: 0.0050, avg_kl_loss: 0.0000, avg_vq_loss: 0.1548, ppl: 1.0004, acc: 0.9999, vq_inds: [1096, 6, 6, 6, 6, 6, 6, 6, 6], unique_vq_codes: 1589, unique_suffix_codes: 1185, val_unique_suffix_codes: 80 

epoch: 115,  avg_loss: 0.1632, avg_recon_loss: 0.0117, avg_kl_loss: 0.0000, avg_vq_loss: 0.1515, ppl: 1.0010, acc: 0.9998, vq_inds: [2358, 6, 6, 6, 6, 6, 6, 6, 6], unique_vq_codes: 28794, unique_suffix_codes: 6264, logdet: 0.0000 
val ---  avg_loss: 0.1683, avg_recon_loss: 0.0070, avg_kl_loss: 0.0000, avg_vq_loss: 0.1613, ppl: 1.0006, acc: 0.9999, vq_inds: [1097, 6, 6, 6, 6, 6, 6, 6, 6], unique_vq_codes: 1589, unique_suffix_codes: 1198, val_unique_suffix_codes: 110 

epoch: 116,  avg_loss: 0.1513, avg_recon_loss: 0.0078, avg_kl_loss: 0.0000, avg_vq_loss: 0.1435, ppl: 1.0006, acc: 0.9999, vq_inds: [2356, 6, 6, 6, 6, 6, 6, 6, 6], unique_vq_codes: 28794, unique_suffix_codes: 6275, logdet: 0.0000 
val ---  avg_loss: 0.1504, avg_recon_loss: 0.0074, avg_kl_loss: 0.0000, avg_vq_loss: 0.1430, ppl: 1.0006, acc: 0.9997, vq_inds: [1097, 6, 6, 6, 6, 6, 6, 6, 6], unique_vq_codes: 1589, unique_suffix_codes: 1165, val_unique_suffix_codes: 74 

epoch: 117,  avg_loss: 0.1426, avg_recon_loss: 0.0085, avg_kl_loss: 0.0000, avg_vq_loss: 0.1341, ppl: 1.0007, acc: 0.9999, vq_inds: [2356, 6, 6, 6, 6, 6, 6, 6, 6], unique_vq_codes: 28793, unique_suffix_codes: 6131, logdet: 0.0000 
val ---  avg_loss: 0.1289, avg_recon_loss: 0.0048, avg_kl_loss: 0.0000, avg_vq_loss: 0.1241, ppl: 1.0004, acc: 0.9998, vq_inds: [1097, 6, 6, 6, 6, 6, 6, 6, 6], unique_vq_codes: 1589, unique_suffix_codes: 1153, val_unique_suffix_codes: 65 
update best loss 

epoch: 118,  avg_loss: 0.1575, avg_recon_loss: 0.0144, avg_kl_loss: 0.0000, avg_vq_loss: 0.1432, ppl: 1.0012, acc: 0.9997, vq_inds: [2356, 6, 6, 6, 6, 6, 6, 6, 6], unique_vq_codes: 28794, unique_suffix_codes: 6627, logdet: 0.0000 
val ---  avg_loss: 0.1940, avg_recon_loss: 0.0205, avg_kl_loss: 0.0000, avg_vq_loss: 0.1734, ppl: 1.0017, acc: 0.9997, vq_inds: [1098, 6, 6, 6, 6, 6, 6, 6, 6], unique_vq_codes: 1589, unique_suffix_codes: 1229, val_unique_suffix_codes: 139 

epoch: 119,  avg_loss: 0.1950, avg_recon_loss: 0.0236, avg_kl_loss: 0.0000, avg_vq_loss: 0.1714, ppl: 1.0019, acc: 0.9996, vq_inds: [2357, 6, 6, 6, 6, 6, 6, 6, 6], unique_vq_codes: 28793, unique_suffix_codes: 6679, logdet: 0.0000 
val ---  avg_loss: 0.2284, avg_recon_loss: 0.0603, avg_kl_loss: 0.0000, avg_vq_loss: 0.1681, ppl: 1.0049, acc: 0.9992, vq_inds: [1099, 6, 6, 6, 6, 6, 6, 6, 6], unique_vq_codes: 1589, unique_suffix_codes: 1174, val_unique_suffix_codes: 74 

epoch: 120,  avg_loss: 0.2092, avg_recon_loss: 0.0244, avg_kl_loss: 0.0000, avg_vq_loss: 0.1848, ppl: 1.0020, acc: 0.9995, vq_inds: [2358, 6, 6, 6, 6, 6, 6, 6, 6], unique_vq_codes: 28793, unique_suffix_codes: 6760, logdet: 0.0000 
val ---  avg_loss: 0.2026, avg_recon_loss: 0.0268, avg_kl_loss: 0.0000, avg_vq_loss: 0.1758, ppl: 1.0022, acc: 0.9996, vq_inds: [1098, 6, 6, 6, 6, 6, 6, 6, 6], unique_vq_codes: 1589, unique_suffix_codes: 1189, val_unique_suffix_codes: 96 

epoch: 121,  avg_loss: 0.2334, avg_recon_loss: 0.0367, avg_kl_loss: 0.0000, avg_vq_loss: 0.1967, ppl: 1.0030, acc: 0.9994, vq_inds: [2358, 6, 6, 6, 6, 6, 6, 6, 6], unique_vq_codes: 28793, unique_suffix_codes: 6639, logdet: 0.0000 
val ---  avg_loss: 0.2421, avg_recon_loss: 0.0418, avg_kl_loss: 0.0000, avg_vq_loss: 0.2003, ppl: 1.0034, acc: 0.9995, vq_inds: [1097, 6, 6, 6, 6, 6, 6, 6, 6], unique_vq_codes: 1589, unique_suffix_codes: 1190, val_unique_suffix_codes: 121 

epoch: 122,  avg_loss: 0.2284, avg_recon_loss: 0.0342, avg_kl_loss: 0.0000, avg_vq_loss: 0.1942, ppl: 1.0028, acc: 0.9995, vq_inds: [2356, 6, 6, 6, 6, 6, 6, 6, 6], unique_vq_codes: 28794, unique_suffix_codes: 6688, logdet: 0.0000 
val ---  avg_loss: 0.1868, avg_recon_loss: 0.0040, avg_kl_loss: 0.0000, avg_vq_loss: 0.1829, ppl: 1.0003, acc: 0.9999, vq_inds: [1098, 6, 6, 6, 6, 6, 6, 6, 6], unique_vq_codes: 1589, unique_suffix_codes: 1147, val_unique_suffix_codes: 70 

epoch: 123,  avg_loss: 0.1956, avg_recon_loss: 0.0206, avg_kl_loss: 0.0000, avg_vq_loss: 0.1750, ppl: 1.0017, acc: 0.9997, vq_inds: [2357, 6, 6, 6, 6, 6, 6, 6, 6], unique_vq_codes: 28793, unique_suffix_codes: 6355, logdet: 0.0000 
val ---  avg_loss: 0.1674, avg_recon_loss: 0.0035, avg_kl_loss: 0.0000, avg_vq_loss: 0.1638, ppl: 1.0003, acc: 1.0000, vq_inds: [1098, 6, 6, 6, 6, 6, 6, 6, 6], unique_vq_codes: 1589, unique_suffix_codes: 1159, val_unique_suffix_codes: 69 

epoch: 124,  avg_loss: 0.1799, avg_recon_loss: 0.0167, avg_kl_loss: 0.0000, avg_vq_loss: 0.1632, ppl: 1.0014, acc: 0.9997, vq_inds: [2355, 6, 6, 6, 6, 6, 6, 6, 6], unique_vq_codes: 28794, unique_suffix_codes: 6284, logdet: 0.0000 
val ---  avg_loss: 0.1709, avg_recon_loss: 0.0050, avg_kl_loss: 0.0000, avg_vq_loss: 0.1659, ppl: 1.0004, acc: 0.9999, vq_inds: [1098, 6, 6, 6, 6, 6, 6, 6, 6], unique_vq_codes: 1589, unique_suffix_codes: 1184, val_unique_suffix_codes: 87 

epoch: 125,  avg_loss: 0.1960, avg_recon_loss: 0.0230, avg_kl_loss: 0.0000, avg_vq_loss: 0.1730, ppl: 1.0019, acc: 0.9996, vq_inds: [2358, 6, 6, 6, 6, 6, 6, 6, 6], unique_vq_codes: 28794, unique_suffix_codes: 6685, logdet: 0.0000 
val ---  avg_loss: 0.2097, avg_recon_loss: 0.0377, avg_kl_loss: 0.0000, avg_vq_loss: 0.1720, ppl: 1.0030, acc: 0.9998, vq_inds: [1098, 6, 6, 6, 6, 6, 6, 6, 6], unique_vq_codes: 1589, unique_suffix_codes: 1177, val_unique_suffix_codes: 84 

epoch: 126,  avg_loss: 0.1766, avg_recon_loss: 0.0170, avg_kl_loss: 0.0000, avg_vq_loss: 0.1596, ppl: 1.0014, acc: 0.9997, vq_inds: [2356, 6, 6, 6, 6, 6, 6, 6, 6], unique_vq_codes: 28794, unique_suffix_codes: 6377, logdet: 0.0000 
val ---  avg_loss: 0.1582, avg_recon_loss: 0.0034, avg_kl_loss: 0.0000, avg_vq_loss: 0.1549, ppl: 1.0003, acc: 0.9999, vq_inds: [1097, 6, 6, 6, 6, 6, 6, 6, 6], unique_vq_codes: 1589, unique_suffix_codes: 1157, val_unique_suffix_codes: 80 

epoch: 127,  avg_loss: 0.1634, avg_recon_loss: 0.0114, avg_kl_loss: 0.0000, avg_vq_loss: 0.1520, ppl: 1.0009, acc: 0.9998, vq_inds: [2353, 6, 6, 6, 6, 6, 6, 6, 6], unique_vq_codes: 28793, unique_suffix_codes: 6357, logdet: 0.0000 
val ---  avg_loss: 0.1636, avg_recon_loss: 0.0099, avg_kl_loss: 0.0000, avg_vq_loss: 0.1538, ppl: 1.0008, acc: 0.9999, vq_inds: [1096, 6, 6, 6, 6, 6, 6, 6, 6], unique_vq_codes: 1589, unique_suffix_codes: 1172, val_unique_suffix_codes: 87 

epoch: 128,  avg_loss: 0.1650, avg_recon_loss: 0.0152, avg_kl_loss: 0.0000, avg_vq_loss: 0.1498, ppl: 1.0012, acc: 0.9997, vq_inds: [2353, 6, 6, 6, 6, 6, 6, 6, 6], unique_vq_codes: 28794, unique_suffix_codes: 6383, logdet: 0.0000 
val ---  avg_loss: 0.1606, avg_recon_loss: 0.0074, avg_kl_loss: 0.0000, avg_vq_loss: 0.1532, ppl: 1.0006, acc: 0.9998, vq_inds: [1096, 6, 6, 6, 6, 6, 6, 6, 6], unique_vq_codes: 1589, unique_suffix_codes: 1182, val_unique_suffix_codes: 79 

epoch: 129,  avg_loss: 0.1905, avg_recon_loss: 0.0221, avg_kl_loss: 0.0000, avg_vq_loss: 0.1684, ppl: 1.0018, acc: 0.9996, vq_inds: [2356, 6, 6, 6, 6, 6, 6, 6, 6], unique_vq_codes: 28793, unique_suffix_codes: 6603, logdet: 0.0000 
val ---  avg_loss: 0.2001, avg_recon_loss: 0.0183, avg_kl_loss: 0.0000, avg_vq_loss: 0.1818, ppl: 1.0015, acc: 0.9997, vq_inds: [1095, 6, 6, 6, 6, 6, 6, 6, 6], unique_vq_codes: 1589, unique_suffix_codes: 1204, val_unique_suffix_codes: 107 

epoch: 130,  avg_loss: 0.1741, avg_recon_loss: 0.0160, avg_kl_loss: 0.0000, avg_vq_loss: 0.1581, ppl: 1.0013, acc: 0.9997, vq_inds: [2354, 6, 6, 6, 6, 6, 6, 6, 6], unique_vq_codes: 28793, unique_suffix_codes: 6205, logdet: 0.0000 
val ---  avg_loss: 0.1547, avg_recon_loss: 0.0051, avg_kl_loss: 0.0000, avg_vq_loss: 0.1496, ppl: 1.0004, acc: 0.9998, vq_inds: [1094, 6, 6, 6, 6, 6, 6, 6, 6], unique_vq_codes: 1589, unique_suffix_codes: 1154, val_unique_suffix_codes: 48 

epoch: 131,  avg_loss: 0.2140, avg_recon_loss: 0.0338, avg_kl_loss: 0.0000, avg_vq_loss: 0.1802, ppl: 1.0027, acc: 0.9994, vq_inds: [2354, 6, 6, 6, 6, 6, 6, 6, 6], unique_vq_codes: 28794, unique_suffix_codes: 6557, logdet: 0.0000 
val ---  avg_loss: 0.2669, avg_recon_loss: 0.0450, avg_kl_loss: 0.0000, avg_vq_loss: 0.2219, ppl: 1.0036, acc: 0.9990, vq_inds: [1096, 6, 6, 6, 6, 6, 6, 6, 6], unique_vq_codes: 1589, unique_suffix_codes: 1194, val_unique_suffix_codes: 148 

epoch: 132,  avg_loss: 0.2863, avg_recon_loss: 0.0484, avg_kl_loss: 0.0000, avg_vq_loss: 0.2379, ppl: 1.0039, acc: 0.9990, vq_inds: [2352, 6, 6, 6, 6, 6, 6, 6, 6], unique_vq_codes: 28794, unique_suffix_codes: 6869, logdet: 0.0000 
val ---  avg_loss: 0.3484, avg_recon_loss: 0.0849, avg_kl_loss: 0.0000, avg_vq_loss: 0.2635, ppl: 1.0069, acc: 0.9984, vq_inds: [1096, 6, 6, 6, 6, 6, 6, 6, 6], unique_vq_codes: 1589, unique_suffix_codes: 1200, val_unique_suffix_codes: 155 

epoch: 133,  avg_loss: 0.3844, avg_recon_loss: 0.0854, avg_kl_loss: 0.0000, avg_vq_loss: 0.2990, ppl: 1.0069, acc: 0.9986, vq_inds: [2352, 6, 6, 6, 6, 6, 6, 6, 6], unique_vq_codes: 28789, unique_suffix_codes: 7003, logdet: 0.0000 
val ---  avg_loss: 0.3269, avg_recon_loss: 0.0221, avg_kl_loss: 0.0000, avg_vq_loss: 0.3047, ppl: 1.0018, acc: 0.9995, vq_inds: [1093, 6, 6, 6, 6, 6, 6, 6, 6], unique_vq_codes: 1589, unique_suffix_codes: 1197, val_unique_suffix_codes: 117 

epoch: 134,  avg_loss: 0.2939, avg_recon_loss: 0.0442, avg_kl_loss: 0.0000, avg_vq_loss: 0.2496, ppl: 1.0036, acc: 0.9993, vq_inds: [2349, 6, 6, 6, 6, 6, 6, 6, 6], unique_vq_codes: 28794, unique_suffix_codes: 6180, logdet: 0.0000 
val ---  avg_loss: 0.2418, avg_recon_loss: 0.0096, avg_kl_loss: 0.0000, avg_vq_loss: 0.2322, ppl: 1.0008, acc: 0.9998, vq_inds: [1094, 6, 6, 6, 6, 6, 6, 6, 6], unique_vq_codes: 1589, unique_suffix_codes: 1151, val_unique_suffix_codes: 72 

epoch: 135,  avg_loss: 0.2333, avg_recon_loss: 0.0182, avg_kl_loss: 0.0000, avg_vq_loss: 0.2150, ppl: 1.0015, acc: 0.9997, vq_inds: [2347, 6, 6, 6, 6, 6, 6, 6, 6], unique_vq_codes: 28793, unique_suffix_codes: 6190, logdet: 0.0000 
val ---  avg_loss: 0.1931, avg_recon_loss: 0.0026, avg_kl_loss: 0.0000, avg_vq_loss: 0.1905, ppl: 1.0002, acc: 1.0000, vq_inds: [1094, 6, 6, 6, 6, 6, 6, 6, 6], unique_vq_codes: 1589, unique_suffix_codes: 1166, val_unique_suffix_codes: 63 

epoch: 136,  avg_loss: 0.1977, avg_recon_loss: 0.0165, avg_kl_loss: 0.0000, avg_vq_loss: 0.1811, ppl: 1.0013, acc: 0.9997, vq_inds: [2347, 6, 6, 6, 6, 6, 6, 6, 6], unique_vq_codes: 28794, unique_suffix_codes: 6065, logdet: 0.0000 
val ---  avg_loss: 0.2177, avg_recon_loss: 0.0267, avg_kl_loss: 0.0000, avg_vq_loss: 0.1910, ppl: 1.0022, acc: 0.9995, vq_inds: [1094, 6, 6, 6, 6, 6, 6, 6, 6], unique_vq_codes: 1589, unique_suffix_codes: 1171, val_unique_suffix_codes: 113 

epoch: 137,  avg_loss: 0.1911, avg_recon_loss: 0.0162, avg_kl_loss: 0.0000, avg_vq_loss: 0.1749, ppl: 1.0013, acc: 0.9998, vq_inds: [2346, 6, 6, 6, 6, 6, 6, 6, 6], unique_vq_codes: 28792, unique_suffix_codes: 6068, logdet: 0.0000 
val ---  avg_loss: 0.1690, avg_recon_loss: 0.0055, avg_kl_loss: 0.0000, avg_vq_loss: 0.1635, ppl: 1.0004, acc: 0.9999, vq_inds: [1093, 6, 6, 6, 6, 6, 6, 6, 6], unique_vq_codes: 1589, unique_suffix_codes: 1137, val_unique_suffix_codes: 51 

epoch: 138,  avg_loss: 0.1664, avg_recon_loss: 0.0107, avg_kl_loss: 0.0000, avg_vq_loss: 0.1557, ppl: 1.0009, acc: 0.9998, vq_inds: [2344, 6, 6, 6, 6, 6, 6, 6, 6], unique_vq_codes: 28793, unique_suffix_codes: 5850, logdet: 0.0000 
val ---  avg_loss: 0.1415, avg_recon_loss: 0.0014, avg_kl_loss: 0.0000, avg_vq_loss: 0.1401, ppl: 1.0001, acc: 1.0000, vq_inds: [1092, 6, 6, 6, 6, 6, 6, 6, 6], unique_vq_codes: 1589, unique_suffix_codes: 1125, val_unique_suffix_codes: 42 

epoch: 139,  avg_loss: 0.1440, avg_recon_loss: 0.0066, avg_kl_loss: 0.0000, avg_vq_loss: 0.1374, ppl: 1.0005, acc: 0.9999, vq_inds: [2342, 6, 6, 6, 6, 6, 6, 6, 6], unique_vq_codes: 28793, unique_suffix_codes: 5754, logdet: 0.0000 
val ---  avg_loss: 0.1446, avg_recon_loss: 0.0012, avg_kl_loss: 0.0000, avg_vq_loss: 0.1434, ppl: 1.0001, acc: 1.0000, vq_inds: [1092, 6, 6, 6, 6, 6, 6, 6, 6], unique_vq_codes: 1589, unique_suffix_codes: 1154, val_unique_suffix_codes: 78 

epoch: 140,  avg_loss: 0.1402, avg_recon_loss: 0.0088, avg_kl_loss: 0.0000, avg_vq_loss: 0.1314, ppl: 1.0007, acc: 0.9999, vq_inds: [2342, 6, 6, 6, 6, 6, 6, 6, 6], unique_vq_codes: 28794, unique_suffix_codes: 5810, logdet: 0.0000 
val ---  avg_loss: 0.1323, avg_recon_loss: 0.0014, avg_kl_loss: 0.0000, avg_vq_loss: 0.1310, ppl: 1.0001, acc: 1.0000, vq_inds: [1092, 6, 6, 6, 6, 6, 6, 6, 6], unique_vq_codes: 1589, unique_suffix_codes: 1176, val_unique_suffix_codes: 95 

epoch: 141,  avg_loss: 0.1367, avg_recon_loss: 0.0094, avg_kl_loss: 0.0000, avg_vq_loss: 0.1273, ppl: 1.0008, acc: 0.9999, vq_inds: [2344, 6, 6, 6, 6, 6, 6, 6, 6], unique_vq_codes: 28794, unique_suffix_codes: 5894, logdet: 0.0000 
val ---  avg_loss: 0.1209, avg_recon_loss: 0.0013, avg_kl_loss: 0.0000, avg_vq_loss: 0.1196, ppl: 1.0001, acc: 1.0000, vq_inds: [1091, 6, 6, 6, 6, 6, 6, 6, 6], unique_vq_codes: 1589, unique_suffix_codes: 1142, val_unique_suffix_codes: 41 
update best loss 

epoch: 142,  avg_loss: 0.1272, avg_recon_loss: 0.0064, avg_kl_loss: 0.0000, avg_vq_loss: 0.1208, ppl: 1.0005, acc: 0.9999, vq_inds: [2344, 6, 6, 6, 6, 6, 6, 6, 6], unique_vq_codes: 28794, unique_suffix_codes: 5688, logdet: 0.0000 
val ---  avg_loss: 0.1183, avg_recon_loss: 0.0085, avg_kl_loss: 0.0000, avg_vq_loss: 0.1098, ppl: 1.0007, acc: 0.9999, vq_inds: [1092, 6, 6, 6, 6, 6, 6, 6, 6], unique_vq_codes: 1589, unique_suffix_codes: 1129, val_unique_suffix_codes: 37 
update best loss 

epoch: 143,  avg_loss: 0.1263, avg_recon_loss: 0.0086, avg_kl_loss: 0.0000, avg_vq_loss: 0.1177, ppl: 1.0007, acc: 0.9999, vq_inds: [2343, 6, 6, 6, 6, 6, 6, 6, 6], unique_vq_codes: 28794, unique_suffix_codes: 5883, logdet: 0.0000 
val ---  avg_loss: 0.1694, avg_recon_loss: 0.0496, avg_kl_loss: 0.0000, avg_vq_loss: 0.1197, ppl: 1.0040, acc: 0.9996, vq_inds: [1092, 6, 6, 6, 6, 6, 6, 6, 6], unique_vq_codes: 1589, unique_suffix_codes: 1143, val_unique_suffix_codes: 53 

epoch: 144,  avg_loss: 0.1232, avg_recon_loss: 0.0098, avg_kl_loss: 0.0000, avg_vq_loss: 0.1135, ppl: 1.0008, acc: 0.9999, vq_inds: [2343, 6, 6, 6, 6, 6, 6, 6, 6], unique_vq_codes: 28794, unique_suffix_codes: 5866, logdet: 0.0000 
val ---  avg_loss: 0.1322, avg_recon_loss: 0.0035, avg_kl_loss: 0.0000, avg_vq_loss: 0.1287, ppl: 1.0003, acc: 0.9999, vq_inds: [1091, 6, 6, 6, 6, 6, 6, 6, 6], unique_vq_codes: 1589, unique_suffix_codes: 1182, val_unique_suffix_codes: 114 

epoch: 145,  avg_loss: 0.2096, avg_recon_loss: 0.0406, avg_kl_loss: 0.0000, avg_vq_loss: 0.1689, ppl: 1.0033, acc: 0.9993, vq_inds: [2342, 6, 6, 6, 6, 6, 6, 6, 6], unique_vq_codes: 28794, unique_suffix_codes: 6606, logdet: 0.0000 
val ---  avg_loss: 0.2210, avg_recon_loss: 0.0140, avg_kl_loss: 0.0000, avg_vq_loss: 0.2070, ppl: 1.0011, acc: 0.9997, vq_inds: [1090, 6, 6, 6, 6, 6, 6, 6, 6], unique_vq_codes: 1589, unique_suffix_codes: 1202, val_unique_suffix_codes: 146 

epoch: 146,  avg_loss: 0.2437, avg_recon_loss: 0.0406, avg_kl_loss: 0.0000, avg_vq_loss: 0.2031, ppl: 1.0033, acc: 0.9993, vq_inds: [2347, 6, 6, 6, 6, 6, 6, 6, 6], unique_vq_codes: 28794, unique_suffix_codes: 6811, logdet: 0.0000 
val ---  avg_loss: 0.2767, avg_recon_loss: 0.0307, avg_kl_loss: 0.0000, avg_vq_loss: 0.2461, ppl: 1.0025, acc: 0.9993, vq_inds: [1092, 6, 6, 6, 6, 6, 6, 6, 6], unique_vq_codes: 1589, unique_suffix_codes: 1198, val_unique_suffix_codes: 187 

epoch: 147,  avg_loss: 0.3040, avg_recon_loss: 0.0621, avg_kl_loss: 0.0000, avg_vq_loss: 0.2419, ppl: 1.0050, acc: 0.9989, vq_inds: [2350, 6, 6, 6, 6, 6, 6, 6, 6], unique_vq_codes: 28791, unique_suffix_codes: 6765, logdet: 0.0000 
val ---  avg_loss: 0.2491, avg_recon_loss: 0.0185, avg_kl_loss: 0.0000, avg_vq_loss: 0.2306, ppl: 1.0015, acc: 0.9995, vq_inds: [1095, 6, 6, 6, 6, 6, 6, 6, 6], unique_vq_codes: 1589, unique_suffix_codes: 1124, val_unique_suffix_codes: 82 

epoch: 148,  avg_loss: 0.2520, avg_recon_loss: 0.0324, avg_kl_loss: 0.0000, avg_vq_loss: 0.2196, ppl: 1.0026, acc: 0.9994, vq_inds: [2348, 6, 6, 6, 6, 6, 6, 6, 6], unique_vq_codes: 28791, unique_suffix_codes: 6200, logdet: 0.0000 
val ---  avg_loss: 0.2119, avg_recon_loss: 0.0050, avg_kl_loss: 0.0000, avg_vq_loss: 0.2070, ppl: 1.0004, acc: 0.9999, vq_inds: [1097, 6, 6, 6, 6, 6, 6, 6, 6], unique_vq_codes: 1589, unique_suffix_codes: 1162, val_unique_suffix_codes: 73 

epoch: 149,  avg_loss: 0.2468, avg_recon_loss: 0.0320, avg_kl_loss: 0.0000, avg_vq_loss: 0.2148, ppl: 1.0026, acc: 0.9995, vq_inds: [2349, 6, 6, 6, 6, 6, 6, 6, 6], unique_vq_codes: 28793, unique_suffix_codes: 6585, logdet: 0.0000 
val ---  avg_loss: 0.2188, avg_recon_loss: 0.0152, avg_kl_loss: 0.0000, avg_vq_loss: 0.2036, ppl: 1.0012, acc: 0.9998, vq_inds: [1096, 6, 6, 6, 6, 6, 6, 6, 6], unique_vq_codes: 1589, unique_suffix_codes: 1152, val_unique_suffix_codes: 75 

epoch: 150,  avg_loss: 0.2010, avg_recon_loss: 0.0137, avg_kl_loss: 0.0000, avg_vq_loss: 0.1873, ppl: 1.0011, acc: 0.9998, vq_inds: [2348, 6, 6, 6, 6, 6, 6, 6, 6], unique_vq_codes: 28794, unique_suffix_codes: 5997, logdet: 0.0000 
val ---  avg_loss: 0.1739, avg_recon_loss: 0.0081, avg_kl_loss: 0.0000, avg_vq_loss: 0.1658, ppl: 1.0007, acc: 0.9999, vq_inds: [1097, 6, 6, 6, 6, 6, 6, 6, 6], unique_vq_codes: 1589, unique_suffix_codes: 1143, val_unique_suffix_codes: 36 

epoch: 151,  avg_loss: 0.1758, avg_recon_loss: 0.0125, avg_kl_loss: 0.0000, avg_vq_loss: 0.1633, ppl: 1.0010, acc: 0.9998, vq_inds: [2346, 6, 6, 6, 6, 6, 6, 6, 6], unique_vq_codes: 28794, unique_suffix_codes: 5709, logdet: 0.0000 
val ---  avg_loss: 0.1468, avg_recon_loss: 0.0022, avg_kl_loss: 0.0000, avg_vq_loss: 0.1446, ppl: 1.0002, acc: 1.0000, vq_inds: [1097, 6, 6, 6, 6, 6, 6, 6, 6], unique_vq_codes: 1589, unique_suffix_codes: 1135, val_unique_suffix_codes: 38 

epoch: 152,  avg_loss: 0.1463, avg_recon_loss: 0.0067, avg_kl_loss: 0.0000, avg_vq_loss: 0.1395, ppl: 1.0005, acc: 0.9999, vq_inds: [2347, 6, 6, 6, 6, 6, 6, 6, 6], unique_vq_codes: 28794, unique_suffix_codes: 5625, logdet: 0.0000 
val ---  avg_loss: 0.1357, avg_recon_loss: 0.0012, avg_kl_loss: 0.0000, avg_vq_loss: 0.1345, ppl: 1.0001, acc: 1.0000, vq_inds: [1097, 6, 6, 6, 6, 6, 6, 6, 6], unique_vq_codes: 1589, unique_suffix_codes: 1137, val_unique_suffix_codes: 38 

epoch: 153,  avg_loss: 0.1359, avg_recon_loss: 0.0065, avg_kl_loss: 0.0000, avg_vq_loss: 0.1294, ppl: 1.0005, acc: 0.9999, vq_inds: [2346, 6, 6, 6, 6, 6, 6, 6, 6], unique_vq_codes: 28794, unique_suffix_codes: 5731, logdet: 0.0000 
val ---  avg_loss: 0.1293, avg_recon_loss: 0.0011, avg_kl_loss: 0.0000, avg_vq_loss: 0.1282, ppl: 1.0001, acc: 1.0000, vq_inds: [1097, 6, 6, 6, 6, 6, 6, 6, 6], unique_vq_codes: 1589, unique_suffix_codes: 1154, val_unique_suffix_codes: 54 

epoch: 154,  avg_loss: 0.1253, avg_recon_loss: 0.0061, avg_kl_loss: 0.0000, avg_vq_loss: 0.1192, ppl: 1.0005, acc: 0.9999, vq_inds: [2347, 6, 6, 6, 6, 6, 6, 6, 6], unique_vq_codes: 28793, unique_suffix_codes: 5670, logdet: 0.0000 
val ---  avg_loss: 0.1209, avg_recon_loss: 0.0025, avg_kl_loss: 0.0000, avg_vq_loss: 0.1184, ppl: 1.0002, acc: 0.9999, vq_inds: [1097, 6, 6, 6, 6, 6, 6, 6, 6], unique_vq_codes: 1589, unique_suffix_codes: 1149, val_unique_suffix_codes: 44 

epoch: 155,  avg_loss: 0.1250, avg_recon_loss: 0.0085, avg_kl_loss: 0.0000, avg_vq_loss: 0.1164, ppl: 1.0007, acc: 0.9999, vq_inds: [2345, 6, 6, 6, 6, 6, 6, 6, 6], unique_vq_codes: 28794, unique_suffix_codes: 5745, logdet: 0.0000 
val ---  avg_loss: 0.1179, avg_recon_loss: 0.0021, avg_kl_loss: 0.0000, avg_vq_loss: 0.1158, ppl: 1.0002, acc: 1.0000, vq_inds: [1096, 6, 6, 6, 6, 6, 6, 6, 6], unique_vq_codes: 1589, unique_suffix_codes: 1137, val_unique_suffix_codes: 33 
update best loss 

epoch: 156,  avg_loss: 0.1290, avg_recon_loss: 0.0116, avg_kl_loss: 0.0000, avg_vq_loss: 0.1174, ppl: 1.0009, acc: 0.9999, vq_inds: [2343, 6, 6, 6, 6, 6, 6, 6, 6], unique_vq_codes: 28794, unique_suffix_codes: 5824, logdet: 0.0000 
val ---  avg_loss: 0.1149, avg_recon_loss: 0.0030, avg_kl_loss: 0.0000, avg_vq_loss: 0.1119, ppl: 1.0002, acc: 0.9999, vq_inds: [1097, 6, 6, 6, 6, 6, 6, 6, 6], unique_vq_codes: 1589, unique_suffix_codes: 1161, val_unique_suffix_codes: 54 
update best loss 

epoch: 157,  avg_loss: 0.1238, avg_recon_loss: 0.0090, avg_kl_loss: 0.0000, avg_vq_loss: 0.1148, ppl: 1.0007, acc: 0.9998, vq_inds: [2341, 6, 6, 6, 6, 6, 6, 6, 6], unique_vq_codes: 28794, unique_suffix_codes: 5860, logdet: 0.0000 
val ---  avg_loss: 0.1402, avg_recon_loss: 0.0165, avg_kl_loss: 0.0000, avg_vq_loss: 0.1238, ppl: 1.0013, acc: 0.9998, vq_inds: [1097, 6, 6, 6, 6, 6, 6, 6, 6], unique_vq_codes: 1589, unique_suffix_codes: 1169, val_unique_suffix_codes: 61 

epoch: 158,  avg_loss: 0.1777, avg_recon_loss: 0.0317, avg_kl_loss: 0.0000, avg_vq_loss: 0.1459, ppl: 1.0026, acc: 0.9995, vq_inds: [2343, 6, 6, 6, 6, 6, 6, 6, 6], unique_vq_codes: 28794, unique_suffix_codes: 6548, logdet: 0.0000 
val ---  avg_loss: 0.2275, avg_recon_loss: 0.0265, avg_kl_loss: 0.0000, avg_vq_loss: 0.2010, ppl: 1.0021, acc: 0.9994, vq_inds: [1098, 6, 6, 6, 6, 6, 6, 6, 6], unique_vq_codes: 1589, unique_suffix_codes: 1195, val_unique_suffix_codes: 150 

epoch: 159,  avg_loss: 0.2324, avg_recon_loss: 0.0311, avg_kl_loss: 0.0000, avg_vq_loss: 0.2012, ppl: 1.0025, acc: 0.9994, vq_inds: [2346, 6, 6, 6, 6, 6, 6, 6, 6], unique_vq_codes: 28794, unique_suffix_codes: 6790, logdet: 0.0000 
val ---  avg_loss: 0.1972, avg_recon_loss: 0.0069, avg_kl_loss: 0.0000, avg_vq_loss: 0.1902, ppl: 1.0006, acc: 0.9998, vq_inds: [1096, 6, 6, 6, 6, 6, 6, 6, 6], unique_vq_codes: 1589, unique_suffix_codes: 1189, val_unique_suffix_codes: 99 

epoch: 160,  avg_loss: 0.1984, avg_recon_loss: 0.0203, avg_kl_loss: 0.0000, avg_vq_loss: 0.1781, ppl: 1.0016, acc: 0.9997, vq_inds: [2343, 6, 6, 6, 6, 6, 6, 6, 6], unique_vq_codes: 28793, unique_suffix_codes: 6861, logdet: 0.0000 
val ---  avg_loss: 0.1704, avg_recon_loss: 0.0033, avg_kl_loss: 0.0000, avg_vq_loss: 0.1671, ppl: 1.0003, acc: 0.9999, vq_inds: [1096, 6, 6, 6, 6, 6, 6, 6, 6], unique_vq_codes: 1589, unique_suffix_codes: 1190, val_unique_suffix_codes: 83 

epoch: 161,  avg_loss: 0.1675, avg_recon_loss: 0.0127, avg_kl_loss: 0.0000, avg_vq_loss: 0.1548, ppl: 1.0010, acc: 0.9998, vq_inds: [2340, 6, 6, 6, 6, 6, 6, 6, 6], unique_vq_codes: 28794, unique_suffix_codes: 6276, logdet: 0.0000 
val ---  avg_loss: 0.1563, avg_recon_loss: 0.0037, avg_kl_loss: 0.0000, avg_vq_loss: 0.1526, ppl: 1.0003, acc: 0.9999, vq_inds: [1096, 6, 6, 6, 6, 6, 6, 6, 6], unique_vq_codes: 1589, unique_suffix_codes: 1159, val_unique_suffix_codes: 79 

epoch: 162,  avg_loss: 0.1564, avg_recon_loss: 0.0120, avg_kl_loss: 0.0000, avg_vq_loss: 0.1444, ppl: 1.0010, acc: 0.9998, vq_inds: [2340, 6, 6, 6, 6, 6, 6, 6, 6], unique_vq_codes: 28794, unique_suffix_codes: 6432, logdet: 0.0000 
val ---  avg_loss: 0.1401, avg_recon_loss: 0.0025, avg_kl_loss: 0.0000, avg_vq_loss: 0.1377, ppl: 1.0002, acc: 0.9999, vq_inds: [1096, 6, 6, 6, 6, 6, 6, 6, 6], unique_vq_codes: 1589, unique_suffix_codes: 1174, val_unique_suffix_codes: 63 

epoch: 163,  avg_loss: 0.1443, avg_recon_loss: 0.0131, avg_kl_loss: 0.0000, avg_vq_loss: 0.1312, ppl: 1.0011, acc: 0.9998, vq_inds: [2340, 6, 6, 6, 6, 6, 6, 6, 6], unique_vq_codes: 28793, unique_suffix_codes: 6230, logdet: 0.0000 
val ---  avg_loss: 0.1533, avg_recon_loss: 0.0104, avg_kl_loss: 0.0000, avg_vq_loss: 0.1429, ppl: 1.0008, acc: 0.9998, vq_inds: [1096, 6, 6, 6, 6, 6, 6, 6, 6], unique_vq_codes: 1589, unique_suffix_codes: 1185, val_unique_suffix_codes: 122 

epoch: 164,  avg_loss: 0.1580, avg_recon_loss: 0.0190, avg_kl_loss: 0.0000, avg_vq_loss: 0.1390, ppl: 1.0015, acc: 0.9997, vq_inds: [2340, 6, 6, 6, 6, 6, 6, 6, 6], unique_vq_codes: 28794, unique_suffix_codes: 6494, logdet: 0.0000 
val ---  avg_loss: 0.1424, avg_recon_loss: 0.0034, avg_kl_loss: 0.0000, avg_vq_loss: 0.1391, ppl: 1.0003, acc: 0.9999, vq_inds: [1096, 6, 6, 6, 6, 6, 6, 6, 6], unique_vq_codes: 1589, unique_suffix_codes: 1172, val_unique_suffix_codes: 92 

epoch: 165,  avg_loss: 0.1381, avg_recon_loss: 0.0117, avg_kl_loss: 0.0000, avg_vq_loss: 0.1264, ppl: 1.0009, acc: 0.9998, vq_inds: [2342, 6, 6, 6, 6, 6, 6, 6, 6], unique_vq_codes: 28794, unique_suffix_codes: 6019, logdet: 0.0000 
val ---  avg_loss: 0.1258, avg_recon_loss: 0.0032, avg_kl_loss: 0.0000, avg_vq_loss: 0.1226, ppl: 1.0003, acc: 0.9999, vq_inds: [1096, 6, 6, 6, 6, 6, 6, 6, 6], unique_vq_codes: 1589, unique_suffix_codes: 1136, val_unique_suffix_codes: 67 

epoch: 166,  avg_loss: 0.1562, avg_recon_loss: 0.0167, avg_kl_loss: 0.0000, avg_vq_loss: 0.1395, ppl: 1.0014, acc: 0.9997, vq_inds: [2342, 6, 6, 6, 6, 6, 6, 6, 6], unique_vq_codes: 28793, unique_suffix_codes: 6312, logdet: 0.0000 
val ---  avg_loss: 0.1728, avg_recon_loss: 0.0092, avg_kl_loss: 0.0000, avg_vq_loss: 0.1636, ppl: 1.0007, acc: 0.9997, vq_inds: [1096, 6, 6, 6, 6, 6, 6, 6, 6], unique_vq_codes: 1589, unique_suffix_codes: 1157, val_unique_suffix_codes: 109 

epoch: 167,  avg_loss: 0.1837, avg_recon_loss: 0.0237, avg_kl_loss: 0.0000, avg_vq_loss: 0.1600, ppl: 1.0019, acc: 0.9995, vq_inds: [2341, 6, 6, 6, 6, 6, 6, 6, 6], unique_vq_codes: 28794, unique_suffix_codes: 6613, logdet: 0.0000 
val ---  avg_loss: 0.1775, avg_recon_loss: 0.0062, avg_kl_loss: 0.0000, avg_vq_loss: 0.1714, ppl: 1.0005, acc: 0.9998, vq_inds: [1097, 6, 6, 6, 6, 6, 6, 6, 6], unique_vq_codes: 1589, unique_suffix_codes: 1174, val_unique_suffix_codes: 127 

epoch: 168,  avg_loss: 0.1840, avg_recon_loss: 0.0195, avg_kl_loss: 0.0000, avg_vq_loss: 0.1645, ppl: 1.0016, acc: 0.9996, vq_inds: [2341, 6, 6, 6, 6, 6, 6, 6, 6], unique_vq_codes: 28793, unique_suffix_codes: 6829, logdet: 0.0000 
val ---  avg_loss: 0.1515, avg_recon_loss: 0.0026, avg_kl_loss: 0.0000, avg_vq_loss: 0.1489, ppl: 1.0002, acc: 0.9999, vq_inds: [1095, 6, 6, 6, 6, 6, 6, 6, 6], unique_vq_codes: 1589, unique_suffix_codes: 1173, val_unique_suffix_codes: 64 

epoch: 169,  avg_loss: 0.1539, avg_recon_loss: 0.0126, avg_kl_loss: 0.0000, avg_vq_loss: 0.1414, ppl: 1.0010, acc: 0.9998, vq_inds: [2338, 6, 6, 6, 6, 6, 6, 6, 6], unique_vq_codes: 28794, unique_suffix_codes: 6372, logdet: 0.0000 
val ---  avg_loss: 0.1404, avg_recon_loss: 0.0015, avg_kl_loss: 0.0000, avg_vq_loss: 0.1389, ppl: 1.0001, acc: 1.0000, vq_inds: [1095, 6, 6, 6, 6, 6, 6, 6, 6], unique_vq_codes: 1589, unique_suffix_codes: 1185, val_unique_suffix_codes: 60 

epoch: 170,  avg_loss: 0.1434, avg_recon_loss: 0.0135, avg_kl_loss: 0.0000, avg_vq_loss: 0.1300, ppl: 1.0011, acc: 0.9998, vq_inds: [2336, 6, 6, 6, 6, 6, 6, 6, 6], unique_vq_codes: 28794, unique_suffix_codes: 6328, logdet: 0.0000 
val ---  avg_loss: 0.1217, avg_recon_loss: 0.0023, avg_kl_loss: 0.0000, avg_vq_loss: 0.1194, ppl: 1.0002, acc: 0.9999, vq_inds: [1094, 6, 6, 6, 6, 6, 6, 6, 6], unique_vq_codes: 1589, unique_suffix_codes: 1164, val_unique_suffix_codes: 53 

epoch: 171,  avg_loss: 0.1278, avg_recon_loss: 0.0119, avg_kl_loss: 0.0000, avg_vq_loss: 0.1159, ppl: 1.0010, acc: 0.9998, vq_inds: [2336, 6, 6, 6, 6, 6, 6, 6, 6], unique_vq_codes: 28794, unique_suffix_codes: 6231, logdet: 0.0000 
val ---  avg_loss: 0.1352, avg_recon_loss: 0.0138, avg_kl_loss: 0.0000, avg_vq_loss: 0.1214, ppl: 1.0011, acc: 0.9997, vq_inds: [1095, 6, 6, 6, 6, 6, 6, 6, 6], unique_vq_codes: 1589, unique_suffix_codes: 1172, val_unique_suffix_codes: 91 

epoch: 172,  avg_loss: 0.1275, avg_recon_loss: 0.0119, avg_kl_loss: 0.0000, avg_vq_loss: 0.1156, ppl: 1.0010, acc: 0.9998, vq_inds: [2337, 6, 6, 6, 6, 6, 6, 6, 6], unique_vq_codes: 28794, unique_suffix_codes: 6140, logdet: 0.0000 
val ---  avg_loss: 0.1282, avg_recon_loss: 0.0136, avg_kl_loss: 0.0000, avg_vq_loss: 0.1147, ppl: 1.0011, acc: 0.9999, vq_inds: [1094, 6, 6, 6, 6, 6, 6, 6, 6], unique_vq_codes: 1589, unique_suffix_codes: 1123, val_unique_suffix_codes: 52 

epoch: 173,  avg_loss: 0.1401, avg_recon_loss: 0.0157, avg_kl_loss: 0.0000, avg_vq_loss: 0.1244, ppl: 1.0013, acc: 0.9998, vq_inds: [2340, 6, 6, 6, 6, 6, 6, 6, 6], unique_vq_codes: 28793, unique_suffix_codes: 6044, logdet: 0.0000 
val ---  avg_loss: 0.1304, avg_recon_loss: 0.0018, avg_kl_loss: 0.0000, avg_vq_loss: 0.1286, ppl: 1.0001, acc: 0.9999, vq_inds: [1094, 6, 6, 6, 6, 6, 6, 6, 6], unique_vq_codes: 1589, unique_suffix_codes: 1122, val_unique_suffix_codes: 54 

epoch: 174,  avg_loss: 0.1417, avg_recon_loss: 0.0132, avg_kl_loss: 0.0000, avg_vq_loss: 0.1285, ppl: 1.0011, acc: 0.9998, vq_inds: [2337, 6, 6, 6, 6, 6, 6, 6, 6], unique_vq_codes: 28794, unique_suffix_codes: 6423, logdet: 0.0000 
val ---  avg_loss: 0.1292, avg_recon_loss: 0.0057, avg_kl_loss: 0.0000, avg_vq_loss: 0.1235, ppl: 1.0005, acc: 0.9999, vq_inds: [1095, 6, 6, 6, 6, 6, 6, 6, 6], unique_vq_codes: 1589, unique_suffix_codes: 1144, val_unique_suffix_codes: 63 

epoch: 175,  avg_loss: 0.1262, avg_recon_loss: 0.0107, avg_kl_loss: 0.0000, avg_vq_loss: 0.1155, ppl: 1.0009, acc: 0.9999, vq_inds: [2337, 6, 6, 6, 6, 6, 6, 6, 6], unique_vq_codes: 28794, unique_suffix_codes: 6045, logdet: 0.0000 
val ---  avg_loss: 0.1133, avg_recon_loss: 0.0018, avg_kl_loss: 0.0000, avg_vq_loss: 0.1115, ppl: 1.0001, acc: 1.0000, vq_inds: [1095, 6, 6, 6, 6, 6, 6, 6, 6], unique_vq_codes: 1589, unique_suffix_codes: 1162, val_unique_suffix_codes: 72 
update best loss 

epoch: 176,  avg_loss: 0.2322, avg_recon_loss: 0.0620, avg_kl_loss: 0.0000, avg_vq_loss: 0.1703, ppl: 1.0050, acc: 0.9989, vq_inds: [2338, 6, 6, 6, 6, 6, 6, 6, 6], unique_vq_codes: 28793, unique_suffix_codes: 6850, logdet: 0.0000 
val ---  avg_loss: 0.3077, avg_recon_loss: 0.0537, avg_kl_loss: 0.0000, avg_vq_loss: 0.2540, ppl: 1.0043, acc: 0.9989, vq_inds: [1094, 6, 6, 6, 6, 6, 6, 6, 6], unique_vq_codes: 1589, unique_suffix_codes: 1167, val_unique_suffix_codes: 178 

epoch: 177,  avg_loss: 0.3399, avg_recon_loss: 0.0882, avg_kl_loss: 0.0000, avg_vq_loss: 0.2518, ppl: 1.0072, acc: 0.9985, vq_inds: [2337, 6, 6, 6, 6, 6, 6, 6, 6], unique_vq_codes: 28794, unique_suffix_codes: 6879, logdet: 0.0000 
val ---  avg_loss: 0.3797, avg_recon_loss: 0.0994, avg_kl_loss: 0.0000, avg_vq_loss: 0.2803, ppl: 1.0081, acc: 0.9979, vq_inds: [1094, 6, 6, 6, 6, 6, 6, 6, 6], unique_vq_codes: 1589, unique_suffix_codes: 1189, val_unique_suffix_codes: 120 

epoch: 178,  avg_loss: 0.3745, avg_recon_loss: 0.0850, avg_kl_loss: 0.0000, avg_vq_loss: 0.2895, ppl: 1.0069, acc: 0.9984, vq_inds: [2331, 6, 6, 6, 6, 6, 6, 6, 6], unique_vq_codes: 28793, unique_suffix_codes: 6404, logdet: 0.0000 
val ---  avg_loss: 0.2874, avg_recon_loss: 0.0290, avg_kl_loss: 0.0000, avg_vq_loss: 0.2584, ppl: 1.0023, acc: 0.9997, vq_inds: [1094, 6, 6, 6, 6, 6, 6, 6, 6], unique_vq_codes: 1589, unique_suffix_codes: 1167, val_unique_suffix_codes: 78 

epoch: 179,  avg_loss: 0.2724, avg_recon_loss: 0.0293, avg_kl_loss: 0.0000, avg_vq_loss: 0.2431, ppl: 1.0024, acc: 0.9995, vq_inds: [2331, 6, 6, 6, 6, 6, 6, 6, 6], unique_vq_codes: 28794, unique_suffix_codes: 6346, logdet: 0.0000 
val ---  avg_loss: 0.2262, avg_recon_loss: 0.0140, avg_kl_loss: 0.0000, avg_vq_loss: 0.2122, ppl: 1.0011, acc: 0.9998, vq_inds: [1094, 6, 6, 6, 6, 6, 6, 6, 6], unique_vq_codes: 1589, unique_suffix_codes: 1147, val_unique_suffix_codes: 41 

epoch: 180,  avg_loss: 0.2133, avg_recon_loss: 0.0148, avg_kl_loss: 0.0000, avg_vq_loss: 0.1985, ppl: 1.0012, acc: 0.9998, vq_inds: [2330, 6, 6, 6, 6, 6, 6, 6, 6], unique_vq_codes: 28794, unique_suffix_codes: 5896, logdet: 0.0000 
val ---  avg_loss: 0.1848, avg_recon_loss: 0.0103, avg_kl_loss: 0.0000, avg_vq_loss: 0.1746, ppl: 1.0008, acc: 0.9999, vq_inds: [1095, 6, 6, 6, 6, 6, 6, 6, 6], unique_vq_codes: 1589, unique_suffix_codes: 1138, val_unique_suffix_codes: 29 

epoch: 181,  avg_loss: 0.1756, avg_recon_loss: 0.0090, avg_kl_loss: 0.0000, avg_vq_loss: 0.1666, ppl: 1.0007, acc: 0.9999, vq_inds: [2330, 6, 6, 6, 6, 6, 6, 6, 6], unique_vq_codes: 28794, unique_suffix_codes: 5786, logdet: 0.0000 
val ---  avg_loss: 0.1625, avg_recon_loss: 0.0052, avg_kl_loss: 0.0000, avg_vq_loss: 0.1574, ppl: 1.0004, acc: 0.9999, vq_inds: [1095, 6, 6, 6, 6, 6, 6, 6, 6], unique_vq_codes: 1589, unique_suffix_codes: 1148, val_unique_suffix_codes: 52 

epoch: 182,  avg_loss: 0.1594, avg_recon_loss: 0.0089, avg_kl_loss: 0.0000, avg_vq_loss: 0.1505, ppl: 1.0007, acc: 0.9999, vq_inds: [2329, 6, 6, 6, 6, 6, 6, 6, 6], unique_vq_codes: 28794, unique_suffix_codes: 5907, logdet: 0.0000 
val ---  avg_loss: 0.1363, avg_recon_loss: 0.0052, avg_kl_loss: 0.0000, avg_vq_loss: 0.1311, ppl: 1.0004, acc: 0.9999, vq_inds: [1095, 6, 6, 6, 6, 6, 6, 6, 6], unique_vq_codes: 1589, unique_suffix_codes: 1136, val_unique_suffix_codes: 26 

epoch: 183,  avg_loss: 0.1366, avg_recon_loss: 0.0070, avg_kl_loss: 0.0000, avg_vq_loss: 0.1296, ppl: 1.0006, acc: 0.9999, vq_inds: [2329, 6, 6, 6, 6, 6, 6, 6, 6], unique_vq_codes: 28794, unique_suffix_codes: 5703, logdet: 0.0000 
val ---  avg_loss: 0.1202, avg_recon_loss: 0.0018, avg_kl_loss: 0.0000, avg_vq_loss: 0.1184, ppl: 1.0001, acc: 1.0000, vq_inds: [1095, 6, 6, 6, 6, 6, 6, 6, 6], unique_vq_codes: 1589, unique_suffix_codes: 1133, val_unique_suffix_codes: 23 

epoch: 184,  avg_loss: 0.1341, avg_recon_loss: 0.0094, avg_kl_loss: 0.0000, avg_vq_loss: 0.1247, ppl: 1.0008, acc: 0.9999, vq_inds: [2330, 6, 6, 6, 6, 6, 6, 6, 6], unique_vq_codes: 28794, unique_suffix_codes: 5886, logdet: 0.0000 
val ---  avg_loss: 0.1204, avg_recon_loss: 0.0010, avg_kl_loss: 0.0000, avg_vq_loss: 0.1194, ppl: 1.0001, acc: 1.0000, vq_inds: [1095, 6, 6, 6, 6, 6, 6, 6, 6], unique_vq_codes: 1589, unique_suffix_codes: 1165, val_unique_suffix_codes: 61 

epoch: 185,  avg_loss: 0.1213, avg_recon_loss: 0.0060, avg_kl_loss: 0.0000, avg_vq_loss: 0.1153, ppl: 1.0005, acc: 0.9999, vq_inds: [2330, 6, 6, 6, 6, 6, 6, 6, 6], unique_vq_codes: 28794, unique_suffix_codes: 5862, logdet: 0.0000 
val ---  avg_loss: 0.1077, avg_recon_loss: 0.0013, avg_kl_loss: 0.0000, avg_vq_loss: 0.1063, ppl: 1.0001, acc: 1.0000, vq_inds: [1095, 6, 6, 6, 6, 6, 6, 6, 6], unique_vq_codes: 1589, unique_suffix_codes: 1137, val_unique_suffix_codes: 39 
update best loss 

epoch: 186,  avg_loss: 0.1129, avg_recon_loss: 0.0067, avg_kl_loss: 0.0000, avg_vq_loss: 0.1061, ppl: 1.0005, acc: 0.9999, vq_inds: [2328, 6, 6, 6, 6, 6, 6, 6, 6], unique_vq_codes: 28794, unique_suffix_codes: 5788, logdet: 0.0000 
val ---  avg_loss: 0.0974, avg_recon_loss: 0.0025, avg_kl_loss: 0.0000, avg_vq_loss: 0.0950, ppl: 1.0002, acc: 0.9999, vq_inds: [1095, 6, 6, 6, 6, 6, 6, 6, 6], unique_vq_codes: 1589, unique_suffix_codes: 1126, val_unique_suffix_codes: 23 
update best loss 

epoch: 187,  avg_loss: 0.1106, avg_recon_loss: 0.0070, avg_kl_loss: 0.0000, avg_vq_loss: 0.1035, ppl: 1.0006, acc: 0.9999, vq_inds: [2328, 6, 6, 6, 6, 6, 6, 6, 6], unique_vq_codes: 28794, unique_suffix_codes: 5918, logdet: 0.0000 
val ---  avg_loss: 0.1095, avg_recon_loss: 0.0035, avg_kl_loss: 0.0000, avg_vq_loss: 0.1060, ppl: 1.0003, acc: 0.9999, vq_inds: [1094, 6, 6, 6, 6, 6, 6, 6, 6], unique_vq_codes: 1589, unique_suffix_codes: 1166, val_unique_suffix_codes: 52 

epoch: 188,  avg_loss: 0.1224, avg_recon_loss: 0.0085, avg_kl_loss: 0.0000, avg_vq_loss: 0.1139, ppl: 1.0007, acc: 0.9999, vq_inds: [2328, 6, 6, 6, 6, 6, 6, 6, 6], unique_vq_codes: 28794, unique_suffix_codes: 6006, logdet: 0.0000 
val ---  avg_loss: 0.1057, avg_recon_loss: 0.0028, avg_kl_loss: 0.0000, avg_vq_loss: 0.1029, ppl: 1.0002, acc: 0.9998, vq_inds: [1095, 6, 6, 6, 6, 6, 6, 6, 6], unique_vq_codes: 1589, unique_suffix_codes: 1147, val_unique_suffix_codes: 43 

epoch: 189,  avg_loss: 0.1153, avg_recon_loss: 0.0092, avg_kl_loss: 0.0000, avg_vq_loss: 0.1061, ppl: 1.0007, acc: 0.9999, vq_inds: [2329, 6, 6, 6, 6, 6, 6, 6, 6], unique_vq_codes: 28794, unique_suffix_codes: 5857, logdet: 0.0000 
val ---  avg_loss: 0.1079, avg_recon_loss: 0.0043, avg_kl_loss: 0.0000, avg_vq_loss: 0.1035, ppl: 1.0004, acc: 0.9998, vq_inds: [1095, 6, 6, 6, 6, 6, 6, 6, 6], unique_vq_codes: 1589, unique_suffix_codes: 1160, val_unique_suffix_codes: 66 

epoch: 190,  avg_loss: 0.1160, avg_recon_loss: 0.0094, avg_kl_loss: 0.0000, avg_vq_loss: 0.1066, ppl: 1.0008, acc: 0.9999, vq_inds: [2328, 6, 6, 6, 6, 6, 6, 6, 6], unique_vq_codes: 28794, unique_suffix_codes: 6014, logdet: 0.0000 
val ---  avg_loss: 0.1059, avg_recon_loss: 0.0078, avg_kl_loss: 0.0000, avg_vq_loss: 0.0981, ppl: 1.0006, acc: 0.9999, vq_inds: [1094, 6, 6, 6, 6, 6, 6, 6, 6], unique_vq_codes: 1589, unique_suffix_codes: 1142, val_unique_suffix_codes: 33 

epoch: 191,  avg_loss: 0.1013, avg_recon_loss: 0.0052, avg_kl_loss: 0.0000, avg_vq_loss: 0.0961, ppl: 1.0004, acc: 0.9999, vq_inds: [2328, 6, 6, 6, 6, 6, 6, 6, 6], unique_vq_codes: 28794, unique_suffix_codes: 5794, logdet: 0.0000 
val ---  avg_loss: 0.0931, avg_recon_loss: 0.0029, avg_kl_loss: 0.0000, avg_vq_loss: 0.0902, ppl: 1.0002, acc: 0.9999, vq_inds: [1094, 6, 6, 6, 6, 6, 6, 6, 6], unique_vq_codes: 1589, unique_suffix_codes: 1134, val_unique_suffix_codes: 36 
update best loss 

epoch: 192,  avg_loss: 0.1063, avg_recon_loss: 0.0074, avg_kl_loss: 0.0000, avg_vq_loss: 0.0989, ppl: 1.0006, acc: 0.9999, vq_inds: [2330, 6, 6, 6, 6, 6, 6, 6, 6], unique_vq_codes: 28794, unique_suffix_codes: 5906, logdet: 0.0000 
val ---  avg_loss: 0.1052, avg_recon_loss: 0.0052, avg_kl_loss: 0.0000, avg_vq_loss: 0.0999, ppl: 1.0004, acc: 0.9998, vq_inds: [1094, 6, 6, 6, 6, 6, 6, 6, 6], unique_vq_codes: 1589, unique_suffix_codes: 1149, val_unique_suffix_codes: 70 

epoch: 193,  avg_loss: 0.1307, avg_recon_loss: 0.0122, avg_kl_loss: 0.0000, avg_vq_loss: 0.1185, ppl: 1.0010, acc: 0.9997, vq_inds: [2330, 6, 6, 6, 6, 6, 6, 6, 6], unique_vq_codes: 28794, unique_suffix_codes: 6164, logdet: 0.0000 
val ---  avg_loss: 0.1220, avg_recon_loss: 0.0032, avg_kl_loss: 0.0000, avg_vq_loss: 0.1188, ppl: 1.0003, acc: 0.9999, vq_inds: [1094, 6, 6, 6, 6, 6, 6, 6, 6], unique_vq_codes: 1589, unique_suffix_codes: 1145, val_unique_suffix_codes: 77 

epoch: 194,  avg_loss: 0.1293, avg_recon_loss: 0.0097, avg_kl_loss: 0.0000, avg_vq_loss: 0.1196, ppl: 1.0008, acc: 0.9998, vq_inds: [2330, 6, 6, 6, 6, 6, 6, 6, 6], unique_vq_codes: 28794, unique_suffix_codes: 6148, logdet: 0.0000 
val ---  avg_loss: 0.1118, avg_recon_loss: 0.0023, avg_kl_loss: 0.0000, avg_vq_loss: 0.1095, ppl: 1.0002, acc: 0.9999, vq_inds: [1094, 6, 6, 6, 6, 6, 6, 6, 6], unique_vq_codes: 1589, unique_suffix_codes: 1174, val_unique_suffix_codes: 83 

epoch: 195,  avg_loss: 0.1361, avg_recon_loss: 0.0118, avg_kl_loss: 0.0000, avg_vq_loss: 0.1243, ppl: 1.0010, acc: 0.9998, vq_inds: [2330, 6, 6, 6, 6, 6, 6, 6, 6], unique_vq_codes: 28794, unique_suffix_codes: 6374, logdet: 0.0000 
val ---  avg_loss: 0.1396, avg_recon_loss: 0.0094, avg_kl_loss: 0.0000, avg_vq_loss: 0.1302, ppl: 1.0008, acc: 0.9999, vq_inds: [1095, 6, 6, 6, 6, 6, 6, 6, 6], unique_vq_codes: 1589, unique_suffix_codes: 1144, val_unique_suffix_codes: 65 

epoch: 196,  avg_loss: 0.1607, avg_recon_loss: 0.0202, avg_kl_loss: 0.0000, avg_vq_loss: 0.1405, ppl: 1.0016, acc: 0.9996, vq_inds: [2331, 6, 6, 6, 6, 6, 6, 6, 6], unique_vq_codes: 28793, unique_suffix_codes: 6239, logdet: 0.0000 
val ---  avg_loss: 0.1357, avg_recon_loss: 0.0027, avg_kl_loss: 0.0000, avg_vq_loss: 0.1330, ppl: 1.0002, acc: 1.0000, vq_inds: [1094, 6, 6, 6, 6, 6, 6, 6, 6], unique_vq_codes: 1589, unique_suffix_codes: 1158, val_unique_suffix_codes: 60 

epoch: 197,  avg_loss: 0.1743, avg_recon_loss: 0.0220, avg_kl_loss: 0.0000, avg_vq_loss: 0.1523, ppl: 1.0018, acc: 0.9996, vq_inds: [2333, 6, 6, 6, 6, 6, 6, 6, 6], unique_vq_codes: 28794, unique_suffix_codes: 6622, logdet: 0.0000 
val ---  avg_loss: 0.1817, avg_recon_loss: 0.0189, avg_kl_loss: 0.0000, avg_vq_loss: 0.1629, ppl: 1.0015, acc: 0.9997, vq_inds: [1094, 6, 6, 6, 6, 6, 6, 6, 6], unique_vq_codes: 1589, unique_suffix_codes: 1179, val_unique_suffix_codes: 107 

epoch: 198,  avg_loss: 0.2754, avg_recon_loss: 0.0710, avg_kl_loss: 0.0000, avg_vq_loss: 0.2044, ppl: 1.0058, acc: 0.9988, vq_inds: [2333, 6, 6, 6, 6, 6, 6, 6, 6], unique_vq_codes: 28792, unique_suffix_codes: 6976, logdet: 0.0000 
val ---  avg_loss: 0.2465, avg_recon_loss: 0.0456, avg_kl_loss: 0.0000, avg_vq_loss: 0.2009, ppl: 1.0037, acc: 0.9995, vq_inds: [1094, 6, 6, 6, 6, 6, 6, 6, 6], unique_vq_codes: 1589, unique_suffix_codes: 1153, val_unique_suffix_codes: 100 

epoch: 199,  avg_loss: 0.2358, avg_recon_loss: 0.0324, avg_kl_loss: 0.0000, avg_vq_loss: 0.2034, ppl: 1.0026, acc: 0.9994, vq_inds: [2331, 6, 6, 6, 6, 6, 6, 6, 6], unique_vq_codes: 28793, unique_suffix_codes: 6709, logdet: 0.0000 
val ---  avg_loss: 0.1992, avg_recon_loss: 0.0053, avg_kl_loss: 0.0000, avg_vq_loss: 0.1939, ppl: 1.0004, acc: 0.9999, vq_inds: [1096, 6, 6, 6, 6, 6, 6, 6, 6], unique_vq_codes: 1589, unique_suffix_codes: 1162, val_unique_suffix_codes: 75 
