
number of params: 8381440 
Namespace(batchsize=64, beta=0.5, dec_dropout_in=0.5, dec_dropout_out=0.5, dec_nh=512, dec_nh_tmp=512, device='cuda', embedding_dim=512, enc_dropout_in=0.0, enc_dropout_out=0.0, enc_nh=512, epochs=200, fig_path='model/vqvae/results/training/25031_instances/discretelemma_bilstm_4x10_dec512_suffixd512/200epochs.png', incat=512, incat_tmp=512, lemmadict_emb_num=5000, log_path='model/vqvae/results/training/25031_instances/discretelemma_bilstm_4x10_dec512_suffixd512/200epochs.log', logger=<common.utils.Logger object at 0x7ff7ab2ec6d0>, lr=0.001, maxtrnsize=10000000, maxtstsize=10000, maxvalsize=10000, mname='vqvae', model=VQVAE(
  (encoder): VQVAE_Encoder(
    (embed): Embedding(36, 256)
    (lstm): LSTM(256, 512, batch_first=True, bidirectional=True)
    (dropout_in): Dropout(p=0.0, inplace=False)
  )
  (vq_layer_lemma): VectorQuantizer(
    (embedding): Embedding(5000, 512)
  )
  (ord_vq_layers): ModuleList(
    (0): VectorQuantizer(
      (embedding): Embedding(10, 128)
    )
    (1): VectorQuantizer(
      (embedding): Embedding(10, 128)
    )
    (2): VectorQuantizer(
      (embedding): Embedding(10, 128)
    )
    (3): VectorQuantizer(
      (embedding): Embedding(10, 128)
    )
  )
  (decoder): VQVAE_Decoder(
    (embed): Embedding(36, 256, padding_idx=0)
    (dropout_in): Dropout(p=0.5, inplace=False)
    (dropout_out): Dropout(p=0.5, inplace=False)
    (lstm): LSTM(768, 512, batch_first=True)
    (pred_linear): Linear(in_features=512, out_features=36, bias=False)
    (loss): CrossEntropyLoss()
  )
), model_prefix='discretelemma_bilstm_4x10_dec512_suffixd512/', modelname='model/vqvae/results/training/25031_instances/discretelemma_bilstm_4x10_dec512_suffixd512/', ni=256, num_dicts=5, num_dicts_tmp=5, nz=128, opt='Adam', orddict_emb_num=10, outcat=0, outcat_tmp=0, pretrained_model=VQVAE_AE(
  (encoder): VQVAE_Encoder(
    (embed): Embedding(36, 256)
    (lstm): LSTM(256, 512, batch_first=True, bidirectional=True)
    (dropout_in): Dropout(p=0.0, inplace=False)
  )
  (decoder): VQVAE_Decoder(
    (embed): Embedding(36, 256, padding_idx=0)
    (dropout_in): Dropout(p=0.5, inplace=False)
    (dropout_out): Dropout(p=0.5, inplace=False)
    (lstm): LSTM(256, 1024, batch_first=True)
    (pred_linear): Linear(in_features=1024, out_features=36, bias=False)
    (loss): CrossEntropyLoss()
  )
), save_path='model/vqvae/results/training/25031_instances/discretelemma_bilstm_4x10_dec512_suffixd512/200epochs.pt', seq_to_no_pad='surface', surf_vocab=<common.vocab.VocabEntry object at 0x7ff7aac97d50>, surface_vocab_file='data/sigmorphon2016/zhou_merged', task='vqvae', trndata='data/sigmorphon2016/zhou_merged', trnsize=25031, tstdata='data/sigmorphon2016/turkish-task3-dev', tstsize=25031, valdata='data/sigmorphon2016/turkish-task3-dev', valsize=1589)

encoder.embed.weight, torch.Size([36, 256]): True
encoder.lstm.weight_ih_l0, torch.Size([2048, 256]): True
encoder.lstm.weight_hh_l0, torch.Size([2048, 512]): True
encoder.lstm.bias_ih_l0, torch.Size([2048]): True
encoder.lstm.bias_hh_l0, torch.Size([2048]): True
encoder.lstm.weight_ih_l0_reverse, torch.Size([2048, 256]): True
encoder.lstm.weight_hh_l0_reverse, torch.Size([2048, 512]): True
encoder.lstm.bias_ih_l0_reverse, torch.Size([2048]): True
encoder.lstm.bias_hh_l0_reverse, torch.Size([2048]): True
vq_layer_lemma.embedding.weight, torch.Size([5000, 512]): True
ord_vq_layers.0.embedding.weight, torch.Size([10, 128]): True
ord_vq_layers.1.embedding.weight, torch.Size([10, 128]): True
ord_vq_layers.2.embedding.weight, torch.Size([10, 128]): True
ord_vq_layers.3.embedding.weight, torch.Size([10, 128]): True
decoder.embed.weight, torch.Size([36, 256]): True
decoder.lstm.weight_ih_l0, torch.Size([2048, 768]): True
decoder.lstm.weight_hh_l0, torch.Size([2048, 512]): True
decoder.lstm.bias_ih_l0, torch.Size([2048]): True
decoder.lstm.bias_hh_l0, torch.Size([2048]): True
decoder.pred_linear.weight, torch.Size([36, 512]): True
epoch: 0,  avg_loss: 19.5508, avg_recon_loss: 18.4105, avg_kl_loss: 0.0000, avg_vq_loss: 1.1404, ppl: 4.4462, acc: 0.5647, vq_inds: [4032, 10, 10, 10, 10], unique_vq_codes: 22674, unique_suffix_codes: 1053, logdet: 0.0000 
val ---  avg_loss: 9.1204, avg_recon_loss: 7.4603, avg_kl_loss: 0.0000, avg_vq_loss: 1.6601, ppl: 1.8271, acc: 0.8445, vq_inds: [1157, 10, 10, 9, 10], unique_vq_codes: 1581, unique_suffix_codes: 423, val_unique_suffix_codes: 67 
update best loss 

epoch: 1,  avg_loss: 7.5966, avg_recon_loss: 5.8269, avg_kl_loss: 0.0000, avg_vq_loss: 1.7697, ppl: 1.6036, acc: 0.8783, vq_inds: [3517, 10, 10, 10, 10], unique_vq_codes: 24224, unique_suffix_codes: 1342, logdet: 0.0000 
val ---  avg_loss: 6.2050, avg_recon_loss: 4.3769, avg_kl_loss: 0.0000, avg_vq_loss: 1.8281, ppl: 1.4242, acc: 0.9133, vq_inds: [1137, 10, 10, 10, 10], unique_vq_codes: 1586, unique_suffix_codes: 512, val_unique_suffix_codes: 53 
update best loss 

epoch: 2,  avg_loss: 5.2782, avg_recon_loss: 3.5404, avg_kl_loss: 0.0000, avg_vq_loss: 1.7379, ppl: 1.3323, acc: 0.9294, vq_inds: [3183, 10, 10, 10, 10], unique_vq_codes: 24356, unique_suffix_codes: 1450, logdet: 0.0000 
val ---  avg_loss: 5.0226, avg_recon_loss: 3.2700, avg_kl_loss: 0.0000, avg_vq_loss: 1.7526, ppl: 1.3024, acc: 0.9353, vq_inds: [1115, 10, 10, 10, 10], unique_vq_codes: 1588, unique_suffix_codes: 551, val_unique_suffix_codes: 45 
update best loss 

epoch: 3,  avg_loss: 4.0772, avg_recon_loss: 2.4071, avg_kl_loss: 0.0000, avg_vq_loss: 1.6702, ppl: 1.2154, acc: 0.9518, vq_inds: [2982, 10, 10, 10, 10], unique_vq_codes: 24490, unique_suffix_codes: 1611, logdet: 0.0000 
val ---  avg_loss: 4.2911, avg_recon_loss: 2.5383, avg_kl_loss: 0.0000, avg_vq_loss: 1.7528, ppl: 1.2276, acc: 0.9500, vq_inds: [1088, 10, 10, 10, 10], unique_vq_codes: 1589, unique_suffix_codes: 590, val_unique_suffix_codes: 51 
update best loss 

epoch: 4,  avg_loss: 3.4257, avg_recon_loss: 1.8388, avg_kl_loss: 0.0000, avg_vq_loss: 1.5869, ppl: 1.1607, acc: 0.9632, vq_inds: [2819, 10, 10, 10, 10], unique_vq_codes: 24567, unique_suffix_codes: 1750, logdet: 0.0000 
val ---  avg_loss: 3.9028, avg_recon_loss: 2.3375, avg_kl_loss: 0.0000, avg_vq_loss: 1.5653, ppl: 1.2079, acc: 0.9542, vq_inds: [1089, 10, 10, 10, 10], unique_vq_codes: 1588, unique_suffix_codes: 572, val_unique_suffix_codes: 48 
update best loss 

epoch: 5,  avg_loss: 3.1128, avg_recon_loss: 1.5635, avg_kl_loss: 0.0000, avg_vq_loss: 1.5493, ppl: 1.1351, acc: 0.9682, vq_inds: [2721, 10, 10, 10, 10], unique_vq_codes: 24620, unique_suffix_codes: 1801, logdet: 0.0000 
val ---  avg_loss: 3.3467, avg_recon_loss: 1.7601, avg_kl_loss: 0.0000, avg_vq_loss: 1.5866, ppl: 1.1528, acc: 0.9665, vq_inds: [1090, 10, 10, 10, 10], unique_vq_codes: 1589, unique_suffix_codes: 623, val_unique_suffix_codes: 40 
update best loss 

epoch: 6,  avg_loss: 2.6238, avg_recon_loss: 1.1680, avg_kl_loss: 0.0000, avg_vq_loss: 1.4558, ppl: 1.0993, acc: 0.9766, vq_inds: [2663, 10, 10, 10, 10], unique_vq_codes: 24702, unique_suffix_codes: 1749, logdet: 0.0000 
val ---  avg_loss: 3.0479, avg_recon_loss: 1.5341, avg_kl_loss: 0.0000, avg_vq_loss: 1.5139, ppl: 1.1319, acc: 0.9702, vq_inds: [1082, 10, 10, 10, 10], unique_vq_codes: 1589, unique_suffix_codes: 601, val_unique_suffix_codes: 31 
update best loss 

epoch: 7,  avg_loss: 2.3351, avg_recon_loss: 0.9476, avg_kl_loss: 0.0000, avg_vq_loss: 1.3875, ppl: 1.0798, acc: 0.9806, vq_inds: [2601, 10, 10, 10, 10], unique_vq_codes: 24728, unique_suffix_codes: 1788, logdet: 0.0000 
val ---  avg_loss: 2.8319, avg_recon_loss: 1.3718, avg_kl_loss: 0.0000, avg_vq_loss: 1.4601, ppl: 1.1172, acc: 0.9731, vq_inds: [1092, 10, 10, 10, 10], unique_vq_codes: 1589, unique_suffix_codes: 618, val_unique_suffix_codes: 43 
update best loss 

epoch: 8,  avg_loss: 2.1957, avg_recon_loss: 0.8445, avg_kl_loss: 0.0000, avg_vq_loss: 1.3512, ppl: 1.0708, acc: 0.9829, vq_inds: [2570, 10, 10, 10, 10], unique_vq_codes: 24792, unique_suffix_codes: 1814, logdet: 0.0000 
val ---  avg_loss: 2.7113, avg_recon_loss: 1.3215, avg_kl_loss: 0.0000, avg_vq_loss: 1.3898, ppl: 1.1127, acc: 0.9756, vq_inds: [1085, 10, 10, 10, 10], unique_vq_codes: 1589, unique_suffix_codes: 584, val_unique_suffix_codes: 29 
update best loss 

epoch: 9,  avg_loss: 1.9676, avg_recon_loss: 0.7084, avg_kl_loss: 0.0000, avg_vq_loss: 1.2592, ppl: 1.0591, acc: 0.9854, vq_inds: [2553, 10, 10, 10, 10], unique_vq_codes: 24805, unique_suffix_codes: 1749, logdet: 0.0000 
val ---  avg_loss: 2.5719, avg_recon_loss: 1.2388, avg_kl_loss: 0.0000, avg_vq_loss: 1.3331, ppl: 1.1053, acc: 0.9777, vq_inds: [1093, 10, 10, 10, 10], unique_vq_codes: 1589, unique_suffix_codes: 638, val_unique_suffix_codes: 42 
update best loss 

epoch: 10,  avg_loss: 1.8407, avg_recon_loss: 0.6234, avg_kl_loss: 0.0000, avg_vq_loss: 1.2172, ppl: 1.0518, acc: 0.9869, vq_inds: [2539, 10, 10, 10, 10], unique_vq_codes: 24819, unique_suffix_codes: 1785, logdet: 0.0000 
val ---  avg_loss: 2.5201, avg_recon_loss: 1.2215, avg_kl_loss: 0.0000, avg_vq_loss: 1.2986, ppl: 1.1037, acc: 0.9766, vq_inds: [1086, 10, 10, 10, 10], unique_vq_codes: 1589, unique_suffix_codes: 644, val_unique_suffix_codes: 53 
update best loss 

epoch: 11,  avg_loss: 1.8343, avg_recon_loss: 0.6294, avg_kl_loss: 0.0000, avg_vq_loss: 1.2049, ppl: 1.0523, acc: 0.9871, vq_inds: [2523, 10, 10, 10, 10], unique_vq_codes: 24852, unique_suffix_codes: 1861, logdet: 0.0000 
val ---  avg_loss: 2.1172, avg_recon_loss: 0.8886, avg_kl_loss: 0.0000, avg_vq_loss: 1.2286, ppl: 1.0744, acc: 0.9835, vq_inds: [1089, 10, 10, 10, 10], unique_vq_codes: 1589, unique_suffix_codes: 657, val_unique_suffix_codes: 36 
update best loss 

epoch: 12,  avg_loss: 1.6586, avg_recon_loss: 0.5193, avg_kl_loss: 0.0000, avg_vq_loss: 1.1393, ppl: 1.0430, acc: 0.9893, vq_inds: [2513, 10, 10, 10, 10], unique_vq_codes: 24866, unique_suffix_codes: 1750, logdet: 0.0000 
val ---  avg_loss: 1.9436, avg_recon_loss: 0.7768, avg_kl_loss: 0.0000, avg_vq_loss: 1.1669, ppl: 1.0648, acc: 0.9854, vq_inds: [1089, 10, 10, 10, 10], unique_vq_codes: 1588, unique_suffix_codes: 676, val_unique_suffix_codes: 43 
update best loss 

epoch: 13,  avg_loss: 1.4748, avg_recon_loss: 0.4300, avg_kl_loss: 0.0000, avg_vq_loss: 1.0448, ppl: 1.0355, acc: 0.9914, vq_inds: [2509, 10, 10, 10, 10], unique_vq_codes: 24879, unique_suffix_codes: 1672, logdet: 0.0000 
val ---  avg_loss: 1.8286, avg_recon_loss: 0.7637, avg_kl_loss: 0.0000, avg_vq_loss: 1.0649, ppl: 1.0636, acc: 0.9862, vq_inds: [1087, 10, 10, 10, 10], unique_vq_codes: 1589, unique_suffix_codes: 644, val_unique_suffix_codes: 25 
update best loss 

epoch: 14,  avg_loss: 1.4511, avg_recon_loss: 0.4369, avg_kl_loss: 0.0000, avg_vq_loss: 1.0141, ppl: 1.0360, acc: 0.9910, vq_inds: [2507, 10, 10, 10, 10], unique_vq_codes: 24894, unique_suffix_codes: 1741, logdet: 0.0000 
val ---  avg_loss: 1.7658, avg_recon_loss: 0.6932, avg_kl_loss: 0.0000, avg_vq_loss: 1.0726, ppl: 1.0576, acc: 0.9869, vq_inds: [1091, 10, 10, 10, 10], unique_vq_codes: 1589, unique_suffix_codes: 646, val_unique_suffix_codes: 31 
update best loss 

epoch: 15,  avg_loss: 1.3624, avg_recon_loss: 0.3907, avg_kl_loss: 0.0000, avg_vq_loss: 0.9718, ppl: 1.0322, acc: 0.9923, vq_inds: [2505, 10, 10, 10, 10], unique_vq_codes: 24907, unique_suffix_codes: 1759, logdet: 0.0000 
val ---  avg_loss: 1.7952, avg_recon_loss: 0.7517, avg_kl_loss: 0.0000, avg_vq_loss: 1.0435, ppl: 1.0626, acc: 0.9868, vq_inds: [1092, 10, 10, 10, 10], unique_vq_codes: 1589, unique_suffix_codes: 673, val_unique_suffix_codes: 36 

epoch: 16,  avg_loss: 1.2701, avg_recon_loss: 0.3444, avg_kl_loss: 0.0000, avg_vq_loss: 0.9256, ppl: 1.0283, acc: 0.9933, vq_inds: [2500, 10, 10, 10, 10], unique_vq_codes: 24913, unique_suffix_codes: 1691, logdet: 0.0000 
val ---  avg_loss: 1.6228, avg_recon_loss: 0.6670, avg_kl_loss: 0.0000, avg_vq_loss: 0.9559, ppl: 1.0554, acc: 0.9878, vq_inds: [1091, 10, 10, 10, 10], unique_vq_codes: 1589, unique_suffix_codes: 650, val_unique_suffix_codes: 39 
update best loss 

epoch: 17,  avg_loss: 1.2134, avg_recon_loss: 0.3296, avg_kl_loss: 0.0000, avg_vq_loss: 0.8838, ppl: 1.0271, acc: 0.9934, vq_inds: [2498, 10, 10, 10, 10], unique_vq_codes: 24913, unique_suffix_codes: 1650, logdet: 0.0000 
val ---  avg_loss: 1.5759, avg_recon_loss: 0.6594, avg_kl_loss: 0.0000, avg_vq_loss: 0.9165, ppl: 1.0547, acc: 0.9879, vq_inds: [1095, 10, 10, 10, 10], unique_vq_codes: 1589, unique_suffix_codes: 609, val_unique_suffix_codes: 19 
update best loss 

epoch: 18,  avg_loss: 1.2318, avg_recon_loss: 0.3476, avg_kl_loss: 0.0000, avg_vq_loss: 0.8842, ppl: 1.0286, acc: 0.9933, vq_inds: [2501, 10, 10, 10, 10], unique_vq_codes: 24933, unique_suffix_codes: 1699, logdet: 0.0000 
val ---  avg_loss: 1.6187, avg_recon_loss: 0.6560, avg_kl_loss: 0.0000, avg_vq_loss: 0.9627, ppl: 1.0544, acc: 0.9874, vq_inds: [1095, 10, 10, 10, 10], unique_vq_codes: 1589, unique_suffix_codes: 636, val_unique_suffix_codes: 42 

epoch: 19,  avg_loss: 1.3167, avg_recon_loss: 0.3963, avg_kl_loss: 0.0000, avg_vq_loss: 0.9203, ppl: 1.0326, acc: 0.9924, vq_inds: [2504, 10, 10, 10, 10], unique_vq_codes: 24925, unique_suffix_codes: 1752, logdet: 0.0000 
val ---  avg_loss: 1.5408, avg_recon_loss: 0.6261, avg_kl_loss: 0.0000, avg_vq_loss: 0.9146, ppl: 1.0519, acc: 0.9889, vq_inds: [1099, 10, 10, 10, 10], unique_vq_codes: 1589, unique_suffix_codes: 642, val_unique_suffix_codes: 33 
update best loss 

epoch: 20,  avg_loss: 1.1129, avg_recon_loss: 0.2780, avg_kl_loss: 0.0000, avg_vq_loss: 0.8349, ppl: 1.0228, acc: 0.9948, vq_inds: [2507, 10, 10, 10, 10], unique_vq_codes: 24949, unique_suffix_codes: 1600, logdet: 0.0000 
val ---  avg_loss: 1.5191, avg_recon_loss: 0.6008, avg_kl_loss: 0.0000, avg_vq_loss: 0.9184, ppl: 1.0497, acc: 0.9899, vq_inds: [1104, 10, 10, 10, 10], unique_vq_codes: 1589, unique_suffix_codes: 659, val_unique_suffix_codes: 36 
update best loss 

epoch: 21,  avg_loss: 1.0358, avg_recon_loss: 0.2481, avg_kl_loss: 0.0000, avg_vq_loss: 0.7877, ppl: 1.0203, acc: 0.9952, vq_inds: [2496, 10, 10, 10, 10], unique_vq_codes: 24953, unique_suffix_codes: 1579, logdet: 0.0000 
val ---  avg_loss: 1.4073, avg_recon_loss: 0.5923, avg_kl_loss: 0.0000, avg_vq_loss: 0.8150, ppl: 1.0490, acc: 0.9900, vq_inds: [1100, 10, 10, 10, 10], unique_vq_codes: 1589, unique_suffix_codes: 604, val_unique_suffix_codes: 20 
update best loss 

epoch: 22,  avg_loss: 0.9999, avg_recon_loss: 0.2439, avg_kl_loss: 0.0000, avg_vq_loss: 0.7559, ppl: 1.0200, acc: 0.9953, vq_inds: [2499, 10, 10, 10, 10], unique_vq_codes: 24961, unique_suffix_codes: 1567, logdet: 0.0000 
val ---  avg_loss: 1.3017, avg_recon_loss: 0.5193, avg_kl_loss: 0.0000, avg_vq_loss: 0.7823, ppl: 1.0429, acc: 0.9903, vq_inds: [1098, 10, 10, 10, 10], unique_vq_codes: 1589, unique_suffix_codes: 597, val_unique_suffix_codes: 27 
update best loss 

epoch: 23,  avg_loss: 0.9499, avg_recon_loss: 0.2255, avg_kl_loss: 0.0000, avg_vq_loss: 0.7244, ppl: 1.0184, acc: 0.9958, vq_inds: [2495, 10, 10, 10, 10], unique_vq_codes: 24975, unique_suffix_codes: 1530, logdet: 0.0000 
val ---  avg_loss: 1.2470, avg_recon_loss: 0.4788, avg_kl_loss: 0.0000, avg_vq_loss: 0.7683, ppl: 1.0394, acc: 0.9911, vq_inds: [1098, 10, 10, 10, 10], unique_vq_codes: 1589, unique_suffix_codes: 615, val_unique_suffix_codes: 36 
update best loss 

epoch: 24,  avg_loss: 0.9545, avg_recon_loss: 0.2379, avg_kl_loss: 0.0000, avg_vq_loss: 0.7166, ppl: 1.0195, acc: 0.9954, vq_inds: [2495, 10, 10, 10, 10], unique_vq_codes: 24974, unique_suffix_codes: 1534, logdet: 0.0000 
val ---  avg_loss: 1.4433, avg_recon_loss: 0.6034, avg_kl_loss: 0.0000, avg_vq_loss: 0.8399, ppl: 1.0500, acc: 0.9898, vq_inds: [1097, 10, 10, 10, 10], unique_vq_codes: 1589, unique_suffix_codes: 606, val_unique_suffix_codes: 19 

epoch: 25,  avg_loss: 0.9952, avg_recon_loss: 0.2538, avg_kl_loss: 0.0000, avg_vq_loss: 0.7414, ppl: 1.0208, acc: 0.9951, vq_inds: [2493, 10, 10, 10, 10], unique_vq_codes: 24957, unique_suffix_codes: 1483, logdet: 0.0000 
val ---  avg_loss: 1.3695, avg_recon_loss: 0.5317, avg_kl_loss: 0.0000, avg_vq_loss: 0.8378, ppl: 1.0439, acc: 0.9919, vq_inds: [1104, 10, 10, 10, 10], unique_vq_codes: 1589, unique_suffix_codes: 598, val_unique_suffix_codes: 30 

epoch: 26,  avg_loss: 0.9168, avg_recon_loss: 0.2084, avg_kl_loss: 0.0000, avg_vq_loss: 0.7084, ppl: 1.0170, acc: 0.9961, vq_inds: [2494, 10, 10, 10, 10], unique_vq_codes: 24976, unique_suffix_codes: 1459, logdet: 0.0000 
val ---  avg_loss: 1.1981, avg_recon_loss: 0.4739, avg_kl_loss: 0.0000, avg_vq_loss: 0.7242, ppl: 1.0390, acc: 0.9918, vq_inds: [1105, 10, 10, 10, 10], unique_vq_codes: 1589, unique_suffix_codes: 590, val_unique_suffix_codes: 20 
update best loss 

epoch: 27,  avg_loss: 0.8804, avg_recon_loss: 0.1948, avg_kl_loss: 0.0000, avg_vq_loss: 0.6856, ppl: 1.0159, acc: 0.9963, vq_inds: [2493, 10, 10, 10, 10], unique_vq_codes: 24964, unique_suffix_codes: 1444, logdet: 0.0000 
val ---  avg_loss: 1.0869, avg_recon_loss: 0.4266, avg_kl_loss: 0.0000, avg_vq_loss: 0.6603, ppl: 1.0351, acc: 0.9928, vq_inds: [1101, 10, 10, 10, 10], unique_vq_codes: 1589, unique_suffix_codes: 579, val_unique_suffix_codes: 26 
update best loss 

epoch: 28,  avg_loss: 0.8004, avg_recon_loss: 0.1776, avg_kl_loss: 0.0000, avg_vq_loss: 0.6228, ppl: 1.0145, acc: 0.9967, vq_inds: [2491, 10, 10, 10, 10], unique_vq_codes: 24971, unique_suffix_codes: 1429, logdet: 0.0000 
val ---  avg_loss: 1.2002, avg_recon_loss: 0.4957, avg_kl_loss: 0.0000, avg_vq_loss: 0.7045, ppl: 1.0409, acc: 0.9916, vq_inds: [1103, 10, 10, 10, 10], unique_vq_codes: 1589, unique_suffix_codes: 585, val_unique_suffix_codes: 32 

epoch: 29,  avg_loss: 0.8130, avg_recon_loss: 0.1667, avg_kl_loss: 0.0000, avg_vq_loss: 0.6464, ppl: 1.0136, acc: 0.9968, vq_inds: [2489, 10, 10, 10, 10], unique_vq_codes: 24989, unique_suffix_codes: 1443, logdet: 0.0000 
val ---  avg_loss: 1.1869, avg_recon_loss: 0.4861, avg_kl_loss: 0.0000, avg_vq_loss: 0.7008, ppl: 1.0401, acc: 0.9915, vq_inds: [1105, 10, 10, 10, 10], unique_vq_codes: 1588, unique_suffix_codes: 599, val_unique_suffix_codes: 31 

epoch: 30,  avg_loss: 0.8049, avg_recon_loss: 0.1719, avg_kl_loss: 0.0000, avg_vq_loss: 0.6331, ppl: 1.0140, acc: 0.9968, vq_inds: [2490, 10, 10, 10, 10], unique_vq_codes: 24971, unique_suffix_codes: 1455, logdet: 0.0000 
val ---  avg_loss: 1.0635, avg_recon_loss: 0.4495, avg_kl_loss: 0.0000, avg_vq_loss: 0.6140, ppl: 1.0370, acc: 0.9933, vq_inds: [1104, 10, 10, 10, 10], unique_vq_codes: 1589, unique_suffix_codes: 570, val_unique_suffix_codes: 20 
update best loss 

epoch: 31,  avg_loss: 0.7604, avg_recon_loss: 0.1645, avg_kl_loss: 0.0000, avg_vq_loss: 0.5959, ppl: 1.0134, acc: 0.9971, vq_inds: [2494, 10, 10, 10, 10], unique_vq_codes: 24989, unique_suffix_codes: 1345, logdet: 0.0000 
val ---  avg_loss: 1.1058, avg_recon_loss: 0.4598, avg_kl_loss: 0.0000, avg_vq_loss: 0.6461, ppl: 1.0378, acc: 0.9923, vq_inds: [1100, 10, 10, 10, 10], unique_vq_codes: 1589, unique_suffix_codes: 571, val_unique_suffix_codes: 37 

epoch: 32,  avg_loss: 0.7943, avg_recon_loss: 0.1703, avg_kl_loss: 0.0000, avg_vq_loss: 0.6240, ppl: 1.0139, acc: 0.9966, vq_inds: [2491, 10, 10, 10, 10], unique_vq_codes: 24989, unique_suffix_codes: 1436, logdet: 0.0000 
val ---  avg_loss: 1.1271, avg_recon_loss: 0.4782, avg_kl_loss: 0.0000, avg_vq_loss: 0.6489, ppl: 1.0394, acc: 0.9918, vq_inds: [1103, 10, 10, 10, 10], unique_vq_codes: 1589, unique_suffix_codes: 579, val_unique_suffix_codes: 26 

epoch: 33,  avg_loss: 0.8060, avg_recon_loss: 0.1765, avg_kl_loss: 0.0000, avg_vq_loss: 0.6296, ppl: 1.0144, acc: 0.9967, vq_inds: [2489, 10, 10, 10, 10], unique_vq_codes: 24985, unique_suffix_codes: 1477, logdet: 0.0000 
val ---  avg_loss: 1.1483, avg_recon_loss: 0.4587, avg_kl_loss: 0.0000, avg_vq_loss: 0.6896, ppl: 1.0378, acc: 0.9924, vq_inds: [1103, 10, 10, 10, 10], unique_vq_codes: 1589, unique_suffix_codes: 580, val_unique_suffix_codes: 28 

epoch: 34,  avg_loss: 0.7371, avg_recon_loss: 0.1553, avg_kl_loss: 0.0000, avg_vq_loss: 0.5818, ppl: 1.0127, acc: 0.9972, vq_inds: [2492, 10, 10, 10, 10], unique_vq_codes: 24988, unique_suffix_codes: 1366, logdet: 0.0000 
val ---  avg_loss: 1.0881, avg_recon_loss: 0.4751, avg_kl_loss: 0.0000, avg_vq_loss: 0.6130, ppl: 1.0391, acc: 0.9932, vq_inds: [1099, 10, 10, 10, 10], unique_vq_codes: 1589, unique_suffix_codes: 557, val_unique_suffix_codes: 19 

epoch: 35,  avg_loss: 0.6849, avg_recon_loss: 0.1270, avg_kl_loss: 0.0000, avg_vq_loss: 0.5579, ppl: 1.0103, acc: 0.9977, vq_inds: [2497, 10, 10, 10, 10], unique_vq_codes: 24989, unique_suffix_codes: 1333, logdet: 0.0000 
val ---  avg_loss: 1.0318, avg_recon_loss: 0.4455, avg_kl_loss: 0.0000, avg_vq_loss: 0.5863, ppl: 1.0367, acc: 0.9935, vq_inds: [1103, 10, 10, 10, 10], unique_vq_codes: 1589, unique_suffix_codes: 557, val_unique_suffix_codes: 28 
update best loss 

epoch: 36,  avg_loss: 0.6614, avg_recon_loss: 0.1212, avg_kl_loss: 0.0000, avg_vq_loss: 0.5402, ppl: 1.0099, acc: 0.9977, vq_inds: [2489, 10, 10, 10, 10], unique_vq_codes: 24988, unique_suffix_codes: 1335, logdet: 0.0000 
val ---  avg_loss: 1.1018, avg_recon_loss: 0.4938, avg_kl_loss: 0.0000, avg_vq_loss: 0.6080, ppl: 1.0407, acc: 0.9928, vq_inds: [1102, 10, 10, 10, 10], unique_vq_codes: 1589, unique_suffix_codes: 573, val_unique_suffix_codes: 25 

epoch: 37,  avg_loss: 0.6563, avg_recon_loss: 0.1243, avg_kl_loss: 0.0000, avg_vq_loss: 0.5320, ppl: 1.0101, acc: 0.9976, vq_inds: [2488, 10, 10, 10, 10], unique_vq_codes: 24994, unique_suffix_codes: 1404, logdet: 0.0000 
val ---  avg_loss: 1.1473, avg_recon_loss: 0.5274, avg_kl_loss: 0.0000, avg_vq_loss: 0.6199, ppl: 1.0435, acc: 0.9926, vq_inds: [1106, 10, 10, 10, 10], unique_vq_codes: 1589, unique_suffix_codes: 567, val_unique_suffix_codes: 22 

epoch: 38,  avg_loss: 0.6729, avg_recon_loss: 0.1327, avg_kl_loss: 0.0000, avg_vq_loss: 0.5402, ppl: 1.0108, acc: 0.9976, vq_inds: [2491, 10, 10, 10, 10], unique_vq_codes: 24993, unique_suffix_codes: 1358, logdet: 0.0000 
val ---  avg_loss: 1.0011, avg_recon_loss: 0.3863, avg_kl_loss: 0.0000, avg_vq_loss: 0.6148, ppl: 1.0317, acc: 0.9941, vq_inds: [1104, 10, 10, 10, 10], unique_vq_codes: 1589, unique_suffix_codes: 563, val_unique_suffix_codes: 30 
update best loss 

epoch: 39,  avg_loss: 0.6254, avg_recon_loss: 0.1044, avg_kl_loss: 0.0000, avg_vq_loss: 0.5210, ppl: 1.0085, acc: 0.9980, vq_inds: [2496, 10, 10, 10, 10], unique_vq_codes: 24989, unique_suffix_codes: 1314, logdet: 0.0000 
val ---  avg_loss: 0.9906, avg_recon_loss: 0.4178, avg_kl_loss: 0.0000, avg_vq_loss: 0.5728, ppl: 1.0343, acc: 0.9939, vq_inds: [1102, 10, 10, 10, 10], unique_vq_codes: 1589, unique_suffix_codes: 554, val_unique_suffix_codes: 26 
update best loss 

epoch: 40,  avg_loss: 0.6269, avg_recon_loss: 0.1158, avg_kl_loss: 0.0000, avg_vq_loss: 0.5110, ppl: 1.0094, acc: 0.9979, vq_inds: [2496, 10, 10, 10, 10], unique_vq_codes: 24994, unique_suffix_codes: 1327, logdet: 0.0000 
val ---  avg_loss: 0.9716, avg_recon_loss: 0.3985, avg_kl_loss: 0.0000, avg_vq_loss: 0.5732, ppl: 1.0327, acc: 0.9941, vq_inds: [1103, 10, 10, 10, 10], unique_vq_codes: 1589, unique_suffix_codes: 570, val_unique_suffix_codes: 13 
update best loss 

epoch: 41,  avg_loss: 0.6386, avg_recon_loss: 0.1199, avg_kl_loss: 0.0000, avg_vq_loss: 0.5187, ppl: 1.0098, acc: 0.9978, vq_inds: [2491, 10, 10, 10, 10], unique_vq_codes: 24991, unique_suffix_codes: 1351, logdet: 0.0000 
val ---  avg_loss: 1.2783, avg_recon_loss: 0.5293, avg_kl_loss: 0.0000, avg_vq_loss: 0.7490, ppl: 1.0437, acc: 0.9923, vq_inds: [1104, 10, 10, 10, 10], unique_vq_codes: 1589, unique_suffix_codes: 617, val_unique_suffix_codes: 77 

epoch: 42,  avg_loss: 0.8720, avg_recon_loss: 0.2178, avg_kl_loss: 0.0000, avg_vq_loss: 0.6542, ppl: 1.0178, acc: 0.9960, vq_inds: [2496, 10, 10, 10, 10], unique_vq_codes: 24981, unique_suffix_codes: 1510, logdet: 0.0000 
val ---  avg_loss: 1.1282, avg_recon_loss: 0.4770, avg_kl_loss: 0.0000, avg_vq_loss: 0.6512, ppl: 1.0393, acc: 0.9929, vq_inds: [1102, 10, 10, 10, 10], unique_vq_codes: 1589, unique_suffix_codes: 601, val_unique_suffix_codes: 26 

epoch: 43,  avg_loss: 0.6893, avg_recon_loss: 0.1298, avg_kl_loss: 0.0000, avg_vq_loss: 0.5595, ppl: 1.0106, acc: 0.9977, vq_inds: [2489, 10, 10, 10, 10], unique_vq_codes: 24994, unique_suffix_codes: 1373, logdet: 0.0000 
val ---  avg_loss: 0.9975, avg_recon_loss: 0.4262, avg_kl_loss: 0.0000, avg_vq_loss: 0.5713, ppl: 1.0350, acc: 0.9945, vq_inds: [1102, 10, 10, 10, 10], unique_vq_codes: 1589, unique_suffix_codes: 581, val_unique_suffix_codes: 25 

epoch: 44,  avg_loss: 0.5820, avg_recon_loss: 0.0852, avg_kl_loss: 0.0000, avg_vq_loss: 0.4968, ppl: 1.0069, acc: 0.9985, vq_inds: [2491, 10, 10, 10, 10], unique_vq_codes: 24999, unique_suffix_codes: 1311, logdet: 0.0000 
val ---  avg_loss: 0.9506, avg_recon_loss: 0.4466, avg_kl_loss: 0.0000, avg_vq_loss: 0.5040, ppl: 1.0367, acc: 0.9936, vq_inds: [1101, 10, 10, 10, 10], unique_vq_codes: 1589, unique_suffix_codes: 551, val_unique_suffix_codes: 18 
update best loss 

epoch: 45,  avg_loss: 0.5242, avg_recon_loss: 0.0760, avg_kl_loss: 0.0000, avg_vq_loss: 0.4482, ppl: 1.0062, acc: 0.9987, vq_inds: [2494, 10, 10, 10, 10], unique_vq_codes: 24998, unique_suffix_codes: 1282, logdet: 0.0000 
val ---  avg_loss: 0.9220, avg_recon_loss: 0.4065, avg_kl_loss: 0.0000, avg_vq_loss: 0.5155, ppl: 1.0334, acc: 0.9948, vq_inds: [1101, 10, 10, 10, 10], unique_vq_codes: 1589, unique_suffix_codes: 560, val_unique_suffix_codes: 18 
update best loss 

epoch: 46,  avg_loss: 0.4958, avg_recon_loss: 0.0699, avg_kl_loss: 0.0000, avg_vq_loss: 0.4259, ppl: 1.0057, acc: 0.9988, vq_inds: [2493, 10, 10, 10, 10], unique_vq_codes: 24999, unique_suffix_codes: 1304, logdet: 0.0000 
val ---  avg_loss: 0.8542, avg_recon_loss: 0.4034, avg_kl_loss: 0.0000, avg_vq_loss: 0.4508, ppl: 1.0331, acc: 0.9947, vq_inds: [1104, 10, 10, 10, 10], unique_vq_codes: 1589, unique_suffix_codes: 547, val_unique_suffix_codes: 11 
update best loss 

epoch: 47,  avg_loss: 0.4737, avg_recon_loss: 0.0637, avg_kl_loss: 0.0000, avg_vq_loss: 0.4100, ppl: 1.0052, acc: 0.9989, vq_inds: [2493, 10, 10, 10, 10], unique_vq_codes: 25004, unique_suffix_codes: 1305, logdet: 0.0000 
val ---  avg_loss: 0.9321, avg_recon_loss: 0.4728, avg_kl_loss: 0.0000, avg_vq_loss: 0.4593, ppl: 1.0389, acc: 0.9945, vq_inds: [1103, 10, 10, 10, 10], unique_vq_codes: 1589, unique_suffix_codes: 566, val_unique_suffix_codes: 13 

epoch: 48,  avg_loss: 0.5788, avg_recon_loss: 0.1067, avg_kl_loss: 0.0000, avg_vq_loss: 0.4721, ppl: 1.0087, acc: 0.9981, vq_inds: [2493, 10, 10, 10, 10], unique_vq_codes: 25006, unique_suffix_codes: 1407, logdet: 0.0000 
val ---  avg_loss: 0.9970, avg_recon_loss: 0.4662, avg_kl_loss: 0.0000, avg_vq_loss: 0.5308, ppl: 1.0384, acc: 0.9928, vq_inds: [1109, 10, 10, 10, 10], unique_vq_codes: 1589, unique_suffix_codes: 576, val_unique_suffix_codes: 23 

epoch: 49,  avg_loss: 0.6004, avg_recon_loss: 0.1194, avg_kl_loss: 0.0000, avg_vq_loss: 0.4810, ppl: 1.0097, acc: 0.9978, vq_inds: [2490, 10, 10, 10, 10], unique_vq_codes: 25010, unique_suffix_codes: 1396, logdet: 0.0000 
val ---  avg_loss: 1.0115, avg_recon_loss: 0.4724, avg_kl_loss: 0.0000, avg_vq_loss: 0.5391, ppl: 1.0389, acc: 0.9935, vq_inds: [1104, 10, 10, 10, 10], unique_vq_codes: 1589, unique_suffix_codes: 555, val_unique_suffix_codes: 14 

epoch: 50,  avg_loss: 0.5902, avg_recon_loss: 0.1019, avg_kl_loss: 0.0000, avg_vq_loss: 0.4883, ppl: 1.0083, acc: 0.9982, vq_inds: [2494, 10, 10, 10, 10], unique_vq_codes: 25003, unique_suffix_codes: 1386, logdet: 0.0000 
val ---  avg_loss: 0.9732, avg_recon_loss: 0.4397, avg_kl_loss: 0.0000, avg_vq_loss: 0.5335, ppl: 1.0362, acc: 0.9939, vq_inds: [1105, 10, 10, 10, 10], unique_vq_codes: 1589, unique_suffix_codes: 562, val_unique_suffix_codes: 23 

epoch: 51,  avg_loss: 0.5664, avg_recon_loss: 0.0936, avg_kl_loss: 0.0000, avg_vq_loss: 0.4728, ppl: 1.0076, acc: 0.9983, vq_inds: [2494, 10, 10, 10, 10], unique_vq_codes: 25016, unique_suffix_codes: 1339, logdet: 0.0000 
val ---  avg_loss: 0.9117, avg_recon_loss: 0.4201, avg_kl_loss: 0.0000, avg_vq_loss: 0.4916, ppl: 1.0345, acc: 0.9946, vq_inds: [1107, 10, 10, 10, 10], unique_vq_codes: 1589, unique_suffix_codes: 550, val_unique_suffix_codes: 21 

epoch: 52,  avg_loss: 0.5701, avg_recon_loss: 0.1064, avg_kl_loss: 0.0000, avg_vq_loss: 0.4637, ppl: 1.0087, acc: 0.9982, vq_inds: [2490, 10, 10, 10, 10], unique_vq_codes: 25007, unique_suffix_codes: 1325, logdet: 0.0000 
val ---  avg_loss: 0.9178, avg_recon_loss: 0.4077, avg_kl_loss: 0.0000, avg_vq_loss: 0.5101, ppl: 1.0335, acc: 0.9947, vq_inds: [1104, 10, 10, 10, 10], unique_vq_codes: 1589, unique_suffix_codes: 551, val_unique_suffix_codes: 19 

epoch: 53,  avg_loss: 0.6276, avg_recon_loss: 0.1286, avg_kl_loss: 0.0000, avg_vq_loss: 0.4990, ppl: 1.0105, acc: 0.9976, vq_inds: [2491, 10, 10, 10, 10], unique_vq_codes: 25008, unique_suffix_codes: 1377, logdet: 0.0000 
val ---  avg_loss: 1.0539, avg_recon_loss: 0.4829, avg_kl_loss: 0.0000, avg_vq_loss: 0.5710, ppl: 1.0398, acc: 0.9935, vq_inds: [1103, 10, 10, 10, 10], unique_vq_codes: 1589, unique_suffix_codes: 553, val_unique_suffix_codes: 23 

epoch: 54,  avg_loss: 0.6082, avg_recon_loss: 0.1070, avg_kl_loss: 0.0000, avg_vq_loss: 0.5012, ppl: 1.0087, acc: 0.9981, vq_inds: [2495, 10, 10, 10, 10], unique_vq_codes: 25011, unique_suffix_codes: 1356, logdet: 0.0000 
val ---  avg_loss: 0.9928, avg_recon_loss: 0.4813, avg_kl_loss: 0.0000, avg_vq_loss: 0.5115, ppl: 1.0397, acc: 0.9935, vq_inds: [1107, 10, 10, 10, 10], unique_vq_codes: 1589, unique_suffix_codes: 549, val_unique_suffix_codes: 21 

epoch: 55,  avg_loss: 0.5820, avg_recon_loss: 0.1073, avg_kl_loss: 0.0000, avg_vq_loss: 0.4747, ppl: 1.0087, acc: 0.9980, vq_inds: [2488, 10, 10, 10, 10], unique_vq_codes: 25012, unique_suffix_codes: 1334, logdet: 0.0000 
val ---  avg_loss: 0.9500, avg_recon_loss: 0.4562, avg_kl_loss: 0.0000, avg_vq_loss: 0.4938, ppl: 1.0375, acc: 0.9938, vq_inds: [1105, 10, 10, 10, 10], unique_vq_codes: 1589, unique_suffix_codes: 556, val_unique_suffix_codes: 24 

epoch: 56,  avg_loss: 0.5405, avg_recon_loss: 0.0782, avg_kl_loss: 0.0000, avg_vq_loss: 0.4623, ppl: 1.0064, acc: 0.9987, vq_inds: [2494, 10, 10, 10, 10], unique_vq_codes: 25015, unique_suffix_codes: 1325, logdet: 0.0000 
val ---  avg_loss: 0.9271, avg_recon_loss: 0.4319, avg_kl_loss: 0.0000, avg_vq_loss: 0.4952, ppl: 1.0355, acc: 0.9942, vq_inds: [1104, 10, 10, 10, 10], unique_vq_codes: 1588, unique_suffix_codes: 541, val_unique_suffix_codes: 19 

epoch: 57,  avg_loss: 0.4801, avg_recon_loss: 0.0652, avg_kl_loss: 0.0000, avg_vq_loss: 0.4149, ppl: 1.0053, acc: 0.9989, vq_inds: [2492, 10, 10, 10, 10], unique_vq_codes: 25014, unique_suffix_codes: 1237, logdet: 0.0000 
val ---  avg_loss: 0.8951, avg_recon_loss: 0.4204, avg_kl_loss: 0.0000, avg_vq_loss: 0.4747, ppl: 1.0345, acc: 0.9943, vq_inds: [1106, 10, 10, 10, 10], unique_vq_codes: 1589, unique_suffix_codes: 528, val_unique_suffix_codes: 26 

epoch: 58,  avg_loss: 0.4708, avg_recon_loss: 0.0653, avg_kl_loss: 0.0000, avg_vq_loss: 0.4055, ppl: 1.0053, acc: 0.9989, vq_inds: [2493, 10, 10, 10, 10], unique_vq_codes: 25010, unique_suffix_codes: 1265, logdet: 0.0000 
val ---  avg_loss: 0.8570, avg_recon_loss: 0.4279, avg_kl_loss: 0.0000, avg_vq_loss: 0.4291, ppl: 1.0352, acc: 0.9947, vq_inds: [1107, 10, 10, 10, 10], unique_vq_codes: 1589, unique_suffix_codes: 518, val_unique_suffix_codes: 18 

epoch: 59,  avg_loss: 0.4698, avg_recon_loss: 0.0662, avg_kl_loss: 0.0000, avg_vq_loss: 0.4036, ppl: 1.0054, acc: 0.9988, vq_inds: [2491, 10, 10, 10, 10], unique_vq_codes: 25014, unique_suffix_codes: 1225, logdet: 0.0000 
val ---  avg_loss: 0.8685, avg_recon_loss: 0.4151, avg_kl_loss: 0.0000, avg_vq_loss: 0.4534, ppl: 1.0341, acc: 0.9943, vq_inds: [1106, 10, 10, 10, 10], unique_vq_codes: 1589, unique_suffix_codes: 533, val_unique_suffix_codes: 18 

epoch: 60,  avg_loss: 0.4799, avg_recon_loss: 0.0705, avg_kl_loss: 0.0000, avg_vq_loss: 0.4094, ppl: 1.0057, acc: 0.9988, vq_inds: [2492, 10, 10, 10, 10], unique_vq_codes: 25015, unique_suffix_codes: 1276, logdet: 0.0000 
val ---  avg_loss: 0.8624, avg_recon_loss: 0.3975, avg_kl_loss: 0.0000, avg_vq_loss: 0.4650, ppl: 1.0326, acc: 0.9945, vq_inds: [1105, 10, 10, 10, 10], unique_vq_codes: 1589, unique_suffix_codes: 522, val_unique_suffix_codes: 24 

epoch: 61,  avg_loss: 0.4841, avg_recon_loss: 0.0692, avg_kl_loss: 0.0000, avg_vq_loss: 0.4149, ppl: 1.0056, acc: 0.9988, vq_inds: [2490, 10, 10, 10, 10], unique_vq_codes: 25014, unique_suffix_codes: 1278, logdet: 0.0000 
val ---  avg_loss: 0.9446, avg_recon_loss: 0.4765, avg_kl_loss: 0.0000, avg_vq_loss: 0.4680, ppl: 1.0392, acc: 0.9943, vq_inds: [1102, 10, 10, 10, 10], unique_vq_codes: 1589, unique_suffix_codes: 546, val_unique_suffix_codes: 32 

epoch: 62,  avg_loss: 0.5089, avg_recon_loss: 0.0785, avg_kl_loss: 0.0000, avg_vq_loss: 0.4304, ppl: 1.0064, acc: 0.9985, vq_inds: [2492, 10, 10, 10, 10], unique_vq_codes: 25013, unique_suffix_codes: 1273, logdet: 0.0000 
val ---  avg_loss: 0.8578, avg_recon_loss: 0.4323, avg_kl_loss: 0.0000, avg_vq_loss: 0.4256, ppl: 1.0355, acc: 0.9949, vq_inds: [1104, 10, 10, 10, 10], unique_vq_codes: 1589, unique_suffix_codes: 528, val_unique_suffix_codes: 19 

epoch: 63,  avg_loss: 0.4797, avg_recon_loss: 0.0726, avg_kl_loss: 0.0000, avg_vq_loss: 0.4071, ppl: 1.0059, acc: 0.9988, vq_inds: [2491, 10, 10, 10, 10], unique_vq_codes: 25014, unique_suffix_codes: 1287, logdet: 0.0000 
val ---  avg_loss: 0.9362, avg_recon_loss: 0.4321, avg_kl_loss: 0.0000, avg_vq_loss: 0.5042, ppl: 1.0355, acc: 0.9946, vq_inds: [1102, 10, 10, 10, 10], unique_vq_codes: 1589, unique_suffix_codes: 553, val_unique_suffix_codes: 28 

epoch: 64,  avg_loss: 0.5093, avg_recon_loss: 0.0847, avg_kl_loss: 0.0000, avg_vq_loss: 0.4246, ppl: 1.0069, acc: 0.9985, vq_inds: [2490, 10, 10, 10, 10], unique_vq_codes: 25022, unique_suffix_codes: 1340, logdet: 0.0000 
val ---  avg_loss: 0.8701, avg_recon_loss: 0.4265, avg_kl_loss: 0.0000, avg_vq_loss: 0.4435, ppl: 1.0351, acc: 0.9948, vq_inds: [1104, 10, 10, 10, 10], unique_vq_codes: 1589, unique_suffix_codes: 545, val_unique_suffix_codes: 22 

epoch: 65,  avg_loss: 0.4898, avg_recon_loss: 0.0790, avg_kl_loss: 0.0000, avg_vq_loss: 0.4109, ppl: 1.0064, acc: 0.9986, vq_inds: [2491, 10, 10, 10, 10], unique_vq_codes: 25013, unique_suffix_codes: 1319, logdet: 0.0000 
val ---  avg_loss: 0.8352, avg_recon_loss: 0.3990, avg_kl_loss: 0.0000, avg_vq_loss: 0.4362, ppl: 1.0328, acc: 0.9949, vq_inds: [1105, 10, 10, 10, 10], unique_vq_codes: 1589, unique_suffix_codes: 542, val_unique_suffix_codes: 19 
update best loss 

epoch: 66,  avg_loss: 0.4840, avg_recon_loss: 0.0725, avg_kl_loss: 0.0000, avg_vq_loss: 0.4115, ppl: 1.0059, acc: 0.9987, vq_inds: [2493, 10, 10, 10, 10], unique_vq_codes: 25019, unique_suffix_codes: 1310, logdet: 0.0000 
val ---  avg_loss: 0.9022, avg_recon_loss: 0.3986, avg_kl_loss: 0.0000, avg_vq_loss: 0.5036, ppl: 1.0327, acc: 0.9950, vq_inds: [1107, 10, 10, 10, 10], unique_vq_codes: 1589, unique_suffix_codes: 538, val_unique_suffix_codes: 32 

epoch: 67,  avg_loss: 0.4488, avg_recon_loss: 0.0538, avg_kl_loss: 0.0000, avg_vq_loss: 0.3950, ppl: 1.0044, acc: 0.9990, vq_inds: [2490, 10, 10, 10, 10], unique_vq_codes: 25019, unique_suffix_codes: 1281, logdet: 0.0000 
val ---  avg_loss: 0.8345, avg_recon_loss: 0.4046, avg_kl_loss: 0.0000, avg_vq_loss: 0.4299, ppl: 1.0332, acc: 0.9955, vq_inds: [1105, 10, 10, 10, 10], unique_vq_codes: 1589, unique_suffix_codes: 519, val_unique_suffix_codes: 11 
update best loss 

epoch: 68,  avg_loss: 0.4563, avg_recon_loss: 0.0620, avg_kl_loss: 0.0000, avg_vq_loss: 0.3943, ppl: 1.0050, acc: 0.9989, vq_inds: [2489, 10, 10, 10, 10], unique_vq_codes: 25014, unique_suffix_codes: 1262, logdet: 0.0000 
val ---  avg_loss: 0.7830, avg_recon_loss: 0.3901, avg_kl_loss: 0.0000, avg_vq_loss: 0.3929, ppl: 1.0320, acc: 0.9953, vq_inds: [1106, 10, 10, 10, 10], unique_vq_codes: 1589, unique_suffix_codes: 534, val_unique_suffix_codes: 21 
update best loss 

epoch: 69,  avg_loss: 0.4329, avg_recon_loss: 0.0523, avg_kl_loss: 0.0000, avg_vq_loss: 0.3806, ppl: 1.0042, acc: 0.9991, vq_inds: [2492, 10, 10, 10, 10], unique_vq_codes: 25020, unique_suffix_codes: 1222, logdet: 0.0000 
val ---  avg_loss: 0.7981, avg_recon_loss: 0.3912, avg_kl_loss: 0.0000, avg_vq_loss: 0.4069, ppl: 1.0321, acc: 0.9949, vq_inds: [1106, 10, 10, 10, 10], unique_vq_codes: 1589, unique_suffix_codes: 540, val_unique_suffix_codes: 23 

epoch: 70,  avg_loss: 0.4469, avg_recon_loss: 0.0694, avg_kl_loss: 0.0000, avg_vq_loss: 0.3775, ppl: 1.0056, acc: 0.9988, vq_inds: [2487, 10, 10, 10, 10], unique_vq_codes: 25021, unique_suffix_codes: 1259, logdet: 0.0000 
val ---  avg_loss: 0.8382, avg_recon_loss: 0.4332, avg_kl_loss: 0.0000, avg_vq_loss: 0.4050, ppl: 1.0356, acc: 0.9950, vq_inds: [1102, 10, 10, 10, 10], unique_vq_codes: 1589, unique_suffix_codes: 530, val_unique_suffix_codes: 20 

epoch: 71,  avg_loss: 0.4729, avg_recon_loss: 0.0693, avg_kl_loss: 0.0000, avg_vq_loss: 0.4036, ppl: 1.0056, acc: 0.9987, vq_inds: [2488, 10, 10, 10, 10], unique_vq_codes: 25020, unique_suffix_codes: 1266, logdet: 0.0000 
val ---  avg_loss: 0.8361, avg_recon_loss: 0.3822, avg_kl_loss: 0.0000, avg_vq_loss: 0.4539, ppl: 1.0314, acc: 0.9956, vq_inds: [1104, 10, 10, 10, 10], unique_vq_codes: 1589, unique_suffix_codes: 536, val_unique_suffix_codes: 23 

epoch: 72,  avg_loss: 0.5267, avg_recon_loss: 0.0920, avg_kl_loss: 0.0000, avg_vq_loss: 0.4347, ppl: 1.0075, acc: 0.9984, vq_inds: [2493, 10, 10, 10, 10], unique_vq_codes: 25014, unique_suffix_codes: 1305, logdet: 0.0000 
val ---  avg_loss: 0.9630, avg_recon_loss: 0.4502, avg_kl_loss: 0.0000, avg_vq_loss: 0.5128, ppl: 1.0370, acc: 0.9945, vq_inds: [1102, 10, 10, 10, 10], unique_vq_codes: 1589, unique_suffix_codes: 539, val_unique_suffix_codes: 25 

epoch: 73,  avg_loss: 0.5336, avg_recon_loss: 0.0895, avg_kl_loss: 0.0000, avg_vq_loss: 0.4441, ppl: 1.0073, acc: 0.9984, vq_inds: [2489, 10, 10, 10, 10], unique_vq_codes: 25021, unique_suffix_codes: 1281, logdet: 0.0000 
val ---  avg_loss: 0.8549, avg_recon_loss: 0.4021, avg_kl_loss: 0.0000, avg_vq_loss: 0.4528, ppl: 1.0330, acc: 0.9952, vq_inds: [1101, 10, 10, 10, 10], unique_vq_codes: 1589, unique_suffix_codes: 533, val_unique_suffix_codes: 11 

epoch: 74,  avg_loss: 0.5149, avg_recon_loss: 0.0903, avg_kl_loss: 0.0000, avg_vq_loss: 0.4246, ppl: 1.0073, acc: 0.9984, vq_inds: [2491, 10, 10, 10, 10], unique_vq_codes: 25015, unique_suffix_codes: 1248, logdet: 0.0000 
val ---  avg_loss: 0.8474, avg_recon_loss: 0.4167, avg_kl_loss: 0.0000, avg_vq_loss: 0.4307, ppl: 1.0342, acc: 0.9955, vq_inds: [1102, 10, 10, 10, 10], unique_vq_codes: 1589, unique_suffix_codes: 522, val_unique_suffix_codes: 13 

epoch: 75,  avg_loss: 0.4497, avg_recon_loss: 0.0606, avg_kl_loss: 0.0000, avg_vq_loss: 0.3891, ppl: 1.0049, acc: 0.9990, vq_inds: [2489, 10, 10, 10, 10], unique_vq_codes: 25019, unique_suffix_codes: 1236, logdet: 0.0000 
val ---  avg_loss: 0.7838, avg_recon_loss: 0.3507, avg_kl_loss: 0.0000, avg_vq_loss: 0.4331, ppl: 1.0287, acc: 0.9959, vq_inds: [1104, 10, 10, 10, 10], unique_vq_codes: 1589, unique_suffix_codes: 531, val_unique_suffix_codes: 17 

epoch: 76,  avg_loss: 0.4058, avg_recon_loss: 0.0456, avg_kl_loss: 0.0000, avg_vq_loss: 0.3602, ppl: 1.0037, acc: 0.9993, vq_inds: [2486, 10, 10, 10, 10], unique_vq_codes: 25013, unique_suffix_codes: 1200, logdet: 0.0000 
val ---  avg_loss: 0.7835, avg_recon_loss: 0.4073, avg_kl_loss: 0.0000, avg_vq_loss: 0.3762, ppl: 1.0335, acc: 0.9957, vq_inds: [1100, 10, 10, 10, 10], unique_vq_codes: 1589, unique_suffix_codes: 525, val_unique_suffix_codes: 15 

epoch: 77,  avg_loss: 0.4110, avg_recon_loss: 0.0516, avg_kl_loss: 0.0000, avg_vq_loss: 0.3595, ppl: 1.0042, acc: 0.9991, vq_inds: [2489, 10, 10, 10, 10], unique_vq_codes: 25019, unique_suffix_codes: 1227, logdet: 0.0000 
val ---  avg_loss: 0.9022, avg_recon_loss: 0.4394, avg_kl_loss: 0.0000, avg_vq_loss: 0.4627, ppl: 1.0361, acc: 0.9952, vq_inds: [1102, 10, 10, 10, 10], unique_vq_codes: 1589, unique_suffix_codes: 540, val_unique_suffix_codes: 19 

epoch: 78,  avg_loss: 0.4035, avg_recon_loss: 0.0499, avg_kl_loss: 0.0000, avg_vq_loss: 0.3537, ppl: 1.0041, acc: 0.9991, vq_inds: [2487, 10, 10, 10, 10], unique_vq_codes: 25015, unique_suffix_codes: 1198, logdet: 0.0000 
val ---  avg_loss: 0.7966, avg_recon_loss: 0.4272, avg_kl_loss: 0.0000, avg_vq_loss: 0.3695, ppl: 1.0351, acc: 0.9954, vq_inds: [1101, 10, 10, 10, 10], unique_vq_codes: 1589, unique_suffix_codes: 515, val_unique_suffix_codes: 9 

epoch: 79,  avg_loss: 0.5101, avg_recon_loss: 0.1094, avg_kl_loss: 0.0000, avg_vq_loss: 0.4007, ppl: 1.0089, acc: 0.9981, vq_inds: [2485, 10, 10, 10, 10], unique_vq_codes: 25019, unique_suffix_codes: 1265, logdet: 0.0000 
val ---  avg_loss: 0.9118, avg_recon_loss: 0.4732, avg_kl_loss: 0.0000, avg_vq_loss: 0.4386, ppl: 1.0390, acc: 0.9944, vq_inds: [1103, 10, 10, 10, 10], unique_vq_codes: 1589, unique_suffix_codes: 525, val_unique_suffix_codes: 17 

epoch: 80,  avg_loss: 0.5140, avg_recon_loss: 0.0960, avg_kl_loss: 0.0000, avg_vq_loss: 0.4180, ppl: 1.0078, acc: 0.9984, vq_inds: [2486, 10, 10, 10, 10], unique_vq_codes: 25016, unique_suffix_codes: 1265, logdet: 0.0000 
val ---  avg_loss: 0.9220, avg_recon_loss: 0.4678, avg_kl_loss: 0.0000, avg_vq_loss: 0.4542, ppl: 1.0385, acc: 0.9944, vq_inds: [1103, 10, 10, 10, 10], unique_vq_codes: 1589, unique_suffix_codes: 530, val_unique_suffix_codes: 19 

epoch: 81,  avg_loss: 0.4974, avg_recon_loss: 0.0848, avg_kl_loss: 0.0000, avg_vq_loss: 0.4127, ppl: 1.0069, acc: 0.9986, vq_inds: [2485, 10, 10, 10, 10], unique_vq_codes: 25016, unique_suffix_codes: 1276, logdet: 0.0000 
val ---  avg_loss: 0.8299, avg_recon_loss: 0.4105, avg_kl_loss: 0.0000, avg_vq_loss: 0.4195, ppl: 1.0337, acc: 0.9956, vq_inds: [1102, 10, 10, 10, 10], unique_vq_codes: 1589, unique_suffix_codes: 537, val_unique_suffix_codes: 10 

epoch: 82,  avg_loss: 0.4117, avg_recon_loss: 0.0485, avg_kl_loss: 0.0000, avg_vq_loss: 0.3632, ppl: 1.0039, acc: 0.9991, vq_inds: [2484, 10, 10, 10, 10], unique_vq_codes: 25019, unique_suffix_codes: 1246, logdet: 0.0000 
val ---  avg_loss: 0.7772, avg_recon_loss: 0.3898, avg_kl_loss: 0.0000, avg_vq_loss: 0.3874, ppl: 1.0320, acc: 0.9955, vq_inds: [1102, 10, 10, 10, 10], unique_vq_codes: 1589, unique_suffix_codes: 534, val_unique_suffix_codes: 12 
update best loss 

epoch: 83,  avg_loss: 0.3929, avg_recon_loss: 0.0466, avg_kl_loss: 0.0000, avg_vq_loss: 0.3464, ppl: 1.0038, acc: 0.9992, vq_inds: [2484, 10, 10, 10, 10], unique_vq_codes: 25022, unique_suffix_codes: 1227, logdet: 0.0000 
val ---  avg_loss: 0.8158, avg_recon_loss: 0.4358, avg_kl_loss: 0.0000, avg_vq_loss: 0.3800, ppl: 1.0358, acc: 0.9955, vq_inds: [1103, 10, 10, 10, 10], unique_vq_codes: 1589, unique_suffix_codes: 530, val_unique_suffix_codes: 17 

epoch: 84,  avg_loss: 0.3881, avg_recon_loss: 0.0529, avg_kl_loss: 0.0000, avg_vq_loss: 0.3352, ppl: 1.0043, acc: 0.9991, vq_inds: [2482, 10, 10, 10, 10], unique_vq_codes: 25023, unique_suffix_codes: 1252, logdet: 0.0000 
val ---  avg_loss: 0.7616, avg_recon_loss: 0.4077, avg_kl_loss: 0.0000, avg_vq_loss: 0.3539, ppl: 1.0335, acc: 0.9952, vq_inds: [1105, 10, 10, 10, 10], unique_vq_codes: 1589, unique_suffix_codes: 524, val_unique_suffix_codes: 11 
update best loss 

epoch: 85,  avg_loss: 0.4231, avg_recon_loss: 0.0565, avg_kl_loss: 0.0000, avg_vq_loss: 0.3666, ppl: 1.0046, acc: 0.9990, vq_inds: [2484, 10, 10, 10, 10], unique_vq_codes: 25023, unique_suffix_codes: 1243, logdet: 0.0000 
val ---  avg_loss: 0.8297, avg_recon_loss: 0.4044, avg_kl_loss: 0.0000, avg_vq_loss: 0.4253, ppl: 1.0332, acc: 0.9957, vq_inds: [1104, 10, 10, 10, 10], unique_vq_codes: 1588, unique_suffix_codes: 544, val_unique_suffix_codes: 22 

epoch: 86,  avg_loss: 0.4164, avg_recon_loss: 0.0644, avg_kl_loss: 0.0000, avg_vq_loss: 0.3520, ppl: 1.0052, acc: 0.9990, vq_inds: [2483, 10, 10, 10, 10], unique_vq_codes: 25020, unique_suffix_codes: 1235, logdet: 0.0000 
val ---  avg_loss: 0.8112, avg_recon_loss: 0.4046, avg_kl_loss: 0.0000, avg_vq_loss: 0.4067, ppl: 1.0332, acc: 0.9954, vq_inds: [1107, 10, 10, 10, 10], unique_vq_codes: 1589, unique_suffix_codes: 537, val_unique_suffix_codes: 9 

epoch: 87,  avg_loss: 0.4007, avg_recon_loss: 0.0530, avg_kl_loss: 0.0000, avg_vq_loss: 0.3477, ppl: 1.0043, acc: 0.9991, vq_inds: [2483, 10, 10, 10, 10], unique_vq_codes: 25019, unique_suffix_codes: 1222, logdet: 0.0000 
val ---  avg_loss: 0.7802, avg_recon_loss: 0.4061, avg_kl_loss: 0.0000, avg_vq_loss: 0.3741, ppl: 1.0334, acc: 0.9954, vq_inds: [1107, 10, 10, 10, 10], unique_vq_codes: 1589, unique_suffix_codes: 525, val_unique_suffix_codes: 16 

epoch: 88,  avg_loss: 0.3926, avg_recon_loss: 0.0474, avg_kl_loss: 0.0000, avg_vq_loss: 0.3451, ppl: 1.0039, acc: 0.9991, vq_inds: [2480, 10, 10, 10, 10], unique_vq_codes: 25019, unique_suffix_codes: 1193, logdet: 0.0000 
val ---  avg_loss: 0.7910, avg_recon_loss: 0.4242, avg_kl_loss: 0.0000, avg_vq_loss: 0.3668, ppl: 1.0349, acc: 0.9950, vq_inds: [1105, 10, 10, 10, 10], unique_vq_codes: 1589, unique_suffix_codes: 531, val_unique_suffix_codes: 14 

epoch: 89,  avg_loss: 0.3767, avg_recon_loss: 0.0452, avg_kl_loss: 0.0000, avg_vq_loss: 0.3316, ppl: 1.0037, acc: 0.9992, vq_inds: [2482, 10, 10, 10, 10], unique_vq_codes: 25024, unique_suffix_codes: 1166, logdet: 0.0000 
val ---  avg_loss: 0.7891, avg_recon_loss: 0.4380, avg_kl_loss: 0.0000, avg_vq_loss: 0.3510, ppl: 1.0360, acc: 0.9957, vq_inds: [1103, 10, 10, 10, 10], unique_vq_codes: 1589, unique_suffix_codes: 521, val_unique_suffix_codes: 20 

epoch: 90,  avg_loss: 0.3811, avg_recon_loss: 0.0478, avg_kl_loss: 0.0000, avg_vq_loss: 0.3333, ppl: 1.0039, acc: 0.9991, vq_inds: [2482, 10, 10, 10, 10], unique_vq_codes: 25017, unique_suffix_codes: 1178, logdet: 0.0000 
val ---  avg_loss: 0.7435, avg_recon_loss: 0.4032, avg_kl_loss: 0.0000, avg_vq_loss: 0.3404, ppl: 1.0331, acc: 0.9958, vq_inds: [1106, 10, 10, 10, 10], unique_vq_codes: 1588, unique_suffix_codes: 519, val_unique_suffix_codes: 13 
update best loss 

epoch: 91,  avg_loss: 0.3782, avg_recon_loss: 0.0464, avg_kl_loss: 0.0000, avg_vq_loss: 0.3317, ppl: 1.0038, acc: 0.9992, vq_inds: [2479, 10, 10, 10, 10], unique_vq_codes: 25021, unique_suffix_codes: 1215, logdet: 0.0000 
val ---  avg_loss: 0.7847, avg_recon_loss: 0.3716, avg_kl_loss: 0.0000, avg_vq_loss: 0.4131, ppl: 1.0305, acc: 0.9959, vq_inds: [1105, 10, 10, 10, 10], unique_vq_codes: 1589, unique_suffix_codes: 556, val_unique_suffix_codes: 34 

epoch: 92,  avg_loss: 0.4086, avg_recon_loss: 0.0590, avg_kl_loss: 0.0000, avg_vq_loss: 0.3495, ppl: 1.0048, acc: 0.9989, vq_inds: [2482, 10, 10, 10, 10], unique_vq_codes: 25019, unique_suffix_codes: 1239, logdet: 0.0000 
val ---  avg_loss: 0.7718, avg_recon_loss: 0.3904, avg_kl_loss: 0.0000, avg_vq_loss: 0.3814, ppl: 1.0320, acc: 0.9961, vq_inds: [1106, 10, 10, 10, 10], unique_vq_codes: 1589, unique_suffix_codes: 532, val_unique_suffix_codes: 15 

epoch: 93,  avg_loss: 0.4291, avg_recon_loss: 0.0604, avg_kl_loss: 0.0000, avg_vq_loss: 0.3686, ppl: 1.0049, acc: 0.9989, vq_inds: [2482, 10, 10, 10, 10], unique_vq_codes: 25020, unique_suffix_codes: 1226, logdet: 0.0000 
val ---  avg_loss: 0.7848, avg_recon_loss: 0.4086, avg_kl_loss: 0.0000, avg_vq_loss: 0.3762, ppl: 1.0336, acc: 0.9957, vq_inds: [1103, 10, 10, 10, 10], unique_vq_codes: 1589, unique_suffix_codes: 515, val_unique_suffix_codes: 19 

epoch: 94,  avg_loss: 0.4228, avg_recon_loss: 0.0601, avg_kl_loss: 0.0000, avg_vq_loss: 0.3627, ppl: 1.0049, acc: 0.9990, vq_inds: [2482, 10, 10, 10, 10], unique_vq_codes: 25016, unique_suffix_codes: 1164, logdet: 0.0000 
val ---  avg_loss: 0.7749, avg_recon_loss: 0.3927, avg_kl_loss: 0.0000, avg_vq_loss: 0.3822, ppl: 1.0322, acc: 0.9957, vq_inds: [1109, 10, 10, 10, 10], unique_vq_codes: 1589, unique_suffix_codes: 522, val_unique_suffix_codes: 20 

epoch: 95,  avg_loss: 0.4133, avg_recon_loss: 0.0577, avg_kl_loss: 0.0000, avg_vq_loss: 0.3557, ppl: 1.0047, acc: 0.9991, vq_inds: [2482, 10, 10, 10, 10], unique_vq_codes: 25020, unique_suffix_codes: 1169, logdet: 0.0000 
val ---  avg_loss: 0.8007, avg_recon_loss: 0.4246, avg_kl_loss: 0.0000, avg_vq_loss: 0.3761, ppl: 1.0349, acc: 0.9953, vq_inds: [1108, 10, 10, 10, 10], unique_vq_codes: 1589, unique_suffix_codes: 516, val_unique_suffix_codes: 21 

epoch: 96,  avg_loss: 0.4057, avg_recon_loss: 0.0574, avg_kl_loss: 0.0000, avg_vq_loss: 0.3483, ppl: 1.0047, acc: 0.9991, vq_inds: [2483, 10, 10, 10, 10], unique_vq_codes: 25015, unique_suffix_codes: 1207, logdet: 0.0000 
val ---  avg_loss: 0.7377, avg_recon_loss: 0.3776, avg_kl_loss: 0.0000, avg_vq_loss: 0.3601, ppl: 1.0310, acc: 0.9955, vq_inds: [1106, 10, 10, 10, 10], unique_vq_codes: 1589, unique_suffix_codes: 516, val_unique_suffix_codes: 15 
update best loss 

epoch: 97,  avg_loss: 0.3787, avg_recon_loss: 0.0466, avg_kl_loss: 0.0000, avg_vq_loss: 0.3321, ppl: 1.0038, acc: 0.9992, vq_inds: [2482, 10, 10, 10, 10], unique_vq_codes: 25021, unique_suffix_codes: 1160, logdet: 0.0000 
val ---  avg_loss: 0.7889, avg_recon_loss: 0.4068, avg_kl_loss: 0.0000, avg_vq_loss: 0.3821, ppl: 1.0334, acc: 0.9950, vq_inds: [1110, 10, 10, 10, 10], unique_vq_codes: 1589, unique_suffix_codes: 521, val_unique_suffix_codes: 14 

epoch: 98,  avg_loss: 0.4183, avg_recon_loss: 0.0691, avg_kl_loss: 0.0000, avg_vq_loss: 0.3493, ppl: 1.0056, acc: 0.9987, vq_inds: [2484, 10, 10, 10, 10], unique_vq_codes: 25022, unique_suffix_codes: 1238, logdet: 0.0000 
val ---  avg_loss: 0.8677, avg_recon_loss: 0.4666, avg_kl_loss: 0.0000, avg_vq_loss: 0.4012, ppl: 1.0384, acc: 0.9949, vq_inds: [1107, 10, 10, 10, 10], unique_vq_codes: 1589, unique_suffix_codes: 536, val_unique_suffix_codes: 26 

epoch: 99,  avg_loss: 0.4464, avg_recon_loss: 0.0682, avg_kl_loss: 0.0000, avg_vq_loss: 0.3782, ppl: 1.0055, acc: 0.9988, vq_inds: [2485, 10, 10, 10, 10], unique_vq_codes: 25022, unique_suffix_codes: 1233, logdet: 0.0000 
val ---  avg_loss: 0.7996, avg_recon_loss: 0.4025, avg_kl_loss: 0.0000, avg_vq_loss: 0.3971, ppl: 1.0331, acc: 0.9957, vq_inds: [1109, 10, 10, 10, 10], unique_vq_codes: 1589, unique_suffix_codes: 529, val_unique_suffix_codes: 13 

epoch: 100,  avg_loss: 0.4168, avg_recon_loss: 0.0536, avg_kl_loss: 0.0000, avg_vq_loss: 0.3631, ppl: 1.0044, acc: 0.9991, vq_inds: [2484, 10, 10, 10, 10], unique_vq_codes: 25020, unique_suffix_codes: 1139, logdet: 0.0000 
val ---  avg_loss: 0.8396, avg_recon_loss: 0.4315, avg_kl_loss: 0.0000, avg_vq_loss: 0.4081, ppl: 1.0355, acc: 0.9953, vq_inds: [1106, 10, 10, 10, 10], unique_vq_codes: 1589, unique_suffix_codes: 532, val_unique_suffix_codes: 15 

epoch: 101,  avg_loss: 0.4193, avg_recon_loss: 0.0630, avg_kl_loss: 0.0000, avg_vq_loss: 0.3564, ppl: 1.0051, acc: 0.9990, vq_inds: [2483, 10, 10, 10, 10], unique_vq_codes: 25020, unique_suffix_codes: 1157, logdet: 0.0000 
val ---  avg_loss: 0.8127, avg_recon_loss: 0.3939, avg_kl_loss: 0.0000, avg_vq_loss: 0.4188, ppl: 1.0323, acc: 0.9957, vq_inds: [1111, 10, 10, 10, 10], unique_vq_codes: 1589, unique_suffix_codes: 530, val_unique_suffix_codes: 18 

epoch: 102,  avg_loss: 0.4143, avg_recon_loss: 0.0604, avg_kl_loss: 0.0000, avg_vq_loss: 0.3539, ppl: 1.0049, acc: 0.9990, vq_inds: [2483, 10, 10, 10, 10], unique_vq_codes: 25016, unique_suffix_codes: 1184, logdet: 0.0000 
val ---  avg_loss: 0.7484, avg_recon_loss: 0.3763, avg_kl_loss: 0.0000, avg_vq_loss: 0.3722, ppl: 1.0309, acc: 0.9960, vq_inds: [1111, 10, 10, 10, 10], unique_vq_codes: 1589, unique_suffix_codes: 533, val_unique_suffix_codes: 12 

epoch: 103,  avg_loss: 0.4287, avg_recon_loss: 0.0555, avg_kl_loss: 0.0000, avg_vq_loss: 0.3732, ppl: 1.0045, acc: 0.9989, vq_inds: [2482, 10, 10, 10, 10], unique_vq_codes: 25024, unique_suffix_codes: 1219, logdet: 0.0000 
val ---  avg_loss: 0.7808, avg_recon_loss: 0.4012, avg_kl_loss: 0.0000, avg_vq_loss: 0.3797, ppl: 1.0329, acc: 0.9954, vq_inds: [1110, 10, 10, 10, 10], unique_vq_codes: 1589, unique_suffix_codes: 545, val_unique_suffix_codes: 15 

epoch: 104,  avg_loss: 0.3978, avg_recon_loss: 0.0456, avg_kl_loss: 0.0000, avg_vq_loss: 0.3522, ppl: 1.0037, acc: 0.9992, vq_inds: [2481, 10, 10, 10, 10], unique_vq_codes: 25023, unique_suffix_codes: 1187, logdet: 0.0000 
val ---  avg_loss: 0.7655, avg_recon_loss: 0.3949, avg_kl_loss: 0.0000, avg_vq_loss: 0.3705, ppl: 1.0324, acc: 0.9962, vq_inds: [1108, 10, 10, 10, 10], unique_vq_codes: 1589, unique_suffix_codes: 535, val_unique_suffix_codes: 19 

epoch: 105,  avg_loss: 0.3789, avg_recon_loss: 0.0441, avg_kl_loss: 0.0000, avg_vq_loss: 0.3348, ppl: 1.0036, acc: 0.9992, vq_inds: [2479, 10, 10, 10, 10], unique_vq_codes: 25024, unique_suffix_codes: 1194, logdet: 0.0000 
val ---  avg_loss: 0.7458, avg_recon_loss: 0.4050, avg_kl_loss: 0.0000, avg_vq_loss: 0.3408, ppl: 1.0333, acc: 0.9957, vq_inds: [1111, 10, 10, 10, 10], unique_vq_codes: 1589, unique_suffix_codes: 524, val_unique_suffix_codes: 8 

epoch: 106,  avg_loss: 0.3591, avg_recon_loss: 0.0352, avg_kl_loss: 0.0000, avg_vq_loss: 0.3238, ppl: 1.0029, acc: 0.9994, vq_inds: [2479, 10, 10, 10, 10], unique_vq_codes: 25024, unique_suffix_codes: 1161, logdet: 0.0000 
val ---  avg_loss: 0.7102, avg_recon_loss: 0.3963, avg_kl_loss: 0.0000, avg_vq_loss: 0.3138, ppl: 1.0325, acc: 0.9958, vq_inds: [1113, 10, 10, 10, 10], unique_vq_codes: 1589, unique_suffix_codes: 521, val_unique_suffix_codes: 13 
update best loss 

epoch: 107,  avg_loss: 0.3721, avg_recon_loss: 0.0472, avg_kl_loss: 0.0000, avg_vq_loss: 0.3249, ppl: 1.0038, acc: 0.9992, vq_inds: [2477, 10, 10, 10, 10], unique_vq_codes: 25021, unique_suffix_codes: 1222, logdet: 0.0000 
val ---  avg_loss: 0.7947, avg_recon_loss: 0.4341, avg_kl_loss: 0.0000, avg_vq_loss: 0.3606, ppl: 1.0357, acc: 0.9953, vq_inds: [1115, 10, 10, 10, 10], unique_vq_codes: 1589, unique_suffix_codes: 555, val_unique_suffix_codes: 17 

epoch: 108,  avg_loss: 0.4107, avg_recon_loss: 0.0612, avg_kl_loss: 0.0000, avg_vq_loss: 0.3495, ppl: 1.0050, acc: 0.9988, vq_inds: [2477, 10, 10, 10, 10], unique_vq_codes: 25023, unique_suffix_codes: 1278, logdet: 0.0000 
val ---  avg_loss: 0.7682, avg_recon_loss: 0.3767, avg_kl_loss: 0.0000, avg_vq_loss: 0.3915, ppl: 1.0309, acc: 0.9962, vq_inds: [1113, 10, 10, 10, 10], unique_vq_codes: 1589, unique_suffix_codes: 537, val_unique_suffix_codes: 20 

epoch: 109,  avg_loss: 0.4135, avg_recon_loss: 0.0572, avg_kl_loss: 0.0000, avg_vq_loss: 0.3564, ppl: 1.0046, acc: 0.9990, vq_inds: [2477, 10, 10, 10, 10], unique_vq_codes: 25021, unique_suffix_codes: 1172, logdet: 0.0000 
val ---  avg_loss: 0.7805, avg_recon_loss: 0.3996, avg_kl_loss: 0.0000, avg_vq_loss: 0.3809, ppl: 1.0328, acc: 0.9955, vq_inds: [1110, 10, 10, 10, 10], unique_vq_codes: 1589, unique_suffix_codes: 525, val_unique_suffix_codes: 25 

epoch: 110,  avg_loss: 0.3961, avg_recon_loss: 0.0447, avg_kl_loss: 0.0000, avg_vq_loss: 0.3514, ppl: 1.0036, acc: 0.9991, vq_inds: [2477, 10, 10, 10, 10], unique_vq_codes: 25020, unique_suffix_codes: 1191, logdet: 0.0000 
val ---  avg_loss: 0.8372, avg_recon_loss: 0.4574, avg_kl_loss: 0.0000, avg_vq_loss: 0.3798, ppl: 1.0376, acc: 0.9949, vq_inds: [1108, 10, 10, 10, 10], unique_vq_codes: 1589, unique_suffix_codes: 519, val_unique_suffix_codes: 15 

epoch: 111,  avg_loss: 0.4555, avg_recon_loss: 0.0822, avg_kl_loss: 0.0000, avg_vq_loss: 0.3733, ppl: 1.0067, acc: 0.9985, vq_inds: [2474, 10, 10, 10, 10], unique_vq_codes: 25018, unique_suffix_codes: 1179, logdet: 0.0000 
val ---  avg_loss: 0.7558, avg_recon_loss: 0.3625, avg_kl_loss: 0.0000, avg_vq_loss: 0.3933, ppl: 1.0297, acc: 0.9955, vq_inds: [1110, 10, 10, 10, 10], unique_vq_codes: 1589, unique_suffix_codes: 537, val_unique_suffix_codes: 24 

epoch: 112,  avg_loss: 0.4821, avg_recon_loss: 0.0896, avg_kl_loss: 0.0000, avg_vq_loss: 0.3925, ppl: 1.0073, acc: 0.9984, vq_inds: [2473, 10, 10, 10, 10], unique_vq_codes: 25019, unique_suffix_codes: 1201, logdet: 0.0000 
val ---  avg_loss: 0.8499, avg_recon_loss: 0.4420, avg_kl_loss: 0.0000, avg_vq_loss: 0.4079, ppl: 1.0364, acc: 0.9955, vq_inds: [1110, 10, 10, 10, 10], unique_vq_codes: 1589, unique_suffix_codes: 520, val_unique_suffix_codes: 11 

epoch: 113,  avg_loss: 0.4389, avg_recon_loss: 0.0652, avg_kl_loss: 0.0000, avg_vq_loss: 0.3737, ppl: 1.0053, acc: 0.9988, vq_inds: [2471, 10, 10, 10, 10], unique_vq_codes: 25018, unique_suffix_codes: 1178, logdet: 0.0000 
val ---  avg_loss: 0.8122, avg_recon_loss: 0.4221, avg_kl_loss: 0.0000, avg_vq_loss: 0.3900, ppl: 1.0347, acc: 0.9953, vq_inds: [1107, 10, 10, 10, 10], unique_vq_codes: 1589, unique_suffix_codes: 531, val_unique_suffix_codes: 16 

epoch: 114,  avg_loss: 0.3976, avg_recon_loss: 0.0470, avg_kl_loss: 0.0000, avg_vq_loss: 0.3506, ppl: 1.0038, acc: 0.9991, vq_inds: [2470, 10, 10, 10, 10], unique_vq_codes: 25020, unique_suffix_codes: 1159, logdet: 0.0000 
val ---  avg_loss: 0.7890, avg_recon_loss: 0.4252, avg_kl_loss: 0.0000, avg_vq_loss: 0.3638, ppl: 1.0349, acc: 0.9954, vq_inds: [1107, 10, 10, 10, 10], unique_vq_codes: 1589, unique_suffix_codes: 520, val_unique_suffix_codes: 16 

epoch: 115,  avg_loss: 0.3893, avg_recon_loss: 0.0468, avg_kl_loss: 0.0000, avg_vq_loss: 0.3425, ppl: 1.0038, acc: 0.9991, vq_inds: [2471, 10, 10, 10, 10], unique_vq_codes: 25023, unique_suffix_codes: 1215, logdet: 0.0000 
val ---  avg_loss: 0.8060, avg_recon_loss: 0.4300, avg_kl_loss: 0.0000, avg_vq_loss: 0.3760, ppl: 1.0353, acc: 0.9952, vq_inds: [1110, 10, 10, 10, 10], unique_vq_codes: 1589, unique_suffix_codes: 535, val_unique_suffix_codes: 17 

epoch: 116,  avg_loss: 0.3821, avg_recon_loss: 0.0436, avg_kl_loss: 0.0000, avg_vq_loss: 0.3385, ppl: 1.0035, acc: 0.9991, vq_inds: [2467, 10, 10, 10, 10], unique_vq_codes: 25024, unique_suffix_codes: 1170, logdet: 0.0000 
val ---  avg_loss: 0.7077, avg_recon_loss: 0.3522, avg_kl_loss: 0.0000, avg_vq_loss: 0.3556, ppl: 1.0289, acc: 0.9961, vq_inds: [1106, 10, 10, 10, 10], unique_vq_codes: 1589, unique_suffix_codes: 525, val_unique_suffix_codes: 18 
update best loss 

epoch: 117,  avg_loss: 0.3720, avg_recon_loss: 0.0454, avg_kl_loss: 0.0000, avg_vq_loss: 0.3266, ppl: 1.0037, acc: 0.9992, vq_inds: [2471, 10, 10, 10, 10], unique_vq_codes: 25026, unique_suffix_codes: 1172, logdet: 0.0000 
val ---  avg_loss: 0.7453, avg_recon_loss: 0.4003, avg_kl_loss: 0.0000, avg_vq_loss: 0.3450, ppl: 1.0329, acc: 0.9953, vq_inds: [1109, 10, 10, 10, 10], unique_vq_codes: 1589, unique_suffix_codes: 519, val_unique_suffix_codes: 11 

epoch: 118,  avg_loss: 0.3705, avg_recon_loss: 0.0453, avg_kl_loss: 0.0000, avg_vq_loss: 0.3252, ppl: 1.0037, acc: 0.9992, vq_inds: [2469, 10, 10, 10, 10], unique_vq_codes: 25021, unique_suffix_codes: 1140, logdet: 0.0000 
val ---  avg_loss: 0.7508, avg_recon_loss: 0.4197, avg_kl_loss: 0.0000, avg_vq_loss: 0.3311, ppl: 1.0345, acc: 0.9955, vq_inds: [1105, 10, 10, 10, 10], unique_vq_codes: 1589, unique_suffix_codes: 519, val_unique_suffix_codes: 16 

epoch: 119,  avg_loss: 0.3494, avg_recon_loss: 0.0362, avg_kl_loss: 0.0000, avg_vq_loss: 0.3133, ppl: 1.0029, acc: 0.9993, vq_inds: [2468, 10, 10, 10, 10], unique_vq_codes: 25027, unique_suffix_codes: 1137, logdet: 0.0000 
val ---  avg_loss: 0.6874, avg_recon_loss: 0.3657, avg_kl_loss: 0.0000, avg_vq_loss: 0.3216, ppl: 1.0300, acc: 0.9958, vq_inds: [1106, 10, 10, 10, 10], unique_vq_codes: 1589, unique_suffix_codes: 509, val_unique_suffix_codes: 15 
update best loss 

epoch: 120,  avg_loss: 0.3510, avg_recon_loss: 0.0436, avg_kl_loss: 0.0000, avg_vq_loss: 0.3074, ppl: 1.0035, acc: 0.9992, vq_inds: [2468, 10, 10, 10, 10], unique_vq_codes: 25025, unique_suffix_codes: 1137, logdet: 0.0000 
val ---  avg_loss: 0.7763, avg_recon_loss: 0.4226, avg_kl_loss: 0.0000, avg_vq_loss: 0.3536, ppl: 1.0347, acc: 0.9956, vq_inds: [1106, 10, 10, 10, 10], unique_vq_codes: 1589, unique_suffix_codes: 517, val_unique_suffix_codes: 18 

epoch: 121,  avg_loss: 0.3494, avg_recon_loss: 0.0381, avg_kl_loss: 0.0000, avg_vq_loss: 0.3112, ppl: 1.0031, acc: 0.9993, vq_inds: [2468, 10, 10, 10, 10], unique_vq_codes: 25022, unique_suffix_codes: 1174, logdet: 0.0000 
val ---  avg_loss: 0.7396, avg_recon_loss: 0.3847, avg_kl_loss: 0.0000, avg_vq_loss: 0.3550, ppl: 1.0316, acc: 0.9958, vq_inds: [1107, 10, 10, 10, 10], unique_vq_codes: 1589, unique_suffix_codes: 547, val_unique_suffix_codes: 28 

epoch: 122,  avg_loss: 0.3786, avg_recon_loss: 0.0554, avg_kl_loss: 0.0000, avg_vq_loss: 0.3231, ppl: 1.0045, acc: 0.9990, vq_inds: [2470, 10, 10, 10, 10], unique_vq_codes: 25016, unique_suffix_codes: 1199, logdet: 0.0000 
val ---  avg_loss: 0.7611, avg_recon_loss: 0.4067, avg_kl_loss: 0.0000, avg_vq_loss: 0.3544, ppl: 1.0334, acc: 0.9958, vq_inds: [1107, 10, 10, 10, 10], unique_vq_codes: 1589, unique_suffix_codes: 534, val_unique_suffix_codes: 21 

epoch: 123,  avg_loss: 0.4109, avg_recon_loss: 0.0623, avg_kl_loss: 0.0000, avg_vq_loss: 0.3486, ppl: 1.0051, acc: 0.9989, vq_inds: [2470, 10, 10, 10, 10], unique_vq_codes: 25024, unique_suffix_codes: 1236, logdet: 0.0000 
val ---  avg_loss: 0.8091, avg_recon_loss: 0.4499, avg_kl_loss: 0.0000, avg_vq_loss: 0.3593, ppl: 1.0370, acc: 0.9960, vq_inds: [1107, 10, 10, 10, 10], unique_vq_codes: 1589, unique_suffix_codes: 528, val_unique_suffix_codes: 17 

epoch: 124,  avg_loss: 0.3720, avg_recon_loss: 0.0481, avg_kl_loss: 0.0000, avg_vq_loss: 0.3239, ppl: 1.0039, acc: 0.9992, vq_inds: [2468, 10, 10, 10, 10], unique_vq_codes: 25021, unique_suffix_codes: 1198, logdet: 0.0000 
val ---  avg_loss: 0.7859, avg_recon_loss: 0.4159, avg_kl_loss: 0.0000, avg_vq_loss: 0.3700, ppl: 1.0342, acc: 0.9960, vq_inds: [1105, 10, 10, 10, 10], unique_vq_codes: 1589, unique_suffix_codes: 543, val_unique_suffix_codes: 24 

epoch: 125,  avg_loss: 0.3829, avg_recon_loss: 0.0503, avg_kl_loss: 0.0000, avg_vq_loss: 0.3326, ppl: 1.0041, acc: 0.9992, vq_inds: [2468, 10, 10, 10, 10], unique_vq_codes: 25019, unique_suffix_codes: 1216, logdet: 0.0000 
val ---  avg_loss: 0.7580, avg_recon_loss: 0.4215, avg_kl_loss: 0.0000, avg_vq_loss: 0.3365, ppl: 1.0346, acc: 0.9959, vq_inds: [1106, 10, 10, 10, 10], unique_vq_codes: 1589, unique_suffix_codes: 520, val_unique_suffix_codes: 13 

epoch: 126,  avg_loss: 0.3735, avg_recon_loss: 0.0460, avg_kl_loss: 0.0000, avg_vq_loss: 0.3275, ppl: 1.0037, acc: 0.9992, vq_inds: [2469, 10, 10, 10, 10], unique_vq_codes: 25019, unique_suffix_codes: 1190, logdet: 0.0000 
val ---  avg_loss: 0.7844, avg_recon_loss: 0.4462, avg_kl_loss: 0.0000, avg_vq_loss: 0.3381, ppl: 1.0367, acc: 0.9956, vq_inds: [1106, 10, 10, 10, 10], unique_vq_codes: 1589, unique_suffix_codes: 518, val_unique_suffix_codes: 12 

epoch: 127,  avg_loss: 0.3835, avg_recon_loss: 0.0509, avg_kl_loss: 0.0000, avg_vq_loss: 0.3327, ppl: 1.0041, acc: 0.9990, vq_inds: [2465, 10, 10, 10, 10], unique_vq_codes: 25022, unique_suffix_codes: 1214, logdet: 0.0000 
val ---  avg_loss: 0.7884, avg_recon_loss: 0.4404, avg_kl_loss: 0.0000, avg_vq_loss: 0.3480, ppl: 1.0362, acc: 0.9959, vq_inds: [1106, 10, 10, 10, 10], unique_vq_codes: 1589, unique_suffix_codes: 527, val_unique_suffix_codes: 14 

epoch: 128,  avg_loss: 0.3678, avg_recon_loss: 0.0483, avg_kl_loss: 0.0000, avg_vq_loss: 0.3195, ppl: 1.0039, acc: 0.9991, vq_inds: [2468, 10, 10, 10, 10], unique_vq_codes: 25021, unique_suffix_codes: 1212, logdet: 0.0000 
val ---  avg_loss: 0.8595, avg_recon_loss: 0.4775, avg_kl_loss: 0.0000, avg_vq_loss: 0.3820, ppl: 1.0393, acc: 0.9953, vq_inds: [1105, 10, 10, 10, 10], unique_vq_codes: 1589, unique_suffix_codes: 553, val_unique_suffix_codes: 28 

epoch: 129,  avg_loss: 0.4289, avg_recon_loss: 0.0653, avg_kl_loss: 0.0000, avg_vq_loss: 0.3636, ppl: 1.0053, acc: 0.9988, vq_inds: [2462, 10, 10, 10, 10], unique_vq_codes: 25022, unique_suffix_codes: 1234, logdet: 0.0000 
val ---  avg_loss: 0.8720, avg_recon_loss: 0.4766, avg_kl_loss: 0.0000, avg_vq_loss: 0.3954, ppl: 1.0393, acc: 0.9951, vq_inds: [1105, 10, 10, 10, 10], unique_vq_codes: 1589, unique_suffix_codes: 543, val_unique_suffix_codes: 18 

epoch: 130,  avg_loss: 0.5193, avg_recon_loss: 0.1258, avg_kl_loss: 0.0000, avg_vq_loss: 0.3935, ppl: 1.0102, acc: 0.9976, vq_inds: [2467, 10, 10, 10, 10], unique_vq_codes: 25014, unique_suffix_codes: 1245, logdet: 0.0000 
val ---  avg_loss: 0.9351, avg_recon_loss: 0.5277, avg_kl_loss: 0.0000, avg_vq_loss: 0.4074, ppl: 1.0436, acc: 0.9946, vq_inds: [1108, 10, 10, 10, 10], unique_vq_codes: 1589, unique_suffix_codes: 529, val_unique_suffix_codes: 15 

epoch: 131,  avg_loss: 0.4802, avg_recon_loss: 0.0869, avg_kl_loss: 0.0000, avg_vq_loss: 0.3932, ppl: 1.0071, acc: 0.9983, vq_inds: [2461, 10, 10, 10, 10], unique_vq_codes: 25015, unique_suffix_codes: 1225, logdet: 0.0000 
val ---  avg_loss: 0.9174, avg_recon_loss: 0.5225, avg_kl_loss: 0.0000, avg_vq_loss: 0.3949, ppl: 1.0431, acc: 0.9952, vq_inds: [1105, 10, 10, 10, 10], unique_vq_codes: 1589, unique_suffix_codes: 526, val_unique_suffix_codes: 15 

epoch: 132,  avg_loss: 0.3973, avg_recon_loss: 0.0445, avg_kl_loss: 0.0000, avg_vq_loss: 0.3528, ppl: 1.0036, acc: 0.9992, vq_inds: [2460, 10, 10, 10, 10], unique_vq_codes: 25023, unique_suffix_codes: 1156, logdet: 0.0000 
val ---  avg_loss: 0.8489, avg_recon_loss: 0.4893, avg_kl_loss: 0.0000, avg_vq_loss: 0.3596, ppl: 1.0403, acc: 0.9952, vq_inds: [1105, 10, 10, 10, 10], unique_vq_codes: 1589, unique_suffix_codes: 523, val_unique_suffix_codes: 18 

epoch: 133,  avg_loss: 0.3765, avg_recon_loss: 0.0415, avg_kl_loss: 0.0000, avg_vq_loss: 0.3350, ppl: 1.0034, acc: 0.9992, vq_inds: [2462, 10, 10, 10, 10], unique_vq_codes: 25019, unique_suffix_codes: 1166, logdet: 0.0000 
val ---  avg_loss: 0.8191, avg_recon_loss: 0.4785, avg_kl_loss: 0.0000, avg_vq_loss: 0.3407, ppl: 1.0394, acc: 0.9954, vq_inds: [1105, 10, 10, 10, 10], unique_vq_codes: 1589, unique_suffix_codes: 518, val_unique_suffix_codes: 10 

epoch: 134,  avg_loss: 0.3510, avg_recon_loss: 0.0364, avg_kl_loss: 0.0000, avg_vq_loss: 0.3146, ppl: 1.0030, acc: 0.9994, vq_inds: [2463, 10, 10, 10, 10], unique_vq_codes: 25015, unique_suffix_codes: 1130, logdet: 0.0000 
val ---  avg_loss: 0.8228, avg_recon_loss: 0.4802, avg_kl_loss: 0.0000, avg_vq_loss: 0.3427, ppl: 1.0396, acc: 0.9954, vq_inds: [1104, 10, 10, 10, 10], unique_vq_codes: 1589, unique_suffix_codes: 519, val_unique_suffix_codes: 13 

epoch: 135,  avg_loss: 0.3407, avg_recon_loss: 0.0352, avg_kl_loss: 0.0000, avg_vq_loss: 0.3055, ppl: 1.0029, acc: 0.9994, vq_inds: [2463, 10, 10, 10, 10], unique_vq_codes: 25019, unique_suffix_codes: 1165, logdet: 0.0000 
val ---  avg_loss: 0.8248, avg_recon_loss: 0.4957, avg_kl_loss: 0.0000, avg_vq_loss: 0.3291, ppl: 1.0409, acc: 0.9954, vq_inds: [1103, 10, 10, 10, 10], unique_vq_codes: 1589, unique_suffix_codes: 523, val_unique_suffix_codes: 16 

epoch: 136,  avg_loss: 0.3655, avg_recon_loss: 0.0523, avg_kl_loss: 0.0000, avg_vq_loss: 0.3131, ppl: 1.0043, acc: 0.9991, vq_inds: [2463, 10, 10, 10, 10], unique_vq_codes: 25014, unique_suffix_codes: 1165, logdet: 0.0000 
val ---  avg_loss: 0.8644, avg_recon_loss: 0.5112, avg_kl_loss: 0.0000, avg_vq_loss: 0.3532, ppl: 1.0422, acc: 0.9952, vq_inds: [1105, 10, 10, 10, 10], unique_vq_codes: 1589, unique_suffix_codes: 521, val_unique_suffix_codes: 17 

epoch: 137,  avg_loss: 0.3647, avg_recon_loss: 0.0461, avg_kl_loss: 0.0000, avg_vq_loss: 0.3186, ppl: 1.0037, acc: 0.9992, vq_inds: [2463, 10, 10, 10, 10], unique_vq_codes: 25018, unique_suffix_codes: 1194, logdet: 0.0000 
val ---  avg_loss: 0.8368, avg_recon_loss: 0.5084, avg_kl_loss: 0.0000, avg_vq_loss: 0.3285, ppl: 1.0419, acc: 0.9953, vq_inds: [1103, 10, 10, 10, 10], unique_vq_codes: 1589, unique_suffix_codes: 520, val_unique_suffix_codes: 21 

epoch: 138,  avg_loss: 0.3365, avg_recon_loss: 0.0328, avg_kl_loss: 0.0000, avg_vq_loss: 0.3036, ppl: 1.0027, acc: 0.9994, vq_inds: [2463, 10, 10, 10, 10], unique_vq_codes: 25020, unique_suffix_codes: 1169, logdet: 0.0000 
val ---  avg_loss: 0.8076, avg_recon_loss: 0.5022, avg_kl_loss: 0.0000, avg_vq_loss: 0.3054, ppl: 1.0414, acc: 0.9953, vq_inds: [1106, 10, 10, 10, 10], unique_vq_codes: 1589, unique_suffix_codes: 514, val_unique_suffix_codes: 11 

epoch: 139,  avg_loss: 0.3122, avg_recon_loss: 0.0323, avg_kl_loss: 0.0000, avg_vq_loss: 0.2799, ppl: 1.0026, acc: 0.9995, vq_inds: [2463, 10, 10, 10, 10], unique_vq_codes: 25023, unique_suffix_codes: 1127, logdet: 0.0000 
val ---  avg_loss: 0.7662, avg_recon_loss: 0.4694, avg_kl_loss: 0.0000, avg_vq_loss: 0.2967, ppl: 1.0387, acc: 0.9955, vq_inds: [1107, 10, 10, 10, 10], unique_vq_codes: 1589, unique_suffix_codes: 520, val_unique_suffix_codes: 17 

epoch: 140,  avg_loss: 0.3176, avg_recon_loss: 0.0314, avg_kl_loss: 0.0000, avg_vq_loss: 0.2861, ppl: 1.0026, acc: 0.9994, vq_inds: [2461, 10, 10, 10, 10], unique_vq_codes: 25024, unique_suffix_codes: 1152, logdet: 0.0000 
val ---  avg_loss: 0.7272, avg_recon_loss: 0.4212, avg_kl_loss: 0.0000, avg_vq_loss: 0.3060, ppl: 1.0346, acc: 0.9957, vq_inds: [1103, 10, 10, 10, 10], unique_vq_codes: 1589, unique_suffix_codes: 516, val_unique_suffix_codes: 13 

epoch: 141,  avg_loss: 0.3799, avg_recon_loss: 0.0625, avg_kl_loss: 0.0000, avg_vq_loss: 0.3174, ppl: 1.0051, acc: 0.9990, vq_inds: [2461, 10, 10, 10, 10], unique_vq_codes: 25017, unique_suffix_codes: 1193, logdet: 0.0000 
val ---  avg_loss: 0.8252, avg_recon_loss: 0.4898, avg_kl_loss: 0.0000, avg_vq_loss: 0.3353, ppl: 1.0404, acc: 0.9945, vq_inds: [1105, 10, 10, 10, 10], unique_vq_codes: 1589, unique_suffix_codes: 520, val_unique_suffix_codes: 14 

epoch: 142,  avg_loss: 0.3667, avg_recon_loss: 0.0526, avg_kl_loss: 0.0000, avg_vq_loss: 0.3141, ppl: 1.0043, acc: 0.9991, vq_inds: [2461, 10, 10, 10, 10], unique_vq_codes: 25018, unique_suffix_codes: 1160, logdet: 0.0000 
val ---  avg_loss: 0.9160, avg_recon_loss: 0.5718, avg_kl_loss: 0.0000, avg_vq_loss: 0.3442, ppl: 1.0473, acc: 0.9947, vq_inds: [1107, 10, 10, 10, 10], unique_vq_codes: 1589, unique_suffix_codes: 515, val_unique_suffix_codes: 15 

epoch: 143,  avg_loss: 0.3900, avg_recon_loss: 0.0580, avg_kl_loss: 0.0000, avg_vq_loss: 0.3320, ppl: 1.0047, acc: 0.9989, vq_inds: [2460, 10, 10, 10, 10], unique_vq_codes: 25017, unique_suffix_codes: 1187, logdet: 0.0000 
val ---  avg_loss: 0.8449, avg_recon_loss: 0.4799, avg_kl_loss: 0.0000, avg_vq_loss: 0.3650, ppl: 1.0395, acc: 0.9953, vq_inds: [1107, 10, 10, 10, 10], unique_vq_codes: 1589, unique_suffix_codes: 524, val_unique_suffix_codes: 21 

epoch: 144,  avg_loss: 0.3842, avg_recon_loss: 0.0462, avg_kl_loss: 0.0000, avg_vq_loss: 0.3380, ppl: 1.0037, acc: 0.9991, vq_inds: [2461, 10, 10, 10, 10], unique_vq_codes: 25021, unique_suffix_codes: 1173, logdet: 0.0000 
val ---  avg_loss: 0.8627, avg_recon_loss: 0.5131, avg_kl_loss: 0.0000, avg_vq_loss: 0.3497, ppl: 1.0423, acc: 0.9949, vq_inds: [1105, 10, 10, 10, 10], unique_vq_codes: 1589, unique_suffix_codes: 528, val_unique_suffix_codes: 19 

epoch: 145,  avg_loss: 0.3763, avg_recon_loss: 0.0543, avg_kl_loss: 0.0000, avg_vq_loss: 0.3221, ppl: 1.0044, acc: 0.9991, vq_inds: [2462, 10, 10, 10, 10], unique_vq_codes: 25016, unique_suffix_codes: 1152, logdet: 0.0000 
val ---  avg_loss: 0.8249, avg_recon_loss: 0.5172, avg_kl_loss: 0.0000, avg_vq_loss: 0.3077, ppl: 1.0427, acc: 0.9951, vq_inds: [1106, 10, 10, 10, 10], unique_vq_codes: 1589, unique_suffix_codes: 526, val_unique_suffix_codes: 17 

epoch: 146,  avg_loss: 0.3471, avg_recon_loss: 0.0428, avg_kl_loss: 0.0000, avg_vq_loss: 0.3043, ppl: 1.0035, acc: 0.9992, vq_inds: [2462, 10, 10, 10, 10], unique_vq_codes: 25021, unique_suffix_codes: 1121, logdet: 0.0000 
val ---  avg_loss: 0.8410, avg_recon_loss: 0.5189, avg_kl_loss: 0.0000, avg_vq_loss: 0.3221, ppl: 1.0428, acc: 0.9951, vq_inds: [1106, 10, 10, 10, 10], unique_vq_codes: 1589, unique_suffix_codes: 516, val_unique_suffix_codes: 9 

epoch: 147,  avg_loss: 0.3594, avg_recon_loss: 0.0500, avg_kl_loss: 0.0000, avg_vq_loss: 0.3094, ppl: 1.0041, acc: 0.9991, vq_inds: [2460, 10, 10, 10, 10], unique_vq_codes: 25023, unique_suffix_codes: 1159, logdet: 0.0000 
val ---  avg_loss: 0.7912, avg_recon_loss: 0.4509, avg_kl_loss: 0.0000, avg_vq_loss: 0.3403, ppl: 1.0371, acc: 0.9947, vq_inds: [1103, 10, 10, 10, 10], unique_vq_codes: 1589, unique_suffix_codes: 536, val_unique_suffix_codes: 17 

epoch: 148,  avg_loss: 0.4787, avg_recon_loss: 0.0982, avg_kl_loss: 0.0000, avg_vq_loss: 0.3805, ppl: 1.0080, acc: 0.9982, vq_inds: [2459, 10, 10, 10, 10], unique_vq_codes: 25018, unique_suffix_codes: 1318, logdet: 0.0000 
val ---  avg_loss: 0.9729, avg_recon_loss: 0.5609, avg_kl_loss: 0.0000, avg_vq_loss: 0.4121, ppl: 1.0464, acc: 0.9937, vq_inds: [1104, 10, 10, 10, 10], unique_vq_codes: 1589, unique_suffix_codes: 546, val_unique_suffix_codes: 20 

epoch: 149,  avg_loss: 0.4741, avg_recon_loss: 0.0850, avg_kl_loss: 0.0000, avg_vq_loss: 0.3891, ppl: 1.0069, acc: 0.9984, vq_inds: [2459, 10, 10, 10, 10], unique_vq_codes: 25012, unique_suffix_codes: 1280, logdet: 0.0000 
val ---  avg_loss: 0.9944, avg_recon_loss: 0.5737, avg_kl_loss: 0.0000, avg_vq_loss: 0.4207, ppl: 1.0474, acc: 0.9938, vq_inds: [1102, 10, 10, 10, 10], unique_vq_codes: 1589, unique_suffix_codes: 542, val_unique_suffix_codes: 24 

epoch: 150,  avg_loss: 0.4651, avg_recon_loss: 0.0778, avg_kl_loss: 0.0000, avg_vq_loss: 0.3873, ppl: 1.0063, acc: 0.9986, vq_inds: [2460, 10, 10, 10, 10], unique_vq_codes: 25014, unique_suffix_codes: 1221, logdet: 0.0000 
val ---  avg_loss: 0.9337, avg_recon_loss: 0.5124, avg_kl_loss: 0.0000, avg_vq_loss: 0.4213, ppl: 1.0423, acc: 0.9946, vq_inds: [1103, 10, 10, 10, 10], unique_vq_codes: 1589, unique_suffix_codes: 548, val_unique_suffix_codes: 23 

epoch: 151,  avg_loss: 0.4576, avg_recon_loss: 0.0776, avg_kl_loss: 0.0000, avg_vq_loss: 0.3800, ppl: 1.0063, acc: 0.9986, vq_inds: [2458, 10, 10, 10, 10], unique_vq_codes: 25017, unique_suffix_codes: 1253, logdet: 0.0000 
val ---  avg_loss: 0.8570, avg_recon_loss: 0.4792, avg_kl_loss: 0.0000, avg_vq_loss: 0.3779, ppl: 1.0395, acc: 0.9947, vq_inds: [1104, 10, 10, 10, 10], unique_vq_codes: 1589, unique_suffix_codes: 545, val_unique_suffix_codes: 20 

epoch: 152,  avg_loss: 0.4042, avg_recon_loss: 0.0481, avg_kl_loss: 0.0000, avg_vq_loss: 0.3561, ppl: 1.0039, acc: 0.9991, vq_inds: [2460, 10, 10, 10, 10], unique_vq_codes: 25017, unique_suffix_codes: 1221, logdet: 0.0000 
val ---  avg_loss: 0.8517, avg_recon_loss: 0.4686, avg_kl_loss: 0.0000, avg_vq_loss: 0.3832, ppl: 1.0386, acc: 0.9952, vq_inds: [1108, 10, 10, 10, 10], unique_vq_codes: 1589, unique_suffix_codes: 527, val_unique_suffix_codes: 15 

epoch: 153,  avg_loss: 0.3819, avg_recon_loss: 0.0414, avg_kl_loss: 0.0000, avg_vq_loss: 0.3404, ppl: 1.0034, acc: 0.9993, vq_inds: [2460, 10, 10, 10, 10], unique_vq_codes: 25021, unique_suffix_codes: 1198, logdet: 0.0000 
val ---  avg_loss: 0.8518, avg_recon_loss: 0.4697, avg_kl_loss: 0.0000, avg_vq_loss: 0.3821, ppl: 1.0387, acc: 0.9953, vq_inds: [1107, 10, 10, 10, 10], unique_vq_codes: 1589, unique_suffix_codes: 542, val_unique_suffix_codes: 27 

epoch: 154,  avg_loss: 0.3529, avg_recon_loss: 0.0336, avg_kl_loss: 0.0000, avg_vq_loss: 0.3193, ppl: 1.0027, acc: 0.9994, vq_inds: [2459, 10, 10, 10, 10], unique_vq_codes: 25017, unique_suffix_codes: 1155, logdet: 0.0000 
val ---  avg_loss: 0.8426, avg_recon_loss: 0.4988, avg_kl_loss: 0.0000, avg_vq_loss: 0.3438, ppl: 1.0411, acc: 0.9951, vq_inds: [1104, 10, 10, 10, 10], unique_vq_codes: 1589, unique_suffix_codes: 544, val_unique_suffix_codes: 15 

epoch: 155,  avg_loss: 0.3339, avg_recon_loss: 0.0253, avg_kl_loss: 0.0000, avg_vq_loss: 0.3086, ppl: 1.0021, acc: 0.9995, vq_inds: [2459, 10, 10, 10, 10], unique_vq_codes: 25027, unique_suffix_codes: 1143, logdet: 0.0000 
val ---  avg_loss: 0.7824, avg_recon_loss: 0.4546, avg_kl_loss: 0.0000, avg_vq_loss: 0.3278, ppl: 1.0374, acc: 0.9953, vq_inds: [1107, 10, 10, 10, 10], unique_vq_codes: 1589, unique_suffix_codes: 535, val_unique_suffix_codes: 17 

epoch: 156,  avg_loss: 0.3263, avg_recon_loss: 0.0289, avg_kl_loss: 0.0000, avg_vq_loss: 0.2974, ppl: 1.0023, acc: 0.9994, vq_inds: [2459, 10, 10, 10, 10], unique_vq_codes: 25022, unique_suffix_codes: 1155, logdet: 0.0000 
val ---  avg_loss: 0.7806, avg_recon_loss: 0.4710, avg_kl_loss: 0.0000, avg_vq_loss: 0.3095, ppl: 1.0388, acc: 0.9953, vq_inds: [1107, 10, 10, 10, 10], unique_vq_codes: 1589, unique_suffix_codes: 531, val_unique_suffix_codes: 14 

epoch: 157,  avg_loss: 0.3386, avg_recon_loss: 0.0421, avg_kl_loss: 0.0000, avg_vq_loss: 0.2965, ppl: 1.0034, acc: 0.9993, vq_inds: [2460, 10, 10, 10, 10], unique_vq_codes: 25021, unique_suffix_codes: 1160, logdet: 0.0000 
val ---  avg_loss: 0.7624, avg_recon_loss: 0.4431, avg_kl_loss: 0.0000, avg_vq_loss: 0.3193, ppl: 1.0364, acc: 0.9951, vq_inds: [1108, 10, 10, 10, 10], unique_vq_codes: 1589, unique_suffix_codes: 511, val_unique_suffix_codes: 10 

epoch: 158,  avg_loss: 0.3336, avg_recon_loss: 0.0390, avg_kl_loss: 0.0000, avg_vq_loss: 0.2946, ppl: 1.0032, acc: 0.9993, vq_inds: [2460, 10, 10, 10, 10], unique_vq_codes: 25019, unique_suffix_codes: 1143, logdet: 0.0000 
val ---  avg_loss: 0.7423, avg_recon_loss: 0.4402, avg_kl_loss: 0.0000, avg_vq_loss: 0.3021, ppl: 1.0362, acc: 0.9955, vq_inds: [1109, 10, 10, 10, 10], unique_vq_codes: 1589, unique_suffix_codes: 510, val_unique_suffix_codes: 16 

epoch: 159,  avg_loss: 0.3448, avg_recon_loss: 0.0451, avg_kl_loss: 0.0000, avg_vq_loss: 0.2996, ppl: 1.0037, acc: 0.9992, vq_inds: [2458, 10, 10, 10, 10], unique_vq_codes: 25026, unique_suffix_codes: 1146, logdet: 0.0000 
val ---  avg_loss: 0.8251, avg_recon_loss: 0.5172, avg_kl_loss: 0.0000, avg_vq_loss: 0.3079, ppl: 1.0427, acc: 0.9951, vq_inds: [1107, 10, 10, 10, 10], unique_vq_codes: 1589, unique_suffix_codes: 526, val_unique_suffix_codes: 18 

epoch: 160,  avg_loss: 0.3364, avg_recon_loss: 0.0381, avg_kl_loss: 0.0000, avg_vq_loss: 0.2983, ppl: 1.0031, acc: 0.9993, vq_inds: [2455, 10, 10, 10, 10], unique_vq_codes: 25022, unique_suffix_codes: 1147, logdet: 0.0000 
val ---  avg_loss: 0.7876, avg_recon_loss: 0.4761, avg_kl_loss: 0.0000, avg_vq_loss: 0.3116, ppl: 1.0392, acc: 0.9952, vq_inds: [1106, 10, 10, 10, 10], unique_vq_codes: 1589, unique_suffix_codes: 523, val_unique_suffix_codes: 22 

epoch: 161,  avg_loss: 0.3480, avg_recon_loss: 0.0409, avg_kl_loss: 0.0000, avg_vq_loss: 0.3071, ppl: 1.0033, acc: 0.9992, vq_inds: [2458, 10, 10, 10, 10], unique_vq_codes: 25020, unique_suffix_codes: 1161, logdet: 0.0000 
val ---  avg_loss: 0.8024, avg_recon_loss: 0.4731, avg_kl_loss: 0.0000, avg_vq_loss: 0.3294, ppl: 1.0390, acc: 0.9956, vq_inds: [1107, 10, 10, 10, 10], unique_vq_codes: 1589, unique_suffix_codes: 534, val_unique_suffix_codes: 18 

epoch: 162,  avg_loss: 0.3674, avg_recon_loss: 0.0512, avg_kl_loss: 0.0000, avg_vq_loss: 0.3162, ppl: 1.0042, acc: 0.9991, vq_inds: [2459, 10, 10, 10, 10], unique_vq_codes: 25025, unique_suffix_codes: 1186, logdet: 0.0000 
val ---  avg_loss: 0.8301, avg_recon_loss: 0.4889, avg_kl_loss: 0.0000, avg_vq_loss: 0.3413, ppl: 1.0403, acc: 0.9955, vq_inds: [1107, 10, 10, 10, 10], unique_vq_codes: 1589, unique_suffix_codes: 520, val_unique_suffix_codes: 15 

epoch: 163,  avg_loss: 0.3920, avg_recon_loss: 0.0608, avg_kl_loss: 0.0000, avg_vq_loss: 0.3311, ppl: 1.0049, acc: 0.9989, vq_inds: [2458, 10, 10, 10, 10], unique_vq_codes: 25018, unique_suffix_codes: 1221, logdet: 0.0000 
val ---  avg_loss: 0.8707, avg_recon_loss: 0.4872, avg_kl_loss: 0.0000, avg_vq_loss: 0.3835, ppl: 1.0401, acc: 0.9950, vq_inds: [1107, 10, 10, 10, 10], unique_vq_codes: 1589, unique_suffix_codes: 525, val_unique_suffix_codes: 13 

epoch: 164,  avg_loss: 0.3880, avg_recon_loss: 0.0506, avg_kl_loss: 0.0000, avg_vq_loss: 0.3374, ppl: 1.0041, acc: 0.9990, vq_inds: [2459, 10, 10, 10, 10], unique_vq_codes: 25021, unique_suffix_codes: 1209, logdet: 0.0000 
val ---  avg_loss: 0.7993, avg_recon_loss: 0.4666, avg_kl_loss: 0.0000, avg_vq_loss: 0.3328, ppl: 1.0384, acc: 0.9957, vq_inds: [1105, 10, 10, 10, 10], unique_vq_codes: 1589, unique_suffix_codes: 532, val_unique_suffix_codes: 19 

epoch: 165,  avg_loss: 0.3635, avg_recon_loss: 0.0451, avg_kl_loss: 0.0000, avg_vq_loss: 0.3184, ppl: 1.0037, acc: 0.9991, vq_inds: [2457, 10, 10, 10, 10], unique_vq_codes: 25021, unique_suffix_codes: 1173, logdet: 0.0000 
val ---  avg_loss: 0.8438, avg_recon_loss: 0.4847, avg_kl_loss: 0.0000, avg_vq_loss: 0.3591, ppl: 1.0399, acc: 0.9950, vq_inds: [1106, 10, 10, 10, 10], unique_vq_codes: 1589, unique_suffix_codes: 521, val_unique_suffix_codes: 17 

epoch: 166,  avg_loss: 0.3690, avg_recon_loss: 0.0456, avg_kl_loss: 0.0000, avg_vq_loss: 0.3234, ppl: 1.0037, acc: 0.9991, vq_inds: [2458, 10, 10, 10, 10], unique_vq_codes: 25019, unique_suffix_codes: 1192, logdet: 0.0000 
val ---  avg_loss: 0.8258, avg_recon_loss: 0.4911, avg_kl_loss: 0.0000, avg_vq_loss: 0.3347, ppl: 1.0405, acc: 0.9953, vq_inds: [1109, 10, 10, 10, 10], unique_vq_codes: 1589, unique_suffix_codes: 529, val_unique_suffix_codes: 11 

epoch: 167,  avg_loss: 0.3553, avg_recon_loss: 0.0430, avg_kl_loss: 0.0000, avg_vq_loss: 0.3124, ppl: 1.0035, acc: 0.9992, vq_inds: [2459, 10, 10, 10, 10], unique_vq_codes: 25024, unique_suffix_codes: 1160, logdet: 0.0000 
val ---  avg_loss: 0.8621, avg_recon_loss: 0.5218, avg_kl_loss: 0.0000, avg_vq_loss: 0.3403, ppl: 1.0431, acc: 0.9950, vq_inds: [1111, 10, 10, 10, 10], unique_vq_codes: 1589, unique_suffix_codes: 524, val_unique_suffix_codes: 22 

epoch: 168,  avg_loss: 0.3472, avg_recon_loss: 0.0407, avg_kl_loss: 0.0000, avg_vq_loss: 0.3064, ppl: 1.0033, acc: 0.9993, vq_inds: [2457, 10, 10, 10, 10], unique_vq_codes: 25017, unique_suffix_codes: 1147, logdet: 0.0000 
val ---  avg_loss: 0.7821, avg_recon_loss: 0.4492, avg_kl_loss: 0.0000, avg_vq_loss: 0.3329, ppl: 1.0370, acc: 0.9954, vq_inds: [1108, 10, 10, 10, 10], unique_vq_codes: 1589, unique_suffix_codes: 525, val_unique_suffix_codes: 15 

epoch: 169,  avg_loss: 0.3342, avg_recon_loss: 0.0354, avg_kl_loss: 0.0000, avg_vq_loss: 0.2988, ppl: 1.0029, acc: 0.9993, vq_inds: [2457, 10, 10, 10, 10], unique_vq_codes: 25023, unique_suffix_codes: 1131, logdet: 0.0000 
val ---  avg_loss: 0.8097, avg_recon_loss: 0.4918, avg_kl_loss: 0.0000, avg_vq_loss: 0.3179, ppl: 1.0405, acc: 0.9953, vq_inds: [1107, 10, 10, 10, 10], unique_vq_codes: 1589, unique_suffix_codes: 530, val_unique_suffix_codes: 21 

epoch: 170,  avg_loss: 0.3311, avg_recon_loss: 0.0360, avg_kl_loss: 0.0000, avg_vq_loss: 0.2952, ppl: 1.0029, acc: 0.9994, vq_inds: [2457, 10, 10, 10, 10], unique_vq_codes: 25025, unique_suffix_codes: 1163, logdet: 0.0000 
val ---  avg_loss: 0.8237, avg_recon_loss: 0.5023, avg_kl_loss: 0.0000, avg_vq_loss: 0.3214, ppl: 1.0414, acc: 0.9954, vq_inds: [1105, 10, 10, 10, 10], unique_vq_codes: 1589, unique_suffix_codes: 526, val_unique_suffix_codes: 15 

epoch: 171,  avg_loss: 0.3799, avg_recon_loss: 0.0578, avg_kl_loss: 0.0000, avg_vq_loss: 0.3221, ppl: 1.0047, acc: 0.9989, vq_inds: [2457, 10, 10, 10, 10], unique_vq_codes: 25022, unique_suffix_codes: 1336, logdet: 0.0000 
val ---  avg_loss: 0.9411, avg_recon_loss: 0.5578, avg_kl_loss: 0.0000, avg_vq_loss: 0.3833, ppl: 1.0461, acc: 0.9947, vq_inds: [1107, 10, 10, 10, 10], unique_vq_codes: 1589, unique_suffix_codes: 536, val_unique_suffix_codes: 21 

epoch: 172,  avg_loss: 0.4527, avg_recon_loss: 0.0821, avg_kl_loss: 0.0000, avg_vq_loss: 0.3706, ppl: 1.0067, acc: 0.9984, vq_inds: [2455, 10, 10, 10, 10], unique_vq_codes: 25018, unique_suffix_codes: 1296, logdet: 0.0000 
val ---  avg_loss: 0.8988, avg_recon_loss: 0.5295, avg_kl_loss: 0.0000, avg_vq_loss: 0.3694, ppl: 1.0437, acc: 0.9954, vq_inds: [1111, 10, 10, 10, 10], unique_vq_codes: 1589, unique_suffix_codes: 527, val_unique_suffix_codes: 6 

epoch: 173,  avg_loss: 0.4340, avg_recon_loss: 0.0749, avg_kl_loss: 0.0000, avg_vq_loss: 0.3591, ppl: 1.0061, acc: 0.9986, vq_inds: [2451, 10, 10, 10, 10], unique_vq_codes: 25018, unique_suffix_codes: 1227, logdet: 0.0000 
val ---  avg_loss: 0.8872, avg_recon_loss: 0.5076, avg_kl_loss: 0.0000, avg_vq_loss: 0.3796, ppl: 1.0419, acc: 0.9952, vq_inds: [1105, 10, 10, 10, 10], unique_vq_codes: 1589, unique_suffix_codes: 532, val_unique_suffix_codes: 19 

epoch: 174,  avg_loss: 0.4043, avg_recon_loss: 0.0517, avg_kl_loss: 0.0000, avg_vq_loss: 0.3526, ppl: 1.0042, acc: 0.9990, vq_inds: [2450, 10, 10, 10, 10], unique_vq_codes: 25015, unique_suffix_codes: 1217, logdet: 0.0000 
val ---  avg_loss: 0.8599, avg_recon_loss: 0.4989, avg_kl_loss: 0.0000, avg_vq_loss: 0.3611, ppl: 1.0411, acc: 0.9953, vq_inds: [1106, 10, 10, 10, 10], unique_vq_codes: 1589, unique_suffix_codes: 532, val_unique_suffix_codes: 18 

epoch: 175,  avg_loss: 0.3758, avg_recon_loss: 0.0490, avg_kl_loss: 0.0000, avg_vq_loss: 0.3268, ppl: 1.0040, acc: 0.9991, vq_inds: [2451, 10, 10, 10, 10], unique_vq_codes: 25019, unique_suffix_codes: 1217, logdet: 0.0000 
val ---  avg_loss: 0.8589, avg_recon_loss: 0.5087, avg_kl_loss: 0.0000, avg_vq_loss: 0.3502, ppl: 1.0420, acc: 0.9950, vq_inds: [1105, 10, 10, 10, 10], unique_vq_codes: 1589, unique_suffix_codes: 532, val_unique_suffix_codes: 15 

epoch: 176,  avg_loss: 0.3533, avg_recon_loss: 0.0291, avg_kl_loss: 0.0000, avg_vq_loss: 0.3243, ppl: 1.0024, acc: 0.9994, vq_inds: [2450, 10, 10, 10, 10], unique_vq_codes: 25023, unique_suffix_codes: 1165, logdet: 0.0000 
val ---  avg_loss: 0.7918, avg_recon_loss: 0.4662, avg_kl_loss: 0.0000, avg_vq_loss: 0.3256, ppl: 1.0384, acc: 0.9955, vq_inds: [1105, 10, 10, 10, 10], unique_vq_codes: 1589, unique_suffix_codes: 534, val_unique_suffix_codes: 16 

epoch: 177,  avg_loss: 0.3182, avg_recon_loss: 0.0238, avg_kl_loss: 0.0000, avg_vq_loss: 0.2943, ppl: 1.0019, acc: 0.9996, vq_inds: [2447, 10, 10, 10, 10], unique_vq_codes: 25023, unique_suffix_codes: 1150, logdet: 0.0000 
val ---  avg_loss: 0.7716, avg_recon_loss: 0.4748, avg_kl_loss: 0.0000, avg_vq_loss: 0.2967, ppl: 1.0391, acc: 0.9956, vq_inds: [1106, 10, 10, 10, 10], unique_vq_codes: 1589, unique_suffix_codes: 520, val_unique_suffix_codes: 16 

epoch: 178,  avg_loss: 0.3153, avg_recon_loss: 0.0320, avg_kl_loss: 0.0000, avg_vq_loss: 0.2833, ppl: 1.0026, acc: 0.9995, vq_inds: [2451, 10, 10, 10, 10], unique_vq_codes: 25023, unique_suffix_codes: 1172, logdet: 0.0000 
val ---  avg_loss: 0.7777, avg_recon_loss: 0.4696, avg_kl_loss: 0.0000, avg_vq_loss: 0.3081, ppl: 1.0387, acc: 0.9952, vq_inds: [1105, 10, 10, 10, 10], unique_vq_codes: 1589, unique_suffix_codes: 532, val_unique_suffix_codes: 18 

epoch: 179,  avg_loss: 0.3287, avg_recon_loss: 0.0345, avg_kl_loss: 0.0000, avg_vq_loss: 0.2942, ppl: 1.0028, acc: 0.9993, vq_inds: [2450, 10, 10, 10, 10], unique_vq_codes: 25018, unique_suffix_codes: 1161, logdet: 0.0000 
val ---  avg_loss: 0.8311, avg_recon_loss: 0.5016, avg_kl_loss: 0.0000, avg_vq_loss: 0.3296, ppl: 1.0414, acc: 0.9952, vq_inds: [1106, 10, 10, 10, 10], unique_vq_codes: 1589, unique_suffix_codes: 534, val_unique_suffix_codes: 20 
