
number of params: 2003312 
Namespace(batchsize=128, beta=0.5, dec_dropout_in=0.5, dec_dropout_out=0.5, dec_nh=100, dec_nh_tmp=100, device='cuda', embedding_dim=512, enc_dropout_in=0.0, enc_dropout_out=0.0, enc_nh=512, epochs=200, fig_path='model/vqvae/results/training/12229_instances/unilstm/4x10sum_dec100_suffixd512/200epochs.png', incat=512, incat_tmp=512, log_path='model/vqvae/results/training/12229_instances/unilstm/4x10sum_dec100_suffixd512/200epochs.log', logger=<common.utils.Logger object at 0x7fb7c77ab110>, lr=0.001, maxtrnsize=10000000, maxtstsize=10000, maxvalsize=10000, mname='vqvae', model=VQVAE(
  (encoder): VQVAE_Encoder(
    (embed): Embedding(36, 256)
    (lstm): LSTM(256, 512, batch_first=True)
    (dropout_in): Dropout(p=0.0, inplace=False)
  )
  (linear_root): Linear(in_features=512, out_features=100, bias=False)
  (ord_vq_layers): ModuleList(
    (0): VectorQuantizer(
      (embedding): Embedding(10, 128)
    )
    (1): VectorQuantizer(
      (embedding): Embedding(10, 128)
    )
    (2): VectorQuantizer(
      (embedding): Embedding(10, 128)
    )
    (3): VectorQuantizer(
      (embedding): Embedding(10, 128)
    )
  )
  (decoder): VQVAE_Decoder(
    (embed): Embedding(36, 256, padding_idx=0)
    (dropout_in): Dropout(p=0.5, inplace=False)
    (dropout_out): Dropout(p=0.5, inplace=False)
    (lstm): LSTM(768, 100, batch_first=True)
    (pred_linear): Linear(in_features=100, out_features=36, bias=False)
    (loss): CrossEntropyLoss()
  )
), model_prefix='unilstm/4x10sum_dec100_suffixd512/', modelname='model/vqvae/results/training/12229_instances/unilstm/4x10sum_dec100_suffixd512/', ni=256, num_dicts=4, num_dicts_tmp=4, nz=128, opt='Adam', orddict_emb_num=10, outcat=0, outcat_tmp=0, pretrained_model=VQVAE_AE(
  (encoder): VQVAE_Encoder(
    (embed): Embedding(36, 256)
    (lstm): LSTM(256, 512, batch_first=True)
    (dropout_in): Dropout(p=0.0, inplace=False)
  )
  (decoder): VQVAE_Decoder(
    (embed): Embedding(36, 256, padding_idx=0)
    (dropout_in): Dropout(p=0.5, inplace=False)
    (dropout_out): Dropout(p=0.5, inplace=False)
    (lstm): LSTM(256, 512, batch_first=True)
    (pred_linear): Linear(in_features=512, out_features=36, bias=False)
    (loss): CrossEntropyLoss()
  )
), root_linear_h=100, save_path='model/vqvae/results/training/12229_instances/unilstm/4x10sum_dec100_suffixd512/200epochs.pt', seq_to_no_pad='surface', surf_vocab=<common.vocab.VocabEntry object at 0x7fb7c77c0790>, surface_vocab_file='data/sigmorphon2016/turkish-task3-train', task='vqvae', trndata='data/sigmorphon2016/turkish-task3-train', trnsize=12229, tstdata='data/sigmorphon2016/turkish-task3-dev', tstsize=12229, valdata='data/sigmorphon2016/turkish-task3-dev', valsize=1589)

encoder.embed.weight, torch.Size([36, 256]): True
encoder.lstm.weight_ih_l0, torch.Size([2048, 256]): True
encoder.lstm.weight_hh_l0, torch.Size([2048, 512]): True
encoder.lstm.bias_ih_l0, torch.Size([2048]): True
encoder.lstm.bias_hh_l0, torch.Size([2048]): True
linear_root.weight, torch.Size([100, 512]): True
ord_vq_layers.0.embedding.weight, torch.Size([10, 128]): True
ord_vq_layers.1.embedding.weight, torch.Size([10, 128]): True
ord_vq_layers.2.embedding.weight, torch.Size([10, 128]): True
ord_vq_layers.3.embedding.weight, torch.Size([10, 128]): True
decoder.embed.weight, torch.Size([36, 256]): True
decoder.lstm.weight_ih_l0, torch.Size([400, 768]): True
decoder.lstm.weight_hh_l0, torch.Size([400, 100]): True
decoder.lstm.bias_ih_l0, torch.Size([400]): True
decoder.lstm.bias_hh_l0, torch.Size([400]): True
decoder.pred_linear.weight, torch.Size([36, 100]): True
epoch: 0,  avg_loss: 35.4486, avg_recon_loss: 34.9882, avg_kl_loss: 0.0000, avg_vq_loss: 0.4604, ppl: 17.0828, acc: 0.1843, vq_inds: [10, 10, 10, 10], unique_vq_codes: 401, unique_suffix_codes: 401, logdet: 0.0000 
val ---  avg_loss: 32.1614, avg_recon_loss: 31.7391, avg_kl_loss: 0.0000, avg_vq_loss: 0.4224, ppl: 12.9907, acc: 0.2588, vq_inds: [7, 4, 7, 6], unique_vq_codes: 49, unique_suffix_codes: 49, val_unique_suffix_codes: 6 
update best loss 

epoch: 1,  avg_loss: 30.6834, avg_recon_loss: 30.2872, avg_kl_loss: 0.0000, avg_vq_loss: 0.3962, ppl: 11.6668, acc: 0.2628, vq_inds: [8, 6, 8, 7], unique_vq_codes: 97, unique_suffix_codes: 97, logdet: 0.0000 
val ---  avg_loss: 28.7860, avg_recon_loss: 28.3730, avg_kl_loss: 0.0000, avg_vq_loss: 0.4130, ppl: 9.8975, acc: 0.3046, vq_inds: [6, 5, 6, 6], unique_vq_codes: 49, unique_suffix_codes: 49, val_unique_suffix_codes: 2 
update best loss 

epoch: 2,  avg_loss: 25.9257, avg_recon_loss: 25.4714, avg_kl_loss: 0.0000, avg_vq_loss: 0.4543, ppl: 7.8941, acc: 0.3893, vq_inds: [8, 6, 7, 6], unique_vq_codes: 109, unique_suffix_codes: 109, logdet: 0.0000 
val ---  avg_loss: 23.6159, avg_recon_loss: 23.1504, avg_kl_loss: 0.0000, avg_vq_loss: 0.4656, ppl: 6.4905, acc: 0.4415, vq_inds: [6, 6, 4, 6], unique_vq_codes: 60, unique_suffix_codes: 60, val_unique_suffix_codes: 3 
update best loss 

epoch: 3,  avg_loss: 22.4430, avg_recon_loss: 21.9338, avg_kl_loss: 0.0000, avg_vq_loss: 0.5092, ppl: 5.9249, acc: 0.4587, vq_inds: [6, 8, 9, 6], unique_vq_codes: 145, unique_suffix_codes: 145, logdet: 0.0000 
val ---  avg_loss: 20.8204, avg_recon_loss: 20.3031, avg_kl_loss: 0.0000, avg_vq_loss: 0.5173, ppl: 5.1568, acc: 0.5022, vq_inds: [6, 6, 6, 6], unique_vq_codes: 95, unique_suffix_codes: 95, val_unique_suffix_codes: 9 
update best loss 

epoch: 4,  avg_loss: 19.3702, avg_recon_loss: 18.8642, avg_kl_loss: 0.0000, avg_vq_loss: 0.5060, ppl: 4.6190, acc: 0.5327, vq_inds: [5, 7, 7, 7], unique_vq_codes: 152, unique_suffix_codes: 152, logdet: 0.0000 
val ---  avg_loss: 17.8665, avg_recon_loss: 17.3475, avg_kl_loss: 0.0000, avg_vq_loss: 0.5191, ppl: 4.0614, acc: 0.5771, vq_inds: [5, 5, 7, 6], unique_vq_codes: 111, unique_suffix_codes: 111, val_unique_suffix_codes: 8 
update best loss 

epoch: 5,  avg_loss: 16.8113, avg_recon_loss: 16.2694, avg_kl_loss: 0.0000, avg_vq_loss: 0.5419, ppl: 3.7423, acc: 0.6142, vq_inds: [6, 7, 8, 7], unique_vq_codes: 199, unique_suffix_codes: 199, logdet: 0.0000 
val ---  avg_loss: 17.1247, avg_recon_loss: 16.5337, avg_kl_loss: 0.0000, avg_vq_loss: 0.5910, ppl: 3.8030, acc: 0.6072, vq_inds: [5, 6, 6, 7], unique_vq_codes: 125, unique_suffix_codes: 125, val_unique_suffix_codes: 7 
update best loss 

epoch: 6,  avg_loss: 15.0534, avg_recon_loss: 14.4683, avg_kl_loss: 0.0000, avg_vq_loss: 0.5850, ppl: 3.2336, acc: 0.6675, vq_inds: [5, 6, 7, 7], unique_vq_codes: 222, unique_suffix_codes: 222, logdet: 0.0000 
val ---  avg_loss: 14.2139, avg_recon_loss: 13.6145, avg_kl_loss: 0.0000, avg_vq_loss: 0.5993, ppl: 3.0040, acc: 0.6748, vq_inds: [5, 5, 7, 6], unique_vq_codes: 150, unique_suffix_codes: 150, val_unique_suffix_codes: 13 
update best loss 

epoch: 7,  avg_loss: 12.7176, avg_recon_loss: 12.1165, avg_kl_loss: 0.0000, avg_vq_loss: 0.6011, ppl: 2.6720, acc: 0.7294, vq_inds: [5, 7, 7, 7], unique_vq_codes: 263, unique_suffix_codes: 263, logdet: 0.0000 
val ---  avg_loss: 11.6645, avg_recon_loss: 11.0625, avg_kl_loss: 0.0000, avg_vq_loss: 0.6021, ppl: 2.4443, acc: 0.7567, vq_inds: [5, 5, 7, 6], unique_vq_codes: 163, unique_suffix_codes: 163, val_unique_suffix_codes: 8 
update best loss 

epoch: 8,  avg_loss: 11.7274, avg_recon_loss: 11.1058, avg_kl_loss: 0.0000, avg_vq_loss: 0.6216, ppl: 2.4617, acc: 0.7456, vq_inds: [6, 7, 7, 7], unique_vq_codes: 293, unique_suffix_codes: 293, logdet: 0.0000 
val ---  avg_loss: 9.9721, avg_recon_loss: 9.3491, avg_kl_loss: 0.0000, avg_vq_loss: 0.6230, ppl: 2.1283, acc: 0.8103, vq_inds: [5, 6, 7, 7], unique_vq_codes: 175, unique_suffix_codes: 175, val_unique_suffix_codes: 9 
update best loss 

epoch: 9,  avg_loss: 9.2303, avg_recon_loss: 8.6031, avg_kl_loss: 0.0000, avg_vq_loss: 0.6272, ppl: 2.0094, acc: 0.8185, vq_inds: [5, 7, 7, 7], unique_vq_codes: 311, unique_suffix_codes: 311, logdet: 0.0000 
val ---  avg_loss: 9.6307, avg_recon_loss: 8.9973, avg_kl_loss: 0.0000, avg_vq_loss: 0.6334, ppl: 2.0687, acc: 0.7799, vq_inds: [6, 6, 7, 6], unique_vq_codes: 191, unique_suffix_codes: 191, val_unique_suffix_codes: 10 
update best loss 

epoch: 10,  avg_loss: 8.2848, avg_recon_loss: 7.6428, avg_kl_loss: 0.0000, avg_vq_loss: 0.6420, ppl: 1.8588, acc: 0.8371, vq_inds: [5, 7, 8, 7], unique_vq_codes: 345, unique_suffix_codes: 345, logdet: 0.0000 
val ---  avg_loss: 7.4509, avg_recon_loss: 6.8065, avg_kl_loss: 0.0000, avg_vq_loss: 0.6444, ppl: 1.7331, acc: 0.8548, vq_inds: [6, 6, 7, 6], unique_vq_codes: 199, unique_suffix_codes: 199, val_unique_suffix_codes: 10 
update best loss 

epoch: 11,  avg_loss: 6.7766, avg_recon_loss: 6.1334, avg_kl_loss: 0.0000, avg_vq_loss: 0.6432, ppl: 1.6446, acc: 0.8775, vq_inds: [6, 7, 8, 7], unique_vq_codes: 374, unique_suffix_codes: 374, logdet: 0.0000 
val ---  avg_loss: 6.2222, avg_recon_loss: 5.5800, avg_kl_loss: 0.0000, avg_vq_loss: 0.6421, ppl: 1.5696, acc: 0.8872, vq_inds: [5, 6, 8, 6], unique_vq_codes: 220, unique_suffix_codes: 220, val_unique_suffix_codes: 12 
update best loss 

epoch: 12,  avg_loss: 6.0810, avg_recon_loss: 5.4436, avg_kl_loss: 0.0000, avg_vq_loss: 0.6374, ppl: 1.5551, acc: 0.8900, vq_inds: [5, 7, 8, 7], unique_vq_codes: 403, unique_suffix_codes: 403, logdet: 0.0000 
val ---  avg_loss: 5.0809, avg_recon_loss: 4.4472, avg_kl_loss: 0.0000, avg_vq_loss: 0.6337, ppl: 1.4323, acc: 0.9169, vq_inds: [5, 6, 7, 7], unique_vq_codes: 248, unique_suffix_codes: 248, val_unique_suffix_codes: 12 
update best loss 

epoch: 13,  avg_loss: 5.5254, avg_recon_loss: 4.8880, avg_kl_loss: 0.0000, avg_vq_loss: 0.6374, ppl: 1.4866, acc: 0.9009, vq_inds: [5, 7, 8, 8], unique_vq_codes: 437, unique_suffix_codes: 437, logdet: 0.0000 
val ---  avg_loss: 4.6494, avg_recon_loss: 4.0123, avg_kl_loss: 0.0000, avg_vq_loss: 0.6372, ppl: 1.3829, acc: 0.9215, vq_inds: [5, 6, 8, 7], unique_vq_codes: 244, unique_suffix_codes: 244, val_unique_suffix_codes: 13 
update best loss 

epoch: 14,  avg_loss: 4.5726, avg_recon_loss: 3.9438, avg_kl_loss: 0.0000, avg_vq_loss: 0.6288, ppl: 1.3770, acc: 0.9270, vq_inds: [6, 7, 8, 8], unique_vq_codes: 446, unique_suffix_codes: 446, logdet: 0.0000 
val ---  avg_loss: 4.0871, avg_recon_loss: 3.4576, avg_kl_loss: 0.0000, avg_vq_loss: 0.6295, ppl: 1.3223, acc: 0.9373, vq_inds: [5, 6, 8, 7], unique_vq_codes: 255, unique_suffix_codes: 255, val_unique_suffix_codes: 15 
update best loss 

epoch: 15,  avg_loss: 3.8731, avg_recon_loss: 3.2451, avg_kl_loss: 0.0000, avg_vq_loss: 0.6280, ppl: 1.3011, acc: 0.9439, vq_inds: [6, 7, 8, 8], unique_vq_codes: 468, unique_suffix_codes: 468, logdet: 0.0000 
val ---  avg_loss: 3.5784, avg_recon_loss: 2.9516, avg_kl_loss: 0.0000, avg_vq_loss: 0.6268, ppl: 1.2693, acc: 0.9445, vq_inds: [5, 6, 8, 7], unique_vq_codes: 259, unique_suffix_codes: 259, val_unique_suffix_codes: 14 
update best loss 

epoch: 16,  avg_loss: 3.4328, avg_recon_loss: 2.8058, avg_kl_loss: 0.0000, avg_vq_loss: 0.6270, ppl: 1.2556, acc: 0.9529, vq_inds: [6, 7, 8, 8], unique_vq_codes: 497, unique_suffix_codes: 497, logdet: 0.0000 
val ---  avg_loss: 3.0647, avg_recon_loss: 2.4382, avg_kl_loss: 0.0000, avg_vq_loss: 0.6265, ppl: 1.2177, acc: 0.9645, vq_inds: [5, 6, 8, 7], unique_vq_codes: 283, unique_suffix_codes: 283, val_unique_suffix_codes: 10 
update best loss 

epoch: 17,  avg_loss: 3.0190, avg_recon_loss: 2.4027, avg_kl_loss: 0.0000, avg_vq_loss: 0.6163, ppl: 1.2152, acc: 0.9627, vq_inds: [6, 7, 8, 8], unique_vq_codes: 526, unique_suffix_codes: 526, logdet: 0.0000 
val ---  avg_loss: 2.6415, avg_recon_loss: 2.0266, avg_kl_loss: 0.0000, avg_vq_loss: 0.6149, ppl: 1.1779, acc: 0.9698, vq_inds: [5, 6, 8, 7], unique_vq_codes: 301, unique_suffix_codes: 301, val_unique_suffix_codes: 10 
update best loss 

epoch: 18,  avg_loss: 2.5771, avg_recon_loss: 1.9672, avg_kl_loss: 0.0000, avg_vq_loss: 0.6100, ppl: 1.1730, acc: 0.9728, vq_inds: [6, 7, 8, 8], unique_vq_codes: 537, unique_suffix_codes: 537, logdet: 0.0000 
val ---  avg_loss: 2.3372, avg_recon_loss: 1.7333, avg_kl_loss: 0.0000, avg_vq_loss: 0.6039, ppl: 1.1503, acc: 0.9779, vq_inds: [5, 6, 8, 7], unique_vq_codes: 311, unique_suffix_codes: 311, val_unique_suffix_codes: 19 
update best loss 

epoch: 19,  avg_loss: 2.3296, avg_recon_loss: 1.7307, avg_kl_loss: 0.0000, avg_vq_loss: 0.5990, ppl: 1.1507, acc: 0.9768, vq_inds: [6, 7, 8, 8], unique_vq_codes: 563, unique_suffix_codes: 563, logdet: 0.0000 
val ---  avg_loss: 3.1206, avg_recon_loss: 2.5181, avg_kl_loss: 0.0000, avg_vq_loss: 0.6026, ppl: 1.2256, acc: 0.9491, vq_inds: [5, 7, 8, 7], unique_vq_codes: 328, unique_suffix_codes: 328, val_unique_suffix_codes: 12 

epoch: 20,  avg_loss: 2.3140, avg_recon_loss: 1.7187, avg_kl_loss: 0.0000, avg_vq_loss: 0.5953, ppl: 1.1496, acc: 0.9741, vq_inds: [6, 7, 8, 8], unique_vq_codes: 594, unique_suffix_codes: 594, logdet: 0.0000 
val ---  avg_loss: 1.8635, avg_recon_loss: 1.2766, avg_kl_loss: 0.0000, avg_vq_loss: 0.5869, ppl: 1.1086, acc: 0.9861, vq_inds: [5, 7, 8, 7], unique_vq_codes: 331, unique_suffix_codes: 331, val_unique_suffix_codes: 14 
update best loss 

epoch: 21,  avg_loss: 1.9454, avg_recon_loss: 1.3661, avg_kl_loss: 0.0000, avg_vq_loss: 0.5793, ppl: 1.1172, acc: 0.9831, vq_inds: [6, 7, 8, 8], unique_vq_codes: 600, unique_suffix_codes: 600, logdet: 0.0000 
val ---  avg_loss: 1.8610, avg_recon_loss: 1.2911, avg_kl_loss: 0.0000, avg_vq_loss: 0.5699, ppl: 1.1099, acc: 0.9822, vq_inds: [5, 7, 8, 8], unique_vq_codes: 339, unique_suffix_codes: 339, val_unique_suffix_codes: 22 
update best loss 

epoch: 22,  avg_loss: 1.8001, avg_recon_loss: 1.2298, avg_kl_loss: 0.0000, avg_vq_loss: 0.5703, ppl: 1.1049, acc: 0.9852, vq_inds: [6, 7, 8, 8], unique_vq_codes: 621, unique_suffix_codes: 621, logdet: 0.0000 
val ---  avg_loss: 1.5656, avg_recon_loss: 1.0030, avg_kl_loss: 0.0000, avg_vq_loss: 0.5627, ppl: 1.0844, acc: 0.9895, vq_inds: [5, 7, 8, 8], unique_vq_codes: 352, unique_suffix_codes: 352, val_unique_suffix_codes: 21 
update best loss 

epoch: 23,  avg_loss: 1.6433, avg_recon_loss: 1.0829, avg_kl_loss: 0.0000, avg_vq_loss: 0.5604, ppl: 1.0918, acc: 0.9874, vq_inds: [6, 7, 8, 8], unique_vq_codes: 648, unique_suffix_codes: 648, logdet: 0.0000 
val ---  avg_loss: 1.4446, avg_recon_loss: 0.8874, avg_kl_loss: 0.0000, avg_vq_loss: 0.5572, ppl: 1.0743, acc: 0.9910, vq_inds: [6, 7, 8, 8], unique_vq_codes: 369, unique_suffix_codes: 369, val_unique_suffix_codes: 27 
update best loss 

epoch: 24,  avg_loss: 1.5906, avg_recon_loss: 1.0394, avg_kl_loss: 0.0000, avg_vq_loss: 0.5512, ppl: 1.0880, acc: 0.9877, vq_inds: [6, 7, 8, 8], unique_vq_codes: 676, unique_suffix_codes: 676, logdet: 0.0000 
val ---  avg_loss: 1.4337, avg_recon_loss: 0.8892, avg_kl_loss: 0.0000, avg_vq_loss: 0.5445, ppl: 1.0745, acc: 0.9890, vq_inds: [5, 7, 8, 8], unique_vq_codes: 375, unique_suffix_codes: 375, val_unique_suffix_codes: 23 
update best loss 

epoch: 25,  avg_loss: 1.4393, avg_recon_loss: 0.9027, avg_kl_loss: 0.0000, avg_vq_loss: 0.5366, ppl: 1.0760, acc: 0.9900, vq_inds: [6, 7, 8, 8], unique_vq_codes: 722, unique_suffix_codes: 722, logdet: 0.0000 
val ---  avg_loss: 1.3745, avg_recon_loss: 0.8443, avg_kl_loss: 0.0000, avg_vq_loss: 0.5302, ppl: 1.0706, acc: 0.9904, vq_inds: [6, 7, 8, 8], unique_vq_codes: 388, unique_suffix_codes: 388, val_unique_suffix_codes: 23 
update best loss 

epoch: 26,  avg_loss: 1.3796, avg_recon_loss: 0.8528, avg_kl_loss: 0.0000, avg_vq_loss: 0.5268, ppl: 1.0716, acc: 0.9904, vq_inds: [6, 7, 8, 8], unique_vq_codes: 734, unique_suffix_codes: 734, logdet: 0.0000 
val ---  avg_loss: 1.1995, avg_recon_loss: 0.6782, avg_kl_loss: 0.0000, avg_vq_loss: 0.5213, ppl: 1.0563, acc: 0.9934, vq_inds: [6, 7, 8, 8], unique_vq_codes: 397, unique_suffix_codes: 397, val_unique_suffix_codes: 27 
update best loss 

epoch: 27,  avg_loss: 1.2735, avg_recon_loss: 0.7577, avg_kl_loss: 0.0000, avg_vq_loss: 0.5158, ppl: 1.0634, acc: 0.9915, vq_inds: [6, 7, 8, 8], unique_vq_codes: 764, unique_suffix_codes: 764, logdet: 0.0000 
val ---  avg_loss: 1.3733, avg_recon_loss: 0.8483, avg_kl_loss: 0.0000, avg_vq_loss: 0.5250, ppl: 1.0709, acc: 0.9885, vq_inds: [6, 7, 8, 8], unique_vq_codes: 421, unique_suffix_codes: 421, val_unique_suffix_codes: 24 

epoch: 28,  avg_loss: 1.1279, avg_recon_loss: 0.6211, avg_kl_loss: 0.0000, avg_vq_loss: 0.5068, ppl: 1.0517, acc: 0.9943, vq_inds: [6, 7, 8, 8], unique_vq_codes: 761, unique_suffix_codes: 761, logdet: 0.0000 
val ---  avg_loss: 1.0920, avg_recon_loss: 0.5938, avg_kl_loss: 0.0000, avg_vq_loss: 0.4982, ppl: 1.0491, acc: 0.9935, vq_inds: [6, 7, 8, 8], unique_vq_codes: 391, unique_suffix_codes: 391, val_unique_suffix_codes: 19 
update best loss 

epoch: 29,  avg_loss: 1.0009, avg_recon_loss: 0.5120, avg_kl_loss: 0.0000, avg_vq_loss: 0.4889, ppl: 1.0424, acc: 0.9964, vq_inds: [6, 7, 8, 8], unique_vq_codes: 774, unique_suffix_codes: 774, logdet: 0.0000 
val ---  avg_loss: 1.0118, avg_recon_loss: 0.5227, avg_kl_loss: 0.0000, avg_vq_loss: 0.4890, ppl: 1.0431, acc: 0.9954, vq_inds: [6, 7, 8, 8], unique_vq_codes: 404, unique_suffix_codes: 404, val_unique_suffix_codes: 21 
update best loss 

epoch: 30,  avg_loss: 1.0000, avg_recon_loss: 0.5211, avg_kl_loss: 0.0000, avg_vq_loss: 0.4789, ppl: 1.0432, acc: 0.9954, vq_inds: [6, 7, 8, 8], unique_vq_codes: 781, unique_suffix_codes: 781, logdet: 0.0000 
val ---  avg_loss: 0.9462, avg_recon_loss: 0.4677, avg_kl_loss: 0.0000, avg_vq_loss: 0.4785, ppl: 1.0385, acc: 0.9953, vq_inds: [6, 7, 8, 8], unique_vq_codes: 415, unique_suffix_codes: 415, val_unique_suffix_codes: 29 
update best loss 

epoch: 31,  avg_loss: 0.9693, avg_recon_loss: 0.5037, avg_kl_loss: 0.0000, avg_vq_loss: 0.4656, ppl: 1.0417, acc: 0.9953, vq_inds: [6, 7, 8, 8], unique_vq_codes: 794, unique_suffix_codes: 794, logdet: 0.0000 
val ---  avg_loss: 1.0510, avg_recon_loss: 0.5811, avg_kl_loss: 0.0000, avg_vq_loss: 0.4699, ppl: 1.0481, acc: 0.9929, vq_inds: [6, 7, 8, 8], unique_vq_codes: 414, unique_suffix_codes: 414, val_unique_suffix_codes: 21 

epoch: 32,  avg_loss: 0.9393, avg_recon_loss: 0.4767, avg_kl_loss: 0.0000, avg_vq_loss: 0.4627, ppl: 1.0394, acc: 0.9955, vq_inds: [6, 7, 8, 8], unique_vq_codes: 818, unique_suffix_codes: 818, logdet: 0.0000 
val ---  avg_loss: 0.9906, avg_recon_loss: 0.5342, avg_kl_loss: 0.0000, avg_vq_loss: 0.4564, ppl: 1.0441, acc: 0.9925, vq_inds: [6, 7, 8, 8], unique_vq_codes: 416, unique_suffix_codes: 416, val_unique_suffix_codes: 18 

epoch: 33,  avg_loss: 0.9168, avg_recon_loss: 0.4663, avg_kl_loss: 0.0000, avg_vq_loss: 0.4505, ppl: 1.0385, acc: 0.9951, vq_inds: [6, 7, 8, 8], unique_vq_codes: 819, unique_suffix_codes: 819, logdet: 0.0000 
val ---  avg_loss: 0.9583, avg_recon_loss: 0.5058, avg_kl_loss: 0.0000, avg_vq_loss: 0.4525, ppl: 1.0417, acc: 0.9938, vq_inds: [6, 7, 8, 8], unique_vq_codes: 421, unique_suffix_codes: 421, val_unique_suffix_codes: 19 

epoch: 34,  avg_loss: 0.9097, avg_recon_loss: 0.4664, avg_kl_loss: 0.0000, avg_vq_loss: 0.4433, ppl: 1.0386, acc: 0.9950, vq_inds: [6, 7, 8, 8], unique_vq_codes: 836, unique_suffix_codes: 836, logdet: 0.0000 
val ---  avg_loss: 0.8181, avg_recon_loss: 0.3740, avg_kl_loss: 0.0000, avg_vq_loss: 0.4441, ppl: 1.0307, acc: 0.9965, vq_inds: [6, 7, 8, 8], unique_vq_codes: 438, unique_suffix_codes: 438, val_unique_suffix_codes: 26 
update best loss 

epoch: 35,  avg_loss: 0.7982, avg_recon_loss: 0.3699, avg_kl_loss: 0.0000, avg_vq_loss: 0.4283, ppl: 1.0305, acc: 0.9967, vq_inds: [6, 7, 8, 8], unique_vq_codes: 896, unique_suffix_codes: 896, logdet: 0.0000 
val ---  avg_loss: 0.8120, avg_recon_loss: 0.3861, avg_kl_loss: 0.0000, avg_vq_loss: 0.4259, ppl: 1.0317, acc: 0.9958, vq_inds: [6, 7, 8, 8], unique_vq_codes: 456, unique_suffix_codes: 456, val_unique_suffix_codes: 32 
update best loss 

epoch: 36,  avg_loss: 0.7826, avg_recon_loss: 0.3638, avg_kl_loss: 0.0000, avg_vq_loss: 0.4188, ppl: 1.0300, acc: 0.9970, vq_inds: [6, 7, 8, 8], unique_vq_codes: 931, unique_suffix_codes: 931, logdet: 0.0000 
val ---  avg_loss: 0.7563, avg_recon_loss: 0.3353, avg_kl_loss: 0.0000, avg_vq_loss: 0.4210, ppl: 1.0275, acc: 0.9967, vq_inds: [6, 7, 8, 8], unique_vq_codes: 467, unique_suffix_codes: 467, val_unique_suffix_codes: 25 
update best loss 

epoch: 37,  avg_loss: 0.7403, avg_recon_loss: 0.3285, avg_kl_loss: 0.0000, avg_vq_loss: 0.4118, ppl: 1.0270, acc: 0.9971, vq_inds: [6, 7, 8, 8], unique_vq_codes: 941, unique_suffix_codes: 941, logdet: 0.0000 
val ---  avg_loss: 0.6742, avg_recon_loss: 0.2653, avg_kl_loss: 0.0000, avg_vq_loss: 0.4089, ppl: 1.0217, acc: 0.9980, vq_inds: [6, 7, 8, 8], unique_vq_codes: 476, unique_suffix_codes: 476, val_unique_suffix_codes: 37 
update best loss 

epoch: 38,  avg_loss: 0.6520, avg_recon_loss: 0.2548, avg_kl_loss: 0.0000, avg_vq_loss: 0.3972, ppl: 1.0209, acc: 0.9985, vq_inds: [6, 7, 8, 8], unique_vq_codes: 965, unique_suffix_codes: 965, logdet: 0.0000 
val ---  avg_loss: 0.6682, avg_recon_loss: 0.2723, avg_kl_loss: 0.0000, avg_vq_loss: 0.3959, ppl: 1.0222, acc: 0.9970, vq_inds: [6, 7, 8, 8], unique_vq_codes: 473, unique_suffix_codes: 473, val_unique_suffix_codes: 32 
update best loss 

epoch: 39,  avg_loss: 1.5498, avg_recon_loss: 1.1162, avg_kl_loss: 0.0000, avg_vq_loss: 0.4336, ppl: 1.0948, acc: 0.9756, vq_inds: [6, 7, 8, 8], unique_vq_codes: 1025, unique_suffix_codes: 1025, logdet: 0.0000 
val ---  avg_loss: 0.9409, avg_recon_loss: 0.4962, avg_kl_loss: 0.0000, avg_vq_loss: 0.4446, ppl: 1.0409, acc: 0.9932, vq_inds: [6, 7, 8, 8], unique_vq_codes: 490, unique_suffix_codes: 490, val_unique_suffix_codes: 26 

epoch: 40,  avg_loss: 1.0783, avg_recon_loss: 0.6401, avg_kl_loss: 0.0000, avg_vq_loss: 0.4382, ppl: 1.0533, acc: 0.9889, vq_inds: [6, 7, 8, 8], unique_vq_codes: 1001, unique_suffix_codes: 1001, logdet: 0.0000 
val ---  avg_loss: 0.8547, avg_recon_loss: 0.4185, avg_kl_loss: 0.0000, avg_vq_loss: 0.4363, ppl: 1.0344, acc: 0.9943, vq_inds: [6, 7, 8, 8], unique_vq_codes: 465, unique_suffix_codes: 465, val_unique_suffix_codes: 33 

epoch: 41,  avg_loss: 1.2619, avg_recon_loss: 0.8264, avg_kl_loss: 0.0000, avg_vq_loss: 0.4355, ppl: 1.0693, acc: 0.9830, vq_inds: [6, 7, 8, 8], unique_vq_codes: 988, unique_suffix_codes: 988, logdet: 0.0000 
val ---  avg_loss: 0.8558, avg_recon_loss: 0.4176, avg_kl_loss: 0.0000, avg_vq_loss: 0.4382, ppl: 1.0343, acc: 0.9945, vq_inds: [6, 7, 8, 8], unique_vq_codes: 476, unique_suffix_codes: 476, val_unique_suffix_codes: 35 

epoch: 42,  avg_loss: 0.7123, avg_recon_loss: 0.2955, avg_kl_loss: 0.0000, avg_vq_loss: 0.4168, ppl: 1.0243, acc: 0.9975, vq_inds: [6, 7, 8, 8], unique_vq_codes: 964, unique_suffix_codes: 964, logdet: 0.0000 
val ---  avg_loss: 0.7173, avg_recon_loss: 0.3148, avg_kl_loss: 0.0000, avg_vq_loss: 0.4026, ppl: 1.0258, acc: 0.9966, vq_inds: [6, 7, 8, 8], unique_vq_codes: 479, unique_suffix_codes: 479, val_unique_suffix_codes: 36 

epoch: 43,  avg_loss: 0.6059, avg_recon_loss: 0.2108, avg_kl_loss: 0.0000, avg_vq_loss: 0.3951, ppl: 1.0172, acc: 0.9990, vq_inds: [6, 7, 8, 8], unique_vq_codes: 956, unique_suffix_codes: 956, logdet: 0.0000 
val ---  avg_loss: 0.6168, avg_recon_loss: 0.2347, avg_kl_loss: 0.0000, avg_vq_loss: 0.3821, ppl: 1.0191, acc: 0.9975, vq_inds: [6, 7, 8, 8], unique_vq_codes: 462, unique_suffix_codes: 462, val_unique_suffix_codes: 34 
update best loss 

epoch: 44,  avg_loss: 0.5407, avg_recon_loss: 0.1667, avg_kl_loss: 0.0000, avg_vq_loss: 0.3741, ppl: 1.0136, acc: 0.9994, vq_inds: [6, 7, 8, 8], unique_vq_codes: 953, unique_suffix_codes: 953, logdet: 0.0000 
val ---  avg_loss: 0.5726, avg_recon_loss: 0.2047, avg_kl_loss: 0.0000, avg_vq_loss: 0.3679, ppl: 1.0167, acc: 0.9978, vq_inds: [6, 7, 8, 8], unique_vq_codes: 471, unique_suffix_codes: 471, val_unique_suffix_codes: 38 
update best loss 

epoch: 45,  avg_loss: 0.5061, avg_recon_loss: 0.1463, avg_kl_loss: 0.0000, avg_vq_loss: 0.3598, ppl: 1.0119, acc: 0.9996, vq_inds: [6, 7, 8, 8], unique_vq_codes: 954, unique_suffix_codes: 954, logdet: 0.0000 
val ---  avg_loss: 0.5469, avg_recon_loss: 0.1939, avg_kl_loss: 0.0000, avg_vq_loss: 0.3530, ppl: 1.0158, acc: 0.9979, vq_inds: [6, 7, 8, 8], unique_vq_codes: 474, unique_suffix_codes: 474, val_unique_suffix_codes: 38 
update best loss 

epoch: 46,  avg_loss: 0.4853, avg_recon_loss: 0.1381, avg_kl_loss: 0.0000, avg_vq_loss: 0.3472, ppl: 1.0113, acc: 0.9995, vq_inds: [6, 7, 8, 8], unique_vq_codes: 965, unique_suffix_codes: 965, logdet: 0.0000 
val ---  avg_loss: 0.5138, avg_recon_loss: 0.1710, avg_kl_loss: 0.0000, avg_vq_loss: 0.3428, ppl: 1.0139, acc: 0.9980, vq_inds: [6, 7, 8, 8], unique_vq_codes: 472, unique_suffix_codes: 472, val_unique_suffix_codes: 33 
update best loss 

epoch: 47,  avg_loss: 0.4603, avg_recon_loss: 0.1271, avg_kl_loss: 0.0000, avg_vq_loss: 0.3333, ppl: 1.0104, acc: 0.9997, vq_inds: [6, 7, 8, 8], unique_vq_codes: 965, unique_suffix_codes: 965, logdet: 0.0000 
val ---  avg_loss: 0.4856, avg_recon_loss: 0.1588, avg_kl_loss: 0.0000, avg_vq_loss: 0.3268, ppl: 1.0129, acc: 0.9984, vq_inds: [6, 7, 8, 8], unique_vq_codes: 465, unique_suffix_codes: 465, val_unique_suffix_codes: 40 
update best loss 

epoch: 48,  avg_loss: 0.4438, avg_recon_loss: 0.1210, avg_kl_loss: 0.0000, avg_vq_loss: 0.3228, ppl: 1.0099, acc: 0.9996, vq_inds: [6, 7, 8, 8], unique_vq_codes: 958, unique_suffix_codes: 958, logdet: 0.0000 
val ---  avg_loss: 0.4739, avg_recon_loss: 0.1544, avg_kl_loss: 0.0000, avg_vq_loss: 0.3196, ppl: 1.0125, acc: 0.9984, vq_inds: [6, 7, 8, 8], unique_vq_codes: 465, unique_suffix_codes: 465, val_unique_suffix_codes: 33 
update best loss 

epoch: 49,  avg_loss: 0.4254, avg_recon_loss: 0.1130, avg_kl_loss: 0.0000, avg_vq_loss: 0.3124, ppl: 1.0092, acc: 0.9997, vq_inds: [6, 7, 8, 8], unique_vq_codes: 960, unique_suffix_codes: 960, logdet: 0.0000 
val ---  avg_loss: 0.4572, avg_recon_loss: 0.1498, avg_kl_loss: 0.0000, avg_vq_loss: 0.3074, ppl: 1.0122, acc: 0.9985, vq_inds: [6, 7, 8, 8], unique_vq_codes: 471, unique_suffix_codes: 471, val_unique_suffix_codes: 37 
update best loss 

epoch: 50,  avg_loss: 0.4067, avg_recon_loss: 0.1043, avg_kl_loss: 0.0000, avg_vq_loss: 0.3024, ppl: 1.0085, acc: 0.9997, vq_inds: [6, 7, 8, 8], unique_vq_codes: 973, unique_suffix_codes: 973, logdet: 0.0000 
val ---  avg_loss: 0.4352, avg_recon_loss: 0.1357, avg_kl_loss: 0.0000, avg_vq_loss: 0.2996, ppl: 1.0110, acc: 0.9988, vq_inds: [6, 7, 8, 8], unique_vq_codes: 478, unique_suffix_codes: 478, val_unique_suffix_codes: 37 
update best loss 

epoch: 51,  avg_loss: 0.3907, avg_recon_loss: 0.0992, avg_kl_loss: 0.0000, avg_vq_loss: 0.2915, ppl: 1.0081, acc: 0.9998, vq_inds: [6, 7, 8, 8], unique_vq_codes: 970, unique_suffix_codes: 970, logdet: 0.0000 
val ---  avg_loss: 0.4252, avg_recon_loss: 0.1352, avg_kl_loss: 0.0000, avg_vq_loss: 0.2899, ppl: 1.0110, acc: 0.9985, vq_inds: [6, 7, 8, 8], unique_vq_codes: 478, unique_suffix_codes: 478, val_unique_suffix_codes: 36 
update best loss 

epoch: 52,  avg_loss: 0.4336, avg_recon_loss: 0.1429, avg_kl_loss: 0.0000, avg_vq_loss: 0.2907, ppl: 1.0117, acc: 0.9989, vq_inds: [6, 7, 8, 8], unique_vq_codes: 995, unique_suffix_codes: 995, logdet: 0.0000 
val ---  avg_loss: 0.4393, avg_recon_loss: 0.1440, avg_kl_loss: 0.0000, avg_vq_loss: 0.2953, ppl: 1.0117, acc: 0.9985, vq_inds: [6, 7, 8, 8], unique_vq_codes: 490, unique_suffix_codes: 490, val_unique_suffix_codes: 31 

epoch: 53,  avg_loss: 0.4418, avg_recon_loss: 0.1458, avg_kl_loss: 0.0000, avg_vq_loss: 0.2959, ppl: 1.0119, acc: 0.9988, vq_inds: [6, 7, 8, 8], unique_vq_codes: 1002, unique_suffix_codes: 1002, logdet: 0.0000 
val ---  avg_loss: 0.4483, avg_recon_loss: 0.1605, avg_kl_loss: 0.0000, avg_vq_loss: 0.2878, ppl: 1.0131, acc: 0.9980, vq_inds: [6, 7, 8, 8], unique_vq_codes: 483, unique_suffix_codes: 483, val_unique_suffix_codes: 35 

epoch: 54,  avg_loss: 1.2292, avg_recon_loss: 0.8898, avg_kl_loss: 0.0000, avg_vq_loss: 0.3393, ppl: 1.0748, acc: 0.9794, vq_inds: [6, 7, 8, 8], unique_vq_codes: 1051, unique_suffix_codes: 1051, logdet: 0.0000 
val ---  avg_loss: 0.7683, avg_recon_loss: 0.4139, avg_kl_loss: 0.0000, avg_vq_loss: 0.3545, ppl: 1.0340, acc: 0.9925, vq_inds: [6, 7, 8, 8], unique_vq_codes: 509, unique_suffix_codes: 509, val_unique_suffix_codes: 53 

epoch: 55,  avg_loss: 0.6013, avg_recon_loss: 0.2561, avg_kl_loss: 0.0000, avg_vq_loss: 0.3453, ppl: 1.0210, acc: 0.9964, vq_inds: [6, 7, 8, 8], unique_vq_codes: 1035, unique_suffix_codes: 1035, logdet: 0.0000 
val ---  avg_loss: 0.5366, avg_recon_loss: 0.2015, avg_kl_loss: 0.0000, avg_vq_loss: 0.3351, ppl: 1.0164, acc: 0.9968, vq_inds: [6, 7, 8, 8], unique_vq_codes: 491, unique_suffix_codes: 491, val_unique_suffix_codes: 36 

epoch: 56,  avg_loss: 0.4737, avg_recon_loss: 0.1512, avg_kl_loss: 0.0000, avg_vq_loss: 0.3225, ppl: 1.0123, acc: 0.9987, vq_inds: [6, 7, 8, 8], unique_vq_codes: 1036, unique_suffix_codes: 1036, logdet: 0.0000 
val ---  avg_loss: 0.4691, avg_recon_loss: 0.1574, avg_kl_loss: 0.0000, avg_vq_loss: 0.3116, ppl: 1.0128, acc: 0.9980, vq_inds: [6, 7, 8, 8], unique_vq_codes: 477, unique_suffix_codes: 477, val_unique_suffix_codes: 20 

epoch: 57,  avg_loss: 0.4082, avg_recon_loss: 0.1026, avg_kl_loss: 0.0000, avg_vq_loss: 0.3056, ppl: 1.0084, acc: 0.9996, vq_inds: [6, 7, 8, 8], unique_vq_codes: 1022, unique_suffix_codes: 1022, logdet: 0.0000 
val ---  avg_loss: 0.4203, avg_recon_loss: 0.1255, avg_kl_loss: 0.0000, avg_vq_loss: 0.2948, ppl: 1.0102, acc: 0.9986, vq_inds: [6, 7, 8, 8], unique_vq_codes: 486, unique_suffix_codes: 486, val_unique_suffix_codes: 29 
update best loss 

epoch: 58,  avg_loss: 0.3678, avg_recon_loss: 0.0804, avg_kl_loss: 0.0000, avg_vq_loss: 0.2874, ppl: 1.0065, acc: 0.9998, vq_inds: [6, 7, 8, 8], unique_vq_codes: 1024, unique_suffix_codes: 1024, logdet: 0.0000 
val ---  avg_loss: 0.3980, avg_recon_loss: 0.1158, avg_kl_loss: 0.0000, avg_vq_loss: 0.2822, ppl: 1.0094, acc: 0.9986, vq_inds: [6, 7, 8, 8], unique_vq_codes: 486, unique_suffix_codes: 486, val_unique_suffix_codes: 29 
update best loss 

epoch: 59,  avg_loss: 0.3466, avg_recon_loss: 0.0719, avg_kl_loss: 0.0000, avg_vq_loss: 0.2748, ppl: 1.0058, acc: 0.9998, vq_inds: [6, 7, 8, 8], unique_vq_codes: 1017, unique_suffix_codes: 1017, logdet: 0.0000 
val ---  avg_loss: 0.3784, avg_recon_loss: 0.1097, avg_kl_loss: 0.0000, avg_vq_loss: 0.2687, ppl: 1.0089, acc: 0.9988, vq_inds: [6, 7, 8, 8], unique_vq_codes: 488, unique_suffix_codes: 488, val_unique_suffix_codes: 30 
update best loss 

epoch: 60,  avg_loss: 0.3299, avg_recon_loss: 0.0671, avg_kl_loss: 0.0000, avg_vq_loss: 0.2628, ppl: 1.0055, acc: 0.9999, vq_inds: [6, 7, 8, 8], unique_vq_codes: 1015, unique_suffix_codes: 1015, logdet: 0.0000 
val ---  avg_loss: 0.3734, avg_recon_loss: 0.1161, avg_kl_loss: 0.0000, avg_vq_loss: 0.2573, ppl: 1.0094, acc: 0.9986, vq_inds: [6, 7, 8, 8], unique_vq_codes: 480, unique_suffix_codes: 480, val_unique_suffix_codes: 32 
update best loss 

epoch: 61,  avg_loss: 0.3172, avg_recon_loss: 0.0640, avg_kl_loss: 0.0000, avg_vq_loss: 0.2531, ppl: 1.0052, acc: 0.9998, vq_inds: [6, 7, 8, 8], unique_vq_codes: 1007, unique_suffix_codes: 1007, logdet: 0.0000 
val ---  avg_loss: 0.3515, avg_recon_loss: 0.1014, avg_kl_loss: 0.0000, avg_vq_loss: 0.2501, ppl: 1.0082, acc: 0.9989, vq_inds: [6, 7, 8, 8], unique_vq_codes: 478, unique_suffix_codes: 478, val_unique_suffix_codes: 30 
update best loss 

epoch: 62,  avg_loss: 0.3038, avg_recon_loss: 0.0605, avg_kl_loss: 0.0000, avg_vq_loss: 0.2433, ppl: 1.0049, acc: 0.9999, vq_inds: [6, 7, 8, 8], unique_vq_codes: 1006, unique_suffix_codes: 1006, logdet: 0.0000 
val ---  avg_loss: 0.3413, avg_recon_loss: 0.1009, avg_kl_loss: 0.0000, avg_vq_loss: 0.2404, ppl: 1.0082, acc: 0.9988, vq_inds: [6, 7, 8, 8], unique_vq_codes: 483, unique_suffix_codes: 483, val_unique_suffix_codes: 32 
update best loss 

epoch: 63,  avg_loss: 0.2940, avg_recon_loss: 0.0582, avg_kl_loss: 0.0000, avg_vq_loss: 0.2359, ppl: 1.0047, acc: 0.9999, vq_inds: [6, 7, 8, 8], unique_vq_codes: 1013, unique_suffix_codes: 1013, logdet: 0.0000 
val ---  avg_loss: 0.3246, avg_recon_loss: 0.0931, avg_kl_loss: 0.0000, avg_vq_loss: 0.2315, ppl: 1.0075, acc: 0.9989, vq_inds: [6, 7, 8, 8], unique_vq_codes: 492, unique_suffix_codes: 492, val_unique_suffix_codes: 31 
update best loss 

epoch: 64,  avg_loss: 0.2809, avg_recon_loss: 0.0545, avg_kl_loss: 0.0000, avg_vq_loss: 0.2264, ppl: 1.0044, acc: 0.9999, vq_inds: [6, 7, 8, 8], unique_vq_codes: 1008, unique_suffix_codes: 1008, logdet: 0.0000 
val ---  avg_loss: 0.3161, avg_recon_loss: 0.0916, avg_kl_loss: 0.0000, avg_vq_loss: 0.2245, ppl: 1.0074, acc: 0.9989, vq_inds: [6, 7, 8, 8], unique_vq_codes: 487, unique_suffix_codes: 487, val_unique_suffix_codes: 31 
update best loss 

epoch: 65,  avg_loss: 0.2767, avg_recon_loss: 0.0554, avg_kl_loss: 0.0000, avg_vq_loss: 0.2213, ppl: 1.0045, acc: 0.9999, vq_inds: [6, 7, 8, 8], unique_vq_codes: 1020, unique_suffix_codes: 1020, logdet: 0.0000 
val ---  avg_loss: 0.3179, avg_recon_loss: 0.0971, avg_kl_loss: 0.0000, avg_vq_loss: 0.2208, ppl: 1.0079, acc: 0.9986, vq_inds: [6, 7, 8, 8], unique_vq_codes: 488, unique_suffix_codes: 488, val_unique_suffix_codes: 35 

epoch: 66,  avg_loss: 0.3982, avg_recon_loss: 0.1627, avg_kl_loss: 0.0000, avg_vq_loss: 0.2355, ppl: 1.0133, acc: 0.9976, vq_inds: [6, 7, 8, 8], unique_vq_codes: 1045, unique_suffix_codes: 1045, logdet: 0.0000 
val ---  avg_loss: 0.3989, avg_recon_loss: 0.1507, avg_kl_loss: 0.0000, avg_vq_loss: 0.2482, ppl: 1.0123, acc: 0.9975, vq_inds: [6, 7, 8, 8], unique_vq_codes: 507, unique_suffix_codes: 507, val_unique_suffix_codes: 44 

epoch: 67,  avg_loss: 0.6780, avg_recon_loss: 0.4112, avg_kl_loss: 0.0000, avg_vq_loss: 0.2668, ppl: 1.0339, acc: 0.9913, vq_inds: [6, 7, 8, 8], unique_vq_codes: 1054, unique_suffix_codes: 1054, logdet: 0.0000 
val ---  avg_loss: 0.5479, avg_recon_loss: 0.2719, avg_kl_loss: 0.0000, avg_vq_loss: 0.2760, ppl: 1.0222, acc: 0.9946, vq_inds: [6, 7, 8, 8], unique_vq_codes: 518, unique_suffix_codes: 518, val_unique_suffix_codes: 46 

epoch: 68,  avg_loss: 0.8912, avg_recon_loss: 0.5946, avg_kl_loss: 0.0000, avg_vq_loss: 0.2966, ppl: 1.0494, acc: 0.9861, vq_inds: [6, 7, 8, 8], unique_vq_codes: 1062, unique_suffix_codes: 1062, logdet: 0.0000 
val ---  avg_loss: 0.5319, avg_recon_loss: 0.2321, avg_kl_loss: 0.0000, avg_vq_loss: 0.2997, ppl: 1.0189, acc: 0.9958, vq_inds: [6, 7, 8, 8], unique_vq_codes: 509, unique_suffix_codes: 509, val_unique_suffix_codes: 44 

epoch: 69,  avg_loss: 0.4017, avg_recon_loss: 0.1212, avg_kl_loss: 0.0000, avg_vq_loss: 0.2805, ppl: 1.0099, acc: 0.9989, vq_inds: [6, 7, 8, 8], unique_vq_codes: 1038, unique_suffix_codes: 1038, logdet: 0.0000 
val ---  avg_loss: 0.4528, avg_recon_loss: 0.1833, avg_kl_loss: 0.0000, avg_vq_loss: 0.2695, ppl: 1.0149, acc: 0.9971, vq_inds: [6, 7, 8, 8], unique_vq_codes: 513, unique_suffix_codes: 513, val_unique_suffix_codes: 42 

epoch: 70,  avg_loss: 0.3465, avg_recon_loss: 0.0861, avg_kl_loss: 0.0000, avg_vq_loss: 0.2604, ppl: 1.0070, acc: 0.9993, vq_inds: [6, 7, 8, 8], unique_vq_codes: 1034, unique_suffix_codes: 1034, logdet: 0.0000 
val ---  avg_loss: 0.3620, avg_recon_loss: 0.1052, avg_kl_loss: 0.0000, avg_vq_loss: 0.2568, ppl: 1.0085, acc: 0.9987, vq_inds: [6, 7, 8, 8], unique_vq_codes: 514, unique_suffix_codes: 514, val_unique_suffix_codes: 46 

epoch: 71,  avg_loss: 0.2992, avg_recon_loss: 0.0539, avg_kl_loss: 0.0000, avg_vq_loss: 0.2453, ppl: 1.0044, acc: 0.9998, vq_inds: [6, 7, 8, 8], unique_vq_codes: 1043, unique_suffix_codes: 1043, logdet: 0.0000 
val ---  avg_loss: 0.3249, avg_recon_loss: 0.0885, avg_kl_loss: 0.0000, avg_vq_loss: 0.2364, ppl: 1.0072, acc: 0.9989, vq_inds: [6, 7, 8, 8], unique_vq_codes: 502, unique_suffix_codes: 502, val_unique_suffix_codes: 43 

epoch: 72,  avg_loss: 0.2765, avg_recon_loss: 0.0458, avg_kl_loss: 0.0000, avg_vq_loss: 0.2307, ppl: 1.0037, acc: 0.9999, vq_inds: [6, 7, 8, 8], unique_vq_codes: 1044, unique_suffix_codes: 1044, logdet: 0.0000 
val ---  avg_loss: 0.3087, avg_recon_loss: 0.0840, avg_kl_loss: 0.0000, avg_vq_loss: 0.2248, ppl: 1.0068, acc: 0.9989, vq_inds: [6, 7, 8, 8], unique_vq_codes: 498, unique_suffix_codes: 498, val_unique_suffix_codes: 40 
update best loss 

epoch: 73,  avg_loss: 0.2595, avg_recon_loss: 0.0407, avg_kl_loss: 0.0000, avg_vq_loss: 0.2188, ppl: 1.0033, acc: 0.9999, vq_inds: [6, 7, 8, 8], unique_vq_codes: 1039, unique_suffix_codes: 1039, logdet: 0.0000 
val ---  avg_loss: 0.2901, avg_recon_loss: 0.0767, avg_kl_loss: 0.0000, avg_vq_loss: 0.2134, ppl: 1.0062, acc: 0.9990, vq_inds: [6, 7, 8, 8], unique_vq_codes: 503, unique_suffix_codes: 503, val_unique_suffix_codes: 41 
update best loss 

epoch: 74,  avg_loss: 0.2479, avg_recon_loss: 0.0386, avg_kl_loss: 0.0000, avg_vq_loss: 0.2093, ppl: 1.0031, acc: 1.0000, vq_inds: [6, 7, 8, 8], unique_vq_codes: 1036, unique_suffix_codes: 1036, logdet: 0.0000 
val ---  avg_loss: 0.2786, avg_recon_loss: 0.0731, avg_kl_loss: 0.0000, avg_vq_loss: 0.2055, ppl: 1.0059, acc: 0.9991, vq_inds: [6, 7, 8, 8], unique_vq_codes: 496, unique_suffix_codes: 496, val_unique_suffix_codes: 40 
update best loss 

epoch: 75,  avg_loss: 0.2384, avg_recon_loss: 0.0365, avg_kl_loss: 0.0000, avg_vq_loss: 0.2019, ppl: 1.0030, acc: 1.0000, vq_inds: [6, 7, 8, 8], unique_vq_codes: 1042, unique_suffix_codes: 1042, logdet: 0.0000 
val ---  avg_loss: 0.2729, avg_recon_loss: 0.0750, avg_kl_loss: 0.0000, avg_vq_loss: 0.1979, ppl: 1.0061, acc: 0.9990, vq_inds: [6, 7, 8, 8], unique_vq_codes: 505, unique_suffix_codes: 505, val_unique_suffix_codes: 37 
update best loss 

epoch: 76,  avg_loss: 0.2304, avg_recon_loss: 0.0354, avg_kl_loss: 0.0000, avg_vq_loss: 0.1950, ppl: 1.0029, acc: 0.9999, vq_inds: [6, 7, 8, 8], unique_vq_codes: 1035, unique_suffix_codes: 1035, logdet: 0.0000 
val ---  avg_loss: 0.2667, avg_recon_loss: 0.0741, avg_kl_loss: 0.0000, avg_vq_loss: 0.1926, ppl: 1.0060, acc: 0.9990, vq_inds: [6, 7, 8, 8], unique_vq_codes: 504, unique_suffix_codes: 504, val_unique_suffix_codes: 39 
update best loss 

epoch: 77,  avg_loss: 0.2240, avg_recon_loss: 0.0352, avg_kl_loss: 0.0000, avg_vq_loss: 0.1888, ppl: 1.0029, acc: 0.9999, vq_inds: [6, 7, 8, 8], unique_vq_codes: 1032, unique_suffix_codes: 1032, logdet: 0.0000 
val ---  avg_loss: 0.2512, avg_recon_loss: 0.0649, avg_kl_loss: 0.0000, avg_vq_loss: 0.1863, ppl: 1.0053, acc: 0.9990, vq_inds: [6, 7, 8, 8], unique_vq_codes: 502, unique_suffix_codes: 502, val_unique_suffix_codes: 41 
update best loss 

epoch: 78,  avg_loss: 0.2129, avg_recon_loss: 0.0309, avg_kl_loss: 0.0000, avg_vq_loss: 0.1820, ppl: 1.0025, acc: 1.0000, vq_inds: [6, 7, 8, 8], unique_vq_codes: 1027, unique_suffix_codes: 1027, logdet: 0.0000 
val ---  avg_loss: 0.2473, avg_recon_loss: 0.0682, avg_kl_loss: 0.0000, avg_vq_loss: 0.1791, ppl: 1.0055, acc: 0.9990, vq_inds: [6, 7, 8, 8], unique_vq_codes: 505, unique_suffix_codes: 505, val_unique_suffix_codes: 38 
update best loss 

epoch: 79,  avg_loss: 0.2065, avg_recon_loss: 0.0305, avg_kl_loss: 0.0000, avg_vq_loss: 0.1760, ppl: 1.0025, acc: 1.0000, vq_inds: [6, 7, 8, 8], unique_vq_codes: 1041, unique_suffix_codes: 1041, logdet: 0.0000 
val ---  avg_loss: 0.2458, avg_recon_loss: 0.0727, avg_kl_loss: 0.0000, avg_vq_loss: 0.1731, ppl: 1.0059, acc: 0.9990, vq_inds: [6, 7, 8, 8], unique_vq_codes: 498, unique_suffix_codes: 498, val_unique_suffix_codes: 36 
update best loss 

epoch: 80,  avg_loss: 0.1987, avg_recon_loss: 0.0289, avg_kl_loss: 0.0000, avg_vq_loss: 0.1697, ppl: 1.0023, acc: 1.0000, vq_inds: [6, 7, 8, 8], unique_vq_codes: 1041, unique_suffix_codes: 1041, logdet: 0.0000 
val ---  avg_loss: 0.2348, avg_recon_loss: 0.0664, avg_kl_loss: 0.0000, avg_vq_loss: 0.1684, ppl: 1.0054, acc: 0.9990, vq_inds: [6, 7, 8, 8], unique_vq_codes: 500, unique_suffix_codes: 500, val_unique_suffix_codes: 35 
update best loss 

epoch: 81,  avg_loss: 0.1981, avg_recon_loss: 0.0325, avg_kl_loss: 0.0000, avg_vq_loss: 0.1656, ppl: 1.0026, acc: 0.9999, vq_inds: [6, 7, 8, 8], unique_vq_codes: 1040, unique_suffix_codes: 1040, logdet: 0.0000 
val ---  avg_loss: 0.2343, avg_recon_loss: 0.0677, avg_kl_loss: 0.0000, avg_vq_loss: 0.1666, ppl: 1.0055, acc: 0.9989, vq_inds: [6, 7, 8, 8], unique_vq_codes: 500, unique_suffix_codes: 500, val_unique_suffix_codes: 37 
update best loss 

epoch: 82,  avg_loss: 0.2152, avg_recon_loss: 0.0474, avg_kl_loss: 0.0000, avg_vq_loss: 0.1678, ppl: 1.0039, acc: 0.9995, vq_inds: [6, 7, 8, 8], unique_vq_codes: 1055, unique_suffix_codes: 1055, logdet: 0.0000 
val ---  avg_loss: 0.2522, avg_recon_loss: 0.0818, avg_kl_loss: 0.0000, avg_vq_loss: 0.1703, ppl: 1.0066, acc: 0.9987, vq_inds: [6, 7, 8, 8], unique_vq_codes: 508, unique_suffix_codes: 508, val_unique_suffix_codes: 36 

epoch: 83,  avg_loss: 0.2277, avg_recon_loss: 0.0568, avg_kl_loss: 0.0000, avg_vq_loss: 0.1708, ppl: 1.0046, acc: 0.9994, vq_inds: [6, 7, 8, 8], unique_vq_codes: 1066, unique_suffix_codes: 1066, logdet: 0.0000 
val ---  avg_loss: 0.2682, avg_recon_loss: 0.0980, avg_kl_loss: 0.0000, avg_vq_loss: 0.1702, ppl: 1.0080, acc: 0.9983, vq_inds: [6, 7, 8, 8], unique_vq_codes: 509, unique_suffix_codes: 509, val_unique_suffix_codes: 38 

epoch: 84,  avg_loss: 0.2362, avg_recon_loss: 0.0656, avg_kl_loss: 0.0000, avg_vq_loss: 0.1707, ppl: 1.0053, acc: 0.9992, vq_inds: [6, 7, 8, 8], unique_vq_codes: 1078, unique_suffix_codes: 1078, logdet: 0.0000 
val ---  avg_loss: 0.3183, avg_recon_loss: 0.1483, avg_kl_loss: 0.0000, avg_vq_loss: 0.1700, ppl: 1.0121, acc: 0.9973, vq_inds: [6, 7, 8, 8], unique_vq_codes: 506, unique_suffix_codes: 506, val_unique_suffix_codes: 38 

epoch: 85,  avg_loss: 1.1156, avg_recon_loss: 0.8857, avg_kl_loss: 0.0000, avg_vq_loss: 0.2298, ppl: 1.0745, acc: 0.9780, vq_inds: [6, 7, 8, 8], unique_vq_codes: 1147, unique_suffix_codes: 1147, logdet: 0.0000 
val ---  avg_loss: 0.8830, avg_recon_loss: 0.6252, avg_kl_loss: 0.0000, avg_vq_loss: 0.2577, ppl: 1.0518, acc: 0.9845, vq_inds: [6, 7, 8, 8], unique_vq_codes: 544, unique_suffix_codes: 544, val_unique_suffix_codes: 37 

epoch: 86,  avg_loss: 0.9618, avg_recon_loss: 0.6979, avg_kl_loss: 0.0000, avg_vq_loss: 0.2639, ppl: 1.0582, acc: 0.9826, vq_inds: [6, 7, 8, 8], unique_vq_codes: 1105, unique_suffix_codes: 1105, logdet: 0.0000 
val ---  avg_loss: 0.4892, avg_recon_loss: 0.2294, avg_kl_loss: 0.0000, avg_vq_loss: 0.2598, ppl: 1.0187, acc: 0.9958, vq_inds: [6, 7, 8, 8], unique_vq_codes: 540, unique_suffix_codes: 540, val_unique_suffix_codes: 37 

epoch: 87,  avg_loss: 0.4183, avg_recon_loss: 0.1697, avg_kl_loss: 0.0000, avg_vq_loss: 0.2486, ppl: 1.0139, acc: 0.9972, vq_inds: [6, 7, 8, 8], unique_vq_codes: 1095, unique_suffix_codes: 1095, logdet: 0.0000 
val ---  avg_loss: 0.5556, avg_recon_loss: 0.3251, avg_kl_loss: 0.0000, avg_vq_loss: 0.2305, ppl: 1.0266, acc: 0.9932, vq_inds: [6, 7, 8, 8], unique_vq_codes: 533, unique_suffix_codes: 533, val_unique_suffix_codes: 46 

epoch: 88,  avg_loss: 0.3854, avg_recon_loss: 0.1488, avg_kl_loss: 0.0000, avg_vq_loss: 0.2366, ppl: 1.0121, acc: 0.9977, vq_inds: [6, 7, 8, 8], unique_vq_codes: 1110, unique_suffix_codes: 1110, logdet: 0.0000 
val ---  avg_loss: 0.3511, avg_recon_loss: 0.1174, avg_kl_loss: 0.0000, avg_vq_loss: 0.2337, ppl: 1.0095, acc: 0.9985, vq_inds: [6, 7, 8, 8], unique_vq_codes: 537, unique_suffix_codes: 537, val_unique_suffix_codes: 43 

epoch: 89,  avg_loss: 0.2800, avg_recon_loss: 0.0608, avg_kl_loss: 0.0000, avg_vq_loss: 0.2192, ppl: 1.0049, acc: 0.9995, vq_inds: [6, 7, 8, 8], unique_vq_codes: 1094, unique_suffix_codes: 1094, logdet: 0.0000 
val ---  avg_loss: 0.3064, avg_recon_loss: 0.0940, avg_kl_loss: 0.0000, avg_vq_loss: 0.2124, ppl: 1.0076, acc: 0.9988, vq_inds: [6, 7, 8, 8], unique_vq_codes: 539, unique_suffix_codes: 539, val_unique_suffix_codes: 38 

epoch: 90,  avg_loss: 0.2456, avg_recon_loss: 0.0390, avg_kl_loss: 0.0000, avg_vq_loss: 0.2066, ppl: 1.0032, acc: 0.9999, vq_inds: [6, 7, 8, 8], unique_vq_codes: 1088, unique_suffix_codes: 1088, logdet: 0.0000 
val ---  avg_loss: 0.2869, avg_recon_loss: 0.0841, avg_kl_loss: 0.0000, avg_vq_loss: 0.2028, ppl: 1.0068, acc: 0.9989, vq_inds: [6, 7, 8, 8], unique_vq_codes: 541, unique_suffix_codes: 541, val_unique_suffix_codes: 43 

epoch: 91,  avg_loss: 0.2305, avg_recon_loss: 0.0330, avg_kl_loss: 0.0000, avg_vq_loss: 0.1976, ppl: 1.0027, acc: 0.9999, vq_inds: [6, 7, 8, 8], unique_vq_codes: 1079, unique_suffix_codes: 1079, logdet: 0.0000 
val ---  avg_loss: 0.2723, avg_recon_loss: 0.0778, avg_kl_loss: 0.0000, avg_vq_loss: 0.1946, ppl: 1.0063, acc: 0.9990, vq_inds: [6, 7, 8, 8], unique_vq_codes: 536, unique_suffix_codes: 536, val_unique_suffix_codes: 38 

epoch: 92,  avg_loss: 0.2182, avg_recon_loss: 0.0296, avg_kl_loss: 0.0000, avg_vq_loss: 0.1886, ppl: 1.0024, acc: 1.0000, vq_inds: [6, 7, 8, 8], unique_vq_codes: 1085, unique_suffix_codes: 1085, logdet: 0.0000 
val ---  avg_loss: 0.2620, avg_recon_loss: 0.0753, avg_kl_loss: 0.0000, avg_vq_loss: 0.1867, ppl: 1.0061, acc: 0.9989, vq_inds: [6, 7, 8, 8], unique_vq_codes: 544, unique_suffix_codes: 544, val_unique_suffix_codes: 33 

epoch: 93,  avg_loss: 0.2082, avg_recon_loss: 0.0271, avg_kl_loss: 0.0000, avg_vq_loss: 0.1811, ppl: 1.0022, acc: 0.9999, vq_inds: [6, 7, 8, 8], unique_vq_codes: 1086, unique_suffix_codes: 1086, logdet: 0.0000 
val ---  avg_loss: 0.2513, avg_recon_loss: 0.0732, avg_kl_loss: 0.0000, avg_vq_loss: 0.1781, ppl: 1.0059, acc: 0.9991, vq_inds: [6, 7, 8, 8], unique_vq_codes: 543, unique_suffix_codes: 543, val_unique_suffix_codes: 37 

epoch: 94,  avg_loss: 0.2016, avg_recon_loss: 0.0271, avg_kl_loss: 0.0000, avg_vq_loss: 0.1745, ppl: 1.0022, acc: 0.9999, vq_inds: [6, 7, 8, 8], unique_vq_codes: 1078, unique_suffix_codes: 1078, logdet: 0.0000 
val ---  avg_loss: 0.2450, avg_recon_loss: 0.0718, avg_kl_loss: 0.0000, avg_vq_loss: 0.1732, ppl: 1.0058, acc: 0.9990, vq_inds: [6, 7, 8, 8], unique_vq_codes: 538, unique_suffix_codes: 538, val_unique_suffix_codes: 39 

epoch: 95,  avg_loss: 0.1934, avg_recon_loss: 0.0247, avg_kl_loss: 0.0000, avg_vq_loss: 0.1687, ppl: 1.0020, acc: 1.0000, vq_inds: [6, 7, 8, 8], unique_vq_codes: 1086, unique_suffix_codes: 1086, logdet: 0.0000 
val ---  avg_loss: 0.2363, avg_recon_loss: 0.0697, avg_kl_loss: 0.0000, avg_vq_loss: 0.1665, ppl: 1.0056, acc: 0.9990, vq_inds: [6, 7, 8, 8], unique_vq_codes: 540, unique_suffix_codes: 540, val_unique_suffix_codes: 39 

epoch: 96,  avg_loss: 0.1864, avg_recon_loss: 0.0230, avg_kl_loss: 0.0000, avg_vq_loss: 0.1634, ppl: 1.0019, acc: 1.0000, vq_inds: [6, 7, 8, 8], unique_vq_codes: 1083, unique_suffix_codes: 1083, logdet: 0.0000 
val ---  avg_loss: 0.2281, avg_recon_loss: 0.0666, avg_kl_loss: 0.0000, avg_vq_loss: 0.1615, ppl: 1.0054, acc: 0.9992, vq_inds: [6, 7, 8, 8], unique_vq_codes: 541, unique_suffix_codes: 541, val_unique_suffix_codes: 40 
update best loss 

epoch: 97,  avg_loss: 0.1801, avg_recon_loss: 0.0220, avg_kl_loss: 0.0000, avg_vq_loss: 0.1582, ppl: 1.0018, acc: 1.0000, vq_inds: [6, 7, 8, 8], unique_vq_codes: 1098, unique_suffix_codes: 1098, logdet: 0.0000 
val ---  avg_loss: 0.2203, avg_recon_loss: 0.0637, avg_kl_loss: 0.0000, avg_vq_loss: 0.1567, ppl: 1.0052, acc: 0.9990, vq_inds: [6, 7, 8, 8], unique_vq_codes: 541, unique_suffix_codes: 541, val_unique_suffix_codes: 44 
update best loss 

epoch: 98,  avg_loss: 0.1742, avg_recon_loss: 0.0213, avg_kl_loss: 0.0000, avg_vq_loss: 0.1528, ppl: 1.0017, acc: 1.0000, vq_inds: [6, 7, 8, 8], unique_vq_codes: 1100, unique_suffix_codes: 1100, logdet: 0.0000 
val ---  avg_loss: 0.2171, avg_recon_loss: 0.0659, avg_kl_loss: 0.0000, avg_vq_loss: 0.1512, ppl: 1.0053, acc: 0.9989, vq_inds: [6, 7, 8, 8], unique_vq_codes: 544, unique_suffix_codes: 544, val_unique_suffix_codes: 41 
update best loss 

epoch: 99,  avg_loss: 0.1689, avg_recon_loss: 0.0207, avg_kl_loss: 0.0000, avg_vq_loss: 0.1481, ppl: 1.0017, acc: 1.0000, vq_inds: [6, 7, 8, 8], unique_vq_codes: 1091, unique_suffix_codes: 1091, logdet: 0.0000 
val ---  avg_loss: 0.2132, avg_recon_loss: 0.0685, avg_kl_loss: 0.0000, avg_vq_loss: 0.1446, ppl: 1.0056, acc: 0.9989, vq_inds: [6, 7, 8, 8], unique_vq_codes: 549, unique_suffix_codes: 549, val_unique_suffix_codes: 42 
update best loss 

epoch: 100,  avg_loss: 0.1640, avg_recon_loss: 0.0201, avg_kl_loss: 0.0000, avg_vq_loss: 0.1439, ppl: 1.0016, acc: 1.0000, vq_inds: [6, 7, 8, 8], unique_vq_codes: 1104, unique_suffix_codes: 1104, logdet: 0.0000 
val ---  avg_loss: 0.2048, avg_recon_loss: 0.0622, avg_kl_loss: 0.0000, avg_vq_loss: 0.1427, ppl: 1.0050, acc: 0.9989, vq_inds: [6, 7, 8, 8], unique_vq_codes: 545, unique_suffix_codes: 545, val_unique_suffix_codes: 44 
update best loss 

epoch: 101,  avg_loss: 0.1610, avg_recon_loss: 0.0205, avg_kl_loss: 0.0000, avg_vq_loss: 0.1406, ppl: 1.0017, acc: 0.9999, vq_inds: [6, 7, 8, 8], unique_vq_codes: 1122, unique_suffix_codes: 1122, logdet: 0.0000 
val ---  avg_loss: 0.2010, avg_recon_loss: 0.0622, avg_kl_loss: 0.0000, avg_vq_loss: 0.1388, ppl: 1.0050, acc: 0.9989, vq_inds: [6, 7, 8, 8], unique_vq_codes: 559, unique_suffix_codes: 559, val_unique_suffix_codes: 47 
update best loss 

epoch: 102,  avg_loss: 0.1553, avg_recon_loss: 0.0187, avg_kl_loss: 0.0000, avg_vq_loss: 0.1367, ppl: 1.0015, acc: 1.0000, vq_inds: [6, 7, 8, 8], unique_vq_codes: 1131, unique_suffix_codes: 1131, logdet: 0.0000 
val ---  avg_loss: 0.1983, avg_recon_loss: 0.0629, avg_kl_loss: 0.0000, avg_vq_loss: 0.1354, ppl: 1.0051, acc: 0.9991, vq_inds: [6, 7, 8, 8], unique_vq_codes: 562, unique_suffix_codes: 562, val_unique_suffix_codes: 42 
update best loss 

epoch: 103,  avg_loss: 0.1572, avg_recon_loss: 0.0226, avg_kl_loss: 0.0000, avg_vq_loss: 0.1346, ppl: 1.0018, acc: 0.9999, vq_inds: [6, 7, 8, 8], unique_vq_codes: 1137, unique_suffix_codes: 1137, logdet: 0.0000 
val ---  avg_loss: 0.2048, avg_recon_loss: 0.0686, avg_kl_loss: 0.0000, avg_vq_loss: 0.1362, ppl: 1.0056, acc: 0.9989, vq_inds: [6, 7, 8, 8], unique_vq_codes: 557, unique_suffix_codes: 557, val_unique_suffix_codes: 38 

epoch: 104,  avg_loss: 0.1529, avg_recon_loss: 0.0202, avg_kl_loss: 0.0000, avg_vq_loss: 0.1328, ppl: 1.0016, acc: 1.0000, vq_inds: [6, 7, 8, 8], unique_vq_codes: 1145, unique_suffix_codes: 1145, logdet: 0.0000 
val ---  avg_loss: 0.1911, avg_recon_loss: 0.0604, avg_kl_loss: 0.0000, avg_vq_loss: 0.1307, ppl: 1.0049, acc: 0.9990, vq_inds: [6, 7, 8, 8], unique_vq_codes: 565, unique_suffix_codes: 565, val_unique_suffix_codes: 40 
update best loss 

epoch: 105,  avg_loss: 0.1465, avg_recon_loss: 0.0178, avg_kl_loss: 0.0000, avg_vq_loss: 0.1287, ppl: 1.0014, acc: 1.0000, vq_inds: [6, 7, 8, 8], unique_vq_codes: 1154, unique_suffix_codes: 1154, logdet: 0.0000 
val ---  avg_loss: 0.1877, avg_recon_loss: 0.0623, avg_kl_loss: 0.0000, avg_vq_loss: 0.1254, ppl: 1.0050, acc: 0.9991, vq_inds: [6, 7, 8, 8], unique_vq_codes: 560, unique_suffix_codes: 560, val_unique_suffix_codes: 37 
update best loss 

epoch: 106,  avg_loss: 0.1402, avg_recon_loss: 0.0164, avg_kl_loss: 0.0000, avg_vq_loss: 0.1238, ppl: 1.0013, acc: 1.0000, vq_inds: [6, 7, 8, 8], unique_vq_codes: 1164, unique_suffix_codes: 1164, logdet: 0.0000 
val ---  avg_loss: 0.1847, avg_recon_loss: 0.0627, avg_kl_loss: 0.0000, avg_vq_loss: 0.1220, ppl: 1.0051, acc: 0.9989, vq_inds: [6, 7, 8, 8], unique_vq_codes: 572, unique_suffix_codes: 572, val_unique_suffix_codes: 38 
update best loss 

epoch: 107,  avg_loss: 0.1408, avg_recon_loss: 0.0190, avg_kl_loss: 0.0000, avg_vq_loss: 0.1217, ppl: 1.0015, acc: 0.9999, vq_inds: [6, 7, 8, 8], unique_vq_codes: 1177, unique_suffix_codes: 1177, logdet: 0.0000 
val ---  avg_loss: 0.1895, avg_recon_loss: 0.0705, avg_kl_loss: 0.0000, avg_vq_loss: 0.1189, ppl: 1.0057, acc: 0.9987, vq_inds: [6, 7, 8, 8], unique_vq_codes: 571, unique_suffix_codes: 571, val_unique_suffix_codes: 43 

epoch: 108,  avg_loss: 0.1446, avg_recon_loss: 0.0241, avg_kl_loss: 0.0000, avg_vq_loss: 0.1205, ppl: 1.0020, acc: 0.9998, vq_inds: [6, 7, 8, 8], unique_vq_codes: 1193, unique_suffix_codes: 1193, logdet: 0.0000 
val ---  avg_loss: 0.1883, avg_recon_loss: 0.0665, avg_kl_loss: 0.0000, avg_vq_loss: 0.1218, ppl: 1.0054, acc: 0.9989, vq_inds: [6, 7, 8, 8], unique_vq_codes: 579, unique_suffix_codes: 579, val_unique_suffix_codes: 43 

epoch: 109,  avg_loss: 0.1376, avg_recon_loss: 0.0190, avg_kl_loss: 0.0000, avg_vq_loss: 0.1186, ppl: 1.0015, acc: 0.9999, vq_inds: [6, 7, 8, 8], unique_vq_codes: 1190, unique_suffix_codes: 1190, logdet: 0.0000 
val ---  avg_loss: 0.1718, avg_recon_loss: 0.0545, avg_kl_loss: 0.0000, avg_vq_loss: 0.1173, ppl: 1.0044, acc: 0.9989, vq_inds: [6, 7, 8, 8], unique_vq_codes: 572, unique_suffix_codes: 572, val_unique_suffix_codes: 41 
update best loss 

epoch: 110,  avg_loss: 0.7801, avg_recon_loss: 0.6177, avg_kl_loss: 0.0000, avg_vq_loss: 0.1624, ppl: 1.0514, acc: 0.9849, vq_inds: [6, 7, 8, 8], unique_vq_codes: 1243, unique_suffix_codes: 1243, logdet: 0.0000 
val ---  avg_loss: 0.7601, avg_recon_loss: 0.5575, avg_kl_loss: 0.0000, avg_vq_loss: 0.2026, ppl: 1.0461, acc: 0.9857, vq_inds: [6, 7, 8, 8], unique_vq_codes: 597, unique_suffix_codes: 597, val_unique_suffix_codes: 57 

epoch: 111,  avg_loss: 0.5366, avg_recon_loss: 0.3398, avg_kl_loss: 0.0000, avg_vq_loss: 0.1968, ppl: 1.0279, acc: 0.9919, vq_inds: [6, 7, 8, 8], unique_vq_codes: 1231, unique_suffix_codes: 1231, logdet: 0.0000 
val ---  avg_loss: 0.4334, avg_recon_loss: 0.2485, avg_kl_loss: 0.0000, avg_vq_loss: 0.1849, ppl: 1.0203, acc: 0.9941, vq_inds: [6, 7, 8, 8], unique_vq_codes: 582, unique_suffix_codes: 582, val_unique_suffix_codes: 41 

epoch: 112,  avg_loss: 0.2757, avg_recon_loss: 0.0926, avg_kl_loss: 0.0000, avg_vq_loss: 0.1830, ppl: 1.0075, acc: 0.9984, vq_inds: [6, 7, 8, 8], unique_vq_codes: 1207, unique_suffix_codes: 1207, logdet: 0.0000 
val ---  avg_loss: 0.3751, avg_recon_loss: 0.1944, avg_kl_loss: 0.0000, avg_vq_loss: 0.1807, ppl: 1.0158, acc: 0.9958, vq_inds: [6, 7, 8, 8], unique_vq_codes: 595, unique_suffix_codes: 595, val_unique_suffix_codes: 38 

epoch: 113,  avg_loss: 0.2662, avg_recon_loss: 0.0893, avg_kl_loss: 0.0000, avg_vq_loss: 0.1769, ppl: 1.0073, acc: 0.9985, vq_inds: [6, 7, 8, 8], unique_vq_codes: 1222, unique_suffix_codes: 1222, logdet: 0.0000 
val ---  avg_loss: 0.2748, avg_recon_loss: 0.1016, avg_kl_loss: 0.0000, avg_vq_loss: 0.1732, ppl: 1.0082, acc: 0.9982, vq_inds: [6, 7, 8, 8], unique_vq_codes: 590, unique_suffix_codes: 590, val_unique_suffix_codes: 52 

epoch: 114,  avg_loss: 0.2050, avg_recon_loss: 0.0394, avg_kl_loss: 0.0000, avg_vq_loss: 0.1656, ppl: 1.0032, acc: 0.9997, vq_inds: [6, 7, 8, 8], unique_vq_codes: 1229, unique_suffix_codes: 1229, logdet: 0.0000 
val ---  avg_loss: 0.2947, avg_recon_loss: 0.1242, avg_kl_loss: 0.0000, avg_vq_loss: 0.1705, ppl: 1.0101, acc: 0.9974, vq_inds: [6, 7, 8, 8], unique_vq_codes: 591, unique_suffix_codes: 591, val_unique_suffix_codes: 48 

epoch: 115,  avg_loss: 0.2126, avg_recon_loss: 0.0517, avg_kl_loss: 0.0000, avg_vq_loss: 0.1609, ppl: 1.0042, acc: 0.9994, vq_inds: [6, 7, 8, 8], unique_vq_codes: 1237, unique_suffix_codes: 1237, logdet: 0.0000 
val ---  avg_loss: 0.3067, avg_recon_loss: 0.1418, avg_kl_loss: 0.0000, avg_vq_loss: 0.1649, ppl: 1.0115, acc: 0.9975, vq_inds: [6, 7, 8, 8], unique_vq_codes: 597, unique_suffix_codes: 597, val_unique_suffix_codes: 46 

epoch: 116,  avg_loss: 0.2218, avg_recon_loss: 0.0609, avg_kl_loss: 0.0000, avg_vq_loss: 0.1610, ppl: 1.0049, acc: 0.9992, vq_inds: [6, 7, 8, 8], unique_vq_codes: 1231, unique_suffix_codes: 1231, logdet: 0.0000 
val ---  avg_loss: 0.2995, avg_recon_loss: 0.1393, avg_kl_loss: 0.0000, avg_vq_loss: 0.1602, ppl: 1.0113, acc: 0.9974, vq_inds: [6, 7, 8, 8], unique_vq_codes: 595, unique_suffix_codes: 595, val_unique_suffix_codes: 43 

epoch: 117,  avg_loss: 0.2009, avg_recon_loss: 0.0412, avg_kl_loss: 0.0000, avg_vq_loss: 0.1596, ppl: 1.0034, acc: 0.9996, vq_inds: [6, 7, 8, 8], unique_vq_codes: 1247, unique_suffix_codes: 1247, logdet: 0.0000 
val ---  avg_loss: 0.2892, avg_recon_loss: 0.1408, avg_kl_loss: 0.0000, avg_vq_loss: 0.1484, ppl: 1.0114, acc: 0.9972, vq_inds: [6, 7, 8, 8], unique_vq_codes: 601, unique_suffix_codes: 601, val_unique_suffix_codes: 41 

epoch: 118,  avg_loss: 0.1829, avg_recon_loss: 0.0327, avg_kl_loss: 0.0000, avg_vq_loss: 0.1502, ppl: 1.0027, acc: 0.9998, vq_inds: [6, 7, 8, 8], unique_vq_codes: 1245, unique_suffix_codes: 1245, logdet: 0.0000 
val ---  avg_loss: 0.2171, avg_recon_loss: 0.0710, avg_kl_loss: 0.0000, avg_vq_loss: 0.1461, ppl: 1.0058, acc: 0.9989, vq_inds: [6, 7, 8, 8], unique_vq_codes: 596, unique_suffix_codes: 596, val_unique_suffix_codes: 49 

epoch: 119,  avg_loss: 0.1591, avg_recon_loss: 0.0180, avg_kl_loss: 0.0000, avg_vq_loss: 0.1411, ppl: 1.0015, acc: 1.0000, vq_inds: [6, 7, 8, 8], unique_vq_codes: 1252, unique_suffix_codes: 1252, logdet: 0.0000 
val ---  avg_loss: 0.2024, avg_recon_loss: 0.0649, avg_kl_loss: 0.0000, avg_vq_loss: 0.1375, ppl: 1.0053, acc: 0.9991, vq_inds: [6, 7, 8, 8], unique_vq_codes: 598, unique_suffix_codes: 598, val_unique_suffix_codes: 40 

epoch: 120,  avg_loss: 0.1509, avg_recon_loss: 0.0173, avg_kl_loss: 0.0000, avg_vq_loss: 0.1335, ppl: 1.0014, acc: 0.9999, vq_inds: [6, 7, 8, 8], unique_vq_codes: 1242, unique_suffix_codes: 1242, logdet: 0.0000 
val ---  avg_loss: 0.2013, avg_recon_loss: 0.0688, avg_kl_loss: 0.0000, avg_vq_loss: 0.1325, ppl: 1.0056, acc: 0.9990, vq_inds: [6, 7, 8, 8], unique_vq_codes: 595, unique_suffix_codes: 595, val_unique_suffix_codes: 43 

epoch: 121,  avg_loss: 0.1469, avg_recon_loss: 0.0167, avg_kl_loss: 0.0000, avg_vq_loss: 0.1302, ppl: 1.0014, acc: 1.0000, vq_inds: [6, 7, 8, 8], unique_vq_codes: 1237, unique_suffix_codes: 1237, logdet: 0.0000 
val ---  avg_loss: 0.1952, avg_recon_loss: 0.0647, avg_kl_loss: 0.0000, avg_vq_loss: 0.1305, ppl: 1.0052, acc: 0.9990, vq_inds: [6, 7, 8, 8], unique_vq_codes: 610, unique_suffix_codes: 610, val_unique_suffix_codes: 44 

epoch: 122,  avg_loss: 0.1389, avg_recon_loss: 0.0143, avg_kl_loss: 0.0000, avg_vq_loss: 0.1246, ppl: 1.0012, acc: 1.0000, vq_inds: [6, 7, 8, 8], unique_vq_codes: 1257, unique_suffix_codes: 1257, logdet: 0.0000 
val ---  avg_loss: 0.1834, avg_recon_loss: 0.0618, avg_kl_loss: 0.0000, avg_vq_loss: 0.1216, ppl: 1.0050, acc: 0.9991, vq_inds: [6, 7, 8, 8], unique_vq_codes: 604, unique_suffix_codes: 604, val_unique_suffix_codes: 41 

epoch: 123,  avg_loss: 0.1319, avg_recon_loss: 0.0130, avg_kl_loss: 0.0000, avg_vq_loss: 0.1189, ppl: 1.0011, acc: 1.0000, vq_inds: [6, 7, 8, 8], unique_vq_codes: 1257, unique_suffix_codes: 1257, logdet: 0.0000 
val ---  avg_loss: 0.1745, avg_recon_loss: 0.0582, avg_kl_loss: 0.0000, avg_vq_loss: 0.1164, ppl: 1.0047, acc: 0.9991, vq_inds: [6, 7, 8, 8], unique_vq_codes: 590, unique_suffix_codes: 590, val_unique_suffix_codes: 36 

epoch: 124,  avg_loss: 0.1265, avg_recon_loss: 0.0123, avg_kl_loss: 0.0000, avg_vq_loss: 0.1142, ppl: 1.0010, acc: 1.0000, vq_inds: [6, 7, 8, 8], unique_vq_codes: 1250, unique_suffix_codes: 1250, logdet: 0.0000 
val ---  avg_loss: 0.1720, avg_recon_loss: 0.0597, avg_kl_loss: 0.0000, avg_vq_loss: 0.1123, ppl: 1.0048, acc: 0.9989, vq_inds: [6, 7, 8, 8], unique_vq_codes: 600, unique_suffix_codes: 600, val_unique_suffix_codes: 45 

epoch: 125,  avg_loss: 0.1231, avg_recon_loss: 0.0121, avg_kl_loss: 0.0000, avg_vq_loss: 0.1110, ppl: 1.0010, acc: 1.0000, vq_inds: [6, 7, 8, 8], unique_vq_codes: 1235, unique_suffix_codes: 1235, logdet: 0.0000 
val ---  avg_loss: 0.1685, avg_recon_loss: 0.0585, avg_kl_loss: 0.0000, avg_vq_loss: 0.1100, ppl: 1.0047, acc: 0.9991, vq_inds: [6, 7, 8, 8], unique_vq_codes: 597, unique_suffix_codes: 597, val_unique_suffix_codes: 39 
update best loss 

epoch: 126,  avg_loss: 0.1197, avg_recon_loss: 0.0120, avg_kl_loss: 0.0000, avg_vq_loss: 0.1077, ppl: 1.0010, acc: 1.0000, vq_inds: [6, 7, 8, 8], unique_vq_codes: 1257, unique_suffix_codes: 1257, logdet: 0.0000 
val ---  avg_loss: 0.1670, avg_recon_loss: 0.0605, avg_kl_loss: 0.0000, avg_vq_loss: 0.1065, ppl: 1.0049, acc: 0.9991, vq_inds: [6, 7, 8, 8], unique_vq_codes: 602, unique_suffix_codes: 602, val_unique_suffix_codes: 43 
update best loss 

epoch: 127,  avg_loss: 0.1173, avg_recon_loss: 0.0121, avg_kl_loss: 0.0000, avg_vq_loss: 0.1052, ppl: 1.0010, acc: 1.0000, vq_inds: [6, 7, 8, 8], unique_vq_codes: 1261, unique_suffix_codes: 1261, logdet: 0.0000 
val ---  avg_loss: 0.1607, avg_recon_loss: 0.0579, avg_kl_loss: 0.0000, avg_vq_loss: 0.1028, ppl: 1.0047, acc: 0.9991, vq_inds: [6, 7, 8, 8], unique_vq_codes: 606, unique_suffix_codes: 606, val_unique_suffix_codes: 38 
update best loss 

epoch: 128,  avg_loss: 0.3383, avg_recon_loss: 0.2174, avg_kl_loss: 0.0000, avg_vq_loss: 0.1209, ppl: 1.0178, acc: 0.9952, vq_inds: [6, 7, 8, 8], unique_vq_codes: 1259, unique_suffix_codes: 1259, logdet: 0.0000 
val ---  avg_loss: 0.7038, avg_recon_loss: 0.5457, avg_kl_loss: 0.0000, avg_vq_loss: 0.1581, ppl: 1.0451, acc: 0.9872, vq_inds: [6, 7, 8, 8], unique_vq_codes: 604, unique_suffix_codes: 604, val_unique_suffix_codes: 57 

epoch: 129,  avg_loss: 0.8030, avg_recon_loss: 0.6291, avg_kl_loss: 0.0000, avg_vq_loss: 0.1739, ppl: 1.0524, acc: 0.9841, vq_inds: [6, 7, 8, 8], unique_vq_codes: 1308, unique_suffix_codes: 1308, logdet: 0.0000 
val ---  avg_loss: 0.9205, avg_recon_loss: 0.7469, avg_kl_loss: 0.0000, avg_vq_loss: 0.1736, ppl: 1.0622, acc: 0.9820, vq_inds: [6, 7, 8, 8], unique_vq_codes: 583, unique_suffix_codes: 583, val_unique_suffix_codes: 25 

epoch: 130,  avg_loss: 0.8622, avg_recon_loss: 0.6611, avg_kl_loss: 0.0000, avg_vq_loss: 0.2012, ppl: 1.0551, acc: 0.9836, vq_inds: [6, 7, 8, 8], unique_vq_codes: 1287, unique_suffix_codes: 1287, logdet: 0.0000 
val ---  avg_loss: 0.4985, avg_recon_loss: 0.2966, avg_kl_loss: 0.0000, avg_vq_loss: 0.2019, ppl: 1.0242, acc: 0.9935, vq_inds: [6, 7, 8, 8], unique_vq_codes: 615, unique_suffix_codes: 615, val_unique_suffix_codes: 54 

epoch: 131,  avg_loss: 0.4296, avg_recon_loss: 0.2432, avg_kl_loss: 0.0000, avg_vq_loss: 0.1865, ppl: 1.0199, acc: 0.9946, vq_inds: [6, 7, 8, 8], unique_vq_codes: 1232, unique_suffix_codes: 1232, logdet: 0.0000 
val ---  avg_loss: 0.3601, avg_recon_loss: 0.1757, avg_kl_loss: 0.0000, avg_vq_loss: 0.1845, ppl: 1.0143, acc: 0.9965, vq_inds: [6, 7, 8, 8], unique_vq_codes: 587, unique_suffix_codes: 587, val_unique_suffix_codes: 48 

epoch: 132,  avg_loss: 0.2445, avg_recon_loss: 0.0654, avg_kl_loss: 0.0000, avg_vq_loss: 0.1791, ppl: 1.0053, acc: 0.9993, vq_inds: [6, 7, 8, 8], unique_vq_codes: 1223, unique_suffix_codes: 1223, logdet: 0.0000 
val ---  avg_loss: 0.2957, avg_recon_loss: 0.1242, avg_kl_loss: 0.0000, avg_vq_loss: 0.1716, ppl: 1.0101, acc: 0.9979, vq_inds: [6, 7, 8, 8], unique_vq_codes: 580, unique_suffix_codes: 580, val_unique_suffix_codes: 46 

epoch: 133,  avg_loss: 0.2070, avg_recon_loss: 0.0399, avg_kl_loss: 0.0000, avg_vq_loss: 0.1670, ppl: 1.0032, acc: 0.9998, vq_inds: [6, 7, 8, 8], unique_vq_codes: 1226, unique_suffix_codes: 1226, logdet: 0.0000 
val ---  avg_loss: 0.2493, avg_recon_loss: 0.0869, avg_kl_loss: 0.0000, avg_vq_loss: 0.1623, ppl: 1.0070, acc: 0.9988, vq_inds: [6, 7, 8, 8], unique_vq_codes: 593, unique_suffix_codes: 593, val_unique_suffix_codes: 42 

epoch: 134,  avg_loss: 0.1861, avg_recon_loss: 0.0270, avg_kl_loss: 0.0000, avg_vq_loss: 0.1591, ppl: 1.0022, acc: 0.9999, vq_inds: [6, 7, 8, 8], unique_vq_codes: 1235, unique_suffix_codes: 1235, logdet: 0.0000 
val ---  avg_loss: 0.2320, avg_recon_loss: 0.0761, avg_kl_loss: 0.0000, avg_vq_loss: 0.1559, ppl: 1.0062, acc: 0.9989, vq_inds: [6, 7, 8, 8], unique_vq_codes: 595, unique_suffix_codes: 595, val_unique_suffix_codes: 44 

epoch: 135,  avg_loss: 0.1742, avg_recon_loss: 0.0223, avg_kl_loss: 0.0000, avg_vq_loss: 0.1519, ppl: 1.0018, acc: 0.9999, vq_inds: [6, 7, 8, 8], unique_vq_codes: 1234, unique_suffix_codes: 1234, logdet: 0.0000 
val ---  avg_loss: 0.2251, avg_recon_loss: 0.0765, avg_kl_loss: 0.0000, avg_vq_loss: 0.1486, ppl: 1.0062, acc: 0.9989, vq_inds: [6, 7, 8, 8], unique_vq_codes: 598, unique_suffix_codes: 598, val_unique_suffix_codes: 43 

epoch: 136,  avg_loss: 0.1666, avg_recon_loss: 0.0205, avg_kl_loss: 0.0000, avg_vq_loss: 0.1461, ppl: 1.0017, acc: 1.0000, vq_inds: [6, 7, 8, 8], unique_vq_codes: 1225, unique_suffix_codes: 1225, logdet: 0.0000 
val ---  avg_loss: 0.2168, avg_recon_loss: 0.0728, avg_kl_loss: 0.0000, avg_vq_loss: 0.1440, ppl: 1.0059, acc: 0.9989, vq_inds: [6, 7, 8, 8], unique_vq_codes: 598, unique_suffix_codes: 598, val_unique_suffix_codes: 44 

epoch: 137,  avg_loss: 0.1591, avg_recon_loss: 0.0181, avg_kl_loss: 0.0000, avg_vq_loss: 0.1410, ppl: 1.0015, acc: 1.0000, vq_inds: [6, 7, 8, 8], unique_vq_codes: 1232, unique_suffix_codes: 1232, logdet: 0.0000 
val ---  avg_loss: 0.2075, avg_recon_loss: 0.0686, avg_kl_loss: 0.0000, avg_vq_loss: 0.1389, ppl: 1.0056, acc: 0.9990, vq_inds: [6, 7, 8, 8], unique_vq_codes: 598, unique_suffix_codes: 598, val_unique_suffix_codes: 41 

epoch: 138,  avg_loss: 0.1530, avg_recon_loss: 0.0168, avg_kl_loss: 0.0000, avg_vq_loss: 0.1362, ppl: 1.0014, acc: 1.0000, vq_inds: [6, 7, 8, 8], unique_vq_codes: 1228, unique_suffix_codes: 1228, logdet: 0.0000 
val ---  avg_loss: 0.2016, avg_recon_loss: 0.0666, avg_kl_loss: 0.0000, avg_vq_loss: 0.1350, ppl: 1.0054, acc: 0.9989, vq_inds: [6, 7, 8, 8], unique_vq_codes: 601, unique_suffix_codes: 601, val_unique_suffix_codes: 46 

epoch: 139,  avg_loss: 0.1484, avg_recon_loss: 0.0161, avg_kl_loss: 0.0000, avg_vq_loss: 0.1323, ppl: 1.0013, acc: 1.0000, vq_inds: [6, 7, 8, 8], unique_vq_codes: 1214, unique_suffix_codes: 1214, logdet: 0.0000 
val ---  avg_loss: 0.1953, avg_recon_loss: 0.0648, avg_kl_loss: 0.0000, avg_vq_loss: 0.1305, ppl: 1.0052, acc: 0.9991, vq_inds: [6, 7, 8, 8], unique_vq_codes: 609, unique_suffix_codes: 609, val_unique_suffix_codes: 54 

epoch: 140,  avg_loss: 0.1430, avg_recon_loss: 0.0150, avg_kl_loss: 0.0000, avg_vq_loss: 0.1279, ppl: 1.0012, acc: 1.0000, vq_inds: [6, 7, 8, 8], unique_vq_codes: 1223, unique_suffix_codes: 1223, logdet: 0.0000 
val ---  avg_loss: 0.1911, avg_recon_loss: 0.0647, avg_kl_loss: 0.0000, avg_vq_loss: 0.1263, ppl: 1.0052, acc: 0.9989, vq_inds: [6, 7, 8, 8], unique_vq_codes: 603, unique_suffix_codes: 603, val_unique_suffix_codes: 53 

epoch: 141,  avg_loss: 0.1386, avg_recon_loss: 0.0142, avg_kl_loss: 0.0000, avg_vq_loss: 0.1244, ppl: 1.0012, acc: 1.0000, vq_inds: [6, 7, 8, 8], unique_vq_codes: 1236, unique_suffix_codes: 1236, logdet: 0.0000 
val ---  avg_loss: 0.1877, avg_recon_loss: 0.0647, avg_kl_loss: 0.0000, avg_vq_loss: 0.1230, ppl: 1.0052, acc: 0.9991, vq_inds: [6, 7, 8, 8], unique_vq_codes: 600, unique_suffix_codes: 600, val_unique_suffix_codes: 48 

epoch: 142,  avg_loss: 0.1362, avg_recon_loss: 0.0147, avg_kl_loss: 0.0000, avg_vq_loss: 0.1216, ppl: 1.0012, acc: 0.9999, vq_inds: [6, 7, 8, 8], unique_vq_codes: 1231, unique_suffix_codes: 1231, logdet: 0.0000 
val ---  avg_loss: 0.1865, avg_recon_loss: 0.0655, avg_kl_loss: 0.0000, avg_vq_loss: 0.1211, ppl: 1.0053, acc: 0.9987, vq_inds: [6, 7, 8, 8], unique_vq_codes: 601, unique_suffix_codes: 601, val_unique_suffix_codes: 49 

epoch: 143,  avg_loss: 0.1310, avg_recon_loss: 0.0127, avg_kl_loss: 0.0000, avg_vq_loss: 0.1182, ppl: 1.0010, acc: 1.0000, vq_inds: [6, 7, 8, 8], unique_vq_codes: 1233, unique_suffix_codes: 1233, logdet: 0.0000 
val ---  avg_loss: 0.1777, avg_recon_loss: 0.0617, avg_kl_loss: 0.0000, avg_vq_loss: 0.1160, ppl: 1.0050, acc: 0.9988, vq_inds: [6, 7, 8, 8], unique_vq_codes: 598, unique_suffix_codes: 598, val_unique_suffix_codes: 48 

epoch: 144,  avg_loss: 0.1270, avg_recon_loss: 0.0124, avg_kl_loss: 0.0000, avg_vq_loss: 0.1145, ppl: 1.0010, acc: 1.0000, vq_inds: [6, 7, 8, 8], unique_vq_codes: 1258, unique_suffix_codes: 1258, logdet: 0.0000 
val ---  avg_loss: 0.1711, avg_recon_loss: 0.0584, avg_kl_loss: 0.0000, avg_vq_loss: 0.1127, ppl: 1.0047, acc: 0.9990, vq_inds: [6, 7, 8, 8], unique_vq_codes: 598, unique_suffix_codes: 598, val_unique_suffix_codes: 48 

epoch: 145,  avg_loss: 0.1238, avg_recon_loss: 0.0121, avg_kl_loss: 0.0000, avg_vq_loss: 0.1117, ppl: 1.0010, acc: 1.0000, vq_inds: [6, 7, 8, 8], unique_vq_codes: 1251, unique_suffix_codes: 1251, logdet: 0.0000 
val ---  avg_loss: 0.1651, avg_recon_loss: 0.0549, avg_kl_loss: 0.0000, avg_vq_loss: 0.1102, ppl: 1.0044, acc: 0.9992, vq_inds: [6, 7, 8, 8], unique_vq_codes: 602, unique_suffix_codes: 602, val_unique_suffix_codes: 45 

epoch: 146,  avg_loss: 0.1206, avg_recon_loss: 0.0116, avg_kl_loss: 0.0000, avg_vq_loss: 0.1090, ppl: 1.0009, acc: 1.0000, vq_inds: [6, 7, 8, 8], unique_vq_codes: 1252, unique_suffix_codes: 1252, logdet: 0.0000 
val ---  avg_loss: 0.1657, avg_recon_loss: 0.0588, avg_kl_loss: 0.0000, avg_vq_loss: 0.1069, ppl: 1.0048, acc: 0.9989, vq_inds: [6, 7, 8, 8], unique_vq_codes: 605, unique_suffix_codes: 605, val_unique_suffix_codes: 48 

epoch: 147,  avg_loss: 0.1174, avg_recon_loss: 0.0117, avg_kl_loss: 0.0000, avg_vq_loss: 0.1057, ppl: 1.0010, acc: 1.0000, vq_inds: [6, 7, 8, 8], unique_vq_codes: 1255, unique_suffix_codes: 1255, logdet: 0.0000 
val ---  avg_loss: 0.1607, avg_recon_loss: 0.0558, avg_kl_loss: 0.0000, avg_vq_loss: 0.1049, ppl: 1.0045, acc: 0.9990, vq_inds: [6, 7, 8, 8], unique_vq_codes: 606, unique_suffix_codes: 606, val_unique_suffix_codes: 52 
update best loss 

epoch: 148,  avg_loss: 0.1136, avg_recon_loss: 0.0106, avg_kl_loss: 0.0000, avg_vq_loss: 0.1031, ppl: 1.0009, acc: 1.0000, vq_inds: [6, 7, 8, 8], unique_vq_codes: 1243, unique_suffix_codes: 1243, logdet: 0.0000 
val ---  avg_loss: 0.1556, avg_recon_loss: 0.0529, avg_kl_loss: 0.0000, avg_vq_loss: 0.1027, ppl: 1.0043, acc: 0.9990, vq_inds: [6, 7, 8, 8], unique_vq_codes: 602, unique_suffix_codes: 602, val_unique_suffix_codes: 54 
update best loss 

epoch: 149,  avg_loss: 0.1110, avg_recon_loss: 0.0101, avg_kl_loss: 0.0000, avg_vq_loss: 0.1009, ppl: 1.0008, acc: 1.0000, vq_inds: [6, 7, 8, 8], unique_vq_codes: 1243, unique_suffix_codes: 1243, logdet: 0.0000 
val ---  avg_loss: 0.1535, avg_recon_loss: 0.0543, avg_kl_loss: 0.0000, avg_vq_loss: 0.0992, ppl: 1.0044, acc: 0.9990, vq_inds: [6, 7, 8, 8], unique_vq_codes: 604, unique_suffix_codes: 604, val_unique_suffix_codes: 55 
update best loss 

epoch: 150,  avg_loss: 0.1080, avg_recon_loss: 0.0103, avg_kl_loss: 0.0000, avg_vq_loss: 0.0977, ppl: 1.0008, acc: 1.0000, vq_inds: [6, 7, 8, 8], unique_vq_codes: 1238, unique_suffix_codes: 1238, logdet: 0.0000 
val ---  avg_loss: 0.1522, avg_recon_loss: 0.0552, avg_kl_loss: 0.0000, avg_vq_loss: 0.0970, ppl: 1.0045, acc: 0.9989, vq_inds: [6, 7, 8, 8], unique_vq_codes: 595, unique_suffix_codes: 595, val_unique_suffix_codes: 53 
update best loss 

epoch: 151,  avg_loss: 0.1081, avg_recon_loss: 0.0114, avg_kl_loss: 0.0000, avg_vq_loss: 0.0967, ppl: 1.0009, acc: 1.0000, vq_inds: [6, 7, 8, 8], unique_vq_codes: 1239, unique_suffix_codes: 1239, logdet: 0.0000 
val ---  avg_loss: 0.1538, avg_recon_loss: 0.0575, avg_kl_loss: 0.0000, avg_vq_loss: 0.0963, ppl: 1.0047, acc: 0.9989, vq_inds: [6, 7, 8, 8], unique_vq_codes: 597, unique_suffix_codes: 597, val_unique_suffix_codes: 49 

epoch: 152,  avg_loss: 0.1046, avg_recon_loss: 0.0100, avg_kl_loss: 0.0000, avg_vq_loss: 0.0946, ppl: 1.0008, acc: 1.0000, vq_inds: [6, 7, 8, 8], unique_vq_codes: 1256, unique_suffix_codes: 1256, logdet: 0.0000 
val ---  avg_loss: 0.1463, avg_recon_loss: 0.0530, avg_kl_loss: 0.0000, avg_vq_loss: 0.0933, ppl: 1.0043, acc: 0.9990, vq_inds: [6, 7, 8, 8], unique_vq_codes: 588, unique_suffix_codes: 588, val_unique_suffix_codes: 46 
update best loss 

epoch: 153,  avg_loss: 0.1010, avg_recon_loss: 0.0094, avg_kl_loss: 0.0000, avg_vq_loss: 0.0917, ppl: 1.0008, acc: 1.0000, vq_inds: [6, 7, 8, 8], unique_vq_codes: 1253, unique_suffix_codes: 1253, logdet: 0.0000 
val ---  avg_loss: 0.1536, avg_recon_loss: 0.0628, avg_kl_loss: 0.0000, avg_vq_loss: 0.0908, ppl: 1.0051, acc: 0.9988, vq_inds: [6, 7, 8, 8], unique_vq_codes: 593, unique_suffix_codes: 593, val_unique_suffix_codes: 46 

epoch: 154,  avg_loss: 0.1147, avg_recon_loss: 0.0206, avg_kl_loss: 0.0000, avg_vq_loss: 0.0942, ppl: 1.0017, acc: 0.9998, vq_inds: [6, 7, 8, 8], unique_vq_codes: 1274, unique_suffix_codes: 1274, logdet: 0.0000 
val ---  avg_loss: 0.1555, avg_recon_loss: 0.0606, avg_kl_loss: 0.0000, avg_vq_loss: 0.0949, ppl: 1.0049, acc: 0.9989, vq_inds: [6, 7, 8, 8], unique_vq_codes: 599, unique_suffix_codes: 599, val_unique_suffix_codes: 40 

epoch: 155,  avg_loss: 0.1044, avg_recon_loss: 0.0119, avg_kl_loss: 0.0000, avg_vq_loss: 0.0925, ppl: 1.0010, acc: 0.9999, vq_inds: [6, 7, 8, 8], unique_vq_codes: 1274, unique_suffix_codes: 1274, logdet: 0.0000 
val ---  avg_loss: 0.1456, avg_recon_loss: 0.0550, avg_kl_loss: 0.0000, avg_vq_loss: 0.0906, ppl: 1.0045, acc: 0.9990, vq_inds: [6, 7, 8, 8], unique_vq_codes: 599, unique_suffix_codes: 599, val_unique_suffix_codes: 51 
update best loss 

epoch: 156,  avg_loss: 0.1000, avg_recon_loss: 0.0115, avg_kl_loss: 0.0000, avg_vq_loss: 0.0885, ppl: 1.0009, acc: 0.9999, vq_inds: [6, 7, 8, 8], unique_vq_codes: 1261, unique_suffix_codes: 1261, logdet: 0.0000 
val ---  avg_loss: 0.1593, avg_recon_loss: 0.0708, avg_kl_loss: 0.0000, avg_vq_loss: 0.0885, ppl: 1.0057, acc: 0.9986, vq_inds: [6, 7, 8, 8], unique_vq_codes: 602, unique_suffix_codes: 602, val_unique_suffix_codes: 53 

epoch: 157,  avg_loss: 0.4618, avg_recon_loss: 0.3370, avg_kl_loss: 0.0000, avg_vq_loss: 0.1248, ppl: 1.0277, acc: 0.9919, vq_inds: [6, 7, 8, 8], unique_vq_codes: 1315, unique_suffix_codes: 1315, logdet: 0.0000 
val ---  avg_loss: 0.3418, avg_recon_loss: 0.2051, avg_kl_loss: 0.0000, avg_vq_loss: 0.1367, ppl: 1.0167, acc: 0.9958, vq_inds: [6, 7, 8, 8], unique_vq_codes: 607, unique_suffix_codes: 607, val_unique_suffix_codes: 50 

epoch: 158,  avg_loss: 0.2268, avg_recon_loss: 0.0923, avg_kl_loss: 0.0000, avg_vq_loss: 0.1345, ppl: 1.0075, acc: 0.9982, vq_inds: [6, 7, 8, 8], unique_vq_codes: 1305, unique_suffix_codes: 1305, logdet: 0.0000 
val ---  avg_loss: 0.2154, avg_recon_loss: 0.0885, avg_kl_loss: 0.0000, avg_vq_loss: 0.1270, ppl: 1.0072, acc: 0.9980, vq_inds: [6, 7, 8, 8], unique_vq_codes: 611, unique_suffix_codes: 611, val_unique_suffix_codes: 43 

epoch: 159,  avg_loss: 0.1458, avg_recon_loss: 0.0245, avg_kl_loss: 0.0000, avg_vq_loss: 0.1213, ppl: 1.0020, acc: 0.9998, vq_inds: [6, 7, 8, 8], unique_vq_codes: 1297, unique_suffix_codes: 1297, logdet: 0.0000 
val ---  avg_loss: 0.1857, avg_recon_loss: 0.0689, avg_kl_loss: 0.0000, avg_vq_loss: 0.1168, ppl: 1.0056, acc: 0.9988, vq_inds: [6, 7, 8, 8], unique_vq_codes: 603, unique_suffix_codes: 603, val_unique_suffix_codes: 49 

epoch: 160,  avg_loss: 0.1273, avg_recon_loss: 0.0149, avg_kl_loss: 0.0000, avg_vq_loss: 0.1124, ppl: 1.0012, acc: 0.9999, vq_inds: [6, 7, 8, 8], unique_vq_codes: 1278, unique_suffix_codes: 1278, logdet: 0.0000 
val ---  avg_loss: 0.1707, avg_recon_loss: 0.0619, avg_kl_loss: 0.0000, avg_vq_loss: 0.1088, ppl: 1.0050, acc: 0.9989, vq_inds: [6, 7, 8, 8], unique_vq_codes: 600, unique_suffix_codes: 600, val_unique_suffix_codes: 52 

epoch: 161,  avg_loss: 0.1173, avg_recon_loss: 0.0118, avg_kl_loss: 0.0000, avg_vq_loss: 0.1055, ppl: 1.0010, acc: 1.0000, vq_inds: [6, 7, 8, 8], unique_vq_codes: 1271, unique_suffix_codes: 1271, logdet: 0.0000 
val ---  avg_loss: 0.1592, avg_recon_loss: 0.0554, avg_kl_loss: 0.0000, avg_vq_loss: 0.1038, ppl: 1.0045, acc: 0.9990, vq_inds: [6, 7, 8, 8], unique_vq_codes: 603, unique_suffix_codes: 603, val_unique_suffix_codes: 59 

epoch: 162,  avg_loss: 0.1108, avg_recon_loss: 0.0104, avg_kl_loss: 0.0000, avg_vq_loss: 0.1004, ppl: 1.0008, acc: 1.0000, vq_inds: [6, 7, 8, 8], unique_vq_codes: 1279, unique_suffix_codes: 1279, logdet: 0.0000 
val ---  avg_loss: 0.1525, avg_recon_loss: 0.0546, avg_kl_loss: 0.0000, avg_vq_loss: 0.0979, ppl: 1.0044, acc: 0.9989, vq_inds: [6, 7, 8, 8], unique_vq_codes: 594, unique_suffix_codes: 594, val_unique_suffix_codes: 53 

epoch: 163,  avg_loss: 0.1050, avg_recon_loss: 0.0096, avg_kl_loss: 0.0000, avg_vq_loss: 0.0955, ppl: 1.0008, acc: 1.0000, vq_inds: [6, 7, 8, 8], unique_vq_codes: 1267, unique_suffix_codes: 1267, logdet: 0.0000 
val ---  avg_loss: 0.1472, avg_recon_loss: 0.0534, avg_kl_loss: 0.0000, avg_vq_loss: 0.0938, ppl: 1.0043, acc: 0.9991, vq_inds: [6, 7, 8, 8], unique_vq_codes: 598, unique_suffix_codes: 598, val_unique_suffix_codes: 54 

epoch: 164,  avg_loss: 0.1014, avg_recon_loss: 0.0092, avg_kl_loss: 0.0000, avg_vq_loss: 0.0922, ppl: 1.0007, acc: 1.0000, vq_inds: [6, 7, 8, 8], unique_vq_codes: 1271, unique_suffix_codes: 1271, logdet: 0.0000 
val ---  avg_loss: 0.1426, avg_recon_loss: 0.0522, avg_kl_loss: 0.0000, avg_vq_loss: 0.0904, ppl: 1.0042, acc: 0.9991, vq_inds: [6, 7, 8, 8], unique_vq_codes: 594, unique_suffix_codes: 594, val_unique_suffix_codes: 46 
update best loss 

epoch: 165,  avg_loss: 0.0990, avg_recon_loss: 0.0097, avg_kl_loss: 0.0000, avg_vq_loss: 0.0893, ppl: 1.0008, acc: 1.0000, vq_inds: [6, 7, 8, 8], unique_vq_codes: 1268, unique_suffix_codes: 1268, logdet: 0.0000 
val ---  avg_loss: 0.1414, avg_recon_loss: 0.0528, avg_kl_loss: 0.0000, avg_vq_loss: 0.0886, ppl: 1.0043, acc: 0.9990, vq_inds: [6, 7, 8, 8], unique_vq_codes: 596, unique_suffix_codes: 596, val_unique_suffix_codes: 50 
update best loss 

epoch: 166,  avg_loss: 0.0941, avg_recon_loss: 0.0081, avg_kl_loss: 0.0000, avg_vq_loss: 0.0860, ppl: 1.0007, acc: 1.0000, vq_inds: [6, 7, 8, 8], unique_vq_codes: 1261, unique_suffix_codes: 1261, logdet: 0.0000 
val ---  avg_loss: 0.1341, avg_recon_loss: 0.0503, avg_kl_loss: 0.0000, avg_vq_loss: 0.0838, ppl: 1.0041, acc: 0.9990, vq_inds: [6, 7, 8, 8], unique_vq_codes: 595, unique_suffix_codes: 595, val_unique_suffix_codes: 52 
update best loss 

epoch: 167,  avg_loss: 0.0900, avg_recon_loss: 0.0075, avg_kl_loss: 0.0000, avg_vq_loss: 0.0825, ppl: 1.0006, acc: 1.0000, vq_inds: [6, 7, 8, 8], unique_vq_codes: 1256, unique_suffix_codes: 1256, logdet: 0.0000 
val ---  avg_loss: 0.1291, avg_recon_loss: 0.0479, avg_kl_loss: 0.0000, avg_vq_loss: 0.0812, ppl: 1.0039, acc: 0.9992, vq_inds: [6, 7, 8, 8], unique_vq_codes: 592, unique_suffix_codes: 592, val_unique_suffix_codes: 55 
update best loss 

epoch: 168,  avg_loss: 0.0871, avg_recon_loss: 0.0073, avg_kl_loss: 0.0000, avg_vq_loss: 0.0798, ppl: 1.0006, acc: 1.0000, vq_inds: [6, 7, 8, 8], unique_vq_codes: 1255, unique_suffix_codes: 1255, logdet: 0.0000 
val ---  avg_loss: 0.1258, avg_recon_loss: 0.0470, avg_kl_loss: 0.0000, avg_vq_loss: 0.0788, ppl: 1.0038, acc: 0.9993, vq_inds: [6, 7, 8, 8], unique_vq_codes: 592, unique_suffix_codes: 592, val_unique_suffix_codes: 54 
update best loss 

epoch: 169,  avg_loss: 0.0850, avg_recon_loss: 0.0074, avg_kl_loss: 0.0000, avg_vq_loss: 0.0776, ppl: 1.0006, acc: 1.0000, vq_inds: [6, 7, 8, 8], unique_vq_codes: 1257, unique_suffix_codes: 1257, logdet: 0.0000 
val ---  avg_loss: 0.1242, avg_recon_loss: 0.0470, avg_kl_loss: 0.0000, avg_vq_loss: 0.0773, ppl: 1.0038, acc: 0.9991, vq_inds: [6, 7, 8, 8], unique_vq_codes: 597, unique_suffix_codes: 597, val_unique_suffix_codes: 54 
update best loss 

epoch: 170,  avg_loss: 0.0832, avg_recon_loss: 0.0073, avg_kl_loss: 0.0000, avg_vq_loss: 0.0759, ppl: 1.0006, acc: 1.0000, vq_inds: [6, 7, 8, 8], unique_vq_codes: 1269, unique_suffix_codes: 1269, logdet: 0.0000 
val ---  avg_loss: 0.1232, avg_recon_loss: 0.0473, avg_kl_loss: 0.0000, avg_vq_loss: 0.0759, ppl: 1.0038, acc: 0.9991, vq_inds: [6, 7, 8, 8], unique_vq_codes: 597, unique_suffix_codes: 597, val_unique_suffix_codes: 50 
update best loss 

epoch: 171,  avg_loss: 0.0825, avg_recon_loss: 0.0079, avg_kl_loss: 0.0000, avg_vq_loss: 0.0746, ppl: 1.0006, acc: 1.0000, vq_inds: [6, 7, 8, 8], unique_vq_codes: 1274, unique_suffix_codes: 1274, logdet: 0.0000 
val ---  avg_loss: 0.1158, avg_recon_loss: 0.0425, avg_kl_loss: 0.0000, avg_vq_loss: 0.0733, ppl: 1.0034, acc: 0.9994, vq_inds: [6, 7, 8, 8], unique_vq_codes: 594, unique_suffix_codes: 594, val_unique_suffix_codes: 55 
update best loss 

epoch: 172,  avg_loss: 0.0790, avg_recon_loss: 0.0070, avg_kl_loss: 0.0000, avg_vq_loss: 0.0720, ppl: 1.0006, acc: 1.0000, vq_inds: [6, 7, 8, 8], unique_vq_codes: 1271, unique_suffix_codes: 1271, logdet: 0.0000 
val ---  avg_loss: 0.1167, avg_recon_loss: 0.0450, avg_kl_loss: 0.0000, avg_vq_loss: 0.0717, ppl: 1.0036, acc: 0.9993, vq_inds: [6, 7, 8, 8], unique_vq_codes: 596, unique_suffix_codes: 596, val_unique_suffix_codes: 49 

epoch: 173,  avg_loss: 0.0771, avg_recon_loss: 0.0065, avg_kl_loss: 0.0000, avg_vq_loss: 0.0706, ppl: 1.0005, acc: 1.0000, vq_inds: [6, 7, 8, 8], unique_vq_codes: 1281, unique_suffix_codes: 1281, logdet: 0.0000 
val ---  avg_loss: 0.1160, avg_recon_loss: 0.0465, avg_kl_loss: 0.0000, avg_vq_loss: 0.0695, ppl: 1.0038, acc: 0.9993, vq_inds: [6, 7, 8, 8], unique_vq_codes: 597, unique_suffix_codes: 597, val_unique_suffix_codes: 53 

epoch: 174,  avg_loss: 0.0762, avg_recon_loss: 0.0071, avg_kl_loss: 0.0000, avg_vq_loss: 0.0691, ppl: 1.0006, acc: 1.0000, vq_inds: [6, 7, 8, 8], unique_vq_codes: 1269, unique_suffix_codes: 1269, logdet: 0.0000 
val ---  avg_loss: 0.1203, avg_recon_loss: 0.0517, avg_kl_loss: 0.0000, avg_vq_loss: 0.0686, ppl: 1.0042, acc: 0.9990, vq_inds: [6, 7, 8, 8], unique_vq_codes: 597, unique_suffix_codes: 597, val_unique_suffix_codes: 62 

epoch: 175,  avg_loss: 0.0734, avg_recon_loss: 0.0063, avg_kl_loss: 0.0000, avg_vq_loss: 0.0671, ppl: 1.0005, acc: 1.0000, vq_inds: [6, 7, 8, 8], unique_vq_codes: 1281, unique_suffix_codes: 1281, logdet: 0.0000 
val ---  avg_loss: 0.1161, avg_recon_loss: 0.0505, avg_kl_loss: 0.0000, avg_vq_loss: 0.0656, ppl: 1.0041, acc: 0.9992, vq_inds: [6, 7, 8, 8], unique_vq_codes: 594, unique_suffix_codes: 594, val_unique_suffix_codes: 46 

epoch: 176,  avg_loss: 0.0736, avg_recon_loss: 0.0074, avg_kl_loss: 0.0000, avg_vq_loss: 0.0662, ppl: 1.0006, acc: 1.0000, vq_inds: [6, 7, 8, 8], unique_vq_codes: 1292, unique_suffix_codes: 1292, logdet: 0.0000 
val ---  avg_loss: 0.1158, avg_recon_loss: 0.0504, avg_kl_loss: 0.0000, avg_vq_loss: 0.0654, ppl: 1.0041, acc: 0.9989, vq_inds: [6, 7, 8, 8], unique_vq_codes: 600, unique_suffix_codes: 600, val_unique_suffix_codes: 47 

epoch: 177,  avg_loss: 0.0698, avg_recon_loss: 0.0060, avg_kl_loss: 0.0000, avg_vq_loss: 0.0638, ppl: 1.0005, acc: 1.0000, vq_inds: [6, 7, 8, 8], unique_vq_codes: 1287, unique_suffix_codes: 1287, logdet: 0.0000 
val ---  avg_loss: 0.1086, avg_recon_loss: 0.0457, avg_kl_loss: 0.0000, avg_vq_loss: 0.0629, ppl: 1.0037, acc: 0.9991, vq_inds: [6, 7, 8, 8], unique_vq_codes: 590, unique_suffix_codes: 590, val_unique_suffix_codes: 49 
update best loss 

epoch: 178,  avg_loss: 0.0724, avg_recon_loss: 0.0085, avg_kl_loss: 0.0000, avg_vq_loss: 0.0640, ppl: 1.0007, acc: 0.9999, vq_inds: [6, 7, 8, 8], unique_vq_codes: 1292, unique_suffix_codes: 1292, logdet: 0.0000 
val ---  avg_loss: 0.1157, avg_recon_loss: 0.0503, avg_kl_loss: 0.0000, avg_vq_loss: 0.0654, ppl: 1.0041, acc: 0.9992, vq_inds: [6, 7, 8, 8], unique_vq_codes: 598, unique_suffix_codes: 598, val_unique_suffix_codes: 48 

epoch: 179,  avg_loss: 0.6003, avg_recon_loss: 0.5057, avg_kl_loss: 0.0000, avg_vq_loss: 0.0946, ppl: 1.0419, acc: 0.9874, vq_inds: [6, 7, 8, 8], unique_vq_codes: 1354, unique_suffix_codes: 1354, logdet: 0.0000 
val ---  avg_loss: 1.2472, avg_recon_loss: 1.0981, avg_kl_loss: 0.0000, avg_vq_loss: 0.1491, ppl: 1.0928, acc: 0.9723, vq_inds: [6, 7, 8, 8], unique_vq_codes: 636, unique_suffix_codes: 636, val_unique_suffix_codes: 54 

epoch: 180,  avg_loss: 0.9310, avg_recon_loss: 0.7712, avg_kl_loss: 0.0000, avg_vq_loss: 0.1598, ppl: 1.0646, acc: 0.9805, vq_inds: [6, 7, 8, 8], unique_vq_codes: 1331, unique_suffix_codes: 1331, logdet: 0.0000 
val ---  avg_loss: 0.3444, avg_recon_loss: 0.2003, avg_kl_loss: 0.0000, avg_vq_loss: 0.1441, ppl: 1.0163, acc: 0.9958, vq_inds: [6, 7, 8, 8], unique_vq_codes: 597, unique_suffix_codes: 597, val_unique_suffix_codes: 39 

epoch: 181,  avg_loss: 0.2755, avg_recon_loss: 0.1342, avg_kl_loss: 0.0000, avg_vq_loss: 0.1413, ppl: 1.0109, acc: 0.9972, vq_inds: [6, 7, 8, 8], unique_vq_codes: 1267, unique_suffix_codes: 1267, logdet: 0.0000 
val ---  avg_loss: 0.2502, avg_recon_loss: 0.1120, avg_kl_loss: 0.0000, avg_vq_loss: 0.1382, ppl: 1.0091, acc: 0.9981, vq_inds: [6, 7, 8, 8], unique_vq_codes: 602, unique_suffix_codes: 602, val_unique_suffix_codes: 52 

epoch: 182,  avg_loss: 0.1707, avg_recon_loss: 0.0395, avg_kl_loss: 0.0000, avg_vq_loss: 0.1312, ppl: 1.0032, acc: 0.9996, vq_inds: [6, 7, 8, 8], unique_vq_codes: 1254, unique_suffix_codes: 1254, logdet: 0.0000 
val ---  avg_loss: 0.2304, avg_recon_loss: 0.1015, avg_kl_loss: 0.0000, avg_vq_loss: 0.1289, ppl: 1.0082, acc: 0.9982, vq_inds: [6, 7, 8, 8], unique_vq_codes: 595, unique_suffix_codes: 595, val_unique_suffix_codes: 53 

epoch: 183,  avg_loss: 0.1758, avg_recon_loss: 0.0496, avg_kl_loss: 0.0000, avg_vq_loss: 0.1262, ppl: 1.0040, acc: 0.9993, vq_inds: [6, 7, 8, 8], unique_vq_codes: 1262, unique_suffix_codes: 1262, logdet: 0.0000 
val ---  avg_loss: 0.2131, avg_recon_loss: 0.0905, avg_kl_loss: 0.0000, avg_vq_loss: 0.1226, ppl: 1.0073, acc: 0.9986, vq_inds: [6, 7, 8, 8], unique_vq_codes: 596, unique_suffix_codes: 596, val_unique_suffix_codes: 61 

epoch: 184,  avg_loss: 0.1498, avg_recon_loss: 0.0299, avg_kl_loss: 0.0000, avg_vq_loss: 0.1199, ppl: 1.0024, acc: 0.9997, vq_inds: [6, 7, 8, 8], unique_vq_codes: 1264, unique_suffix_codes: 1264, logdet: 0.0000 
val ---  avg_loss: 0.2131, avg_recon_loss: 0.0936, avg_kl_loss: 0.0000, avg_vq_loss: 0.1195, ppl: 1.0076, acc: 0.9983, vq_inds: [6, 7, 8, 8], unique_vq_codes: 600, unique_suffix_codes: 600, val_unique_suffix_codes: 56 

epoch: 185,  avg_loss: 0.1715, avg_recon_loss: 0.0527, avg_kl_loss: 0.0000, avg_vq_loss: 0.1188, ppl: 1.0043, acc: 0.9991, vq_inds: [6, 7, 8, 8], unique_vq_codes: 1246, unique_suffix_codes: 1246, logdet: 0.0000 
val ---  avg_loss: 0.2066, avg_recon_loss: 0.0895, avg_kl_loss: 0.0000, avg_vq_loss: 0.1171, ppl: 1.0073, acc: 0.9984, vq_inds: [6, 7, 8, 8], unique_vq_codes: 603, unique_suffix_codes: 603, val_unique_suffix_codes: 53 

epoch: 186,  avg_loss: 0.1364, avg_recon_loss: 0.0217, avg_kl_loss: 0.0000, avg_vq_loss: 0.1147, ppl: 1.0018, acc: 0.9998, vq_inds: [6, 7, 8, 8], unique_vq_codes: 1275, unique_suffix_codes: 1275, logdet: 0.0000 
val ---  avg_loss: 0.2906, avg_recon_loss: 0.1777, avg_kl_loss: 0.0000, avg_vq_loss: 0.1129, ppl: 1.0145, acc: 0.9959, vq_inds: [6, 7, 8, 8], unique_vq_codes: 605, unique_suffix_codes: 605, val_unique_suffix_codes: 50 

epoch: 187,  avg_loss: 0.1813, avg_recon_loss: 0.0663, avg_kl_loss: 0.0000, avg_vq_loss: 0.1150, ppl: 1.0054, acc: 0.9987, vq_inds: [6, 7, 8, 8], unique_vq_codes: 1274, unique_suffix_codes: 1274, logdet: 0.0000 
val ---  avg_loss: 0.2173, avg_recon_loss: 0.0977, avg_kl_loss: 0.0000, avg_vq_loss: 0.1196, ppl: 1.0079, acc: 0.9982, vq_inds: [6, 7, 8, 8], unique_vq_codes: 609, unique_suffix_codes: 609, val_unique_suffix_codes: 51 

epoch: 188,  avg_loss: 0.1397, avg_recon_loss: 0.0241, avg_kl_loss: 0.0000, avg_vq_loss: 0.1155, ppl: 1.0020, acc: 0.9998, vq_inds: [6, 7, 8, 8], unique_vq_codes: 1296, unique_suffix_codes: 1296, logdet: 0.0000 
val ---  avg_loss: 0.1868, avg_recon_loss: 0.0755, avg_kl_loss: 0.0000, avg_vq_loss: 0.1113, ppl: 1.0061, acc: 0.9987, vq_inds: [6, 7, 8, 8], unique_vq_codes: 604, unique_suffix_codes: 604, val_unique_suffix_codes: 54 

epoch: 189,  avg_loss: 0.1218, avg_recon_loss: 0.0143, avg_kl_loss: 0.0000, avg_vq_loss: 0.1076, ppl: 1.0012, acc: 1.0000, vq_inds: [6, 7, 8, 8], unique_vq_codes: 1291, unique_suffix_codes: 1291, logdet: 0.0000 
val ---  avg_loss: 0.1806, avg_recon_loss: 0.0757, avg_kl_loss: 0.0000, avg_vq_loss: 0.1050, ppl: 1.0061, acc: 0.9988, vq_inds: [6, 7, 8, 8], unique_vq_codes: 612, unique_suffix_codes: 612, val_unique_suffix_codes: 47 

epoch: 190,  avg_loss: 0.1136, avg_recon_loss: 0.0112, avg_kl_loss: 0.0000, avg_vq_loss: 0.1024, ppl: 1.0009, acc: 1.0000, vq_inds: [6, 7, 8, 8], unique_vq_codes: 1280, unique_suffix_codes: 1280, logdet: 0.0000 
val ---  avg_loss: 0.1722, avg_recon_loss: 0.0716, avg_kl_loss: 0.0000, avg_vq_loss: 0.1006, ppl: 1.0058, acc: 0.9988, vq_inds: [6, 7, 8, 8], unique_vq_codes: 612, unique_suffix_codes: 612, val_unique_suffix_codes: 52 

epoch: 191,  avg_loss: 0.1086, avg_recon_loss: 0.0103, avg_kl_loss: 0.0000, avg_vq_loss: 0.0983, ppl: 1.0008, acc: 1.0000, vq_inds: [6, 7, 8, 8], unique_vq_codes: 1277, unique_suffix_codes: 1277, logdet: 0.0000 
val ---  avg_loss: 0.1639, avg_recon_loss: 0.0677, avg_kl_loss: 0.0000, avg_vq_loss: 0.0961, ppl: 1.0055, acc: 0.9987, vq_inds: [6, 7, 8, 8], unique_vq_codes: 612, unique_suffix_codes: 612, val_unique_suffix_codes: 50 

epoch: 192,  avg_loss: 0.1042, avg_recon_loss: 0.0094, avg_kl_loss: 0.0000, avg_vq_loss: 0.0947, ppl: 1.0008, acc: 1.0000, vq_inds: [6, 7, 8, 8], unique_vq_codes: 1268, unique_suffix_codes: 1268, logdet: 0.0000 
val ---  avg_loss: 0.1591, avg_recon_loss: 0.0658, avg_kl_loss: 0.0000, avg_vq_loss: 0.0934, ppl: 1.0053, acc: 0.9989, vq_inds: [6, 7, 8, 8], unique_vq_codes: 602, unique_suffix_codes: 602, val_unique_suffix_codes: 50 

epoch: 193,  avg_loss: 0.1008, avg_recon_loss: 0.0091, avg_kl_loss: 0.0000, avg_vq_loss: 0.0917, ppl: 1.0007, acc: 1.0000, vq_inds: [6, 7, 8, 8], unique_vq_codes: 1274, unique_suffix_codes: 1274, logdet: 0.0000 
val ---  avg_loss: 0.1585, avg_recon_loss: 0.0683, avg_kl_loss: 0.0000, avg_vq_loss: 0.0902, ppl: 1.0055, acc: 0.9989, vq_inds: [6, 7, 8, 8], unique_vq_codes: 605, unique_suffix_codes: 605, val_unique_suffix_codes: 48 

epoch: 194,  avg_loss: 0.0969, avg_recon_loss: 0.0084, avg_kl_loss: 0.0000, avg_vq_loss: 0.0884, ppl: 1.0007, acc: 1.0000, vq_inds: [6, 7, 8, 8], unique_vq_codes: 1259, unique_suffix_codes: 1259, logdet: 0.0000 
val ---  avg_loss: 0.1496, avg_recon_loss: 0.0619, avg_kl_loss: 0.0000, avg_vq_loss: 0.0876, ppl: 1.0050, acc: 0.9990, vq_inds: [6, 7, 8, 8], unique_vq_codes: 600, unique_suffix_codes: 600, val_unique_suffix_codes: 54 

epoch: 195,  avg_loss: 0.0945, avg_recon_loss: 0.0082, avg_kl_loss: 0.0000, avg_vq_loss: 0.0863, ppl: 1.0007, acc: 1.0000, vq_inds: [6, 7, 8, 8], unique_vq_codes: 1258, unique_suffix_codes: 1258, logdet: 0.0000 
val ---  avg_loss: 0.1461, avg_recon_loss: 0.0607, avg_kl_loss: 0.0000, avg_vq_loss: 0.0854, ppl: 1.0049, acc: 0.9989, vq_inds: [6, 7, 8, 8], unique_vq_codes: 602, unique_suffix_codes: 602, val_unique_suffix_codes: 50 

epoch: 196,  avg_loss: 0.0915, avg_recon_loss: 0.0078, avg_kl_loss: 0.0000, avg_vq_loss: 0.0837, ppl: 1.0006, acc: 1.0000, vq_inds: [6, 7, 8, 8], unique_vq_codes: 1265, unique_suffix_codes: 1265, logdet: 0.0000 
val ---  avg_loss: 0.1414, avg_recon_loss: 0.0586, avg_kl_loss: 0.0000, avg_vq_loss: 0.0828, ppl: 1.0047, acc: 0.9990, vq_inds: [6, 7, 8, 8], unique_vq_codes: 605, unique_suffix_codes: 605, val_unique_suffix_codes: 51 

epoch: 197,  avg_loss: 0.0896, avg_recon_loss: 0.0079, avg_kl_loss: 0.0000, avg_vq_loss: 0.0817, ppl: 1.0006, acc: 1.0000, vq_inds: [6, 7, 8, 8], unique_vq_codes: 1272, unique_suffix_codes: 1272, logdet: 0.0000 
val ---  avg_loss: 0.1401, avg_recon_loss: 0.0593, avg_kl_loss: 0.0000, avg_vq_loss: 0.0808, ppl: 1.0048, acc: 0.9990, vq_inds: [6, 7, 8, 8], unique_vq_codes: 597, unique_suffix_codes: 597, val_unique_suffix_codes: 48 

epoch: 198,  avg_loss: 0.0866, avg_recon_loss: 0.0073, avg_kl_loss: 0.0000, avg_vq_loss: 0.0793, ppl: 1.0006, acc: 1.0000, vq_inds: [6, 7, 8, 8], unique_vq_codes: 1258, unique_suffix_codes: 1258, logdet: 0.0000 
val ---  avg_loss: 0.1370, avg_recon_loss: 0.0582, avg_kl_loss: 0.0000, avg_vq_loss: 0.0788, ppl: 1.0047, acc: 0.9991, vq_inds: [6, 7, 8, 8], unique_vq_codes: 597, unique_suffix_codes: 597, val_unique_suffix_codes: 49 

epoch: 199,  avg_loss: 0.1304, avg_recon_loss: 0.0447, avg_kl_loss: 0.0000, avg_vq_loss: 0.0857, ppl: 1.0036, acc: 0.9992, vq_inds: [6, 7, 8, 8], unique_vq_codes: 1286, unique_suffix_codes: 1286, logdet: 0.0000 
val ---  avg_loss: 0.1999, avg_recon_loss: 0.0973, avg_kl_loss: 0.0000, avg_vq_loss: 0.1026, ppl: 1.0079, acc: 0.9982, vq_inds: [6, 7, 8, 8], unique_vq_codes: 623, unique_suffix_codes: 623, val_unique_suffix_codes: 60 
