
number of params: 2279033 
Namespace(batchsize=20, dec_dropout_in=0.4, dec_nh=256, device='cuda', enc_dropout_in=0.0, enc_dropout_out=0.0, enc_nh=256, epochs=100, fig_path='model/msved/results/training/12798_instances/100epochs.png', log_path='model/msved/results/training/12798_instances/100epochs.log', logger=<common.utils.Logger object at 0x7fed17620410>, lr=0.001, maxtrnsize=700000000, maxtstsize=10000, maxvalsize=10000, mname='msved', model=MSVED(
  (embed): Embedding(36, 300)
  (encoder): MSVED_Encoder(
    (embed): Embedding(36, 300)
    (gru): GRU(300, 256, batch_first=True, bidirectional=True)
    (dropout_in): Dropout(p=0.0, inplace=False)
    (linear): Linear(in_features=512, out_features=300, bias=False)
  )
  (decoder): MSVED_Decoder(
    (char_embed): Embedding(36, 300)
    (dropout_in): Dropout(p=0.4, inplace=False)
    (gru): GRU(650, 256, batch_first=True)
    (attn): Linear(in_features=706, out_features=11, bias=True)
    (attn_combine): Linear(in_features=650, out_features=650, bias=True)
    (pred_linear): Linear(in_features=256, out_features=36, bias=False)
    (loss): CrossEntropyLoss()
  )
  (z_to_dec): Linear(in_features=150, out_features=256, bias=True)
  (tag_to_dec): Linear(in_features=200, out_features=256, bias=True)
  (tag_embeddings): ModuleList(
    (0): Embedding(7, 200)
    (1): Embedding(3, 200)
    (2): Embedding(2, 200)
    (3): Embedding(2, 200)
    (4): Embedding(3, 200)
    (5): Embedding(4, 200)
    (6): Embedding(3, 200)
    (7): Embedding(4, 200)
    (8): Embedding(5, 200)
    (9): Embedding(2, 200)
    (10): Embedding(7, 200)
  )
  (classifiers): ModuleList(
    (0): Linear(in_features=512, out_features=7, bias=True)
    (1): Linear(in_features=512, out_features=3, bias=True)
    (2): Linear(in_features=512, out_features=2, bias=True)
    (3): Linear(in_features=512, out_features=2, bias=True)
    (4): Linear(in_features=512, out_features=3, bias=True)
    (5): Linear(in_features=512, out_features=4, bias=True)
    (6): Linear(in_features=512, out_features=3, bias=True)
    (7): Linear(in_features=512, out_features=4, bias=True)
    (8): Linear(in_features=512, out_features=5, bias=True)
    (9): Linear(in_features=512, out_features=2, bias=True)
    (10): Linear(in_features=512, out_features=7, bias=True)
  )
), modelname='model/msved/results/training/12798_instances/', ni=300, nz=150, opt='Adam', save_path='model/msved/results/training/12798_instances/100epochs.pt', seq_to_no_pad='surface', surface_vocab_file='data/sigmorphon2016/turkish-task3-train', task='msved', trndata='data/sigmorphon2016/turkish-task3-train', trnsize=12798, tstdata='data/sigmorphon2016/turkish-task3-test', tstsize=12798, unlabeled_data='data/sigmorphon2016/zhou_ux.txt', update_temp=2000, usize=28794, valdata='data/sigmorphon2016/turkish-task3-dev', valsize=1600)

embed.weight, torch.Size([36, 300]): True
encoder.gru.weight_ih_l0, torch.Size([768, 300]): True
encoder.gru.weight_hh_l0, torch.Size([768, 256]): True
encoder.gru.bias_ih_l0, torch.Size([768]): True
encoder.gru.bias_hh_l0, torch.Size([768]): True
encoder.gru.weight_ih_l0_reverse, torch.Size([768, 300]): True
encoder.gru.weight_hh_l0_reverse, torch.Size([768, 256]): True
encoder.gru.bias_ih_l0_reverse, torch.Size([768]): True
encoder.gru.bias_hh_l0_reverse, torch.Size([768]): True
encoder.linear.weight, torch.Size([300, 512]): True
decoder.gru.weight_ih_l0, torch.Size([768, 650]): True
decoder.gru.weight_hh_l0, torch.Size([768, 256]): True
decoder.gru.bias_ih_l0, torch.Size([768]): True
decoder.gru.bias_hh_l0, torch.Size([768]): True
decoder.attn.weight, torch.Size([11, 706]): True
decoder.attn.bias, torch.Size([11]): True
decoder.attn_combine.weight, torch.Size([650, 650]): True
decoder.attn_combine.bias, torch.Size([650]): True
decoder.pred_linear.weight, torch.Size([36, 256]): True
z_to_dec.weight, torch.Size([256, 150]): True
z_to_dec.bias, torch.Size([256]): True
tag_to_dec.weight, torch.Size([256, 200]): True
tag_to_dec.bias, torch.Size([256]): True
tag_embeddings.0.weight, torch.Size([7, 200]): True
tag_embeddings.1.weight, torch.Size([3, 200]): True
tag_embeddings.2.weight, torch.Size([2, 200]): True
tag_embeddings.3.weight, torch.Size([2, 200]): True
tag_embeddings.4.weight, torch.Size([3, 200]): True
tag_embeddings.5.weight, torch.Size([4, 200]): True
tag_embeddings.6.weight, torch.Size([3, 200]): True
tag_embeddings.7.weight, torch.Size([4, 200]): True
tag_embeddings.8.weight, torch.Size([5, 200]): True
tag_embeddings.9.weight, torch.Size([2, 200]): True
tag_embeddings.10.weight, torch.Size([7, 200]): True
classifiers.0.weight, torch.Size([7, 512]): True
classifiers.0.bias, torch.Size([7]): True
classifiers.1.weight, torch.Size([3, 512]): True
classifiers.1.bias, torch.Size([3]): True
classifiers.2.weight, torch.Size([2, 512]): True
classifiers.2.bias, torch.Size([2]): True
classifiers.3.weight, torch.Size([2, 512]): True
classifiers.3.bias, torch.Size([2]): True
classifiers.4.weight, torch.Size([3, 512]): True
classifiers.4.bias, torch.Size([3]): True
classifiers.5.weight, torch.Size([4, 512]): True
classifiers.5.bias, torch.Size([4]): True
classifiers.6.weight, torch.Size([3, 512]): True
classifiers.6.bias, torch.Size([3]): True
classifiers.7.weight, torch.Size([4, 512]): True
classifiers.7.bias, torch.Size([4]): True
classifiers.8.weight, torch.Size([5, 512]): True
classifiers.8.bias, torch.Size([5]): True
classifiers.9.weight, torch.Size([2, 512]): True
classifiers.9.bias, torch.Size([2]): True
classifiers.10.weight, torch.Size([7, 512]): True
classifiers.10.bias, torch.Size([7]): True
epoch: 0, kl_weight: 0.00, tmp: 1.00
trn--- ux_msvae_loss: 18.1398,  ux_msvae_kl_loss: 335.1890,  ux_msvae_recon_loss: 1.4706,  ux_msvae_recon_acc: 0.5626
trn--- lxsrc_msvae_loss: 25.7363,  lxsrc_msvae_kl_loss: 184.6651,  lxsrc_msvae_recon_loss: 2.0879,  lxsrc_msvae_recon_acc: 0.3714
trn--- lxtgt_labeled_msvae_loss: 30.7991,  lxtgt_labeled_msvae_tag_pred_loss: 0.4704, lxtgt_labeled_msvae_tag_acc: 0.5567, lxtgt_labeled_msvae_kl_loss: 193.2778,  lxtgt_labeled_msvae_recon_loss: 2.0754,  lxtgt_labeled_msvae_recon_acc: 0.3791
trn--- lxtgt_to_lxsrc_msved_loss: 25.5039,  lxtgt_to_lxsrc_msved_kl_loss: 193.2778,  lxtgt_to_lxsrc_msved_recon_loss: 2.0691,  lxtgt_to_lxsrc_msved_recon_acc: 0.3831
trn--- labeled_msved_loss: 31.9852,  labeled_msved_tag_pred_loss: 0.4704, labeled_msved_tag_acc: 0.5567, labeled_msved_kl_loss: 184.6651,  labeled_msved_recon_loss: 2.1715,  labeled_msved_recon_acc: 0.3381
val--- labeled_msved_loss: 48.6269,  labeled_msved_tag_pred_loss: 0.2837, labeled_msved_tag_acc: 0.6831, labeled_msved_kl_loss: 497.2203,  labeled_msved_recon_loss: 3.6540,  labeled_msved_recon_acc: 0.2709
 update best loss 

TST SET ACCURACY: 0.000
epoch: 1, kl_weight: 0.00, tmp: 0.94
trn--- ux_msvae_loss: 4.5949,  ux_msvae_kl_loss: 551.8413,  ux_msvae_recon_loss: 0.3725,  ux_msvae_recon_acc: 0.8963
trn--- lxsrc_msvae_loss: 7.5174,  lxsrc_msvae_kl_loss: 509.8122,  lxsrc_msvae_recon_loss: 0.6099,  lxsrc_msvae_recon_acc: 0.8198
trn--- lxtgt_labeled_msvae_loss: 9.9029,  lxtgt_labeled_msvae_tag_pred_loss: 0.1351, lxtgt_labeled_msvae_tag_acc: 0.7823, lxtgt_labeled_msvae_kl_loss: 513.5861,  lxtgt_labeled_msvae_recon_loss: 0.6817,  lxtgt_labeled_msvae_recon_acc: 0.7982
trn--- lxtgt_to_lxsrc_msved_loss: 7.7801,  lxtgt_to_lxsrc_msved_kl_loss: 513.5861,  lxtgt_to_lxsrc_msved_recon_loss: 0.6312,  lxtgt_to_lxsrc_msved_recon_acc: 0.8125
trn--- labeled_msved_loss: 12.7485,  labeled_msved_tag_pred_loss: 0.1351, labeled_msved_tag_acc: 0.7823, labeled_msved_kl_loss: 509.8122,  labeled_msved_recon_loss: 0.9122,  labeled_msved_recon_acc: 0.7044
val--- labeled_msved_loss: 29.9489,  labeled_msved_tag_pred_loss: 0.1522, labeled_msved_tag_acc: 0.7688, labeled_msved_kl_loss: 617.0945,  labeled_msved_recon_loss: 2.2704,  labeled_msved_recon_acc: 0.6447
 update best loss 

epoch: 2, kl_weight: 0.00, tmp: 0.89
trn--- ux_msvae_loss: 1.1726,  ux_msvae_kl_loss: 627.6992,  ux_msvae_recon_loss: 0.0951,  ux_msvae_recon_acc: 0.9767
trn--- lxsrc_msvae_loss: 2.0639,  lxsrc_msvae_kl_loss: 618.8023,  lxsrc_msvae_recon_loss: 0.1674,  lxsrc_msvae_recon_acc: 0.9538
trn--- lxtgt_labeled_msvae_loss: 3.7599,  lxtgt_labeled_msvae_tag_pred_loss: 0.0972, lxtgt_labeled_msvae_tag_acc: 0.7949, lxtgt_labeled_msvae_kl_loss: 614.0744,  lxtgt_labeled_msvae_recon_loss: 0.2180,  lxtgt_labeled_msvae_recon_acc: 0.9377
trn--- lxtgt_to_lxsrc_msved_loss: 2.2430,  lxtgt_to_lxsrc_msved_kl_loss: 614.0744,  lxtgt_to_lxsrc_msved_recon_loss: 0.1820,  lxtgt_to_lxsrc_msved_recon_acc: 0.9498
trn--- labeled_msved_loss: 6.0374,  labeled_msved_tag_pred_loss: 0.0972, labeled_msved_tag_acc: 0.7949, labeled_msved_kl_loss: 618.8023,  labeled_msved_recon_loss: 0.4024,  labeled_msved_recon_acc: 0.8675
val--- labeled_msved_loss: 16.2126,  labeled_msved_tag_pred_loss: 0.1261, labeled_msved_tag_acc: 0.8081, labeled_msved_kl_loss: 648.7066,  labeled_msved_recon_loss: 1.1905,  labeled_msved_recon_acc: 0.8284
 update best loss 

epoch: 3, kl_weight: 0.00, tmp: 0.89
trn--- ux_msvae_loss: 0.4516,  ux_msvae_kl_loss: 668.6948,  ux_msvae_recon_loss: 0.0366,  ux_msvae_recon_acc: 0.9916
trn--- lxsrc_msvae_loss: 0.8478,  lxsrc_msvae_kl_loss: 660.7344,  lxsrc_msvae_recon_loss: 0.0688,  lxsrc_msvae_recon_acc: 0.9821
trn--- lxtgt_labeled_msvae_loss: 2.1239,  lxtgt_labeled_msvae_tag_pred_loss: 0.0856, lxtgt_labeled_msvae_tag_acc: 0.8042, lxtgt_labeled_msvae_kl_loss: 656.4844,  lxtgt_labeled_msvae_recon_loss: 0.0957,  lxtgt_labeled_msvae_recon_acc: 0.9745
trn--- lxtgt_to_lxsrc_msved_loss: 0.9384,  lxtgt_to_lxsrc_msved_kl_loss: 656.4844,  lxtgt_to_lxsrc_msved_recon_loss: 0.0761,  lxtgt_to_lxsrc_msved_recon_acc: 0.9814
trn--- labeled_msved_loss: 3.4855,  labeled_msved_tag_pred_loss: 0.0856, labeled_msved_tag_acc: 0.8042, labeled_msved_kl_loss: 660.7344,  labeled_msved_recon_loss: 0.2060,  labeled_msved_recon_acc: 0.9365
val--- labeled_msved_loss: 10.5396,  labeled_msved_tag_pred_loss: 0.1112, labeled_msved_tag_acc: 0.7906, labeled_msved_kl_loss: 685.5554,  labeled_msved_recon_loss: 0.7481,  labeled_msved_recon_acc: 0.9060
 update best loss 

epoch: 4, kl_weight: 0.00, tmp: 0.84
trn--- ux_msvae_loss: 0.3306,  ux_msvae_kl_loss: 695.8172,  ux_msvae_recon_loss: 0.0268,  ux_msvae_recon_acc: 0.9934
trn--- lxsrc_msvae_loss: 0.5900,  lxsrc_msvae_kl_loss: 694.0515,  lxsrc_msvae_recon_loss: 0.0479,  lxsrc_msvae_recon_acc: 0.9868
trn--- lxtgt_labeled_msvae_loss: 1.6947,  lxtgt_labeled_msvae_tag_pred_loss: 0.0791, lxtgt_labeled_msvae_tag_acc: 0.8107, lxtgt_labeled_msvae_kl_loss: 682.6324,  lxtgt_labeled_msvae_recon_loss: 0.0667,  lxtgt_labeled_msvae_recon_acc: 0.9813
trn--- lxtgt_to_lxsrc_msved_loss: 0.6705,  lxtgt_to_lxsrc_msved_kl_loss: 682.6324,  lxtgt_to_lxsrc_msved_recon_loss: 0.0544,  lxtgt_to_lxsrc_msved_recon_acc: 0.9865
trn--- labeled_msved_loss: 2.6036,  labeled_msved_tag_pred_loss: 0.0791, labeled_msved_tag_acc: 0.8107, labeled_msved_kl_loss: 694.0515,  labeled_msved_recon_loss: 0.1404,  labeled_msved_recon_acc: 0.9584
val--- labeled_msved_loss: 11.0952,  labeled_msved_tag_pred_loss: 0.1068, labeled_msved_tag_acc: 0.7731, labeled_msved_kl_loss: 708.9284,  labeled_msved_recon_loss: 0.7966,  labeled_msved_recon_acc: 0.9069
epoch: 5, kl_weight: 0.00, tmp: 0.79
trn--- ux_msvae_loss: 0.2508,  ux_msvae_kl_loss: 728.1203,  ux_msvae_recon_loss: 0.0203,  ux_msvae_recon_acc: 0.9949
trn--- lxsrc_msvae_loss: 0.3920,  lxsrc_msvae_kl_loss: 713.6661,  lxsrc_msvae_recon_loss: 0.0318,  lxsrc_msvae_recon_acc: 0.9914
trn--- lxtgt_labeled_msvae_loss: 1.3654,  lxtgt_labeled_msvae_tag_pred_loss: 0.0728, lxtgt_labeled_msvae_tag_acc: 0.8163, lxtgt_labeled_msvae_kl_loss: 703.5831,  lxtgt_labeled_msvae_recon_loss: 0.0457,  lxtgt_labeled_msvae_recon_acc: 0.9874
trn--- lxtgt_to_lxsrc_msved_loss: 0.4392,  lxtgt_to_lxsrc_msved_kl_loss: 703.5831,  lxtgt_to_lxsrc_msved_recon_loss: 0.0356,  lxtgt_to_lxsrc_msved_recon_acc: 0.9916
trn--- labeled_msved_loss: 2.0291,  labeled_msved_tag_pred_loss: 0.0728, labeled_msved_tag_acc: 0.8163, labeled_msved_kl_loss: 713.6661,  labeled_msved_recon_loss: 0.0994,  labeled_msved_recon_acc: 0.9699
val--- labeled_msved_loss: 9.6159,  labeled_msved_tag_pred_loss: 0.1164, labeled_msved_tag_acc: 0.7650, labeled_msved_kl_loss: 741.1011,  labeled_msved_recon_loss: 0.6693,  labeled_msved_recon_acc: 0.9294
 update best loss 

TST SET ACCURACY: 0.756
epoch: 6, kl_weight: 0.00, tmp: 0.74
trn--- ux_msvae_loss: 0.2158,  ux_msvae_kl_loss: 755.6833,  ux_msvae_recon_loss: 0.0166,  ux_msvae_recon_acc: 0.9956
trn--- lxsrc_msvae_loss: 0.3500,  lxsrc_msvae_kl_loss: 750.2784,  lxsrc_msvae_recon_loss: 0.0284,  lxsrc_msvae_recon_acc: 0.9921
trn--- lxtgt_labeled_msvae_loss: 1.2673,  lxtgt_labeled_msvae_tag_pred_loss: 0.0704, lxtgt_labeled_msvae_tag_acc: 0.8206, lxtgt_labeled_msvae_kl_loss: 732.5865,  lxtgt_labeled_msvae_recon_loss: 0.0399,  lxtgt_labeled_msvae_recon_acc: 0.9884
trn--- lxtgt_to_lxsrc_msved_loss: 0.3888,  lxtgt_to_lxsrc_msved_kl_loss: 732.5865,  lxtgt_to_lxsrc_msved_recon_loss: 0.0315,  lxtgt_to_lxsrc_msved_recon_acc: 0.9929
trn--- labeled_msved_loss: 1.8385,  labeled_msved_tag_pred_loss: 0.0704, labeled_msved_tag_acc: 0.8206, labeled_msved_kl_loss: 750.2784,  labeled_msved_recon_loss: 0.0862,  labeled_msved_recon_acc: 0.9737
val--- labeled_msved_loss: 9.6631,  labeled_msved_tag_pred_loss: 0.1060, labeled_msved_tag_acc: 0.7900, labeled_msved_kl_loss: 688.6410,  labeled_msved_recon_loss: 0.6531,  labeled_msved_recon_acc: 0.9287
epoch: 7, kl_weight: 0.01, tmp: 0.74
trn--- ux_msvae_loss: 1.1352,  ux_msvae_kl_loss: 191.2272,  ux_msvae_recon_loss: 0.0285,  ux_msvae_recon_acc: 0.9916
trn--- lxsrc_msvae_loss: 1.0619,  lxsrc_msvae_kl_loss: 272.8043,  lxsrc_msvae_recon_loss: 0.0359,  lxsrc_msvae_recon_acc: 0.9892
trn--- lxtgt_labeled_msvae_loss: 1.9487,  lxtgt_labeled_msvae_tag_pred_loss: 0.0692, lxtgt_labeled_msvae_tag_acc: 0.8243, lxtgt_labeled_msvae_kl_loss: 271.3297,  lxtgt_labeled_msvae_recon_loss: 0.0462,  lxtgt_labeled_msvae_recon_acc: 0.9865
trn--- lxtgt_to_lxsrc_msved_loss: 1.1093,  lxtgt_to_lxsrc_msved_kl_loss: 271.3297,  lxtgt_to_lxsrc_msved_recon_loss: 0.0399,  lxtgt_to_lxsrc_msved_recon_acc: 0.9894
trn--- labeled_msved_loss: 2.4376,  labeled_msved_tag_pred_loss: 0.0692, labeled_msved_tag_acc: 0.8243, labeled_msved_kl_loss: 272.8043,  labeled_msved_recon_loss: 0.0856,  labeled_msved_recon_acc: 0.9740
val--- labeled_msved_loss: 11.0468,  labeled_msved_tag_pred_loss: 0.0978, labeled_msved_tag_acc: 0.7831, labeled_msved_kl_loss: 115.1468,  labeled_msved_recon_loss: 0.7070,  labeled_msved_recon_acc: 0.9335
epoch: 8, kl_weight: 0.02, tmp: 0.70
trn--- ux_msvae_loss: 1.9305,  ux_msvae_kl_loss: 97.8889,  ux_msvae_recon_loss: 0.0417,  ux_msvae_recon_acc: 0.9869
trn--- lxsrc_msvae_loss: 1.9400,  lxsrc_msvae_kl_loss: 114.4980,  lxsrc_msvae_recon_loss: 0.0442,  lxsrc_msvae_recon_acc: 0.9861
trn--- lxtgt_labeled_msvae_loss: 2.8578,  lxtgt_labeled_msvae_tag_pred_loss: 0.0702, lxtgt_labeled_msvae_tag_acc: 0.8236, lxtgt_labeled_msvae_kl_loss: 115.8564,  lxtgt_labeled_msvae_recon_loss: 0.0546,  lxtgt_labeled_msvae_recon_acc: 0.9829
trn--- lxtgt_to_lxsrc_msved_loss: 2.1009,  lxtgt_to_lxsrc_msved_kl_loss: 115.8564,  lxtgt_to_lxsrc_msved_recon_loss: 0.0559,  lxtgt_to_lxsrc_msved_recon_acc: 0.9839
trn--- labeled_msved_loss: 3.2943,  labeled_msved_tag_pred_loss: 0.0702, labeled_msved_tag_acc: 0.8236, labeled_msved_kl_loss: 114.4980,  labeled_msved_recon_loss: 0.0913,  labeled_msved_recon_acc: 0.9719
val--- labeled_msved_loss: 9.2553,  labeled_msved_tag_pred_loss: 0.1047, labeled_msved_tag_acc: 0.7994, labeled_msved_kl_loss: 78.8843,  labeled_msved_recon_loss: 0.5257,  labeled_msved_recon_acc: 0.9517
 update best loss 

epoch: 9, kl_weight: 0.03, tmp: 0.66
trn--- ux_msvae_loss: 2.4597,  ux_msvae_kl_loss: 76.0092,  ux_msvae_recon_loss: 0.0503,  ux_msvae_recon_acc: 0.9840
trn--- lxsrc_msvae_loss: 2.6249,  lxsrc_msvae_kl_loss: 85.8214,  lxsrc_msvae_recon_loss: 0.0609,  lxsrc_msvae_recon_acc: 0.9801
trn--- lxtgt_labeled_msvae_loss: 3.4522,  lxtgt_labeled_msvae_tag_pred_loss: 0.0684, lxtgt_labeled_msvae_tag_acc: 0.8264, lxtgt_labeled_msvae_kl_loss: 86.5210,  lxtgt_labeled_msvae_recon_loss: 0.0656,  lxtgt_labeled_msvae_recon_acc: 0.9794
trn--- lxtgt_to_lxsrc_msved_loss: 2.7611,  lxtgt_to_lxsrc_msved_kl_loss: 86.5210,  lxtgt_to_lxsrc_msved_recon_loss: 0.0707,  lxtgt_to_lxsrc_msved_recon_acc: 0.9789
trn--- labeled_msved_loss: 3.8893,  labeled_msved_tag_pred_loss: 0.0684, labeled_msved_tag_acc: 0.8264, labeled_msved_kl_loss: 85.8214,  labeled_msved_recon_loss: 0.1022,  labeled_msved_recon_acc: 0.9690
val--- labeled_msved_loss: 9.6077,  labeled_msved_tag_pred_loss: 0.0970, labeled_msved_tag_acc: 0.8013, labeled_msved_kl_loss: 65.1801,  labeled_msved_recon_loss: 0.5323,  labeled_msved_recon_acc: 0.9494
epoch: 10, kl_weight: 0.04, tmp: 0.66
trn--- ux_msvae_loss: 2.8090,  ux_msvae_kl_loss: 62.7468,  ux_msvae_recon_loss: 0.0554,  ux_msvae_recon_acc: 0.9819
trn--- lxsrc_msvae_loss: 2.9295,  lxsrc_msvae_kl_loss: 69.0423,  lxsrc_msvae_recon_loss: 0.0615,  lxsrc_msvae_recon_acc: 0.9801
trn--- lxtgt_labeled_msvae_loss: 3.7469,  lxtgt_labeled_msvae_tag_pred_loss: 0.0654, lxtgt_labeled_msvae_tag_acc: 0.8283, lxtgt_labeled_msvae_kl_loss: 70.4086,  lxtgt_labeled_msvae_recon_loss: 0.0659,  lxtgt_labeled_msvae_recon_acc: 0.9790
trn--- lxtgt_to_lxsrc_msved_loss: 3.1850,  lxtgt_to_lxsrc_msved_kl_loss: 70.4086,  lxtgt_to_lxsrc_msved_recon_loss: 0.0787,  lxtgt_to_lxsrc_msved_recon_acc: 0.9763
trn--- labeled_msved_loss: 4.1412,  labeled_msved_tag_pred_loss: 0.0654, labeled_msved_tag_acc: 0.8283, labeled_msved_kl_loss: 69.0423,  labeled_msved_recon_loss: 0.1013,  labeled_msved_recon_acc: 0.9689
val--- labeled_msved_loss: 9.4335,  labeled_msved_tag_pred_loss: 0.0975, labeled_msved_tag_acc: 0.8013, labeled_msved_kl_loss: 53.0510,  labeled_msved_recon_loss: 0.5056,  labeled_msved_recon_acc: 0.9529
TST SET ACCURACY: 0.869
epoch: 11, kl_weight: 0.05, tmp: 0.62
trn--- ux_msvae_loss: 3.1052,  ux_msvae_kl_loss: 54.2365,  ux_msvae_recon_loss: 0.0604,  ux_msvae_recon_acc: 0.9803
trn--- lxsrc_msvae_loss: 3.2340,  lxsrc_msvae_kl_loss: 58.7532,  lxsrc_msvae_recon_loss: 0.0666,  lxsrc_msvae_recon_acc: 0.9782
trn--- lxtgt_labeled_msvae_loss: 4.0254,  lxtgt_labeled_msvae_tag_pred_loss: 0.0655, lxtgt_labeled_msvae_tag_acc: 0.8299, lxtgt_labeled_msvae_kl_loss: 60.0816,  lxtgt_labeled_msvae_recon_loss: 0.0678,  lxtgt_labeled_msvae_recon_acc: 0.9787
trn--- lxtgt_to_lxsrc_msved_loss: 3.5035,  lxtgt_to_lxsrc_msved_kl_loss: 60.0816,  lxtgt_to_lxsrc_msved_recon_loss: 0.0841,  lxtgt_to_lxsrc_msved_recon_acc: 0.9742
trn--- labeled_msved_loss: 4.3842,  labeled_msved_tag_pred_loss: 0.0655, labeled_msved_tag_acc: 0.8299, labeled_msved_kl_loss: 58.7532,  labeled_msved_recon_loss: 0.1013,  labeled_msved_recon_acc: 0.9686
val--- labeled_msved_loss: 9.3031,  labeled_msved_tag_pred_loss: 0.0948, labeled_msved_tag_acc: 0.8144, labeled_msved_kl_loss: 49.4632,  labeled_msved_recon_loss: 0.4706,  labeled_msved_recon_acc: 0.9545
epoch: 12, kl_weight: 0.06, tmp: 0.58
trn--- ux_msvae_loss: 3.3086,  ux_msvae_kl_loss: 47.4948,  ux_msvae_recon_loss: 0.0636,  ux_msvae_recon_acc: 0.9791
trn--- lxsrc_msvae_loss: 3.4496,  lxsrc_msvae_kl_loss: 51.3081,  lxsrc_msvae_recon_loss: 0.0690,  lxsrc_msvae_recon_acc: 0.9773
trn--- lxtgt_labeled_msvae_loss: 4.2487,  lxtgt_labeled_msvae_tag_pred_loss: 0.0633, lxtgt_labeled_msvae_tag_acc: 0.8315, lxtgt_labeled_msvae_kl_loss: 52.7662,  lxtgt_labeled_msvae_recon_loss: 0.0712,  lxtgt_labeled_msvae_recon_acc: 0.9770
trn--- lxtgt_to_lxsrc_msved_loss: 3.8079,  lxtgt_to_lxsrc_msved_kl_loss: 52.7662,  lxtgt_to_lxsrc_msved_recon_loss: 0.0921,  lxtgt_to_lxsrc_msved_recon_acc: 0.9714
trn--- labeled_msved_loss: 4.5656,  labeled_msved_tag_pred_loss: 0.0633, labeled_msved_tag_acc: 0.8315, labeled_msved_kl_loss: 51.3081,  labeled_msved_recon_loss: 0.1028,  labeled_msved_recon_acc: 0.9677
val--- labeled_msved_loss: 9.0352,  labeled_msved_tag_pred_loss: 0.1000, labeled_msved_tag_acc: 0.8150, labeled_msved_kl_loss: 42.6827,  labeled_msved_recon_loss: 0.4379,  labeled_msved_recon_acc: 0.9613
 update best loss 

epoch: 13, kl_weight: 0.07, tmp: 0.55
trn--- ux_msvae_loss: 3.4547,  ux_msvae_kl_loss: 42.2459,  ux_msvae_recon_loss: 0.0651,  ux_msvae_recon_acc: 0.9785
trn--- lxsrc_msvae_loss: 3.6131,  lxsrc_msvae_kl_loss: 45.1639,  lxsrc_msvae_recon_loss: 0.0723,  lxsrc_msvae_recon_acc: 0.9762
trn--- lxtgt_labeled_msvae_loss: 4.3617,  lxtgt_labeled_msvae_tag_pred_loss: 0.0625, lxtgt_labeled_msvae_tag_acc: 0.8326, lxtgt_labeled_msvae_kl_loss: 46.7160,  lxtgt_labeled_msvae_recon_loss: 0.0695,  lxtgt_labeled_msvae_recon_acc: 0.9777
trn--- lxtgt_to_lxsrc_msved_loss: 3.9668,  lxtgt_to_lxsrc_msved_kl_loss: 46.7160,  lxtgt_to_lxsrc_msved_recon_loss: 0.0934,  lxtgt_to_lxsrc_msved_recon_acc: 0.9712
trn--- labeled_msved_loss: 4.6152,  labeled_msved_tag_pred_loss: 0.0625, labeled_msved_tag_acc: 0.8326, labeled_msved_kl_loss: 45.1639,  labeled_msved_recon_loss: 0.0976,  labeled_msved_recon_acc: 0.9695
val--- labeled_msved_loss: 8.9527,  labeled_msved_tag_pred_loss: 0.1059, labeled_msved_tag_acc: 0.7975, labeled_msved_kl_loss: 39.0811,  labeled_msved_recon_loss: 0.4128,  labeled_msved_recon_acc: 0.9636
 update best loss 

epoch: 14, kl_weight: 0.08, tmp: 0.55
trn--- ux_msvae_loss: 3.6092,  ux_msvae_kl_loss: 38.4520,  ux_msvae_recon_loss: 0.0670,  ux_msvae_recon_acc: 0.9783
trn--- lxsrc_msvae_loss: 3.7435,  lxsrc_msvae_kl_loss: 40.8478,  lxsrc_msvae_recon_loss: 0.0721,  lxsrc_msvae_recon_acc: 0.9761
trn--- lxtgt_labeled_msvae_loss: 4.4785,  lxtgt_labeled_msvae_tag_pred_loss: 0.0605, lxtgt_labeled_msvae_tag_acc: 0.8360, lxtgt_labeled_msvae_kl_loss: 42.4671,  lxtgt_labeled_msvae_recon_loss: 0.0685,  lxtgt_labeled_msvae_recon_acc: 0.9782
trn--- lxtgt_to_lxsrc_msved_loss: 4.1755,  lxtgt_to_lxsrc_msved_kl_loss: 42.4671,  lxtgt_to_lxsrc_msved_recon_loss: 0.0980,  lxtgt_to_lxsrc_msved_recon_acc: 0.9696
trn--- labeled_msved_loss: 4.7420,  labeled_msved_tag_pred_loss: 0.0605, labeled_msved_tag_acc: 0.8360, labeled_msved_kl_loss: 40.8478,  labeled_msved_recon_loss: 0.0990,  labeled_msved_recon_acc: 0.9692
val--- labeled_msved_loss: 9.5378,  labeled_msved_tag_pred_loss: 0.1027, labeled_msved_tag_acc: 0.8100, labeled_msved_kl_loss: 35.4956,  labeled_msved_recon_loss: 0.4547,  labeled_msved_recon_acc: 0.9605
epoch: 15, kl_weight: 0.09, tmp: 0.52
trn--- ux_msvae_loss: 3.7373,  ux_msvae_kl_loss: 35.2536,  ux_msvae_recon_loss: 0.0687,  ux_msvae_recon_acc: 0.9776
trn--- lxsrc_msvae_loss: 3.8720,  lxsrc_msvae_kl_loss: 37.2708,  lxsrc_msvae_recon_loss: 0.0738,  lxsrc_msvae_recon_acc: 0.9759
trn--- lxtgt_labeled_msvae_loss: 4.6145,  lxtgt_labeled_msvae_tag_pred_loss: 0.0587, lxtgt_labeled_msvae_tag_acc: 0.8402, lxtgt_labeled_msvae_kl_loss: 38.9464,  lxtgt_labeled_msvae_recon_loss: 0.0708,  lxtgt_labeled_msvae_recon_acc: 0.9768
trn--- lxtgt_to_lxsrc_msved_loss: 4.3459,  lxtgt_to_lxsrc_msved_kl_loss: 38.9464,  lxtgt_to_lxsrc_msved_recon_loss: 0.1015,  lxtgt_to_lxsrc_msved_recon_acc: 0.9689
trn--- labeled_msved_loss: 4.7945,  labeled_msved_tag_pred_loss: 0.0587, labeled_msved_tag_acc: 0.8402, labeled_msved_kl_loss: 37.2708,  labeled_msved_recon_loss: 0.0961,  labeled_msved_recon_acc: 0.9700
val--- labeled_msved_loss: 8.5968,  labeled_msved_tag_pred_loss: 0.1056, labeled_msved_tag_acc: 0.7950, labeled_msved_kl_loss: 32.1070,  labeled_msved_recon_loss: 0.3730,  labeled_msved_recon_acc: 0.9679
 update best loss 

TST SET ACCURACY: 0.907
epoch: 16, kl_weight: 0.10, tmp: 0.50
trn--- ux_msvae_loss: 3.8775,  ux_msvae_kl_loss: 32.8657,  ux_msvae_recon_loss: 0.0703,  ux_msvae_recon_acc: 0.9776
trn--- lxsrc_msvae_loss: 4.0360,  lxsrc_msvae_kl_loss: 34.8303,  lxsrc_msvae_recon_loss: 0.0757,  lxsrc_msvae_recon_acc: 0.9749
trn--- lxtgt_labeled_msvae_loss: 4.7902,  lxtgt_labeled_msvae_tag_pred_loss: 0.0580, lxtgt_labeled_msvae_tag_acc: 0.8402, lxtgt_labeled_msvae_kl_loss: 36.4362,  lxtgt_labeled_msvae_recon_loss: 0.0735,  lxtgt_labeled_msvae_recon_acc: 0.9762
trn--- lxtgt_to_lxsrc_msved_loss: 4.5551,  lxtgt_to_lxsrc_msved_kl_loss: 36.4362,  lxtgt_to_lxsrc_msved_recon_loss: 0.1062,  lxtgt_to_lxsrc_msved_recon_acc: 0.9672
trn--- labeled_msved_loss: 4.9504,  labeled_msved_tag_pred_loss: 0.0580, labeled_msved_tag_acc: 0.8402, labeled_msved_kl_loss: 34.8303,  labeled_msved_recon_loss: 0.0980,  labeled_msved_recon_acc: 0.9690
val--- labeled_msved_loss: 8.6678,  labeled_msved_tag_pred_loss: 0.1012, labeled_msved_tag_acc: 0.7631, labeled_msved_kl_loss: 30.2307,  labeled_msved_recon_loss: 0.3723,  labeled_msved_recon_acc: 0.9688
epoch: 17, kl_weight: 0.11, tmp: 0.50
trn--- ux_msvae_loss: 4.0091,  ux_msvae_kl_loss: 30.7933,  ux_msvae_recon_loss: 0.0724,  ux_msvae_recon_acc: 0.9764
trn--- lxsrc_msvae_loss: 4.1608,  lxsrc_msvae_kl_loss: 32.4967,  lxsrc_msvae_recon_loss: 0.0774,  lxsrc_msvae_recon_acc: 0.9748
trn--- lxtgt_labeled_msvae_loss: 4.9111,  lxtgt_labeled_msvae_tag_pred_loss: 0.0568, lxtgt_labeled_msvae_tag_acc: 0.8432, lxtgt_labeled_msvae_kl_loss: 34.1721,  lxtgt_labeled_msvae_recon_loss: 0.0741,  lxtgt_labeled_msvae_recon_acc: 0.9763
trn--- lxtgt_to_lxsrc_msved_loss: 4.6631,  lxtgt_to_lxsrc_msved_kl_loss: 34.1721,  lxtgt_to_lxsrc_msved_recon_loss: 0.1048,  lxtgt_to_lxsrc_msved_recon_acc: 0.9679
trn--- labeled_msved_loss: 5.0322,  labeled_msved_tag_pred_loss: 0.0568, labeled_msved_tag_acc: 0.8432, labeled_msved_kl_loss: 32.4967,  labeled_msved_recon_loss: 0.0973,  labeled_msved_recon_acc: 0.9693
val--- labeled_msved_loss: 9.6842,  labeled_msved_tag_pred_loss: 0.1121, labeled_msved_tag_acc: 0.7950, labeled_msved_kl_loss: 29.7031,  labeled_msved_recon_loss: 0.4255,  labeled_msved_recon_acc: 0.9640
epoch: 18, kl_weight: 0.12, tmp: 0.50
trn--- ux_msvae_loss: 4.1245,  ux_msvae_kl_loss: 28.9885,  ux_msvae_recon_loss: 0.0740,  ux_msvae_recon_acc: 0.9761
trn--- lxsrc_msvae_loss: 4.2690,  lxsrc_msvae_kl_loss: 30.4786,  lxsrc_msvae_recon_loss: 0.0786,  lxsrc_msvae_recon_acc: 0.9741
trn--- lxtgt_labeled_msvae_loss: 4.9810,  lxtgt_labeled_msvae_tag_pred_loss: 0.0550, lxtgt_labeled_msvae_tag_acc: 0.8454, lxtgt_labeled_msvae_kl_loss: 32.1551,  lxtgt_labeled_msvae_recon_loss: 0.0724,  lxtgt_labeled_msvae_recon_acc: 0.9768
trn--- lxtgt_to_lxsrc_msved_loss: 4.8150,  lxtgt_to_lxsrc_msved_kl_loss: 32.1551,  lxtgt_to_lxsrc_msved_recon_loss: 0.1082,  lxtgt_to_lxsrc_msved_recon_acc: 0.9660
trn--- labeled_msved_loss: 5.0689,  labeled_msved_tag_pred_loss: 0.0550, labeled_msved_tag_acc: 0.8454, labeled_msved_kl_loss: 30.4786,  labeled_msved_recon_loss: 0.0942,  labeled_msved_recon_acc: 0.9706
val--- labeled_msved_loss: 9.0630,  labeled_msved_tag_pred_loss: 0.1122, labeled_msved_tag_acc: 0.7644, labeled_msved_kl_loss: 26.0699,  labeled_msved_recon_loss: 0.3864,  labeled_msved_recon_acc: 0.9672
epoch: 19, kl_weight: 0.13, tmp: 0.50
trn--- ux_msvae_loss: 4.2551,  ux_msvae_kl_loss: 27.5032,  ux_msvae_recon_loss: 0.0765,  ux_msvae_recon_acc: 0.9751
trn--- lxsrc_msvae_loss: 4.4176,  lxsrc_msvae_kl_loss: 28.9809,  lxsrc_msvae_recon_loss: 0.0812,  lxsrc_msvae_recon_acc: 0.9733
trn--- lxtgt_labeled_msvae_loss: 5.1665,  lxtgt_labeled_msvae_tag_pred_loss: 0.0539, lxtgt_labeled_msvae_tag_acc: 0.8476, lxtgt_labeled_msvae_kl_loss: 30.8938,  lxtgt_labeled_msvae_recon_loss: 0.0755,  lxtgt_labeled_msvae_recon_acc: 0.9755
trn--- lxtgt_to_lxsrc_msved_loss: 5.0842,  lxtgt_to_lxsrc_msved_kl_loss: 30.8938,  lxtgt_to_lxsrc_msved_recon_loss: 0.1170,  lxtgt_to_lxsrc_msved_recon_acc: 0.9638
trn--- labeled_msved_loss: 5.1984,  labeled_msved_tag_pred_loss: 0.0539, labeled_msved_tag_acc: 0.8476, labeled_msved_kl_loss: 28.9809,  labeled_msved_recon_loss: 0.0963,  labeled_msved_recon_acc: 0.9698
val--- labeled_msved_loss: 9.4438,  labeled_msved_tag_pred_loss: 0.1384, labeled_msved_tag_acc: 0.7806, labeled_msved_kl_loss: 26.0411,  labeled_msved_recon_loss: 0.3740,  labeled_msved_recon_acc: 0.9676
epoch: 20, kl_weight: 0.13, tmp: 0.50
trn--- ux_msvae_loss: 4.3811,  ux_msvae_kl_loss: 26.2864,  ux_msvae_recon_loss: 0.0782,  ux_msvae_recon_acc: 0.9748
trn--- lxsrc_msvae_loss: 4.5572,  lxsrc_msvae_kl_loss: 27.6283,  lxsrc_msvae_recon_loss: 0.0839,  lxsrc_msvae_recon_acc: 0.9726
trn--- lxtgt_labeled_msvae_loss: 5.3085,  lxtgt_labeled_msvae_tag_pred_loss: 0.0552, lxtgt_labeled_msvae_tag_acc: 0.8464, lxtgt_labeled_msvae_kl_loss: 29.5117,  lxtgt_labeled_msvae_recon_loss: 0.0761,  lxtgt_labeled_msvae_recon_acc: 0.9755
trn--- lxtgt_to_lxsrc_msved_loss: 5.2939,  lxtgt_to_lxsrc_msved_kl_loss: 29.5117,  lxtgt_to_lxsrc_msved_recon_loss: 0.1242,  lxtgt_to_lxsrc_msved_recon_acc: 0.9612
trn--- labeled_msved_loss: 5.3004,  labeled_msved_tag_pred_loss: 0.0552, labeled_msved_tag_acc: 0.8464, labeled_msved_kl_loss: 27.6283,  labeled_msved_recon_loss: 0.0948,  labeled_msved_recon_acc: 0.9701
val--- labeled_msved_loss: 9.0171,  labeled_msved_tag_pred_loss: 0.1263, labeled_msved_tag_acc: 0.7844, labeled_msved_kl_loss: 24.0907,  labeled_msved_recon_loss: 0.3515,  labeled_msved_recon_acc: 0.9678
TST SET ACCURACY: 0.904
epoch: 21, kl_weight: 0.14, tmp: 0.50
trn--- ux_msvae_loss: 4.5397,  ux_msvae_kl_loss: 25.3500,  ux_msvae_recon_loss: 0.0811,  ux_msvae_recon_acc: 0.9740
trn--- lxsrc_msvae_loss: 4.7068,  lxsrc_msvae_kl_loss: 26.4886,  lxsrc_msvae_recon_loss: 0.0872,  lxsrc_msvae_recon_acc: 0.9713
trn--- lxtgt_labeled_msvae_loss: 5.4259,  lxtgt_labeled_msvae_tag_pred_loss: 0.0516, lxtgt_labeled_msvae_tag_acc: 0.8518, lxtgt_labeled_msvae_kl_loss: 28.5917,  lxtgt_labeled_msvae_recon_loss: 0.0760,  lxtgt_labeled_msvae_recon_acc: 0.9751
trn--- lxtgt_to_lxsrc_msved_loss: 5.4944,  lxtgt_to_lxsrc_msved_kl_loss: 28.5917,  lxtgt_to_lxsrc_msved_recon_loss: 0.1278,  lxtgt_to_lxsrc_msved_recon_acc: 0.9602
trn--- labeled_msved_loss: 5.4289,  labeled_msved_tag_pred_loss: 0.0516, labeled_msved_tag_acc: 0.8518, labeled_msved_kl_loss: 26.4886,  labeled_msved_recon_loss: 0.0996,  labeled_msved_recon_acc: 0.9688
val--- labeled_msved_loss: 9.2272,  labeled_msved_tag_pred_loss: 0.1219, labeled_msved_tag_acc: 0.7575, labeled_msved_kl_loss: 24.1251,  labeled_msved_recon_loss: 0.3533,  labeled_msved_recon_acc: 0.9681
epoch: 22, kl_weight: 0.15, tmp: 0.50
trn--- ux_msvae_loss: 4.6568,  ux_msvae_kl_loss: 24.2907,  ux_msvae_recon_loss: 0.0837,  ux_msvae_recon_acc: 0.9732
trn--- lxsrc_msvae_loss: 4.8566,  lxsrc_msvae_kl_loss: 25.4822,  lxsrc_msvae_recon_loss: 0.0907,  lxsrc_msvae_recon_acc: 0.9699
trn--- lxtgt_labeled_msvae_loss: 5.6169,  lxtgt_labeled_msvae_tag_pred_loss: 0.0511, lxtgt_labeled_msvae_tag_acc: 0.8490, lxtgt_labeled_msvae_kl_loss: 27.7085,  lxtgt_labeled_msvae_recon_loss: 0.0802,  lxtgt_labeled_msvae_recon_acc: 0.9741
trn--- lxtgt_to_lxsrc_msved_loss: 5.7383,  lxtgt_to_lxsrc_msved_kl_loss: 27.7085,  lxtgt_to_lxsrc_msved_recon_loss: 0.1358,  lxtgt_to_lxsrc_msved_recon_acc: 0.9577
trn--- labeled_msved_loss: 5.5209,  labeled_msved_tag_pred_loss: 0.0511, labeled_msved_tag_acc: 0.8490, labeled_msved_kl_loss: 25.4822,  labeled_msved_recon_loss: 0.0988,  labeled_msved_recon_acc: 0.9686
val--- labeled_msved_loss: 9.7824,  labeled_msved_tag_pred_loss: 0.1175, labeled_msved_tag_acc: 0.8087, labeled_msved_kl_loss: 22.9145,  labeled_msved_recon_loss: 0.3981,  labeled_msved_recon_acc: 0.9666
epoch: 23, kl_weight: 0.16, tmp: 0.50
trn--- ux_msvae_loss: 4.7575,  ux_msvae_kl_loss: 23.3130,  ux_msvae_recon_loss: 0.0855,  ux_msvae_recon_acc: 0.9726
trn--- lxsrc_msvae_loss: 4.9768,  lxsrc_msvae_kl_loss: 24.4605,  lxsrc_msvae_recon_loss: 0.0936,  lxsrc_msvae_recon_acc: 0.9695
trn--- lxtgt_labeled_msvae_loss: 5.7355,  lxtgt_labeled_msvae_tag_pred_loss: 0.0499, lxtgt_labeled_msvae_tag_acc: 0.8541, lxtgt_labeled_msvae_kl_loss: 26.7858,  lxtgt_labeled_msvae_recon_loss: 0.0810,  lxtgt_labeled_msvae_recon_acc: 0.9740
trn--- lxtgt_to_lxsrc_msved_loss: 5.9185,  lxtgt_to_lxsrc_msved_kl_loss: 26.7858,  lxtgt_to_lxsrc_msved_recon_loss: 0.1405,  lxtgt_to_lxsrc_msved_recon_acc: 0.9563
trn--- labeled_msved_loss: 5.6200,  labeled_msved_tag_pred_loss: 0.0499, labeled_msved_tag_acc: 0.8541, labeled_msved_kl_loss: 24.4605,  labeled_msved_recon_loss: 0.1011,  labeled_msved_recon_acc: 0.9679
val--- labeled_msved_loss: 9.5059,  labeled_msved_tag_pred_loss: 0.1471, labeled_msved_tag_acc: 0.7963, labeled_msved_kl_loss: 22.7638,  labeled_msved_recon_loss: 0.3341,  labeled_msved_recon_acc: 0.9719
epoch: 24, kl_weight: 0.17, tmp: 0.50
trn--- ux_msvae_loss: 4.8953,  ux_msvae_kl_loss: 22.5200,  ux_msvae_recon_loss: 0.0894,  ux_msvae_recon_acc: 0.9712
trn--- lxsrc_msvae_loss: 5.0860,  lxsrc_msvae_kl_loss: 23.5850,  lxsrc_msvae_recon_loss: 0.0952,  lxsrc_msvae_recon_acc: 0.9683
trn--- lxtgt_labeled_msvae_loss: 5.9251,  lxtgt_labeled_msvae_tag_pred_loss: 0.0508, lxtgt_labeled_msvae_tag_acc: 0.8551, lxtgt_labeled_msvae_kl_loss: 26.1251,  lxtgt_labeled_msvae_recon_loss: 0.0836,  lxtgt_labeled_msvae_recon_acc: 0.9730
trn--- lxtgt_to_lxsrc_msved_loss: 6.1788,  lxtgt_to_lxsrc_msved_kl_loss: 26.1251,  lxtgt_to_lxsrc_msved_recon_loss: 0.1497,  lxtgt_to_lxsrc_msved_recon_acc: 0.9526
trn--- labeled_msved_loss: 5.7339,  labeled_msved_tag_pred_loss: 0.0508, labeled_msved_tag_acc: 0.8551, labeled_msved_kl_loss: 23.5850,  labeled_msved_recon_loss: 0.1022,  labeled_msved_recon_acc: 0.9680
val--- labeled_msved_loss: 9.4602,  labeled_msved_tag_pred_loss: 0.1312, labeled_msved_tag_acc: 0.7525, labeled_msved_kl_loss: 21.0769,  labeled_msved_recon_loss: 0.3504,  labeled_msved_recon_acc: 0.9697
epoch: 25, kl_weight: 0.18, tmp: 0.50
trn--- ux_msvae_loss: 4.9793,  ux_msvae_kl_loss: 21.6941,  ux_msvae_recon_loss: 0.0906,  ux_msvae_recon_acc: 0.9706
trn--- lxsrc_msvae_loss: 5.2365,  lxsrc_msvae_kl_loss: 22.7607,  lxsrc_msvae_recon_loss: 0.1008,  lxsrc_msvae_recon_acc: 0.9672
trn--- lxtgt_labeled_msvae_loss: 6.0556,  lxtgt_labeled_msvae_tag_pred_loss: 0.0482, lxtgt_labeled_msvae_tag_acc: 0.8587, lxtgt_labeled_msvae_kl_loss: 25.3513,  lxtgt_labeled_msvae_recon_loss: 0.0872,  lxtgt_labeled_msvae_recon_acc: 0.9716
trn--- lxtgt_to_lxsrc_msved_loss: 6.3946,  lxtgt_to_lxsrc_msved_kl_loss: 25.3513,  lxtgt_to_lxsrc_msved_recon_loss: 0.1579,  lxtgt_to_lxsrc_msved_recon_acc: 0.9505
trn--- labeled_msved_loss: 5.8230,  labeled_msved_tag_pred_loss: 0.0482, labeled_msved_tag_acc: 0.8587, labeled_msved_kl_loss: 22.7607,  labeled_msved_recon_loss: 0.1052,  labeled_msved_recon_acc: 0.9673
val--- labeled_msved_loss: 9.6133,  labeled_msved_tag_pred_loss: 0.1705, labeled_msved_tag_acc: 0.7506, labeled_msved_kl_loss: 19.6556,  labeled_msved_recon_loss: 0.3326,  labeled_msved_recon_acc: 0.9698
TST SET ACCURACY: 0.921
epoch: 26, kl_weight: 0.19, tmp: 0.50
trn--- ux_msvae_loss: 5.0897,  ux_msvae_kl_loss: 20.9128,  ux_msvae_recon_loss: 0.0946,  ux_msvae_recon_acc: 0.9697
trn--- lxsrc_msvae_loss: 5.2932,  lxsrc_msvae_kl_loss: 21.9240,  lxsrc_msvae_recon_loss: 0.1002,  lxsrc_msvae_recon_acc: 0.9674
trn--- lxtgt_labeled_msvae_loss: 6.1967,  lxtgt_labeled_msvae_tag_pred_loss: 0.0497, lxtgt_labeled_msvae_tag_acc: 0.8589, lxtgt_labeled_msvae_kl_loss: 24.6796,  lxtgt_labeled_msvae_recon_loss: 0.0876,  lxtgt_labeled_msvae_recon_acc: 0.9721
trn--- lxtgt_to_lxsrc_msved_loss: 6.5959,  lxtgt_to_lxsrc_msved_kl_loss: 24.6796,  lxtgt_to_lxsrc_msved_recon_loss: 0.1645,  lxtgt_to_lxsrc_msved_recon_acc: 0.9487
trn--- labeled_msved_loss: 5.9049,  labeled_msved_tag_pred_loss: 0.0497, labeled_msved_tag_acc: 0.8589, labeled_msved_kl_loss: 21.9240,  labeled_msved_recon_loss: 0.1053,  labeled_msved_recon_acc: 0.9669
val--- labeled_msved_loss: 8.8034,  labeled_msved_tag_pred_loss: 0.1478, labeled_msved_tag_acc: 0.7488, labeled_msved_kl_loss: 19.6740,  labeled_msved_recon_loss: 0.2722,  labeled_msved_recon_acc: 0.9750