trn -- size:10000,  avg_surf_len: 12.61, avg_feat_len: 12.07  
val -- size:1000,  avg_surf_len: 12.86, avg_feat_len: 12.35  
tst -- size:1000,  avg_surf_len: 12.71, avg_feat_len: 12.18  

number of params: 6413312 
Namespace(axs=array([<matplotlib.axes._subplots.AxesSubplot object at 0x7f0f28c37b90>,
       <matplotlib.axes._subplots.AxesSubplot object at 0x7f0f20cc0890>],
      dtype=object), basemodel='models/ae/trmor_agg0_kls0.00_warm10_0_911.pt', batchsize=128, bidirectional=False, bmodel='ae_original', clip_grad=5.0, dec_dropout_in=0.0, dec_dropout_out=0.0, dec_nh=1024, device='cuda', enc_dropout_in=0.0, enc_nh=1024, epochs=100, fig=<Figure size 640x480 with 2 Axes>, fig_path='logs/sigmorphon2018task1/ae_original/10000_instances/100epochs.png', freeze_decoder=True, freeze_encoder=False, is_clip_grad=False, log_path='logs/sigmorphon2018task1/ae_original/10000_instances/100epochs.log', logger=<utils.Logger object at 0x7f0f20a610d0>, lr=0.001, maxtrnsize=10000, maxtstsize=8517, maxvalsize=8329, model=VAE(
  (encoder): LSTMEncoder(
    (embed): Embedding(94, 512)
    (lstm): LSTM(512, 1024, batch_first=True)
    (dropout_in): Dropout(p=0.0, inplace=False)
    (linear): Linear(in_features=1024, out_features=64, bias=False)
  )
  (decoder): LSTMDecoder(
    (embed): Embedding(60, 512, padding_idx=0)
    (dropout_in): Dropout(p=0.0, inplace=False)
    (dropout_out): Dropout(p=0.0, inplace=False)
    (trans_linear): Linear(in_features=32, out_features=1024, bias=False)
    (lstm): LSTM(544, 1024, batch_first=True)
    (pred_linear): Linear(in_features=1024, out_features=60, bias=False)
    (loss): CrossEntropyLoss()
  )
), modelname='logs/sigmorphon2018task1/ae_original/10000_instances', ni=512, nz=32, opt='Adam', plt_style='-', reset_decoder=False, reset_encoder=True, save_path='logs/sigmorphon2018task1/ae_original/10000_instances/100epochs.pt', seq_to_no_pad='surface', surface_vocab_file='trmor_data/sigmorphon/2018task-1/turkish-train-high', task='sigmorphon2018task1', trndata='trmor_data/sigmorphon/2018task-1/turkish-train-high', trnsize=10000, tstdata='trmor_data/sigmorphon/2018task-1/turkish-test', tstsize=0, valdata='trmor_data/sigmorphon/2018task-1/turkish-dev', valsize=1000)

encoder.embed.weight, torch.Size([94, 512]): True
encoder.lstm.weight_ih_l0, torch.Size([4096, 512]): True
encoder.lstm.weight_hh_l0, torch.Size([4096, 1024]): True
encoder.lstm.bias_ih_l0, torch.Size([4096]): True
encoder.lstm.bias_hh_l0, torch.Size([4096]): True
encoder.linear.weight, torch.Size([64, 1024]): True
decoder.embed.weight, torch.Size([60, 512]): False
decoder.trans_linear.weight, torch.Size([1024, 32]): False
decoder.lstm.weight_ih_l0, torch.Size([4096, 544]): False
decoder.lstm.weight_hh_l0, torch.Size([4096, 1024]): False
decoder.lstm.bias_ih_l0, torch.Size([4096]): False
decoder.lstm.bias_hh_l0, torch.Size([4096]): False
decoder.pred_linear.weight, torch.Size([60, 1024]): False
epoch: 0 avg_loss: 48.6888, ppl: 35.8246, acc: 0.4187 
epoch correct: 56966 epoch wrong: 79088 epoch_num_tokens: 136054 
val --- avg_loss: 47.7748, ppl: 31.4124, acc: 0.4414  
epoch correct: 6117 epoch wrong: 7742 epoch_num_tokens: 13859 
update best loss 

epoch: 1 avg_loss: 43.3316, ppl: 24.1644, acc: 0.4601 
epoch correct: 62600 epoch wrong: 73454 epoch_num_tokens: 136054 
val --- avg_loss: 45.3873, ppl: 26.4414, acc: 0.4588  
epoch correct: 6359 epoch wrong: 7500 epoch_num_tokens: 13859 
update best loss 

epoch: 2 avg_loss: 41.8071, ppl: 21.6029, acc: 0.4723 
epoch correct: 64263 epoch wrong: 71791 epoch_num_tokens: 136054 
val --- avg_loss: 43.7394, ppl: 23.4772, acc: 0.4718  
epoch correct: 6538 epoch wrong: 7321 epoch_num_tokens: 13859 
update best loss 

epoch: 3 avg_loss: 40.1239, ppl: 19.0891, acc: 0.4847 
epoch correct: 65946 epoch wrong: 70108 epoch_num_tokens: 136054 
val --- avg_loss: 42.3427, ppl: 21.2265, acc: 0.4889  
epoch correct: 6776 epoch wrong: 7083 epoch_num_tokens: 13859 
update best loss 

epoch: 4 avg_loss: 37.3651, ppl: 15.5855, acc: 0.5120 
epoch correct: 69665 epoch wrong: 66389 epoch_num_tokens: 136054 
val --- avg_loss: 37.9418, ppl: 15.4515, acc: 0.5217  
epoch correct: 7230 epoch wrong: 6629 epoch_num_tokens: 13859 
update best loss 

epoch: 5 avg_loss: 31.6475, ppl: 10.2379, acc: 0.5717 
epoch correct: 77776 epoch wrong: 58278 epoch_num_tokens: 136054 
val --- avg_loss: 30.6914, ppl: 9.1573, acc: 0.5948  
epoch correct: 8243 epoch wrong: 5616 epoch_num_tokens: 13859 
update best loss 

epoch: 6 avg_loss: 25.2979, ppl: 6.4199, acc: 0.6400 
epoch correct: 87073 epoch wrong: 48981 epoch_num_tokens: 136054 
val --- avg_loss: 25.8516, ppl: 6.4581, acc: 0.6466  
epoch correct: 8961 epoch wrong: 4898 epoch_num_tokens: 13859 
update best loss 

epoch: 7 avg_loss: 21.7506, ppl: 4.9465, acc: 0.6806 
epoch correct: 92599 epoch wrong: 43455 epoch_num_tokens: 136054 
val --- avg_loss: 23.3889, ppl: 5.4067, acc: 0.6758  
epoch correct: 9366 epoch wrong: 4493 epoch_num_tokens: 13859 
update best loss 

epoch: 8 avg_loss: 18.6265, ppl: 3.9316, acc: 0.7202 
epoch correct: 97991 epoch wrong: 38063 epoch_num_tokens: 136054 
val --- avg_loss: 20.2908, ppl: 4.3236, acc: 0.7204  
epoch correct: 9984 epoch wrong: 3875 epoch_num_tokens: 13859 
update best loss 

epoch: 9 avg_loss: 15.1148, ppl: 3.0372, acc: 0.7633 
epoch correct: 103844 epoch wrong: 32210 epoch_num_tokens: 136054 
val --- avg_loss: 16.1069, ppl: 3.1970, acc: 0.7648  
epoch correct: 10599 epoch wrong: 3260 epoch_num_tokens: 13859 
update best loss 

epoch: 10 avg_loss: 10.4270, ppl: 2.1520, acc: 0.8253 
epoch correct: 112280 epoch wrong: 23774 epoch_num_tokens: 136054 
val --- avg_loss: 11.9870, ppl: 2.3748, acc: 0.8161  
epoch correct: 11310 epoch wrong: 2549 epoch_num_tokens: 13859 
update best loss 

epoch: 11 avg_loss: 6.5634, ppl: 1.6200, acc: 0.8839 
epoch correct: 120262 epoch wrong: 15792 epoch_num_tokens: 136054 
val --- avg_loss: 8.6203, ppl: 1.8627, acc: 0.8629  
epoch correct: 11959 epoch wrong: 1900 epoch_num_tokens: 13859 
update best loss 

epoch: 12 avg_loss: 4.4269, ppl: 1.3846, acc: 0.9195 
epoch correct: 125107 epoch wrong: 10947 epoch_num_tokens: 136054 
val --- avg_loss: 6.6001, ppl: 1.6100, acc: 0.8946  
epoch correct: 12398 epoch wrong: 1461 epoch_num_tokens: 13859 
update best loss 

epoch: 13 avg_loss: 2.8167, ppl: 1.2300, acc: 0.9461 
epoch correct: 128720 epoch wrong: 7334 epoch_num_tokens: 136054 
val --- avg_loss: 4.4775, ppl: 1.3814, acc: 0.9229  
epoch correct: 12790 epoch wrong: 1069 epoch_num_tokens: 13859 
update best loss 

epoch: 14 avg_loss: 1.3159, ppl: 1.1015, acc: 0.9714 
epoch correct: 132159 epoch wrong: 3895 epoch_num_tokens: 136054 
val --- avg_loss: 3.4327, ppl: 1.2811, acc: 0.9403  
epoch correct: 13031 epoch wrong: 828 epoch_num_tokens: 13859 
update best loss 

epoch: 15 avg_loss: 0.7209, ppl: 1.0544, acc: 0.9830 
epoch correct: 133746 epoch wrong: 2308 epoch_num_tokens: 136054 
val --- avg_loss: 3.0473, ppl: 1.2459, acc: 0.9488  
epoch correct: 13149 epoch wrong: 710 epoch_num_tokens: 13859 
update best loss 

epoch: 16 avg_loss: 0.5242, ppl: 1.0393, acc: 0.9877 
epoch correct: 134380 epoch wrong: 1674 epoch_num_tokens: 136054 
val --- avg_loss: 2.9055, ppl: 1.2332, acc: 0.9523  
epoch correct: 13198 epoch wrong: 661 epoch_num_tokens: 13859 
update best loss 

epoch: 17 avg_loss: 0.3733, ppl: 1.0278, acc: 0.9915 
epoch correct: 134902 epoch wrong: 1152 epoch_num_tokens: 136054 
val --- avg_loss: 2.6928, ppl: 1.2145, acc: 0.9552  
epoch correct: 13238 epoch wrong: 621 epoch_num_tokens: 13859 
update best loss 

epoch: 18 avg_loss: 0.3219, ppl: 1.0239, acc: 0.9926 
epoch correct: 135051 epoch wrong: 1003 epoch_num_tokens: 136054 
val --- avg_loss: 2.7146, ppl: 1.2164, acc: 0.9553  
epoch correct: 13240 epoch wrong: 619 epoch_num_tokens: 13859 

epoch: 19 avg_loss: 0.2490, ppl: 1.0185, acc: 0.9948 
epoch correct: 135345 epoch wrong: 709 epoch_num_tokens: 136054 
val --- avg_loss: 2.6109, ppl: 1.2073, acc: 0.9583  
epoch correct: 13281 epoch wrong: 578 epoch_num_tokens: 13859 
update best loss 

epoch: 20 avg_loss: 0.2181, ppl: 1.0162, acc: 0.9956 
epoch correct: 135460 epoch wrong: 594 epoch_num_tokens: 136054 
val --- avg_loss: 2.5483, ppl: 1.2019, acc: 0.9570  
epoch correct: 13263 epoch wrong: 596 epoch_num_tokens: 13859 
update best loss 

epoch: 21 avg_loss: 0.2567, ppl: 1.0190, acc: 0.9946 
epoch correct: 135324 epoch wrong: 730 epoch_num_tokens: 136054 
val --- avg_loss: 2.5449, ppl: 1.2016, acc: 0.9593  
epoch correct: 13295 epoch wrong: 564 epoch_num_tokens: 13859 
update best loss 

epoch: 22 avg_loss: 0.2305, ppl: 1.0171, acc: 0.9952 
epoch correct: 135403 epoch wrong: 651 epoch_num_tokens: 136054 
val --- avg_loss: 2.5445, ppl: 1.2015, acc: 0.9587  
epoch correct: 13287 epoch wrong: 572 epoch_num_tokens: 13859 
update best loss 

epoch: 23 avg_loss: 0.1582, ppl: 1.0117, acc: 0.9972 
epoch correct: 135670 epoch wrong: 384 epoch_num_tokens: 136054 
val --- avg_loss: 2.3806, ppl: 1.1874, acc: 0.9615  
epoch correct: 13325 epoch wrong: 534 epoch_num_tokens: 13859 
update best loss 

epoch: 24 avg_loss: 0.1293, ppl: 1.0095, acc: 0.9979 
epoch correct: 135767 epoch wrong: 287 epoch_num_tokens: 136054 
val --- avg_loss: 2.3076, ppl: 1.1812, acc: 0.9630  
epoch correct: 13346 epoch wrong: 513 epoch_num_tokens: 13859 
update best loss 

epoch: 25 avg_loss: 0.0969, ppl: 1.0071, acc: 0.9988 
epoch correct: 135885 epoch wrong: 169 epoch_num_tokens: 136054 
val --- avg_loss: 2.3006, ppl: 1.1806, acc: 0.9643  
epoch correct: 13364 epoch wrong: 495 epoch_num_tokens: 13859 
update best loss 

epoch: 26 avg_loss: 0.0690, ppl: 1.0051, acc: 0.9994 
epoch correct: 135969 epoch wrong: 85 epoch_num_tokens: 136054 
val --- avg_loss: 2.1629, ppl: 1.1689, acc: 0.9664  
epoch correct: 13393 epoch wrong: 466 epoch_num_tokens: 13859 
update best loss 

epoch: 27 avg_loss: 0.0715, ppl: 1.0053, acc: 0.9993 
epoch correct: 135964 epoch wrong: 90 epoch_num_tokens: 136054 
val --- avg_loss: 2.1931, ppl: 1.1715, acc: 0.9657  
epoch correct: 13384 epoch wrong: 475 epoch_num_tokens: 13859 

epoch: 28 avg_loss: 0.1399, ppl: 1.0103, acc: 0.9974 
epoch correct: 135706 epoch wrong: 348 epoch_num_tokens: 136054 
val --- avg_loss: 2.5030, ppl: 1.1979, acc: 0.9597  
epoch correct: 13301 epoch wrong: 558 epoch_num_tokens: 13859 

epoch: 29 avg_loss: 0.2219, ppl: 1.0164, acc: 0.9953 
epoch correct: 135416 epoch wrong: 638 epoch_num_tokens: 136054 
val --- avg_loss: 2.4834, ppl: 1.1963, acc: 0.9598  
epoch correct: 13302 epoch wrong: 557 epoch_num_tokens: 13859 

epoch: 30 avg_loss: 0.1970, ppl: 1.0146, acc: 0.9959 
epoch correct: 135492 epoch wrong: 562 epoch_num_tokens: 136054 
val --- avg_loss: 2.4591, ppl: 1.1942, acc: 0.9594  
epoch correct: 13296 epoch wrong: 563 epoch_num_tokens: 13859 

epoch: 31 avg_loss: 0.1374, ppl: 1.0102, acc: 0.9976 
epoch correct: 135724 epoch wrong: 330 epoch_num_tokens: 136054 
val --- avg_loss: 2.2955, ppl: 1.1801, acc: 0.9631  
epoch correct: 13348 epoch wrong: 511 epoch_num_tokens: 13859 

epoch: 32 avg_loss: 0.1214, ppl: 1.0090, acc: 0.9981 
epoch correct: 135790 epoch wrong: 264 epoch_num_tokens: 136054 
val --- avg_loss: 2.2031, ppl: 1.1723, acc: 0.9645  
epoch correct: 13367 epoch wrong: 492 epoch_num_tokens: 13859 

epoch: 33 avg_loss: 0.0789, ppl: 1.0058, acc: 0.9991 
epoch correct: 135926 epoch wrong: 128 epoch_num_tokens: 136054 
val --- avg_loss: 2.1357, ppl: 1.1666, acc: 0.9670  
epoch correct: 13401 epoch wrong: 458 epoch_num_tokens: 13859 
update best loss 

epoch: 34 avg_loss: 0.0548, ppl: 1.0040, acc: 0.9995 
epoch correct: 135983 epoch wrong: 71 epoch_num_tokens: 136054 
val --- avg_loss: 2.1097, ppl: 1.1644, acc: 0.9667  
epoch correct: 13398 epoch wrong: 461 epoch_num_tokens: 13859 
update best loss 

epoch: 35 avg_loss: 0.0466, ppl: 1.0034, acc: 0.9996 
epoch correct: 135996 epoch wrong: 58 epoch_num_tokens: 136054 
val --- avg_loss: 2.1119, ppl: 1.1646, acc: 0.9672  
epoch correct: 13404 epoch wrong: 455 epoch_num_tokens: 13859 

epoch: 36 avg_loss: 0.0386, ppl: 1.0028, acc: 0.9997 
epoch correct: 136014 epoch wrong: 40 epoch_num_tokens: 136054 
val --- avg_loss: 2.0835, ppl: 1.1622, acc: 0.9688  
epoch correct: 13426 epoch wrong: 433 epoch_num_tokens: 13859 
update best loss 

epoch: 37 avg_loss: 0.0338, ppl: 1.0025, acc: 0.9998 
epoch correct: 136033 epoch wrong: 21 epoch_num_tokens: 136054 
val --- avg_loss: 2.0220, ppl: 1.1571, acc: 0.9693  
epoch correct: 13434 epoch wrong: 425 epoch_num_tokens: 13859 
update best loss 

epoch: 38 avg_loss: 0.0271, ppl: 1.0020, acc: 0.9999 
epoch correct: 136040 epoch wrong: 14 epoch_num_tokens: 136054 
val --- avg_loss: 1.9929, ppl: 1.1546, acc: 0.9693  
epoch correct: 13433 epoch wrong: 426 epoch_num_tokens: 13859 
update best loss 

epoch: 39 avg_loss: 0.0853, ppl: 1.0063, acc: 0.9985 
epoch correct: 135854 epoch wrong: 200 epoch_num_tokens: 136054 
val --- avg_loss: 2.6078, ppl: 1.2070, acc: 0.9568  
epoch correct: 13260 epoch wrong: 599 epoch_num_tokens: 13859 

epoch: 40 avg_loss: 0.5195, ppl: 1.0389, acc: 0.9879 
epoch correct: 134409 epoch wrong: 1645 epoch_num_tokens: 136054 
val --- avg_loss: 3.1672, ppl: 1.2568, acc: 0.9467  
epoch correct: 13120 epoch wrong: 739 epoch_num_tokens: 13859 

epoch: 41 avg_loss: 0.3686, ppl: 1.0275, acc: 0.9914 
epoch correct: 134879 epoch wrong: 1175 epoch_num_tokens: 136054 
val --- avg_loss: 2.4647, ppl: 1.1946, acc: 0.9594  
epoch correct: 13296 epoch wrong: 563 epoch_num_tokens: 13859 

epoch: 42 avg_loss: 0.1842, ppl: 1.0136, acc: 0.9964 
epoch correct: 135568 epoch wrong: 486 epoch_num_tokens: 136054 
val --- avg_loss: 2.3025, ppl: 1.1807, acc: 0.9641  
epoch correct: 13362 epoch wrong: 497 epoch_num_tokens: 13859 

epoch: 43 avg_loss: 0.0948, ppl: 1.0070, acc: 0.9986 
epoch correct: 135865 epoch wrong: 189 epoch_num_tokens: 136054 
val --- avg_loss: 2.0415, ppl: 1.1587, acc: 0.9686  
epoch correct: 13424 epoch wrong: 435 epoch_num_tokens: 13859 

epoch: 44 avg_loss: 0.0494, ppl: 1.0036, acc: 0.9997 
epoch correct: 136009 epoch wrong: 45 epoch_num_tokens: 136054 
val --- avg_loss: 1.9821, ppl: 1.1538, acc: 0.9693  
epoch correct: 13434 epoch wrong: 425 epoch_num_tokens: 13859 
update best loss 

epoch: 45 avg_loss: 0.0379, ppl: 1.0028, acc: 0.9998 
epoch correct: 136028 epoch wrong: 26 epoch_num_tokens: 136054 
val --- avg_loss: 1.9415, ppl: 1.1504, acc: 0.9704  
epoch correct: 13449 epoch wrong: 410 epoch_num_tokens: 13859 
update best loss 

epoch: 46 avg_loss: 0.0355, ppl: 1.0026, acc: 0.9998 
epoch correct: 136031 epoch wrong: 23 epoch_num_tokens: 136054 
val --- avg_loss: 1.9207, ppl: 1.1486, acc: 0.9700  
epoch correct: 13443 epoch wrong: 416 epoch_num_tokens: 13859 
update best loss 

epoch: 47 avg_loss: 0.0271, ppl: 1.0020, acc: 0.9999 
epoch correct: 136045 epoch wrong: 9 epoch_num_tokens: 136054 
val --- avg_loss: 1.8969, ppl: 1.1467, acc: 0.9703  
epoch correct: 13447 epoch wrong: 412 epoch_num_tokens: 13859 
update best loss 

epoch: 48 avg_loss: 0.0221, ppl: 1.0016, acc: 1.0000 
epoch correct: 136050 epoch wrong: 4 epoch_num_tokens: 136054 
val --- avg_loss: 1.8882, ppl: 1.1460, acc: 0.9708  
epoch correct: 13454 epoch wrong: 405 epoch_num_tokens: 13859 
update best loss 

epoch: 49 avg_loss: 0.0189, ppl: 1.0014, acc: 1.0000 
epoch correct: 136052 epoch wrong: 2 epoch_num_tokens: 136054 
val --- avg_loss: 1.8777, ppl: 1.1451, acc: 0.9708  
epoch correct: 13455 epoch wrong: 404 epoch_num_tokens: 13859 
update best loss 

epoch: 50 avg_loss: 0.0174, ppl: 1.0013, acc: 1.0000 
epoch correct: 136053 epoch wrong: 1 epoch_num_tokens: 136054 
val --- avg_loss: 1.8518, ppl: 1.1430, acc: 0.9714  
epoch correct: 13462 epoch wrong: 397 epoch_num_tokens: 13859 
update best loss 

epoch: 51 avg_loss: 0.0163, ppl: 1.0012, acc: 1.0000 
epoch correct: 136052 epoch wrong: 2 epoch_num_tokens: 136054 
val --- avg_loss: 1.8660, ppl: 1.1441, acc: 0.9707  
epoch correct: 13453 epoch wrong: 406 epoch_num_tokens: 13859 

epoch: 52 avg_loss: 0.0153, ppl: 1.0011, acc: 1.0000 
epoch correct: 136050 epoch wrong: 4 epoch_num_tokens: 136054 
val --- avg_loss: 1.8571, ppl: 1.1434, acc: 0.9714  
epoch correct: 13462 epoch wrong: 397 epoch_num_tokens: 13859 

epoch: 53 avg_loss: 0.0151, ppl: 1.0011, acc: 1.0000 
epoch correct: 136050 epoch wrong: 4 epoch_num_tokens: 136054 
val --- avg_loss: 1.8538, ppl: 1.1431, acc: 0.9716  
epoch correct: 13465 epoch wrong: 394 epoch_num_tokens: 13859 

epoch: 54 avg_loss: 0.0140, ppl: 1.0010, acc: 1.0000 
epoch correct: 136052 epoch wrong: 2 epoch_num_tokens: 136054 
val --- avg_loss: 1.8486, ppl: 1.1427, acc: 0.9709  
epoch correct: 13456 epoch wrong: 403 epoch_num_tokens: 13859 
update best loss 

epoch: 55 avg_loss: 0.0136, ppl: 1.0010, acc: 1.0000 
epoch correct: 136051 epoch wrong: 3 epoch_num_tokens: 136054 
val --- avg_loss: 1.8710, ppl: 1.1445, acc: 0.9714  
epoch correct: 13462 epoch wrong: 397 epoch_num_tokens: 13859 

epoch: 56 avg_loss: 0.0173, ppl: 1.0013, acc: 0.9999 
epoch correct: 136041 epoch wrong: 13 epoch_num_tokens: 136054 
val --- avg_loss: 1.8804, ppl: 1.1453, acc: 0.9703  
epoch correct: 13448 epoch wrong: 411 epoch_num_tokens: 13859 

epoch: 57 avg_loss: 0.0572, ppl: 1.0042, acc: 0.9991 
epoch correct: 135930 epoch wrong: 124 epoch_num_tokens: 136054 
val --- avg_loss: 2.2273, ppl: 1.1743, acc: 0.9641  
epoch correct: 13361 epoch wrong: 498 epoch_num_tokens: 13859 

epoch: 58 avg_loss: 0.5563, ppl: 1.0417, acc: 0.9875 
epoch correct: 134359 epoch wrong: 1695 epoch_num_tokens: 136054 
val --- avg_loss: 3.2911, ppl: 1.2680, acc: 0.9473  
epoch correct: 13128 epoch wrong: 731 epoch_num_tokens: 13859 

epoch: 59 avg_loss: 0.5513, ppl: 1.0414, acc: 0.9875 
epoch correct: 134353 epoch wrong: 1701 epoch_num_tokens: 136054 
val --- avg_loss: 2.6560, ppl: 1.2112, acc: 0.9588  
epoch correct: 13288 epoch wrong: 571 epoch_num_tokens: 13859 

epoch: 60 avg_loss: 0.2277, ppl: 1.0169, acc: 0.9953 
epoch correct: 135421 epoch wrong: 633 epoch_num_tokens: 136054 
val --- avg_loss: 2.1976, ppl: 1.1718, acc: 0.9659  
epoch correct: 13387 epoch wrong: 472 epoch_num_tokens: 13859 

epoch: 61 avg_loss: 0.0911, ppl: 1.0067, acc: 0.9986 
epoch correct: 135870 epoch wrong: 184 epoch_num_tokens: 136054 
val --- avg_loss: 2.0164, ppl: 1.1566, acc: 0.9677  
epoch correct: 13412 epoch wrong: 447 epoch_num_tokens: 13859 

epoch: 62 avg_loss: 0.0624, ppl: 1.0046, acc: 0.9993 
epoch correct: 135953 epoch wrong: 101 epoch_num_tokens: 136054 
val --- avg_loss: 2.0003, ppl: 1.1553, acc: 0.9690  
epoch correct: 13430 epoch wrong: 429 epoch_num_tokens: 13859 

epoch: 63 avg_loss: 0.0695, ppl: 1.0051, acc: 0.9991 
epoch correct: 135937 epoch wrong: 117 epoch_num_tokens: 136054 
val --- avg_loss: 1.9984, ppl: 1.1551, acc: 0.9683  
epoch correct: 13419 epoch wrong: 440 epoch_num_tokens: 13859 

epoch: 64 avg_loss: 0.0442, ppl: 1.0033, acc: 0.9996 
epoch correct: 136001 epoch wrong: 53 epoch_num_tokens: 136054 
val --- avg_loss: 1.8880, ppl: 1.1459, acc: 0.9696  
epoch correct: 13438 epoch wrong: 421 epoch_num_tokens: 13859 

epoch: 65 avg_loss: 0.0278, ppl: 1.0020, acc: 0.9999 
epoch correct: 136038 epoch wrong: 16 epoch_num_tokens: 136054 
val --- avg_loss: 1.8797, ppl: 1.1453, acc: 0.9704  
epoch correct: 13449 epoch wrong: 410 epoch_num_tokens: 13859 

epoch: 66 avg_loss: 0.0205, ppl: 1.0015, acc: 1.0000 
epoch correct: 136049 epoch wrong: 5 epoch_num_tokens: 136054 
val --- avg_loss: 1.8626, ppl: 1.1438, acc: 0.9714  
epoch correct: 13463 epoch wrong: 396 epoch_num_tokens: 13859 

epoch: 67 avg_loss: 0.0195, ppl: 1.0014, acc: 1.0000 
epoch correct: 136050 epoch wrong: 4 epoch_num_tokens: 136054 
val --- avg_loss: 1.8671, ppl: 1.1442, acc: 0.9706  
epoch correct: 13452 epoch wrong: 407 epoch_num_tokens: 13859 

epoch: 68 avg_loss: 0.0190, ppl: 1.0014, acc: 1.0000 
epoch correct: 136052 epoch wrong: 2 epoch_num_tokens: 136054 
val --- avg_loss: 1.8468, ppl: 1.1425, acc: 0.9715  
epoch correct: 13464 epoch wrong: 395 epoch_num_tokens: 13859 
update best loss 

epoch: 69 avg_loss: 0.0159, ppl: 1.0012, acc: 1.0000 
epoch correct: 136053 epoch wrong: 1 epoch_num_tokens: 136054 
val --- avg_loss: 1.8462, ppl: 1.1425, acc: 0.9715  
epoch correct: 13464 epoch wrong: 395 epoch_num_tokens: 13859 
update best loss 

epoch: 70 avg_loss: 0.0149, ppl: 1.0011, acc: 1.0000 
epoch correct: 136053 epoch wrong: 1 epoch_num_tokens: 136054 
val --- avg_loss: 1.8423, ppl: 1.1422, acc: 0.9718  
epoch correct: 13468 epoch wrong: 391 epoch_num_tokens: 13859 
update best loss 

epoch: 71 avg_loss: 0.0142, ppl: 1.0010, acc: 1.0000 
epoch correct: 136053 epoch wrong: 1 epoch_num_tokens: 136054 
val --- avg_loss: 1.8386, ppl: 1.1419, acc: 0.9719  
epoch correct: 13469 epoch wrong: 390 epoch_num_tokens: 13859 
update best loss 

epoch: 72 avg_loss: 0.0136, ppl: 1.0010, acc: 1.0000 
epoch correct: 136053 epoch wrong: 1 epoch_num_tokens: 136054 
val --- avg_loss: 1.8349, ppl: 1.1416, acc: 0.9719  
epoch correct: 13470 epoch wrong: 389 epoch_num_tokens: 13859 
update best loss 

epoch: 73 avg_loss: 0.0130, ppl: 1.0010, acc: 1.0000 
epoch correct: 136053 epoch wrong: 1 epoch_num_tokens: 136054 
val --- avg_loss: 1.8324, ppl: 1.1414, acc: 0.9718  
epoch correct: 13468 epoch wrong: 391 epoch_num_tokens: 13859 
update best loss 

epoch: 74 avg_loss: 0.0125, ppl: 1.0009, acc: 1.0000 
epoch correct: 136053 epoch wrong: 1 epoch_num_tokens: 136054 
val --- avg_loss: 1.8283, ppl: 1.1410, acc: 0.9719  
epoch correct: 13470 epoch wrong: 389 epoch_num_tokens: 13859 
update best loss 

epoch: 75 avg_loss: 0.0121, ppl: 1.0009, acc: 1.0000 
epoch correct: 136053 epoch wrong: 1 epoch_num_tokens: 136054 
val --- avg_loss: 1.8272, ppl: 1.1409, acc: 0.9721  
epoch correct: 13473 epoch wrong: 386 epoch_num_tokens: 13859 
update best loss 

epoch: 76 avg_loss: 0.0117, ppl: 1.0009, acc: 1.0000 
epoch correct: 136053 epoch wrong: 1 epoch_num_tokens: 136054 
val --- avg_loss: 1.8257, ppl: 1.1408, acc: 0.9719  
epoch correct: 13470 epoch wrong: 389 epoch_num_tokens: 13859 
update best loss 

epoch: 77 avg_loss: 0.0113, ppl: 1.0008, acc: 1.0000 
epoch correct: 136053 epoch wrong: 1 epoch_num_tokens: 136054 
val --- avg_loss: 1.8245, ppl: 1.1407, acc: 0.9722  
epoch correct: 13474 epoch wrong: 385 epoch_num_tokens: 13859 
update best loss 

epoch: 78 avg_loss: 0.0110, ppl: 1.0008, acc: 1.0000 
epoch correct: 136053 epoch wrong: 1 epoch_num_tokens: 136054 
val --- avg_loss: 1.8209, ppl: 1.1404, acc: 0.9720  
epoch correct: 13471 epoch wrong: 388 epoch_num_tokens: 13859 
update best loss 

epoch: 79 avg_loss: 0.0106, ppl: 1.0008, acc: 1.0000 
epoch correct: 136053 epoch wrong: 1 epoch_num_tokens: 136054 
val --- avg_loss: 1.8179, ppl: 1.1402, acc: 0.9721  
epoch correct: 13472 epoch wrong: 387 epoch_num_tokens: 13859 
update best loss 

epoch: 80 avg_loss: 0.0103, ppl: 1.0008, acc: 1.0000 
epoch correct: 136053 epoch wrong: 1 epoch_num_tokens: 136054 
val --- avg_loss: 1.8146, ppl: 1.1399, acc: 0.9719  
epoch correct: 13470 epoch wrong: 389 epoch_num_tokens: 13859 
update best loss 

epoch: 81 avg_loss: 0.0102, ppl: 1.0007, acc: 1.0000 
epoch correct: 136053 epoch wrong: 1 epoch_num_tokens: 136054 
val --- avg_loss: 1.8157, ppl: 1.1400, acc: 0.9720  
epoch correct: 13471 epoch wrong: 388 epoch_num_tokens: 13859 

epoch: 82 avg_loss: 0.0102, ppl: 1.0007, acc: 1.0000 
epoch correct: 136053 epoch wrong: 1 epoch_num_tokens: 136054 
val --- avg_loss: 1.8130, ppl: 1.1398, acc: 0.9717  
epoch correct: 13467 epoch wrong: 392 epoch_num_tokens: 13859 
update best loss 

epoch: 83 avg_loss: 0.0101, ppl: 1.0007, acc: 1.0000 
epoch correct: 136052 epoch wrong: 2 epoch_num_tokens: 136054 
val --- avg_loss: 1.8129, ppl: 1.1397, acc: 0.9721  
epoch correct: 13472 epoch wrong: 387 epoch_num_tokens: 13859 
update best loss 

epoch: 84 avg_loss: 0.0099, ppl: 1.0007, acc: 1.0000 
epoch correct: 136053 epoch wrong: 1 epoch_num_tokens: 136054 
val --- avg_loss: 1.8146, ppl: 1.1399, acc: 0.9722  
epoch correct: 13474 epoch wrong: 385 epoch_num_tokens: 13859 

epoch: 85 avg_loss: 0.0104, ppl: 1.0008, acc: 1.0000 
epoch correct: 136050 epoch wrong: 4 epoch_num_tokens: 136054 
val --- avg_loss: 1.8068, ppl: 1.1393, acc: 0.9718  
epoch correct: 13468 epoch wrong: 391 epoch_num_tokens: 13859 
update best loss 

epoch: 86 avg_loss: 0.0113, ppl: 1.0008, acc: 1.0000 
epoch correct: 136048 epoch wrong: 6 epoch_num_tokens: 136054 
val --- avg_loss: 1.8189, ppl: 1.1402, acc: 0.9721  
epoch correct: 13473 epoch wrong: 386 epoch_num_tokens: 13859 

epoch: 87 avg_loss: 0.0121, ppl: 1.0009, acc: 0.9999 
epoch correct: 136046 epoch wrong: 8 epoch_num_tokens: 136054 
val --- avg_loss: 1.8047, ppl: 1.1391, acc: 0.9719  
epoch correct: 13469 epoch wrong: 390 epoch_num_tokens: 13859 
update best loss 

epoch: 88 avg_loss: 0.0108, ppl: 1.0008, acc: 1.0000 
epoch correct: 136050 epoch wrong: 4 epoch_num_tokens: 136054 
val --- avg_loss: 1.8083, ppl: 1.1394, acc: 0.9724  
epoch correct: 13476 epoch wrong: 383 epoch_num_tokens: 13859 

epoch: 89 avg_loss: 0.0107, ppl: 1.0008, acc: 1.0000 
epoch correct: 136048 epoch wrong: 6 epoch_num_tokens: 136054 
val --- avg_loss: 1.8185, ppl: 1.1402, acc: 0.9719  
epoch correct: 13470 epoch wrong: 389 epoch_num_tokens: 13859 

epoch: 90 avg_loss: 0.0111, ppl: 1.0008, acc: 1.0000 
epoch correct: 136048 epoch wrong: 6 epoch_num_tokens: 136054 
val --- avg_loss: 1.8299, ppl: 1.1412, acc: 0.9721  
epoch correct: 13473 epoch wrong: 386 epoch_num_tokens: 13859 

epoch: 91 avg_loss: 0.0444, ppl: 1.0033, acc: 0.9995 
epoch correct: 135985 epoch wrong: 69 epoch_num_tokens: 136054 
val --- avg_loss: 2.0453, ppl: 1.1590, acc: 0.9678  
epoch correct: 13413 epoch wrong: 446 epoch_num_tokens: 13859 

epoch: 92 avg_loss: 0.1511, ppl: 1.0112, acc: 0.9971 
epoch correct: 135656 epoch wrong: 398 epoch_num_tokens: 136054 
val --- avg_loss: 2.1443, ppl: 1.1673, acc: 0.9648  
epoch correct: 13371 epoch wrong: 488 epoch_num_tokens: 13859 

epoch: 93 avg_loss: 0.0915, ppl: 1.0068, acc: 0.9984 
epoch correct: 135832 epoch wrong: 222 epoch_num_tokens: 136054 
val --- avg_loss: 2.0467, ppl: 1.1591, acc: 0.9690  
epoch correct: 13430 epoch wrong: 429 epoch_num_tokens: 13859 

epoch: 94 avg_loss: 0.0627, ppl: 1.0046, acc: 0.9993 
epoch correct: 135953 epoch wrong: 101 epoch_num_tokens: 136054 
val --- avg_loss: 1.9845, ppl: 1.1540, acc: 0.9700  
epoch correct: 13443 epoch wrong: 416 epoch_num_tokens: 13859 

epoch: 95 avg_loss: 0.0405, ppl: 1.0030, acc: 0.9996 
epoch correct: 136005 epoch wrong: 49 epoch_num_tokens: 136054 
val --- avg_loss: 1.9611, ppl: 1.1520, acc: 0.9693  
epoch correct: 13434 epoch wrong: 425 epoch_num_tokens: 13859 

epoch: 96 avg_loss: 0.0197, ppl: 1.0014, acc: 0.9999 
epoch correct: 136047 epoch wrong: 7 epoch_num_tokens: 136054 
val --- avg_loss: 1.8952, ppl: 1.1465, acc: 0.9707  
epoch correct: 13453 epoch wrong: 406 epoch_num_tokens: 13859 

epoch: 97 avg_loss: 0.0153, ppl: 1.0011, acc: 1.0000 
epoch correct: 136051 epoch wrong: 3 epoch_num_tokens: 136054 
val --- avg_loss: 1.8816, ppl: 1.1454, acc: 0.9714  
epoch correct: 13463 epoch wrong: 396 epoch_num_tokens: 13859 

epoch: 98 avg_loss: 0.0136, ppl: 1.0010, acc: 1.0000 
epoch correct: 136052 epoch wrong: 2 epoch_num_tokens: 136054 
val --- avg_loss: 1.8733, ppl: 1.1447, acc: 0.9719  
epoch correct: 13469 epoch wrong: 390 epoch_num_tokens: 13859 

epoch: 99 avg_loss: 0.0126, ppl: 1.0009, acc: 1.0000 
epoch correct: 136053 epoch wrong: 1 epoch_num_tokens: 136054 
val --- avg_loss: 1.8680, ppl: 1.1443, acc: 0.9719  
epoch correct: 13469 epoch wrong: 390 epoch_num_tokens: 13859 
