trn -- size:10000,  avg_surf_len: 12.61, avg_feat_len: 12.07  
val -- size:1000,  avg_surf_len: 12.86, avg_feat_len: 12.35  
tst -- size:1000,  avg_surf_len: 12.71, avg_feat_len: 12.18  

number of params: 6413312 
Namespace(axs=array([<matplotlib.axes._subplots.AxesSubplot object at 0x7ffb1e741e90>,
       <matplotlib.axes._subplots.AxesSubplot object at 0x7ffb147c7250>],
      dtype=object), basemodel='models/vae/trmor_agg0_kls0.10_warm10_0_911.pt', batchsize=128, bidirectional=False, bmodel='vae_original_2', clip_grad=5.0, dec_dropout_in=0.0, dec_dropout_out=0.0, dec_nh=1024, device='cuda', enc_dropout_in=0.0, enc_nh=1024, epochs=100, fig=<Figure size 640x480 with 2 Axes>, fig_path='logs/sigmorphon2018task1/vae_original_2/10000_instances/100epochs.png', freeze_decoder=True, freeze_encoder=False, is_clip_grad=False, log_path='logs/sigmorphon2018task1/vae_original_2/10000_instances/100epochs.log', logger=<utils.Logger object at 0x7ffb247ecb90>, lr=0.001, maxtrnsize=10000, maxtstsize=8517, maxvalsize=8329, model=VAE(
  (encoder): LSTMEncoder(
    (embed): Embedding(94, 512)
    (lstm): LSTM(512, 1024, batch_first=True)
    (dropout_in): Dropout(p=0.0, inplace=False)
    (linear): Linear(in_features=1024, out_features=64, bias=False)
  )
  (decoder): LSTMDecoder(
    (embed): Embedding(60, 512, padding_idx=0)
    (dropout_in): Dropout(p=0.0, inplace=False)
    (dropout_out): Dropout(p=0.0, inplace=False)
    (trans_linear): Linear(in_features=32, out_features=1024, bias=False)
    (lstm): LSTM(544, 1024, batch_first=True)
    (pred_linear): Linear(in_features=1024, out_features=60, bias=False)
    (loss): CrossEntropyLoss()
  )
), modelname='logs/sigmorphon2018task1/vae_original_2/10000_instances', ni=512, nz=32, opt='Adam', plt_style='-', reset_decoder=False, reset_encoder=True, save_path='logs/sigmorphon2018task1/vae_original_2/10000_instances/100epochs.pt', seq_to_no_pad='surface', surface_vocab_file='trmor_data/sigmorphon/2018task-1/turkish-train-high', task='sigmorphon2018task1', trndata='trmor_data/sigmorphon/2018task-1/turkish-train-high', trnsize=10000, tstdata='trmor_data/sigmorphon/2018task-1/turkish-test', tstsize=0, valdata='trmor_data/sigmorphon/2018task-1/turkish-dev', valsize=1000)

encoder.embed.weight, torch.Size([94, 512]): True
encoder.lstm.weight_ih_l0, torch.Size([4096, 512]): True
encoder.lstm.weight_hh_l0, torch.Size([4096, 1024]): True
encoder.lstm.bias_ih_l0, torch.Size([4096]): True
encoder.lstm.bias_hh_l0, torch.Size([4096]): True
encoder.linear.weight, torch.Size([64, 1024]): True
decoder.embed.weight, torch.Size([60, 512]): False
decoder.trans_linear.weight, torch.Size([1024, 32]): False
decoder.lstm.weight_ih_l0, torch.Size([4096, 544]): False
decoder.lstm.weight_hh_l0, torch.Size([4096, 1024]): False
decoder.lstm.bias_ih_l0, torch.Size([4096]): False
decoder.lstm.bias_hh_l0, torch.Size([4096]): False
decoder.pred_linear.weight, torch.Size([60, 1024]): False
epoch: 0 avg_loss: 37.9537, ppl: 16.2746, acc: 0.4288 
epoch correct: 58336 epoch wrong: 77718 epoch_num_tokens: 136054 
val --- avg_loss: 37.9486, ppl: 15.4590, acc: 0.4430  
epoch correct: 6140 epoch wrong: 7719 epoch_num_tokens: 13859 
update best loss 

epoch: 1 avg_loss: 35.0533, ppl: 13.1500, acc: 0.4508 
epoch correct: 61333 epoch wrong: 74721 epoch_num_tokens: 136054 
val --- avg_loss: 36.2472, ppl: 13.6730, acc: 0.4554  
epoch correct: 6312 epoch wrong: 7547 epoch_num_tokens: 13859 
update best loss 

epoch: 2 avg_loss: 33.2658, ppl: 11.5311, acc: 0.4686 
epoch correct: 63756 epoch wrong: 72298 epoch_num_tokens: 136054 
val --- avg_loss: 36.8453, ppl: 14.2761, acc: 0.4492  
epoch correct: 6225 epoch wrong: 7634 epoch_num_tokens: 13859 

epoch: 3 avg_loss: 30.7168, ppl: 9.5610, acc: 0.4998 
epoch correct: 68002 epoch wrong: 68052 epoch_num_tokens: 136054 
val --- avg_loss: 31.1575, ppl: 9.4704, acc: 0.5104  
epoch correct: 7073 epoch wrong: 6786 epoch_num_tokens: 13859 
update best loss 

epoch: 4 avg_loss: 27.1352, ppl: 7.3481, acc: 0.5472 
epoch correct: 74449 epoch wrong: 61605 epoch_num_tokens: 136054 
val --- avg_loss: 26.9911, ppl: 7.0115, acc: 0.5634  
epoch correct: 7808 epoch wrong: 6051 epoch_num_tokens: 13859 
update best loss 

epoch: 5 avg_loss: 22.1707, ppl: 5.1016, acc: 0.6195 
epoch correct: 84288 epoch wrong: 51766 epoch_num_tokens: 136054 
val --- avg_loss: 22.1309, ppl: 4.9375, acc: 0.6402  
epoch correct: 8872 epoch wrong: 4987 epoch_num_tokens: 13859 
update best loss 

epoch: 6 avg_loss: 16.4560, ppl: 3.3519, acc: 0.7079 
epoch correct: 96308 epoch wrong: 39746 epoch_num_tokens: 136054 
val --- avg_loss: 15.9683, ppl: 3.1651, acc: 0.7288  
epoch correct: 10101 epoch wrong: 3758 epoch_num_tokens: 13859 
update best loss 

epoch: 7 avg_loss: 11.1883, ppl: 2.2758, acc: 0.7895 
epoch correct: 107416 epoch wrong: 28638 epoch_num_tokens: 136054 
val --- avg_loss: 10.6159, ppl: 2.1511, acc: 0.8009  
epoch correct: 11100 epoch wrong: 2759 epoch_num_tokens: 13859 
update best loss 

epoch: 8 avg_loss: 6.0963, ppl: 1.5653, acc: 0.8676 
epoch correct: 118040 epoch wrong: 18014 epoch_num_tokens: 136054 
val --- avg_loss: 6.7669, ppl: 1.6295, acc: 0.8689  
epoch correct: 12042 epoch wrong: 1817 epoch_num_tokens: 13859 
update best loss 

epoch: 9 avg_loss: 2.7739, ppl: 1.2262, acc: 0.9345 
epoch correct: 127149 epoch wrong: 8905 epoch_num_tokens: 136054 
val --- avg_loss: 4.3862, ppl: 1.3723, acc: 0.9163  
epoch correct: 12699 epoch wrong: 1160 epoch_num_tokens: 13859 
update best loss 

epoch: 10 avg_loss: 1.4397, ppl: 1.1116, acc: 0.9662 
epoch correct: 131457 epoch wrong: 4597 epoch_num_tokens: 136054 
val --- avg_loss: 3.4400, ppl: 1.2817, acc: 0.9367  
epoch correct: 12982 epoch wrong: 877 epoch_num_tokens: 13859 
update best loss 

epoch: 11 avg_loss: 0.9185, ppl: 1.0698, acc: 0.9786 
epoch correct: 133144 epoch wrong: 2910 epoch_num_tokens: 136054 
val --- avg_loss: 3.0501, ppl: 1.2462, acc: 0.9450  
epoch correct: 13097 epoch wrong: 762 epoch_num_tokens: 13859 
update best loss 

epoch: 12 avg_loss: 0.6568, ppl: 1.0495, acc: 0.9858 
epoch correct: 134116 epoch wrong: 1938 epoch_num_tokens: 136054 
val --- avg_loss: 2.8152, ppl: 1.2252, acc: 0.9486  
epoch correct: 13147 epoch wrong: 712 epoch_num_tokens: 13859 
update best loss 

epoch: 13 avg_loss: 0.5469, ppl: 1.0410, acc: 0.9883 
epoch correct: 134466 epoch wrong: 1588 epoch_num_tokens: 136054 
val --- avg_loss: 2.6787, ppl: 1.2132, acc: 0.9527  
epoch correct: 13204 epoch wrong: 655 epoch_num_tokens: 13859 
update best loss 

epoch: 14 avg_loss: 0.4248, ppl: 1.0317, acc: 0.9914 
epoch correct: 134878 epoch wrong: 1176 epoch_num_tokens: 136054 
val --- avg_loss: 2.4629, ppl: 1.1945, acc: 0.9556  
epoch correct: 13243 epoch wrong: 616 epoch_num_tokens: 13859 
update best loss 

epoch: 15 avg_loss: 0.3363, ppl: 1.0250, acc: 0.9939 
epoch correct: 135229 epoch wrong: 825 epoch_num_tokens: 136054 
val --- avg_loss: 2.4233, ppl: 1.1911, acc: 0.9589  
epoch correct: 13289 epoch wrong: 570 epoch_num_tokens: 13859 
update best loss 

epoch: 16 avg_loss: 0.2795, ppl: 1.0208, acc: 0.9954 
epoch correct: 135425 epoch wrong: 629 epoch_num_tokens: 136054 
val --- avg_loss: 2.3382, ppl: 1.1838, acc: 0.9606  
epoch correct: 13313 epoch wrong: 546 epoch_num_tokens: 13859 
update best loss 

epoch: 17 avg_loss: 0.2196, ppl: 1.0163, acc: 0.9968 
epoch correct: 135614 epoch wrong: 440 epoch_num_tokens: 136054 
val --- avg_loss: 2.2095, ppl: 1.1728, acc: 0.9610  
epoch correct: 13318 epoch wrong: 541 epoch_num_tokens: 13859 
update best loss 

epoch: 18 avg_loss: 0.1834, ppl: 1.0136, acc: 0.9978 
epoch correct: 135750 epoch wrong: 304 epoch_num_tokens: 136054 
val --- avg_loss: 2.2440, ppl: 1.1758, acc: 0.9609  
epoch correct: 13317 epoch wrong: 542 epoch_num_tokens: 13859 

epoch: 19 avg_loss: 0.2203, ppl: 1.0163, acc: 0.9969 
epoch correct: 135639 epoch wrong: 415 epoch_num_tokens: 136054 
val --- avg_loss: 2.3034, ppl: 1.1808, acc: 0.9610  
epoch correct: 13318 epoch wrong: 541 epoch_num_tokens: 13859 

epoch: 20 avg_loss: 0.2015, ppl: 1.0149, acc: 0.9973 
epoch correct: 135681 epoch wrong: 373 epoch_num_tokens: 136054 
val --- avg_loss: 2.2529, ppl: 1.1765, acc: 0.9610  
epoch correct: 13319 epoch wrong: 540 epoch_num_tokens: 13859 

epoch: 21 avg_loss: 0.1695, ppl: 1.0125, acc: 0.9979 
epoch correct: 135769 epoch wrong: 285 epoch_num_tokens: 136054 
val --- avg_loss: 2.1883, ppl: 1.1710, acc: 0.9641  
epoch correct: 13361 epoch wrong: 498 epoch_num_tokens: 13859 
update best loss 

epoch: 22 avg_loss: 0.1496, ppl: 1.0111, acc: 0.9984 
epoch correct: 135840 epoch wrong: 214 epoch_num_tokens: 136054 
val --- avg_loss: 2.1405, ppl: 1.1670, acc: 0.9648  
epoch correct: 13371 epoch wrong: 488 epoch_num_tokens: 13859 
update best loss 

epoch: 23 avg_loss: 0.1464, ppl: 1.0108, acc: 0.9986 
epoch correct: 135861 epoch wrong: 193 epoch_num_tokens: 136054 
val --- avg_loss: 2.2047, ppl: 1.1724, acc: 0.9639  
epoch correct: 13358 epoch wrong: 501 epoch_num_tokens: 13859 

epoch: 24 avg_loss: 0.1418, ppl: 1.0105, acc: 0.9985 
epoch correct: 135856 epoch wrong: 198 epoch_num_tokens: 136054 
val --- avg_loss: 2.1136, ppl: 1.1647, acc: 0.9642  
epoch correct: 13363 epoch wrong: 496 epoch_num_tokens: 13859 
update best loss 

epoch: 25 avg_loss: 0.1279, ppl: 1.0094, acc: 0.9989 
epoch correct: 135903 epoch wrong: 151 epoch_num_tokens: 136054 
val --- avg_loss: 2.0279, ppl: 1.1576, acc: 0.9654  
epoch correct: 13379 epoch wrong: 480 epoch_num_tokens: 13859 
update best loss 

epoch: 26 avg_loss: 0.1096, ppl: 1.0081, acc: 0.9991 
epoch correct: 135931 epoch wrong: 123 epoch_num_tokens: 136054 
val --- avg_loss: 2.0764, ppl: 1.1616, acc: 0.9667  
epoch correct: 13397 epoch wrong: 462 epoch_num_tokens: 13859 

epoch: 27 avg_loss: 0.1539, ppl: 1.0114, acc: 0.9984 
epoch correct: 135835 epoch wrong: 219 epoch_num_tokens: 136054 
val --- avg_loss: 2.1716, ppl: 1.1696, acc: 0.9633  
epoch correct: 13350 epoch wrong: 509 epoch_num_tokens: 13859 

epoch: 28 avg_loss: 0.1893, ppl: 1.0140, acc: 0.9974 
epoch correct: 135704 epoch wrong: 350 epoch_num_tokens: 136054 
val --- avg_loss: 2.4735, ppl: 1.1954, acc: 0.9574  
epoch correct: 13269 epoch wrong: 590 epoch_num_tokens: 13859 

epoch: 29 avg_loss: 0.2793, ppl: 1.0207, acc: 0.9953 
epoch correct: 135415 epoch wrong: 639 epoch_num_tokens: 136054 
val --- avg_loss: 2.4015, ppl: 1.1892, acc: 0.9605  
epoch correct: 13312 epoch wrong: 547 epoch_num_tokens: 13859 

epoch: 30 avg_loss: 0.1977, ppl: 1.0146, acc: 0.9972 
epoch correct: 135669 epoch wrong: 385 epoch_num_tokens: 136054 
val --- avg_loss: 2.0672, ppl: 1.1609, acc: 0.9657  
epoch correct: 13384 epoch wrong: 475 epoch_num_tokens: 13859 

epoch: 31 avg_loss: 0.1346, ppl: 1.0099, acc: 0.9986 
epoch correct: 135857 epoch wrong: 197 epoch_num_tokens: 136054 
val --- avg_loss: 2.0210, ppl: 1.1570, acc: 0.9672  
epoch correct: 13404 epoch wrong: 455 epoch_num_tokens: 13859 
update best loss 

epoch: 32 avg_loss: 0.0967, ppl: 1.0071, acc: 0.9993 
epoch correct: 135957 epoch wrong: 97 epoch_num_tokens: 136054 
val --- avg_loss: 1.9127, ppl: 1.1480, acc: 0.9698  
epoch correct: 13441 epoch wrong: 418 epoch_num_tokens: 13859 
update best loss 

epoch: 33 avg_loss: 0.0748, ppl: 1.0055, acc: 0.9996 
epoch correct: 136001 epoch wrong: 53 epoch_num_tokens: 136054 
val --- avg_loss: 1.9315, ppl: 1.1495, acc: 0.9700  
epoch correct: 13443 epoch wrong: 416 epoch_num_tokens: 13859 

epoch: 34 avg_loss: 0.0698, ppl: 1.0051, acc: 0.9997 
epoch correct: 136013 epoch wrong: 41 epoch_num_tokens: 136054 
val --- avg_loss: 1.8832, ppl: 1.1455, acc: 0.9711  
epoch correct: 13459 epoch wrong: 400 epoch_num_tokens: 13859 
update best loss 

epoch: 35 avg_loss: 0.0688, ppl: 1.0051, acc: 0.9997 
epoch correct: 136007 epoch wrong: 47 epoch_num_tokens: 136054 
val --- avg_loss: 1.9585, ppl: 1.1518, acc: 0.9698  
epoch correct: 13440 epoch wrong: 419 epoch_num_tokens: 13859 

epoch: 36 avg_loss: 0.0736, ppl: 1.0054, acc: 0.9996 
epoch correct: 135997 epoch wrong: 57 epoch_num_tokens: 136054 
val --- avg_loss: 1.9753, ppl: 1.1532, acc: 0.9688  
epoch correct: 13427 epoch wrong: 432 epoch_num_tokens: 13859 

epoch: 37 avg_loss: 0.0695, ppl: 1.0051, acc: 0.9996 
epoch correct: 136002 epoch wrong: 52 epoch_num_tokens: 136054 
val --- avg_loss: 1.9117, ppl: 1.1479, acc: 0.9693  
epoch correct: 13434 epoch wrong: 425 epoch_num_tokens: 13859 

epoch: 38 avg_loss: 0.0879, ppl: 1.0065, acc: 0.9993 
epoch correct: 135965 epoch wrong: 89 epoch_num_tokens: 136054 
val --- avg_loss: 1.9933, ppl: 1.1547, acc: 0.9681  
epoch correct: 13417 epoch wrong: 442 epoch_num_tokens: 13859 

epoch: 39 avg_loss: 0.0897, ppl: 1.0066, acc: 0.9993 
epoch correct: 135960 epoch wrong: 94 epoch_num_tokens: 136054 
val --- avg_loss: 2.1645, ppl: 1.1690, acc: 0.9636  
epoch correct: 13354 epoch wrong: 505 epoch_num_tokens: 13859 

epoch: 40 avg_loss: 0.2865, ppl: 1.0213, acc: 0.9948 
epoch correct: 135351 epoch wrong: 703 epoch_num_tokens: 136054 
val --- avg_loss: 2.4284, ppl: 1.1915, acc: 0.9585  
epoch correct: 13284 epoch wrong: 575 epoch_num_tokens: 13859 

epoch: 41 avg_loss: 0.2779, ppl: 1.0206, acc: 0.9951 
epoch correct: 135393 epoch wrong: 661 epoch_num_tokens: 136054 
val --- avg_loss: 2.0838, ppl: 1.1623, acc: 0.9657  
epoch correct: 13384 epoch wrong: 475 epoch_num_tokens: 13859 

epoch: 42 avg_loss: 0.1290, ppl: 1.0095, acc: 0.9985 
epoch correct: 135853 epoch wrong: 201 epoch_num_tokens: 136054 
val --- avg_loss: 1.8610, ppl: 1.1437, acc: 0.9683  
epoch correct: 13420 epoch wrong: 439 epoch_num_tokens: 13859 
update best loss 

epoch: 43 avg_loss: 0.0806, ppl: 1.0059, acc: 0.9995 
epoch correct: 135988 epoch wrong: 66 epoch_num_tokens: 136054 
val --- avg_loss: 1.8328, ppl: 1.1414, acc: 0.9711  
epoch correct: 13458 epoch wrong: 401 epoch_num_tokens: 13859 
update best loss 

epoch: 44 avg_loss: 0.0602, ppl: 1.0044, acc: 0.9997 
epoch correct: 136019 epoch wrong: 35 epoch_num_tokens: 136054 
val --- avg_loss: 1.8809, ppl: 1.1454, acc: 0.9702  
epoch correct: 13446 epoch wrong: 413 epoch_num_tokens: 13859 

epoch: 45 avg_loss: 0.0625, ppl: 1.0046, acc: 0.9997 
epoch correct: 136011 epoch wrong: 43 epoch_num_tokens: 136054 
val --- avg_loss: 1.9058, ppl: 1.1474, acc: 0.9701  
epoch correct: 13444 epoch wrong: 415 epoch_num_tokens: 13859 

epoch: 46 avg_loss: 0.1160, ppl: 1.0086, acc: 0.9988 
epoch correct: 135887 epoch wrong: 167 epoch_num_tokens: 136054 
val --- avg_loss: 2.0289, ppl: 1.1577, acc: 0.9665  
epoch correct: 13395 epoch wrong: 464 epoch_num_tokens: 13859 

epoch: 47 avg_loss: 0.1327, ppl: 1.0098, acc: 0.9985 
epoch correct: 135847 epoch wrong: 207 epoch_num_tokens: 136054 
val --- avg_loss: 1.9888, ppl: 1.1543, acc: 0.9678  
epoch correct: 13413 epoch wrong: 446 epoch_num_tokens: 13859 

epoch: 48 avg_loss: 0.0760, ppl: 1.0056, acc: 0.9995 
epoch correct: 135987 epoch wrong: 67 epoch_num_tokens: 136054 
val --- avg_loss: 1.8369, ppl: 1.1417, acc: 0.9709  
epoch correct: 13456 epoch wrong: 403 epoch_num_tokens: 13859 

epoch: 49 avg_loss: 0.0716, ppl: 1.0053, acc: 0.9996 
epoch correct: 136002 epoch wrong: 52 epoch_num_tokens: 136054 
val --- avg_loss: 1.9125, ppl: 1.1480, acc: 0.9690  
epoch correct: 13430 epoch wrong: 429 epoch_num_tokens: 13859 

epoch: 50 avg_loss: 0.0724, ppl: 1.0053, acc: 0.9995 
epoch correct: 135984 epoch wrong: 70 epoch_num_tokens: 136054 
val --- avg_loss: 1.8587, ppl: 1.1435, acc: 0.9698  
epoch correct: 13440 epoch wrong: 419 epoch_num_tokens: 13859 

epoch: 51 avg_loss: 0.0593, ppl: 1.0044, acc: 0.9997 
epoch correct: 136010 epoch wrong: 44 epoch_num_tokens: 136054 
val --- avg_loss: 1.9061, ppl: 1.1474, acc: 0.9701  
epoch correct: 13444 epoch wrong: 415 epoch_num_tokens: 13859 

epoch: 52 avg_loss: 0.1119, ppl: 1.0083, acc: 0.9988 
epoch correct: 135890 epoch wrong: 164 epoch_num_tokens: 136054 
val --- avg_loss: 2.0108, ppl: 1.1561, acc: 0.9671  
epoch correct: 13403 epoch wrong: 456 epoch_num_tokens: 13859 

epoch: 53 avg_loss: 0.0963, ppl: 1.0071, acc: 0.9990 
epoch correct: 135914 epoch wrong: 140 epoch_num_tokens: 136054 
val --- avg_loss: 1.9373, ppl: 1.1500, acc: 0.9683  
epoch correct: 13419 epoch wrong: 440 epoch_num_tokens: 13859 

epoch: 54 avg_loss: 0.0810, ppl: 1.0060, acc: 0.9994 
epoch correct: 135976 epoch wrong: 78 epoch_num_tokens: 136054 
val --- avg_loss: 1.8114, ppl: 1.1396, acc: 0.9711  
epoch correct: 13458 epoch wrong: 401 epoch_num_tokens: 13859 
update best loss 

epoch: 55 avg_loss: 0.0612, ppl: 1.0045, acc: 0.9996 
epoch correct: 136001 epoch wrong: 53 epoch_num_tokens: 136054 
val --- avg_loss: 1.8153, ppl: 1.1399, acc: 0.9719  
epoch correct: 13470 epoch wrong: 389 epoch_num_tokens: 13859 

epoch: 56 avg_loss: 0.0527, ppl: 1.0039, acc: 0.9997 
epoch correct: 136017 epoch wrong: 37 epoch_num_tokens: 136054 
val --- avg_loss: 1.7903, ppl: 1.1379, acc: 0.9721  
epoch correct: 13472 epoch wrong: 387 epoch_num_tokens: 13859 
update best loss 

epoch: 57 avg_loss: 0.0462, ppl: 1.0034, acc: 0.9997 
epoch correct: 136016 epoch wrong: 38 epoch_num_tokens: 136054 
val --- avg_loss: 1.7942, ppl: 1.1382, acc: 0.9716  
epoch correct: 13465 epoch wrong: 394 epoch_num_tokens: 13859 

epoch: 58 avg_loss: 0.0397, ppl: 1.0029, acc: 0.9998 
epoch correct: 136026 epoch wrong: 28 epoch_num_tokens: 136054 
val --- avg_loss: 1.7652, ppl: 1.1358, acc: 0.9724  
epoch correct: 13477 epoch wrong: 382 epoch_num_tokens: 13859 
update best loss 

epoch: 59 avg_loss: 0.0344, ppl: 1.0025, acc: 0.9999 
epoch correct: 136037 epoch wrong: 17 epoch_num_tokens: 136054 
val --- avg_loss: 1.7756, ppl: 1.1367, acc: 0.9732  
epoch correct: 13488 epoch wrong: 371 epoch_num_tokens: 13859 

epoch: 60 avg_loss: 0.0346, ppl: 1.0025, acc: 0.9999 
epoch correct: 136036 epoch wrong: 18 epoch_num_tokens: 136054 
val --- avg_loss: 1.7675, ppl: 1.1360, acc: 0.9728  
epoch correct: 13482 epoch wrong: 377 epoch_num_tokens: 13859 

epoch: 61 avg_loss: 0.0532, ppl: 1.0039, acc: 0.9995 
epoch correct: 135986 epoch wrong: 68 epoch_num_tokens: 136054 
val --- avg_loss: 2.0926, ppl: 1.1630, acc: 0.9657  
epoch correct: 13383 epoch wrong: 476 epoch_num_tokens: 13859 

epoch: 62 avg_loss: 0.3831, ppl: 1.0286, acc: 0.9926 
epoch correct: 135054 epoch wrong: 1000 epoch_num_tokens: 136054 
val --- avg_loss: 2.6674, ppl: 1.2122, acc: 0.9512  
epoch correct: 13182 epoch wrong: 677 epoch_num_tokens: 13859 

epoch: 63 avg_loss: 0.4326, ppl: 1.0323, acc: 0.9908 
epoch correct: 134809 epoch wrong: 1245 epoch_num_tokens: 136054 
val --- avg_loss: 2.2616, ppl: 1.1773, acc: 0.9624  
epoch correct: 13338 epoch wrong: 521 epoch_num_tokens: 13859 

epoch: 64 avg_loss: 0.1775, ppl: 1.0131, acc: 0.9973 
epoch correct: 135682 epoch wrong: 372 epoch_num_tokens: 136054 
val --- avg_loss: 1.9562, ppl: 1.1516, acc: 0.9686  
epoch correct: 13424 epoch wrong: 435 epoch_num_tokens: 13859 

epoch: 65 avg_loss: 0.0922, ppl: 1.0068, acc: 0.9993 
epoch correct: 135954 epoch wrong: 100 epoch_num_tokens: 136054 
val --- avg_loss: 1.8402, ppl: 1.1420, acc: 0.9698  
epoch correct: 13440 epoch wrong: 419 epoch_num_tokens: 13859 

epoch: 66 avg_loss: 0.0603, ppl: 1.0044, acc: 0.9997 
epoch correct: 136017 epoch wrong: 37 epoch_num_tokens: 136054 
val --- avg_loss: 1.7670, ppl: 1.1360, acc: 0.9713  
epoch correct: 13461 epoch wrong: 398 epoch_num_tokens: 13859 

epoch: 67 avg_loss: 0.0447, ppl: 1.0033, acc: 0.9999 
epoch correct: 136038 epoch wrong: 16 epoch_num_tokens: 136054 
val --- avg_loss: 1.7381, ppl: 1.1336, acc: 0.9725  
epoch correct: 13478 epoch wrong: 381 epoch_num_tokens: 13859 
update best loss 

epoch: 68 avg_loss: 0.0413, ppl: 1.0030, acc: 0.9999 
epoch correct: 136037 epoch wrong: 17 epoch_num_tokens: 136054 
val --- avg_loss: 1.7655, ppl: 1.1359, acc: 0.9717  
epoch correct: 13467 epoch wrong: 392 epoch_num_tokens: 13859 

epoch: 69 avg_loss: 0.0365, ppl: 1.0027, acc: 0.9999 
epoch correct: 136042 epoch wrong: 12 epoch_num_tokens: 136054 
val --- avg_loss: 1.7350, ppl: 1.1334, acc: 0.9728  
epoch correct: 13482 epoch wrong: 377 epoch_num_tokens: 13859 
update best loss 

epoch: 70 avg_loss: 0.0322, ppl: 1.0024, acc: 0.9999 
epoch correct: 136045 epoch wrong: 9 epoch_num_tokens: 136054 
val --- avg_loss: 1.7456, ppl: 1.1342, acc: 0.9726  
epoch correct: 13479 epoch wrong: 380 epoch_num_tokens: 13859 

epoch: 71 avg_loss: 0.0292, ppl: 1.0021, acc: 1.0000 
epoch correct: 136048 epoch wrong: 6 epoch_num_tokens: 136054 
val --- avg_loss: 1.7540, ppl: 1.1349, acc: 0.9716  
epoch correct: 13465 epoch wrong: 394 epoch_num_tokens: 13859 

epoch: 72 avg_loss: 0.0281, ppl: 1.0021, acc: 0.9999 
epoch correct: 136046 epoch wrong: 8 epoch_num_tokens: 136054 
val --- avg_loss: 1.7599, ppl: 1.1354, acc: 0.9722  
epoch correct: 13474 epoch wrong: 385 epoch_num_tokens: 13859 

epoch: 73 avg_loss: 0.0274, ppl: 1.0020, acc: 0.9999 
epoch correct: 136046 epoch wrong: 8 epoch_num_tokens: 136054 
val --- avg_loss: 1.7642, ppl: 1.1358, acc: 0.9717  
epoch correct: 13467 epoch wrong: 392 epoch_num_tokens: 13859 

epoch: 74 avg_loss: 0.0285, ppl: 1.0021, acc: 0.9999 
epoch correct: 136041 epoch wrong: 13 epoch_num_tokens: 136054 
val --- avg_loss: 1.7696, ppl: 1.1362, acc: 0.9721  
epoch correct: 13473 epoch wrong: 386 epoch_num_tokens: 13859 

epoch: 75 avg_loss: 0.0389, ppl: 1.0029, acc: 0.9997 
epoch correct: 136019 epoch wrong: 35 epoch_num_tokens: 136054 
val --- avg_loss: 1.7705, ppl: 1.1363, acc: 0.9709  
epoch correct: 13456 epoch wrong: 403 epoch_num_tokens: 13859 

epoch: 76 avg_loss: 0.0407, ppl: 1.0030, acc: 0.9998 
epoch correct: 136022 epoch wrong: 32 epoch_num_tokens: 136054 
val --- avg_loss: 1.7516, ppl: 1.1347, acc: 0.9720  
epoch correct: 13471 epoch wrong: 388 epoch_num_tokens: 13859 

epoch: 77 avg_loss: 0.0454, ppl: 1.0033, acc: 0.9997 
epoch correct: 136011 epoch wrong: 43 epoch_num_tokens: 136054 
val --- avg_loss: 1.7883, ppl: 1.1377, acc: 0.9724  
epoch correct: 13476 epoch wrong: 383 epoch_num_tokens: 13859 

epoch: 78 avg_loss: 0.1260, ppl: 1.0093, acc: 0.9983 
epoch correct: 135819 epoch wrong: 235 epoch_num_tokens: 136054 
val --- avg_loss: 1.9998, ppl: 1.1552, acc: 0.9666  
epoch correct: 13396 epoch wrong: 463 epoch_num_tokens: 13859 

epoch: 79 avg_loss: 0.1355, ppl: 1.0100, acc: 0.9983 
epoch correct: 135824 epoch wrong: 230 epoch_num_tokens: 136054 
val --- avg_loss: 1.9296, ppl: 1.1494, acc: 0.9684  
epoch correct: 13421 epoch wrong: 438 epoch_num_tokens: 13859 

epoch: 80 avg_loss: 0.0897, ppl: 1.0066, acc: 0.9991 
epoch correct: 135929 epoch wrong: 125 epoch_num_tokens: 136054 
val --- avg_loss: 1.8602, ppl: 1.1436, acc: 0.9720  
epoch correct: 13471 epoch wrong: 388 epoch_num_tokens: 13859 

epoch: 81 avg_loss: 0.0879, ppl: 1.0065, acc: 0.9991 
epoch correct: 135931 epoch wrong: 123 epoch_num_tokens: 136054 
val --- avg_loss: 1.9511, ppl: 1.1512, acc: 0.9689  
epoch correct: 13428 epoch wrong: 431 epoch_num_tokens: 13859 

epoch: 82 avg_loss: 0.0690, ppl: 1.0051, acc: 0.9994 
epoch correct: 135972 epoch wrong: 82 epoch_num_tokens: 136054 
val --- avg_loss: 1.7768, ppl: 1.1368, acc: 0.9724  
epoch correct: 13477 epoch wrong: 382 epoch_num_tokens: 13859 

epoch: 83 avg_loss: 0.0635, ppl: 1.0047, acc: 0.9995 
epoch correct: 135987 epoch wrong: 67 epoch_num_tokens: 136054 
val --- avg_loss: 1.7989, ppl: 1.1386, acc: 0.9712  
epoch correct: 13460 epoch wrong: 399 epoch_num_tokens: 13859 

epoch: 84 avg_loss: 0.0535, ppl: 1.0039, acc: 0.9996 
epoch correct: 136004 epoch wrong: 50 epoch_num_tokens: 136054 
val --- avg_loss: 1.7762, ppl: 1.1367, acc: 0.9725  
epoch correct: 13478 epoch wrong: 381 epoch_num_tokens: 13859 

epoch: 85 avg_loss: 0.0433, ppl: 1.0032, acc: 0.9997 
epoch correct: 136018 epoch wrong: 36 epoch_num_tokens: 136054 
val --- avg_loss: 1.6720, ppl: 1.1282, acc: 0.9738  
epoch correct: 13496 epoch wrong: 363 epoch_num_tokens: 13859 
update best loss 

epoch: 86 avg_loss: 0.0300, ppl: 1.0022, acc: 0.9999 
epoch correct: 136043 epoch wrong: 11 epoch_num_tokens: 136054 
val --- avg_loss: 1.6663, ppl: 1.1278, acc: 0.9747  
epoch correct: 13509 epoch wrong: 350 epoch_num_tokens: 13859 
update best loss 

epoch: 87 avg_loss: 0.0262, ppl: 1.0019, acc: 1.0000 
epoch correct: 136048 epoch wrong: 6 epoch_num_tokens: 136054 
val --- avg_loss: 1.6626, ppl: 1.1275, acc: 0.9747  
epoch correct: 13509 epoch wrong: 350 epoch_num_tokens: 13859 
update best loss 

epoch: 88 avg_loss: 0.0246, ppl: 1.0018, acc: 1.0000 
epoch correct: 136049 epoch wrong: 5 epoch_num_tokens: 136054 
val --- avg_loss: 1.6628, ppl: 1.1275, acc: 0.9745  
epoch correct: 13506 epoch wrong: 353 epoch_num_tokens: 13859 

epoch: 89 avg_loss: 0.0236, ppl: 1.0017, acc: 1.0000 
epoch correct: 136048 epoch wrong: 6 epoch_num_tokens: 136054 
val --- avg_loss: 1.6646, ppl: 1.1276, acc: 0.9749  
epoch correct: 13511 epoch wrong: 348 epoch_num_tokens: 13859 

epoch: 90 avg_loss: 0.0226, ppl: 1.0017, acc: 1.0000 
epoch correct: 136049 epoch wrong: 5 epoch_num_tokens: 136054 
val --- avg_loss: 1.6626, ppl: 1.1275, acc: 0.9750  
epoch correct: 13513 epoch wrong: 346 epoch_num_tokens: 13859 

epoch: 91 avg_loss: 0.0218, ppl: 1.0016, acc: 1.0000 
epoch correct: 136049 epoch wrong: 5 epoch_num_tokens: 136054 
val --- avg_loss: 1.6681, ppl: 1.1279, acc: 0.9750  
epoch correct: 13512 epoch wrong: 347 epoch_num_tokens: 13859 

epoch: 92 avg_loss: 0.0211, ppl: 1.0016, acc: 1.0000 
epoch correct: 136050 epoch wrong: 4 epoch_num_tokens: 136054 
val --- avg_loss: 1.6668, ppl: 1.1278, acc: 0.9751  
epoch correct: 13514 epoch wrong: 345 epoch_num_tokens: 13859 

epoch: 93 avg_loss: 0.0208, ppl: 1.0015, acc: 0.9999 
epoch correct: 136047 epoch wrong: 7 epoch_num_tokens: 136054 
val --- avg_loss: 1.6613, ppl: 1.1274, acc: 0.9751  
epoch correct: 13514 epoch wrong: 345 epoch_num_tokens: 13859 
update best loss 

epoch: 94 avg_loss: 0.0206, ppl: 1.0015, acc: 1.0000 
epoch correct: 136048 epoch wrong: 6 epoch_num_tokens: 136054 
val --- avg_loss: 1.6626, ppl: 1.1275, acc: 0.9748  
epoch correct: 13510 epoch wrong: 349 epoch_num_tokens: 13859 

epoch: 95 avg_loss: 0.0202, ppl: 1.0015, acc: 1.0000 
epoch correct: 136048 epoch wrong: 6 epoch_num_tokens: 136054 
val --- avg_loss: 1.6634, ppl: 1.1275, acc: 0.9750  
epoch correct: 13512 epoch wrong: 347 epoch_num_tokens: 13859 

epoch: 96 avg_loss: 0.0198, ppl: 1.0015, acc: 0.9999 
epoch correct: 136047 epoch wrong: 7 epoch_num_tokens: 136054 
val --- avg_loss: 1.6643, ppl: 1.1276, acc: 0.9750  
epoch correct: 13512 epoch wrong: 347 epoch_num_tokens: 13859 

epoch: 97 avg_loss: 0.0193, ppl: 1.0014, acc: 0.9999 
epoch correct: 136047 epoch wrong: 7 epoch_num_tokens: 136054 
val --- avg_loss: 1.6790, ppl: 1.1288, acc: 0.9745  
epoch correct: 13506 epoch wrong: 353 epoch_num_tokens: 13859 

epoch: 98 avg_loss: 0.0198, ppl: 1.0015, acc: 0.9999 
epoch correct: 136046 epoch wrong: 8 epoch_num_tokens: 136054 
val --- avg_loss: 1.6602, ppl: 1.1273, acc: 0.9748  
epoch correct: 13510 epoch wrong: 349 epoch_num_tokens: 13859 
update best loss 

epoch: 99 avg_loss: 0.0196, ppl: 1.0014, acc: 0.9999 
epoch correct: 136045 epoch wrong: 9 epoch_num_tokens: 136054 
val --- avg_loss: 1.6612, ppl: 1.1273, acc: 0.9746  
epoch correct: 13507 epoch wrong: 352 epoch_num_tokens: 13859 
