
number of params: 6368768 
Namespace(axs=array([<matplotlib.axes._subplots.AxesSubplot object at 0x7f3c21b51a50>,
       <matplotlib.axes._subplots.AxesSubplot object at 0x7f3c11ffd9d0>],
      dtype=object), batchsize=128, bmodel='charlm', clip_grad=5.0, device='cuda', enc_dropout_in=0.0, enc_dropout_out=0.0, enc_nh=1024, epochs=100, fig=<Figure size 640x480 with 2 Axes>, fig_path='logs/lm/charlm/774_instances/100epochs.png', is_clip_grad=False, log_path='logs/lm/charlm/774_instances/100epochs.log', logger=<utils.Logger object at 0x7f3bf6dd5fd0>, lr=0.001, maxtrnsize=57769, maxtstsize=8517, maxvalsize=8329, model=CharLM(
  (embed): Embedding(45, 512, padding_idx=0)
  (lstm): LSTM(512, 1024, batch_first=True)
  (dropout_in): Dropout(p=0.0, inplace=False)
  (dropout_out): Dropout(p=0.0, inplace=False)
  (pred_linear): Linear(in_features=1024, out_features=45, bias=False)
  (loss): CrossEntropyLoss()
), modelname='logs/lm/charlm/774_instances', ni=512, opt='Adam', save_path='logs/lm/charlm/774_instances/100epochs.pt', seq_to_no_pad='surface', surface_vocab_file='trmor_data/sigmorphon/2005/wordlist.tur', task='lm', trndata='trmor_data/sigmorphon/2005/goldstdsample.tur', trnsize=774, tstdata='trmor_data/sigmorphon/2005/goldstdsample.tur', tstsize=0, valdata='trmor_data/sigmorphon/2005/goldstdsample.tur', valsize=774)

embed.weight, torch.Size([45, 512]): True
lstm.weight_ih_l0, torch.Size([4096, 512]): True
lstm.weight_hh_l0, torch.Size([4096, 1024]): True
lstm.bias_ih_l0, torch.Size([4096]): True
lstm.bias_hh_l0, torch.Size([4096]): True
pred_linear.weight, torch.Size([45, 1024]): True
epoch: 0 avg_loss: 1547.8391, ppl: 26.6258, acc: 0.1140 
epoch correct: 1022 epoch wrong: 7939 epoch_num_tokens: 8961 

epoch: 1 avg_loss: 1386.9883, ppl: 18.9316, acc: 0.1392 
epoch correct: 1247 epoch wrong: 7714 epoch_num_tokens: 8961 

epoch: 2 avg_loss: 1253.3585, ppl: 14.2605, acc: 0.1943 
epoch correct: 1741 epoch wrong: 7220 epoch_num_tokens: 8961 

epoch: 3 avg_loss: 1147.8592, ppl: 11.4022, acc: 0.2462 
epoch correct: 2206 epoch wrong: 6755 epoch_num_tokens: 8961 

epoch: 4 avg_loss: 1093.1649, ppl: 10.1537, acc: 0.2730 
epoch correct: 2446 epoch wrong: 6515 epoch_num_tokens: 8961 

epoch: 5 avg_loss: 1065.6237, ppl: 9.5777, acc: 0.2901 
epoch correct: 2600 epoch wrong: 6361 epoch_num_tokens: 8961 

epoch: 6 avg_loss: 1039.8316, ppl: 9.0680, acc: 0.2936 
epoch correct: 2631 epoch wrong: 6330 epoch_num_tokens: 8961 

epoch: 7 avg_loss: 1025.3219, ppl: 8.7933, acc: 0.3053 
epoch correct: 2736 epoch wrong: 6225 epoch_num_tokens: 8961 

epoch: 8 avg_loss: 1017.0087, ppl: 8.6397, acc: 0.3070 
epoch correct: 2751 epoch wrong: 6210 epoch_num_tokens: 8961 

epoch: 9 avg_loss: 1010.1964, ppl: 8.5158, acc: 0.3079 
epoch correct: 2759 epoch wrong: 6202 epoch_num_tokens: 8961 

epoch: 10 avg_loss: 983.8184, ppl: 8.0526, acc: 0.3234 
epoch correct: 2898 epoch wrong: 6063 epoch_num_tokens: 8961 

epoch: 11 avg_loss: 957.5309, ppl: 7.6160, acc: 0.3388 
epoch correct: 3036 epoch wrong: 5925 epoch_num_tokens: 8961 

epoch: 12 avg_loss: 941.1217, ppl: 7.3556, acc: 0.3490 
epoch correct: 3127 epoch wrong: 5834 epoch_num_tokens: 8961 

epoch: 13 avg_loss: 911.7629, ppl: 6.9117, acc: 0.3725 
epoch correct: 3338 epoch wrong: 5623 epoch_num_tokens: 8961 

epoch: 14 avg_loss: 894.6474, ppl: 6.6653, acc: 0.3851 
epoch correct: 3451 epoch wrong: 5510 epoch_num_tokens: 8961 

epoch: 15 avg_loss: 877.0962, ppl: 6.4219, acc: 0.3973 
epoch correct: 3560 epoch wrong: 5401 epoch_num_tokens: 8961 

epoch: 16 avg_loss: 862.1400, ppl: 6.2214, acc: 0.4044 
epoch correct: 3624 epoch wrong: 5337 epoch_num_tokens: 8961 

epoch: 17 avg_loss: 858.5673, ppl: 6.1744, acc: 0.4054 
epoch correct: 3633 epoch wrong: 5328 epoch_num_tokens: 8961 

epoch: 18 avg_loss: 824.6019, ppl: 5.7454, acc: 0.4310 
epoch correct: 3862 epoch wrong: 5099 epoch_num_tokens: 8961 

epoch: 19 avg_loss: 795.4280, ppl: 5.4008, acc: 0.4441 
epoch correct: 3980 epoch wrong: 4981 epoch_num_tokens: 8961 

epoch: 20 avg_loss: 760.1023, ppl: 5.0110, acc: 0.4717 
epoch correct: 4227 epoch wrong: 4734 epoch_num_tokens: 8961 

epoch: 21 avg_loss: 732.4682, ppl: 4.7259, acc: 0.4937 
epoch correct: 4424 epoch wrong: 4537 epoch_num_tokens: 8961 

epoch: 22 avg_loss: 697.4854, ppl: 4.3880, acc: 0.5294 
epoch correct: 4744 epoch wrong: 4217 epoch_num_tokens: 8961 

epoch: 23 avg_loss: 667.1665, ppl: 4.1148, acc: 0.5476 
epoch correct: 4907 epoch wrong: 4054 epoch_num_tokens: 8961 

epoch: 24 avg_loss: 643.8446, ppl: 3.9163, acc: 0.5564 
epoch correct: 4986 epoch wrong: 3975 epoch_num_tokens: 8961 

epoch: 25 avg_loss: 606.3000, ppl: 3.6166, acc: 0.5897 
epoch correct: 5284 epoch wrong: 3677 epoch_num_tokens: 8961 

epoch: 26 avg_loss: 563.8440, ppl: 3.3053, acc: 0.6339 
epoch correct: 5680 epoch wrong: 3281 epoch_num_tokens: 8961 

epoch: 27 avg_loss: 518.7658, ppl: 3.0040, acc: 0.6705 
epoch correct: 6008 epoch wrong: 2953 epoch_num_tokens: 8961 

epoch: 28 avg_loss: 486.1179, ppl: 2.8031, acc: 0.6957 
epoch correct: 6234 epoch wrong: 2727 epoch_num_tokens: 8961 

epoch: 29 avg_loss: 458.8504, ppl: 2.6456, acc: 0.7111 
epoch correct: 6372 epoch wrong: 2589 epoch_num_tokens: 8961 

epoch: 30 avg_loss: 427.2314, ppl: 2.4741, acc: 0.7361 
epoch correct: 6596 epoch wrong: 2365 epoch_num_tokens: 8961 

epoch: 31 avg_loss: 409.6572, ppl: 2.3836, acc: 0.7478 
epoch correct: 6701 epoch wrong: 2260 epoch_num_tokens: 8961 

epoch: 32 avg_loss: 380.5676, ppl: 2.2410, acc: 0.7627 
epoch correct: 6835 epoch wrong: 2126 epoch_num_tokens: 8961 

epoch: 33 avg_loss: 359.4601, ppl: 2.1429, acc: 0.7731 
epoch correct: 6928 epoch wrong: 2033 epoch_num_tokens: 8961 

epoch: 34 avg_loss: 344.8858, ppl: 2.0777, acc: 0.7811 
epoch correct: 6999 epoch wrong: 1962 epoch_num_tokens: 8961 

epoch: 35 avg_loss: 337.5996, ppl: 2.0458, acc: 0.7792 
epoch correct: 6982 epoch wrong: 1979 epoch_num_tokens: 8961 

epoch: 36 avg_loss: 327.7875, ppl: 2.0037, acc: 0.7838 
epoch correct: 7024 epoch wrong: 1937 epoch_num_tokens: 8961 

epoch: 37 avg_loss: 322.1955, ppl: 1.9801, acc: 0.7851 
epoch correct: 7035 epoch wrong: 1926 epoch_num_tokens: 8961 

epoch: 38 avg_loss: 320.8319, ppl: 1.9744, acc: 0.7809 
epoch correct: 6998 epoch wrong: 1963 epoch_num_tokens: 8961 

epoch: 39 avg_loss: 312.7115, ppl: 1.9407, acc: 0.7829 
epoch correct: 7016 epoch wrong: 1945 epoch_num_tokens: 8961 

epoch: 40 avg_loss: 312.4521, ppl: 1.9396, acc: 0.7812 
epoch correct: 7000 epoch wrong: 1961 epoch_num_tokens: 8961 

epoch: 41 avg_loss: 309.2491, ppl: 1.9265, acc: 0.7823 
epoch correct: 7010 epoch wrong: 1951 epoch_num_tokens: 8961 

epoch: 42 avg_loss: 307.7203, ppl: 1.9203, acc: 0.7827 
epoch correct: 7014 epoch wrong: 1947 epoch_num_tokens: 8961 

epoch: 43 avg_loss: 302.1247, ppl: 1.8976, acc: 0.7837 
epoch correct: 7023 epoch wrong: 1938 epoch_num_tokens: 8961 

epoch: 44 avg_loss: 303.3445, ppl: 1.9025, acc: 0.7808 
epoch correct: 6997 epoch wrong: 1964 epoch_num_tokens: 8961 

epoch: 45 avg_loss: 300.1303, ppl: 1.8896, acc: 0.7821 
epoch correct: 7008 epoch wrong: 1953 epoch_num_tokens: 8961 

epoch: 46 avg_loss: 300.7522, ppl: 1.8921, acc: 0.7823 
epoch correct: 7010 epoch wrong: 1951 epoch_num_tokens: 8961 

epoch: 47 avg_loss: 299.3391, ppl: 1.8864, acc: 0.7788 
epoch correct: 6979 epoch wrong: 1982 epoch_num_tokens: 8961 

epoch: 48 avg_loss: 293.8541, ppl: 1.8646, acc: 0.7874 
epoch correct: 7056 epoch wrong: 1905 epoch_num_tokens: 8961 

epoch: 49 avg_loss: 297.2396, ppl: 1.8781, acc: 0.7788 
epoch correct: 6979 epoch wrong: 1982 epoch_num_tokens: 8961 

epoch: 50 avg_loss: 295.4084, ppl: 1.8708, acc: 0.7828 
epoch correct: 7015 epoch wrong: 1946 epoch_num_tokens: 8961 

epoch: 51 avg_loss: 293.6149, ppl: 1.8637, acc: 0.7851 
epoch correct: 7035 epoch wrong: 1926 epoch_num_tokens: 8961 

epoch: 52 avg_loss: 292.4400, ppl: 1.8590, acc: 0.7844 
epoch correct: 7029 epoch wrong: 1932 epoch_num_tokens: 8961 

epoch: 53 avg_loss: 293.3395, ppl: 1.8626, acc: 0.7836 
epoch correct: 7022 epoch wrong: 1939 epoch_num_tokens: 8961 

epoch: 54 avg_loss: 293.4738, ppl: 1.8631, acc: 0.7789 
epoch correct: 6980 epoch wrong: 1981 epoch_num_tokens: 8961 

epoch: 55 avg_loss: 292.2090, ppl: 1.8581, acc: 0.7824 
epoch correct: 7011 epoch wrong: 1950 epoch_num_tokens: 8961 

epoch: 56 avg_loss: 290.5136, ppl: 1.8515, acc: 0.7826 
epoch correct: 7013 epoch wrong: 1948 epoch_num_tokens: 8961 

epoch: 57 avg_loss: 291.1994, ppl: 1.8542, acc: 0.7832 
epoch correct: 7018 epoch wrong: 1943 epoch_num_tokens: 8961 

epoch: 58 avg_loss: 291.1655, ppl: 1.8540, acc: 0.7833 
epoch correct: 7019 epoch wrong: 1942 epoch_num_tokens: 8961 

epoch: 59 avg_loss: 289.7594, ppl: 1.8485, acc: 0.7812 
epoch correct: 7000 epoch wrong: 1961 epoch_num_tokens: 8961 

epoch: 60 avg_loss: 289.0623, ppl: 1.8458, acc: 0.7841 
epoch correct: 7026 epoch wrong: 1935 epoch_num_tokens: 8961 

epoch: 61 avg_loss: 289.9332, ppl: 1.8492, acc: 0.7790 
epoch correct: 6981 epoch wrong: 1980 epoch_num_tokens: 8961 

epoch: 62 avg_loss: 286.9672, ppl: 1.8376, acc: 0.7812 
epoch correct: 7000 epoch wrong: 1961 epoch_num_tokens: 8961 

epoch: 63 avg_loss: 287.0121, ppl: 1.8378, acc: 0.7846 
epoch correct: 7031 epoch wrong: 1930 epoch_num_tokens: 8961 

epoch: 64 avg_loss: 288.2621, ppl: 1.8426, acc: 0.7826 
epoch correct: 7013 epoch wrong: 1948 epoch_num_tokens: 8961 

epoch: 65 avg_loss: 287.6836, ppl: 1.8404, acc: 0.7825 
epoch correct: 7012 epoch wrong: 1949 epoch_num_tokens: 8961 

epoch: 66 avg_loss: 290.4172, ppl: 1.8511, acc: 0.7807 
epoch correct: 6996 epoch wrong: 1965 epoch_num_tokens: 8961 

epoch: 67 avg_loss: 286.6065, ppl: 1.8362, acc: 0.7837 
epoch correct: 7023 epoch wrong: 1938 epoch_num_tokens: 8961 

epoch: 68 avg_loss: 285.7164, ppl: 1.8327, acc: 0.7840 
epoch correct: 7025 epoch wrong: 1936 epoch_num_tokens: 8961 

epoch: 69 avg_loss: 289.4648, ppl: 1.8473, acc: 0.7811 
epoch correct: 6999 epoch wrong: 1962 epoch_num_tokens: 8961 

epoch: 70 avg_loss: 290.3137, ppl: 1.8507, acc: 0.7789 
epoch correct: 6980 epoch wrong: 1981 epoch_num_tokens: 8961 

epoch: 71 avg_loss: 286.7660, ppl: 1.8368, acc: 0.7850 
epoch correct: 7034 epoch wrong: 1927 epoch_num_tokens: 8961 

epoch: 72 avg_loss: 286.4497, ppl: 1.8356, acc: 0.7811 
epoch correct: 6999 epoch wrong: 1962 epoch_num_tokens: 8961 

epoch: 73 avg_loss: 287.1816, ppl: 1.8384, acc: 0.7818 
epoch correct: 7006 epoch wrong: 1955 epoch_num_tokens: 8961 

epoch: 74 avg_loss: 287.5692, ppl: 1.8399, acc: 0.7823 
epoch correct: 7010 epoch wrong: 1951 epoch_num_tokens: 8961 

epoch: 75 avg_loss: 285.6360, ppl: 1.8324, acc: 0.7796 
epoch correct: 6986 epoch wrong: 1975 epoch_num_tokens: 8961 

epoch: 76 avg_loss: 285.8923, ppl: 1.8334, acc: 0.7817 
epoch correct: 7005 epoch wrong: 1956 epoch_num_tokens: 8961 

epoch: 77 avg_loss: 284.1492, ppl: 1.8266, acc: 0.7816 
epoch correct: 7004 epoch wrong: 1957 epoch_num_tokens: 8961 

epoch: 78 avg_loss: 284.5163, ppl: 1.8281, acc: 0.7861 
epoch correct: 7044 epoch wrong: 1917 epoch_num_tokens: 8961 

epoch: 79 avg_loss: 285.9544, ppl: 1.8337, acc: 0.7793 
epoch correct: 6983 epoch wrong: 1978 epoch_num_tokens: 8961 

epoch: 80 avg_loss: 285.8872, ppl: 1.8334, acc: 0.7818 
epoch correct: 7006 epoch wrong: 1955 epoch_num_tokens: 8961 

epoch: 81 avg_loss: 285.6467, ppl: 1.8325, acc: 0.7811 
epoch correct: 6999 epoch wrong: 1962 epoch_num_tokens: 8961 

epoch: 82 avg_loss: 284.6474, ppl: 1.8286, acc: 0.7816 
epoch correct: 7004 epoch wrong: 1957 epoch_num_tokens: 8961 

epoch: 83 avg_loss: 285.0359, ppl: 1.8301, acc: 0.7812 
epoch correct: 7000 epoch wrong: 1961 epoch_num_tokens: 8961 

epoch: 84 avg_loss: 283.5416, ppl: 1.8243, acc: 0.7847 
epoch correct: 7032 epoch wrong: 1929 epoch_num_tokens: 8961 

epoch: 85 avg_loss: 282.5381, ppl: 1.8204, acc: 0.7851 
epoch correct: 7035 epoch wrong: 1926 epoch_num_tokens: 8961 

epoch: 86 avg_loss: 283.9097, ppl: 1.8257, acc: 0.7845 
epoch correct: 7030 epoch wrong: 1931 epoch_num_tokens: 8961 

epoch: 87 avg_loss: 286.7849, ppl: 1.8369, acc: 0.7812 
epoch correct: 7000 epoch wrong: 1961 epoch_num_tokens: 8961 

epoch: 88 avg_loss: 283.3857, ppl: 1.8237, acc: 0.7857 
epoch correct: 7041 epoch wrong: 1920 epoch_num_tokens: 8961 

epoch: 89 avg_loss: 284.7823, ppl: 1.8291, acc: 0.7822 
epoch correct: 7009 epoch wrong: 1952 epoch_num_tokens: 8961 

epoch: 90 avg_loss: 282.6653, ppl: 1.8209, acc: 0.7834 
epoch correct: 7020 epoch wrong: 1941 epoch_num_tokens: 8961 

epoch: 91 avg_loss: 283.3186, ppl: 1.8234, acc: 0.7840 
epoch correct: 7025 epoch wrong: 1936 epoch_num_tokens: 8961 

epoch: 92 avg_loss: 282.1431, ppl: 1.8189, acc: 0.7829 
epoch correct: 7016 epoch wrong: 1945 epoch_num_tokens: 8961 

epoch: 93 avg_loss: 282.2280, ppl: 1.8192, acc: 0.7856 
epoch correct: 7040 epoch wrong: 1921 epoch_num_tokens: 8961 

epoch: 94 avg_loss: 284.1598, ppl: 1.8267, acc: 0.7821 
epoch correct: 7008 epoch wrong: 1953 epoch_num_tokens: 8961 

epoch: 95 avg_loss: 285.0081, ppl: 1.8300, acc: 0.7828 
epoch correct: 7015 epoch wrong: 1946 epoch_num_tokens: 8961 

epoch: 96 avg_loss: 281.9450, ppl: 1.8181, acc: 0.7842 
epoch correct: 7027 epoch wrong: 1934 epoch_num_tokens: 8961 

epoch: 97 avg_loss: 284.4153, ppl: 1.8277, acc: 0.7847 
epoch correct: 7032 epoch wrong: 1929 epoch_num_tokens: 8961 

epoch: 98 avg_loss: 283.0705, ppl: 1.8225, acc: 0.7833 
epoch correct: 7019 epoch wrong: 1942 epoch_num_tokens: 8961 

epoch: 99 avg_loss: 282.4720, ppl: 1.8202, acc: 0.7797 
epoch correct: 6987 epoch wrong: 1974 epoch_num_tokens: 8961 
