VQVAE(
  (model): EncoderDecoder(
    (encoder): Encoder(
      (rnn): GRU(512, 256, batch_first=True, dropout=0.2, bidirectional=True)
    )
    (decoder): Decoder(
      (attention): BahdanauAttention(
        (key_layer): Linear(in_features=512, out_features=256, bias=False)
        (query_layer): Linear(in_features=256, out_features=256, bias=False)
        (energy_layer): Linear(in_features=256, out_features=1, bias=False)
      )
      (rnn): GRU(1024, 256, batch_first=True, dropout=0.2)
      (bridge): Linear(in_features=512, out_features=256, bias=True)
      (dropout_layer): Dropout(p=0.2, inplace=False)
      (pre_output_layer): Linear(in_features=1280, out_features=256, bias=False)
    )
    (src_embed): Embedding(39, 512)
    (trg_embed): Embedding(39, 512)
    (generator): Generator(
      (proj): Linear(in_features=256, out_features=39, bias=False)
    )
  )
  (vq_layer): VectorQuantizer(
    (embedding): Embedding(48, 512)
  )
)beta:0.25
----- Parameters: -----
model.encoder.rnn.weight_ih_l0, torch.Size([768, 512]): True
model.encoder.rnn.weight_hh_l0, torch.Size([768, 256]): True
model.encoder.rnn.bias_ih_l0, torch.Size([768]): True
model.encoder.rnn.bias_hh_l0, torch.Size([768]): True
model.encoder.rnn.weight_ih_l0_reverse, torch.Size([768, 512]): True
model.encoder.rnn.weight_hh_l0_reverse, torch.Size([768, 256]): True
model.encoder.rnn.bias_ih_l0_reverse, torch.Size([768]): True
model.encoder.rnn.bias_hh_l0_reverse, torch.Size([768]): True
model.decoder.attention.key_layer.weight, torch.Size([256, 512]): True
model.decoder.attention.query_layer.weight, torch.Size([256, 256]): True
model.decoder.attention.energy_layer.weight, torch.Size([1, 256]): True
model.decoder.rnn.weight_ih_l0, torch.Size([768, 1024]): True
model.decoder.rnn.weight_hh_l0, torch.Size([768, 256]): True
model.decoder.rnn.bias_ih_l0, torch.Size([768]): True
model.decoder.rnn.bias_hh_l0, torch.Size([768]): True
model.decoder.bridge.weight, torch.Size([256, 512]): True
model.decoder.bridge.bias, torch.Size([256]): True
model.decoder.pre_output_layer.weight, torch.Size([256, 1280]): True
model.src_embed.weight, torch.Size([39, 512]): True
model.trg_embed.weight, torch.Size([39, 512]): True
model.generator.proj.weight, torch.Size([39, 256]): True
vq_layer.embedding.weight, torch.Size([48, 512]): True
Epoch 0, ppl: 1.0173,  recon_loss: 21.0751, vq_loss: 0.6666, acc: 0.3745
val -- ppl: 1.0195,  recon_loss: 19.8182, vq_loss: 0.7575, acc: 0.4522 
update best loss
Epoch 1, ppl: 1.0138,  recon_loss: 16.6728, vq_loss: 0.7547, acc: 0.4837
val -- ppl: 1.0170,  recon_loss: 17.2406, vq_loss: 0.7537, acc: 0.5147 
update best loss
Epoch 2, ppl: 1.0123,  recon_loss: 14.7266, vq_loss: 0.7582, acc: 0.5420
val -- ppl: 1.0158,  recon_loss: 15.9421, vq_loss: 0.7615, acc: 0.5502 
update best loss
Epoch 3, ppl: 1.0113,  recon_loss: 13.4453, vq_loss: 0.7670, acc: 0.5787
val -- ppl: 1.0140,  recon_loss: 14.0606, vq_loss: 0.7683, acc: 0.6067 
update best loss
Epoch 4, ppl: 1.0104,  recon_loss: 12.3086, vq_loss: 0.7706, acc: 0.6142
val -- ppl: 1.0129,  recon_loss: 12.9294, vq_loss: 0.7688, acc: 0.6370 
update best loss
Epoch 5, ppl: 1.0095,  recon_loss: 11.2163, vq_loss: 0.7612, acc: 0.6464
val -- ppl: 1.0122,  recon_loss: 12.1838, vq_loss: 0.7560, acc: 0.6568 
update best loss
Epoch 6, ppl: 1.0089,  recon_loss: 10.4358, vq_loss: 0.7518, acc: 0.6707
val -- ppl: 1.0111,  recon_loss: 11.0269, vq_loss: 0.7470, acc: 0.6905 
update best loss
Epoch 7, ppl: 1.0082,  recon_loss: 9.5891, vq_loss: 0.7404, acc: 0.6981
val -- ppl: 1.0102,  recon_loss: 10.0419, vq_loss: 0.7357, acc: 0.7177 
update best loss
Epoch 8, ppl: 1.0076,  recon_loss: 8.8147, vq_loss: 0.7294, acc: 0.7231
val -- ppl: 1.0100,  recon_loss: 9.8642, vq_loss: 0.7279, acc: 0.7257 
update best loss
Epoch 9, ppl: 1.0070,  recon_loss: 8.1182, vq_loss: 0.7195, acc: 0.7456
val -- ppl: 1.0089,  recon_loss: 8.7454, vq_loss: 0.7157, acc: 0.7553 
update best loss
Epoch 10, ppl: 1.0063,  recon_loss: 7.2892, vq_loss: 0.7074, acc: 0.7704
val -- ppl: 1.0083,  recon_loss: 8.0680, vq_loss: 0.7051, acc: 0.7743 
update best loss
Epoch 11, ppl: 1.0059,  recon_loss: 6.7143, vq_loss: 0.7000, acc: 0.7890
val -- ppl: 1.0080,  recon_loss: 7.7672, vq_loss: 0.6974, acc: 0.7849 
update best loss
Epoch 12, ppl: 1.0054,  recon_loss: 6.0826, vq_loss: 0.6908, acc: 0.8090
val -- ppl: 1.0073,  recon_loss: 7.0299, vq_loss: 0.6913, acc: 0.8093 
update best loss
Epoch 13, ppl: 1.0051,  recon_loss: 5.7918, vq_loss: 0.6856, acc: 0.8193
val -- ppl: 1.0075,  recon_loss: 7.3304, vq_loss: 0.6917, acc: 0.8026 
Epoch 14, ppl: 1.0047,  recon_loss: 5.3248, vq_loss: 0.6792, acc: 0.8332
val -- ppl: 1.0068,  recon_loss: 6.5961, vq_loss: 0.6775, acc: 0.8241 
update best loss
Epoch 15, ppl: 1.0044,  recon_loss: 4.8495, vq_loss: 0.6697, acc: 0.8470
val -- ppl: 1.0059,  recon_loss: 5.5890, vq_loss: 0.6717, acc: 0.8495 
update best loss
Epoch 16, ppl: 1.0040,  recon_loss: 4.4287, vq_loss: 0.6627, acc: 0.8596
val -- ppl: 1.0058,  recon_loss: 5.5025, vq_loss: 0.6678, acc: 0.8550 
update best loss
Epoch 17, ppl: 1.0038,  recon_loss: 4.1764, vq_loss: 0.6580, acc: 0.8676
val -- ppl: 1.0054,  recon_loss: 5.1009, vq_loss: 0.6630, acc: 0.8652 
update best loss
Epoch 18, ppl: 1.0036,  recon_loss: 3.9458, vq_loss: 0.6538, acc: 0.8754
val -- ppl: 1.0053,  recon_loss: 4.9382, vq_loss: 0.6586, acc: 0.8706 
update best loss
Epoch 19, ppl: 1.0034,  recon_loss: 3.7059, vq_loss: 0.6514, acc: 0.8835
val -- ppl: 1.0055,  recon_loss: 5.2272, vq_loss: 0.6565, acc: 0.8681 
Epoch 20, ppl: 1.0034,  recon_loss: 3.6248, vq_loss: 0.6501, acc: 0.8858
val -- ppl: 1.0050,  recon_loss: 4.6914, vq_loss: 0.6563, acc: 0.8774 
update best loss
Epoch 21, ppl: 1.0031,  recon_loss: 3.2879, vq_loss: 0.6466, acc: 0.8962
val -- ppl: 1.0047,  recon_loss: 4.3287, vq_loss: 0.6516, acc: 0.8881 
update best loss
Epoch 22, ppl: 1.0030,  recon_loss: 3.1298, vq_loss: 0.6439, acc: 0.9015
val -- ppl: 1.0046,  recon_loss: 4.2638, vq_loss: 0.6511, acc: 0.8889 
update best loss
Epoch 23, ppl: 1.0029,  recon_loss: 2.9948, vq_loss: 0.6421, acc: 0.9050
val -- ppl: 1.0044,  recon_loss: 4.0640, vq_loss: 0.6485, acc: 0.8973 
update best loss
Epoch 24, ppl: 1.0027,  recon_loss: 2.7562, vq_loss: 0.6398, acc: 0.9127
val -- ppl: 1.0043,  recon_loss: 3.9692, vq_loss: 0.6474, acc: 0.9006 
update best loss
Epoch 25, ppl: 1.0026,  recon_loss: 2.6986, vq_loss: 0.6386, acc: 0.9136
val -- ppl: 1.0041,  recon_loss: 3.7109, vq_loss: 0.6459, acc: 0.9050 
update best loss
Epoch 26, ppl: 1.0025,  recon_loss: 2.5713, vq_loss: 0.6368, acc: 0.9189
val -- ppl: 1.0041,  recon_loss: 3.7694, vq_loss: 0.6465, acc: 0.9073 
Epoch 27, ppl: 1.0024,  recon_loss: 2.4482, vq_loss: 0.6362, acc: 0.9224
val -- ppl: 1.0044,  recon_loss: 4.0752, vq_loss: 0.6467, acc: 0.8997 
Epoch 28, ppl: 1.0024,  recon_loss: 2.4270, vq_loss: 0.6376, acc: 0.9229
val -- ppl: 1.0040,  recon_loss: 3.5845, vq_loss: 0.6473, acc: 0.9115 
update best loss
Epoch 29, ppl: 1.0024,  recon_loss: 2.3691, vq_loss: 0.6382, acc: 0.9243
val -- ppl: 1.0057,  recon_loss: 5.4642, vq_loss: 0.6471, acc: 0.8715 
Epoch 30, ppl: 1.0024,  recon_loss: 2.3531, vq_loss: 0.6395, acc: 0.9259
val -- ppl: 1.0038,  recon_loss: 3.3912, vq_loss: 0.6465, acc: 0.9153 
update best loss
Epoch 31, ppl: 1.0023,  recon_loss: 2.2301, vq_loss: 0.6386, acc: 0.9295
val -- ppl: 1.0038,  recon_loss: 3.4429, vq_loss: 0.6483, acc: 0.9168 
Epoch 32, ppl: 1.0022,  recon_loss: 2.1910, vq_loss: 0.6391, acc: 0.9306
val -- ppl: 1.0040,  recon_loss: 3.6113, vq_loss: 0.6535, acc: 0.9112 
Epoch 33, ppl: 1.0021,  recon_loss: 2.0229, vq_loss: 0.6400, acc: 0.9359
val -- ppl: 1.0037,  recon_loss: 3.3351, vq_loss: 0.6504, acc: 0.9203 
update best loss
Epoch 34, ppl: 1.0022,  recon_loss: 2.0924, vq_loss: 0.6407, acc: 0.9336
val -- ppl: 1.0038,  recon_loss: 3.3574, vq_loss: 0.6519, acc: 0.9169 
Epoch 35, ppl: 1.0021,  recon_loss: 2.0043, vq_loss: 0.6413, acc: 0.9360
val -- ppl: 1.0037,  recon_loss: 3.2897, vq_loss: 0.6522, acc: 0.9172 
update best loss
Epoch 36, ppl: 1.0021,  recon_loss: 2.0336, vq_loss: 0.6424, acc: 0.9349
val -- ppl: 1.0038,  recon_loss: 3.3404, vq_loss: 0.6552, acc: 0.9177 
Epoch 37, ppl: 1.0020,  recon_loss: 1.9484, vq_loss: 0.6434, acc: 0.9381
val -- ppl: 1.0035,  recon_loss: 3.1135, vq_loss: 0.6535, acc: 0.9214 
update best loss
Epoch 38, ppl: 1.0020,  recon_loss: 1.9154, vq_loss: 0.6437, acc: 0.9388
val -- ppl: 1.0038,  recon_loss: 3.3665, vq_loss: 0.6557, acc: 0.9208 
Epoch 39, ppl: 1.0020,  recon_loss: 1.8268, vq_loss: 0.6436, acc: 0.9416
val -- ppl: 1.0035,  recon_loss: 3.0849, vq_loss: 0.6546, acc: 0.9237 
update best loss
Epoch 40, ppl: 1.0020,  recon_loss: 1.8399, vq_loss: 0.6453, acc: 0.9411
val -- ppl: 1.0034,  recon_loss: 2.9681, vq_loss: 0.6563, acc: 0.9264 
update best loss
Epoch 41, ppl: 1.0019,  recon_loss: 1.8019, vq_loss: 0.6463, acc: 0.9426
val -- ppl: 1.0034,  recon_loss: 3.0078, vq_loss: 0.6585, acc: 0.9267 
Epoch 42, ppl: 1.0019,  recon_loss: 1.7766, vq_loss: 0.6473, acc: 0.9433
val -- ppl: 1.0041,  recon_loss: 3.7250, vq_loss: 0.6608, acc: 0.9154 
Epoch 43, ppl: 1.0019,  recon_loss: 1.7913, vq_loss: 0.6490, acc: 0.9428
val -- ppl: 1.0034,  recon_loss: 2.9626, vq_loss: 0.6588, acc: 0.9285 
update best loss
Epoch 44, ppl: 1.0020,  recon_loss: 1.8266, vq_loss: 0.6493, acc: 0.9423
val -- ppl: 1.0035,  recon_loss: 3.0883, vq_loss: 0.6645, acc: 0.9224 
Epoch 45, ppl: 1.0018,  recon_loss: 1.6348, vq_loss: 0.6494, acc: 0.9480
val -- ppl: 1.0033,  recon_loss: 2.8962, vq_loss: 0.6607, acc: 0.9292 
update best loss
Epoch 46, ppl: 1.0018,  recon_loss: 1.6017, vq_loss: 0.6500, acc: 0.9490
val -- ppl: 1.0034,  recon_loss: 2.9377, vq_loss: 0.6627, acc: 0.9284 
Epoch 47, ppl: 1.0019,  recon_loss: 1.6915, vq_loss: 0.6515, acc: 0.9459
val -- ppl: 1.0041,  recon_loss: 3.6791, vq_loss: 0.6669, acc: 0.9110 
Epoch 48, ppl: 1.0018,  recon_loss: 1.5753, vq_loss: 0.6504, acc: 0.9495
val -- ppl: 1.0032,  recon_loss: 2.7733, vq_loss: 0.6632, acc: 0.9322 
update best loss
Epoch 49, ppl: 1.0018,  recon_loss: 1.6288, vq_loss: 0.6515, acc: 0.9482
val -- ppl: 1.0033,  recon_loss: 2.8357, vq_loss: 0.6646, acc: 0.9299 
Epoch 50, ppl: 1.0017,  recon_loss: 1.4623, vq_loss: 0.6516, acc: 0.9539
val -- ppl: 1.0032,  recon_loss: 2.7894, vq_loss: 0.6629, acc: 0.9346 
Epoch 51, ppl: 1.0019,  recon_loss: 1.7019, vq_loss: 0.6534, acc: 0.9472
val -- ppl: 1.0032,  recon_loss: 2.7483, vq_loss: 0.6666, acc: 0.9323 
update best loss
Epoch 52, ppl: 1.0016,  recon_loss: 1.3737, vq_loss: 0.6525, acc: 0.9563
val -- ppl: 1.0033,  recon_loss: 2.8005, vq_loss: 0.6653, acc: 0.9322 
Epoch 53, ppl: 1.0016,  recon_loss: 1.3713, vq_loss: 0.6521, acc: 0.9566
val -- ppl: 1.0033,  recon_loss: 2.8167, vq_loss: 0.6630, acc: 0.9350 
Epoch 54, ppl: 1.0016,  recon_loss: 1.4048, vq_loss: 0.6525, acc: 0.9557
val -- ppl: 1.0033,  recon_loss: 2.8142, vq_loss: 0.6653, acc: 0.9355 
Epoch 55, ppl: 1.0016,  recon_loss: 1.3555, vq_loss: 0.6535, acc: 0.9569
val -- ppl: 1.0034,  recon_loss: 2.9813, vq_loss: 0.6676, acc: 0.9339 
Epoch 56, ppl: 1.0016,  recon_loss: 1.3652, vq_loss: 0.6547, acc: 0.9566
val -- ppl: 1.0032,  recon_loss: 2.7516, vq_loss: 0.6656, acc: 0.9357 
Epoch 57, ppl: 1.0015,  recon_loss: 1.2606, vq_loss: 0.6538, acc: 0.9601
val -- ppl: 1.0033,  recon_loss: 2.8417, vq_loss: 0.6670, acc: 0.9345 
Epoch 58, ppl: 1.0015,  recon_loss: 1.2610, vq_loss: 0.6551, acc: 0.9601
val -- ppl: 1.0033,  recon_loss: 2.8262, vq_loss: 0.6664, acc: 0.9362 
Epoch 59, ppl: 1.0015,  recon_loss: 1.2593, vq_loss: 0.6564, acc: 0.9598
val -- ppl: 1.0032,  recon_loss: 2.7060, vq_loss: 0.6688, acc: 0.9385 
update best loss
Epoch 60, ppl: 1.0015,  recon_loss: 1.2948, vq_loss: 0.6576, acc: 0.9590
val -- ppl: 1.0033,  recon_loss: 2.8038, vq_loss: 0.6707, acc: 0.9338 
Epoch 61, ppl: 1.0015,  recon_loss: 1.2107, vq_loss: 0.6577, acc: 0.9619
val -- ppl: 1.0031,  recon_loss: 2.6466, vq_loss: 0.6696, acc: 0.9404 
update best loss
Epoch 62, ppl: 1.0015,  recon_loss: 1.1810, vq_loss: 0.6581, acc: 0.9626
val -- ppl: 1.0034,  recon_loss: 2.8979, vq_loss: 0.6704, acc: 0.9315 
Epoch 63, ppl: 1.0015,  recon_loss: 1.2337, vq_loss: 0.6597, acc: 0.9609
val -- ppl: 1.0032,  recon_loss: 2.7075, vq_loss: 0.6728, acc: 0.9382 
Epoch 64, ppl: 1.0014,  recon_loss: 1.1398, vq_loss: 0.6599, acc: 0.9636
val -- ppl: 1.0031,  recon_loss: 2.6513, vq_loss: 0.6715, acc: 0.9408 
Epoch 65, ppl: 1.0014,  recon_loss: 1.1337, vq_loss: 0.6610, acc: 0.9640
val -- ppl: 1.0031,  recon_loss: 2.6441, vq_loss: 0.6720, acc: 0.9393 
update best loss
Epoch 66, ppl: 1.0014,  recon_loss: 1.1375, vq_loss: 0.6605, acc: 0.9637
val -- ppl: 1.0030,  recon_loss: 2.5314, vq_loss: 0.6730, acc: 0.9411 
update best loss
Epoch 67, ppl: 1.0014,  recon_loss: 1.1496, vq_loss: 0.6615, acc: 0.9637
val -- ppl: 1.0034,  recon_loss: 2.9533, vq_loss: 0.6782, acc: 0.9341 
Epoch 68, ppl: 1.0014,  recon_loss: 1.1196, vq_loss: 0.6628, acc: 0.9641
val -- ppl: 1.0034,  recon_loss: 2.9361, vq_loss: 0.6765, acc: 0.9354 
Epoch 69, ppl: 1.0014,  recon_loss: 1.1354, vq_loss: 0.6638, acc: 0.9642
val -- ppl: 1.0030,  recon_loss: 2.5121, vq_loss: 0.6754, acc: 0.9417 
update best loss
Epoch 70, ppl: 1.0014,  recon_loss: 1.1231, vq_loss: 0.6645, acc: 0.9643
val -- ppl: 1.0030,  recon_loss: 2.5101, vq_loss: 0.6771, acc: 0.9420 
update best loss
Epoch 71, ppl: 1.0014,  recon_loss: 1.0976, vq_loss: 0.6652, acc: 0.9649
val -- ppl: 1.0030,  recon_loss: 2.4664, vq_loss: 0.6791, acc: 0.9429 
update best loss
Epoch 72, ppl: 1.0014,  recon_loss: 1.0723, vq_loss: 0.6663, acc: 0.9660
val -- ppl: 1.0030,  recon_loss: 2.4712, vq_loss: 0.6790, acc: 0.9425 
Epoch 73, ppl: 1.0014,  recon_loss: 1.1060, vq_loss: 0.6668, acc: 0.9649
val -- ppl: 1.0032,  recon_loss: 2.7389, vq_loss: 0.6793, acc: 0.9404 
Epoch 74, ppl: 1.0014,  recon_loss: 1.1066, vq_loss: 0.6667, acc: 0.9647
val -- ppl: 1.0033,  recon_loss: 2.7869, vq_loss: 0.6828, acc: 0.9368 
Epoch 75, ppl: 1.0014,  recon_loss: 1.1411, vq_loss: 0.6682, acc: 0.9638
val -- ppl: 1.0035,  recon_loss: 3.0237, vq_loss: 0.6847, acc: 0.9343 
Epoch 76, ppl: 1.0014,  recon_loss: 1.0926, vq_loss: 0.6691, acc: 0.9652
val -- ppl: 1.0031,  recon_loss: 2.6006, vq_loss: 0.6807, acc: 0.9416 
Epoch 77, ppl: 1.0015,  recon_loss: 1.2740, vq_loss: 0.6697, acc: 0.9603
val -- ppl: 1.0030,  recon_loss: 2.5246, vq_loss: 0.6818, acc: 0.9419 
Epoch 78, ppl: 1.0014,  recon_loss: 1.0647, vq_loss: 0.6688, acc: 0.9663
val -- ppl: 1.0030,  recon_loss: 2.4844, vq_loss: 0.6807, acc: 0.9436 
Epoch 79, ppl: 1.0014,  recon_loss: 1.0488, vq_loss: 0.6688, acc: 0.9666
val -- ppl: 1.0030,  recon_loss: 2.5003, vq_loss: 0.6820, acc: 0.9425 
Epoch 80, ppl: 1.0014,  recon_loss: 1.0457, vq_loss: 0.6699, acc: 0.9666
val -- ppl: 1.0030,  recon_loss: 2.4886, vq_loss: 0.6815, acc: 0.9407 
Epoch 81, ppl: 1.0014,  recon_loss: 1.1193, vq_loss: 0.6712, acc: 0.9643
val -- ppl: 1.0030,  recon_loss: 2.5500, vq_loss: 0.6836, acc: 0.9429 
Epoch 82, ppl: 1.0014,  recon_loss: 1.0989, vq_loss: 0.6713, acc: 0.9651
val -- ppl: 1.0031,  recon_loss: 2.6482, vq_loss: 0.6836, acc: 0.9399 
Epoch 83, ppl: 1.0014,  recon_loss: 1.0884, vq_loss: 0.6714, acc: 0.9652
val -- ppl: 1.0032,  recon_loss: 2.6828, vq_loss: 0.6853, acc: 0.9385 
Epoch 84, ppl: 1.0014,  recon_loss: 1.0672, vq_loss: 0.6713, acc: 0.9660
val -- ppl: 1.0030,  recon_loss: 2.5397, vq_loss: 0.6844, acc: 0.9423 
Epoch 85, ppl: 1.0013,  recon_loss: 1.0057, vq_loss: 0.6717, acc: 0.9677
val -- ppl: 1.0031,  recon_loss: 2.5829, vq_loss: 0.6831, acc: 0.9429 
Epoch 86, ppl: 1.0013,  recon_loss: 1.0199, vq_loss: 0.6709, acc: 0.9675
val -- ppl: 1.0031,  recon_loss: 2.5864, vq_loss: 0.6844, acc: 0.9429 
Epoch 87, ppl: 1.0014,  recon_loss: 1.0506, vq_loss: 0.6730, acc: 0.9665
val -- ppl: 1.0033,  recon_loss: 2.7956, vq_loss: 0.6896, acc: 0.9371 
Epoch 88, ppl: 1.0014,  recon_loss: 1.0426, vq_loss: 0.6733, acc: 0.9667
val -- ppl: 1.0032,  recon_loss: 2.6932, vq_loss: 0.6865, acc: 0.9424 
Epoch 89, ppl: 1.0013,  recon_loss: 1.0013, vq_loss: 0.6740, acc: 0.9684
val -- ppl: 1.0031,  recon_loss: 2.6626, vq_loss: 0.6891, acc: 0.9435 
Epoch 90, ppl: 1.0013,  recon_loss: 0.9907, vq_loss: 0.6761, acc: 0.9684
val -- ppl: 1.0032,  recon_loss: 2.7215, vq_loss: 0.6881, acc: 0.9422 
Epoch 91, ppl: 1.0013,  recon_loss: 0.9769, vq_loss: 0.6757, acc: 0.9690
val -- ppl: 1.0031,  recon_loss: 2.6310, vq_loss: 0.6877, acc: 0.9425 
Epoch 92, ppl: 1.0013,  recon_loss: 0.9886, vq_loss: 0.6760, acc: 0.9687
val -- ppl: 1.0031,  recon_loss: 2.5851, vq_loss: 0.6884, acc: 0.9416 
Epoch 93, ppl: 1.0013,  recon_loss: 0.9870, vq_loss: 0.6763, acc: 0.9685
val -- ppl: 1.0030,  recon_loss: 2.5529, vq_loss: 0.6883, acc: 0.9438 
Epoch 94, ppl: 1.0013,  recon_loss: 0.9343, vq_loss: 0.6768, acc: 0.9701
val -- ppl: 1.0031,  recon_loss: 2.6161, vq_loss: 0.6905, acc: 0.9424 
Epoch 95, ppl: 1.0013,  recon_loss: 0.9392, vq_loss: 0.6773, acc: 0.9704
val -- ppl: 1.0031,  recon_loss: 2.6057, vq_loss: 0.6914, acc: 0.9412 
Epoch 96, ppl: 1.0013,  recon_loss: 0.9456, vq_loss: 0.6775, acc: 0.9700
val -- ppl: 1.0031,  recon_loss: 2.5685, vq_loss: 0.6908, acc: 0.9432 
Epoch 97, ppl: 1.0013,  recon_loss: 0.9593, vq_loss: 0.6773, acc: 0.9693
val -- ppl: 1.0029,  recon_loss: 2.3630, vq_loss: 0.6897, acc: 0.9445 
update best loss
Epoch 98, ppl: 1.0012,  recon_loss: 0.8900, vq_loss: 0.6784, acc: 0.9713
val -- ppl: 1.0031,  recon_loss: 2.6183, vq_loss: 0.6900, acc: 0.9421 
Epoch 99, ppl: 1.0012,  recon_loss: 0.8975, vq_loss: 0.6789, acc: 0.9713
val -- ppl: 1.0028,  recon_loss: 2.3421, vq_loss: 0.6904, acc: 0.9450 
update best loss