VQVAE(
  (model): EncoderDecoder(
    (encoder): Encoder(
      (rnn): GRU(512, 256, batch_first=True, dropout=0.2, bidirectional=True)
    )
    (decoder): Decoder(
      (attention): BahdanauAttention(
        (key_layer): Linear(in_features=512, out_features=256, bias=False)
        (query_layer): Linear(in_features=256, out_features=256, bias=False)
        (energy_layer): Linear(in_features=256, out_features=1, bias=False)
      )
      (rnn): GRU(1024, 256, batch_first=True, dropout=0.2)
      (bridge): Linear(in_features=512, out_features=256, bias=True)
      (dropout_layer): Dropout(p=0.2, inplace=False)
      (pre_output_layer): Linear(in_features=1280, out_features=256, bias=False)
    )
    (src_embed): Embedding(39, 512)
    (trg_embed): Embedding(39, 512)
    (generator): Generator(
      (proj): Linear(in_features=256, out_features=39, bias=False)
    )
  )
  (vq_layer): VectorQuantizer(
    (embedding): Embedding(48, 512)
  )
)beta:0.25
----- Parameters: -----
model.encoder.rnn.weight_ih_l0, torch.Size([768, 512]): True
model.encoder.rnn.weight_hh_l0, torch.Size([768, 256]): True
model.encoder.rnn.bias_ih_l0, torch.Size([768]): True
model.encoder.rnn.bias_hh_l0, torch.Size([768]): True
model.encoder.rnn.weight_ih_l0_reverse, torch.Size([768, 512]): True
model.encoder.rnn.weight_hh_l0_reverse, torch.Size([768, 256]): True
model.encoder.rnn.bias_ih_l0_reverse, torch.Size([768]): True
model.encoder.rnn.bias_hh_l0_reverse, torch.Size([768]): True
model.decoder.attention.key_layer.weight, torch.Size([256, 512]): True
model.decoder.attention.query_layer.weight, torch.Size([256, 256]): True
model.decoder.attention.energy_layer.weight, torch.Size([1, 256]): True
model.decoder.rnn.weight_ih_l0, torch.Size([768, 1024]): True
model.decoder.rnn.weight_hh_l0, torch.Size([768, 256]): True
model.decoder.rnn.bias_ih_l0, torch.Size([768]): True
model.decoder.rnn.bias_hh_l0, torch.Size([768]): True
model.decoder.bridge.weight, torch.Size([256, 512]): True
model.decoder.bridge.bias, torch.Size([256]): True
model.decoder.pre_output_layer.weight, torch.Size([256, 1280]): True
model.src_embed.weight, torch.Size([39, 512]): True
model.trg_embed.weight, torch.Size([39, 512]): True
model.generator.proj.weight, torch.Size([39, 256]): True
vq_layer.embedding.weight, torch.Size([48, 512]): True
Epoch 0, ppl: 1.0173,  recon_loss: 21.1355, vq_loss: 0.6492, acc: 0.3719
val -- ppl: 1.0194,  recon_loss: 19.7523, vq_loss: 0.7392, acc: 0.4536 
update best loss
Epoch 1, ppl: 1.0135,  recon_loss: 16.3177, vq_loss: 0.7363, acc: 0.4972
val -- ppl: 1.0163,  recon_loss: 16.5344, vq_loss: 0.7389, acc: 0.5375 
update best loss
Epoch 2, ppl: 1.0118,  recon_loss: 14.1004, vq_loss: 0.7460, acc: 0.5652
val -- ppl: 1.0155,  recon_loss: 15.6476, vq_loss: 0.7548, acc: 0.5641 
update best loss
Epoch 3, ppl: 1.0107,  recon_loss: 12.7670, vq_loss: 0.7593, acc: 0.6032
val -- ppl: 1.0135,  recon_loss: 13.5370, vq_loss: 0.7648, acc: 0.6217 
update best loss
Epoch 4, ppl: 1.0099,  recon_loss: 11.6953, vq_loss: 0.7662, acc: 0.6333
val -- ppl: 1.0124,  recon_loss: 12.3824, vq_loss: 0.7653, acc: 0.6513 
update best loss
Epoch 5, ppl: 1.0091,  recon_loss: 10.7403, vq_loss: 0.7642, acc: 0.6617
val -- ppl: 1.0115,  recon_loss: 11.4452, vq_loss: 0.7600, acc: 0.6775 
update best loss
Epoch 6, ppl: 1.0085,  recon_loss: 9.9655, vq_loss: 0.7543, acc: 0.6856
val -- ppl: 1.0108,  recon_loss: 10.6781, vq_loss: 0.7490, acc: 0.7046 
update best loss
Epoch 7, ppl: 1.0079,  recon_loss: 9.1827, vq_loss: 0.7387, acc: 0.7113
val -- ppl: 1.0099,  recon_loss: 9.7590, vq_loss: 0.7324, acc: 0.7277 
update best loss
Epoch 8, ppl: 1.0071,  recon_loss: 8.2696, vq_loss: 0.7212, acc: 0.7390
val -- ppl: 1.0094,  recon_loss: 9.2373, vq_loss: 0.7167, acc: 0.7457 
update best loss
Epoch 9, ppl: 1.0065,  recon_loss: 7.4558, vq_loss: 0.7090, acc: 0.7646
val -- ppl: 1.0083,  recon_loss: 8.1174, vq_loss: 0.7070, acc: 0.7726 
update best loss
Epoch 10, ppl: 1.0059,  recon_loss: 6.7900, vq_loss: 0.6998, acc: 0.7858
val -- ppl: 1.0077,  recon_loss: 7.4500, vq_loss: 0.6997, acc: 0.7979 
update best loss
Epoch 11, ppl: 1.0054,  recon_loss: 6.1425, vq_loss: 0.6914, acc: 0.8068
val -- ppl: 1.0077,  recon_loss: 7.4481, vq_loss: 0.6918, acc: 0.7936 
update best loss
Epoch 12, ppl: 1.0050,  recon_loss: 5.6571, vq_loss: 0.6857, acc: 0.8208
val -- ppl: 1.0070,  recon_loss: 6.7650, vq_loss: 0.6892, acc: 0.8108 
update best loss
Epoch 13, ppl: 1.0047,  recon_loss: 5.2642, vq_loss: 0.6814, acc: 0.8321
val -- ppl: 1.0066,  recon_loss: 6.3039, vq_loss: 0.6863, acc: 0.8295 
update best loss
Epoch 14, ppl: 1.0044,  recon_loss: 4.8440, vq_loss: 0.6788, acc: 0.8457
val -- ppl: 1.0060,  recon_loss: 5.6582, vq_loss: 0.6821, acc: 0.8442 
update best loss
Epoch 15, ppl: 1.0042,  recon_loss: 4.5831, vq_loss: 0.6754, acc: 0.8554
val -- ppl: 1.0056,  recon_loss: 5.3171, vq_loss: 0.6783, acc: 0.8535 
update best loss
Epoch 16, ppl: 1.0039,  recon_loss: 4.2402, vq_loss: 0.6691, acc: 0.8658
val -- ppl: 1.0054,  recon_loss: 5.0558, vq_loss: 0.6708, acc: 0.8630 
update best loss
Epoch 17, ppl: 1.0038,  recon_loss: 4.0955, vq_loss: 0.6643, acc: 0.8705
val -- ppl: 1.0051,  recon_loss: 4.7213, vq_loss: 0.6653, acc: 0.8724 
update best loss
Epoch 18, ppl: 1.0035,  recon_loss: 3.7558, vq_loss: 0.6575, acc: 0.8796
val -- ppl: 1.0050,  recon_loss: 4.6293, vq_loss: 0.6602, acc: 0.8723 
update best loss
Epoch 19, ppl: 1.0034,  recon_loss: 3.6732, vq_loss: 0.6544, acc: 0.8834
val -- ppl: 1.0048,  recon_loss: 4.4512, vq_loss: 0.6594, acc: 0.8792 
update best loss
Epoch 20, ppl: 1.0033,  recon_loss: 3.4766, vq_loss: 0.6520, acc: 0.8887
val -- ppl: 1.0048,  recon_loss: 4.3968, vq_loss: 0.6579, acc: 0.8808 
update best loss
Epoch 21, ppl: 1.0032,  recon_loss: 3.4043, vq_loss: 0.6503, acc: 0.8913
val -- ppl: 1.0045,  recon_loss: 4.1447, vq_loss: 0.6558, acc: 0.8873 
update best loss
Epoch 22, ppl: 1.0031,  recon_loss: 3.3136, vq_loss: 0.6494, acc: 0.8940
val -- ppl: 1.0045,  recon_loss: 4.1577, vq_loss: 0.6575, acc: 0.8876 
Epoch 23, ppl: 1.0030,  recon_loss: 3.1613, vq_loss: 0.6493, acc: 0.8989
val -- ppl: 1.0043,  recon_loss: 3.9592, vq_loss: 0.6546, acc: 0.8923 
update best loss
Epoch 24, ppl: 1.0030,  recon_loss: 3.1075, vq_loss: 0.6488, acc: 0.9012
val -- ppl: 1.0043,  recon_loss: 3.8699, vq_loss: 0.6565, acc: 0.8958 
update best loss
Epoch 25, ppl: 1.0028,  recon_loss: 2.9032, vq_loss: 0.6475, acc: 0.9076
val -- ppl: 1.0041,  recon_loss: 3.7477, vq_loss: 0.6540, acc: 0.8997 
update best loss
Epoch 26, ppl: 1.0028,  recon_loss: 2.9263, vq_loss: 0.6474, acc: 0.9070
val -- ppl: 1.0041,  recon_loss: 3.6748, vq_loss: 0.6557, acc: 0.9024 
update best loss
Epoch 27, ppl: 1.0027,  recon_loss: 2.7387, vq_loss: 0.6464, acc: 0.9135
val -- ppl: 1.0044,  recon_loss: 3.9821, vq_loss: 0.6603, acc: 0.8951 
Epoch 28, ppl: 1.0026,  recon_loss: 2.6528, vq_loss: 0.6470, acc: 0.9160
val -- ppl: 1.0039,  recon_loss: 3.4463, vq_loss: 0.6541, acc: 0.9069 
update best loss
Epoch 29, ppl: 1.0026,  recon_loss: 2.6361, vq_loss: 0.6474, acc: 0.9163
val -- ppl: 1.0039,  recon_loss: 3.5092, vq_loss: 0.6557, acc: 0.9059 
Epoch 30, ppl: 1.0025,  recon_loss: 2.4720, vq_loss: 0.6470, acc: 0.9213
val -- ppl: 1.0036,  recon_loss: 3.2033, vq_loss: 0.6552, acc: 0.9114 
update best loss
Epoch 31, ppl: 1.0024,  recon_loss: 2.4254, vq_loss: 0.6484, acc: 0.9230
val -- ppl: 1.0038,  recon_loss: 3.3818, vq_loss: 0.6585, acc: 0.9074 
Epoch 32, ppl: 1.0024,  recon_loss: 2.4420, vq_loss: 0.6501, acc: 0.9224
val -- ppl: 1.0038,  recon_loss: 3.3932, vq_loss: 0.6583, acc: 0.9124 
Epoch 33, ppl: 1.0024,  recon_loss: 2.3764, vq_loss: 0.6506, acc: 0.9249
val -- ppl: 1.0039,  recon_loss: 3.4659, vq_loss: 0.6592, acc: 0.9120 
Epoch 34, ppl: 1.0024,  recon_loss: 2.3520, vq_loss: 0.6513, acc: 0.9256
val -- ppl: 1.0037,  recon_loss: 3.3079, vq_loss: 0.6630, acc: 0.9130 
Epoch 35, ppl: 1.0023,  recon_loss: 2.2502, vq_loss: 0.6520, acc: 0.9292
val -- ppl: 1.0036,  recon_loss: 3.1704, vq_loss: 0.6617, acc: 0.9163 
update best loss
Epoch 36, ppl: 1.0023,  recon_loss: 2.2227, vq_loss: 0.6528, acc: 0.9293
val -- ppl: 1.0035,  recon_loss: 3.0308, vq_loss: 0.6617, acc: 0.9211 
update best loss
Epoch 37, ppl: 1.0022,  recon_loss: 2.1213, vq_loss: 0.6521, acc: 0.9325
val -- ppl: 1.0035,  recon_loss: 3.0766, vq_loss: 0.6618, acc: 0.9176 
Epoch 38, ppl: 1.0021,  recon_loss: 2.0471, vq_loss: 0.6530, acc: 0.9349
val -- ppl: 1.0036,  recon_loss: 3.1272, vq_loss: 0.6632, acc: 0.9197 
Epoch 39, ppl: 1.0022,  recon_loss: 2.1705, vq_loss: 0.6563, acc: 0.9313
val -- ppl: 1.0035,  recon_loss: 3.0228, vq_loss: 0.6643, acc: 0.9204 
update best loss
Epoch 40, ppl: 1.0021,  recon_loss: 2.0181, vq_loss: 0.6558, acc: 0.9355
val -- ppl: 1.0036,  recon_loss: 3.2029, vq_loss: 0.6672, acc: 0.9203 
Epoch 41, ppl: 1.0022,  recon_loss: 2.1112, vq_loss: 0.6578, acc: 0.9334
val -- ppl: 1.0036,  recon_loss: 3.1710, vq_loss: 0.6687, acc: 0.9202 
Epoch 42, ppl: 1.0021,  recon_loss: 1.9951, vq_loss: 0.6577, acc: 0.9367
val -- ppl: 1.0038,  recon_loss: 3.3393, vq_loss: 0.6669, acc: 0.9163 
Epoch 43, ppl: 1.0021,  recon_loss: 2.0039, vq_loss: 0.6588, acc: 0.9367
val -- ppl: 1.0035,  recon_loss: 3.0672, vq_loss: 0.6703, acc: 0.9206 
Epoch 44, ppl: 1.0021,  recon_loss: 2.0322, vq_loss: 0.6589, acc: 0.9365
val -- ppl: 1.0036,  recon_loss: 3.1584, vq_loss: 0.6705, acc: 0.9185 
Epoch 45, ppl: 1.0021,  recon_loss: 1.9468, vq_loss: 0.6595, acc: 0.9385
val -- ppl: 1.0036,  recon_loss: 3.1324, vq_loss: 0.6694, acc: 0.9214 
Epoch 46, ppl: 1.0022,  recon_loss: 2.1534, vq_loss: 0.6620, acc: 0.9330
val -- ppl: 1.0035,  recon_loss: 3.0865, vq_loss: 0.6718, acc: 0.9226 
Epoch 47, ppl: 1.0020,  recon_loss: 1.8767, vq_loss: 0.6613, acc: 0.9405
val -- ppl: 1.0034,  recon_loss: 2.9334, vq_loss: 0.6722, acc: 0.9243 
update best loss
Epoch 48, ppl: 1.0019,  recon_loss: 1.7664, vq_loss: 0.6617, acc: 0.9437
val -- ppl: 1.0033,  recon_loss: 2.8716, vq_loss: 0.6727, acc: 0.9252 
update best loss
Epoch 49, ppl: 1.0020,  recon_loss: 1.8165, vq_loss: 0.6624, acc: 0.9424
val -- ppl: 1.0036,  recon_loss: 3.1067, vq_loss: 0.6759, acc: 0.9197 
Epoch 50, ppl: 1.0019,  recon_loss: 1.7840, vq_loss: 0.6639, acc: 0.9434
val -- ppl: 1.0037,  recon_loss: 3.2915, vq_loss: 0.6753, acc: 0.9166 
Epoch 51, ppl: 1.0019,  recon_loss: 1.7533, vq_loss: 0.6643, acc: 0.9438
val -- ppl: 1.0033,  recon_loss: 2.8263, vq_loss: 0.6745, acc: 0.9268 
update best loss
Epoch 52, ppl: 1.0018,  recon_loss: 1.6644, vq_loss: 0.6648, acc: 0.9469
val -- ppl: 1.0034,  recon_loss: 2.9468, vq_loss: 0.6752, acc: 0.9243 
Epoch 53, ppl: 1.0018,  recon_loss: 1.6651, vq_loss: 0.6664, acc: 0.9476
val -- ppl: 1.0039,  recon_loss: 3.4299, vq_loss: 0.6789, acc: 0.9189 
Epoch 54, ppl: 1.0019,  recon_loss: 1.7386, vq_loss: 0.6687, acc: 0.9452
val -- ppl: 1.0033,  recon_loss: 2.8323, vq_loss: 0.6815, acc: 0.9294 
Epoch 55, ppl: 1.0018,  recon_loss: 1.6335, vq_loss: 0.6692, acc: 0.9484
val -- ppl: 1.0033,  recon_loss: 2.8052, vq_loss: 0.6818, acc: 0.9299 
update best loss
Epoch 56, ppl: 1.0018,  recon_loss: 1.6509, vq_loss: 0.6706, acc: 0.9482
val -- ppl: 1.0036,  recon_loss: 3.1293, vq_loss: 0.6814, acc: 0.9261 
Epoch 57, ppl: 1.0017,  recon_loss: 1.5391, vq_loss: 0.6709, acc: 0.9513
val -- ppl: 1.0034,  recon_loss: 2.9431, vq_loss: 0.6808, acc: 0.9254 
Epoch 58, ppl: 1.0017,  recon_loss: 1.5405, vq_loss: 0.6721, acc: 0.9513
val -- ppl: 1.0034,  recon_loss: 2.9025, vq_loss: 0.6838, acc: 0.9269 
Epoch 59, ppl: 1.0017,  recon_loss: 1.5077, vq_loss: 0.6731, acc: 0.9522
val -- ppl: 1.0032,  recon_loss: 2.6889, vq_loss: 0.6850, acc: 0.9329 
update best loss
Epoch 60, ppl: 1.0017,  recon_loss: 1.4774, vq_loss: 0.6745, acc: 0.9531
val -- ppl: 1.0033,  recon_loss: 2.8182, vq_loss: 0.6857, acc: 0.9297 
Epoch 61, ppl: 1.0018,  recon_loss: 1.5428, vq_loss: 0.6764, acc: 0.9509
val -- ppl: 1.0032,  recon_loss: 2.7366, vq_loss: 0.6877, acc: 0.9312 
Epoch 62, ppl: 1.0017,  recon_loss: 1.5285, vq_loss: 0.6765, acc: 0.9512
val -- ppl: 1.0036,  recon_loss: 3.1485, vq_loss: 0.6898, acc: 0.9229 
Epoch 63, ppl: 1.0017,  recon_loss: 1.5077, vq_loss: 0.6773, acc: 0.9519
val -- ppl: 1.0032,  recon_loss: 2.7680, vq_loss: 0.6886, acc: 0.9304 
Epoch 64, ppl: 1.0017,  recon_loss: 1.4884, vq_loss: 0.6776, acc: 0.9523
val -- ppl: 1.0031,  recon_loss: 2.6512, vq_loss: 0.6883, acc: 0.9329 
update best loss
Epoch 65, ppl: 1.0018,  recon_loss: 1.6148, vq_loss: 0.6794, acc: 0.9499
val -- ppl: 1.0036,  recon_loss: 3.1767, vq_loss: 0.6958, acc: 0.9219 
Epoch 66, ppl: 1.0017,  recon_loss: 1.4854, vq_loss: 0.6807, acc: 0.9526
val -- ppl: 1.0031,  recon_loss: 2.5626, vq_loss: 0.6933, acc: 0.9342 
update best loss
Epoch 67, ppl: 1.0017,  recon_loss: 1.4426, vq_loss: 0.6803, acc: 0.9538
val -- ppl: 1.0032,  recon_loss: 2.7451, vq_loss: 0.6942, acc: 0.9330 
Epoch 68, ppl: 1.0017,  recon_loss: 1.4323, vq_loss: 0.6811, acc: 0.9543
val -- ppl: 1.0032,  recon_loss: 2.7534, vq_loss: 0.6936, acc: 0.9313 
Epoch 69, ppl: 1.0017,  recon_loss: 1.4503, vq_loss: 0.6820, acc: 0.9537
val -- ppl: 1.0031,  recon_loss: 2.6157, vq_loss: 0.6944, acc: 0.9345 
Epoch 70, ppl: 1.0017,  recon_loss: 1.4372, vq_loss: 0.6820, acc: 0.9540
val -- ppl: 1.0034,  recon_loss: 2.9655, vq_loss: 0.6935, acc: 0.9288 
Epoch 71, ppl: 1.0017,  recon_loss: 1.4824, vq_loss: 0.6825, acc: 0.9526
val -- ppl: 1.0032,  recon_loss: 2.7064, vq_loss: 0.6946, acc: 0.9343 
Epoch 72, ppl: 1.0017,  recon_loss: 1.4298, vq_loss: 0.6833, acc: 0.9545
val -- ppl: 1.0031,  recon_loss: 2.5643, vq_loss: 0.6942, acc: 0.9340 
Epoch 73, ppl: 1.0018,  recon_loss: 1.6485, vq_loss: 0.6840, acc: 0.9479
val -- ppl: 1.0031,  recon_loss: 2.6301, vq_loss: 0.6946, acc: 0.9356 
Epoch 74, ppl: 1.0017,  recon_loss: 1.4195, vq_loss: 0.6839, acc: 0.9550
val -- ppl: 1.0031,  recon_loss: 2.6148, vq_loss: 0.6970, acc: 0.9339 
Epoch 75, ppl: 1.0016,  recon_loss: 1.3818, vq_loss: 0.6843, acc: 0.9559
val -- ppl: 1.0030,  recon_loss: 2.5400, vq_loss: 0.6948, acc: 0.9354 
update best loss
Epoch 76, ppl: 1.0017,  recon_loss: 1.4086, vq_loss: 0.6847, acc: 0.9550
val -- ppl: 1.0032,  recon_loss: 2.6935, vq_loss: 0.6950, acc: 0.9346 
Epoch 77, ppl: 1.0017,  recon_loss: 1.4068, vq_loss: 0.6859, acc: 0.9551
val -- ppl: 1.0033,  recon_loss: 2.7668, vq_loss: 0.6969, acc: 0.9343 
Epoch 78, ppl: 1.0017,  recon_loss: 1.4473, vq_loss: 0.6870, acc: 0.9542
val -- ppl: 1.0031,  recon_loss: 2.5636, vq_loss: 0.6974, acc: 0.9355 
Epoch 79, ppl: 1.0017,  recon_loss: 1.4151, vq_loss: 0.6878, acc: 0.9552
val -- ppl: 1.0033,  recon_loss: 2.8189, vq_loss: 0.6997, acc: 0.9296 
Epoch 80, ppl: 1.0017,  recon_loss: 1.4318, vq_loss: 0.6893, acc: 0.9549
val -- ppl: 1.0031,  recon_loss: 2.6061, vq_loss: 0.6984, acc: 0.9351 
Epoch 81, ppl: 1.0016,  recon_loss: 1.3874, vq_loss: 0.6900, acc: 0.9562
val -- ppl: 1.0031,  recon_loss: 2.5832, vq_loss: 0.7016, acc: 0.9355 
Epoch 82, ppl: 1.0016,  recon_loss: 1.3605, vq_loss: 0.6897, acc: 0.9568
val -- ppl: 1.0030,  recon_loss: 2.4900, vq_loss: 0.6994, acc: 0.9388 
update best loss
Epoch 83, ppl: 1.0016,  recon_loss: 1.3874, vq_loss: 0.6901, acc: 0.9562
val -- ppl: 1.0031,  recon_loss: 2.6476, vq_loss: 0.7008, acc: 0.9357 
Epoch 84, ppl: 1.0016,  recon_loss: 1.3561, vq_loss: 0.6899, acc: 0.9574
val -- ppl: 1.0030,  recon_loss: 2.5126, vq_loss: 0.6977, acc: 0.9379 
Epoch 85, ppl: 1.0017,  recon_loss: 1.4152, vq_loss: 0.6894, acc: 0.9559
val -- ppl: 1.0031,  recon_loss: 2.6284, vq_loss: 0.7018, acc: 0.9347 
Epoch 86, ppl: 1.0017,  recon_loss: 1.4396, vq_loss: 0.6902, acc: 0.9550
val -- ppl: 1.0031,  recon_loss: 2.6082, vq_loss: 0.6992, acc: 0.9375 
Epoch 87, ppl: 1.0017,  recon_loss: 1.4220, vq_loss: 0.6891, acc: 0.9555
val -- ppl: 1.0031,  recon_loss: 2.5566, vq_loss: 0.6985, acc: 0.9359 
Epoch 88, ppl: 1.0016,  recon_loss: 1.3722, vq_loss: 0.6876, acc: 0.9570
val -- ppl: 1.0030,  recon_loss: 2.5156, vq_loss: 0.6981, acc: 0.9372 
Epoch 89, ppl: 1.0016,  recon_loss: 1.3728, vq_loss: 0.6868, acc: 0.9569
val -- ppl: 1.0030,  recon_loss: 2.4891, vq_loss: 0.6974, acc: 0.9368 
update best loss
Epoch 90, ppl: 1.0016,  recon_loss: 1.3516, vq_loss: 0.6849, acc: 0.9573
val -- ppl: 1.0031,  recon_loss: 2.6573, vq_loss: 0.6950, acc: 0.9355 
Epoch 91, ppl: 1.0016,  recon_loss: 1.3296, vq_loss: 0.6839, acc: 0.9579
val -- ppl: 1.0034,  recon_loss: 2.9223, vq_loss: 0.6950, acc: 0.9299 
Epoch 92, ppl: 1.0016,  recon_loss: 1.3073, vq_loss: 0.6846, acc: 0.9587
val -- ppl: 1.0032,  recon_loss: 2.7333, vq_loss: 0.6959, acc: 0.9327 
Epoch 93, ppl: 1.0016,  recon_loss: 1.3039, vq_loss: 0.6852, acc: 0.9589
val -- ppl: 1.0030,  recon_loss: 2.5194, vq_loss: 0.6968, acc: 0.9369 
Epoch 94, ppl: 1.0016,  recon_loss: 1.3188, vq_loss: 0.6860, acc: 0.9587
val -- ppl: 1.0033,  recon_loss: 2.7724, vq_loss: 0.6989, acc: 0.9348 
Epoch 95, ppl: 1.0016,  recon_loss: 1.2845, vq_loss: 0.6863, acc: 0.9594
val -- ppl: 1.0030,  recon_loss: 2.4786, vq_loss: 0.6970, acc: 0.9385 
update best loss
Epoch 96, ppl: 1.0015,  recon_loss: 1.2642, vq_loss: 0.6866, acc: 0.9601
val -- ppl: 1.0031,  recon_loss: 2.5749, vq_loss: 0.6987, acc: 0.9380 
Epoch 97, ppl: 1.0015,  recon_loss: 1.2616, vq_loss: 0.6877, acc: 0.9600
val -- ppl: 1.0030,  recon_loss: 2.5178, vq_loss: 0.6985, acc: 0.9380 
Epoch 98, ppl: 1.0015,  recon_loss: 1.2124, vq_loss: 0.6890, acc: 0.9613
val -- ppl: 1.0029,  recon_loss: 2.4211, vq_loss: 0.6990, acc: 0.9390 
update best loss
Epoch 99, ppl: 1.0015,  recon_loss: 1.2255, vq_loss: 0.6889, acc: 0.9616
val -- ppl: 1.0030,  recon_loss: 2.5016, vq_loss: 0.6993, acc: 0.9384 
Epoch 100, ppl: 1.0015,  recon_loss: 1.1849, vq_loss: 0.6889, acc: 0.9625
val -- ppl: 1.0031,  recon_loss: 2.6500, vq_loss: 0.7017, acc: 0.9381 
Epoch 101, ppl: 1.0015,  recon_loss: 1.1771, vq_loss: 0.6897, acc: 0.9626
val -- ppl: 1.0029,  recon_loss: 2.3859, vq_loss: 0.6993, acc: 0.9412 
update best loss
Epoch 102, ppl: 1.0015,  recon_loss: 1.1565, vq_loss: 0.6906, acc: 0.9634
val -- ppl: 1.0030,  recon_loss: 2.4924, vq_loss: 0.7006, acc: 0.9394 
Epoch 103, ppl: 1.0014,  recon_loss: 1.1309, vq_loss: 0.6917, acc: 0.9641
val -- ppl: 1.0032,  recon_loss: 2.6708, vq_loss: 0.7027, acc: 0.9372 
Epoch 104, ppl: 1.0014,  recon_loss: 1.1129, vq_loss: 0.6931, acc: 0.9644
val -- ppl: 1.0030,  recon_loss: 2.4835, vq_loss: 0.7046, acc: 0.9402 
Epoch 105, ppl: 1.0014,  recon_loss: 1.1222, vq_loss: 0.6940, acc: 0.9645
val -- ppl: 1.0031,  recon_loss: 2.6258, vq_loss: 0.7046, acc: 0.9375 
Epoch 106, ppl: 1.0014,  recon_loss: 1.0984, vq_loss: 0.6952, acc: 0.9651
val -- ppl: 1.0030,  recon_loss: 2.4759, vq_loss: 0.7059, acc: 0.9414 
Epoch 107, ppl: 1.0014,  recon_loss: 1.0507, vq_loss: 0.6946, acc: 0.9667
val -- ppl: 1.0030,  recon_loss: 2.5043, vq_loss: 0.7064, acc: 0.9413 
Epoch 108, ppl: 1.0014,  recon_loss: 1.0625, vq_loss: 0.6965, acc: 0.9663
val -- ppl: 1.0030,  recon_loss: 2.5017, vq_loss: 0.7093, acc: 0.9419 
Epoch 109, ppl: 1.0014,  recon_loss: 1.0448, vq_loss: 0.6974, acc: 0.9670
val -- ppl: 1.0030,  recon_loss: 2.4652, vq_loss: 0.7081, acc: 0.9432 
Epoch 110, ppl: 1.0015,  recon_loss: 1.2469, vq_loss: 0.6988, acc: 0.9606
val -- ppl: 1.0031,  recon_loss: 2.6126, vq_loss: 0.7106, acc: 0.9402 
Epoch 111, ppl: 1.0014,  recon_loss: 1.0942, vq_loss: 0.6975, acc: 0.9658
val -- ppl: 1.0032,  recon_loss: 2.6557, vq_loss: 0.7083, acc: 0.9413 
Epoch 112, ppl: 1.0014,  recon_loss: 1.0479, vq_loss: 0.6975, acc: 0.9669
val -- ppl: 1.0031,  recon_loss: 2.5651, vq_loss: 0.7077, acc: 0.9421 
Epoch 113, ppl: 1.0014,  recon_loss: 1.0313, vq_loss: 0.6979, acc: 0.9669
val -- ppl: 1.0030,  recon_loss: 2.5190, vq_loss: 0.7075, acc: 0.9429 
Epoch 114, ppl: 1.0015,  recon_loss: 1.1564, vq_loss: 0.6988, acc: 0.9638
val -- ppl: 1.0030,  recon_loss: 2.4992, vq_loss: 0.7117, acc: 0.9419 
Epoch 115, ppl: 1.0013,  recon_loss: 0.9656, vq_loss: 0.6987, acc: 0.9699
val -- ppl: 1.0030,  recon_loss: 2.4861, vq_loss: 0.7109, acc: 0.9431 
Epoch 116, ppl: 1.0013,  recon_loss: 0.9680, vq_loss: 0.6981, acc: 0.9692
val -- ppl: 1.0030,  recon_loss: 2.4423, vq_loss: 0.7093, acc: 0.9428 
Epoch 117, ppl: 1.0013,  recon_loss: 0.9909, vq_loss: 0.6995, acc: 0.9688
val -- ppl: 1.0032,  recon_loss: 2.6642, vq_loss: 0.7111, acc: 0.9382 
Epoch 118, ppl: 1.0014,  recon_loss: 1.0172, vq_loss: 0.6998, acc: 0.9680
val -- ppl: 1.0031,  recon_loss: 2.6209, vq_loss: 0.7111, acc: 0.9402 
Epoch 119, ppl: 1.0013,  recon_loss: 1.0011, vq_loss: 0.7002, acc: 0.9688
val -- ppl: 1.0031,  recon_loss: 2.6204, vq_loss: 0.7151, acc: 0.9388 
Epoch 120, ppl: 1.0013,  recon_loss: 0.9669, vq_loss: 0.7005, acc: 0.9695
val -- ppl: 1.0030,  recon_loss: 2.4509, vq_loss: 0.7128, acc: 0.9436 
Epoch 121, ppl: 1.0013,  recon_loss: 0.9558, vq_loss: 0.7012, acc: 0.9697
val -- ppl: 1.0030,  recon_loss: 2.5366, vq_loss: 0.7116, acc: 0.9434 
Epoch 122, ppl: 1.0013,  recon_loss: 0.9937, vq_loss: 0.7021, acc: 0.9685
val -- ppl: 1.0030,  recon_loss: 2.4441, vq_loss: 0.7132, acc: 0.9435 
Epoch 123, ppl: 1.0013,  recon_loss: 0.9650, vq_loss: 0.7023, acc: 0.9693
val -- ppl: 1.0030,  recon_loss: 2.4392, vq_loss: 0.7137, acc: 0.9447 
Epoch 124, ppl: 1.0013,  recon_loss: 0.9060, vq_loss: 0.7023, acc: 0.9707
val -- ppl: 1.0030,  recon_loss: 2.4856, vq_loss: 0.7139, acc: 0.9419 
Epoch 125, ppl: 1.0014,  recon_loss: 1.0590, vq_loss: 0.7048, acc: 0.9664
val -- ppl: 1.0030,  recon_loss: 2.5304, vq_loss: 0.7150, acc: 0.9446 
Epoch 126, ppl: 1.0013,  recon_loss: 0.8816, vq_loss: 0.7038, acc: 0.9721
val -- ppl: 1.0029,  recon_loss: 2.3746, vq_loss: 0.7146, acc: 0.9465 
update best loss
Epoch 127, ppl: 1.0013,  recon_loss: 0.8962, vq_loss: 0.7046, acc: 0.9714
val -- ppl: 1.0031,  recon_loss: 2.5807, vq_loss: 0.7170, acc: 0.9433 
Epoch 128, ppl: 1.0013,  recon_loss: 0.8904, vq_loss: 0.7047, acc: 0.9715
val -- ppl: 1.0030,  recon_loss: 2.5074, vq_loss: 0.7154, acc: 0.9457 
Epoch 129, ppl: 1.0012,  recon_loss: 0.8524, vq_loss: 0.7055, acc: 0.9729
val -- ppl: 1.0029,  recon_loss: 2.3853, vq_loss: 0.7163, acc: 0.9463 
Epoch 130, ppl: 1.0013,  recon_loss: 0.8962, vq_loss: 0.7061, acc: 0.9714
val -- ppl: 1.0030,  recon_loss: 2.4334, vq_loss: 0.7178, acc: 0.9450 
Epoch 131, ppl: 1.0013,  recon_loss: 0.9512, vq_loss: 0.7068, acc: 0.9705
val -- ppl: 1.0032,  recon_loss: 2.6414, vq_loss: 0.7161, acc: 0.9436 
Epoch 132, ppl: 1.0013,  recon_loss: 0.9050, vq_loss: 0.7056, acc: 0.9714
val -- ppl: 1.0029,  recon_loss: 2.3450, vq_loss: 0.7166, acc: 0.9469 
update best loss
Epoch 133, ppl: 1.0012,  recon_loss: 0.8287, vq_loss: 0.7062, acc: 0.9739
val -- ppl: 1.0031,  recon_loss: 2.5756, vq_loss: 0.7178, acc: 0.9455 
Epoch 134, ppl: 1.0012,  recon_loss: 0.8238, vq_loss: 0.7075, acc: 0.9740
val -- ppl: 1.0030,  recon_loss: 2.4857, vq_loss: 0.7179, acc: 0.9471 
Epoch 135, ppl: 1.0012,  recon_loss: 0.8596, vq_loss: 0.7082, acc: 0.9730
val -- ppl: 1.0030,  recon_loss: 2.5181, vq_loss: 0.7196, acc: 0.9446 
Epoch 136, ppl: 1.0012,  recon_loss: 0.8028, vq_loss: 0.7084, acc: 0.9746
val -- ppl: 1.0030,  recon_loss: 2.4763, vq_loss: 0.7194, acc: 0.9460 
Epoch 137, ppl: 1.0012,  recon_loss: 0.8314, vq_loss: 0.7085, acc: 0.9739
val -- ppl: 1.0030,  recon_loss: 2.4354, vq_loss: 0.7188, acc: 0.9459 
Epoch 138, ppl: 1.0012,  recon_loss: 0.8136, vq_loss: 0.7087, acc: 0.9744
val -- ppl: 1.0029,  recon_loss: 2.4096, vq_loss: 0.7206, acc: 0.9470 
Epoch 139, ppl: 1.0012,  recon_loss: 0.8048, vq_loss: 0.7098, acc: 0.9746
val -- ppl: 1.0029,  recon_loss: 2.3903, vq_loss: 0.7223, acc: 0.9458 
Epoch 140, ppl: 1.0012,  recon_loss: 0.7793, vq_loss: 0.7105, acc: 0.9753
val -- ppl: 1.0029,  recon_loss: 2.3693, vq_loss: 0.7207, acc: 0.9470 
Epoch 141, ppl: 1.0012,  recon_loss: 0.7959, vq_loss: 0.7101, acc: 0.9753
val -- ppl: 1.0029,  recon_loss: 2.4131, vq_loss: 0.7222, acc: 0.9470 
Epoch 142, ppl: 1.0012,  recon_loss: 0.8205, vq_loss: 0.7112, acc: 0.9742
val -- ppl: 1.0030,  recon_loss: 2.4971, vq_loss: 0.7234, acc: 0.9457 
Epoch 143, ppl: 1.0012,  recon_loss: 0.7799, vq_loss: 0.7107, acc: 0.9755
val -- ppl: 1.0029,  recon_loss: 2.3994, vq_loss: 0.7219, acc: 0.9460 
Epoch 144, ppl: 1.0012,  recon_loss: 0.7841, vq_loss: 0.7110, acc: 0.9753
val -- ppl: 1.0030,  recon_loss: 2.5027, vq_loss: 0.7215, acc: 0.9465 
Epoch 145, ppl: 1.0012,  recon_loss: 0.8198, vq_loss: 0.7113, acc: 0.9746
val -- ppl: 1.0030,  recon_loss: 2.5035, vq_loss: 0.7216, acc: 0.9449 
Epoch 146, ppl: 1.0012,  recon_loss: 0.8500, vq_loss: 0.7115, acc: 0.9734
val -- ppl: 1.0030,  recon_loss: 2.4669, vq_loss: 0.7229, acc: 0.9462 
Epoch 147, ppl: 1.0012,  recon_loss: 0.8287, vq_loss: 0.7128, acc: 0.9745
val -- ppl: 1.0029,  recon_loss: 2.3663, vq_loss: 0.7228, acc: 0.9488 
Epoch 148, ppl: 1.0011,  recon_loss: 0.7394, vq_loss: 0.7130, acc: 0.9766
val -- ppl: 1.0034,  recon_loss: 2.9044, vq_loss: 0.7224, acc: 0.9397 
Epoch 149, ppl: 1.0012,  recon_loss: 0.7793, vq_loss: 0.7131, acc: 0.9756
val -- ppl: 1.0030,  recon_loss: 2.4222, vq_loss: 0.7244, acc: 0.9473 