VQVAE_2(
  (encoder): LSTMEncoder(
    (embed): Embedding(39, 512)
    (lstm): LSTM(512, 512, batch_first=True)
    (dropout_in): Dropout(p=0.0, inplace=False)
  )
  (decoder): LSTMDecoder(
    (embed): Embedding(39, 512, padding_idx=0)
    (dropout_in): Dropout(p=0.0, inplace=False)
    (dropout_out): Dropout(p=0.0, inplace=False)
    (lstm): LSTM(1024, 512, batch_first=True)
    (pred_linear): Linear(in_features=512, out_features=39, bias=False)
    (loss): CrossEntropyLoss()
  )
  (multi_vq_layer): MultiVectorQuantizer(
    (embedding_1): Embedding(6, 128)
    (embedding_2): Embedding(6, 128)
    (embedding_3): Embedding(6, 128)
    (embedding_4): Embedding(6, 128)
  )
)beta:0.25
----- Parameters: -----
encoder.embed.weight, torch.Size([39, 512]): True
encoder.lstm.weight_ih_l0, torch.Size([2048, 512]): True
encoder.lstm.weight_hh_l0, torch.Size([2048, 512]): True
encoder.lstm.bias_ih_l0, torch.Size([2048]): True
encoder.lstm.bias_hh_l0, torch.Size([2048]): True
decoder.embed.weight, torch.Size([39, 512]): True
decoder.lstm.weight_ih_l0, torch.Size([2048, 1024]): True
decoder.lstm.weight_hh_l0, torch.Size([2048, 512]): True
decoder.lstm.bias_ih_l0, torch.Size([2048]): True
decoder.lstm.bias_hh_l0, torch.Size([2048]): True
decoder.pred_linear.weight, torch.Size([39, 512]): True
multi_vq_layer.embedding_1.weight, torch.Size([6, 128]): True
multi_vq_layer.embedding_2.weight, torch.Size([6, 128]): True
multi_vq_layer.embedding_3.weight, torch.Size([6, 128]): True
multi_vq_layer.embedding_4.weight, torch.Size([6, 128]): True
Epoch 0, ppl: 1.0190,  recon_loss: 23.4663, vq_loss: 0.4228, acc: 0.2999
val -- ppl: 1.0210,  recon_loss: 21.3354, vq_loss: 0.8226, acc: 0.4091 
update best loss
Epoch 1, ppl: 1.0146,  recon_loss: 17.0897, vq_loss: 1.2258, acc: 0.4642
val -- ppl: 1.0178,  recon_loss: 17.1101, vq_loss: 1.7048, acc: 0.5103 
update best loss
Epoch 2, ppl: 1.0131,  recon_loss: 14.4837, vq_loss: 1.9806, acc: 0.5435
val -- ppl: 1.0171,  recon_loss: 15.8048, vq_loss: 2.2879, acc: 0.5435 
update best loss
Epoch 3, ppl: 1.0123,  recon_loss: 13.1018, vq_loss: 2.3594, acc: 0.5813
val -- ppl: 1.0161,  recon_loss: 14.4831, vq_loss: 2.5063, acc: 0.5810 
update best loss
Epoch 4, ppl: 1.0117,  recon_loss: 12.1258, vq_loss: 2.5589, acc: 0.6083
val -- ppl: 1.0155,  recon_loss: 13.7654, vq_loss: 2.6627, acc: 0.5965 
update best loss
Epoch 5, ppl: 1.0112,  recon_loss: 11.4480, vq_loss: 2.6997, acc: 0.6275
val -- ppl: 1.0151,  recon_loss: 13.2010, vq_loss: 2.7822, acc: 0.6108 
update best loss
Epoch 6, ppl: 1.0110,  recon_loss: 11.0313, vq_loss: 2.7817, acc: 0.6392
val -- ppl: 1.0148,  recon_loss: 12.8402, vq_loss: 2.8560, acc: 0.6236 
update best loss
Epoch 7, ppl: 1.0106,  recon_loss: 10.5607, vq_loss: 2.8525, acc: 0.6521
val -- ppl: 1.0145,  recon_loss: 12.4929, vq_loss: 2.9059, acc: 0.6324 
update best loss
Epoch 8, ppl: 1.0105,  recon_loss: 10.2804, vq_loss: 2.9032, acc: 0.6594
val -- ppl: 1.0149,  recon_loss: 12.8274, vq_loss: 2.9714, acc: 0.6245 
Epoch 9, ppl: 1.0104,  recon_loss: 10.1593, vq_loss: 2.9466, acc: 0.6628
val -- ppl: 1.0145,  recon_loss: 12.3689, vq_loss: 2.9927, acc: 0.6388 
update best loss
Epoch 10, ppl: 1.0103,  recon_loss: 9.9809, vq_loss: 2.9794, acc: 0.6672
val -- ppl: 1.0144,  recon_loss: 12.2251, vq_loss: 3.0422, acc: 0.6403 
update best loss
Epoch 11, ppl: 1.0101,  recon_loss: 9.7545, vq_loss: 3.0076, acc: 0.6734
val -- ppl: 1.0142,  recon_loss: 11.9202, vq_loss: 3.0746, acc: 0.6477 
update best loss
Epoch 12, ppl: 1.0100,  recon_loss: 9.6092, vq_loss: 3.0388, acc: 0.6775
val -- ppl: 1.0141,  recon_loss: 11.8751, vq_loss: 3.0980, acc: 0.6475 
update best loss
Epoch 13, ppl: 1.0099,  recon_loss: 9.4578, vq_loss: 3.0584, acc: 0.6811
val -- ppl: 1.0142,  recon_loss: 11.8865, vq_loss: 3.1076, acc: 0.6510 
Epoch 14, ppl: 1.0098,  recon_loss: 9.3359, vq_loss: 3.0715, acc: 0.6848
val -- ppl: 1.0141,  recon_loss: 11.8642, vq_loss: 3.1086, acc: 0.6501 
update best loss
Epoch 15, ppl: 1.0098,  recon_loss: 9.2317, vq_loss: 3.0862, acc: 0.6871
val -- ppl: 1.0141,  recon_loss: 11.7912, vq_loss: 3.1387, acc: 0.6520 
update best loss
Epoch 16, ppl: 1.0097,  recon_loss: 9.0829, vq_loss: 3.1041, acc: 0.6909
val -- ppl: 1.0141,  recon_loss: 11.7974, vq_loss: 3.1472, acc: 0.6519 
Epoch 17, ppl: 1.0096,  recon_loss: 9.0421, vq_loss: 3.1204, acc: 0.6922
val -- ppl: 1.0141,  recon_loss: 11.7514, vq_loss: 3.1627, acc: 0.6540 
update best loss
Epoch 18, ppl: 1.0096,  recon_loss: 8.9426, vq_loss: 3.1323, acc: 0.6951
val -- ppl: 1.0140,  recon_loss: 11.7000, vq_loss: 3.1685, acc: 0.6527 
update best loss
Epoch 19, ppl: 1.0096,  recon_loss: 8.9478, vq_loss: 3.1389, acc: 0.6948
val -- ppl: 1.0141,  recon_loss: 11.7432, vq_loss: 3.1833, acc: 0.6523 
Epoch 20, ppl: 1.0096,  recon_loss: 8.9649, vq_loss: 3.1444, acc: 0.6932
val -- ppl: 1.0140,  recon_loss: 11.6537, vq_loss: 3.1718, acc: 0.6520 
update best loss
Epoch 21, ppl: 1.0096,  recon_loss: 8.9416, vq_loss: 3.1533, acc: 0.6941
val -- ppl: 1.0139,  recon_loss: 11.5489, vq_loss: 3.1797, acc: 0.6536 
update best loss
Epoch 22, ppl: 1.0096,  recon_loss: 8.9228, vq_loss: 3.1576, acc: 0.6942
val -- ppl: 1.0142,  recon_loss: 11.8481, vq_loss: 3.1935, acc: 0.6499 
Epoch 23, ppl: 1.0096,  recon_loss: 8.9608, vq_loss: 3.1703, acc: 0.6928
val -- ppl: 1.0140,  recon_loss: 11.6062, vq_loss: 3.2200, acc: 0.6561 
Epoch 24, ppl: 1.0096,  recon_loss: 8.9108, vq_loss: 3.1793, acc: 0.6948
val -- ppl: 1.0140,  recon_loss: 11.5982, vq_loss: 3.2275, acc: 0.6543 
Epoch 25, ppl: 1.0095,  recon_loss: 8.8034, vq_loss: 3.1821, acc: 0.6970
val -- ppl: 1.0140,  recon_loss: 11.5902, vq_loss: 3.2295, acc: 0.6577 
Epoch 26, ppl: 1.0094,  recon_loss: 8.7102, vq_loss: 3.1900, acc: 0.6995
val -- ppl: 1.0139,  recon_loss: 11.4603, vq_loss: 3.2335, acc: 0.6584 
update best loss
Epoch 27, ppl: 1.0093,  recon_loss: 8.5148, vq_loss: 3.1983, acc: 0.7047
val -- ppl: 1.0140,  recon_loss: 11.5574, vq_loss: 3.2514, acc: 0.6536 
Epoch 28, ppl: 1.0093,  recon_loss: 8.5175, vq_loss: 3.2079, acc: 0.7056
val -- ppl: 1.0138,  recon_loss: 11.3858, vq_loss: 3.2355, acc: 0.6619 
update best loss
Epoch 29, ppl: 1.0092,  recon_loss: 8.4155, vq_loss: 3.2040, acc: 0.7079
val -- ppl: 1.0137,  recon_loss: 11.2704, vq_loss: 3.2434, acc: 0.6642 
update best loss
Epoch 30, ppl: 1.0092,  recon_loss: 8.3743, vq_loss: 3.2034, acc: 0.7098
val -- ppl: 1.0139,  recon_loss: 11.5049, vq_loss: 3.2449, acc: 0.6634 
Epoch 31, ppl: 1.0092,  recon_loss: 8.3428, vq_loss: 3.2042, acc: 0.7103
val -- ppl: 1.0139,  recon_loss: 11.4587, vq_loss: 3.2404, acc: 0.6616 
Epoch 32, ppl: 1.0091,  recon_loss: 8.2986, vq_loss: 3.2084, acc: 0.7123
val -- ppl: 1.0139,  recon_loss: 11.4790, vq_loss: 3.2452, acc: 0.6629 
Epoch 33, ppl: 1.0091,  recon_loss: 8.2362, vq_loss: 3.2177, acc: 0.7122
val -- ppl: 1.0139,  recon_loss: 11.4881, vq_loss: 3.2490, acc: 0.6624 
Epoch 34, ppl: 1.0091,  recon_loss: 8.3066, vq_loss: 3.2328, acc: 0.7099
val -- ppl: 1.0139,  recon_loss: 11.4397, vq_loss: 3.2541, acc: 0.6642 
Epoch 35, ppl: 1.0091,  recon_loss: 8.2248, vq_loss: 3.2361, acc: 0.7127
val -- ppl: 1.0140,  recon_loss: 11.5228, vq_loss: 3.2855, acc: 0.6604 
Epoch 36, ppl: 1.0091,  recon_loss: 8.2088, vq_loss: 3.2404, acc: 0.7126
val -- ppl: 1.0138,  recon_loss: 11.3803, vq_loss: 3.2871, acc: 0.6642 
Epoch 37, ppl: 1.0090,  recon_loss: 8.1278, vq_loss: 3.2503, acc: 0.7154
val -- ppl: 1.0140,  recon_loss: 11.5000, vq_loss: 3.2910, acc: 0.6624 
Epoch 38, ppl: 1.0090,  recon_loss: 8.0914, vq_loss: 3.2561, acc: 0.7162
val -- ppl: 1.0140,  recon_loss: 11.5787, vq_loss: 3.2965, acc: 0.6601 
Epoch 39, ppl: 1.0090,  recon_loss: 8.0639, vq_loss: 3.2654, acc: 0.7172
val -- ppl: 1.0138,  recon_loss: 11.3527, vq_loss: 3.2980, acc: 0.6643 
Epoch 40, ppl: 1.0090,  recon_loss: 8.0422, vq_loss: 3.2686, acc: 0.7189
val -- ppl: 1.0139,  recon_loss: 11.4501, vq_loss: 3.2927, acc: 0.6636 
Epoch 41, ppl: 1.0089,  recon_loss: 7.9982, vq_loss: 3.2669, acc: 0.7202
val -- ppl: 1.0140,  recon_loss: 11.5019, vq_loss: 3.2888, acc: 0.6619 
Epoch 42, ppl: 1.0089,  recon_loss: 7.9842, vq_loss: 3.2603, acc: 0.7194
val -- ppl: 1.0141,  recon_loss: 11.6867, vq_loss: 3.3000, acc: 0.6564 
Epoch 43, ppl: 1.0090,  recon_loss: 8.0279, vq_loss: 3.2689, acc: 0.7176
val -- ppl: 1.0139,  recon_loss: 11.4037, vq_loss: 3.2913, acc: 0.6590 
Epoch 44, ppl: 1.0089,  recon_loss: 8.0134, vq_loss: 3.2735, acc: 0.7178
val -- ppl: 1.0139,  recon_loss: 11.3799, vq_loss: 3.3091, acc: 0.6606 
Epoch 45, ppl: 1.0089,  recon_loss: 8.0115, vq_loss: 3.2794, acc: 0.7182
val -- ppl: 1.0139,  recon_loss: 11.4684, vq_loss: 3.2963, acc: 0.6569 
Epoch 46, ppl: 1.0090,  recon_loss: 8.0424, vq_loss: 3.2817, acc: 0.7161
val -- ppl: 1.0139,  recon_loss: 11.4057, vq_loss: 3.3263, acc: 0.6600 
Epoch 47, ppl: 1.0090,  recon_loss: 8.0168, vq_loss: 3.2799, acc: 0.7174
val -- ppl: 1.0139,  recon_loss: 11.4417, vq_loss: 3.3109, acc: 0.6608 
Epoch 48, ppl: 1.0090,  recon_loss: 8.0354, vq_loss: 3.2759, acc: 0.7172
val -- ppl: 1.0139,  recon_loss: 11.3825, vq_loss: 3.2991, acc: 0.6630 
Epoch 49, ppl: 1.0089,  recon_loss: 7.9677, vq_loss: 3.2783, acc: 0.7204
val -- ppl: 1.0140,  recon_loss: 11.4766, vq_loss: 3.3140, acc: 0.6606 
Epoch 50, ppl: 1.0089,  recon_loss: 7.9306, vq_loss: 3.2928, acc: 0.7206
val -- ppl: 1.0141,  recon_loss: 11.5506, vq_loss: 3.3362, acc: 0.6596 
Epoch 51, ppl: 1.0089,  recon_loss: 7.8704, vq_loss: 3.3035, acc: 0.7237
val -- ppl: 1.0140,  recon_loss: 11.5096, vq_loss: 3.3251, acc: 0.6641 
Epoch 52, ppl: 1.0088,  recon_loss: 7.7890, vq_loss: 3.3046, acc: 0.7263
val -- ppl: 1.0142,  recon_loss: 11.6695, vq_loss: 3.3316, acc: 0.6602 
Epoch 53, ppl: 1.0088,  recon_loss: 7.8055, vq_loss: 3.3059, acc: 0.7252
val -- ppl: 1.0140,  recon_loss: 11.5199, vq_loss: 3.3336, acc: 0.6632 
Epoch 54, ppl: 1.0088,  recon_loss: 7.7745, vq_loss: 3.3161, acc: 0.7248
val -- ppl: 1.0140,  recon_loss: 11.4842, vq_loss: 3.3378, acc: 0.6618 
Epoch 55, ppl: 1.0088,  recon_loss: 7.7880, vq_loss: 3.3268, acc: 0.7242
val -- ppl: 1.0141,  recon_loss: 11.6062, vq_loss: 3.3479, acc: 0.6598 
Epoch 56, ppl: 1.0088,  recon_loss: 7.8073, vq_loss: 3.3306, acc: 0.7230
val -- ppl: 1.0142,  recon_loss: 11.6517, vq_loss: 3.3752, acc: 0.6592 
Epoch 57, ppl: 1.0088,  recon_loss: 7.7653, vq_loss: 3.3326, acc: 0.7251
val -- ppl: 1.0141,  recon_loss: 11.6287, vq_loss: 3.3477, acc: 0.6587 
Epoch 58, ppl: 1.0088,  recon_loss: 7.7333, vq_loss: 3.3338, acc: 0.7253
val -- ppl: 1.0141,  recon_loss: 11.5734, vq_loss: 3.3474, acc: 0.6581 
Epoch 59, ppl: 1.0088,  recon_loss: 7.7293, vq_loss: 3.3352, acc: 0.7261
val -- ppl: 1.0140,  recon_loss: 11.4606, vq_loss: 3.3438, acc: 0.6666 
Epoch 60, ppl: 1.0087,  recon_loss: 7.6730, vq_loss: 3.3404, acc: 0.7276
val -- ppl: 1.0140,  recon_loss: 11.4225, vq_loss: 3.3684, acc: 0.6617 
Epoch 61, ppl: 1.0087,  recon_loss: 7.6529, vq_loss: 3.3482, acc: 0.7264
val -- ppl: 1.0140,  recon_loss: 11.4728, vq_loss: 3.3836, acc: 0.6636 
Epoch 62, ppl: 1.0087,  recon_loss: 7.6076, vq_loss: 3.3591, acc: 0.7294
val -- ppl: 1.0144,  recon_loss: 11.8353, vq_loss: 3.3716, acc: 0.6555 
Epoch 63, ppl: 1.0087,  recon_loss: 7.6296, vq_loss: 3.3642, acc: 0.7286
val -- ppl: 1.0143,  recon_loss: 11.7792, vq_loss: 3.3821, acc: 0.6606 
Epoch 64, ppl: 1.0087,  recon_loss: 7.5743, vq_loss: 3.3640, acc: 0.7298
val -- ppl: 1.0142,  recon_loss: 11.6634, vq_loss: 3.3922, acc: 0.6614 
Epoch 65, ppl: 1.0087,  recon_loss: 7.5731, vq_loss: 3.3619, acc: 0.7302
val -- ppl: 1.0141,  recon_loss: 11.5858, vq_loss: 3.3830, acc: 0.6605 
Epoch 66, ppl: 1.0087,  recon_loss: 7.5628, vq_loss: 3.3626, acc: 0.7303
val -- ppl: 1.0143,  recon_loss: 11.7120, vq_loss: 3.3850, acc: 0.6605 
Epoch 67, ppl: 1.0087,  recon_loss: 7.5737, vq_loss: 3.3653, acc: 0.7303
val -- ppl: 1.0144,  recon_loss: 11.8078, vq_loss: 3.3911, acc: 0.6566 
Epoch 68, ppl: 1.0087,  recon_loss: 7.6141, vq_loss: 3.3639, acc: 0.7292
val -- ppl: 1.0145,  recon_loss: 11.9603, vq_loss: 3.3844, acc: 0.6562 
Epoch 69, ppl: 1.0087,  recon_loss: 7.5809, vq_loss: 3.3621, acc: 0.7299
val -- ppl: 1.0142,  recon_loss: 11.6210, vq_loss: 3.3820, acc: 0.6620 
Epoch 70, ppl: 1.0086,  recon_loss: 7.5205, vq_loss: 3.3664, acc: 0.7314
val -- ppl: 1.0143,  recon_loss: 11.7160, vq_loss: 3.3861, acc: 0.6607 
Epoch 71, ppl: 1.0087,  recon_loss: 7.5557, vq_loss: 3.3689, acc: 0.7311
val -- ppl: 1.0143,  recon_loss: 11.7898, vq_loss: 3.3837, acc: 0.6603 
Epoch 72, ppl: 1.0087,  recon_loss: 7.5529, vq_loss: 3.3718, acc: 0.7312
val -- ppl: 1.0142,  recon_loss: 11.5940, vq_loss: 3.3956, acc: 0.6625 
Epoch 73, ppl: 1.0086,  recon_loss: 7.5380, vq_loss: 3.3753, acc: 0.7310
val -- ppl: 1.0143,  recon_loss: 11.7104, vq_loss: 3.3997, acc: 0.6619 
Epoch 74, ppl: 1.0086,  recon_loss: 7.4827, vq_loss: 3.3781, acc: 0.7317
val -- ppl: 1.0143,  recon_loss: 11.7051, vq_loss: 3.3976, acc: 0.6608 
Epoch 75, ppl: 1.0086,  recon_loss: 7.4406, vq_loss: 3.3827, acc: 0.7339
val -- ppl: 1.0142,  recon_loss: 11.6350, vq_loss: 3.4055, acc: 0.6600 
Epoch 76, ppl: 1.0086,  recon_loss: 7.4251, vq_loss: 3.3935, acc: 0.7333
val -- ppl: 1.0143,  recon_loss: 11.7178, vq_loss: 3.4189, acc: 0.6624 
Epoch 77, ppl: 1.0086,  recon_loss: 7.4784, vq_loss: 3.3957, acc: 0.7326
val -- ppl: 1.0144,  recon_loss: 11.8943, vq_loss: 3.3989, acc: 0.6606 
Epoch 78, ppl: 1.0086,  recon_loss: 7.5240, vq_loss: 3.3904, acc: 0.7310
val -- ppl: 1.0143,  recon_loss: 11.7513, vq_loss: 3.4066, acc: 0.6647 
Epoch 79, ppl: 1.0086,  recon_loss: 7.5197, vq_loss: 3.3853, acc: 0.7312
val -- ppl: 1.0143,  recon_loss: 11.6999, vq_loss: 3.3974, acc: 0.6608 
Epoch 80, ppl: 1.0086,  recon_loss: 7.4981, vq_loss: 3.3858, acc: 0.7309
val -- ppl: 1.0142,  recon_loss: 11.6018, vq_loss: 3.4211, acc: 0.6586 
Epoch 81, ppl: 1.0086,  recon_loss: 7.4386, vq_loss: 3.3927, acc: 0.7342
val -- ppl: 1.0143,  recon_loss: 11.7705, vq_loss: 3.4044, acc: 0.6608 
Epoch 82, ppl: 1.0086,  recon_loss: 7.4117, vq_loss: 3.3900, acc: 0.7336
val -- ppl: 1.0143,  recon_loss: 11.6998, vq_loss: 3.4144, acc: 0.6650 
Epoch 83, ppl: 1.0085,  recon_loss: 7.3175, vq_loss: 3.3940, acc: 0.7375
val -- ppl: 1.0144,  recon_loss: 11.8433, vq_loss: 3.4194, acc: 0.6610 
Epoch 84, ppl: 1.0085,  recon_loss: 7.2907, vq_loss: 3.3986, acc: 0.7377
val -- ppl: 1.0143,  recon_loss: 11.7162, vq_loss: 3.4190, acc: 0.6614 
Epoch 85, ppl: 1.0085,  recon_loss: 7.3053, vq_loss: 3.3988, acc: 0.7387
val -- ppl: 1.0144,  recon_loss: 11.8259, vq_loss: 3.4213, acc: 0.6586 
Epoch 86, ppl: 1.0085,  recon_loss: 7.3136, vq_loss: 3.4082, acc: 0.7378
val -- ppl: 1.0144,  recon_loss: 11.7954, vq_loss: 3.4355, acc: 0.6609 
Epoch 87, ppl: 1.0085,  recon_loss: 7.3097, vq_loss: 3.4158, acc: 0.7375
val -- ppl: 1.0144,  recon_loss: 11.7794, vq_loss: 3.4285, acc: 0.6596 
Epoch 88, ppl: 1.0085,  recon_loss: 7.3186, vq_loss: 3.4242, acc: 0.7369
val -- ppl: 1.0144,  recon_loss: 11.8160, vq_loss: 3.4424, acc: 0.6607 
Epoch 89, ppl: 1.0085,  recon_loss: 7.3140, vq_loss: 3.4292, acc: 0.7370
val -- ppl: 1.0144,  recon_loss: 11.8570, vq_loss: 3.4378, acc: 0.6577 
Epoch 90, ppl: 1.0085,  recon_loss: 7.2956, vq_loss: 3.4350, acc: 0.7370
val -- ppl: 1.0144,  recon_loss: 11.7760, vq_loss: 3.4682, acc: 0.6591 
Epoch 91, ppl: 1.0085,  recon_loss: 7.3028, vq_loss: 3.4340, acc: 0.7376
val -- ppl: 1.0145,  recon_loss: 11.9051, vq_loss: 3.4584, acc: 0.6585 
Epoch 92, ppl: 1.0085,  recon_loss: 7.3429, vq_loss: 3.4245, acc: 0.7359
val -- ppl: 1.0145,  recon_loss: 11.9331, vq_loss: 3.4327, acc: 0.6603 
Epoch 93, ppl: 1.0085,  recon_loss: 7.3637, vq_loss: 3.4136, acc: 0.7350
val -- ppl: 1.0144,  recon_loss: 11.7634, vq_loss: 3.4357, acc: 0.6612 
Epoch 94, ppl: 1.0085,  recon_loss: 7.3447, vq_loss: 3.4131, acc: 0.7360
val -- ppl: 1.0145,  recon_loss: 11.9092, vq_loss: 3.4394, acc: 0.6593 
Epoch 95, ppl: 1.0085,  recon_loss: 7.3275, vq_loss: 3.4117, acc: 0.7360
val -- ppl: 1.0144,  recon_loss: 11.8182, vq_loss: 3.4385, acc: 0.6605 
Epoch 96, ppl: 1.0085,  recon_loss: 7.2906, vq_loss: 3.4092, acc: 0.7378
val -- ppl: 1.0146,  recon_loss: 12.0215, vq_loss: 3.4377, acc: 0.6608 
Epoch 97, ppl: 1.0084,  recon_loss: 7.2411, vq_loss: 3.4140, acc: 0.7385
val -- ppl: 1.0144,  recon_loss: 11.8290, vq_loss: 3.4386, acc: 0.6613 
Epoch 98, ppl: 1.0084,  recon_loss: 7.1928, vq_loss: 3.4242, acc: 0.7400
val -- ppl: 1.0145,  recon_loss: 11.9377, vq_loss: 3.4471, acc: 0.6596 
Epoch 99, ppl: 1.0084,  recon_loss: 7.1818, vq_loss: 3.4226, acc: 0.7406
val -- ppl: 1.0143,  recon_loss: 11.7281, vq_loss: 3.4514, acc: 0.6628 