VQVAE_2(
  (encoder): LSTMEncoder(
    (embed): Embedding(39, 512)
    (lstm): LSTM(512, 512, batch_first=True)
    (dropout_in): Dropout(p=0.0, inplace=False)
  )
  (decoder): LSTMDecoder(
    (embed): Embedding(39, 512, padding_idx=0)
    (dropout_in): Dropout(p=0.0, inplace=False)
    (dropout_out): Dropout(p=0.0, inplace=False)
    (lstm): LSTM(1024, 512, batch_first=True)
    (pred_linear): Linear(in_features=512, out_features=39, bias=False)
    (loss): CrossEntropyLoss()
  )
  (multi_vq_layer): MultiVectorQuantizer(
    (embedding_1): Embedding(6, 128)
    (embedding_2): Embedding(6, 128)
    (embedding_3): Embedding(6, 128)
    (embedding_4): Embedding(6, 128)
  )
)beta:0.25
----- Parameters: -----
encoder.embed.weight, torch.Size([39, 512]): True
encoder.lstm.weight_ih_l0, torch.Size([2048, 512]): True
encoder.lstm.weight_hh_l0, torch.Size([2048, 512]): True
encoder.lstm.bias_ih_l0, torch.Size([2048]): True
encoder.lstm.bias_hh_l0, torch.Size([2048]): True
decoder.embed.weight, torch.Size([39, 512]): True
decoder.lstm.weight_ih_l0, torch.Size([2048, 1024]): True
decoder.lstm.weight_hh_l0, torch.Size([2048, 512]): True
decoder.lstm.bias_ih_l0, torch.Size([2048]): True
decoder.lstm.bias_hh_l0, torch.Size([2048]): True
decoder.pred_linear.weight, torch.Size([39, 512]): True
multi_vq_layer.embedding_1.weight, torch.Size([6, 128]): True
multi_vq_layer.embedding_2.weight, torch.Size([6, 128]): True
multi_vq_layer.embedding_3.weight, torch.Size([6, 128]): True
multi_vq_layer.embedding_4.weight, torch.Size([6, 128]): True
Epoch 0, ppl: 1.0189,  recon_loss: 23.3832, vq_loss: 0.3403, acc: 0.3041
val -- ppl: 1.0204,  recon_loss: 21.0989, vq_loss: 0.4656, acc: 0.4201 
update best loss
Epoch 1, ppl: 1.0145,  recon_loss: 17.5965, vq_loss: 0.6524, acc: 0.4558
val -- ppl: 1.0174,  recon_loss: 17.3413, vq_loss: 1.0480, acc: 0.5068 
update best loss
Epoch 2, ppl: 1.0127,  recon_loss: 14.6890, vq_loss: 1.2969, acc: 0.5400
val -- ppl: 1.0163,  recon_loss: 15.6631, vq_loss: 1.6168, acc: 0.5493 
update best loss
Epoch 3, ppl: 1.0119,  recon_loss: 13.1827, vq_loss: 1.8655, acc: 0.5830
val -- ppl: 1.0157,  recon_loss: 14.4378, vq_loss: 2.1760, acc: 0.5867 
update best loss
Epoch 4, ppl: 1.0114,  recon_loss: 12.0776, vq_loss: 2.2791, acc: 0.6141
val -- ppl: 1.0151,  recon_loss: 13.5122, vq_loss: 2.4498, acc: 0.6093 
update best loss
Epoch 5, ppl: 1.0110,  recon_loss: 11.3642, vq_loss: 2.5011, acc: 0.6337
val -- ppl: 1.0147,  recon_loss: 12.9693, vq_loss: 2.6484, acc: 0.6223 
update best loss
Epoch 6, ppl: 1.0107,  recon_loss: 10.8722, vq_loss: 2.6259, acc: 0.6470
val -- ppl: 1.0145,  recon_loss: 12.5768, vq_loss: 2.7304, acc: 0.6320 
update best loss
Epoch 7, ppl: 1.0104,  recon_loss: 10.3767, vq_loss: 2.7109, acc: 0.6595
val -- ppl: 1.0141,  recon_loss: 12.2054, vq_loss: 2.7759, acc: 0.6417 
update best loss
Epoch 8, ppl: 1.0102,  recon_loss: 10.1157, vq_loss: 2.7660, acc: 0.6668
val -- ppl: 1.0145,  recon_loss: 12.4728, vq_loss: 2.8411, acc: 0.6348 
Epoch 9, ppl: 1.0101,  recon_loss: 9.8806, vq_loss: 2.8358, acc: 0.6721
val -- ppl: 1.0140,  recon_loss: 11.9495, vq_loss: 2.9006, acc: 0.6458 
update best loss
Epoch 10, ppl: 1.0100,  recon_loss: 9.6780, vq_loss: 2.8854, acc: 0.6780
val -- ppl: 1.0141,  recon_loss: 12.0445, vq_loss: 2.9296, acc: 0.6482 
Epoch 11, ppl: 1.0098,  recon_loss: 9.4729, vq_loss: 2.9270, acc: 0.6831
val -- ppl: 1.0140,  recon_loss: 11.8087, vq_loss: 2.9729, acc: 0.6532 
update best loss
Epoch 12, ppl: 1.0098,  recon_loss: 9.3635, vq_loss: 2.9633, acc: 0.6851
val -- ppl: 1.0140,  recon_loss: 11.7781, vq_loss: 3.0418, acc: 0.6534 
update best loss
Epoch 13, ppl: 1.0098,  recon_loss: 9.3642, vq_loss: 2.9989, acc: 0.6853
val -- ppl: 1.0139,  recon_loss: 11.7265, vq_loss: 3.0411, acc: 0.6530 
update best loss
Epoch 14, ppl: 1.0098,  recon_loss: 9.3846, vq_loss: 3.0147, acc: 0.6839
val -- ppl: 1.0140,  recon_loss: 11.8178, vq_loss: 3.0483, acc: 0.6494 
Epoch 15, ppl: 1.0098,  recon_loss: 9.2782, vq_loss: 3.0384, acc: 0.6850
val -- ppl: 1.0140,  recon_loss: 11.7696, vq_loss: 3.0758, acc: 0.6534 
Epoch 16, ppl: 1.0097,  recon_loss: 9.2243, vq_loss: 3.0580, acc: 0.6868
val -- ppl: 1.0140,  recon_loss: 11.7170, vq_loss: 3.0879, acc: 0.6550 
update best loss
Epoch 17, ppl: 1.0097,  recon_loss: 9.1363, vq_loss: 3.0589, acc: 0.6893
val -- ppl: 1.0139,  recon_loss: 11.6147, vq_loss: 3.1111, acc: 0.6564 
update best loss
Epoch 18, ppl: 1.0096,  recon_loss: 9.0243, vq_loss: 3.0769, acc: 0.6927
val -- ppl: 1.0138,  recon_loss: 11.5567, vq_loss: 3.1124, acc: 0.6574 
update best loss
Epoch 19, ppl: 1.0095,  recon_loss: 8.8867, vq_loss: 3.0794, acc: 0.6964
val -- ppl: 1.0137,  recon_loss: 11.3940, vq_loss: 3.1222, acc: 0.6585 
update best loss
Epoch 20, ppl: 1.0094,  recon_loss: 8.7853, vq_loss: 3.0887, acc: 0.6988
val -- ppl: 1.0137,  recon_loss: 11.3650, vq_loss: 3.1433, acc: 0.6581 
update best loss
Epoch 21, ppl: 1.0093,  recon_loss: 8.6414, vq_loss: 3.1073, acc: 0.7025
val -- ppl: 1.0136,  recon_loss: 11.2382, vq_loss: 3.1528, acc: 0.6600 
update best loss
Epoch 22, ppl: 1.0093,  recon_loss: 8.5630, vq_loss: 3.1220, acc: 0.7046
val -- ppl: 1.0138,  recon_loss: 11.5059, vq_loss: 3.1585, acc: 0.6610 
Epoch 23, ppl: 1.0092,  recon_loss: 8.4802, vq_loss: 3.1323, acc: 0.7065
val -- ppl: 1.0136,  recon_loss: 11.2536, vq_loss: 3.1590, acc: 0.6631 
Epoch 24, ppl: 1.0092,  recon_loss: 8.4584, vq_loss: 3.1452, acc: 0.7077
val -- ppl: 1.0137,  recon_loss: 11.2943, vq_loss: 3.1827, acc: 0.6638 
Epoch 25, ppl: 1.0092,  recon_loss: 8.4201, vq_loss: 3.1607, acc: 0.7083
val -- ppl: 1.0137,  recon_loss: 11.3381, vq_loss: 3.1949, acc: 0.6635 
Epoch 26, ppl: 1.0092,  recon_loss: 8.4301, vq_loss: 3.1692, acc: 0.7091
val -- ppl: 1.0138,  recon_loss: 11.4201, vq_loss: 3.2041, acc: 0.6621 
Epoch 27, ppl: 1.0092,  recon_loss: 8.3856, vq_loss: 3.1692, acc: 0.7103
val -- ppl: 1.0140,  recon_loss: 11.5753, vq_loss: 3.2182, acc: 0.6560 
Epoch 28, ppl: 1.0092,  recon_loss: 8.4135, vq_loss: 3.1747, acc: 0.7085
val -- ppl: 1.0137,  recon_loss: 11.2565, vq_loss: 3.2106, acc: 0.6674 
Epoch 29, ppl: 1.0091,  recon_loss: 8.3391, vq_loss: 3.1708, acc: 0.7103
val -- ppl: 1.0137,  recon_loss: 11.3034, vq_loss: 3.1983, acc: 0.6654 
Epoch 30, ppl: 1.0092,  recon_loss: 8.3894, vq_loss: 3.1820, acc: 0.7091
val -- ppl: 1.0136,  recon_loss: 11.2213, vq_loss: 3.1965, acc: 0.6664 
update best loss
Epoch 31, ppl: 1.0091,  recon_loss: 8.3617, vq_loss: 3.1822, acc: 0.7102
val -- ppl: 1.0136,  recon_loss: 11.1706, vq_loss: 3.2221, acc: 0.6644 
update best loss
Epoch 32, ppl: 1.0091,  recon_loss: 8.3010, vq_loss: 3.1933, acc: 0.7110
val -- ppl: 1.0138,  recon_loss: 11.4216, vq_loss: 3.2182, acc: 0.6606 
Epoch 33, ppl: 1.0091,  recon_loss: 8.2775, vq_loss: 3.2002, acc: 0.7097
val -- ppl: 1.0138,  recon_loss: 11.4420, vq_loss: 3.2280, acc: 0.6600 
Epoch 34, ppl: 1.0091,  recon_loss: 8.2561, vq_loss: 3.2046, acc: 0.7101
val -- ppl: 1.0136,  recon_loss: 11.2283, vq_loss: 3.2283, acc: 0.6671 
Epoch 35, ppl: 1.0090,  recon_loss: 8.2074, vq_loss: 3.2109, acc: 0.7128
val -- ppl: 1.0138,  recon_loss: 11.3667, vq_loss: 3.2573, acc: 0.6629 
Epoch 36, ppl: 1.0090,  recon_loss: 8.1856, vq_loss: 3.2204, acc: 0.7121
val -- ppl: 1.0138,  recon_loss: 11.3697, vq_loss: 3.2608, acc: 0.6632 
Epoch 37, ppl: 1.0090,  recon_loss: 8.0807, vq_loss: 3.2221, acc: 0.7164
val -- ppl: 1.0138,  recon_loss: 11.3366, vq_loss: 3.2413, acc: 0.6621 
Epoch 38, ppl: 1.0089,  recon_loss: 8.0425, vq_loss: 3.2125, acc: 0.7176
val -- ppl: 1.0139,  recon_loss: 11.4656, vq_loss: 3.2473, acc: 0.6636 
Epoch 39, ppl: 1.0089,  recon_loss: 7.9883, vq_loss: 3.2216, acc: 0.7193
val -- ppl: 1.0136,  recon_loss: 11.1227, vq_loss: 3.2552, acc: 0.6669 
update best loss
Epoch 40, ppl: 1.0089,  recon_loss: 7.9754, vq_loss: 3.2340, acc: 0.7191
val -- ppl: 1.0137,  recon_loss: 11.2968, vq_loss: 3.2644, acc: 0.6641 
Epoch 41, ppl: 1.0089,  recon_loss: 7.9541, vq_loss: 3.2441, acc: 0.7193
val -- ppl: 1.0138,  recon_loss: 11.3418, vq_loss: 3.2873, acc: 0.6637 
Epoch 42, ppl: 1.0089,  recon_loss: 7.9403, vq_loss: 3.2527, acc: 0.7198
val -- ppl: 1.0141,  recon_loss: 11.6424, vq_loss: 3.2915, acc: 0.6585 
Epoch 43, ppl: 1.0089,  recon_loss: 8.0277, vq_loss: 3.2545, acc: 0.7185
val -- ppl: 1.0138,  recon_loss: 11.3405, vq_loss: 3.2892, acc: 0.6606 
Epoch 44, ppl: 1.0089,  recon_loss: 7.9770, vq_loss: 3.2445, acc: 0.7187
val -- ppl: 1.0138,  recon_loss: 11.3497, vq_loss: 3.2894, acc: 0.6634 
Epoch 45, ppl: 1.0089,  recon_loss: 7.9627, vq_loss: 3.2504, acc: 0.7191
val -- ppl: 1.0139,  recon_loss: 11.4283, vq_loss: 3.2844, acc: 0.6588 
Epoch 46, ppl: 1.0089,  recon_loss: 7.9664, vq_loss: 3.2467, acc: 0.7181
val -- ppl: 1.0139,  recon_loss: 11.3870, vq_loss: 3.2873, acc: 0.6596 
Epoch 47, ppl: 1.0089,  recon_loss: 7.9628, vq_loss: 3.2540, acc: 0.7190
val -- ppl: 1.0139,  recon_loss: 11.4288, vq_loss: 3.2758, acc: 0.6611 
Epoch 48, ppl: 1.0089,  recon_loss: 7.9296, vq_loss: 3.2618, acc: 0.7190
val -- ppl: 1.0137,  recon_loss: 11.2901, vq_loss: 3.2743, acc: 0.6635 
Epoch 49, ppl: 1.0088,  recon_loss: 7.8339, vq_loss: 3.2725, acc: 0.7214
val -- ppl: 1.0138,  recon_loss: 11.3569, vq_loss: 3.2897, acc: 0.6606 
Epoch 50, ppl: 1.0088,  recon_loss: 7.8620, vq_loss: 3.2796, acc: 0.7204
val -- ppl: 1.0140,  recon_loss: 11.5132, vq_loss: 3.2998, acc: 0.6597 
Epoch 51, ppl: 1.0089,  recon_loss: 7.9019, vq_loss: 3.2856, acc: 0.7198
val -- ppl: 1.0139,  recon_loss: 11.4711, vq_loss: 3.3038, acc: 0.6622 
Epoch 52, ppl: 1.0089,  recon_loss: 7.8999, vq_loss: 3.2820, acc: 0.7201
val -- ppl: 1.0141,  recon_loss: 11.6161, vq_loss: 3.3028, acc: 0.6573 
Epoch 53, ppl: 1.0089,  recon_loss: 7.9067, vq_loss: 3.2811, acc: 0.7201
val -- ppl: 1.0140,  recon_loss: 11.4820, vq_loss: 3.3035, acc: 0.6652 
Epoch 54, ppl: 1.0088,  recon_loss: 7.8653, vq_loss: 3.2765, acc: 0.7214
val -- ppl: 1.0139,  recon_loss: 11.4394, vq_loss: 3.2978, acc: 0.6661 
Epoch 55, ppl: 1.0087,  recon_loss: 7.7717, vq_loss: 3.2686, acc: 0.7241
val -- ppl: 1.0140,  recon_loss: 11.4864, vq_loss: 3.2998, acc: 0.6659 
Epoch 56, ppl: 1.0087,  recon_loss: 7.7042, vq_loss: 3.2762, acc: 0.7262
val -- ppl: 1.0140,  recon_loss: 11.5039, vq_loss: 3.3023, acc: 0.6627 
Epoch 57, ppl: 1.0086,  recon_loss: 7.6286, vq_loss: 3.2854, acc: 0.7288
val -- ppl: 1.0140,  recon_loss: 11.4899, vq_loss: 3.3136, acc: 0.6637 
Epoch 58, ppl: 1.0086,  recon_loss: 7.5707, vq_loss: 3.2973, acc: 0.7300
val -- ppl: 1.0140,  recon_loss: 11.5144, vq_loss: 3.3185, acc: 0.6637 
Epoch 59, ppl: 1.0086,  recon_loss: 7.5668, vq_loss: 3.3109, acc: 0.7290
val -- ppl: 1.0139,  recon_loss: 11.3636, vq_loss: 3.3256, acc: 0.6651 
Epoch 60, ppl: 1.0087,  recon_loss: 7.6059, vq_loss: 3.3168, acc: 0.7285
val -- ppl: 1.0140,  recon_loss: 11.4319, vq_loss: 3.3502, acc: 0.6650 
Epoch 61, ppl: 1.0087,  recon_loss: 7.6964, vq_loss: 3.3230, acc: 0.7254
val -- ppl: 1.0139,  recon_loss: 11.3741, vq_loss: 3.3325, acc: 0.6648 
Epoch 62, ppl: 1.0087,  recon_loss: 7.6894, vq_loss: 3.3197, acc: 0.7260
val -- ppl: 1.0143,  recon_loss: 11.7649, vq_loss: 3.3518, acc: 0.6581 
Epoch 63, ppl: 1.0087,  recon_loss: 7.6435, vq_loss: 3.3256, acc: 0.7276
val -- ppl: 1.0141,  recon_loss: 11.6442, vq_loss: 3.3407, acc: 0.6623 
Epoch 64, ppl: 1.0087,  recon_loss: 7.6087, vq_loss: 3.3195, acc: 0.7300
val -- ppl: 1.0140,  recon_loss: 11.4444, vq_loss: 3.3469, acc: 0.6661 
Epoch 65, ppl: 1.0087,  recon_loss: 7.6801, vq_loss: 3.3086, acc: 0.7269
val -- ppl: 1.0139,  recon_loss: 11.3666, vq_loss: 3.3501, acc: 0.6650 
Epoch 66, ppl: 1.0087,  recon_loss: 7.7181, vq_loss: 3.3107, acc: 0.7257
val -- ppl: 1.0141,  recon_loss: 11.5958, vq_loss: 3.3280, acc: 0.6610 
Epoch 67, ppl: 1.0087,  recon_loss: 7.6513, vq_loss: 3.3149, acc: 0.7275
val -- ppl: 1.0142,  recon_loss: 11.7316, vq_loss: 3.3527, acc: 0.6600 
Epoch 68, ppl: 1.0086,  recon_loss: 7.5893, vq_loss: 3.3260, acc: 0.7289
val -- ppl: 1.0142,  recon_loss: 11.6422, vq_loss: 3.3557, acc: 0.6597 
Epoch 69, ppl: 1.0086,  recon_loss: 7.5508, vq_loss: 3.3315, acc: 0.7301
val -- ppl: 1.0140,  recon_loss: 11.5057, vq_loss: 3.3616, acc: 0.6614 
Epoch 70, ppl: 1.0086,  recon_loss: 7.5590, vq_loss: 3.3461, acc: 0.7295
val -- ppl: 1.0141,  recon_loss: 11.5914, vq_loss: 3.3777, acc: 0.6628 
Epoch 71, ppl: 1.0086,  recon_loss: 7.5323, vq_loss: 3.3546, acc: 0.7291
val -- ppl: 1.0144,  recon_loss: 11.8232, vq_loss: 3.3816, acc: 0.6575 
Epoch 72, ppl: 1.0086,  recon_loss: 7.4760, vq_loss: 3.3572, acc: 0.7311
val -- ppl: 1.0141,  recon_loss: 11.5208, vq_loss: 3.3894, acc: 0.6640 
Epoch 73, ppl: 1.0086,  recon_loss: 7.4721, vq_loss: 3.3577, acc: 0.7318
val -- ppl: 1.0143,  recon_loss: 11.7936, vq_loss: 3.3702, acc: 0.6645 
Epoch 74, ppl: 1.0086,  recon_loss: 7.4598, vq_loss: 3.3494, acc: 0.7326
val -- ppl: 1.0141,  recon_loss: 11.5491, vq_loss: 3.3614, acc: 0.6648 
Epoch 75, ppl: 1.0086,  recon_loss: 7.4523, vq_loss: 3.3407, acc: 0.7339
val -- ppl: 1.0141,  recon_loss: 11.6242, vq_loss: 3.3561, acc: 0.6656 
Epoch 76, ppl: 1.0086,  recon_loss: 7.4736, vq_loss: 3.3479, acc: 0.7337
val -- ppl: 1.0140,  recon_loss: 11.4376, vq_loss: 3.3796, acc: 0.6644 
Epoch 77, ppl: 1.0086,  recon_loss: 7.4407, vq_loss: 3.3593, acc: 0.7328
val -- ppl: 1.0143,  recon_loss: 11.7082, vq_loss: 3.3844, acc: 0.6612 
Epoch 78, ppl: 1.0086,  recon_loss: 7.4354, vq_loss: 3.3668, acc: 0.7323
val -- ppl: 1.0140,  recon_loss: 11.4558, vq_loss: 3.3919, acc: 0.6642 
Epoch 79, ppl: 1.0085,  recon_loss: 7.3912, vq_loss: 3.3744, acc: 0.7336
val -- ppl: 1.0141,  recon_loss: 11.5609, vq_loss: 3.3997, acc: 0.6637 
Epoch 80, ppl: 1.0085,  recon_loss: 7.3734, vq_loss: 3.3727, acc: 0.7350
val -- ppl: 1.0140,  recon_loss: 11.4747, vq_loss: 3.4020, acc: 0.6634 
Epoch 81, ppl: 1.0085,  recon_loss: 7.3228, vq_loss: 3.3686, acc: 0.7371
val -- ppl: 1.0141,  recon_loss: 11.5954, vq_loss: 3.3886, acc: 0.6619 
Epoch 82, ppl: 1.0085,  recon_loss: 7.3343, vq_loss: 3.3730, acc: 0.7360
val -- ppl: 1.0142,  recon_loss: 11.6251, vq_loss: 3.4052, acc: 0.6650 
Epoch 83, ppl: 1.0085,  recon_loss: 7.3694, vq_loss: 3.3795, acc: 0.7349
val -- ppl: 1.0143,  recon_loss: 11.7724, vq_loss: 3.3950, acc: 0.6634 
Epoch 84, ppl: 1.0086,  recon_loss: 7.4363, vq_loss: 3.3883, acc: 0.7314
val -- ppl: 1.0142,  recon_loss: 11.6233, vq_loss: 3.4186, acc: 0.6636 
Epoch 85, ppl: 1.0085,  recon_loss: 7.3672, vq_loss: 3.3840, acc: 0.7349
val -- ppl: 1.0143,  recon_loss: 11.7243, vq_loss: 3.4001, acc: 0.6622 
Epoch 86, ppl: 1.0085,  recon_loss: 7.3495, vq_loss: 3.3710, acc: 0.7365
val -- ppl: 1.0143,  recon_loss: 11.7066, vq_loss: 3.4020, acc: 0.6658 
Epoch 87, ppl: 1.0085,  recon_loss: 7.3403, vq_loss: 3.3719, acc: 0.7364
val -- ppl: 1.0143,  recon_loss: 11.7206, vq_loss: 3.3923, acc: 0.6651 
Epoch 88, ppl: 1.0085,  recon_loss: 7.3588, vq_loss: 3.3751, acc: 0.7354
val -- ppl: 1.0141,  recon_loss: 11.5284, vq_loss: 3.4003, acc: 0.6664 
Epoch 89, ppl: 1.0085,  recon_loss: 7.3817, vq_loss: 3.3784, acc: 0.7350
val -- ppl: 1.0142,  recon_loss: 11.6415, vq_loss: 3.4093, acc: 0.6642 
Epoch 90, ppl: 1.0085,  recon_loss: 7.3935, vq_loss: 3.3823, acc: 0.7336
val -- ppl: 1.0142,  recon_loss: 11.6877, vq_loss: 3.3944, acc: 0.6631 
Epoch 91, ppl: 1.0085,  recon_loss: 7.3339, vq_loss: 3.3651, acc: 0.7362
val -- ppl: 1.0143,  recon_loss: 11.7801, vq_loss: 3.3796, acc: 0.6632 
Epoch 92, ppl: 1.0085,  recon_loss: 7.3007, vq_loss: 3.3674, acc: 0.7379
val -- ppl: 1.0143,  recon_loss: 11.7218, vq_loss: 3.3748, acc: 0.6633 
Epoch 93, ppl: 1.0085,  recon_loss: 7.3019, vq_loss: 3.3814, acc: 0.7381
val -- ppl: 1.0143,  recon_loss: 11.7281, vq_loss: 3.4130, acc: 0.6646 
Epoch 94, ppl: 1.0085,  recon_loss: 7.3324, vq_loss: 3.3889, acc: 0.7372
val -- ppl: 1.0143,  recon_loss: 11.6713, vq_loss: 3.4219, acc: 0.6622 
Epoch 95, ppl: 1.0085,  recon_loss: 7.2918, vq_loss: 3.3894, acc: 0.7378
val -- ppl: 1.0143,  recon_loss: 11.7792, vq_loss: 3.4027, acc: 0.6630 
Epoch 96, ppl: 1.0084,  recon_loss: 7.2492, vq_loss: 3.3929, acc: 0.7382
val -- ppl: 1.0143,  recon_loss: 11.7576, vq_loss: 3.4172, acc: 0.6636 
Epoch 97, ppl: 1.0084,  recon_loss: 7.2491, vq_loss: 3.3971, acc: 0.7384
val -- ppl: 1.0144,  recon_loss: 11.7823, vq_loss: 3.4268, acc: 0.6624 
Epoch 98, ppl: 1.0084,  recon_loss: 7.2546, vq_loss: 3.4014, acc: 0.7384
val -- ppl: 1.0144,  recon_loss: 11.8479, vq_loss: 3.4203, acc: 0.6639 
Epoch 99, ppl: 1.0085,  recon_loss: 7.2974, vq_loss: 3.3961, acc: 0.7380
val -- ppl: 1.0142,  recon_loss: 11.6092, vq_loss: 3.4250, acc: 0.6649 
Epoch 100, ppl: 1.0085,  recon_loss: 7.3272, vq_loss: 3.3950, acc: 0.7366
val -- ppl: 1.0144,  recon_loss: 11.8621, vq_loss: 3.4119, acc: 0.6618 
Epoch 101, ppl: 1.0085,  recon_loss: 7.3584, vq_loss: 3.3976, acc: 0.7352
val -- ppl: 1.0145,  recon_loss: 11.9560, vq_loss: 3.4279, acc: 0.6596 
Epoch 102, ppl: 1.0085,  recon_loss: 7.3407, vq_loss: 3.4003, acc: 0.7352
val -- ppl: 1.0144,  recon_loss: 11.8119, vq_loss: 3.4301, acc: 0.6622 
Epoch 103, ppl: 1.0085,  recon_loss: 7.2815, vq_loss: 3.4040, acc: 0.7373
val -- ppl: 1.0144,  recon_loss: 11.8399, vq_loss: 3.4293, acc: 0.6640 
Epoch 104, ppl: 1.0085,  recon_loss: 7.2771, vq_loss: 3.4061, acc: 0.7379
val -- ppl: 1.0144,  recon_loss: 11.8634, vq_loss: 3.4332, acc: 0.6635 
Epoch 105, ppl: 1.0084,  recon_loss: 7.2315, vq_loss: 3.3998, acc: 0.7391
val -- ppl: 1.0145,  recon_loss: 11.9474, vq_loss: 3.4304, acc: 0.6642 
Epoch 106, ppl: 1.0084,  recon_loss: 7.1954, vq_loss: 3.4110, acc: 0.7404
val -- ppl: 1.0144,  recon_loss: 11.8027, vq_loss: 3.4513, acc: 0.6632 
Epoch 107, ppl: 1.0084,  recon_loss: 7.1161, vq_loss: 3.4241, acc: 0.7432
val -- ppl: 1.0145,  recon_loss: 11.9303, vq_loss: 3.4408, acc: 0.6607 
Epoch 108, ppl: 1.0084,  recon_loss: 7.1168, vq_loss: 3.4232, acc: 0.7433
val -- ppl: 1.0144,  recon_loss: 11.8381, vq_loss: 3.4530, acc: 0.6637 
Epoch 109, ppl: 1.0084,  recon_loss: 7.1525, vq_loss: 3.4289, acc: 0.7430
val -- ppl: 1.0144,  recon_loss: 11.7582, vq_loss: 3.4608, acc: 0.6638 
Epoch 110, ppl: 1.0084,  recon_loss: 7.1895, vq_loss: 3.4345, acc: 0.7415
val -- ppl: 1.0145,  recon_loss: 11.9361, vq_loss: 3.4492, acc: 0.6624 
Epoch 111, ppl: 1.0084,  recon_loss: 7.1783, vq_loss: 3.4368, acc: 0.7418
val -- ppl: 1.0145,  recon_loss: 11.9318, vq_loss: 3.4589, acc: 0.6605 
Epoch 112, ppl: 1.0084,  recon_loss: 7.2216, vq_loss: 3.4277, acc: 0.7402
val -- ppl: 1.0146,  recon_loss: 12.0714, vq_loss: 3.4379, acc: 0.6602 
Epoch 113, ppl: 1.0084,  recon_loss: 7.2211, vq_loss: 3.4258, acc: 0.7387
val -- ppl: 1.0144,  recon_loss: 11.7946, vq_loss: 3.4572, acc: 0.6637 
Epoch 114, ppl: 1.0085,  recon_loss: 7.2460, vq_loss: 3.4316, acc: 0.7380
val -- ppl: 1.0147,  recon_loss: 12.0836, vq_loss: 3.4555, acc: 0.6598 
Epoch 115, ppl: 1.0084,  recon_loss: 7.2161, vq_loss: 3.4402, acc: 0.7400
val -- ppl: 1.0145,  recon_loss: 11.8907, vq_loss: 3.4654, acc: 0.6619 
Epoch 116, ppl: 1.0085,  recon_loss: 7.2323, vq_loss: 3.4409, acc: 0.7387
val -- ppl: 1.0145,  recon_loss: 11.8379, vq_loss: 3.4678, acc: 0.6625 
Epoch 117, ppl: 1.0084,  recon_loss: 7.2049, vq_loss: 3.4340, acc: 0.7398
val -- ppl: 1.0147,  recon_loss: 12.0791, vq_loss: 3.4512, acc: 0.6605 
Epoch 118, ppl: 1.0084,  recon_loss: 7.2142, vq_loss: 3.4308, acc: 0.7390
val -- ppl: 1.0145,  recon_loss: 11.9110, vq_loss: 3.4428, acc: 0.6627 
Epoch 119, ppl: 1.0084,  recon_loss: 7.1874, vq_loss: 3.4324, acc: 0.7421
val -- ppl: 1.0146,  recon_loss: 12.0351, vq_loss: 3.4556, acc: 0.6612 
Epoch 120, ppl: 1.0083,  recon_loss: 7.0969, vq_loss: 3.4381, acc: 0.7438
val -- ppl: 1.0146,  recon_loss: 12.0295, vq_loss: 3.4699, acc: 0.6591 
Epoch 121, ppl: 1.0083,  recon_loss: 7.0719, vq_loss: 3.4496, acc: 0.7437
val -- ppl: 1.0146,  recon_loss: 12.0028, vq_loss: 3.4791, acc: 0.6602 
Epoch 122, ppl: 1.0083,  recon_loss: 7.0727, vq_loss: 3.4627, acc: 0.7437
val -- ppl: 1.0146,  recon_loss: 11.9949, vq_loss: 3.4754, acc: 0.6612 
Epoch 123, ppl: 1.0084,  recon_loss: 7.1036, vq_loss: 3.4625, acc: 0.7424
val -- ppl: 1.0145,  recon_loss: 11.9014, vq_loss: 3.4872, acc: 0.6626 
Epoch 124, ppl: 1.0084,  recon_loss: 7.1217, vq_loss: 3.4626, acc: 0.7415
val -- ppl: 1.0148,  recon_loss: 12.1478, vq_loss: 3.4706, acc: 0.6598 
Epoch 125, ppl: 1.0084,  recon_loss: 7.1847, vq_loss: 3.4531, acc: 0.7402
val -- ppl: 1.0145,  recon_loss: 11.9277, vq_loss: 3.4614, acc: 0.6605 
Epoch 126, ppl: 1.0084,  recon_loss: 7.1421, vq_loss: 3.4425, acc: 0.7418
val -- ppl: 1.0145,  recon_loss: 11.9215, vq_loss: 3.4498, acc: 0.6609 
Epoch 127, ppl: 1.0083,  recon_loss: 7.0804, vq_loss: 3.4440, acc: 0.7440
val -- ppl: 1.0146,  recon_loss: 11.9612, vq_loss: 3.4788, acc: 0.6623 
Epoch 128, ppl: 1.0084,  recon_loss: 7.0879, vq_loss: 3.4601, acc: 0.7431
val -- ppl: 1.0147,  recon_loss: 12.0893, vq_loss: 3.4856, acc: 0.6563 
Epoch 129, ppl: 1.0084,  recon_loss: 7.0801, vq_loss: 3.4675, acc: 0.7426
val -- ppl: 1.0146,  recon_loss: 11.9612, vq_loss: 3.5017, acc: 0.6580 
Epoch 130, ppl: 1.0084,  recon_loss: 7.0854, vq_loss: 3.4713, acc: 0.7433
val -- ppl: 1.0147,  recon_loss: 12.0676, vq_loss: 3.4855, acc: 0.6614 
Epoch 131, ppl: 1.0084,  recon_loss: 7.0898, vq_loss: 3.4691, acc: 0.7438
val -- ppl: 1.0149,  recon_loss: 12.2923, vq_loss: 3.4899, acc: 0.6557 
Epoch 132, ppl: 1.0083,  recon_loss: 7.0660, vq_loss: 3.4699, acc: 0.7435
val -- ppl: 1.0147,  recon_loss: 12.1196, vq_loss: 3.4900, acc: 0.6603 
Epoch 133, ppl: 1.0084,  recon_loss: 7.0691, vq_loss: 3.4712, acc: 0.7435
val -- ppl: 1.0147,  recon_loss: 12.0287, vq_loss: 3.4854, acc: 0.6567 
Epoch 134, ppl: 1.0083,  recon_loss: 7.0537, vq_loss: 3.4808, acc: 0.7439
val -- ppl: 1.0146,  recon_loss: 11.9204, vq_loss: 3.5039, acc: 0.6597 
Epoch 135, ppl: 1.0083,  recon_loss: 7.0170, vq_loss: 3.4838, acc: 0.7445
val -- ppl: 1.0147,  recon_loss: 12.0635, vq_loss: 3.5073, acc: 0.6637 
Epoch 136, ppl: 1.0083,  recon_loss: 7.0327, vq_loss: 3.4778, acc: 0.7443
val -- ppl: 1.0148,  recon_loss: 12.1512, vq_loss: 3.4898, acc: 0.6613 
Epoch 137, ppl: 1.0084,  recon_loss: 7.0874, vq_loss: 3.4662, acc: 0.7431
val -- ppl: 1.0149,  recon_loss: 12.2449, vq_loss: 3.4850, acc: 0.6598 
Epoch 138, ppl: 1.0084,  recon_loss: 7.1515, vq_loss: 3.4671, acc: 0.7421
val -- ppl: 1.0147,  recon_loss: 12.1159, vq_loss: 3.4901, acc: 0.6645 
Epoch 139, ppl: 1.0084,  recon_loss: 7.1099, vq_loss: 3.4799, acc: 0.7422
val -- ppl: 1.0149,  recon_loss: 12.2427, vq_loss: 3.4974, acc: 0.6609 
Epoch 140, ppl: 1.0084,  recon_loss: 7.1342, vq_loss: 3.4841, acc: 0.7415
val -- ppl: 1.0149,  recon_loss: 12.2757, vq_loss: 3.4999, acc: 0.6602 
Epoch 141, ppl: 1.0084,  recon_loss: 7.1335, vq_loss: 3.4841, acc: 0.7413
val -- ppl: 1.0147,  recon_loss: 12.1067, vq_loss: 3.4874, acc: 0.6597 
Epoch 142, ppl: 1.0084,  recon_loss: 7.1020, vq_loss: 3.4909, acc: 0.7417
val -- ppl: 1.0149,  recon_loss: 12.2312, vq_loss: 3.5227, acc: 0.6575 
Epoch 143, ppl: 1.0084,  recon_loss: 7.1186, vq_loss: 3.4906, acc: 0.7410
val -- ppl: 1.0149,  recon_loss: 12.2622, vq_loss: 3.5115, acc: 0.6590 
Epoch 144, ppl: 1.0084,  recon_loss: 7.0986, vq_loss: 3.4885, acc: 0.7425
val -- ppl: 1.0147,  recon_loss: 12.0466, vq_loss: 3.5072, acc: 0.6577 
Epoch 145, ppl: 1.0084,  recon_loss: 7.0999, vq_loss: 3.4876, acc: 0.7429
val -- ppl: 1.0147,  recon_loss: 12.0853, vq_loss: 3.5088, acc: 0.6602 
Epoch 146, ppl: 1.0084,  recon_loss: 7.1159, vq_loss: 3.4880, acc: 0.7422
val -- ppl: 1.0147,  recon_loss: 12.0653, vq_loss: 3.5099, acc: 0.6595 
Epoch 147, ppl: 1.0084,  recon_loss: 7.0790, vq_loss: 3.4896, acc: 0.7441
val -- ppl: 1.0147,  recon_loss: 11.9986, vq_loss: 3.5153, acc: 0.6591 
Epoch 148, ppl: 1.0084,  recon_loss: 7.0495, vq_loss: 3.4958, acc: 0.7435
val -- ppl: 1.0147,  recon_loss: 12.0461, vq_loss: 3.5157, acc: 0.6617 
Epoch 149, ppl: 1.0084,  recon_loss: 7.0487, vq_loss: 3.4921, acc: 0.7434
val -- ppl: 1.0148,  recon_loss: 12.1824, vq_loss: 3.5163, acc: 0.6596 
Epoch 150, ppl: 1.0083,  recon_loss: 7.0161, vq_loss: 3.4940, acc: 0.7458
val -- ppl: 1.0147,  recon_loss: 12.1021, vq_loss: 3.5076, acc: 0.6638 
Epoch 151, ppl: 1.0083,  recon_loss: 6.9848, vq_loss: 3.4890, acc: 0.7460
val -- ppl: 1.0148,  recon_loss: 12.1543, vq_loss: 3.5065, acc: 0.6610 
Epoch 152, ppl: 1.0083,  recon_loss: 6.9925, vq_loss: 3.4902, acc: 0.7473
val -- ppl: 1.0148,  recon_loss: 12.1978, vq_loss: 3.5059, acc: 0.6638 
Epoch 153, ppl: 1.0083,  recon_loss: 7.0282, vq_loss: 3.4934, acc: 0.7461
val -- ppl: 1.0149,  recon_loss: 12.2697, vq_loss: 3.5131, acc: 0.6620 
Epoch 154, ppl: 1.0084,  recon_loss: 7.0499, vq_loss: 3.4930, acc: 0.7455
val -- ppl: 1.0148,  recon_loss: 12.1977, vq_loss: 3.5154, acc: 0.6613 
Epoch 155, ppl: 1.0083,  recon_loss: 7.0338, vq_loss: 3.5059, acc: 0.7457
val -- ppl: 1.0150,  recon_loss: 12.3639, vq_loss: 3.5170, acc: 0.6594 
Epoch 156, ppl: 1.0083,  recon_loss: 7.0211, vq_loss: 3.5045, acc: 0.7456
val -- ppl: 1.0148,  recon_loss: 12.1057, vq_loss: 3.5140, acc: 0.6605 
Epoch 157, ppl: 1.0083,  recon_loss: 6.9583, vq_loss: 3.4995, acc: 0.7477
val -- ppl: 1.0147,  recon_loss: 12.0923, vq_loss: 3.5195, acc: 0.6617 
Epoch 158, ppl: 1.0083,  recon_loss: 6.9467, vq_loss: 3.5007, acc: 0.7477
val -- ppl: 1.0148,  recon_loss: 12.1812, vq_loss: 3.5212, acc: 0.6615 
Epoch 159, ppl: 1.0083,  recon_loss: 6.9556, vq_loss: 3.4989, acc: 0.7478
val -- ppl: 1.0149,  recon_loss: 12.2574, vq_loss: 3.5155, acc: 0.6600 
Epoch 160, ppl: 1.0083,  recon_loss: 6.9680, vq_loss: 3.4965, acc: 0.7473
val -- ppl: 1.0150,  recon_loss: 12.3237, vq_loss: 3.5258, acc: 0.6590 
Epoch 161, ppl: 1.0083,  recon_loss: 6.9779, vq_loss: 3.4984, acc: 0.7462
val -- ppl: 1.0147,  recon_loss: 12.0771, vq_loss: 3.5226, acc: 0.6621 
Epoch 162, ppl: 1.0083,  recon_loss: 6.9504, vq_loss: 3.5067, acc: 0.7472
val -- ppl: 1.0147,  recon_loss: 12.0750, vq_loss: 3.5323, acc: 0.6619 
Epoch 163, ppl: 1.0083,  recon_loss: 6.9651, vq_loss: 3.5193, acc: 0.7465
val -- ppl: 1.0149,  recon_loss: 12.2068, vq_loss: 3.5321, acc: 0.6609 
Epoch 164, ppl: 1.0083,  recon_loss: 6.9196, vq_loss: 3.5176, acc: 0.7470
val -- ppl: 1.0149,  recon_loss: 12.1982, vq_loss: 3.5310, acc: 0.6621 
Epoch 165, ppl: 1.0083,  recon_loss: 6.9285, vq_loss: 3.5212, acc: 0.7479
val -- ppl: 1.0149,  recon_loss: 12.2421, vq_loss: 3.5352, acc: 0.6617 
Epoch 166, ppl: 1.0083,  recon_loss: 6.9543, vq_loss: 3.5242, acc: 0.7467
val -- ppl: 1.0149,  recon_loss: 12.2709, vq_loss: 3.5368, acc: 0.6609 
Epoch 167, ppl: 1.0083,  recon_loss: 6.9287, vq_loss: 3.5194, acc: 0.7475
val -- ppl: 1.0147,  recon_loss: 12.0233, vq_loss: 3.5347, acc: 0.6622 
Epoch 168, ppl: 1.0082,  recon_loss: 6.8928, vq_loss: 3.5172, acc: 0.7496
val -- ppl: 1.0149,  recon_loss: 12.2533, vq_loss: 3.5326, acc: 0.6628 
Epoch 169, ppl: 1.0082,  recon_loss: 6.8750, vq_loss: 3.5162, acc: 0.7498
val -- ppl: 1.0148,  recon_loss: 12.1460, vq_loss: 3.5389, acc: 0.6678 
Epoch 170, ppl: 1.0083,  recon_loss: 6.9023, vq_loss: 3.5152, acc: 0.7483
val -- ppl: 1.0148,  recon_loss: 12.0901, vq_loss: 3.5304, acc: 0.6619 
Epoch 171, ppl: 1.0083,  recon_loss: 6.9234, vq_loss: 3.5106, acc: 0.7471
val -- ppl: 1.0149,  recon_loss: 12.2507, vq_loss: 3.5196, acc: 0.6609 
Epoch 172, ppl: 1.0083,  recon_loss: 6.9090, vq_loss: 3.5071, acc: 0.7488
val -- ppl: 1.0148,  recon_loss: 12.1982, vq_loss: 3.5207, acc: 0.6619 
Epoch 173, ppl: 1.0082,  recon_loss: 6.8904, vq_loss: 3.5126, acc: 0.7492
val -- ppl: 1.0147,  recon_loss: 12.0812, vq_loss: 3.5293, acc: 0.6622 
Epoch 174, ppl: 1.0082,  recon_loss: 6.8541, vq_loss: 3.5108, acc: 0.7499
val -- ppl: 1.0150,  recon_loss: 12.3061, vq_loss: 3.5306, acc: 0.6601 
Epoch 175, ppl: 1.0082,  recon_loss: 6.8561, vq_loss: 3.5103, acc: 0.7494
val -- ppl: 1.0148,  recon_loss: 12.1678, vq_loss: 3.5345, acc: 0.6643 
Epoch 176, ppl: 1.0082,  recon_loss: 6.8899, vq_loss: 3.5163, acc: 0.7480
val -- ppl: 1.0148,  recon_loss: 12.0971, vq_loss: 3.5270, acc: 0.6614 
Epoch 177, ppl: 1.0083,  recon_loss: 6.9035, vq_loss: 3.5154, acc: 0.7482
val -- ppl: 1.0149,  recon_loss: 12.2537, vq_loss: 3.5309, acc: 0.6606 
Epoch 178, ppl: 1.0083,  recon_loss: 6.9488, vq_loss: 3.5199, acc: 0.7467
val -- ppl: 1.0148,  recon_loss: 12.1865, vq_loss: 3.5282, acc: 0.6616 
Epoch 179, ppl: 1.0083,  recon_loss: 6.9238, vq_loss: 3.5177, acc: 0.7479
val -- ppl: 1.0148,  recon_loss: 12.1802, vq_loss: 3.5252, acc: 0.6614 
Epoch 180, ppl: 1.0082,  recon_loss: 6.8656, vq_loss: 3.5217, acc: 0.7499
val -- ppl: 1.0151,  recon_loss: 12.4570, vq_loss: 3.5354, acc: 0.6589 
Epoch 181, ppl: 1.0082,  recon_loss: 6.8411, vq_loss: 3.5238, acc: 0.7502
val -- ppl: 1.0149,  recon_loss: 12.2545, vq_loss: 3.5453, acc: 0.6615 
Epoch 182, ppl: 1.0082,  recon_loss: 6.8689, vq_loss: 3.5281, acc: 0.7490
val -- ppl: 1.0153,  recon_loss: 12.6073, vq_loss: 3.5382, acc: 0.6567 
Epoch 183, ppl: 1.0082,  recon_loss: 6.8734, vq_loss: 3.5305, acc: 0.7493
val -- ppl: 1.0151,  recon_loss: 12.4061, vq_loss: 3.5485, acc: 0.6586 
Epoch 184, ppl: 1.0082,  recon_loss: 6.8829, vq_loss: 3.5301, acc: 0.7488
val -- ppl: 1.0149,  recon_loss: 12.2363, vq_loss: 3.5510, acc: 0.6596 
Epoch 185, ppl: 1.0083,  recon_loss: 6.9214, vq_loss: 3.5284, acc: 0.7479
val -- ppl: 1.0150,  recon_loss: 12.3391, vq_loss: 3.5496, acc: 0.6614 
Epoch 186, ppl: 1.0083,  recon_loss: 6.9421, vq_loss: 3.5293, acc: 0.7478
val -- ppl: 1.0150,  recon_loss: 12.3613, vq_loss: 3.5459, acc: 0.6615 
Epoch 187, ppl: 1.0083,  recon_loss: 6.9171, vq_loss: 3.5311, acc: 0.7486
val -- ppl: 1.0151,  recon_loss: 12.3870, vq_loss: 3.5661, acc: 0.6622 
Epoch 188, ppl: 1.0083,  recon_loss: 6.8830, vq_loss: 3.5376, acc: 0.7490
val -- ppl: 1.0152,  recon_loss: 12.5034, vq_loss: 3.5546, acc: 0.6607 
Epoch 189, ppl: 1.0083,  recon_loss: 6.8837, vq_loss: 3.5395, acc: 0.7492
val -- ppl: 1.0151,  recon_loss: 12.4259, vq_loss: 3.5617, acc: 0.6604 
Epoch 190, ppl: 1.0083,  recon_loss: 6.9264, vq_loss: 3.5363, acc: 0.7490
val -- ppl: 1.0151,  recon_loss: 12.4202, vq_loss: 3.5505, acc: 0.6602 
Epoch 191, ppl: 1.0083,  recon_loss: 6.8995, vq_loss: 3.5328, acc: 0.7485
val -- ppl: 1.0151,  recon_loss: 12.3896, vq_loss: 3.5500, acc: 0.6633 
Epoch 192, ppl: 1.0082,  recon_loss: 6.8743, vq_loss: 3.5306, acc: 0.7490
val -- ppl: 1.0151,  recon_loss: 12.4298, vq_loss: 3.5451, acc: 0.6610 
Epoch 193, ppl: 1.0082,  recon_loss: 6.8513, vq_loss: 3.5316, acc: 0.7505
val -- ppl: 1.0150,  recon_loss: 12.3748, vq_loss: 3.5538, acc: 0.6645 
Epoch 194, ppl: 1.0082,  recon_loss: 6.8650, vq_loss: 3.5377, acc: 0.7503
val -- ppl: 1.0153,  recon_loss: 12.6176, vq_loss: 3.5557, acc: 0.6578 
Epoch 195, ppl: 1.0083,  recon_loss: 6.8750, vq_loss: 3.5467, acc: 0.7494
val -- ppl: 1.0151,  recon_loss: 12.4141, vq_loss: 3.5672, acc: 0.6620 
Epoch 196, ppl: 1.0083,  recon_loss: 6.8855, vq_loss: 3.5488, acc: 0.7486
val -- ppl: 1.0151,  recon_loss: 12.3890, vq_loss: 3.5634, acc: 0.6590 
Epoch 197, ppl: 1.0083,  recon_loss: 6.8826, vq_loss: 3.5473, acc: 0.7480
val -- ppl: 1.0150,  recon_loss: 12.3254, vq_loss: 3.5753, acc: 0.6617 
Epoch 198, ppl: 1.0082,  recon_loss: 6.8710, vq_loss: 3.5380, acc: 0.7495
val -- ppl: 1.0150,  recon_loss: 12.3769, vq_loss: 3.5494, acc: 0.6609 
Epoch 199, ppl: 1.0082,  recon_loss: 6.8263, vq_loss: 3.5324, acc: 0.7508
val -- ppl: 1.0150,  recon_loss: 12.3539, vq_loss: 3.5504, acc: 0.6610 
Epoch 200, ppl: 1.0082,  recon_loss: 6.7823, vq_loss: 3.5276, acc: 0.7527
val -- ppl: 1.0150,  recon_loss: 12.3830, vq_loss: 3.5265, acc: 0.6610 
Epoch 201, ppl: 1.0082,  recon_loss: 6.7707, vq_loss: 3.5265, acc: 0.7524
val -- ppl: 1.0149,  recon_loss: 12.2852, vq_loss: 3.5398, acc: 0.6644 
Epoch 202, ppl: 1.0082,  recon_loss: 6.7708, vq_loss: 3.5343, acc: 0.7526
val -- ppl: 1.0150,  recon_loss: 12.3656, vq_loss: 3.5661, acc: 0.6603 
Epoch 203, ppl: 1.0082,  recon_loss: 6.7964, vq_loss: 3.5458, acc: 0.7514
val -- ppl: 1.0149,  recon_loss: 12.1924, vq_loss: 3.5713, acc: 0.6590 
Epoch 204, ppl: 1.0082,  recon_loss: 6.8269, vq_loss: 3.5581, acc: 0.7511
val -- ppl: 1.0150,  recon_loss: 12.2639, vq_loss: 3.5816, acc: 0.6601 
Epoch 205, ppl: 1.0082,  recon_loss: 6.7963, vq_loss: 3.5624, acc: 0.7525
val -- ppl: 1.0150,  recon_loss: 12.3198, vq_loss: 3.5741, acc: 0.6629 
Epoch 206, ppl: 1.0082,  recon_loss: 6.7763, vq_loss: 3.5551, acc: 0.7528
val -- ppl: 1.0149,  recon_loss: 12.2310, vq_loss: 3.5758, acc: 0.6633 
Epoch 207, ppl: 1.0082,  recon_loss: 6.7754, vq_loss: 3.5483, acc: 0.7528
val -- ppl: 1.0152,  recon_loss: 12.5708, vq_loss: 3.5648, acc: 0.6633 
Epoch 208, ppl: 1.0082,  recon_loss: 6.7977, vq_loss: 3.5401, acc: 0.7522
val -- ppl: 1.0150,  recon_loss: 12.3644, vq_loss: 3.5612, acc: 0.6639 
Epoch 209, ppl: 1.0082,  recon_loss: 6.7816, vq_loss: 3.5438, acc: 0.7529
val -- ppl: 1.0151,  recon_loss: 12.4706, vq_loss: 3.5640, acc: 0.6619 
Epoch 210, ppl: 1.0082,  recon_loss: 6.7756, vq_loss: 3.5504, acc: 0.7523
val -- ppl: 1.0150,  recon_loss: 12.3404, vq_loss: 3.5612, acc: 0.6645 
Epoch 211, ppl: 1.0082,  recon_loss: 6.7648, vq_loss: 3.5505, acc: 0.7530
val -- ppl: 1.0150,  recon_loss: 12.3297, vq_loss: 3.5548, acc: 0.6632 
Epoch 212, ppl: 1.0082,  recon_loss: 6.7848, vq_loss: 3.5425, acc: 0.7519
val -- ppl: 1.0151,  recon_loss: 12.3756, vq_loss: 3.5677, acc: 0.6618 
Epoch 213, ppl: 1.0082,  recon_loss: 6.8023, vq_loss: 3.5386, acc: 0.7513
val -- ppl: 1.0150,  recon_loss: 12.3202, vq_loss: 3.5451, acc: 0.6625 
Epoch 214, ppl: 1.0082,  recon_loss: 6.7809, vq_loss: 3.5314, acc: 0.7525
val -- ppl: 1.0151,  recon_loss: 12.4656, vq_loss: 3.5445, acc: 0.6595 
Epoch 215, ppl: 1.0082,  recon_loss: 6.7660, vq_loss: 3.5310, acc: 0.7520
val -- ppl: 1.0151,  recon_loss: 12.3964, vq_loss: 3.5397, acc: 0.6597 
Epoch 216, ppl: 1.0082,  recon_loss: 6.7896, vq_loss: 3.5386, acc: 0.7519
val -- ppl: 1.0151,  recon_loss: 12.4710, vq_loss: 3.5538, acc: 0.6634 
Epoch 217, ppl: 1.0082,  recon_loss: 6.7839, vq_loss: 3.5428, acc: 0.7515
val -- ppl: 1.0151,  recon_loss: 12.4437, vq_loss: 3.5630, acc: 0.6629 
Epoch 218, ppl: 1.0082,  recon_loss: 6.7415, vq_loss: 3.5511, acc: 0.7527
val -- ppl: 1.0153,  recon_loss: 12.5890, vq_loss: 3.5692, acc: 0.6559 
Epoch 219, ppl: 1.0082,  recon_loss: 6.7932, vq_loss: 3.5605, acc: 0.7506
val -- ppl: 1.0153,  recon_loss: 12.6148, vq_loss: 3.5793, acc: 0.6603 
Epoch 220, ppl: 1.0082,  recon_loss: 6.7832, vq_loss: 3.5583, acc: 0.7513
val -- ppl: 1.0153,  recon_loss: 12.6517, vq_loss: 3.5772, acc: 0.6589 
Epoch 221, ppl: 1.0082,  recon_loss: 6.8163, vq_loss: 3.5552, acc: 0.7512
val -- ppl: 1.0151,  recon_loss: 12.4685, vq_loss: 3.5656, acc: 0.6608 
Epoch 222, ppl: 1.0082,  recon_loss: 6.7930, vq_loss: 3.5524, acc: 0.7524
val -- ppl: 1.0152,  recon_loss: 12.5613, vq_loss: 3.5604, acc: 0.6587 
Epoch 223, ppl: 1.0082,  recon_loss: 6.7776, vq_loss: 3.5534, acc: 0.7515
val -- ppl: 1.0152,  recon_loss: 12.5590, vq_loss: 3.5625, acc: 0.6618 
Epoch 224, ppl: 1.0081,  recon_loss: 6.7193, vq_loss: 3.5469, acc: 0.7538
val -- ppl: 1.0151,  recon_loss: 12.4043, vq_loss: 3.5515, acc: 0.6592 
Epoch 225, ppl: 1.0081,  recon_loss: 6.7415, vq_loss: 3.5431, acc: 0.7528
val -- ppl: 1.0153,  recon_loss: 12.6549, vq_loss: 3.5486, acc: 0.6611 
Epoch 226, ppl: 1.0082,  recon_loss: 6.7498, vq_loss: 3.5390, acc: 0.7530
val -- ppl: 1.0152,  recon_loss: 12.5212, vq_loss: 3.5438, acc: 0.6621 
Epoch 227, ppl: 1.0081,  recon_loss: 6.7402, vq_loss: 3.5396, acc: 0.7537
val -- ppl: 1.0152,  recon_loss: 12.5125, vq_loss: 3.5458, acc: 0.6607 
Epoch 228, ppl: 1.0082,  recon_loss: 6.7652, vq_loss: 3.5413, acc: 0.7530
val -- ppl: 1.0152,  recon_loss: 12.5511, vq_loss: 3.5544, acc: 0.6606 
Epoch 229, ppl: 1.0082,  recon_loss: 6.7402, vq_loss: 3.5507, acc: 0.7537
val -- ppl: 1.0151,  recon_loss: 12.4079, vq_loss: 3.5677, acc: 0.6620 
Epoch 230, ppl: 1.0081,  recon_loss: 6.7275, vq_loss: 3.5590, acc: 0.7533
val -- ppl: 1.0154,  recon_loss: 12.7252, vq_loss: 3.5915, acc: 0.6597 
Epoch 231, ppl: 1.0082,  recon_loss: 6.7501, vq_loss: 3.5628, acc: 0.7525
val -- ppl: 1.0153,  recon_loss: 12.6462, vq_loss: 3.5826, acc: 0.6629 
Epoch 232, ppl: 1.0082,  recon_loss: 6.7373, vq_loss: 3.5684, acc: 0.7522
val -- ppl: 1.0152,  recon_loss: 12.4900, vq_loss: 3.5811, acc: 0.6592 
Epoch 233, ppl: 1.0082,  recon_loss: 6.7356, vq_loss: 3.5786, acc: 0.7527
val -- ppl: 1.0153,  recon_loss: 12.5608, vq_loss: 3.5867, acc: 0.6600 
Epoch 234, ppl: 1.0081,  recon_loss: 6.7056, vq_loss: 3.5804, acc: 0.7532
val -- ppl: 1.0154,  recon_loss: 12.6981, vq_loss: 3.5858, acc: 0.6596 
Epoch 235, ppl: 1.0081,  recon_loss: 6.6590, vq_loss: 3.5822, acc: 0.7559
val -- ppl: 1.0152,  recon_loss: 12.5365, vq_loss: 3.5935, acc: 0.6608 
Epoch 236, ppl: 1.0081,  recon_loss: 6.6654, vq_loss: 3.5808, acc: 0.7554
val -- ppl: 1.0153,  recon_loss: 12.5907, vq_loss: 3.5969, acc: 0.6600 
Epoch 237, ppl: 1.0081,  recon_loss: 6.6871, vq_loss: 3.5804, acc: 0.7561
val -- ppl: 1.0153,  recon_loss: 12.5767, vq_loss: 3.5841, acc: 0.6634 
Epoch 238, ppl: 1.0082,  recon_loss: 6.7391, vq_loss: 3.5781, acc: 0.7541
val -- ppl: 1.0154,  recon_loss: 12.6741, vq_loss: 3.5899, acc: 0.6587 
Epoch 239, ppl: 1.0082,  recon_loss: 6.7962, vq_loss: 3.5744, acc: 0.7516
val -- ppl: 1.0153,  recon_loss: 12.6247, vq_loss: 3.5821, acc: 0.6559 
Epoch 240, ppl: 1.0082,  recon_loss: 6.7959, vq_loss: 3.5729, acc: 0.7506
val -- ppl: 1.0153,  recon_loss: 12.5989, vq_loss: 3.5812, acc: 0.6585 
Epoch 241, ppl: 1.0082,  recon_loss: 6.7535, vq_loss: 3.5722, acc: 0.7523
val -- ppl: 1.0151,  recon_loss: 12.3952, vq_loss: 3.5873, acc: 0.6627 
Epoch 242, ppl: 1.0081,  recon_loss: 6.7139, vq_loss: 3.5741, acc: 0.7532
val -- ppl: 1.0151,  recon_loss: 12.4242, vq_loss: 3.5830, acc: 0.6605 
Epoch 243, ppl: 1.0081,  recon_loss: 6.6879, vq_loss: 3.5739, acc: 0.7532
val -- ppl: 1.0152,  recon_loss: 12.4791, vq_loss: 3.5930, acc: 0.6587 
Epoch 244, ppl: 1.0082,  recon_loss: 6.7277, vq_loss: 3.5751, acc: 0.7517
val -- ppl: 1.0152,  recon_loss: 12.5413, vq_loss: 3.5798, acc: 0.6605 
Epoch 245, ppl: 1.0082,  recon_loss: 6.7779, vq_loss: 3.5670, acc: 0.7509
val -- ppl: 1.0153,  recon_loss: 12.5957, vq_loss: 3.5697, acc: 0.6616 
Epoch 246, ppl: 1.0082,  recon_loss: 6.7684, vq_loss: 3.5534, acc: 0.7515
val -- ppl: 1.0154,  recon_loss: 12.7291, vq_loss: 3.5591, acc: 0.6606 
Epoch 247, ppl: 1.0082,  recon_loss: 6.7593, vq_loss: 3.5536, acc: 0.7522
val -- ppl: 1.0152,  recon_loss: 12.5247, vq_loss: 3.5708, acc: 0.6583 
Epoch 248, ppl: 1.0081,  recon_loss: 6.7260, vq_loss: 3.5616, acc: 0.7516
val -- ppl: 1.0151,  recon_loss: 12.4333, vq_loss: 3.5760, acc: 0.6626 
Epoch 249, ppl: 1.0081,  recon_loss: 6.6777, vq_loss: 3.5570, acc: 0.7540
val -- ppl: 1.0152,  recon_loss: 12.5390, vq_loss: 3.5820, acc: 0.6624 
Epoch 250, ppl: 1.0081,  recon_loss: 6.6148, vq_loss: 3.5684, acc: 0.7565
val -- ppl: 1.0153,  recon_loss: 12.6590, vq_loss: 3.5862, acc: 0.6612 
Epoch 251, ppl: 1.0080,  recon_loss: 6.5926, vq_loss: 3.5697, acc: 0.7576
val -- ppl: 1.0152,  recon_loss: 12.5371, vq_loss: 3.5844, acc: 0.6633 
Epoch 252, ppl: 1.0081,  recon_loss: 6.5953, vq_loss: 3.5698, acc: 0.7582
val -- ppl: 1.0152,  recon_loss: 12.4568, vq_loss: 3.5831, acc: 0.6636 
Epoch 253, ppl: 1.0081,  recon_loss: 6.6230, vq_loss: 3.5713, acc: 0.7581
val -- ppl: 1.0153,  recon_loss: 12.6331, vq_loss: 3.5797, acc: 0.6641 
Epoch 254, ppl: 1.0081,  recon_loss: 6.6687, vq_loss: 3.5730, acc: 0.7561
val -- ppl: 1.0152,  recon_loss: 12.5561, vq_loss: 3.5787, acc: 0.6610 
Epoch 255, ppl: 1.0081,  recon_loss: 6.7128, vq_loss: 3.5731, acc: 0.7538
val -- ppl: 1.0152,  recon_loss: 12.5268, vq_loss: 3.5808, acc: 0.6610 
Epoch 256, ppl: 1.0081,  recon_loss: 6.6920, vq_loss: 3.5657, acc: 0.7562
val -- ppl: 1.0154,  recon_loss: 12.7392, vq_loss: 3.5631, acc: 0.6549 
Epoch 257, ppl: 1.0081,  recon_loss: 6.7246, vq_loss: 3.5581, acc: 0.7535
val -- ppl: 1.0152,  recon_loss: 12.5186, vq_loss: 3.5713, acc: 0.6611 
Epoch 258, ppl: 1.0081,  recon_loss: 6.6928, vq_loss: 3.5644, acc: 0.7539
val -- ppl: 1.0152,  recon_loss: 12.5019, vq_loss: 3.5799, acc: 0.6608 
Epoch 259, ppl: 1.0082,  recon_loss: 6.7192, vq_loss: 3.5744, acc: 0.7530
val -- ppl: 1.0155,  recon_loss: 12.7853, vq_loss: 3.5924, acc: 0.6555 
Epoch 260, ppl: 1.0082,  recon_loss: 6.7223, vq_loss: 3.5783, acc: 0.7529
val -- ppl: 1.0153,  recon_loss: 12.6524, vq_loss: 3.5847, acc: 0.6596 
Epoch 261, ppl: 1.0082,  recon_loss: 6.7432, vq_loss: 3.5807, acc: 0.7523
val -- ppl: 1.0154,  recon_loss: 12.7252, vq_loss: 3.5893, acc: 0.6597 
Epoch 262, ppl: 1.0082,  recon_loss: 6.7377, vq_loss: 3.5806, acc: 0.7527
val -- ppl: 1.0152,  recon_loss: 12.5108, vq_loss: 3.5809, acc: 0.6586 
Epoch 263, ppl: 1.0081,  recon_loss: 6.6925, vq_loss: 3.5750, acc: 0.7547
val -- ppl: 1.0153,  recon_loss: 12.5569, vq_loss: 3.5902, acc: 0.6622 
Epoch 264, ppl: 1.0081,  recon_loss: 6.6569, vq_loss: 3.5818, acc: 0.7564
val -- ppl: 1.0154,  recon_loss: 12.6664, vq_loss: 3.5881, acc: 0.6614 
Epoch 265, ppl: 1.0081,  recon_loss: 6.6654, vq_loss: 3.5887, acc: 0.7551
val -- ppl: 1.0152,  recon_loss: 12.4709, vq_loss: 3.5977, acc: 0.6626 
Epoch 266, ppl: 1.0081,  recon_loss: 6.6449, vq_loss: 3.5932, acc: 0.7552
val -- ppl: 1.0152,  recon_loss: 12.5193, vq_loss: 3.6076, acc: 0.6612 
Epoch 267, ppl: 1.0081,  recon_loss: 6.6674, vq_loss: 3.5962, acc: 0.7544
val -- ppl: 1.0154,  recon_loss: 12.7012, vq_loss: 3.6054, acc: 0.6604 
Epoch 268, ppl: 1.0081,  recon_loss: 6.6760, vq_loss: 3.5990, acc: 0.7543
val -- ppl: 1.0154,  recon_loss: 12.7248, vq_loss: 3.5998, acc: 0.6577 
Epoch 269, ppl: 1.0082,  recon_loss: 6.7211, vq_loss: 3.5920, acc: 0.7526
val -- ppl: 1.0151,  recon_loss: 12.3599, vq_loss: 3.6013, acc: 0.6616 
Epoch 270, ppl: 1.0082,  recon_loss: 6.7379, vq_loss: 3.5794, acc: 0.7532
val -- ppl: 1.0153,  recon_loss: 12.5866, vq_loss: 3.5814, acc: 0.6643 
Epoch 271, ppl: 1.0082,  recon_loss: 6.7235, vq_loss: 3.5675, acc: 0.7541
val -- ppl: 1.0153,  recon_loss: 12.5926, vq_loss: 3.5606, acc: 0.6614 
Epoch 272, ppl: 1.0081,  recon_loss: 6.6803, vq_loss: 3.5634, acc: 0.7556
val -- ppl: 1.0151,  recon_loss: 12.4147, vq_loss: 3.5652, acc: 0.6630 
Epoch 273, ppl: 1.0081,  recon_loss: 6.6525, vq_loss: 3.5581, acc: 0.7567
val -- ppl: 1.0150,  recon_loss: 12.3211, vq_loss: 3.5591, acc: 0.6644 
Epoch 274, ppl: 1.0081,  recon_loss: 6.6104, vq_loss: 3.5561, acc: 0.7582
val -- ppl: 1.0153,  recon_loss: 12.6140, vq_loss: 3.5621, acc: 0.6671 
Epoch 275, ppl: 1.0081,  recon_loss: 6.6053, vq_loss: 3.5656, acc: 0.7571
val -- ppl: 1.0153,  recon_loss: 12.5930, vq_loss: 3.5886, acc: 0.6652 
Epoch 276, ppl: 1.0081,  recon_loss: 6.5963, vq_loss: 3.5772, acc: 0.7582
val -- ppl: 1.0155,  recon_loss: 12.7930, vq_loss: 3.5880, acc: 0.6636 
Epoch 277, ppl: 1.0081,  recon_loss: 6.6444, vq_loss: 3.5827, acc: 0.7558
val -- ppl: 1.0153,  recon_loss: 12.5838, vq_loss: 3.6015, acc: 0.6659 
Epoch 278, ppl: 1.0081,  recon_loss: 6.6630, vq_loss: 3.5891, acc: 0.7543
val -- ppl: 1.0154,  recon_loss: 12.6664, vq_loss: 3.6134, acc: 0.6594 
Epoch 279, ppl: 1.0081,  recon_loss: 6.6731, vq_loss: 3.5940, acc: 0.7551
val -- ppl: 1.0154,  recon_loss: 12.6667, vq_loss: 3.6112, acc: 0.6586 
Epoch 280, ppl: 1.0081,  recon_loss: 6.6658, vq_loss: 3.5938, acc: 0.7552
val -- ppl: 1.0155,  recon_loss: 12.8213, vq_loss: 3.6137, acc: 0.6602 
Epoch 281, ppl: 1.0081,  recon_loss: 6.6313, vq_loss: 3.5963, acc: 0.7560
val -- ppl: 1.0153,  recon_loss: 12.6049, vq_loss: 3.6103, acc: 0.6613 
Epoch 282, ppl: 1.0081,  recon_loss: 6.6452, vq_loss: 3.5954, acc: 0.7555
val -- ppl: 1.0152,  recon_loss: 12.5291, vq_loss: 3.6052, acc: 0.6597 
Epoch 283, ppl: 1.0081,  recon_loss: 6.6443, vq_loss: 3.6006, acc: 0.7558
val -- ppl: 1.0155,  recon_loss: 12.7667, vq_loss: 3.6108, acc: 0.6583 
Epoch 284, ppl: 1.0081,  recon_loss: 6.6700, vq_loss: 3.5984, acc: 0.7545
val -- ppl: 1.0156,  recon_loss: 12.9210, vq_loss: 3.6067, acc: 0.6576 
Epoch 285, ppl: 1.0081,  recon_loss: 6.6415, vq_loss: 3.5967, acc: 0.7558
val -- ppl: 1.0152,  recon_loss: 12.5289, vq_loss: 3.6086, acc: 0.6630 
Epoch 286, ppl: 1.0081,  recon_loss: 6.6788, vq_loss: 3.5968, acc: 0.7548
val -- ppl: 1.0154,  recon_loss: 12.6686, vq_loss: 3.5998, acc: 0.6608 
Epoch 287, ppl: 1.0081,  recon_loss: 6.6907, vq_loss: 3.5927, acc: 0.7550
val -- ppl: 1.0152,  recon_loss: 12.5249, vq_loss: 3.5992, acc: 0.6611 
Epoch 288, ppl: 1.0081,  recon_loss: 6.6642, vq_loss: 3.5829, acc: 0.7571
val -- ppl: 1.0153,  recon_loss: 12.6471, vq_loss: 3.5746, acc: 0.6595 
Epoch 289, ppl: 1.0081,  recon_loss: 6.6341, vq_loss: 3.5698, acc: 0.7567
val -- ppl: 1.0153,  recon_loss: 12.5933, vq_loss: 3.5705, acc: 0.6566 
Epoch 290, ppl: 1.0081,  recon_loss: 6.6272, vq_loss: 3.5644, acc: 0.7566
val -- ppl: 1.0152,  recon_loss: 12.5229, vq_loss: 3.5747, acc: 0.6619 
Epoch 291, ppl: 1.0080,  recon_loss: 6.5962, vq_loss: 3.5648, acc: 0.7584
val -- ppl: 1.0154,  recon_loss: 12.6823, vq_loss: 3.5746, acc: 0.6625 
Epoch 292, ppl: 1.0081,  recon_loss: 6.6278, vq_loss: 3.5740, acc: 0.7563
val -- ppl: 1.0153,  recon_loss: 12.6493, vq_loss: 3.5914, acc: 0.6614 
Epoch 293, ppl: 1.0081,  recon_loss: 6.6284, vq_loss: 3.5851, acc: 0.7566
val -- ppl: 1.0153,  recon_loss: 12.5570, vq_loss: 3.5999, acc: 0.6572 
Epoch 294, ppl: 1.0081,  recon_loss: 6.6170, vq_loss: 3.5897, acc: 0.7570
val -- ppl: 1.0154,  recon_loss: 12.6684, vq_loss: 3.5988, acc: 0.6615 
Epoch 295, ppl: 1.0081,  recon_loss: 6.6131, vq_loss: 3.5907, acc: 0.7575
val -- ppl: 1.0154,  recon_loss: 12.7056, vq_loss: 3.5988, acc: 0.6623 
Epoch 296, ppl: 1.0081,  recon_loss: 6.5958, vq_loss: 3.5948, acc: 0.7569
val -- ppl: 1.0153,  recon_loss: 12.6127, vq_loss: 3.6060, acc: 0.6625 
Epoch 297, ppl: 1.0081,  recon_loss: 6.5943, vq_loss: 3.6023, acc: 0.7582
val -- ppl: 1.0154,  recon_loss: 12.6561, vq_loss: 3.6154, acc: 0.6605 
Epoch 298, ppl: 1.0081,  recon_loss: 6.6092, vq_loss: 3.6049, acc: 0.7573
val -- ppl: 1.0153,  recon_loss: 12.6170, vq_loss: 3.6089, acc: 0.6648 
Epoch 299, ppl: 1.0081,  recon_loss: 6.6416, vq_loss: 3.6041, acc: 0.7559
val -- ppl: 1.0153,  recon_loss: 12.6136, vq_loss: 3.6077, acc: 0.6606 