
number of params: 4514304 
Namespace(batchsize=128, beta=0.25, dec_dropout_in=0.2, dec_dropout_out=0.3, dec_nh=512, device='cuda', embedding_dim=512, enc_dropout_in=0.0, enc_dropout_out=0.0, enc_nh=512, epochs=200, fig_path='model/vqvae/results/training/3487_instances/200epochs.png', log_path='model/vqvae/results/training/3487_instances/200epochs.log', logger=<common.utils.Logger object at 0x7f196decee50>, lr=0.001, maxtrnsize=100000, maxtstsize=10000, maxvalsize=10000, mname='vqvae', model=VQVAE(
  (encoder): VQVAE_Encoder(
    (embed): Embedding(32, 256)
    (lstm): LSTM(256, 512, batch_first=True)
    (dropout_in): Dropout(p=0.0, inplace=False)
  )
  (linear_2): Linear(in_features=512, out_features=64, bias=True)
  (linear_3): Linear(in_features=512, out_features=64, bias=True)
  (linear_4): Linear(in_features=512, out_features=64, bias=True)
  (linear_5): Linear(in_features=512, out_features=64, bias=True)
  (linear_6): Linear(in_features=512, out_features=64, bias=True)
  (linear_7): Linear(in_features=512, out_features=64, bias=True)
  (linear_8): Linear(in_features=512, out_features=64, bias=True)
  (linear_9): Linear(in_features=512, out_features=64, bias=True)
  (vq_layer_2): VectorQuantizer(
    (embedding): Embedding(32, 64)
  )
  (vq_layer_3): VectorQuantizer(
    (embedding): Embedding(32, 64)
  )
  (vq_layer_4): VectorQuantizer(
    (embedding): Embedding(32, 64)
  )
  (vq_layer_5): VectorQuantizer(
    (embedding): Embedding(32, 64)
  )
  (vq_layer_6): VectorQuantizer(
    (embedding): Embedding(32, 64)
  )
  (vq_layer_7): VectorQuantizer(
    (embedding): Embedding(32, 64)
  )
  (vq_layer_8): VectorQuantizer(
    (embedding): Embedding(32, 64)
  )
  (vq_layer_9): VectorQuantizer(
    (embedding): Embedding(32, 64)
  )
  (decoder): VQVAE_Decoder(
    (embed): Embedding(32, 256, padding_idx=0)
    (dropout_in): Dropout(p=0.2, inplace=False)
    (dropout_out): Dropout(p=0.3, inplace=False)
    (lstm): LSTM(768, 512, batch_first=True)
    (pred_linear): Linear(in_features=512, out_features=32, bias=False)
    (loss): CrossEntropyLoss()
  )
), modelname='model/vqvae/results/training/3487_instances/', ni=256, num_embeddings=704, nz=512, opt='Adam', pretrained_model=VQVAE(
  (encoder): VQVAE_Encoder(
    (embed): Embedding(32, 256)
    (lstm): LSTM(256, 512, batch_first=True)
    (dropout_in): Dropout(p=0.0, inplace=False)
  )
  (linear_2): Linear(in_features=512, out_features=64, bias=True)
  (linear_3): Linear(in_features=512, out_features=64, bias=True)
  (linear_4): Linear(in_features=512, out_features=64, bias=True)
  (linear_5): Linear(in_features=512, out_features=64, bias=True)
  (linear_6): Linear(in_features=512, out_features=64, bias=True)
  (linear_7): Linear(in_features=512, out_features=64, bias=True)
  (linear_8): Linear(in_features=512, out_features=64, bias=True)
  (linear_9): Linear(in_features=512, out_features=64, bias=True)
  (vq_layer_2): VectorQuantizer(
    (embedding): None
  )
  (vq_layer_3): VectorQuantizer(
    (embedding): Embedding(32, 64)
  )
  (vq_layer_4): VectorQuantizer(
    (embedding): Embedding(32, 64)
  )
  (vq_layer_5): VectorQuantizer(
    (embedding): Embedding(32, 64)
  )
  (vq_layer_6): VectorQuantizer(
    (embedding): Embedding(32, 64)
  )
  (vq_layer_7): VectorQuantizer(
    (embedding): Embedding(32, 64)
  )
  (vq_layer_8): VectorQuantizer(
    (embedding): Embedding(32, 64)
  )
  (vq_layer_9): VectorQuantizer(
    (embedding): Embedding(32, 64)
  )
  (decoder): VQVAE_Decoder(
    (embed): Embedding(32, 256, padding_idx=0)
    (dropout_in): Dropout(p=0.2, inplace=False)
    (dropout_out): Dropout(p=0.3, inplace=False)
    (lstm): LSTM(768, 512, batch_first=True)
    (pred_linear): Linear(in_features=512, out_features=32, bias=False)
    (loss): CrossEntropyLoss()
  )
), save_path='model/vqvae/results/training/3487_instances/200epochs.pt', seq_to_no_pad='surface', surf_vocab=<common.vocab.VocabEntry object at 0x7f1964aceb90>, surface_vocab_file='model/vqvae/data/sosimple.new.trn.combined.txt', task='vqvae', trndata='model/vqvae/data/sosimple.new.trn.combined.txt', trnsize=3487, tstdata='model/vqvae/data/sosimple.new.seenroots.val.txt', tstsize=3487, valdata='model/vqvae/data/sosimple.new.seenroots.val.txt', valsize=209)

encoder.embed.weight, torch.Size([32, 256]): True
encoder.lstm.weight_ih_l0, torch.Size([2048, 256]): True
encoder.lstm.weight_hh_l0, torch.Size([2048, 512]): True
encoder.lstm.bias_ih_l0, torch.Size([2048]): True
encoder.lstm.bias_hh_l0, torch.Size([2048]): True
linear_2.weight, torch.Size([64, 512]): True
linear_2.bias, torch.Size([64]): True
linear_3.weight, torch.Size([64, 512]): True
linear_3.bias, torch.Size([64]): True
linear_4.weight, torch.Size([64, 512]): True
linear_4.bias, torch.Size([64]): True
linear_5.weight, torch.Size([64, 512]): True
linear_5.bias, torch.Size([64]): True
linear_6.weight, torch.Size([64, 512]): True
linear_6.bias, torch.Size([64]): True
linear_7.weight, torch.Size([64, 512]): True
linear_7.bias, torch.Size([64]): True
linear_8.weight, torch.Size([64, 512]): True
linear_8.bias, torch.Size([64]): True
linear_9.weight, torch.Size([64, 512]): True
linear_9.bias, torch.Size([64]): True
vq_layer_2.embedding.weight, torch.Size([32, 64]): True
vq_layer_3.embedding.weight, torch.Size([32, 64]): True
vq_layer_4.embedding.weight, torch.Size([32, 64]): True
vq_layer_5.embedding.weight, torch.Size([32, 64]): True
vq_layer_6.embedding.weight, torch.Size([32, 64]): True
vq_layer_7.embedding.weight, torch.Size([32, 64]): True
vq_layer_8.embedding.weight, torch.Size([32, 64]): True
vq_layer_9.embedding.weight, torch.Size([32, 64]): True
decoder.embed.weight, torch.Size([32, 256]): True
decoder.lstm.weight_ih_l0, torch.Size([2048, 768]): True
decoder.lstm.weight_hh_l0, torch.Size([2048, 512]): True
decoder.lstm.bias_ih_l0, torch.Size([2048]): True
decoder.lstm.bias_hh_l0, torch.Size([2048]): True
decoder.pred_linear.weight, torch.Size([32, 512]): True
epoch: 0,  avg_loss: 2.9257, avg_recon_loss: 2.4833, avg_vq_loss: 0.4423, acc: 0.3034, vq_inds: [18, 9, 13, 16, 12, 9, 18, 12] 
<s>esiyor</s>----->krtror</s>
<s>övüyor</s>----->greror</s>
<s>atlıyor</s>----->alıayor</s>
<s>ekliyor</s>----->krlayor</s>
<s>kaçıyor</s>----->karıror</s>
<s>yürüyor</s>----->bürüyor</s>
<s>yumuyor</s>----->karayor</s>
<s>uğruyor</s>----->allayor</s>
<s>çözüyor</s>----->böreyor</s>
<s>kınıyor</s>----->kallror</s>
<s>kayıyor</s>----->kararor</s>
<s>çöküyor</s>----->börlyor</s>
<s>sokuyor</s>----->karlror</s>
<s>özlüyor</s>----->bolayor</s>
<s>diliyor</s>----->aararor</s>
<s>sayıyor</s>----->kararor</s>
<s>takıyor</s>----->aarlror</s>
<s>bıkıyor</s>----->karlror</s>
<s>eğitiyor</s>----->altrıror</s>
<s>umuyoruz</s>----->alayor</s>z</s>
<s>kutluyor</s>----->kallaror</s>
<s>süslüyor</s>----->berteyor</s>
<s>açıyoruz</s>----->altror</s>z</s>
<s>ödüyorum</s>----->breyor</s>z</s>
<s>düşlüyor</s>----->berüeyor</s>
<s>aramıyor</s>----->allrıyor</s>
<s>çatmıyor</s>----->karııyor</s>
<s>yatmıyor</s>----->karııyor</s>
<s>iletiyor</s>----->alarıyor</s>
<s>arıyoruz</s>----->allyor</s>z</s>
<s>yansıyor</s>----->karıınor</s>
<s>alışıyor</s>----->alarıror</s>
<s>oluyoruz</s>----->klaror</s>z</s>
<s>yanmıyor</s>----->karıayor</s>
<s>çalıyorum</s>----->kararor</s>z</s>
<s>çalıyoruz</s>----->kararor</s>z</s>
<s>olmuyoruz</s>----->klaayor</s>z</s>
<s>coşuyoruz</s>----->karuror</s>z</s>
<s>amaçlıyor</s>----->alarıayor</s>
<s>değiniyor</s>----->keriyiror</s>
<s>çabalıyor</s>----->kararayor</s>
<s>kınıyoruz</s>----->kallror</s>z</s>
<s>yazıyoruz</s>----->karlyor</s>z</s>
<s>duyuyoruz</s>----->aaroror</s>z</s>
<s>almıyorum</s>----->alaayor</s>z</s>
<s>geziniyor</s>----->gerlylror</s>
<s>yöneliyor</s>----->barerayor</s>
<s>evleniyor</s>----->kraariyor</s>
<s>küçülüyor</s>----->borlraror</s>
<s>beğeniyor</s>----->geririror</s>
<s>yarışıyor</s>----->karlylror</s>
<s>yakınıyor</s>----->karlrlror</s>
<s>birikiyor</s>----->gerly</s>ror</s>
<s>yemiyorum</s>----->karayor</s>z</s>
<s>izliyoruz</s>----->krlaror</s>z</s>
<s>planlıyor</s>----->kaarıayor</s>
<s>kılıyorum</s>----->kalaror</s>z</s>
<s>demiyorum</s>----->kariyor</s>z</s>
<s>geçiyorum</s>----->geriror</s>z</s>
<s>anlıyoruz</s>----->altayor</s>z</s>
<s>gelişiyor</s>----->geriyiror</s>
<s>uçmuyorum</s>----->allayor</s>z</s>
<s>uyuşmuyor</s>----->alaruayor</s>
<s>unutmuyor</s>----->alaruayor</s>
<s>satıyoruz</s>----->karıror</s>z</s>
<s>konuyoruz</s>----->koruror</s>z</s>
<s>soğuyorum</s>----->korlror</s>z</s>
<s>sıralıyor</s>----->karlrayor</s>
<s>giriyorum</s>----->gerlyor</s>z</s>
<s>özlüyorum</s>----->brlayor</s>z</s>
<s>azarlıyor</s>----->allrlayor</s>
<s>okşuyorum</s>----->krluror</s>z</s>
<s>sömürüyor</s>----->börey</s>yor</s>
<s>kızıyorum</s>----->kallror</s>z</s>
<s>sunuyorum</s>----->karlror</s>z</s>
<s>koşuyoruz</s>----->koruror</s>z</s>
<s>kalıyoruz</s>----->kararor</s>z</s>
<s>demiyoruz</s>----->kariyor</s>z</s>
<s>sokuyoruz</s>----->karlror</s>z</s>
<s>korkmuyor</s>----->koruuuyor</s>
<s>üstleniyor</s>----->koteeriyor</s>
<s>görüyorlar</s>----->gerlyor</s>ar</s>
<s>çalmıyorum</s>----->karaayor</s>z</s>
<s>harcıyorum</s>----->karlayor</s>z</s>
<s>gerekmiyor</s>----->gerirliyor</s>
<s>kaydediyor</s>----->kartırı</s>or</s>
<s>kurtarıyor</s>----->kallar</s>zor</s>
<s>fırlamıyor</s>----->karlarayor</s>
<s>yapıyorsun</s>----->karıror</s>un</s>
<s>dönüşmüyor</s>----->böreyeeyor</s>
<s>birleşiyor</s>----->gerlariror</s>
<s>bulmuyoruz</s>----->karaayor</s>z</s>
<s>katıyorlar</s>----->karıror</s>ar</s>
<s>tanıyorlar</s>----->aarıror</s>ar</s>
<s>sağlıyoruz</s>----->karlayor</s>z</s>
<s>duyuyorlar</s>----->aaroror</s>ar</s>
<s>koyuyorlar</s>----->koraror</s>ar</s>
<s>genişliyor</s>----->gerirlaror</s>
<s>dönüyorlar</s>----->büreyor</s>ar</s>
<s>görüyorsun</s>----->gerlyor</s>un</s>
<s>çağrılıyor</s>----->karlıyaror</s>
<s>siliyorlar</s>----->kararor</s>ar</s>
<s>değinmiyor</s>----->kerlylayor</s>
<s>kızmıyorum</s>----->kallayor</s>z</s>
<s>tamamlıyor</s>----->aarırıayor</s>
<s>yerleşiyor</s>----->karlarıror</s>
<s>uyarıyorum</s>----->alar</s>zor</s>z</s>
<s>suçlamıyor</s>----->karlarayor</s>
<s>sanıyorlar</s>----->aarıror</s>ar</s>
<s>dışlamıyor</s>----->aaraarayor</s>
<s>satmıyorum</s>----->aarııyor</s>z</s>
<s>sığmıyorum</s>----->karlayor</s>z</s>
<s>kovuyorlar</s>----->koruror</s>ar</s>
<s>özlüyorlar</s>----->brlayor</s>ar</s>
<s>soruyorlar</s>----->karlyor</s>ar</s>
<s>kazanmıyor</s>----->aarlrıayor</s>
<s>haykırıyor</s>----->karaıy</s>zor</s>
<s>saymıyorum</s>----->karaayor</s>z</s>
<s>korkuyoruz</s>----->koruuyor</s>z</s>
<s>zayıflıyor</s>----->kararaayor</s>
<s>başlıyoruz</s>----->kartayor</s>z</s>
<s>patlamıyor</s>----->karıarıyor</s>
<s>girmiyoruz</s>----->gerleyor</s>z</s>
<s>sanmıyoruz</s>----->aarııyor</s>z</s>
<s>beklemiyor</s>----->karlarayor</s>
<s>taşıyorlar</s>----->aarıror</s>ar</s>
<s>aktarıyoruz</s>----->allır</s>zor</s>z</s>
<s>yırtıyorlar</s>----->kallınor</s>ar</s>
<s>görüşüyoruz</s>----->berlylror</s>z</s>
<s>hoşlanmıyor</s>----->karlarıayor</s>
<s>ödüyorsunuz</s>----->breyor</s>un</s>z</s>
<s>başlıyorlar</s>----->kartayor</s>ar</s>
<s>yolluyorlar</s>----->karaayor</s>ar</s>
<s>çeviriyorum</s>----->gerar</s>yor</s>z</s>
<s>açıklıyoruz</s>----->altr</s>aror</s>z</s>
<s>özetliyorum</s>----->grlrieyor</s>z</s>
<s>uçuyorsunuz</s>----->ayaror</s>un</s>z</s>
<s>davranmıyor</s>----->karaarıayor</s>
<s>savunuyorum</s>----->kararlror</s>z</s>
<s>onaylamıyor</s>----->alaraarayor</s>
<s>tekrarlıyor</s>----->karlir</s>ayor</s>
<s>eleştiriyor</s>----->klarıin</s>zor</s>
<s>ilerliyorum</s>----->alar</s>ayor</s>z</s>
<s>inanıyorlar</s>----->alarıror</s>ar</s>
<s>geçiniyorum</s>----->geririror</s>z</s>
<s>arzuluyorum</s>----->allayaror</s>z</s>
<s>yaşamıyorum</s>----->aarırayor</s>z</s>
<s>uyguluyoruz</s>----->kroararor</s>z</s>
<s>zorluyorlar</s>----->koruaror</s>ar</s>
<s>bulunuyoruz</s>----->karararor</s>z</s>
<s>açıklamıyor</s>----->altr</s>arayor</s>
<s>hastalanıyor</s>----->kartırarıyor</s>
<s>hazırlıyoruz</s>----->karlr</s>ayor</s>z</s>
<s>kullanıyoruz</s>----->kalaarıyor</s>z</s>
<s>beklemiyoruz</s>----->karlariyor</s>z</s>
<s>öğreniyorlar</s>----->grteriyor</s>ar</s>
<s>kalıyorsunuz</s>----->kararor</s>un</s>z</s>
<s>etmiyorsunuz</s>----->altayor</s>un</s>z</s>
<s>yıpratıyorum</s>----->kalaarıyor</s>z</s>
<s>gönderiyorum</s>----->gereir</s>yor</s>z</s>
<s>yakınıyorlar</s>----->karlrlror</s>ar</s>
<s>hedefliyoruz</s>----->gariraayor</s>z</s>
<s>yayınlıyoruz</s>----->kararaayor</s>z</s>
<s>getirmiyorum</s>----->geriy</s>iyor</s>z</s>
<s>yorumluyorum</s>----->karly</s>aror</s>z</s>
<s>engellemiyor</s>----->gkeeraariyor</s>
<s>yönetiyorlar</s>----->karariror</s>ar</s>
<s>yerleşiyoruz</s>----->karlarıror</s>z</s>
<s>evleniyorlar</s>----->kraariyor</s>ar</s>
<s>kastediyorum</s>----->kartırı</s>or</s>z</s>
<s>tiksiniyorum</s>----->aarlir</s>ror</s>z</s>
<s>seçiyorsunuz</s>----->kartror</s>un</s>z</s>
<s>kızıyorsunuz</s>----->kallror</s>un</s>z</s>
<s>dolaşmıyorum</s>----->kararıayor</s>z</s>
<s>seyrediyoruz</s>----->karaerı</s>or</s>z</s>
<s>karşılaşıyor</s>----->karlıyarıror</s>
<s>karşılıyoruz</s>----->karlıyaror</s>z</s>
<s>bayılıyorlar</s>----->karararor</s>ar</s>
<s>yaklaşıyorum</s>----->karlarıror</s>z</s>
<s>söylemiyorlar</s>----->kerlarayor</s>ar</s>
<s>tanımlıyorlar</s>----->aarır</s>ayor</s>ar</s>
<s>düşünmüyorlar</s>----->bürüreeyor</s>ar</s>
<s>harcıyorsunuz</s>----->karlayor</s>un</s>z</s>
<s>topluyorsunuz</s>----->bereeror</s>un</s>z</s>
<s>hoşlanmıyorum</s>----->karlarıayor</s>z</s>
<s>saçmalıyorlar</s>----->karııyayor</s>ar</s>
<s>hazırlıyorlar</s>----->karlr</s>ayor</s>ar</s>
<s>vazgeçmiyoruz</s>----->berleriiyor</s>z</s>
<s>araştırıyorum</s>----->allrıın</s>zor</s>z</s>
<s>gönderiyorlar</s>----->gereir</s>yor</s>ar</s>
<s>kaybediyorlar</s>----->kartarı</s>or</s>ar</s>
<s>bahsediyorlar</s>----->kartarı</s>or</s>ar</s>
<s>seyrediyorlar</s>----->karaerı</s>or</s>ar</s>
<s>yayınlıyorlar</s>----->kararaayor</s>ar</s>
<s>tırmanıyorlar</s>----->aarlayıror</s>ar</s>
<s>zannetmiyorum</s>----->karlırııyor</s>z</s>
<s>parçalıyorlar</s>----->karlırayor</s>ar</s>
<s>uygulamıyoruz</s>----->alaararayor</s>z</s>
<s>göstermiyorlar</s>----->gertir</s>iyor</s>ar</s>
<s>planlıyorsunuz</s>----->kaarıayor</s>un</s>z</s>
<s>karşılaşıyoruz</s>----->karlıyarıror</s>z</s>
<s>eleştirmiyorum</s>----->klarıin</s>ayor</s>z</s>
<s>bırakıyorsunuz</s>----->karlrlror</s>un</s>z</s>
<s>getiriyorsunuz</s>----->geriy</s>zor</s>un</s>z</s>
<s>uyguluyorsunuz</s>----->kraararor</s>un</s>z</s>
<s>kastediyorsunuz</s>----->kartırı</s>or</s>un</s>z</s>
<s>gösteriyorsunuz</s>----->gerter</s>yor</s>un</s>z</s>
<s>engelliyorsunuz</s>----->gkeeraayor</s>un</s>z</s>
<s>karşılaşıyorlar</s>----->karlıyarıror</s>ar</s>
val ---  avg_loss: 2.0965, avg_recon_loss: 1.6710, avg_vq_loss: 0.4255, acc: 0.5223, vq_inds: [7, 4, 4, 8, 4, 4, 6, 8] 
update best loss 

epoch: 1,  avg_loss: 2.5136, avg_recon_loss: 1.6747, avg_vq_loss: 0.8389, acc: 0.4785, vq_inds: [23, 17, 17, 20, 18, 14, 22, 16] 
val ---  avg_loss: 2.4682, avg_recon_loss: 1.2908, avg_vq_loss: 1.1775, acc: 0.5708, vq_inds: [21, 13, 12, 16, 12, 10, 14, 11] 

epoch: 2,  avg_loss: 2.9458, avg_recon_loss: 1.3188, avg_vq_loss: 1.6269, acc: 0.5690, vq_inds: [27, 24, 22, 27, 22, 21, 25, 25] 
val ---  avg_loss: 3.3772, avg_recon_loss: 1.0802, avg_vq_loss: 2.2970, acc: 0.6312, vq_inds: [20, 17, 19, 18, 16, 19, 18, 14] 

epoch: 3,  avg_loss: 3.6274, avg_recon_loss: 1.0921, avg_vq_loss: 2.5353, acc: 0.6393, vq_inds: [30, 26, 26, 30, 25, 24, 29, 27] 
val ---  avg_loss: 3.9405, avg_recon_loss: 0.9442, avg_vq_loss: 2.9963, acc: 0.6912, vq_inds: [23, 19, 20, 18, 19, 16, 18, 19] 

epoch: 4,  avg_loss: 4.7396, avg_recon_loss: 0.9322, avg_vq_loss: 3.8075, acc: 0.6806, vq_inds: [30, 28, 29, 29, 26, 26, 29, 31] 
val ---  avg_loss: 4.7336, avg_recon_loss: 0.7735, avg_vq_loss: 3.9601, acc: 0.7359, vq_inds: [29, 21, 19, 18, 21, 24, 23, 22] 

epoch: 5,  avg_loss: 5.3134, avg_recon_loss: 0.8061, avg_vq_loss: 4.5073, acc: 0.7197, vq_inds: [31, 27, 27, 28, 27, 27, 29, 32] 
val ---  avg_loss: 5.7177, avg_recon_loss: 0.7033, avg_vq_loss: 5.0145, acc: 0.7707, vq_inds: [28, 21, 20, 17, 18, 21, 21, 24] 

epoch: 6,  avg_loss: 6.1536, avg_recon_loss: 0.6879, avg_vq_loss: 5.4657, acc: 0.7587, vq_inds: [31, 27, 28, 30, 26, 26, 28, 32] 
val ---  avg_loss: 6.3695, avg_recon_loss: 0.6282, avg_vq_loss: 5.7413, acc: 0.7886, vq_inds: [28, 21, 20, 18, 19, 19, 22, 24] 

epoch: 7,  avg_loss: 6.8004, avg_recon_loss: 0.5905, avg_vq_loss: 6.2099, acc: 0.7928, vq_inds: [31, 28, 28, 29, 27, 28, 29, 32] 
val ---  avg_loss: 7.0233, avg_recon_loss: 0.5486, avg_vq_loss: 6.4747, acc: 0.8103, vq_inds: [28, 21, 22, 22, 21, 22, 24, 26] 

epoch: 8,  avg_loss: 7.5003, avg_recon_loss: 0.5337, avg_vq_loss: 6.9666, acc: 0.8107, vq_inds: [31, 30, 28, 31, 28, 29, 30, 32] 
val ---  avg_loss: 7.0466, avg_recon_loss: 0.5390, avg_vq_loss: 6.5076, acc: 0.8231, vq_inds: [28, 21, 18, 20, 19, 22, 20, 24] 

epoch: 9,  avg_loss: 7.7797, avg_recon_loss: 0.4824, avg_vq_loss: 7.2974, acc: 0.8307, vq_inds: [30, 29, 29, 31, 28, 29, 30, 32] 
val ---  avg_loss: 7.5164, avg_recon_loss: 0.4468, avg_vq_loss: 7.0696, acc: 0.8460, vq_inds: [27, 20, 22, 21, 21, 22, 20, 25] 

epoch: 10,  avg_loss: 7.7200, avg_recon_loss: 0.4294, avg_vq_loss: 7.2906, acc: 0.8456, vq_inds: [31, 28, 26, 31, 28, 29, 30, 32] 
<s>esiyor</s>----->içinor</s>
<s>övüyor</s>----->önünor</s>
<s>atlıyor</s>----->alııyor</s>
<s>ekliyor</s>----->ekliyor</s>
<s>kaçıyor</s>----->kasıyor</s>
<s>yürüyor</s>----->yürüyor</s>
<s>yumuyor</s>----->yuyuyoru
<s>uğruyor</s>----->uğrayor</s>
<s>çözüyor</s>----->düzüyor</s>
<s>kınıyor</s>----->sızıyor</s>
<s>kayıyor</s>----->kayıyor</s>
<s>çöküyor</s>----->süküyor</s>
<s>sokuyor</s>----->sokuyor</s>
<s>özlüyor</s>----->önlüyor</s>
<s>diliyor</s>----->iiyiyor</s>
<s>sayıyor</s>----->sayıyor</s>
<s>takıyor</s>----->takıyor</s>
<s>bıkıyor</s>----->bıkıyor</s>
<s>eğitiyor</s>----->ekiriror</s>
<s>umuyoruz</s>----->uyuyorum</s>
<s>kutluyor</s>----->kulluyor</s>
<s>süslüyor</s>----->sosluyor</s>
<s>açıyoruz</s>----->açıyorsz</s>
<s>ödüyorum</s>----->eyeyoruz</s>
<s>düşlüyor</s>----->düşüüyor</s>
<s>aramıyor</s>----->arırıyor</s>
<s>çatmıyor</s>----->çalmıyor</s>
<s>yatmıyor</s>----->yatııyor</s>
<s>iletiyor</s>----->içiriyor</s>
<s>arıyoruz</s>----->arıyoruz</s>
<s>yansıyor</s>----->donııyor</s>
<s>alışıyor</s>----->alıyıyor</s>
<s>oluyoruz</s>----->oluyoruz</s>
<s>yanmıyor</s>----->yapmışor</s>
<s>çalıyorum</s>----->çalıyorum</s>
<s>çalıyoruz</s>----->çalıyoruz</s>
<s>olmuyoruz</s>----->olmuyoruz</s>
<s>coşuyoruz</s>----->ooşuyor</s>z</s>
<s>amaçlıyor</s>----->açanmıyor</s>
<s>değiniyor</s>----->değiniyor</s>
<s>çabalıyor</s>----->bapılıyor</s>
<s>kınıyoruz</s>----->kazıyoruz</s>
<s>yazıyoruz</s>----->yazıyoruz</s>
<s>duyuyoruz</s>----->duyuyorum</s>
<s>almıyorum</s>----->almıyorum</s>
<s>geziniyor</s>----->gizindyor</s>
<s>yöneliyor</s>----->yöneliyor</s>
<s>evleniyor</s>----->enleniyor</s>
<s>küçülüyor</s>----->büpünüyor</s>
<s>beğeniyor</s>----->bekiniyorl
<s>yarışıyor</s>----->yarıyıyor</s>
<s>yakınıyor</s>----->yıkıyıyor</s>
<s>birikiyor</s>----->giriytyor</s>
<s>yemiyorum</s>----->yemiyorum</s>
<s>izliyoruz</s>----->izliyoruz</s>
<s>planlıyor</s>----->öaanlıyor</s>
<s>kılıyorum</s>----->kulıyorum</s>
<s>demiyorum</s>----->dimiyorum</s>
<s>geçiyorum</s>----->geçirerum</s>
<s>anlıyoruz</s>----->anlıyoruz</s>
<s>gelişiyor</s>----->geliyiyor</s>
<s>uçmuyorum</s>----->uymuyorum</s>
<s>uyuşmuyor</s>----->uyuyuuşor</s>
<s>unutmuyor</s>----->unuruuyor</s>
<s>satıyoruz</s>----->tatıyoruz</s>
<s>konuyoruz</s>----->konuyoruz</s>
<s>soğuyorum</s>----->sokuyorum</s>
<s>sıralıyor</s>----->çılllıyor</s>
<s>giriyorum</s>----->giriyoruz</s>
<s>özlüyorum</s>----->önlüyoruz</s>
<s>azarlıyor</s>----->azarııyor</s>
<s>okşuyorum</s>----->oyuuyorum</s>
<s>sömürüyor</s>----->sönüylmor</s>
<s>kızıyorum</s>----->kızıyoruz</s>
<s>sunuyorum</s>----->sunuyoruz</s>
<s>koşuyoruz</s>----->koyuyoruz</s>
<s>kalıyoruz</s>----->kalıyorum</s>
<s>demiyoruz</s>----->deziyoruz</s>
<s>sokuyoruz</s>----->kokuyoruz</s>
<s>korkmuyor</s>----->voruuuyor</s>
<s>üstleniyor</s>----->tsllendyor</s>
<s>görüyorlar</s>----->görüyorlar</s>
<s>çalmıyorum</s>----->çalııyorum</s>
<s>harcıyorum</s>----->barıırorum</s>
<s>gerekmiyor</s>----->görikmiyor</s>
<s>kaydediyor</s>----->yeydediror</s>
<s>kurtarıyor</s>----->kuraarıyor</s>
<s>fırlamıyor</s>----->çarlamıyor</s>
<s>yapıyorsun</s>----->yaşıyoruunu
<s>dönüşmüyor</s>----->dünüşüüyor</s>
<s>birleşiyor</s>----->billeyiyor</s>
<s>bulmuyoruz</s>----->bulmuyorum</s>
<s>katıyorlar</s>----->katıyoruar</s>
<s>tanıyorlar</s>----->takıyorlar</s>
<s>sağlıyoruz</s>----->savsıyoruz</s>
<s>duyuyorlar</s>----->duyuyoruar</s>
<s>koyuyorlar</s>----->koyuyoruar</s>
<s>genişliyor</s>----->gitişliyor</s>
<s>dönüyorlar</s>----->dönüyoruar</s>
<s>görüyorsun</s>----->görüyorsun</s>
<s>çağrılıyor</s>----->çağıırayor</s>
<s>siliyorlar</s>----->siliyorlar</s>
<s>değinmiyor</s>----->diğinmiyor</s>
<s>kızmıyorum</s>----->kızııyorum</s>
<s>tamamlıyor</s>----->talımııyoru
<s>yerleşiyor</s>----->yerleyiror</s>
<s>uyarıyorum</s>----->urarıyorum</s>
<s>suçlamıyor</s>----->suslunışor</s>
<s>sanıyorlar</s>----->sanıyor</s>ar</s>
<s>dışlamıyor</s>----->dallamıyor</s>
<s>satmıyorum</s>----->çatmıyorum</s>
<s>sığmıyorum</s>----->sillayorum</s>
<s>kovuyorlar</s>----->konuşoruar</s>
<s>özlüyorlar</s>----->önlüyor</s>ar</s>
<s>soruyorlar</s>----->soruyor</s>ar</s>
<s>kazanmıyor</s>----->kazanııyor</s>
<s>haykırıyor</s>----->yatıırıyor</s>
<s>saymıyorum</s>----->saymıyorum</s>
<s>korkuyoruz</s>----->koruuyoruz</s>
<s>zayıflıyor</s>----->kazınlıyor</s>
<s>başlıyoruz</s>----->başııyoruz</s>
<s>patlamıyor</s>----->tatlamışor</s>
<s>girmiyoruz</s>----->girmiyoruz</s>
<s>sanmıyoruz</s>----->sanııyorum</s>
<s>beklemiyor</s>----->beklemişor</s>
<s>taşıyorlar</s>----->takıyorlar</s>
<s>aktarıyoruz</s>----->attıkıyorsz</s>
<s>yırtıyorlar</s>----->yarlıyorlar</s>
<s>görüşüyoruz</s>----->görüyüyoruz</s>
<s>hoşlanmıyor</s>----->bollünmıyor</s>
<s>ödüyorsunuz</s>----->ddünorsunuz</s>
<s>başlıyorlar</s>----->ballıyorlar</s>
<s>yolluyorlar</s>----->yoluuyor</s>ar</s>
<s>çeviriyorum</s>----->çeviriyoruz</s>
<s>açıklıyoruz</s>----->açıklayoruz</s>
<s>özetliyorum</s>----->özetleyorsz</s>
<s>uçuyorsunuz</s>----->uçuyoruun</s>z</s>
<s>davranmıyor</s>----->tavranmışor</s>
<s>savunuyorum</s>----->sovunuyorum</s>
<s>onaylamıyor</s>----->onaşmamıyor</s>
<s>tekrarlıyor</s>----->tıktıllıyor</s>
<s>eleştiriyor</s>----->etittiriyor</s>
<s>ilerliyorum</s>----->ilerliyor</s>m</s>
<s>inanıyorlar</s>----->unanıyor</s>ar</s>
<s>geçiniyorum</s>----->giçiniyoruz</s>
<s>arzuluyorum</s>----->uruuyayorum</s>
<s>yaşamıyorum</s>----->yaşamıyorum</s>
<s>uyguluyoruz</s>----->uyuuluyoruz</s>
<s>zorluyorlar</s>----->yollayor</s>ar</s>
<s>bulunuyoruz</s>----->sulunuyoruz</s>
<s>açıklamıyor</s>----->açıklamaşor</s>
<s>hastalanıyor</s>----->sassakıyıyor</s>
<s>hazırlıyoruz</s>----->yazırlıyoruz</s>
<s>kullanıyoruz</s>----->kullanıyorsz</s>
<s>beklemiyoruz</s>----->beklemiyorum</s>
<s>öğreniyorlar</s>----->inrenmyorlar</s>
<s>kalıyorsunuz</s>----->kalkşorsunuz</s>
<s>etmiyorsunuz</s>----->etmiyorsunuz</s>
<s>yıpratıyorum</s>----->yırradıror</s>m</s>
<s>gönderiyorum</s>----->gösderiyorum</s>
<s>yakınıyorlar</s>----->yakıyıyoruar</s>
<s>hedefliyoruz</s>----->hesekeeyorum</s>
<s>yayınlıyoruz</s>----->yapınııyoruz</s>
<s>getirmiyorum</s>----->getirmeyor</s>m</s>
<s>yorumluyorum</s>----->yorumuayorum</s>
<s>engellemiyor</s>----->engeleemeyor</s>
<s>yönetiyorlar</s>----->yüketiyorlar</s>
<s>yerleşiyoruz</s>----->yeriiriyoruz</s>
<s>evleniyorlar</s>----->eniikirorlar</s>
<s>kastediyorum</s>----->kuttidiyorum</s>
<s>tiksiniyorum</s>----->tiktinizor</s>z</s>
<s>seçiyorsunuz</s>----->saçiyorsunuz</s>
<s>kızıyorsunuz</s>----->kızayorsunuz</s>
<s>dolaşmıyorum</s>----->dalamııyorum</s>
<s>seyrediyoruz</s>----->seyrediyorsz</s>
<s>karşılaşıyor</s>----->karşılarıyor</s>
<s>karşılıyoruz</s>----->karşılayorum</s>
<s>bayılıyorlar</s>----->balılıyorlar</s>
<s>yaklaşıyorum</s>----->kaklırıyorum</s>
<s>söylemiyorlar</s>----->böylemiyoruar</s>
<s>tanımlıyorlar</s>----->sanımlayor</s>ar</s>
<s>düşünmüyorlar</s>----->düşünmeyoruar</s>
<s>harcıyorsunuz</s>----->karııyoruunuz</s>
<s>topluyorsunuz</s>----->dollayorsunuz</s>
<s>hoşlanmıyorum</s>----->kollanmayorum</s>
<s>saçmalıyorlar</s>----->saçmıyıyoruar</s>
<s>hazırlıyorlar</s>----->hazırlıyorlar</s>
<s>vazgeçmiyoruz</s>----->öazgeçmeyorsz</s>
<s>araştırıyorum</s>----->araştırıyorum</s>
<s>gönderiyorlar</s>----->gönderiyorlar</s>
<s>kaybediyorlar</s>----->keybetiyorlar</s>
<s>bahsediyorlar</s>----->behsediyorlar</s>
<s>seyrediyorlar</s>----->seyrediyoruar</s>
<s>yayınlıyorlar</s>----->yakıkııyor</s>ar</s>
<s>tırmanıyorlar</s>----->tirganıyorlar</s>
<s>zannetmiyorum</s>----->banzetmeyorum</s>
<s>parçalıyorlar</s>----->harıılıyor</s>ar</s>
<s>uygulamıyoruz</s>----->unuuluşıyorum</s>
<s>göstermiyorlar</s>----->göstürmiyor</s>ar</s>
<s>planlıyorsunuz</s>----->paaşlıyorsunuz</s>
<s>karşılaşıyoruz</s>----->karşılaşıyorum</s>
<s>eleştirmiyorum</s>----->elettiliiyor</s>m</s>
<s>bırakıyorsunuz</s>----->kirakıyoruunuz</s>
<s>getiriyorsunuz</s>----->getirirersiniz</s>
<s>uyguluyorsunuz</s>----->uyuuluyorsunuz</s>
<s>kastediyorsunuz</s>----->kastediyorsunuz</s>
<s>gösteriyorsunuz</s>----->gösterizorsun</s>z</s>
<s>engelliyorsunuz</s>----->enlelmeyorsun</s>z</s>
<s>karşılaşıyorlar</s>----->karşılarıror</s>ar</s>
val ---  avg_loss: 6.8645, avg_recon_loss: 0.4662, avg_vq_loss: 6.3983, acc: 0.8422, vq_inds: [28, 20, 24, 22, 21, 23, 22, 27] 

epoch: 11,  avg_loss: 7.7287, avg_recon_loss: 0.3819, avg_vq_loss: 7.3468, acc: 0.8644, vq_inds: [31, 30, 28, 31, 28, 29, 30, 32] 
val ---  avg_loss: 7.1269, avg_recon_loss: 0.3992, avg_vq_loss: 6.7277, acc: 0.8558, vq_inds: [28, 18, 20, 23, 19, 24, 21, 26] 

epoch: 12,  avg_loss: 7.4325, avg_recon_loss: 0.3388, avg_vq_loss: 7.0937, acc: 0.8804, vq_inds: [30, 30, 28, 31, 28, 29, 30, 32] 
val ---  avg_loss: 6.8455, avg_recon_loss: 0.3851, avg_vq_loss: 6.4604, acc: 0.8664, vq_inds: [29, 18, 21, 22, 22, 24, 21, 25] 

epoch: 13,  avg_loss: 7.3311, avg_recon_loss: 0.3105, avg_vq_loss: 7.0205, acc: 0.8899, vq_inds: [31, 30, 26, 31, 28, 29, 30, 32] 
val ---  avg_loss: 6.6697, avg_recon_loss: 0.3879, avg_vq_loss: 6.2818, acc: 0.8652, vq_inds: [27, 19, 21, 25, 22, 25, 20, 22] 

epoch: 14,  avg_loss: 7.1487, avg_recon_loss: 0.2882, avg_vq_loss: 6.8605, acc: 0.8960, vq_inds: [31, 28, 26, 30, 28, 28, 30, 32] 
val ---  avg_loss: 6.5069, avg_recon_loss: 0.3911, avg_vq_loss: 6.1158, acc: 0.8605, vq_inds: [28, 20, 20, 21, 22, 22, 20, 24] 

epoch: 15,  avg_loss: 6.8608, avg_recon_loss: 0.2707, avg_vq_loss: 6.5901, acc: 0.9019, vq_inds: [31, 30, 27, 30, 28, 30, 30, 32] 
val ---  avg_loss: 6.1542, avg_recon_loss: 0.3478, avg_vq_loss: 5.8064, acc: 0.8745, vq_inds: [29, 20, 23, 25, 22, 26, 20, 25] 

epoch: 16,  avg_loss: 6.7122, avg_recon_loss: 0.2636, avg_vq_loss: 6.4486, acc: 0.9060, vq_inds: [31, 30, 27, 31, 28, 28, 30, 32] 
val ---  avg_loss: 5.9087, avg_recon_loss: 0.3548, avg_vq_loss: 5.5539, acc: 0.8826, vq_inds: [28, 21, 22, 24, 23, 24, 23, 22] 

epoch: 17,  avg_loss: 6.4437, avg_recon_loss: 0.2320, avg_vq_loss: 6.2117, acc: 0.9191, vq_inds: [31, 29, 27, 31, 26, 29, 30, 32] 
val ---  avg_loss: 5.4908, avg_recon_loss: 0.3280, avg_vq_loss: 5.1628, acc: 0.8873, vq_inds: [27, 22, 22, 22, 23, 24, 23, 24] 

epoch: 18,  avg_loss: 6.0205, avg_recon_loss: 0.2257, avg_vq_loss: 5.7949, acc: 0.9196, vq_inds: [32, 30, 26, 31, 29, 29, 30, 32] 
val ---  avg_loss: 5.3559, avg_recon_loss: 0.3114, avg_vq_loss: 5.0445, acc: 0.8894, vq_inds: [27, 22, 20, 26, 21, 25, 21, 23] 

epoch: 19,  avg_loss: 5.8965, avg_recon_loss: 0.2058, avg_vq_loss: 5.6907, acc: 0.9235, vq_inds: [32, 30, 27, 31, 26, 29, 31, 32] 
val ---  avg_loss: 4.8564, avg_recon_loss: 0.3293, avg_vq_loss: 4.5271, acc: 0.8792, vq_inds: [29, 25, 25, 24, 22, 28, 24, 25] 

epoch: 20,  avg_loss: 5.4168, avg_recon_loss: 0.1867, avg_vq_loss: 5.2301, acc: 0.9328, vq_inds: [32, 29, 27, 31, 27, 29, 31, 32] 
<s>esiyor</s>----->esiyor</s>
<s>övüyor</s>----->öleyor</s>
<s>atlıyor</s>----->allıyor</s>
<s>ekliyor</s>----->ekliyor</s>
<s>kaçıyor</s>----->kaçıyor</s>
<s>yürüyor</s>----->yürüyor</s>
<s>yumuyor</s>----->yumuyor</s>
<s>uğruyor</s>----->uğruyor</s>
<s>çözüyor</s>----->çözeyor</s>
<s>kınıyor</s>----->kızıyor</s>
<s>kayıyor</s>----->yayıyor</s>
<s>çöküyor</s>----->çökeyor</s>
<s>sokuyor</s>----->sokuyor</s>
<s>özlüyor</s>----->önlüyor</s>
<s>diliyor</s>----->iiliyor</s>
<s>sayıyor</s>----->sayıyor</s>
<s>takıyor</s>----->takıyor</s>
<s>bıkıyor</s>----->bıkıyor</s>
<s>eğitiyor</s>----->eğişiyor</s>
<s>umuyoruz</s>----->umuyorum</s>
<s>kutluyor</s>----->kulluyor</s>
<s>süslüyor</s>----->süsüüyor</s>
<s>açıyoruz</s>----->açıyorsz</s>
<s>ödüyorum</s>----->bdüyorum</s>
<s>düşlüyor</s>----->üüşüüyor</s>
<s>aramıyor</s>----->armmıyor</s>
<s>çatmıyor</s>----->çatmıyor</s>
<s>yatmıyor</s>----->yatmıyor</s>
<s>iletiyor</s>----->iletiyor</s>
<s>arıyoruz</s>----->arıyor</s>z</s>
<s>yansıyor</s>----->sansıyor</s>
<s>alışıyor</s>----->alışıyor</s>
<s>oluyoruz</s>----->oluyor</s>m</s>
<s>yanmıyor</s>----->yanmıyor</s>
<s>çalıyorum</s>----->çalıyorum</s>
<s>çalıyoruz</s>----->çalıyorsz</s>
<s>olmuyoruz</s>----->oluuyor</s>z</s>
<s>coşuyoruz</s>----->yoşuyoruz</s>
<s>amaçlıyor</s>----->amaşlıyor</s>
<s>değiniyor</s>----->değiniyor</s>
<s>çabalıyor</s>----->çapalıyor</s>
<s>kınıyoruz</s>----->kanıyoruz</s>
<s>yazıyoruz</s>----->yazayoruz</s>
<s>duyuyoruz</s>----->duyuyorum</s>
<s>almıyorum</s>----->almıyorum</s>
<s>geziniyor</s>----->çiziyiyor</s>
<s>yöneliyor</s>----->yöneliyor</s>
<s>evleniyor</s>----->evleniyor</s>
<s>küçülüyor</s>----->küpüleyor</s>
<s>beğeniyor</s>----->beğeniyor</s>
<s>yarışıyor</s>----->yarışıyor</s>
<s>yakınıyor</s>----->yakıyıyor</s>
<s>birikiyor</s>----->birikiyor</s>
<s>yemiyorum</s>----->yediyorum</s>
<s>izliyoruz</s>----->izliyoruz</s>
<s>planlıyor</s>----->paanlıyor</s>
<s>kılıyorum</s>----->kılıyorum</s>
<s>demiyorum</s>----->demiyorum</s>
<s>geçiyorum</s>----->geçiyorum</s>
<s>anlıyoruz</s>----->anlıyorsz</s>
<s>gelişiyor</s>----->gelişiyor</s>
<s>uçmuyorum</s>----->dtmuyorum</s>
<s>uyuşmuyor</s>----->uymmmuyor</s>
<s>unutmuyor</s>----->unutuuyor</s>
<s>satıyoruz</s>----->satıyoruz</s>
<s>konuyoruz</s>----->konuyoruz</s>
<s>soğuyorum</s>----->kokuyorum</s>
<s>sıralıyor</s>----->sırlrıyor</s>
<s>giriyorum</s>----->giyiyorum</s>
<s>özlüyorum</s>----->özlüyorum</s>
<s>azarlıyor</s>----->azarııyor</s>
<s>okşuyorum</s>----->kkuuyorum</s>
<s>sömürüyor</s>----->sürüy</s>zor</s>
<s>kızıyorum</s>----->kızıyorum</s>
<s>sunuyorum</s>----->sunuyorum</s>
<s>koşuyoruz</s>----->koşuyor</s>z</s>
<s>kalıyoruz</s>----->balıyoruz</s>
<s>demiyoruz</s>----->demiyoruz</s>
<s>sokuyoruz</s>----->kokuyoruz</s>
<s>korkmuyor</s>----->vormmuyor</s>
<s>üstleniyor</s>----->tstleniyor</s>
<s>görüyorlar</s>----->görüyorlar</s>
<s>çalmıyorum</s>----->çalmıyorum</s>
<s>harcıyorum</s>----->barşıyorum</s>
<s>gerekmiyor</s>----->gerikmiyor</s>
<s>kaydediyor</s>----->kaydediyor</s>
<s>kurtarıyor</s>----->karaarıyoru
<s>fırlamıyor</s>----->bilmamıyor</s>
<s>yapıyorsun</s>----->yapıyorsun</s>
<s>dönüşmüyor</s>----->dönüşüüyor</s>
<s>birleşiyor</s>----->berliyiyor</s>
<s>bulmuyoruz</s>----->bulmuyoruz</s>
<s>katıyorlar</s>----->tatıyorlar</s>
<s>tanıyorlar</s>----->takıyorlar</s>
<s>sağlıyoruz</s>----->savsıyorsz</s>
<s>duyuyorlar</s>----->yuyuyorlar</s>
<s>koyuyorlar</s>----->koyuyorlar</s>
<s>genişliyor</s>----->gezişmiyor</s>
<s>dönüyorlar</s>----->öönüyorlar</s>
<s>görüyorsun</s>----->görüyorsun</s>
<s>çağrılıyor</s>----->çağıılıyor</s>
<s>siliyorlar</s>----->siliyorlar</s>
<s>değinmiyor</s>----->değiniiyor</s>
<s>kızmıyorum</s>----->kızlıyorum</s>
<s>tamamlıyor</s>----->tamamlayor</s>
<s>yerleşiyor</s>----->yerleniyor</s>
<s>uyarıyorum</s>----->uyarıyorum</s>
<s>suçlamıyor</s>----->suçlamışor</s>
<s>sanıyorlar</s>----->sanıyorlar</s>
<s>dışlamıyor</s>----->tıllamayor</s>
<s>satmıyorum</s>----->satmıyorum</s>
<s>sığmıyorum</s>----->sısııyorum</s>
<s>kovuyorlar</s>----->kopuşorlar</s>
<s>özlüyorlar</s>----->önlüyorlar</s>
<s>soruyorlar</s>----->soruyorlar</s>
<s>kazanmıyor</s>----->kazanııyor</s>
<s>haykırıyor</s>----->yaşıırıyor</s>
<s>saymıyorum</s>----->sayııyorum</s>
<s>korkuyoruz</s>----->koruuyoruz</s>
<s>zayıflıyor</s>----->şazınlıyor</s>
<s>başlıyoruz</s>----->başlıyoruz</s>
<s>patlamıyor</s>----->patlamıyor</s>
<s>girmiyoruz</s>----->giriiyoruz</s>
<s>sanmıyoruz</s>----->sanlıyorsz</s>
<s>beklemiyor</s>----->beklemişor</s>
<s>taşıyorlar</s>----->daşıyorlar</s>
<s>aktarıyoruz</s>----->aktarıyoruz</s>
<s>yırtıyorlar</s>----->yırlıyorlar</s>
<s>görüşüyoruz</s>----->görüyüyoruz</s>
<s>hoşlanmıyor</s>----->boşlanmıyor</s>
<s>ödüyorsunuz</s>----->ddüyorsunuz</s>
<s>başlıyorlar</s>----->başlıyorlar</s>
<s>yolluyorlar</s>----->yoluuyorlar</s>
<s>çeviriyorum</s>----->çeviyiyorum</s>
<s>açıklıyoruz</s>----->açıklıyoruz</s>
<s>özetliyorum</s>----->özetliyorum</s>
<s>uçuyorsunuz</s>----->usuyoruunuz</s>
<s>davranmıyor</s>----->davranııyor</s>
<s>savunuyorum</s>----->savuyuyorum</s>
<s>onaylamıyor</s>----->yyaylarıyor</s>
<s>tekrarlıyor</s>----->terlilliyor</s>
<s>eleştiriyor</s>----->eleştirdyor</s>
<s>ilerliyorum</s>----->iliriiyorum</s>
<s>inanıyorlar</s>----->inanmyorlar</s>
<s>geçiniyorum</s>----->çeçiyiyorum</s>
<s>arzuluyorum</s>----->vrmuyuyorum</s>
<s>yaşamıyorum</s>----->yaşamayorum</s>
<s>uyguluyoruz</s>----->uçguluyoruz</s>
<s>zorluyorlar</s>----->horlayorlar</s>
<s>bulunuyoruz</s>----->bulunuyorsz</s>
<s>açıklamıyor</s>----->açıklamıyoru
<s>hastalanıyor</s>----->sastelacıyor</s>
<s>hazırlıyoruz</s>----->zazırlayoruz</s>
<s>kullanıyoruz</s>----->kallanıyorsz</s>
<s>beklemiyoruz</s>----->beğleyiyorsz</s>
<s>öğreniyorlar</s>----->eğreniyorlar</s>
<s>kalıyorsunuz</s>----->kalıyorsunuz</s>
<s>etmiyorsunuz</s>----->etmiyorsunuz</s>
<s>yıpratıyorum</s>----->hapaayıyorum</s>
<s>gönderiyorum</s>----->göneeriyorum</s>
<s>yakınıyorlar</s>----->yakınmyorlar</s>
<s>hedefliyoruz</s>----->heçecleyorum</s>
<s>yayınlıyoruz</s>----->yayınlıyorum</s>
<s>getirmiyorum</s>----->gitimmiyorum</s>
<s>yorumluyorum</s>----->yorumlayorum</s>
<s>engellemiyor</s>----->engellemiyor</s>
<s>yönetiyorlar</s>----->yönediyorlar</s>
<s>yerleşiyoruz</s>----->yerliyiyor</s>z</s>
<s>evleniyorlar</s>----->enleniyorlar</s>
<s>kastediyorum</s>----->kestediyorum</s>
<s>tiksiniyorum</s>----->tikiiyiyor</s>z</s>
<s>seçiyorsunuz</s>----->seçiyorsunuz</s>
<s>kızıyorsunuz</s>----->kızıyorsunuz</s>
<s>dolaşmıyorum</s>----->dolummıyorum</s>
<s>seyrediyoruz</s>----->seyrediyoruz</s>
<s>karşılaşıyor</s>----->karşılaşıyor</s>
<s>karşılıyoruz</s>----->karşılayorsz</s>
<s>bayılıyorlar</s>----->bayllıyorlar</s>
<s>yaklaşıyorum</s>----->kakıırıyorum</s>
<s>söylemiyorlar</s>----->söylemiyorlar</s>
<s>tanımlıyorlar</s>----->tanımlıyorsar</s>
<s>düşünmüyorlar</s>----->düşünmüyor</s>ar</s>
<s>harcıyorsunuz</s>----->yarııyorsunuz</s>
<s>topluyorsunuz</s>----->toplayorsunuz</s>
<s>hoşlanmıyorum</s>----->koşlanmıyorum</s>
<s>saçmalıyorlar</s>----->saçlayıyorlar</s>
<s>hazırlıyorlar</s>----->şazırlıyorlar</s>
<s>vazgeçmiyoruz</s>----->bazgeçiiyorsz</s>
<s>araştırıyorum</s>----->araştırıyorum</s>
<s>gönderiyorlar</s>----->gönderiyorlar</s>
<s>kaybediyorlar</s>----->kaybediyorlar</s>
<s>bahsediyorlar</s>----->behsediyorlar</s>
<s>seyrediyorlar</s>----->seyieyiyoruar</s>
<s>yayınlıyorlar</s>----->yayınlıyoruar</s>
<s>tırmanıyorlar</s>----->tırmayıyorlar</s>
<s>zannetmiyorum</s>----->banzetmiyorum</s>
<s>parçalıyorlar</s>----->parıılıyorlar</s>
<s>uygulamıyoruz</s>----->uygulamıyorum</s>
<s>göstermiyorlar</s>----->göstermiyor</s>ar</s>
<s>planlıyorsunuz</s>----->paanlıyorsun</s>z</s>
<s>karşılaşıyoruz</s>----->karşılaşıyorsz</s>
<s>eleştirmiyorum</s>----->eteştirmişor</s>m</s>
<s>bırakıyorsunuz</s>----->bırakıyorsunuz</s>
<s>getiriyorsunuz</s>----->getiyiyorsunuz</s>
<s>uyguluyorsunuz</s>----->uçguluyorsunuz</s>
<s>kastediyorsunuz</s>----->kastediyorsunuz</s>
<s>gösteriyorsunuz</s>----->gösteriyoruun</s>z</s>
<s>engelliyorsunuz</s>----->engeliiyorsun</s>z</s>
<s>karşılaşıyorlar</s>----->karşılaşıyoruar</s>
val ---  avg_loss: 4.6459, avg_recon_loss: 0.2976, avg_vq_loss: 4.3483, acc: 0.9026, vq_inds: [30, 25, 20, 25, 20, 26, 24, 24] 

epoch: 21,  avg_loss: 5.0358, avg_recon_loss: 0.1699, avg_vq_loss: 4.8658, acc: 0.9399, vq_inds: [32, 30, 28, 31, 29, 29, 31, 32] 
val ---  avg_loss: 4.2606, avg_recon_loss: 0.3041, avg_vq_loss: 3.9566, acc: 0.8954, vq_inds: [30, 23, 22, 25, 21, 26, 22, 25] 

epoch: 22,  avg_loss: 4.6287, avg_recon_loss: 0.1548, avg_vq_loss: 4.4739, acc: 0.9462, vq_inds: [32, 29, 28, 30, 29, 29, 31, 32] 
val ---  avg_loss: 3.9869, avg_recon_loss: 0.2845, avg_vq_loss: 3.7024, acc: 0.8988, vq_inds: [28, 25, 21, 25, 20, 24, 24, 24] 

epoch: 23,  avg_loss: 4.2778, avg_recon_loss: 0.1471, avg_vq_loss: 4.1307, acc: 0.9502, vq_inds: [32, 30, 27, 32, 29, 30, 31, 32] 
val ---  avg_loss: 3.6981, avg_recon_loss: 0.2530, avg_vq_loss: 3.4450, acc: 0.9039, vq_inds: [31, 23, 23, 25, 21, 26, 24, 25] 

epoch: 24,  avg_loss: 4.0962, avg_recon_loss: 0.1372, avg_vq_loss: 3.9591, acc: 0.9518, vq_inds: [32, 30, 28, 32, 29, 30, 32, 32] 
val ---  avg_loss: 3.4545, avg_recon_loss: 0.2661, avg_vq_loss: 3.1883, acc: 0.9085, vq_inds: [30, 24, 24, 24, 23, 26, 25, 23] 

epoch: 25,  avg_loss: 3.8032, avg_recon_loss: 0.1349, avg_vq_loss: 3.6682, acc: 0.9543, vq_inds: [32, 30, 28, 32, 29, 29, 32, 32] 
val ---  avg_loss: 3.4102, avg_recon_loss: 0.3129, avg_vq_loss: 3.0973, acc: 0.8932, vq_inds: [31, 24, 20, 26, 23, 25, 25, 24] 

epoch: 26,  avg_loss: 3.8701, avg_recon_loss: 0.1715, avg_vq_loss: 3.6986, acc: 0.9413, vq_inds: [32, 30, 29, 32, 29, 28, 32, 32] 
val ---  avg_loss: 3.6386, avg_recon_loss: 0.3017, avg_vq_loss: 3.3370, acc: 0.8962, vq_inds: [29, 24, 21, 26, 22, 25, 25, 27] 

epoch: 27,  avg_loss: 3.9069, avg_recon_loss: 0.1592, avg_vq_loss: 3.7477, acc: 0.9460, vq_inds: [32, 30, 30, 31, 28, 30, 32, 32] 
val ---  avg_loss: 3.4060, avg_recon_loss: 0.2773, avg_vq_loss: 3.1287, acc: 0.9030, vq_inds: [32, 24, 22, 25, 23, 25, 25, 27] 

epoch: 28,  avg_loss: 3.8822, avg_recon_loss: 0.1485, avg_vq_loss: 3.7337, acc: 0.9476, vq_inds: [32, 29, 29, 31, 29, 31, 32, 32] 
val ---  avg_loss: 3.5210, avg_recon_loss: 0.2450, avg_vq_loss: 3.2759, acc: 0.9124, vq_inds: [30, 22, 22, 25, 25, 26, 26, 27] 

epoch: 29,  avg_loss: 3.6010, avg_recon_loss: 0.1266, avg_vq_loss: 3.4744, acc: 0.9572, vq_inds: [32, 29, 30, 31, 29, 30, 32, 32] 
val ---  avg_loss: 2.9264, avg_recon_loss: 0.2698, avg_vq_loss: 2.6567, acc: 0.9081, vq_inds: [32, 24, 24, 24, 25, 27, 25, 28] 

epoch: 30,  avg_loss: 3.3527, avg_recon_loss: 0.1317, avg_vq_loss: 3.2210, acc: 0.9531, vq_inds: [32, 30, 30, 32, 29, 30, 32, 32] 
<s>esiyor</s>----->esiyor</s>
<s>övüyor</s>----->öpüror</s>
<s>atlıyor</s>----->atııyor</s>
<s>ekliyor</s>----->ekliyor</s>
<s>kaçıyor</s>----->kaçıyor</s>
<s>yürüyor</s>----->yürüyer</s>
<s>yumuyor</s>----->yumuyorl
<s>uğruyor</s>----->uğuuyor</s>
<s>çözüyor</s>----->çözüyor</s>
<s>kınıyor</s>----->kınıyor</s>
<s>kayıyor</s>----->sayıyor</s>
<s>çöküyor</s>----->çöküyor</s>
<s>sokuyor</s>----->sokuyor</s>
<s>özlüyor</s>----->önlüyor</s>
<s>diliyor</s>----->dileyor</s>
<s>sayıyor</s>----->sayıyor</s>
<s>takıyor</s>----->takıyor</s>
<s>bıkıyor</s>----->bıkıyor</s>
<s>eğitiyor</s>----->eğiriyor</s>
<s>umuyoruz</s>----->umuyorum</s>
<s>kutluyor</s>----->kütliyor</s>
<s>süslüyor</s>----->süsüüyor</s>
<s>açıyoruz</s>----->açıyoruz</s>
<s>ödüyorum</s>----->bpüyorum</s>
<s>düşlüyor</s>----->düşüüyor</s>
<s>aramıyor</s>----->allmıyor</s>
<s>çatmıyor</s>----->çakııyor</s>
<s>yatmıyor</s>----->yapmıyor</s>
<s>iletiyor</s>----->isitiyor</s>
<s>arıyoruz</s>----->urıyoruz</s>
<s>yansıyor</s>----->yansıyors
<s>alışıyor</s>----->ayıyıyor</s>
<s>oluyoruz</s>----->oluyoruz</s>
<s>yanmıyor</s>----->yanmıyor</s>
<s>çalıyorum</s>----->çalıyorum</s>
<s>çalıyoruz</s>----->çalıyoruz</s>
<s>olmuyoruz</s>----->oluuyoruz</s>
<s>coşuyoruz</s>----->coşuyoruz</s>
<s>amaçlıyor</s>----->adaçlıyor</s>
<s>değiniyor</s>----->değiyiyor</s>
<s>çabalıyor</s>----->çapalıyor</s>
<s>kınıyoruz</s>----->kınıyoruz</s>
<s>yazıyoruz</s>----->yazıyorum</s>
<s>duyuyoruz</s>----->duyuyoruz</s>
<s>almıyorum</s>----->almıyorum</s>
<s>geziniyor</s>----->geziyiyor</s>
<s>yöneliyor</s>----->yöneliyor</s>
<s>evleniyor</s>----->eveeniyor</s>
<s>küçülüyor</s>----->küfüleyor</s>
<s>beğeniyor</s>----->beğeniyor</s>
<s>yarışıyor</s>----->yarışıyor</s>
<s>yakınıyor</s>----->yakıyıyor</s>
<s>birikiyor</s>----->giriklyor</s>
<s>yemiyorum</s>----->yemiyorum</s>
<s>izliyoruz</s>----->izliyoruz</s>
<s>planlıyor</s>----->taanlıyor</s>
<s>kılıyorum</s>----->kiliyorum</s>
<s>demiyorum</s>----->demiyorum</s>
<s>geçiyorum</s>----->geçiyorum</s>
<s>anlıyoruz</s>----->enliyoruz</s>
<s>gelişiyor</s>----->geçişiyor</s>
<s>uçmuyorum</s>----->uçmuyorum</s>
<s>uyuşmuyor</s>----->uyummuyor</s>
<s>unutmuyor</s>----->unutmuyor</s>
<s>satıyoruz</s>----->satıyoruz</s>
<s>konuyoruz</s>----->konuyoruz</s>
<s>soğuyorum</s>----->soğuyorum</s>
<s>sıralıyor</s>----->sırarıyor</s>
<s>giriyorum</s>----->giyiyorum</s>
<s>özlüyorum</s>----->özüüyorum</s>
<s>azarlıyor</s>----->azarlıyor</s>
<s>okşuyorum</s>----->okuuyorum</s>
<s>sömürüyor</s>----->dömüylyor</s>
<s>kızıyorum</s>----->kızıyorum</s>
<s>sunuyorum</s>----->sunuyorum</s>
<s>koşuyoruz</s>----->koşuyoruz</s>
<s>kalıyoruz</s>----->kalıyorsz</s>
<s>demiyoruz</s>----->demiyoruz</s>
<s>sokuyoruz</s>----->sokuyoruz</s>
<s>korkmuyor</s>----->korkuuyor</s>
<s>üstleniyor</s>----->üstleneyor</s>
<s>görüyorlar</s>----->görünorlar</s>
<s>çalmıyorum</s>----->çalııyorum</s>
<s>harcıyorum</s>----->harcıyorum</s>
<s>gerekmiyor</s>----->gerekmeyor</s>
<s>kaydediyor</s>----->kayaıyiyor</s>
<s>kurtarıyor</s>----->kurtarayor</s>
<s>fırlamıyor</s>----->girmamıyor</s>
<s>yapıyorsun</s>----->yapıyorsun</s>
<s>dönüşmüyor</s>----->dönüşmüyor</s>
<s>birleşiyor</s>----->girgişiyor</s>
<s>bulmuyoruz</s>----->buluuyoruz</s>
<s>katıyorlar</s>----->katıyorlar</s>
<s>tanıyorlar</s>----->tanıyorlar</s>
<s>sağlıyoruz</s>----->sağlıyorsz</s>
<s>duyuyorlar</s>----->uuyuyorlar</s>
<s>koyuyorlar</s>----->koyuyorlar</s>
<s>genişliyor</s>----->geçişliyor</s>
<s>dönüyorlar</s>----->dönüyorlar</s>
<s>görüyorsun</s>----->görüyorsun</s>
<s>çağrılıyor</s>----->çağıılıyor</s>
<s>siliyorlar</s>----->sileyorlar</s>
<s>değinmiyor</s>----->değinmeyor</s>
<s>kızmıyorum</s>----->kızaayorum</s>
<s>tamamlıyor</s>----->tamamııyor</s>
<s>yerleşiyor</s>----->yerlişiyor</s>
<s>uyarıyorum</s>----->uyurıyorum</s>
<s>suçlamıyor</s>----->suçlayıyor</s>
<s>sanıyorlar</s>----->sanıylrlar</s>
<s>dışlamıyor</s>----->dillarıyor</s>
<s>satmıyorum</s>----->satmıyorum</s>
<s>sığmıyorum</s>----->sanlayorum</s>
<s>kovuyorlar</s>----->korarorlar</s>
<s>özlüyorlar</s>----->ölleyorlar</s>
<s>soruyorlar</s>----->soruyorlar</s>
<s>kazanmıyor</s>----->kazanııyor</s>
<s>haykırıyor</s>----->yayııllyor</s>
<s>saymıyorum</s>----->sayııyorum</s>
<s>korkuyoruz</s>----->koruuyorum</s>
<s>zayıflıyor</s>----->aaznnlıyor</s>
<s>başlıyoruz</s>----->başlıyoruz</s>
<s>patlamıyor</s>----->patlamayor</s>
<s>girmiyoruz</s>----->girmiyoruz</s>
<s>sanmıyoruz</s>----->savmıyoruz</s>
<s>beklemiyor</s>----->beklemeyor</s>
<s>taşıyorlar</s>----->daşlyorlar</s>
<s>aktarıyoruz</s>----->attarıyoruz</s>
<s>yırtıyorlar</s>----->yıraıyorlar</s>
<s>görüşüyoruz</s>----->görüyüyoruz</s>
<s>hoşlanmıyor</s>----->hoşlanmıyor</s>
<s>ödüyorsunuz</s>----->ddüyorsunuz</s>
<s>başlıyorlar</s>----->başlıyorlar</s>
<s>yolluyorlar</s>----->yoluuyorlar</s>
<s>çeviriyorum</s>----->çevireyerum</s>
<s>açıklıyoruz</s>----->açıklıyorsz</s>
<s>özetliyorum</s>----->önetleyorum</s>
<s>uçuyorsunuz</s>----->usuyorsunuz</s>
<s>davranmıyor</s>----->davranmıyor</s>
<s>savunuyorum</s>----->savuşayorum</s>
<s>onaylamıyor</s>----->onaylamayor</s>
<s>tekrarlıyor</s>----->tekrilliyor</s>
<s>eleştiriyor</s>----->eleştirdyor</s>
<s>ilerliyorum</s>----->ilerliyorum</s>
<s>inanıyorlar</s>----->inanıyorlar</s>
<s>geçiniyorum</s>----->geçiyiyorum</s>
<s>arzuluyorum</s>----->ağııyıyoruz</s>
<s>yaşamıyorum</s>----->yaşamayorum</s>
<s>uyguluyoruz</s>----->uyguluyorsz</s>
<s>zorluyorlar</s>----->horleyorlar</s>
<s>bulunuyoruz</s>----->bulunuyorsz</s>
<s>açıklamıyor</s>----->açaklayayor</s>
<s>hastalanıyor</s>----->sasaalanıyor</s>
<s>hazırlıyoruz</s>----->hazırlayorsz</s>
<s>kullanıyoruz</s>----->kallanıyorsz</s>
<s>beklemiyoruz</s>----->beğlemeyorum</s>
<s>öğreniyorlar</s>----->eğreniyorlar</s>
<s>kalıyorsunuz</s>----->kalkyorsunuz</s>
<s>etmiyorsunuz</s>----->etmiyorsunuz</s>
<s>yıpratıyorum</s>----->şapraşıyorum</s>
<s>gönderiyorum</s>----->gönderiyorum</s>
<s>yakınıyorlar</s>----->yakınlyorlar</s>
<s>hedefliyoruz</s>----->hesefleyorum</s>
<s>yayınlıyoruz</s>----->yiyıylıyorum</s>
<s>getirmiyorum</s>----->getirmeyorum</s>
<s>yorumluyorum</s>----->yorumlayorum</s>
<s>engellemiyor</s>----->engellemeyor</s>
<s>yönetiyorlar</s>----->yönetlyorlar</s>
<s>yerleşiyoruz</s>----->yerlişiyoruz</s>
<s>evleniyorlar</s>----->enleneyorlar</s>
<s>kastediyorum</s>----->kestediyorum</s>
<s>tiksiniyorum</s>----->tiksiyiyoruz</s>
<s>seçiyorsunuz</s>----->seçiyorsunuz</s>
<s>kızıyorsunuz</s>----->kızayorsunuz</s>
<s>dolaşmıyorum</s>----->doşuşmıyorum</s>
<s>seyrediyoruz</s>----->seyrediyorsz</s>
<s>karşılaşıyor</s>----->karşılaştyor</s>
<s>karşılıyoruz</s>----->karşılayorsz</s>
<s>bayılıyorlar</s>----->bayılıyorlar</s>
<s>yaklaşıyorum</s>----->yaklaşıyorum</s>
<s>söylemiyorlar</s>----->söyleyiyorlar</s>
<s>tanımlıyorlar</s>----->tanıllayor</s>ar</s>
<s>düşünmüyorlar</s>----->düşünmüyorlar</s>
<s>harcıyorsunuz</s>----->harşıyorsunuz</s>
<s>topluyorsunuz</s>----->toplayorsunuz</s>
<s>hoşlanmıyorum</s>----->ooşlanııyorum</s>
<s>saçmalıyorlar</s>----->saçlalıyorlar</s>
<s>hazırlıyorlar</s>----->hazırlıyor</s>ar</s>
<s>vazgeçmiyoruz</s>----->öazgeçeeyorsz</s>
<s>araştırıyorum</s>----->araştırıyorum</s>
<s>gönderiyorlar</s>----->dönderiyorlar</s>
<s>kaybediyorlar</s>----->kaybediyorlar</s>
<s>bahsediyorlar</s>----->bahsediyorlar</s>
<s>seyrediyorlar</s>----->seyrediyorlar</s>
<s>yayınlıyorlar</s>----->yanınlıyorlar</s>
<s>tırmanıyorlar</s>----->tıraanıyorlar</s>
<s>zannetmiyorum</s>----->zannetmeyorum</s>
<s>parçalıyorlar</s>----->parpılıyor</s>ar</s>
<s>uygulamıyoruz</s>----->ungulaşıyorsm</s>
<s>göstermiyorlar</s>----->göstermiyorlar</s>
<s>planlıyorsunuz</s>----->taanlıyorsunuz</s>
<s>karşılaşıyoruz</s>----->karşılaşıyorsz</s>
<s>eleştirmiyorum</s>----->elişiiriiyorum</s>
<s>bırakıyorsunuz</s>----->biraktyorsunuz</s>
<s>getiriyorsunuz</s>----->getireyorsunuz</s>
<s>uyguluyorsunuz</s>----->uşguluyorsunuz</s>
<s>kastediyorsunuz</s>----->kastediyorsunuz</s>
<s>gösteriyorsunuz</s>----->geseereyorsunuz</s>
<s>engelliyorsunuz</s>----->evgeliiyorsunuz</s>
<s>karşılaşıyorlar</s>----->kayşılaştyor</s>ar</s>
val ---  avg_loss: 2.9999, avg_recon_loss: 0.2808, avg_vq_loss: 2.7190, acc: 0.9030, vq_inds: [30, 22, 23, 26, 24, 25, 25, 27] 

epoch: 31,  avg_loss: 3.5409, avg_recon_loss: 0.1584, avg_vq_loss: 3.3825, acc: 0.9418, vq_inds: [32, 30, 29, 32, 29, 30, 32, 32] 
val ---  avg_loss: 3.3456, avg_recon_loss: 0.2577, avg_vq_loss: 3.0879, acc: 0.9162, vq_inds: [29, 22, 24, 27, 22, 26, 25, 27] 

epoch: 32,  avg_loss: 3.4642, avg_recon_loss: 0.1121, avg_vq_loss: 3.3521, acc: 0.9611, vq_inds: [32, 29, 29, 31, 29, 31, 32, 32] 
val ---  avg_loss: 2.7898, avg_recon_loss: 0.2599, avg_vq_loss: 2.5298, acc: 0.9251, vq_inds: [32, 23, 23, 26, 25, 25, 26, 26] 

epoch: 33,  avg_loss: 2.9021, avg_recon_loss: 0.0952, avg_vq_loss: 2.8069, acc: 0.9681, vq_inds: [32, 30, 29, 32, 29, 32, 32, 32] 
val ---  avg_loss: 2.3519, avg_recon_loss: 0.2397, avg_vq_loss: 2.1122, acc: 0.9183, vq_inds: [32, 23, 23, 27, 24, 27, 26, 28] 

epoch: 34,  avg_loss: 2.5652, avg_recon_loss: 0.0852, avg_vq_loss: 2.4800, acc: 0.9719, vq_inds: [32, 29, 29, 32, 29, 30, 32, 32] 
val ---  avg_loss: 2.2171, avg_recon_loss: 0.2179, avg_vq_loss: 1.9992, acc: 0.9226, vq_inds: [31, 24, 23, 25, 24, 28, 27, 28] 

epoch: 35,  avg_loss: 2.3915, avg_recon_loss: 0.0813, avg_vq_loss: 2.3101, acc: 0.9720, vq_inds: [32, 28, 28, 32, 29, 32, 32, 32] 
val ---  avg_loss: 2.0880, avg_recon_loss: 0.2306, avg_vq_loss: 1.8574, acc: 0.9192, vq_inds: [32, 22, 23, 25, 23, 26, 26, 25] 
update best loss 

epoch: 36,  avg_loss: 2.1946, avg_recon_loss: 0.0761, avg_vq_loss: 2.1185, acc: 0.9740, vq_inds: [32, 30, 29, 32, 29, 32, 32, 32] 
val ---  avg_loss: 2.0156, avg_recon_loss: 0.2442, avg_vq_loss: 1.7715, acc: 0.9209, vq_inds: [30, 21, 24, 26, 24, 25, 26, 26] 
update best loss 

epoch: 37,  avg_loss: 2.0688, avg_recon_loss: 0.0692, avg_vq_loss: 1.9996, acc: 0.9774, vq_inds: [32, 29, 29, 32, 29, 32, 32, 32] 
val ---  avg_loss: 1.8789, avg_recon_loss: 0.2351, avg_vq_loss: 1.6437, acc: 0.9149, vq_inds: [31, 21, 22, 26, 24, 27, 27, 25] 
update best loss 

epoch: 38,  avg_loss: 1.9177, avg_recon_loss: 0.0675, avg_vq_loss: 1.8501, acc: 0.9776, vq_inds: [32, 30, 29, 32, 29, 32, 32, 32] 
val ---  avg_loss: 1.7564, avg_recon_loss: 0.2267, avg_vq_loss: 1.5297, acc: 0.9192, vq_inds: [32, 21, 25, 27, 24, 26, 26, 27] 
update best loss 

epoch: 39,  avg_loss: 1.8202, avg_recon_loss: 0.0631, avg_vq_loss: 1.7571, acc: 0.9796, vq_inds: [32, 30, 30, 32, 29, 32, 32, 32] 
val ---  avg_loss: 1.7014, avg_recon_loss: 0.2413, avg_vq_loss: 1.4601, acc: 0.9175, vq_inds: [31, 21, 23, 26, 26, 24, 28, 28] 
update best loss 

epoch: 40,  avg_loss: 1.7152, avg_recon_loss: 0.0602, avg_vq_loss: 1.6550, acc: 0.9805, vq_inds: [32, 30, 30, 32, 29, 32, 32, 32] 
<s>esiyor</s>----->esiyor</s>
<s>övüyor</s>----->öpüyor</s>
<s>atlıyor</s>----->atlıyor</s>
<s>ekliyor</s>----->ekliyor</s>
<s>kaçıyor</s>----->kaçıyor</s>
<s>yürüyor</s>----->yürüyoru
<s>yumuyor</s>----->yuyuyorl
<s>uğruyor</s>----->uğruyor</s>
<s>çözüyor</s>----->çözüyor</s>
<s>kınıyor</s>----->kınıyor</s>
<s>kayıyor</s>----->kayıyor</s>
<s>çöküyor</s>----->çöküyor</s>
<s>sokuyor</s>----->sokuyor</s>
<s>özlüyor</s>----->önlüyor</s>
<s>diliyor</s>----->dileyor</s>
<s>sayıyor</s>----->sayıyor</s>
<s>takıyor</s>----->takıyor</s>
<s>bıkıyor</s>----->kıkıyor</s>
<s>eğitiyor</s>----->eğitiyor</s>
<s>umuyoruz</s>----->umuyorum</s>
<s>kutluyor</s>----->kuttuyor</s>
<s>süslüyor</s>----->süslüyor</s>
<s>açıyoruz</s>----->açıyoruz</s>
<s>ödüyorum</s>----->öpüyorum</s>
<s>düşlüyor</s>----->düşüüyor</s>
<s>aramıyor</s>----->ağamıyor</s>
<s>çatmıyor</s>----->çatııyor</s>
<s>yatmıyor</s>----->yapmıyor</s>
<s>iletiyor</s>----->isitiyor</s>
<s>arıyoruz</s>----->arıyoruz</s>
<s>yansıyor</s>----->yonııyor</s>
<s>alışıyor</s>----->aşışıror</s>
<s>oluyoruz</s>----->oluyor</s>z</s>
<s>yanmıyor</s>----->yanmıyor</s>
<s>çalıyorum</s>----->çalıyorum</s>
<s>çalıyoruz</s>----->çalıyoruz</s>
<s>olmuyoruz</s>----->oluuyor</s>z</s>
<s>coşuyoruz</s>----->coşuyoruz</s>
<s>amaçlıyor</s>----->açaçııyor</s>
<s>değiniyor</s>----->değiniyor</s>
<s>çabalıyor</s>----->çalalıyor</s>
<s>kınıyoruz</s>----->kızıyorum</s>
<s>yazıyoruz</s>----->yazıyoruz</s>
<s>duyuyoruz</s>----->duyuyorum</s>
<s>almıyorum</s>----->almıyorum</s>
<s>geziniyor</s>----->geziniyor</s>
<s>yöneliyor</s>----->yöneliyor</s>
<s>evleniyor</s>----->evleniyor</s>
<s>küçülüyor</s>----->kütülüyor</s>
<s>beğeniyor</s>----->beğeniyor</s>
<s>yarışıyor</s>----->yarışıyor</s>
<s>yakınıyor</s>----->yakıyıyor</s>
<s>birikiyor</s>----->biriylyor</s>
<s>yemiyorum</s>----->yemiyoruz</s>
<s>izliyoruz</s>----->izliyoruz</s>
<s>planlıyor</s>----->paanııyor</s>
<s>kılıyorum</s>----->kılıyorum</s>
<s>demiyorum</s>----->demiyorum</s>
<s>geçiyorum</s>----->geçiyorum</s>
<s>anlıyoruz</s>----->anlıyoruz</s>
<s>gelişiyor</s>----->gelişiyor</s>
<s>uçmuyorum</s>----->tçmuyorum</s>
<s>uyuşmuyor</s>----->uyummuyor</s>
<s>unutmuyor</s>----->unutuuşor</s>
<s>satıyoruz</s>----->satıyoruz</s>
<s>konuyoruz</s>----->kokuyoruz</s>
<s>soğuyorum</s>----->soğuyorum</s>
<s>sıralıyor</s>----->sırılıyor</s>
<s>giriyorum</s>----->giyiyorum</s>
<s>özlüyorum</s>----->önüüyorum</s>
<s>azarlıyor</s>----->azarlıyor</s>
<s>okşuyorum</s>----->okuuyorum</s>
<s>sömürüyor</s>----->gömüylmor</s>
<s>kızıyorum</s>----->kızayorum</s>
<s>sunuyorum</s>----->sunuyorum</s>
<s>koşuyoruz</s>----->koşuyoruz</s>
<s>kalıyoruz</s>----->kalıyorsz</s>
<s>demiyoruz</s>----->demiyoruz</s>
<s>sokuyoruz</s>----->sokuyoruz</s>
<s>korkmuyor</s>----->kormmuyor</s>
<s>üstleniyor</s>----->üstleniyor</s>
<s>görüyorlar</s>----->görüyorlar</s>
<s>çalmıyorum</s>----->çalmışorum</s>
<s>harcıyorum</s>----->harcıyorum</s>
<s>gerekmiyor</s>----->gerikmiyor</s>
<s>kaydediyor</s>----->kaydediyor</s>
<s>kurtarıyor</s>----->kuraarıyor</s>
<s>fırlamıyor</s>----->billamıyor</s>
<s>yapıyorsun</s>----->yapıyorsun</s>
<s>dönüşmüyor</s>----->dönüyüüyor</s>
<s>birleşiyor</s>----->billişiror</s>
<s>bulmuyoruz</s>----->bulmuyoruz</s>
<s>katıyorlar</s>----->katıyorlar</s>
<s>tanıyorlar</s>----->tanışorlar</s>
<s>sağlıyoruz</s>----->savııyorsz</s>
<s>duyuyorlar</s>----->duyoyorlar</s>
<s>koyuyorlar</s>----->koyuyorlar</s>
<s>genişliyor</s>----->geçişiiyor</s>
<s>dönüyorlar</s>----->dönüyorlar</s>
<s>görüyorsun</s>----->görüyorsun</s>
<s>çağrılıyor</s>----->çağıılıyor</s>
<s>siliyorlar</s>----->siliyorlar</s>
<s>değinmiyor</s>----->değişmiyor</s>
<s>kızmıyorum</s>----->kazaıyorum</s>
<s>tamamlıyor</s>----->tamımııyor</s>
<s>yerleşiyor</s>----->yerlişiyor</s>
<s>uyarıyorum</s>----->uyarıyorum</s>
<s>suçlamıyor</s>----->suçlayışor</s>
<s>sanıyorlar</s>----->sanlyorlar</s>
<s>dışlamıyor</s>----->çışlımıyor</s>
<s>satmıyorum</s>----->satmıyorum</s>
<s>sığmıyorum</s>----->sakııyorum</s>
<s>kovuyorlar</s>----->kovuşorlar</s>
<s>özlüyorlar</s>----->özlüyorlar</s>
<s>soruyorlar</s>----->soruyorlar</s>
<s>kazanmıyor</s>----->kazanmıyor</s>
<s>haykırıyor</s>----->yaykışlyor</s>
<s>saymıyorum</s>----->yazmıyorum</s>
<s>korkuyoruz</s>----->koruuyor</s>z</s>
<s>zayıflıyor</s>----->zayıflıyor</s>
<s>başlıyoruz</s>----->başlıyoruz</s>
<s>patlamıyor</s>----->patlımıyor</s>
<s>girmiyoruz</s>----->girmiyoruz</s>
<s>sanmıyoruz</s>----->sanmıyoruz</s>
<s>beklemiyor</s>----->beklemiyor</s>
<s>taşıyorlar</s>----->topayorlar</s>
<s>aktarıyoruz</s>----->attarıyoruz</s>
<s>yırtıyorlar</s>----->yırııyorlar</s>
<s>görüşüyoruz</s>----->görüyüyoruz</s>
<s>hoşlanmıyor</s>----->hoşlanmışor</s>
<s>ödüyorsunuz</s>----->yyüyorsunuz</s>
<s>başlıyorlar</s>----->başlıyorlar</s>
<s>yolluyorlar</s>----->yoluuyorlar</s>
<s>çeviriyorum</s>----->çeviriyoruz</s>
<s>açıklıyoruz</s>----->açıkııyoruz</s>
<s>özetliyorum</s>----->özetliyorum</s>
<s>uçuyorsunuz</s>----->uçuyorsunuz</s>
<s>davranmıyor</s>----->davranmışor</s>
<s>savunuyorum</s>----->savunuyorum</s>
<s>onaylamıyor</s>----->oyaylamıyor</s>
<s>tekrarlıyor</s>----->tekrarlayor</s>
<s>eleştiriyor</s>----->ereştiliror</s>
<s>ilerliyorum</s>----->iliriiyorum</s>
<s>inanıyorlar</s>----->inanıyorlar</s>
<s>geçiniyorum</s>----->giçiyiyorum</s>
<s>arzuluyorum</s>----->arııyıyor</s>z</s>
<s>yaşamıyorum</s>----->yaşımıyorum</s>
<s>uyguluyoruz</s>----->uşguluyorsz</s>
<s>zorluyorlar</s>----->zorluyorlar</s>
<s>bulunuyoruz</s>----->buluyuyoruz</s>
<s>açıklamıyor</s>----->açıklamışor</s>
<s>hastalanıyor</s>----->hastalanıyor</s>
<s>hazırlıyoruz</s>----->hazırlıyoruz</s>
<s>kullanıyoruz</s>----->bullanıyoruz</s>
<s>beklemiyoruz</s>----->bekmemiyorum</s>
<s>öğreniyorlar</s>----->eğrenmyorlar</s>
<s>kalıyorsunuz</s>----->kalıyorsunuz</s>
<s>etmiyorsunuz</s>----->edmiyorsunuz</s>
<s>yıpratıyorum</s>----->yaştıdıyorum</s>
<s>gönderiyorum</s>----->gönderiyorum</s>
<s>yakınıyorlar</s>----->yakınıyorlar</s>
<s>hedefliyoruz</s>----->heçefleyoruz</s>
<s>yayınlıyoruz</s>----->yayınııyorum</s>
<s>getirmiyorum</s>----->getirmiyorum</s>
<s>yorumluyorum</s>----->yorumluyorum</s>
<s>engellemiyor</s>----->önzelmimiyor</s>
<s>yönetiyorlar</s>----->yönetlyorlar</s>
<s>yerleşiyoruz</s>----->yergeşiyor</s>z</s>
<s>evleniyorlar</s>----->evlenirorlar</s>
<s>kastediyorum</s>----->kestediyorum</s>
<s>tiksiniyorum</s>----->kiksiyiyorum</s>
<s>seçiyorsunuz</s>----->seçiyorsunuz</s>
<s>kızıyorsunuz</s>----->kızıyorsunuz</s>
<s>dolaşmıyorum</s>----->dolammıyorum</s>
<s>seyrediyoruz</s>----->seyredeyoruz</s>
<s>karşılaşıyor</s>----->karşılaşıyor</s>
<s>karşılıyoruz</s>----->karşılayorsz</s>
<s>bayılıyorlar</s>----->bayılıyorlar</s>
<s>yaklaşıyorum</s>----->kaklışıyorum</s>
<s>söylemiyorlar</s>----->söylemiyorlar</s>
<s>tanımlıyorlar</s>----->tanımııyor</s>ar</s>
<s>düşünmüyorlar</s>----->düşünmüyorlar</s>
<s>harcıyorsunuz</s>----->yarşıyorsunuz</s>
<s>topluyorsunuz</s>----->topaayorsunuz</s>
<s>hoşlanmıyorum</s>----->hoşlanııyoruz</s>
<s>saçmalıyorlar</s>----->saçmalıyorlar</s>
<s>hazırlıyorlar</s>----->hazırlıyorlar</s>
<s>vazgeçmiyoruz</s>----->vazmemmiyorsz</s>
<s>araştırıyorum</s>----->araştırıyorum</s>
<s>gönderiyorlar</s>----->gönderiyorlar</s>
<s>kaybediyorlar</s>----->kaybediyorlar</s>
<s>bahsediyorlar</s>----->bahsediyorlar</s>
<s>seyrediyorlar</s>----->seyrediyorlar</s>
<s>yayınlıyorlar</s>----->yayınlıyorlar</s>
<s>tırmanıyorlar</s>----->tarmanllorlar</s>
<s>zannetmiyorum</s>----->zonnetmiyorum</s>
<s>parçalıyorlar</s>----->parpılıyorlar</s>
<s>uygulamıyoruz</s>----->uygulmmıyorsz</s>
<s>göstermiyorlar</s>----->göstermiyorlar</s>
<s>planlıyorsunuz</s>----->ooanlıyorsunuz</s>
<s>karşılaşıyoruz</s>----->karşılaşıyorsz</s>
<s>eleştirmiyorum</s>----->etmmmimmişorum</s>
<s>bırakıyorsunuz</s>----->kırakıyorsunuz</s>
<s>getiriyorsunuz</s>----->getiriyorsunuz</s>
<s>uyguluyorsunuz</s>----->uşguluyorsunuz</s>
<s>kastediyorsunuz</s>----->sastediyorsunuz</s>
<s>gösteriyorsunuz</s>----->gösteriyoruunuz</s>
<s>engelliyorsunuz</s>----->engelliyorsunuz</s>
<s>karşılaşıyorlar</s>----->karşılaştyorlar</s>
val ---  avg_loss: 1.6433, avg_recon_loss: 0.2407, avg_vq_loss: 1.4025, acc: 0.9179, vq_inds: [31, 22, 23, 26, 25, 27, 26, 26] 
update best loss 

epoch: 41,  avg_loss: 1.6258, avg_recon_loss: 0.0583, avg_vq_loss: 1.5675, acc: 0.9813, vq_inds: [32, 30, 30, 32, 30, 32, 32, 32] 
val ---  avg_loss: 1.5950, avg_recon_loss: 0.2494, avg_vq_loss: 1.3456, acc: 0.9217, vq_inds: [32, 23, 23, 27, 26, 28, 28, 28] 
update best loss 

epoch: 42,  avg_loss: 1.5297, avg_recon_loss: 0.0537, avg_vq_loss: 1.4760, acc: 0.9827, vq_inds: [32, 30, 29, 32, 30, 32, 32, 32] 
val ---  avg_loss: 1.5099, avg_recon_loss: 0.2336, avg_vq_loss: 1.2763, acc: 0.9179, vq_inds: [31, 23, 24, 27, 25, 26, 27, 28] 
update best loss 

epoch: 43,  avg_loss: 1.4828, avg_recon_loss: 0.0562, avg_vq_loss: 1.4266, acc: 0.9808, vq_inds: [32, 30, 29, 32, 30, 32, 32, 32] 
val ---  avg_loss: 1.5028, avg_recon_loss: 0.2365, avg_vq_loss: 1.2663, acc: 0.9209, vq_inds: [32, 24, 25, 29, 24, 26, 29, 28] 
update best loss 

epoch: 44,  avg_loss: 1.4695, avg_recon_loss: 0.0564, avg_vq_loss: 1.4131, acc: 0.9815, vq_inds: [32, 29, 30, 32, 30, 32, 32, 32] 
val ---  avg_loss: 1.5545, avg_recon_loss: 0.2556, avg_vq_loss: 1.2989, acc: 0.9196, vq_inds: [31, 23, 23, 28, 23, 25, 28, 28] 

epoch: 45,  avg_loss: 1.4196, avg_recon_loss: 0.0484, avg_vq_loss: 1.3713, acc: 0.9852, vq_inds: [32, 31, 30, 32, 30, 32, 32, 32] 
val ---  avg_loss: 1.4445, avg_recon_loss: 0.2530, avg_vq_loss: 1.1915, acc: 0.9247, vq_inds: [32, 23, 24, 28, 26, 26, 28, 30] 
update best loss 

epoch: 46,  avg_loss: 1.3445, avg_recon_loss: 0.0478, avg_vq_loss: 1.2967, acc: 0.9853, vq_inds: [32, 31, 30, 32, 30, 32, 32, 32] 
val ---  avg_loss: 1.3696, avg_recon_loss: 0.2472, avg_vq_loss: 1.1223, acc: 0.9217, vq_inds: [32, 24, 24, 28, 26, 27, 29, 28] 
update best loss 

epoch: 47,  avg_loss: 1.2530, avg_recon_loss: 0.0460, avg_vq_loss: 1.2070, acc: 0.9854, vq_inds: [32, 30, 30, 32, 30, 32, 32, 32] 
val ---  avg_loss: 1.3900, avg_recon_loss: 0.2413, avg_vq_loss: 1.1487, acc: 0.9281, vq_inds: [32, 24, 24, 27, 26, 27, 28, 27] 

epoch: 48,  avg_loss: 1.2501, avg_recon_loss: 0.0463, avg_vq_loss: 1.2038, acc: 0.9856, vq_inds: [32, 29, 30, 32, 30, 32, 32, 32] 
val ---  avg_loss: 1.3240, avg_recon_loss: 0.2276, avg_vq_loss: 1.0964, acc: 0.9268, vq_inds: [32, 24, 22, 27, 22, 26, 30, 27] 
update best loss 

epoch: 49,  avg_loss: 1.2378, avg_recon_loss: 0.0483, avg_vq_loss: 1.1895, acc: 0.9844, vq_inds: [32, 29, 30, 32, 30, 32, 32, 32] 
val ---  avg_loss: 1.3859, avg_recon_loss: 0.2305, avg_vq_loss: 1.1554, acc: 0.9315, vq_inds: [31, 23, 23, 27, 22, 27, 30, 29] 

epoch: 50,  avg_loss: 1.2231, avg_recon_loss: 0.0493, avg_vq_loss: 1.1738, acc: 0.9842, vq_inds: [32, 29, 30, 32, 30, 32, 32, 32] 
<s>esiyor</s>----->esiyor</s>
<s>övüyor</s>----->ölüyor</s>
<s>atlıyor</s>----->atlıyor</s>
<s>ekliyor</s>----->ekliyor</s>
<s>kaçıyor</s>----->kaçıyor</s>
<s>yürüyor</s>----->yürüyor</s>
<s>yumuyor</s>----->yumuyor</s>
<s>uğruyor</s>----->uğruyor</s>
<s>çözüyor</s>----->çözüyor</s>
<s>kınıyor</s>----->kınıyor</s>
<s>kayıyor</s>----->kayıyor</s>
<s>çöküyor</s>----->çöküyor</s>
<s>sokuyor</s>----->sokuyor</s>
<s>özlüyor</s>----->önlüyor</s>
<s>diliyor</s>----->dileyor</s>
<s>sayıyor</s>----->sayıyor</s>
<s>takıyor</s>----->takıyor</s>
<s>bıkıyor</s>----->kıkıyor</s>
<s>eğitiyor</s>----->eğişiyor</s>
<s>umuyoruz</s>----->umuyoruz</s>
<s>kutluyor</s>----->kutluyor</s>
<s>süslüyor</s>----->süslüyor</s>
<s>açıyoruz</s>----->açıyoruz</s>
<s>ödüyorum</s>----->ödüyorum</s>
<s>düşlüyor</s>----->düşlüyor</s>
<s>aramıyor</s>----->aramıyor</s>
<s>çatmıyor</s>----->çalmıyor</s>
<s>yatmıyor</s>----->yapmıyor</s>
<s>iletiyor</s>----->isitiyor</s>
<s>arıyoruz</s>----->arıyoruz</s>
<s>yansıyor</s>----->yanııyor</s>
<s>alışıyor</s>----->aşışıror</s>
<s>oluyoruz</s>----->oluyoruz</s>
<s>yanmıyor</s>----->yazmıyor</s>
<s>çalıyorum</s>----->çalıyorum</s>
<s>çalıyoruz</s>----->çalıyoruz</s>
<s>olmuyoruz</s>----->olmuyor</s>z</s>
<s>coşuyoruz</s>----->coşuyoruz</s>
<s>amaçlıyor</s>----->açaçlıyor</s>
<s>değiniyor</s>----->değiyiyor</s>
<s>çabalıyor</s>----->çalllıyor</s>
<s>kınıyoruz</s>----->kınıyorum</s>
<s>yazıyoruz</s>----->yazıyoruz</s>
<s>duyuyoruz</s>----->duyuyoruz</s>
<s>almıyorum</s>----->almışorum</s>
<s>geziniyor</s>----->geziyiyor</s>
<s>yöneliyor</s>----->yöneliyor</s>
<s>evleniyor</s>----->evleniyor</s>
<s>küçülüyor</s>----->küçülüyor</s>
<s>beğeniyor</s>----->beğeniyor</s>
<s>yarışıyor</s>----->aarışıyor</s>
<s>yakınıyor</s>----->yakıyıyor</s>
<s>birikiyor</s>----->biriylyor</s>
<s>yemiyorum</s>----->yemiyorum</s>
<s>izliyoruz</s>----->izliyoruz</s>
<s>planlıyor</s>----->paünlıyor</s>
<s>kılıyorum</s>----->kılıyorum</s>
<s>demiyorum</s>----->eemiyorum</s>
<s>geçiyorum</s>----->geçiyorum</s>
<s>anlıyoruz</s>----->anlıyorum</s>
<s>gelişiyor</s>----->geçişiyor</s>
<s>uçmuyorum</s>----->tçmuyorum</s>
<s>uyuşmuyor</s>----->uyummuyor</s>
<s>unutmuyor</s>----->unutmuşor</s>
<s>satıyoruz</s>----->satıyoruz</s>
<s>konuyoruz</s>----->kokuyoruz</s>
<s>soğuyorum</s>----->sokuyorum</s>
<s>sıralıyor</s>----->sırılıyor</s>
<s>giriyorum</s>----->giriyorum</s>
<s>özlüyorum</s>----->önlüyorum</s>
<s>azarlıyor</s>----->azarlıyor</s>
<s>okşuyorum</s>----->okuuyorum</s>
<s>sömürüyor</s>----->sömüylyor</s>
<s>kızıyorum</s>----->kızıyorum</s>
<s>sunuyorum</s>----->sunuyorum</s>
<s>koşuyoruz</s>----->koşuyoruz</s>
<s>kalıyoruz</s>----->kalıyoruz</s>
<s>demiyoruz</s>----->eemiyoruz</s>
<s>sokuyoruz</s>----->sokuyoruz</s>
<s>korkmuyor</s>----->kormmuyor</s>
<s>üstleniyor</s>----->üstüüniyor</s>
<s>görüyorlar</s>----->görüyorlar</s>
<s>çalmıyorum</s>----->çalmışorsm</s>
<s>harcıyorum</s>----->harcıyorum</s>
<s>gerekmiyor</s>----->gerikmişor</s>
<s>kaydediyor</s>----->kaybidiyor</s>
<s>kurtarıyor</s>----->kuraarıror</s>
<s>fırlamıyor</s>----->çırlamıyor</s>
<s>yapıyorsun</s>----->yapıyorsun</s>
<s>dönüşmüyor</s>----->dönüyüüyor</s>
<s>birleşiyor</s>----->birlişiror</s>
<s>bulmuyoruz</s>----->bulmuyoruz</s>
<s>katıyorlar</s>----->katıyorlar</s>
<s>tanıyorlar</s>----->tanıyorlar</s>
<s>sağlıyoruz</s>----->sağlıyoruz</s>
<s>duyuyorlar</s>----->duyuyorlar</s>
<s>koyuyorlar</s>----->koyuyorlar</s>
<s>genişliyor</s>----->gelişliyor</s>
<s>dönüyorlar</s>----->dönüyorlar</s>
<s>görüyorsun</s>----->görüyorsun</s>
<s>çağrılıyor</s>----->çağııyıyor</s>
<s>siliyorlar</s>----->siliyorlar</s>
<s>değinmiyor</s>----->değinmiyor</s>
<s>kızmıyorum</s>----->kızmıyor</s>m</s>
<s>tamamlıyor</s>----->tamamlayor</s>
<s>yerleşiyor</s>----->yerlişiyor</s>
<s>uyarıyorum</s>----->urarıyorum</s>
<s>suçlamıyor</s>----->suçlamışor</s>
<s>sanıyorlar</s>----->sanlyorlar</s>
<s>dışlamıyor</s>----->dışlırıyor</s>
<s>satmıyorum</s>----->satmıyorum</s>
<s>sığmıyorum</s>----->tağııyorum</s>
<s>kovuyorlar</s>----->konuşorlar</s>
<s>özlüyorlar</s>----->öllüyorlar</s>
<s>soruyorlar</s>----->sorumorlar</s>
<s>kazanmıyor</s>----->kazanmıyor</s>
<s>haykırıyor</s>----->yayıışıyor</s>
<s>saymıyorum</s>----->yaymıyorum</s>
<s>korkuyoruz</s>----->korkuyoruz</s>
<s>zayıflıyor</s>----->hayıflıyor</s>
<s>başlıyoruz</s>----->başlıyoruz</s>
<s>patlamıyor</s>----->patlamıyor</s>
<s>girmiyoruz</s>----->giriiyoruz</s>
<s>sanmıyoruz</s>----->sanmıyoruz</s>
<s>beklemiyor</s>----->beklemiyor</s>
<s>taşıyorlar</s>----->talayorlar</s>
<s>aktarıyoruz</s>----->aktarızoruz</s>
<s>yırtıyorlar</s>----->yırtıyorlar</s>
<s>görüşüyoruz</s>----->görüyüyoruz</s>
<s>hoşlanmıyor</s>----->boşlanmıyor</s>
<s>ödüyorsunuz</s>----->ödüyorsunuz</s>
<s>başlıyorlar</s>----->başlıyorlar</s>
<s>yolluyorlar</s>----->yolluyor</s>ar</s>
<s>çeviriyorum</s>----->çeviriyorum</s>
<s>açıklıyoruz</s>----->açıklıyoruz</s>
<s>özetliyorum</s>----->özetliyorum</s>
<s>uçuyorsunuz</s>----->uçuyorsunuz</s>
<s>davranmıyor</s>----->davranmışor</s>
<s>savunuyorum</s>----->savunuyorum</s>
<s>onaylamıyor</s>----->onanmamıyorl
<s>tekrarlıyor</s>----->tekrarlayor</s>
<s>eleştiriyor</s>----->pliştik</s>şor</s>
<s>ilerliyorum</s>----->ileriiyorum</s>
<s>inanıyorlar</s>----->inanıyorlar</s>
<s>geçiniyorum</s>----->geçiyiyorum</s>
<s>arzuluyorum</s>----->arziliyor</s>m</s>
<s>yaşamıyorum</s>----->yaşayıyorum</s>
<s>uyguluyoruz</s>----->uyguluyorum</s>
<s>zorluyorlar</s>----->zorluyorlar</s>
<s>bulunuyoruz</s>----->buluyuyoruz</s>
<s>açıklamıyor</s>----->açıklamışor</s>
<s>hastalanıyor</s>----->hasaananmyor</s>
<s>hazırlıyoruz</s>----->hazırlayorum</s>
<s>kullanıyoruz</s>----->kullanıyorum</s>
<s>beklemiyoruz</s>----->beklemiyoruz</s>
<s>öğreniyorlar</s>----->öğreniyorlar</s>
<s>kalıyorsunuz</s>----->kalışorsunuz</s>
<s>etmiyorsunuz</s>----->edmiyorsunuz</s>
<s>yıpratıyorum</s>----->yıpratıyorum</s>
<s>gönderiyorum</s>----->öönderiyorum</s>
<s>yakınıyorlar</s>----->yakıyıyorlar</s>
<s>hedefliyoruz</s>----->eevefliyoruz</s>
<s>yayınlıyoruz</s>----->yayınlıyoruz</s>
<s>getirmiyorum</s>----->getirmiyorum</s>
<s>yorumluyorum</s>----->yürüyluyorum</s>
<s>engellemiyor</s>----->öngelmimiyor</s>
<s>yönetiyorlar</s>----->yöneliyorlar</s>
<s>yerleşiyoruz</s>----->yergiyiyoruz</s>
<s>evleniyorlar</s>----->evleşiyorlar</s>
<s>kastediyorum</s>----->kestediyorum</s>
<s>tiksiniyorum</s>----->taksınıyorum</s>
<s>seçiyorsunuz</s>----->seçiyorsunuz</s>
<s>kızıyorsunuz</s>----->kızıyorsunuz</s>
<s>dolaşmıyorum</s>----->dolaşmıyorum</s>
<s>seyrediyoruz</s>----->seyrediyoruz</s>
<s>karşılaşıyor</s>----->karşılaşıyor</s>
<s>karşılıyoruz</s>----->karşılıyorum</s>
<s>bayılıyorlar</s>----->bayılıyorlar</s>
<s>yaklaşıyorum</s>----->yaklaşıyorum</s>
<s>söylemiyorlar</s>----->söylemiyorlar</s>
<s>tanımlıyorlar</s>----->tanımlıyor</s>ar</s>
<s>düşünmüyorlar</s>----->düşünmüyoruar</s>
<s>harcıyorsunuz</s>----->harııyorsunuz</s>
<s>topluyorsunuz</s>----->mopluyorsunuz</s>
<s>hoşlanmıyorum</s>----->hoşlanııyorum</s>
<s>saçmalıyorlar</s>----->saçmalıyorlar</s>
<s>hazırlıyorlar</s>----->hayırlıyorlar</s>
<s>vazgeçmiyoruz</s>----->öazgeçeiyorum</s>
<s>araştırıyorum</s>----->araştırıyorum</s>
<s>gönderiyorlar</s>----->gönderiyoruar</s>
<s>kaybediyorlar</s>----->kaybediyorlar</s>
<s>bahsediyorlar</s>----->bahsediyorlar</s>
<s>seyrediyorlar</s>----->seyrediyorlar</s>
<s>yayınlıyorlar</s>----->yayınlayorlar</s>
<s>tırmanıyorlar</s>----->tırmanlror</s>ar</s>
<s>zannetmiyorum</s>----->zannetmiyorum</s>
<s>parçalıyorlar</s>----->parpılıyorlar</s>
<s>uygulamıyoruz</s>----->uzgulmmıyoruz</s>
<s>göstermiyorlar</s>----->göstermişorlar</s>
<s>planlıyorsunuz</s>----->taanlıyorsunuz</s>
<s>karşılaşıyoruz</s>----->karşılaşıyorsz</s>
<s>eleştirmiyorum</s>----->evmriimmişorum</s>
<s>bırakıyorsunuz</s>----->bırakıyorsunuz</s>
<s>getiriyorsunuz</s>----->getiriyorsunuz</s>
<s>uyguluyorsunuz</s>----->ulguldyorsunuz</s>
<s>kastediyorsunuz</s>----->kastediyorsunuz</s>
<s>gösteriyorsunuz</s>----->gösteriyorsunuz</s>
<s>engelliyorsunuz</s>----->engelliyorsunuz</s>
<s>karşılaşıyorlar</s>----->karşılaştyor</s>ar</s>
val ---  avg_loss: 1.3043, avg_recon_loss: 0.1955, avg_vq_loss: 1.1088, acc: 0.9294, vq_inds: [31, 23, 22, 28, 23, 25, 30, 28] 
update best loss 

epoch: 51,  avg_loss: 1.1974, avg_recon_loss: 0.0472, avg_vq_loss: 1.1502, acc: 0.9851, vq_inds: [32, 29, 30, 32, 30, 32, 32, 32] 
val ---  avg_loss: 1.3303, avg_recon_loss: 0.2297, avg_vq_loss: 1.1005, acc: 0.9234, vq_inds: [32, 21, 22, 27, 22, 27, 30, 30] 

epoch: 52,  avg_loss: 1.1493, avg_recon_loss: 0.0452, avg_vq_loss: 1.1041, acc: 0.9851, vq_inds: [32, 29, 30, 32, 30, 32, 32, 32] 
val ---  avg_loss: 1.2921, avg_recon_loss: 0.2232, avg_vq_loss: 1.0688, acc: 0.9285, vq_inds: [32, 22, 23, 27, 22, 26, 28, 29] 
update best loss 

epoch: 53,  avg_loss: 1.1837, avg_recon_loss: 0.0474, avg_vq_loss: 1.1362, acc: 0.9843, vq_inds: [32, 30, 30, 32, 30, 32, 32, 32] 
val ---  avg_loss: 1.4139, avg_recon_loss: 0.2577, avg_vq_loss: 1.1562, acc: 0.9196, vq_inds: [30, 22, 20, 28, 24, 27, 28, 31] 

epoch: 54,  avg_loss: 1.1927, avg_recon_loss: 0.0488, avg_vq_loss: 1.1439, acc: 0.9826, vq_inds: [32, 30, 30, 32, 30, 32, 32, 32] 
val ---  avg_loss: 1.3520, avg_recon_loss: 0.2441, avg_vq_loss: 1.1080, acc: 0.9264, vq_inds: [30, 22, 23, 26, 25, 26, 30, 28] 

epoch: 55,  avg_loss: 1.1960, avg_recon_loss: 0.0468, avg_vq_loss: 1.1493, acc: 0.9841, vq_inds: [32, 30, 30, 32, 30, 32, 32, 32] 
val ---  avg_loss: 1.3267, avg_recon_loss: 0.2347, avg_vq_loss: 1.0920, acc: 0.9319, vq_inds: [32, 23, 22, 29, 24, 28, 28, 29] 
