trn -- size:4000,  avg_surf_len: 9.84, avg_feat_len: 10.20, avg_root_len: 4.21 
Pos tag Verb: 0.92, count: 3669
Pos tag Noun: 0.05, count: 208
Pos tag Adj: 0.02, count: 97
Pos tag Pron: 0.00, count: 09
Pos tag Ques: 0.00, count: 08
Pos tag Postp: 0.00, count: 07
Pos tag Num: 0.00, count: 02
Polarity tag Pos: 0.77, count: 3064 
Polarity tag Neg: 0.19, count: 746 
Polarity tag <unk>: 0.05, count: 190 
Tense tag Aor: 0.25, count: 1000 
Tense tag Narr: 0.25, count: 1000 
Tense tag Past: 0.25, count: 1000 
Tense tag Prog1: 0.25, count: 1000 
Surfpos tag Verb: 1.00, count: 3992 
Surfpos tag Ques: 0.00, count: 08 
val -- size:361,  avg_surf_len: 10.47, avg_feat_len: 10.62, avg_root_len: 4.33 
Pos tag Verb: 0.93, count: 334
Pos tag Noun: 0.04, count: 14
Pos tag Adj: 0.04, count: 13
Polarity tag Pos: 0.74, count: 267 
Polarity tag Neg: 0.22, count: 81 
Polarity tag <unk>: 0.04, count: 13 
Tense tag Aor: 0.28, count: 100 
Tense tag Past: 0.28, count: 100 
Tense tag Prog1: 0.28, count: 100 
Tense tag Narr: 0.17, count: 61 
Surfpos tag Verb: 1.00, count: 361 

number of params: 5120 
Namespace(axs=array([<matplotlib.axes._subplots.AxesSubplot object at 0x7f4e9277ad50>,
       <matplotlib.axes._subplots.AxesSubplot object at 0x7f4e887fe290>],
      dtype=object), basemodel='models/ae/AE_trmor_agg0_kls0.00_warm10_0_0.pt', batchsize=128, bidirectional=False, bmodel='ae_original', clip_grad=5.0, dec_dropout_in=0.0, dec_dropout_out=0.0, dec_nh=1024, device='cuda', enc_dropout_in=0.0, enc_nh=1024, epochs=50, fig=<Figure size 640x480 with 2 Axes>, fig_path='logs/surf2tense/ae_original/4000_instances/50epochs.png', freeze_decoder=True, freeze_encoder=True, is_clip_grad=False, log_path='logs/surf2tense/ae_original/4000_instances/50epochs.log', logger=<utils.Logger object at 0x7f4e8877cdd0>, lr=0.01, maxtrnsize=57769, maxtstsize=8517, maxvalsize=8329, model=VAE(
  (encoder): LSTMEncoder(
    (embed): Embedding(39, 512)
    (lstm): LSTM(512, 1024, batch_first=True)
    (dropout_in): Dropout(p=0.0, inplace=False)
    (linear): None
  )
  (decoder): None
  (probe_linear): Linear(in_features=1024, out_features=5, bias=False)
  (closs): CrossEntropyLoss()
), modelname='logs/surf2tense/ae_original/4000_instances', ni=512, nz=32, opt='Adam', plt_style='-', reset_decoder=False, reset_encoder=False, save_path='logs/surf2tense/ae_original/4000_instances/50epochs.pt', seq_to_no_pad='surface', surface_vocab_file='trmor_data/surf/surf.uniquesurfs.trn.txt', task='surf2tense', trndata='trmor_data/tense/tense.uniquesurfs.trn.txt', trnsize=4000, tstsize=0, valdata='trmor_data/tense/tense.uniquesurfs.val.txt', valsize=361)

encoder.embed.weight, torch.Size([39, 512]): False
encoder.lstm.weight_ih_l0, torch.Size([4096, 512]): False
encoder.lstm.weight_hh_l0, torch.Size([4096, 1024]): False
encoder.lstm.bias_ih_l0, torch.Size([4096]): False
encoder.lstm.bias_hh_l0, torch.Size([4096]): False
probe_linear.weight, torch.Size([5, 1024]): True
epoch: 0 avg_loss: 86.7925, ppl: 2.7132, acc: 0.6617 
epoch correct: 2647 epoch wrong: 1353 epoch_num_tokens: 4000 
val --- avg_loss: 13.5691, ppl: 1.8946, acc: 0.8144  
epoch correct: 294 epoch wrong: 67 epoch_num_tokens: 361 
update best loss 

epoch: 1 avg_loss: 42.7496, ppl: 1.6350, acc: 0.8612 
epoch correct: 3445 epoch wrong: 555 epoch_num_tokens: 4000 
val --- avg_loss: 10.2511, ppl: 1.6205, acc: 0.8781  
epoch correct: 317 epoch wrong: 44 epoch_num_tokens: 361 
update best loss 

epoch: 2 avg_loss: 32.6059, ppl: 1.4549, acc: 0.9022 
epoch correct: 3609 epoch wrong: 391 epoch_num_tokens: 4000 
val --- avg_loss: 8.6592, ppl: 1.5035, acc: 0.8781  
epoch correct: 317 epoch wrong: 44 epoch_num_tokens: 361 
update best loss 

epoch: 3 avg_loss: 26.9929, ppl: 1.3640, acc: 0.9080 
epoch correct: 3632 epoch wrong: 368 epoch_num_tokens: 4000 
val --- avg_loss: 7.7122, ppl: 1.4379, acc: 0.9058  
epoch correct: 327 epoch wrong: 34 epoch_num_tokens: 361 
update best loss 

epoch: 4 avg_loss: 23.1093, ppl: 1.3044, acc: 0.9365 
epoch correct: 3746 epoch wrong: 254 epoch_num_tokens: 4000 
val --- avg_loss: 7.1032, ppl: 1.3972, acc: 0.9141  
epoch correct: 330 epoch wrong: 31 epoch_num_tokens: 361 
update best loss 

epoch: 5 avg_loss: 20.3022, ppl: 1.2630, acc: 0.9403 
epoch correct: 3761 epoch wrong: 239 epoch_num_tokens: 4000 
val --- avg_loss: 6.7209, ppl: 1.3723, acc: 0.9224  
epoch correct: 333 epoch wrong: 28 epoch_num_tokens: 361 
update best loss 

epoch: 6 avg_loss: 18.6146, ppl: 1.2387, acc: 0.9473 
epoch correct: 3789 epoch wrong: 211 epoch_num_tokens: 4000 
val --- avg_loss: 6.4835, ppl: 1.3571, acc: 0.9197  
epoch correct: 332 epoch wrong: 29 epoch_num_tokens: 361 
update best loss 

epoch: 7 avg_loss: 16.5792, ppl: 1.2100, acc: 0.9525 
epoch correct: 3810 epoch wrong: 190 epoch_num_tokens: 4000 
val --- avg_loss: 6.1206, ppl: 1.3341, acc: 0.9363  
epoch correct: 338 epoch wrong: 23 epoch_num_tokens: 361 
update best loss 

epoch: 8 avg_loss: 15.0970, ppl: 1.1896, acc: 0.9580 
epoch correct: 3832 epoch wrong: 168 epoch_num_tokens: 4000 
val --- avg_loss: 5.9812, ppl: 1.3253, acc: 0.9418  
epoch correct: 340 epoch wrong: 21 epoch_num_tokens: 361 
update best loss 

epoch: 9 avg_loss: 14.1861, ppl: 1.1772, acc: 0.9613 
epoch correct: 3845 epoch wrong: 155 epoch_num_tokens: 4000 
val --- avg_loss: 5.7769, ppl: 1.3126, acc: 0.9418  
epoch correct: 340 epoch wrong: 21 epoch_num_tokens: 361 
update best loss 

epoch: 10 avg_loss: 13.0804, ppl: 1.1623, acc: 0.9653 
epoch correct: 3861 epoch wrong: 139 epoch_num_tokens: 4000 
val --- avg_loss: 5.6123, ppl: 1.3025, acc: 0.9446  
epoch correct: 341 epoch wrong: 20 epoch_num_tokens: 361 
update best loss 

epoch: 11 avg_loss: 12.2291, ppl: 1.1510, acc: 0.9667 
epoch correct: 3867 epoch wrong: 133 epoch_num_tokens: 4000 
val --- avg_loss: 5.5002, ppl: 1.2956, acc: 0.9446  
epoch correct: 341 epoch wrong: 20 epoch_num_tokens: 361 
update best loss 

epoch: 12 avg_loss: 11.6146, ppl: 1.1429, acc: 0.9695 
epoch correct: 3878 epoch wrong: 122 epoch_num_tokens: 4000 
val --- avg_loss: 5.4135, ppl: 1.2904, acc: 0.9474  
epoch correct: 342 epoch wrong: 19 epoch_num_tokens: 361 
update best loss 

epoch: 13 avg_loss: 10.9975, ppl: 1.1348, acc: 0.9712 
epoch correct: 3885 epoch wrong: 115 epoch_num_tokens: 4000 
val --- avg_loss: 5.3374, ppl: 1.2858, acc: 0.9474  
epoch correct: 342 epoch wrong: 19 epoch_num_tokens: 361 
update best loss 

epoch: 14 avg_loss: 10.4431, ppl: 1.1276, acc: 0.9745 
epoch correct: 3898 epoch wrong: 102 epoch_num_tokens: 4000 
val --- avg_loss: 5.1563, ppl: 1.2748, acc: 0.9474  
epoch correct: 342 epoch wrong: 19 epoch_num_tokens: 361 
update best loss 

epoch: 15 avg_loss: 9.9179, ppl: 1.1208, acc: 0.9750 
epoch correct: 3900 epoch wrong: 100 epoch_num_tokens: 4000 
val --- avg_loss: 5.1312, ppl: 1.2733, acc: 0.9474  
epoch correct: 342 epoch wrong: 19 epoch_num_tokens: 361 
update best loss 

epoch: 16 avg_loss: 9.5343, ppl: 1.1159, acc: 0.9762 
epoch correct: 3905 epoch wrong: 95 epoch_num_tokens: 4000 
val --- avg_loss: 4.9844, ppl: 1.2646, acc: 0.9474  
epoch correct: 342 epoch wrong: 19 epoch_num_tokens: 361 
update best loss 

epoch: 17 avg_loss: 9.0677, ppl: 1.1099, acc: 0.9785 
epoch correct: 3914 epoch wrong: 86 epoch_num_tokens: 4000 
val --- avg_loss: 4.9790, ppl: 1.2642, acc: 0.9474  
epoch correct: 342 epoch wrong: 19 epoch_num_tokens: 361 
update best loss 

epoch: 18 avg_loss: 8.6792, ppl: 1.1050, acc: 0.9798 
epoch correct: 3919 epoch wrong: 81 epoch_num_tokens: 4000 
val --- avg_loss: 4.8568, ppl: 1.2570, acc: 0.9474  
epoch correct: 342 epoch wrong: 19 epoch_num_tokens: 361 
update best loss 

epoch: 19 avg_loss: 8.3044, ppl: 1.1002, acc: 0.9800 
epoch correct: 3920 epoch wrong: 80 epoch_num_tokens: 4000 
val --- avg_loss: 4.7443, ppl: 1.2503, acc: 0.9474  
epoch correct: 342 epoch wrong: 19 epoch_num_tokens: 361 
update best loss 

epoch: 20 avg_loss: 8.0848, ppl: 1.0974, acc: 0.9810 
epoch correct: 3924 epoch wrong: 76 epoch_num_tokens: 4000 
val --- avg_loss: 4.8123, ppl: 1.2544, acc: 0.9474  
epoch correct: 342 epoch wrong: 19 epoch_num_tokens: 361 

epoch: 21 avg_loss: 7.7168, ppl: 1.0928, acc: 0.9832 
epoch correct: 3933 epoch wrong: 67 epoch_num_tokens: 4000 
val --- avg_loss: 4.5895, ppl: 1.2413, acc: 0.9474  
epoch correct: 342 epoch wrong: 19 epoch_num_tokens: 361 
update best loss 

epoch: 22 avg_loss: 7.4459, ppl: 1.0894, acc: 0.9825 
epoch correct: 3930 epoch wrong: 70 epoch_num_tokens: 4000 
val --- avg_loss: 4.5910, ppl: 1.2413, acc: 0.9474  
epoch correct: 342 epoch wrong: 19 epoch_num_tokens: 361 

epoch: 23 avg_loss: 7.2147, ppl: 1.0865, acc: 0.9850 
epoch correct: 3940 epoch wrong: 60 epoch_num_tokens: 4000 
val --- avg_loss: 4.5029, ppl: 1.2362, acc: 0.9474  
epoch correct: 342 epoch wrong: 19 epoch_num_tokens: 361 
update best loss 

epoch: 24 avg_loss: 6.9692, ppl: 1.0834, acc: 0.9840 
epoch correct: 3936 epoch wrong: 64 epoch_num_tokens: 4000 
val --- avg_loss: 4.4915, ppl: 1.2355, acc: 0.9501  
epoch correct: 343 epoch wrong: 18 epoch_num_tokens: 361 
update best loss 

epoch: 25 avg_loss: 6.7179, ppl: 1.0803, acc: 0.9855 
epoch correct: 3942 epoch wrong: 58 epoch_num_tokens: 4000 
val --- avg_loss: 4.4109, ppl: 1.2309, acc: 0.9474  
epoch correct: 342 epoch wrong: 19 epoch_num_tokens: 361 
update best loss 

epoch: 26 avg_loss: 6.5778, ppl: 1.0786, acc: 0.9862 
epoch correct: 3945 epoch wrong: 55 epoch_num_tokens: 4000 
val --- avg_loss: 4.3681, ppl: 1.2284, acc: 0.9474  
epoch correct: 342 epoch wrong: 19 epoch_num_tokens: 361 
update best loss 

epoch: 27 avg_loss: 6.3449, ppl: 1.0757, acc: 0.9865 
epoch correct: 3946 epoch wrong: 54 epoch_num_tokens: 4000 
val --- avg_loss: 4.2929, ppl: 1.2240, acc: 0.9501  
epoch correct: 343 epoch wrong: 18 epoch_num_tokens: 361 
update best loss 

epoch: 28 avg_loss: 6.1686, ppl: 1.0735, acc: 0.9872 
epoch correct: 3949 epoch wrong: 51 epoch_num_tokens: 4000 
val --- avg_loss: 4.2053, ppl: 1.2190, acc: 0.9529  
epoch correct: 344 epoch wrong: 17 epoch_num_tokens: 361 
update best loss 

epoch: 29 avg_loss: 5.9463, ppl: 1.0708, acc: 0.9872 
epoch correct: 3949 epoch wrong: 51 epoch_num_tokens: 4000 
val --- avg_loss: 4.1291, ppl: 1.2146, acc: 0.9501  
epoch correct: 343 epoch wrong: 18 epoch_num_tokens: 361 
update best loss 

epoch: 30 avg_loss: 5.8099, ppl: 1.0691, acc: 0.9882 
epoch correct: 3953 epoch wrong: 47 epoch_num_tokens: 4000 
val --- avg_loss: 4.1736, ppl: 1.2172, acc: 0.9529  
epoch correct: 344 epoch wrong: 17 epoch_num_tokens: 361 

epoch: 31 avg_loss: 5.6299, ppl: 1.0669, acc: 0.9875 
epoch correct: 3950 epoch wrong: 50 epoch_num_tokens: 4000 
val --- avg_loss: 4.1075, ppl: 1.2134, acc: 0.9501  
epoch correct: 343 epoch wrong: 18 epoch_num_tokens: 361 
update best loss 

epoch: 32 avg_loss: 5.4747, ppl: 1.0650, acc: 0.9882 
epoch correct: 3953 epoch wrong: 47 epoch_num_tokens: 4000 
val --- avg_loss: 4.1021, ppl: 1.2131, acc: 0.9501  
epoch correct: 343 epoch wrong: 18 epoch_num_tokens: 361 
update best loss 

epoch: 33 avg_loss: 5.3521, ppl: 1.0635, acc: 0.9882 
epoch correct: 3953 epoch wrong: 47 epoch_num_tokens: 4000 
val --- avg_loss: 3.9956, ppl: 1.2070, acc: 0.9529  
epoch correct: 344 epoch wrong: 17 epoch_num_tokens: 361 
update best loss 

epoch: 34 avg_loss: 5.1907, ppl: 1.0615, acc: 0.9888 
epoch correct: 3955 epoch wrong: 45 epoch_num_tokens: 4000 
val --- avg_loss: 3.8310, ppl: 1.1977, acc: 0.9501  
epoch correct: 343 epoch wrong: 18 epoch_num_tokens: 361 
update best loss 

epoch: 35 avg_loss: 5.1168, ppl: 1.0606, acc: 0.9888 
epoch correct: 3955 epoch wrong: 45 epoch_num_tokens: 4000 
val --- avg_loss: 3.9573, ppl: 1.2049, acc: 0.9529  
epoch correct: 344 epoch wrong: 17 epoch_num_tokens: 361 

epoch: 36 avg_loss: 4.9995, ppl: 1.0592, acc: 0.9888 
epoch correct: 3955 epoch wrong: 45 epoch_num_tokens: 4000 
val --- avg_loss: 3.7915, ppl: 1.1955, acc: 0.9529  
epoch correct: 344 epoch wrong: 17 epoch_num_tokens: 361 
update best loss 

epoch: 37 avg_loss: 4.8181, ppl: 1.0570, acc: 0.9892 
epoch correct: 3957 epoch wrong: 43 epoch_num_tokens: 4000 
val --- avg_loss: 3.9516, ppl: 1.2045, acc: 0.9529  
epoch correct: 344 epoch wrong: 17 epoch_num_tokens: 361 

epoch: 38 avg_loss: 4.7841, ppl: 1.0566, acc: 0.9902 
epoch correct: 3961 epoch wrong: 39 epoch_num_tokens: 4000 
val --- avg_loss: 3.6736, ppl: 1.1889, acc: 0.9529  
epoch correct: 344 epoch wrong: 17 epoch_num_tokens: 361 
update best loss 

epoch: 39 avg_loss: 4.6436, ppl: 1.0549, acc: 0.9905 
epoch correct: 3962 epoch wrong: 38 epoch_num_tokens: 4000 
val --- avg_loss: 3.7718, ppl: 1.1944, acc: 0.9529  
epoch correct: 344 epoch wrong: 17 epoch_num_tokens: 361 

epoch: 40 avg_loss: 4.4777, ppl: 1.0528, acc: 0.9900 
epoch correct: 3960 epoch wrong: 40 epoch_num_tokens: 4000 
val --- avg_loss: 3.6741, ppl: 1.1889, acc: 0.9529  
epoch correct: 344 epoch wrong: 17 epoch_num_tokens: 361 

epoch: 41 avg_loss: 4.3953, ppl: 1.0518, acc: 0.9905 
epoch correct: 3962 epoch wrong: 38 epoch_num_tokens: 4000 
val --- avg_loss: 3.6542, ppl: 1.1878, acc: 0.9529  
epoch correct: 344 epoch wrong: 17 epoch_num_tokens: 361 
update best loss 

epoch: 42 avg_loss: 4.3015, ppl: 1.0507, acc: 0.9912 
epoch correct: 3965 epoch wrong: 35 epoch_num_tokens: 4000 
val --- avg_loss: 3.5530, ppl: 1.1821, acc: 0.9529  
epoch correct: 344 epoch wrong: 17 epoch_num_tokens: 361 
update best loss 

epoch: 43 avg_loss: 4.2704, ppl: 1.0503, acc: 0.9908 
epoch correct: 3963 epoch wrong: 37 epoch_num_tokens: 4000 
val --- avg_loss: 3.4871, ppl: 1.1785, acc: 0.9529  
epoch correct: 344 epoch wrong: 17 epoch_num_tokens: 361 
update best loss 

epoch: 44 avg_loss: 4.1306, ppl: 1.0486, acc: 0.9910 
epoch correct: 3964 epoch wrong: 36 epoch_num_tokens: 4000 
val --- avg_loss: 3.6086, ppl: 1.1852, acc: 0.9529  
epoch correct: 344 epoch wrong: 17 epoch_num_tokens: 361 

epoch: 45 avg_loss: 4.0310, ppl: 1.0474, acc: 0.9910 
epoch correct: 3964 epoch wrong: 36 epoch_num_tokens: 4000 
val --- avg_loss: 3.5109, ppl: 1.1798, acc: 0.9529  
epoch correct: 344 epoch wrong: 17 epoch_num_tokens: 361 

epoch: 46 avg_loss: 3.9130, ppl: 1.0460, acc: 0.9912 
epoch correct: 3965 epoch wrong: 35 epoch_num_tokens: 4000 
val --- avg_loss: 3.4311, ppl: 1.1754, acc: 0.9529  
epoch correct: 344 epoch wrong: 17 epoch_num_tokens: 361 
update best loss 

epoch: 47 avg_loss: 3.8590, ppl: 1.0454, acc: 0.9915 
epoch correct: 3966 epoch wrong: 34 epoch_num_tokens: 4000 
val --- avg_loss: 3.4302, ppl: 1.1753, acc: 0.9529  
epoch correct: 344 epoch wrong: 17 epoch_num_tokens: 361 
update best loss 

epoch: 48 avg_loss: 3.7887, ppl: 1.0445, acc: 0.9920 
epoch correct: 3968 epoch wrong: 32 epoch_num_tokens: 4000 
val --- avg_loss: 3.3858, ppl: 1.1729, acc: 0.9529  
epoch correct: 344 epoch wrong: 17 epoch_num_tokens: 361 
update best loss 

epoch: 49 avg_loss: 3.7071, ppl: 1.0436, acc: 0.9918 
epoch correct: 3967 epoch wrong: 33 epoch_num_tokens: 4000 
val --- avg_loss: 3.2406, ppl: 1.1649, acc: 0.9529  
epoch correct: 344 epoch wrong: 17 epoch_num_tokens: 361 
update best loss 
