
number of params: 91072 
Namespace(batchsize=128, beta=0.25, dec_dropout_in=0.0, dec_dropout_out=0.0, dec_nh=64, device='cuda', embedding_dim=64, enc_dropout_in=0.0, enc_dropout_out=0.0, enc_nh=64, epochs=100, fig_path='model/vqvae/results/training/50000_instances/100epochs.png', log_path='model/vqvae/results/training/50000_instances/100epochs.log', logger=<common.utils.Logger object at 0x7fc7184d8390>, lr=0.001, maxtrnsize=50000, maxtstsize=10000, maxvalsize=10000, mname='vqvae', model=VQVAE(
  (encoder): VQVAE_Encoder(
    (embed): Embedding(39, 64)
    (lstm): LSTM(64, 64, batch_first=True)
    (dropout_in): Dropout(p=0.0, inplace=False)
  )
  (vq_layer): VectorQuantizer(
    (embedding): Embedding(10, 64)
  )
  (decoder): VQVAE_Decoder(
    (embed): Embedding(39, 64, padding_idx=0)
    (dropout_in): Dropout(p=0.0, inplace=False)
    (dropout_out): Dropout(p=0.0, inplace=False)
    (lstm): LSTM(128, 64, batch_first=True)
    (pred_linear): Linear(in_features=64, out_features=39, bias=False)
    (loss): CrossEntropyLoss()
  )
), modelname='model/vqvae/results/training/50000_instances/', ni=64, num_embeddings=10, nz=64, opt='Adam', save_path='model/vqvae/results/training/50000_instances/100epochs.pt', seq_to_no_pad='surface', surface_vocab_file='model/vqvae/data/surf.uniquesurfs.trn.txt', task='vqvae', trndata='model/vqvae/data/surf.uniquesurfs.trn.txt', trnsize=50000, tstdata='model/vqvae/data/surf.uniquesurfs.val.txt', tstsize=50000, valdata='model/vqvae/data/surf.uniquesurfs.val.txt', valsize=4000)

encoder.embed.weight, torch.Size([39, 64]): True
encoder.lstm.weight_ih_l0, torch.Size([256, 64]): True
encoder.lstm.weight_hh_l0, torch.Size([256, 64]): True
encoder.lstm.bias_ih_l0, torch.Size([256]): True
encoder.lstm.bias_hh_l0, torch.Size([256]): True
vq_layer.embedding.weight, torch.Size([10, 64]): True
decoder.embed.weight, torch.Size([39, 64]): True
decoder.lstm.weight_ih_l0, torch.Size([256, 128]): True
decoder.lstm.weight_hh_l0, torch.Size([256, 64]): True
decoder.lstm.bias_ih_l0, torch.Size([256]): True
decoder.lstm.bias_hh_l0, torch.Size([256]): True
decoder.pred_linear.weight, torch.Size([39, 64]): True
epoch: 0,  avg_loss: 3.0219, avg_recon_loss: 2.9085, avg_vq_loss: 0.1134, acc: 0.1480
val ---  avg_loss: 2.5952, avg_recon_loss: 2.5528, avg_vq_loss: 0.0424, acc: 0.2118
update best loss 

epoch: 1,  avg_loss: 2.4449, avg_recon_loss: 2.4201, avg_vq_loss: 0.0248, acc: 0.2446
val ---  avg_loss: 2.3851, avg_recon_loss: 2.3502, avg_vq_loss: 0.0349, acc: 0.2720
update best loss 

epoch: 2,  avg_loss: 2.2657, avg_recon_loss: 2.2454, avg_vq_loss: 0.0203, acc: 0.3056
val ---  avg_loss: 2.1858, avg_recon_loss: 2.1648, avg_vq_loss: 0.0210, acc: 0.3506
update best loss 

epoch: 3,  avg_loss: 2.0945, avg_recon_loss: 2.0771, avg_vq_loss: 0.0174, acc: 0.3605
val ---  avg_loss: 2.1115, avg_recon_loss: 2.1001, avg_vq_loss: 0.0114, acc: 0.3612
update best loss 

epoch: 4,  avg_loss: 2.0284, avg_recon_loss: 2.0026, avg_vq_loss: 0.0258, acc: 0.3730
val ---  avg_loss: 2.0851, avg_recon_loss: 2.0265, avg_vq_loss: 0.0586, acc: 0.3755
update best loss 

epoch: 5,  avg_loss: 2.0145, avg_recon_loss: 1.9598, avg_vq_loss: 0.0546, acc: 0.3819
val ---  avg_loss: 2.0257, avg_recon_loss: 1.9721, avg_vq_loss: 0.0536, acc: 0.3884
update best loss 

epoch: 6,  avg_loss: 1.9624, avg_recon_loss: 1.9017, avg_vq_loss: 0.0607, acc: 0.4025
val ---  avg_loss: 2.0312, avg_recon_loss: 1.9490, avg_vq_loss: 0.0823, acc: 0.4007

epoch: 7,  avg_loss: 1.9531, avg_recon_loss: 1.8635, avg_vq_loss: 0.0896, acc: 0.4177
val ---  avg_loss: 2.0074, avg_recon_loss: 1.9000, avg_vq_loss: 0.1074, acc: 0.4207
update best loss 

epoch: 8,  avg_loss: 1.9544, avg_recon_loss: 1.8351, avg_vq_loss: 0.1193, acc: 0.4277
val ---  avg_loss: 2.0380, avg_recon_loss: 1.8936, avg_vq_loss: 0.1445, acc: 0.4177

epoch: 9,  avg_loss: 1.9668, avg_recon_loss: 1.8104, avg_vq_loss: 0.1564, acc: 0.4360
val ---  avg_loss: 2.0331, avg_recon_loss: 1.8537, avg_vq_loss: 0.1794, acc: 0.4319

epoch: 10,  avg_loss: 2.0162, avg_recon_loss: 1.7912, avg_vq_loss: 0.2250, acc: 0.4417
val ---  avg_loss: 2.0947, avg_recon_loss: 1.8518, avg_vq_loss: 0.2428, acc: 0.4353

epoch: 11,  avg_loss: 2.0461, avg_recon_loss: 1.7737, avg_vq_loss: 0.2724, acc: 0.4452
val ---  avg_loss: 2.1046, avg_recon_loss: 1.8373, avg_vq_loss: 0.2673, acc: 0.4346

epoch: 12,  avg_loss: 2.0304, avg_recon_loss: 1.7590, avg_vq_loss: 0.2714, acc: 0.4480
val ---  avg_loss: 2.1054, avg_recon_loss: 1.8204, avg_vq_loss: 0.2850, acc: 0.4367

epoch: 13,  avg_loss: 2.0313, avg_recon_loss: 1.7382, avg_vq_loss: 0.2931, acc: 0.4528
val ---  avg_loss: 2.1268, avg_recon_loss: 1.8225, avg_vq_loss: 0.3042, acc: 0.4448

epoch: 14,  avg_loss: 2.0640, avg_recon_loss: 1.7255, avg_vq_loss: 0.3385, acc: 0.4587
val ---  avg_loss: 2.1531, avg_recon_loss: 1.7919, avg_vq_loss: 0.3612, acc: 0.4502

epoch: 15,  avg_loss: 2.1006, avg_recon_loss: 1.7054, avg_vq_loss: 0.3952, acc: 0.4655
val ---  avg_loss: 2.1965, avg_recon_loss: 1.7730, avg_vq_loss: 0.4236, acc: 0.4541

epoch: 16,  avg_loss: 2.1338, avg_recon_loss: 1.6901, avg_vq_loss: 0.4437, acc: 0.4689
val ---  avg_loss: 2.2063, avg_recon_loss: 1.7522, avg_vq_loss: 0.4541, acc: 0.4609

epoch: 17,  avg_loss: 2.1615, avg_recon_loss: 1.6778, avg_vq_loss: 0.4837, acc: 0.4724
val ---  avg_loss: 2.2468, avg_recon_loss: 1.7516, avg_vq_loss: 0.4952, acc: 0.4598

epoch: 18,  avg_loss: 2.1860, avg_recon_loss: 1.6681, avg_vq_loss: 0.5179, acc: 0.4743
val ---  avg_loss: 2.2885, avg_recon_loss: 1.7453, avg_vq_loss: 0.5431, acc: 0.4640

epoch: 19,  avg_loss: 2.2059, avg_recon_loss: 1.6625, avg_vq_loss: 0.5434, acc: 0.4754
val ---  avg_loss: 2.2665, avg_recon_loss: 1.7335, avg_vq_loss: 0.5330, acc: 0.4635

epoch: 20,  avg_loss: 2.2133, avg_recon_loss: 1.6511, avg_vq_loss: 0.5622, acc: 0.4785
val ---  avg_loss: 2.3031, avg_recon_loss: 1.7235, avg_vq_loss: 0.5796, acc: 0.4669

epoch: 21,  avg_loss: 2.2284, avg_recon_loss: 1.6417, avg_vq_loss: 0.5867, acc: 0.4820
val ---  avg_loss: 2.3215, avg_recon_loss: 1.7260, avg_vq_loss: 0.5955, acc: 0.4678

epoch: 22,  avg_loss: 2.2403, avg_recon_loss: 1.6338, avg_vq_loss: 0.6065, acc: 0.4850
val ---  avg_loss: 2.3289, avg_recon_loss: 1.7292, avg_vq_loss: 0.5998, acc: 0.4615

epoch: 23,  avg_loss: 2.2479, avg_recon_loss: 1.6270, avg_vq_loss: 0.6209, acc: 0.4885
val ---  avg_loss: 2.3409, avg_recon_loss: 1.7095, avg_vq_loss: 0.6314, acc: 0.4799

epoch: 24,  avg_loss: 2.2516, avg_recon_loss: 1.6165, avg_vq_loss: 0.6351, acc: 0.4931
val ---  avg_loss: 2.3417, avg_recon_loss: 1.6962, avg_vq_loss: 0.6456, acc: 0.4761

epoch: 25,  avg_loss: 2.2566, avg_recon_loss: 1.6075, avg_vq_loss: 0.6491, acc: 0.4950
val ---  avg_loss: 2.3488, avg_recon_loss: 1.6868, avg_vq_loss: 0.6620, acc: 0.4798

epoch: 26,  avg_loss: 2.2633, avg_recon_loss: 1.6028, avg_vq_loss: 0.6606, acc: 0.4954
val ---  avg_loss: 2.3602, avg_recon_loss: 1.6920, avg_vq_loss: 0.6682, acc: 0.4823

epoch: 27,  avg_loss: 2.2624, avg_recon_loss: 1.5985, avg_vq_loss: 0.6639, acc: 0.4958
val ---  avg_loss: 2.3553, avg_recon_loss: 1.6888, avg_vq_loss: 0.6666, acc: 0.4784

epoch: 28,  avg_loss: 2.2698, avg_recon_loss: 1.5969, avg_vq_loss: 0.6729, acc: 0.4970
val ---  avg_loss: 2.3544, avg_recon_loss: 1.6738, avg_vq_loss: 0.6806, acc: 0.4833

epoch: 29,  avg_loss: 2.2719, avg_recon_loss: 1.5865, avg_vq_loss: 0.6854, acc: 0.5003
val ---  avg_loss: 2.3576, avg_recon_loss: 1.6634, avg_vq_loss: 0.6942, acc: 0.4836

epoch: 30,  avg_loss: 2.2764, avg_recon_loss: 1.5812, avg_vq_loss: 0.6952, acc: 0.5001
val ---  avg_loss: 2.3889, avg_recon_loss: 1.6663, avg_vq_loss: 0.7226, acc: 0.4843

epoch: 31,  avg_loss: 2.2835, avg_recon_loss: 1.5791, avg_vq_loss: 0.7044, acc: 0.5017
val ---  avg_loss: 2.3616, avg_recon_loss: 1.6585, avg_vq_loss: 0.7030, acc: 0.4828

epoch: 32,  avg_loss: 2.2861, avg_recon_loss: 1.5732, avg_vq_loss: 0.7130, acc: 0.5037
val ---  avg_loss: 2.3929, avg_recon_loss: 1.6591, avg_vq_loss: 0.7338, acc: 0.4905

epoch: 33,  avg_loss: 2.2893, avg_recon_loss: 1.5687, avg_vq_loss: 0.7205, acc: 0.5051
val ---  avg_loss: 2.3641, avg_recon_loss: 1.6474, avg_vq_loss: 0.7167, acc: 0.4894

epoch: 34,  avg_loss: 2.2985, avg_recon_loss: 1.5696, avg_vq_loss: 0.7289, acc: 0.5024
val ---  avg_loss: 2.3971, avg_recon_loss: 1.6492, avg_vq_loss: 0.7479, acc: 0.4840

epoch: 35,  avg_loss: 2.2970, avg_recon_loss: 1.5632, avg_vq_loss: 0.7338, acc: 0.5041
val ---  avg_loss: 2.4126, avg_recon_loss: 1.6567, avg_vq_loss: 0.7560, acc: 0.4903

epoch: 36,  avg_loss: 2.2942, avg_recon_loss: 1.5609, avg_vq_loss: 0.7333, acc: 0.5063
val ---  avg_loss: 2.4033, avg_recon_loss: 1.6467, avg_vq_loss: 0.7566, acc: 0.4940

epoch: 37,  avg_loss: 2.2993, avg_recon_loss: 1.5571, avg_vq_loss: 0.7423, acc: 0.5069
val ---  avg_loss: 2.4061, avg_recon_loss: 1.6457, avg_vq_loss: 0.7605, acc: 0.4926

epoch: 38,  avg_loss: 2.3051, avg_recon_loss: 1.5543, avg_vq_loss: 0.7507, acc: 0.5086
val ---  avg_loss: 2.4165, avg_recon_loss: 1.6508, avg_vq_loss: 0.7657, acc: 0.4837

epoch: 39,  avg_loss: 2.3086, avg_recon_loss: 1.5471, avg_vq_loss: 0.7615, acc: 0.5099
val ---  avg_loss: 2.4178, avg_recon_loss: 1.6319, avg_vq_loss: 0.7859, acc: 0.4935

epoch: 40,  avg_loss: 2.3128, avg_recon_loss: 1.5424, avg_vq_loss: 0.7704, acc: 0.5127
val ---  avg_loss: 2.4198, avg_recon_loss: 1.6412, avg_vq_loss: 0.7786, acc: 0.4847

epoch: 41,  avg_loss: 2.3127, avg_recon_loss: 1.5384, avg_vq_loss: 0.7743, acc: 0.5132
val ---  avg_loss: 2.4192, avg_recon_loss: 1.6265, avg_vq_loss: 0.7927, acc: 0.4955

epoch: 42,  avg_loss: 2.3153, avg_recon_loss: 1.5330, avg_vq_loss: 0.7823, acc: 0.5150
val ---  avg_loss: 2.4128, avg_recon_loss: 1.6232, avg_vq_loss: 0.7896, acc: 0.4920

epoch: 43,  avg_loss: 2.3193, avg_recon_loss: 1.5350, avg_vq_loss: 0.7844, acc: 0.5123
val ---  avg_loss: 2.4160, avg_recon_loss: 1.6184, avg_vq_loss: 0.7976, acc: 0.4982

epoch: 44,  avg_loss: 2.3198, avg_recon_loss: 1.5307, avg_vq_loss: 0.7891, acc: 0.5122
val ---  avg_loss: 2.4142, avg_recon_loss: 1.6094, avg_vq_loss: 0.8048, acc: 0.4948

epoch: 45,  avg_loss: 2.3095, avg_recon_loss: 1.5238, avg_vq_loss: 0.7857, acc: 0.5174
val ---  avg_loss: 2.4148, avg_recon_loss: 1.6209, avg_vq_loss: 0.7939, acc: 0.5024

epoch: 46,  avg_loss: 2.2998, avg_recon_loss: 1.5186, avg_vq_loss: 0.7813, acc: 0.5193
val ---  avg_loss: 2.4141, avg_recon_loss: 1.6245, avg_vq_loss: 0.7896, acc: 0.4973

epoch: 47,  avg_loss: 2.3083, avg_recon_loss: 1.5218, avg_vq_loss: 0.7866, acc: 0.5181
val ---  avg_loss: 2.4280, avg_recon_loss: 1.6297, avg_vq_loss: 0.7984, acc: 0.4976

epoch: 48,  avg_loss: 2.3107, avg_recon_loss: 1.5215, avg_vq_loss: 0.7892, acc: 0.5165
val ---  avg_loss: 2.4400, avg_recon_loss: 1.6385, avg_vq_loss: 0.8015, acc: 0.4962

epoch: 49,  avg_loss: 2.3205, avg_recon_loss: 1.5215, avg_vq_loss: 0.7990, acc: 0.5163
val ---  avg_loss: 2.4413, avg_recon_loss: 1.6361, avg_vq_loss: 0.8052, acc: 0.4930

epoch: 50,  avg_loss: 2.3171, avg_recon_loss: 1.5179, avg_vq_loss: 0.7992, acc: 0.5154
val ---  avg_loss: 2.4594, avg_recon_loss: 1.6428, avg_vq_loss: 0.8166, acc: 0.4958

epoch: 51,  avg_loss: 2.3132, avg_recon_loss: 1.5130, avg_vq_loss: 0.8002, acc: 0.5161
val ---  avg_loss: 2.4729, avg_recon_loss: 1.6518, avg_vq_loss: 0.8211, acc: 0.4893

epoch: 52,  avg_loss: 2.3116, avg_recon_loss: 1.5092, avg_vq_loss: 0.8024, acc: 0.5162
val ---  avg_loss: 2.4497, avg_recon_loss: 1.6311, avg_vq_loss: 0.8186, acc: 0.5002

epoch: 53,  avg_loss: 2.3083, avg_recon_loss: 1.5032, avg_vq_loss: 0.8051, acc: 0.5199
val ---  avg_loss: 2.4502, avg_recon_loss: 1.6263, avg_vq_loss: 0.8239, acc: 0.5024

epoch: 54,  avg_loss: 2.3134, avg_recon_loss: 1.5021, avg_vq_loss: 0.8112, acc: 0.5214
val ---  avg_loss: 2.4336, avg_recon_loss: 1.6029, avg_vq_loss: 0.8307, acc: 0.5033

epoch: 55,  avg_loss: 2.3116, avg_recon_loss: 1.4949, avg_vq_loss: 0.8167, acc: 0.5235
val ---  avg_loss: 2.4347, avg_recon_loss: 1.6056, avg_vq_loss: 0.8292, acc: 0.4991

epoch: 56,  avg_loss: 2.3084, avg_recon_loss: 1.4950, avg_vq_loss: 0.8135, acc: 0.5243
val ---  avg_loss: 2.4246, avg_recon_loss: 1.6056, avg_vq_loss: 0.8189, acc: 0.5046

epoch: 57,  avg_loss: 2.2967, avg_recon_loss: 1.4888, avg_vq_loss: 0.8078, acc: 0.5275
val ---  avg_loss: 2.4133, avg_recon_loss: 1.6013, avg_vq_loss: 0.8120, acc: 0.5083

epoch: 58,  avg_loss: 2.2963, avg_recon_loss: 1.4887, avg_vq_loss: 0.8077, acc: 0.5281
val ---  avg_loss: 2.4250, avg_recon_loss: 1.6023, avg_vq_loss: 0.8227, acc: 0.5008

epoch: 59,  avg_loss: 2.3049, avg_recon_loss: 1.4918, avg_vq_loss: 0.8131, acc: 0.5249
val ---  avg_loss: 2.4178, avg_recon_loss: 1.6033, avg_vq_loss: 0.8145, acc: 0.4982

epoch: 60,  avg_loss: 2.2948, avg_recon_loss: 1.4866, avg_vq_loss: 0.8082, acc: 0.5253
val ---  avg_loss: 2.4235, avg_recon_loss: 1.6043, avg_vq_loss: 0.8192, acc: 0.5066

epoch: 61,  avg_loss: 2.2933, avg_recon_loss: 1.4859, avg_vq_loss: 0.8073, acc: 0.5266
val ---  avg_loss: 2.4114, avg_recon_loss: 1.5955, avg_vq_loss: 0.8159, acc: 0.5075

epoch: 62,  avg_loss: 2.2937, avg_recon_loss: 1.4894, avg_vq_loss: 0.8043, acc: 0.5294
val ---  avg_loss: 2.4375, avg_recon_loss: 1.6219, avg_vq_loss: 0.8156, acc: 0.4953

epoch: 63,  avg_loss: 2.2886, avg_recon_loss: 1.4857, avg_vq_loss: 0.8029, acc: 0.5301
val ---  avg_loss: 2.4128, avg_recon_loss: 1.6032, avg_vq_loss: 0.8096, acc: 0.5025

epoch: 64,  avg_loss: 2.2863, avg_recon_loss: 1.4794, avg_vq_loss: 0.8069, acc: 0.5296
val ---  avg_loss: 2.4059, avg_recon_loss: 1.5888, avg_vq_loss: 0.8171, acc: 0.5127

epoch: 65,  avg_loss: 2.2834, avg_recon_loss: 1.4758, avg_vq_loss: 0.8075, acc: 0.5297
val ---  avg_loss: 2.4044, avg_recon_loss: 1.5865, avg_vq_loss: 0.8180, acc: 0.5151

epoch: 66,  avg_loss: 2.2900, avg_recon_loss: 1.4803, avg_vq_loss: 0.8096, acc: 0.5293
val ---  avg_loss: 2.3919, avg_recon_loss: 1.5827, avg_vq_loss: 0.8092, acc: 0.5034

epoch: 67,  avg_loss: 2.2863, avg_recon_loss: 1.4741, avg_vq_loss: 0.8122, acc: 0.5295
val ---  avg_loss: 2.4110, avg_recon_loss: 1.5955, avg_vq_loss: 0.8155, acc: 0.5037

epoch: 68,  avg_loss: 2.2828, avg_recon_loss: 1.4745, avg_vq_loss: 0.8083, acc: 0.5320
val ---  avg_loss: 2.4061, avg_recon_loss: 1.5854, avg_vq_loss: 0.8207, acc: 0.5083

epoch: 69,  avg_loss: 2.2844, avg_recon_loss: 1.4735, avg_vq_loss: 0.8108, acc: 0.5334
val ---  avg_loss: 2.4059, avg_recon_loss: 1.5867, avg_vq_loss: 0.8192, acc: 0.5106

epoch: 70,  avg_loss: 2.2795, avg_recon_loss: 1.4666, avg_vq_loss: 0.8129, acc: 0.5340
val ---  avg_loss: 2.3920, avg_recon_loss: 1.5804, avg_vq_loss: 0.8115, acc: 0.5153

epoch: 71,  avg_loss: 2.2653, avg_recon_loss: 1.4620, avg_vq_loss: 0.8034, acc: 0.5362
val ---  avg_loss: 2.3805, avg_recon_loss: 1.5751, avg_vq_loss: 0.8054, acc: 0.5133

epoch: 72,  avg_loss: 2.2689, avg_recon_loss: 1.4581, avg_vq_loss: 0.8109, acc: 0.5358
val ---  avg_loss: 2.3791, avg_recon_loss: 1.5635, avg_vq_loss: 0.8156, acc: 0.5202

epoch: 73,  avg_loss: 2.2792, avg_recon_loss: 1.4625, avg_vq_loss: 0.8166, acc: 0.5347
val ---  avg_loss: 2.4254, avg_recon_loss: 1.5979, avg_vq_loss: 0.8275, acc: 0.5113

epoch: 74,  avg_loss: 2.2785, avg_recon_loss: 1.4630, avg_vq_loss: 0.8155, acc: 0.5331
val ---  avg_loss: 2.3912, avg_recon_loss: 1.5715, avg_vq_loss: 0.8197, acc: 0.5119

epoch: 75,  avg_loss: 2.2738, avg_recon_loss: 1.4602, avg_vq_loss: 0.8137, acc: 0.5332
val ---  avg_loss: 2.4082, avg_recon_loss: 1.5834, avg_vq_loss: 0.8248, acc: 0.5090

epoch: 76,  avg_loss: 2.2660, avg_recon_loss: 1.4532, avg_vq_loss: 0.8129, acc: 0.5332
val ---  avg_loss: 2.3734, avg_recon_loss: 1.5547, avg_vq_loss: 0.8187, acc: 0.5148

epoch: 77,  avg_loss: 2.2542, avg_recon_loss: 1.4450, avg_vq_loss: 0.8092, acc: 0.5367
val ---  avg_loss: 2.3808, avg_recon_loss: 1.5657, avg_vq_loss: 0.8151, acc: 0.5194

epoch: 78,  avg_loss: 2.2629, avg_recon_loss: 1.4497, avg_vq_loss: 0.8132, acc: 0.5387
val ---  avg_loss: 2.3983, avg_recon_loss: 1.5682, avg_vq_loss: 0.8301, acc: 0.5206

epoch: 79,  avg_loss: 2.2666, avg_recon_loss: 1.4526, avg_vq_loss: 0.8141, acc: 0.5381
val ---  avg_loss: 2.3699, avg_recon_loss: 1.5647, avg_vq_loss: 0.8052, acc: 0.5168

epoch: 80,  avg_loss: 2.2589, avg_recon_loss: 1.4498, avg_vq_loss: 0.8091, acc: 0.5369
val ---  avg_loss: 2.3980, avg_recon_loss: 1.5712, avg_vq_loss: 0.8268, acc: 0.5170

epoch: 81,  avg_loss: 2.2672, avg_recon_loss: 1.4504, avg_vq_loss: 0.8167, acc: 0.5365
val ---  avg_loss: 2.3970, avg_recon_loss: 1.5739, avg_vq_loss: 0.8231, acc: 0.5177

epoch: 82,  avg_loss: 2.2791, avg_recon_loss: 1.4510, avg_vq_loss: 0.8281, acc: 0.5378
val ---  avg_loss: 2.4156, avg_recon_loss: 1.5723, avg_vq_loss: 0.8433, acc: 0.5186

epoch: 83,  avg_loss: 2.2904, avg_recon_loss: 1.4496, avg_vq_loss: 0.8408, acc: 0.5360
val ---  avg_loss: 2.4135, avg_recon_loss: 1.5693, avg_vq_loss: 0.8442, acc: 0.5162

epoch: 84,  avg_loss: 2.2850, avg_recon_loss: 1.4515, avg_vq_loss: 0.8335, acc: 0.5344
val ---  avg_loss: 2.4087, avg_recon_loss: 1.5716, avg_vq_loss: 0.8372, acc: 0.5173

epoch: 85,  avg_loss: 2.3026, avg_recon_loss: 1.4580, avg_vq_loss: 0.8445, acc: 0.5322
val ---  avg_loss: 2.4484, avg_recon_loss: 1.5856, avg_vq_loss: 0.8628, acc: 0.5127

epoch: 86,  avg_loss: 2.3027, avg_recon_loss: 1.4569, avg_vq_loss: 0.8458, acc: 0.5333
val ---  avg_loss: 2.4423, avg_recon_loss: 1.5905, avg_vq_loss: 0.8517, acc: 0.5189

epoch: 87,  avg_loss: 2.2932, avg_recon_loss: 1.4524, avg_vq_loss: 0.8407, acc: 0.5352
val ---  avg_loss: 2.4426, avg_recon_loss: 1.5966, avg_vq_loss: 0.8459, acc: 0.5144

epoch: 88,  avg_loss: 2.2888, avg_recon_loss: 1.4411, avg_vq_loss: 0.8477, acc: 0.5377
val ---  avg_loss: 2.4228, avg_recon_loss: 1.5658, avg_vq_loss: 0.8571, acc: 0.5138

epoch: 89,  avg_loss: 2.2948, avg_recon_loss: 1.4359, avg_vq_loss: 0.8589, acc: 0.5375
val ---  avg_loss: 2.4486, avg_recon_loss: 1.5822, avg_vq_loss: 0.8664, acc: 0.5061

epoch: 90,  avg_loss: 2.3187, avg_recon_loss: 1.4443, avg_vq_loss: 0.8744, acc: 0.5372
val ---  avg_loss: 2.4687, avg_recon_loss: 1.5784, avg_vq_loss: 0.8903, acc: 0.5186

epoch: 91,  avg_loss: 2.3108, avg_recon_loss: 1.4440, avg_vq_loss: 0.8668, acc: 0.5390
val ---  avg_loss: 2.4320, avg_recon_loss: 1.5626, avg_vq_loss: 0.8694, acc: 0.5146

epoch: 92,  avg_loss: 2.2825, avg_recon_loss: 1.4383, avg_vq_loss: 0.8442, acc: 0.5415
val ---  avg_loss: 2.4017, avg_recon_loss: 1.5601, avg_vq_loss: 0.8416, acc: 0.5206

epoch: 93,  avg_loss: 2.2568, avg_recon_loss: 1.4312, avg_vq_loss: 0.8256, acc: 0.5441
val ---  avg_loss: 2.4028, avg_recon_loss: 1.5527, avg_vq_loss: 0.8501, acc: 0.5263

epoch: 94,  avg_loss: 2.2525, avg_recon_loss: 1.4285, avg_vq_loss: 0.8240, acc: 0.5465
val ---  avg_loss: 2.3875, avg_recon_loss: 1.5501, avg_vq_loss: 0.8374, acc: 0.5265

epoch: 95,  avg_loss: 2.2558, avg_recon_loss: 1.4259, avg_vq_loss: 0.8299, acc: 0.5460
val ---  avg_loss: 2.3984, avg_recon_loss: 1.5533, avg_vq_loss: 0.8451, acc: 0.5173

epoch: 96,  avg_loss: 2.2672, avg_recon_loss: 1.4242, avg_vq_loss: 0.8430, acc: 0.5457
val ---  avg_loss: 2.4126, avg_recon_loss: 1.5537, avg_vq_loss: 0.8588, acc: 0.5198

epoch: 97,  avg_loss: 2.2792, avg_recon_loss: 1.4251, avg_vq_loss: 0.8541, acc: 0.5447
val ---  avg_loss: 2.4228, avg_recon_loss: 1.5541, avg_vq_loss: 0.8687, acc: 0.5196

epoch: 98,  avg_loss: 2.2756, avg_recon_loss: 1.4270, avg_vq_loss: 0.8486, acc: 0.5411
val ---  avg_loss: 2.4108, avg_recon_loss: 1.5569, avg_vq_loss: 0.8540, acc: 0.5167

epoch: 99,  avg_loss: 2.2633, avg_recon_loss: 1.4203, avg_vq_loss: 0.8430, acc: 0.5410
val ---  avg_loss: 2.4125, avg_recon_loss: 1.5477, avg_vq_loss: 0.8648, acc: 0.5169
